0 3 3 1 1
0 5 5 1 1
0 4 4 1 1
0 7 0 1 1
0 2 2 1 1
0 1 1 1 1
0 2 1 1 1
0 3 1 1 1
0 4 1 1 1
0 5 1 1 1
0 6 1 1 1
0 1 1 1 1
0 5 4 1 1
0 2 0 1 1
0 4 5 1 1
0 1 1 1 1
0 6 3 1 1
0 7 4 1 1
0 6 2 1 1
0 1 4 1 1
0 5 1 1 1
0 4 0 1 1
0 2 5 1 1
0 3 7 1 1
0 5 9 1 1
0 4 8 1 1
0 7 4 1 1
0 2 6 1 1
0 1 5 1 1
0 2 5 1 1
0 3 5 1 1
0 4 5 1 1
0 5 5 1 1
0 6 5 1 1
0 1 5 1 1
0 5 8 1 1
0 2 4 1 1
0 4 9 1 1
0 1 5 1 1
0 6 7 1 1
0 7 8 1 1
0 6 6 1 1
0 1 8 1 1
0 5 5 1 1
0 4 4 1 1
0 2 9 1 1
0 3 11 1 1
0 5 13 1 1
0 4 12 1 1
0 7 8 1 1
0 2 10 1 1
0 1 9 1 1
0 2 9 1 1
0 3 9 1 1
0 4 9 1 1
0 5 9 1 1
0 6 9 1 1
0 1 9 1 1
0 5 12 1 1
0 2 8 1 1
0 4 13 1 1
0 1 9 1 1
0 6 11 1 1
0 7 12 1 1
0 6 10 1 1
0 1 12 1 1
0 5 9 1 1
0 4 8 1 1
0 2 13 1 1
0 3 15 1 1
0 5 17 1 1
0 4 16 1 1
0 7 12 1 1
0 2 14 1 1
0 1 13 1 1
0 2 13 1 1
0 3 13 1 1
0 4 13 1 1
0 5 13 1 1
0 6 13 1 1
0 1 13 1 1
0 5 16 1 1
0 2 12 1 1
0 4 17 1 1
0 1 13 1 1
0 6 15 1 1
0 7 16 1 1
0 6 14 1 1
0 1 16 1 1
0 5 13 1 1
0 4 12 1 1
0 2 17 1 1
0 3 19 1 1
0 5 21 1 1
0 4 20 1 1
0 7 16 1 1
0 2 18 1 1
0 1 17 1 1
0 2 17 1 1
0 3 17 1 1
0 4 17 1 1
0 5 17 1 1
0 6 17 1 1
0 1 17 1 1
0 5 20 1 1
0 2 16 1 1
0 4 21 1 1
0 1 17 1 1
0 6 19 1 1
0 7 20 1 1
0 6 18 1 1
0 1 20 1 1
0 5 17 1 1
0 4 16 1 1
0 2 21 1 1
0 3 23 1 1
0 5 25 1 1
0 4 24 1 1
0 7 20 1 1
0 2 22 1 1
0 1 21 1 1
0 2 21 1 1
0 3 21 1 1
0 4 21 1 1
0 5 21 1 1
0 6 21 1 1
0 1 21 1 1
0 5 24 1 1
0 2 20 1 1
0 4 25 1 1
0 1 21 1 1
0 6 23 1 1
0 7 24 1 1
0 6 22 1 1
0 1 24 1 1
0 5 21 1 1
0 4 20 1 1
0 2 25 1 1
0 3 27 1 1
0 5 29 1 1
0 4 28 1 1
0 7 24 1 1
0 2 26 1 1
0 1 25 1 1
0 2 25 1 1
0 3 25 1 1
0 4 25 1 1
0 5 25 1 1
0 6 25 1 1
0 1 25 1 1
0 5 28 1 1
0 2 24 1 1
0 4 29 1 1
0 1 25 1 1
0 6 27 1 1
0 7 28 1 1
0 6 26 1 1
0 1 28 1 1
0 5 25 1 1
0 4 24 1 1
0 2 29 1 1
0 3 31 1 1
0 5 33 1 1
0 4 32 1 1
0 7 28 1 1
0 2 30 1 1
0 1 29 1 1
0 2 29 1 1
0 3 29 1 1
0 4 29 1 1
0 5 29 1 1
0 6 29 1 1
0 1 29 1 1
0 5 32 1 1
0 2 28 1 1
0 4 33 1 1
0 1 29 1 1
0 6 31 1 1
0 7 32 1 1
0 6 30 1 1
0 1 32 1 1
0 5 29 1 1
0 4 28 1 1
0 2 33 1 1
0 3 35 1 1
0 5 37 1 1
0 4 36 1 1
0 7 32 1 1
0 2 34 1 1
0 1 33 1 1
0 2 33 1 1
0 3 33 1 1
0 4 33 1 1
0 5 33 1 1
0 6 33 1 1
0 1 33 1 1
0 5 36 1 1
0 2 32 1 1
0 4 37 1 1
0 1 33 1 1
0 6 35 1 1
0 7 36 1 1
0 6 34 1 1
0 1 36 1 1
0 5 33 1 1
0 4 32 1 1
0 2 37 1 1
0 3 39 1 1
0 5 41 1 1
0 4 40 1 1
0 7 36 1 1
0 2 38 1 1
0 1 37 1 1
0 2 37 1 1
0 3 37 1 1
0 4 37 1 1
0 5 37 1 1
0 6 37 1 1
0 1 37 1 1
0 5 40 1 1
0 2 36 1 1
0 4 41 1 1
0 1 37 1 1
0 6 39 1 1
0 7 40 1 1
0 6 38 1 1
0 1 40 1 1
0 5 37 1 1
0 4 36 1 1
0 2 41 1 1
0 3 43 1 1
0 5 45 1 1
0 4 44 1 1
0 7 40 1 1
0 2 42 1 1
0 1 41 1 1
0 2 41 1 1
0 3 41 1 1
0 4 41 1 1
0 5 41 1 1
0 6 41 1 1
0 1 41 1 1
0 5 44 1 1
0 2 40 1 1
0 4 45 1 1
0 1 41 1 1
0 6 43 1 1
0 7 44 1 1
0 6 42 1 1
0 1 44 1 1
0 5 41 1 1
0 4 40 1 1
0 2 45 1 1
0 3 47 1 1
0 5 49 1 1
0 4 48 1 1
0 7 44 1 1
0 2 46 1 1
0 1 45 1 1
0 2 45 1 1
0 3 45 1 1
0 4 45 1 1
0 5 45 1 1
0 6 45 1 1
0 1 45 1 1
0 5 48 1 1
0 2 44 1 1
0 4 49 1 1
0 1 45 1 1
0 6 47 1 1
0 7 48 1 1
0 6 46 1 1
0 1 48 1 1
0 5 45 1 1
0 4 44 1 1
0 2 49 1 1
0 3 51 1 1
0 5 53 1 1
0 4 52 1 1
0 7 48 1 1
0 2 50 1 1
0 1 49 1 1
0 2 49 1 1
0 3 49 1 1
0 4 49 1 1
0 5 49 1 1
0 6 49 1 1
0 1 49 1 1
0 5 52 1 1
0 2 48 1 1
0 4 53 1 1
0 1 49 1 1
0 6 51 1 1
0 7 52 1 1
0 6 50 1 1
0 1 52 1 1
0 5 49 1 1
0 4 48 1 1
0 2 53 1 1
0 3 55 1 1
0 5 57 1 1
0 4 56 1 1
0 7 52 1 1
0 2 54 1 1
0 1 53 1 1
0 2 53 1 1
0 3 53 1 1
0 4 53 1 1
0 5 53 1 1
0 6 53 1 1
0 1 53 1 1
0 5 56 1 1
0 2 52 1 1
0 4 57 1 1
0 1 53 1 1
0 6 55 1 1
0 7 56 1 1
0 6 54 1 1
0 1 56 1 1
0 5 53 1 1
0 4 52 1 1
0 2 57 1 1
0 3 59 1 1
0 5 61 1 1
0 4 60 1 1
0 7 56 1 1
0 2 58 1 1
0 1 57 1 1
0 2 57 1 1
0 3 57 1 1
0 4 57 1 1
0 5 57 1 1
0 6 57 1 1
0 1 57 1 1
0 5 60 1 1
0 2 56 1 1
0 4 61 1 1
0 1 57 1 1
0 6 59 1 1
0 7 60 1 1
0 6 58 1 1
0 1 60 1 1
0 5 57 1 1
0 4 56 1 1
0 2 61 1 1
0 3 63 1 1
0 5 65 1 1
0 4 64 1 1
0 7 60 1 1
0 2 62 1 1
0 1 61 1 1
0 2 61 1 1
0 3 61 1 1
0 4 61 1 1
0 5 61 1 1
0 6 61 1 1
0 1 61 1 1
0 5 64 1 1
0 2 60 1 1
0 4 65 1 1
0 1 61 1 1
0 6 63 1 1
0 7 64 1 1
0 6 62 1 1
0 1 64 1 1
0 5 61 1 1
0 4 60 1 1
0 2 65 1 1
0 3 67 1 1
0 5 69 1 1
0 4 68 1 1
0 7 64 1 1
0 2 66 1 1
0 1 65 1 1
0 2 65 1 1
0 3 65 1 1
0 4 65 1 1
0 5 65 1 1
0 6 65 1 1
0 1 65 1 1
0 5 68 1 1
0 2 64 1 1
0 4 69 1 1
0 1 65 1 1
0 6 67 1 1
0 7 68 1 1
0 6 66 1 1
0 1 68 1 1
0 5 65 1 1
0 4 64 1 1
0 2 69 1 1
0 3 71 1 1
0 5 73 1 1
0 4 72 1 1
0 7 68 1 1
0 2 70 1 1
0 1 69 1 1
0 2 69 1 1
0 3 69 1 1
0 4 69 1 1
0 5 69 1 1
0 6 69 1 1
0 1 69 1 1
0 5 72 1 1
0 2 68 1 1
0 4 73 1 1
0 1 69 1 1
0 6 71 1 1
0 7 72 1 1
0 6 70 1 1
0 1 72 1 1
0 5 69 1 1
0 4 68 1 1
0 2 73 1 1
0 3 75 1 1
0 5 77 1 1
0 4 76 1 1
0 7 72 1 1
0 2 74 1 1
0 1 73 1 1
0 2 73 1 1
0 3 73 1 1
0 4 73 1 1
0 5 73 1 1
0 6 73 1 1
0 1 73 1 1
0 5 76 1 1
0 2 72 1 1
0 4 77 1 1
0 1 73 1 1
0 6 75 1 1
0 7 76 1 1
0 6 74 1 1
0 1 76 1 1
0 5 73 1 1
0 4 72 1 1
0 2 77 1 1
0 3 79 1 1
0 5 81 1 1
0 4 80 1 1
0 7 76 1 1
0 2 78 1 1
0 1 77 1 1
0 2 77 1 1
0 3 77 1 1
0 4 77 1 1
0 5 77 1 1
0 6 77 1 1
0 1 77 1 1
0 5 80 1 1
0 2 76 1 1
0 4 81 1 1
0 1 77 1 1
0 6 79 1 1
0 7 80 1 1
0 6 78 1 1
0 1 80 1 1
0 5 77 1 1
0 4 76 1 1
0 2 81 1 1
0 3 83 1 1
0 5 85 1 1
0 4 84 1 1
0 7 80 1 1
0 2 82 1 1
0 1 81 1 1
0 2 81 1 1
0 3 81 1 1
0 4 81 1 1
0 5 81 1 1
0 6 81 1 1
0 1 81 1 1
0 5 84 1 1
0 2 80 1 1
0 4 85 1 1
0 1 81 1 1
0 6 83 1 1
0 7 84 1 1
0 6 82 1 1
0 1 84 1 1
0 5 81 1 1
0 4 80 1 1
0 2 85 1 1
0 3 87 1 1
0 5 89 1 1
0 4 88 1 1
0 7 84 1 1
0 2 86 1 1
0 1 85 1 1
0 2 85 1 1
0 3 85 1 1
0 4 85 1 1
0 5 85 1 1
0 6 85 1 1
0 1 85 1 1
0 5 88 1 1
0 2 84 1 1
0 4 89 1 1
0 1 85 1 1
0 6 87 1 1
0 7 88 1 1
0 6 86 1 1
0 1 88 1 1
0 5 85 1 1
0 4 84 1 1
0 2 89 1 1
0 3 91 1 1
0 5 93 1 1
0 4 92 1 1
0 7 88 1 1
0 2 90 1 1
0 1 89 1 1
0 2 89 1 1
0 3 89 1 1
0 4 89 1 1
0 5 89 1 1
0 6 89 1 1
0 1 89 1 1
0 5 92 1 1
0 2 88 1 1
0 4 93 1 1
0 1 89 1 1
0 6 91 1 1
0 7 92 1 1
0 6 90 1 1
0 1 92 1 1
0 5 89 1 1
0 4 88 1 1
0 2 93 1 1
0 3 95 1 1
0 5 97 1 1
0 4 96 1 1
0 7 92 1 1
0 2 94 1 1
0 1 93 1 1
0 2 93 1 1
0 3 93 1 1
0 4 93 1 1
0 5 93 1 1
0 6 93 1 1
0 1 93 1 1
0 5 96 1 1
0 2 92 1 1
0 4 97 1 1
0 1 93 1 1
0 6 95 1 1
0 7 96 1 1
0 6 94 1 1
0 1 96 1 1
0 5 93 1 1
0 4 92 1 1
0 2 97 1 1
0 3 99 1 1
0 5 101 1 1
0 4 100 1 1
0 7 96 1 1
0 2 98 1 1
0 1 97 1 1
0 2 97 1 1
0 3 97 1 1
0 4 97 1 1
0 5 97 1 1
0 6 97 1 1
0 1 97 1 1
0 5 100 1 1
0 2 96 1 1
0 4 101 1 1
0 1 97 1 1
0 6 99 1 1
0 7 100 1 1
0 6 98 1 1
0 1 100 1 1
0 5 97 1 1
0 4 96 1 1
0 2 101 1 1
0 3 103 1 1
0 5 105 1 1
0 4 104 1 1
0 7 100 1 1
0 2 102 1 1
0 1 101 1 1
0 2 101 1 1
0 3 101 1 1
0 4 101 1 1
0 5 101 1 1
0 6 101 1 1
0 1 101 1 1
0 5 104 1 1
0 2 100 1 1
0 4 105 1 1
0 1 101 1 1
0 6 103 1 1
0 7 104 1 1
0 6 102 1 1
0 1 104 1 1
0 5 101 1 1
0 4 100 1 1
0 2 105 1 1
0 3 107 1 1
0 5 109 1 1
0 4 108 1 1
0 7 104 1 1
0 2 106 1 1
0 1 105 1 1
0 2 105 1 1
0 3 105 1 1
0 4 105 1 1
0 5 105 1 1
0 6 105 1 1
0 1 105 1 1
0 5 108 1 1
0 2 104 1 1
0 4 109 1 1
0 1 105 1 1
0 6 107 1 1
0 7 108 1 1
0 6 106 1 1
0 1 108 1 1
0 5 105 1 1
0 4 104 1 1
0 2 109 1 1
0 3 111 1 1
0 5 113 1 1
0 4 112 1 1
0 7 108 1 1
0 2 110 1 1
0 1 109 1 1
0 2 109 1 1
0 3 109 1 1
0 4 109 1 1
0 5 109 1 1
0 6 109 1 1
0 1 109 1 1
0 5 112 1 1
0 2 108 1 1
0 4 113 1 1
0 1 109 1 1
0 6 111 1 1
0 7 112 1 1
0 6 110 1 1
0 1 112 1 1
0 5 109 1 1
0 4 108 1 1
0 2 113 1 1
0 3 115 1 1
0 5 117 1 1
0 4 116 1 1
0 7 112 1 1
0 2 114 1 1
0 1 113 1 1
0 2 113 1 1
0 3 113 1 1
0 4 113 1 1
0 5 113 1 1
0 6 113 1 1
0 1 113 1 1
0 5 116 1 1
0 2 112 1 1
0 4 117 1 1
0 1 113 1 1
0 6 115 1 1
0 7 116 1 1
0 6 114 1 1
0 1 116 1 1
0 5 113 1 1
0 4 112 1 1
0 2 117 1 1
0 3 119 1 1
0 5 121 1 1
0 4 120 1 1
0 7 116 1 1
0 2 118 1 1
0 1 117 1 1
0 2 117 1 1
0 3 117 1 1
0 4 117 1 1
0 5 117 1 1
0 6 117 1 1
0 1 117 1 1
0 5 120 1 1
0 2 116 1 1
0 4 121 1 1
0 1 117 1 1
0 6 119 1 1
0 7 120 1 1
0 6 118 1 1
0 1 120 1 1
0 5 117 1 1
0 4 116 1 1
0 2 121 1 1
0 3 123 1 1
0 5 125 1 1
0 4 124 1 1
0 7 120 1 1
0 2 122 1 1
0 1 121 1 1
0 2 121 1 1
0 3 121 1 1
0 4 121 1 1
0 5 121 1 1
0 6 121 1 1
0 1 121 1 1
0 5 124 1 1
0 2 120 1 1
0 4 125 1 1
0 1 121 1 1
0 6 123 1 1
0 7 124 1 1
0 6 122 1 1
0 1 124 1 1
0 5 121 1 1
0 4 120 1 1
0 2 125 1 1
0 3 127 1 1
0 5 129 1 1
0 4 128 1 1
0 7 124 1 1
0 2 126 1 1
0 1 125 1 1
0 2 125 1 1
0 3 125 1 1
0 4 125 1 1
0 5 125 1 1
0 6 125 1 1
0 1 125 1 1
0 5 128 1 1
0 2 124 1 1
0 4 129 1 1
0 1 125 1 1
0 6 127 1 1
0 7 128 1 1
0 6 126 1 1
0 1 128 1 1
0 5 125 1 1
0 4 124 1 1
0 2 129 1 1
0 3 131 1 1
0 5 133 1 1
0 4 132 1 1
0 7 128 1 1
0 2 130 1 1
0 1 129 1 1
0 2 129 1 1
0 3 129 1 1
0 4 129 1 1
0 5 129 1 1
0 6 129 1 1
0 1 129 1 1
0 5 132 1 1
0 2 128 1 1
0 4 133 1 1
0 1 129 1 1
0 6 131 1 1
0 7 132 1 1
0 6 130 1 1
0 1 132 1 1
0 5 129 1 1
0 4 128 1 1
0 2 133 1 1
0 3 135 1 1
0 5 137 1 1
0 4 136 1 1
0 7 132 1 1
0 2 134 1 1
0 1 133 1 1
0 2 133 1 1
0 3 133 1 1
0 4 133 1 1
0 5 133 1 1
0 6 133 1 1
0 1 133 1 1
0 5 136 1 1
0 2 132 1 1
0 4 137 1 1
0 1 133 1 1
0 6 135 1 1
0 7 136 1 1
0 6 134 1 1
0 1 136 1 1
0 5 133 1 1
0 4 132 1 1
0 2 137 1 1
0 3 139 1 1
0 5 141 1 1
0 4 140 1 1
0 7 136 1 1
0 2 138 1 1
0 1 137 1 1
0 2 137 1 1
0 3 137 1 1
0 4 137 1 1
0 5 137 1 1
0 6 137 1 1
0 1 137 1 1
0 5 140 1 1
0 2 136 1 1
0 4 141 1 1
0 1 137 1 1
0 6 139 1 1
0 7 140 1 1
0 6 138 1 1
0 1 140 1 1
0 5 137 1 1
0 4 136 1 1
0 2 141 1 1
0 3 143 1 1
0 5 145 1 1
0 4 144 1 1
0 7 140 1 1
0 2 142 1 1
0 1 141 1 1
0 2 141 1 1
0 3 141 1 1
0 4 141 1 1
0 5 141 1 1
0 6 141 1 1
0 1 141 1 1
0 5 144 1 1
0 2 140 1 1
0 4 145 1 1
0 1 141 1 1
0 6 143 1 1
0 7 144 1 1
0 6 142 1 1
0 1 144 1 1
0 5 141 1 1
0 4 140 1 1
0 2 145 1 1
0 3 147 1 1
0 5 149 1 1
0 4 148 1 1
0 7 144 1 1
0 2 146 1 1
0 1 145 1 1
0 2 145 1 1
0 3 145 1 1
0 4 145 1 1
0 5 145 1 1
0 6 145 1 1
0 1 145 1 1
0 5 148 1 1
0 2 144 1 1
0 4 149 1 1
0 1 145 1 1
0 6 147 1 1
0 7 148 1 1
0 6 146 1 1
0 1 148 1 1
0 5 145 1 1
0 4 144 1 1
0 2 149 1 1
0 3 151 1 1
0 5 153 1 1
0 4 152 1 1
0 7 148 1 1
0 2 150 1 1
0 1 149 1 1
0 2 149 1 1
0 3 149 1 1
0 4 149 1 1
0 5 149 1 1
0 6 149 1 1
0 1 149 1 1
0 5 152 1 1
0 2 148 1 1
0 4 153 1 1
0 1 149 1 1
0 6 151 1 1
0 7 152 1 1
0 6 150 1 1
0 1 152 1 1
0 5 149 1 1
0 4 148 1 1
0 2 153 1 1
0 3 155 1 1
0 5 157 1 1
0 4 156 1 1
0 7 152 1 1
0 2 154 1 1
0 1 153 1 1
0 2 153 1 1
0 3 153 1 1
0 4 153 1 1
0 5 153 1 1
0 6 153 1 1
0 1 153 1 1
0 5 156 1 1
0 2 152 1 1
0 4 157 1 1
0 1 153 1 1
0 6 155 1 1
0 7 156 1 1
0 6 154 1 1
0 1 156 1 1
0 5 153 1 1
0 4 152 1 1
0 2 157 1 1
0 3 159 1 1
0 5 161 1 1
0 4 160 1 1
0 7 156 1 1
0 2 158 1 1
0 1 157 1 1
0 2 157 1 1
0 3 157 1 1
0 4 157 1 1
0 5 157 1 1
0 6 157 1 1
0 1 157 1 1
0 5 160 1 1
0 2 156 1 1
0 4 161 1 1
0 1 157 1 1
0 6 159 1 1
0 7 160 1 1
0 6 158 1 1
0 1 160 1 1
0 5 157 1 1
0 4 156 1 1
0 2 161 1 1
0 3 163 1 1
0 5 165 1 1
0 4 164 1 1
0 7 160 1 1
0 2 162 1 1
0 1 161 1 1
0 2 161 1 1
0 3 161 1 1
0 4 161 1 1
0 5 161 1 1
0 6 161 1 1
0 1 161 1 1
0 5 164 1 1
0 2 160 1 1
0 4 165 1 1
0 1 161 1 1
0 6 163 1 1
0 7 164 1 1
0 6 162 1 1
0 1 164 1 1
0 5 161 1 1
0 4 160 1 1
0 2 165 1 1
0 3 167 1 1
0 5 169 1 1
0 4 168 1 1
0 7 164 1 1
0 2 166 1 1
0 1 165 1 1
0 2 165 1 1
0 3 165 1 1
0 4 165 1 1
0 5 165 1 1
0 6 165 1 1
0 1 165 1 1
0 5 168 1 1
0 2 164 1 1
0 4 169 1 1
0 1 165 1 1
0 6 167 1 1
0 7 168 1 1
0 6 166 1 1
0 1 168 1 1
0 5 165 1 1
0 4 164 1 1
0 2 169 1 1
0 3 171 1 1
0 5 173 1 1
0 4 172 1 1
0 7 168 1 1
0 2 170 1 1
0 1 169 1 1
0 2 169 1 1
0 3 169 1 1
0 4 169 1 1
0 5 169 1 1
0 6 169 1 1
0 1 169 1 1
0 5 172 1 1
0 2 168 1 1
0 4 173 1 1
0 1 169 1 1
0 6 171 1 1
0 7 172 1 1
0 6 170 1 1
0 1 172 1 1
0 5 169 1 1
0 4 168 1 1
0 2 173 1 1
0 3 175 1 1
0 5 177 1 1
0 4 176 1 1
0 7 172 1 1
0 2 174 1 1
0 1 173 1 1
0 2 173 1 1
0 3 173 1 1
0 4 173 1 1
0 5 173 1 1
0 6 173 1 1
0 1 173 1 1
0 5 176 1 1
0 2 172 1 1
0 4 177 1 1
0 1 173 1 1
0 6 175 1 1
0 7 176 1 1
0 6 174 1 1
0 1 176 1 1
0 5 173 1 1
0 4 172 1 1
0 2 177 1 1
0 3 179 1 1
0 5 181 1 1
0 4 180 1 1
0 7 176 1 1
0 2 178 1 1
0 1 177 1 1
0 2 177 1 1
0 3 177 1 1
0 4 177 1 1
0 5 177 1 1
0 6 177 1 1
0 1 177 1 1
0 5 180 1 1
0 2 176 1 1
0 4 181 1 1
0 1 177 1 1
0 6 179 1 1
0 7 180 1 1
0 6 178 1 1
0 1 180 1 1
0 5 177 1 1
0 4 176 1 1
0 2 181 1 1
0 3 183 1 1
0 5 185 1 1
0 4 184 1 1
0 7 180 1 1
0 2 182 1 1
0 1 181 1 1
0 2 181 1 1
0 3 181 1 1
0 4 181 1 1
0 5 181 1 1
0 6 181 1 1
0 1 181 1 1
0 5 184 1 1
0 2 180 1 1
0 4 185 1 1
0 1 181 1 1
0 6 183 1 1
0 7 184 1 1
0 6 182 1 1
0 1 184 1 1
0 5 181 1 1
0 4 180 1 1
0 2 185 1 1
0 3 187 1 1
0 5 189 1 1
0 4 188 1 1
0 7 184 1 1
0 2 186 1 1
0 1 185 1 1
0 2 185 1 1
0 3 185 1 1
0 4 185 1 1
0 5 185 1 1
0 6 185 1 1
0 1 185 1 1
0 5 188 1 1
0 2 184 1 1
0 4 189 1 1
0 1 185 1 1
0 6 187 1 1
0 7 188 1 1
0 6 186 1 1
0 1 188 1 1
0 5 185 1 1
0 4 184 1 1
0 2 189 1 1
0 3 191 1 1
0 5 193 1 1
0 4 192 1 1
0 7 188 1 1
0 2 190 1 1
0 1 189 1 1
0 2 189 1 1
0 3 189 1 1
0 4 189 1 1
0 5 189 1 1
0 6 189 1 1
0 1 189 1 1
0 5 192 1 1
0 2 188 1 1
0 4 193 1 1
0 1 189 1 1
0 6 191 1 1
0 7 192 1 1
0 6 190 1 1
0 1 192 1 1
0 5 189 1 1
0 4 188 1 1
0 2 193 1 1
0 3 195 1 1
0 5 197 1 1
0 4 196 1 1
0 7 192 1 1
0 2 194 1 1
0 1 193 1 1
0 2 193 1 1
0 3 193 1 1
0 4 193 1 1
0 5 193 1 1
0 6 193 1 1
0 1 193 1 1
0 5 196 1 1
0 2 192 1 1
0 4 197 1 1
0 1 193 1 1
0 6 195 1 1
0 7 196 1 1
0 6 194 1 1
0 1 196 1 1
0 5 193 1 1
0 4 192 1 1
0 2 197 1 1
0 3 199 1 1
0 5 201 1 1
0 4 200 1 1
0 7 196 1 1
0 2 198 1 1
0 1 197 1 1
0 2 197 1 1
0 3 197 1 1
0 4 197 1 1
0 5 197 1 1
0 6 197 1 1
0 1 197 1 1
0 5 200 1 1
0 2 196 1 1
0 4 201 1 1
0 1 197 1 1
0 6 199 1 1
0 7 200 1 1
0 6 198 1 1
0 1 200 1 1
0 5 197 1 1
0 4 196 1 1
0 2 201 1 1
0 3 203 1 1
0 5 205 1 1
0 4 204 1 1
0 7 200 1 1
0 2 202 1 1
0 1 201 1 1
0 2 201 1 1
0 3 201 1 1
0 4 201 1 1
0 5 201 1 1
0 6 201 1 1
0 1 201 1 1
0 5 204 1 1
0 2 200 1 1
0 4 205 1 1
0 1 201 1 1
0 6 203 1 1
0 7 204 1 1
0 6 202 1 1
0 1 204 1 1
0 5 201 1 1
0 4 200 1 1
0 2 205 1 1
0 3 207 1 1
0 5 209 1 1
0 4 208 1 1
0 7 204 1 1
0 2 206 1 1
0 1 205 1 1
0 2 205 1 1
0 3 205 1 1
0 4 205 1 1
0 5 205 1 1
0 6 205 1 1
0 1 205 1 1
0 5 208 1 1
0 2 204 1 1
0 4 209 1 1
0 1 205 1 1
0 6 207 1 1
0 7 208 1 1
0 6 206 1 1
0 1 208 1 1
0 5 205 1 1
0 4 204 1 1
0 2 209 1 1
0 3 211 1 1
0 5 213 1 1
0 4 212 1 1
0 7 208 1 1
0 2 210 1 1
0 1 209 1 1
0 2 209 1 1
0 3 209 1 1
0 4 209 1 1
0 5 209 1 1
0 6 209 1 1
0 1 209 1 1
0 5 212 1 1
0 2 208 1 1
0 4 213 1 1
0 1 209 1 1
0 6 211 1 1
0 7 212 1 1
0 6 210 1 1
0 1 212 1 1
0 5 209 1 1
0 4 208 1 1
0 2 213 1 1
0 3 215 1 1
0 5 217 1 1
0 4 216 1 1
0 7 212 1 1
0 2 214 1 1
0 1 213 1 1
0 2 213 1 1
0 3 213 1 1
0 4 213 1 1
0 5 213 1 1
0 6 213 1 1
0 1 213 1 1
0 5 216 1 1
0 2 212 1 1
0 4 217 1 1
0 1 213 1 1
0 6 215 1 1
0 7 216 1 1
0 6 214 1 1
0 1 216 1 1
0 5 213 1 1
0 4 212 1 1
0 2 217 1 1
0 3 219 1 1
0 5 221 1 1
0 4 220 1 1
0 7 216 1 1
0 2 218 1 1
0 1 217 1 1
0 2 217 1 1
0 3 217 1 1
0 4 217 1 1
0 5 217 1 1
0 6 217 1 1
0 1 217 1 1
0 5 220 1 1
0 2 216 1 1
0 4 221 1 1
0 1 217 1 1
0 6 219 1 1
0 7 220 1 1
0 6 218 1 1
0 1 220 1 1
0 5 217 1 1
0 4 216 1 1
0 2 221 1 1
0 3 223 1 1
0 5 225 1 1
0 4 224 1 1
0 7 220 1 1
0 2 222 1 1
0 1 221 1 1
0 2 221 1 1
0 3 221 1 1
0 4 221 1 1
0 5 221 1 1
0 6 221 1 1
0 1 221 1 1
0 5 224 1 1
0 2 220 1 1
0 4 225 1 1
0 1 221 1 1
0 6 223 1 1
0 7 224 1 1
0 6 222 1 1
0 1 224 1 1
0 5 221 1 1
0 4 220 1 1
0 2 225 1 1
0 3 227 1 1
0 5 229 1 1
0 4 228 1 1
0 7 224 1 1
0 2 226 1 1
0 1 225 1 1
0 2 225 1 1
0 3 225 1 1
0 4 225 1 1
0 5 225 1 1
0 6 225 1 1
0 1 225 1 1
0 5 228 1 1
0 2 224 1 1
0 4 229 1 1
0 1 225 1 1
0 6 227 1 1
0 7 228 1 1
0 6 226 1 1
0 1 228 1 1
0 5 225 1 1
0 4 224 1 1
0 2 229 1 1
0 3 231 1 1
0 5 233 1 1
0 4 232 1 1
0 7 228 1 1
0 2 230 1 1
0 1 229 1 1
0 2 229 1 1
0 3 229 1 1
0 4 229 1 1
0 5 229 1 1
0 6 229 1 1
0 1 229 1 1
0 5 232 1 1
0 2 228 1 1
0 4 233 1 1
0 1 229 1 1
0 6 231 1 1
0 7 232 1 1
0 6 230 1 1
0 1 232 1 1
0 5 229 1 1
0 4 228 1 1
0 2 233 1 1
0 3 235 1 1
0 5 237 1 1
0 4 236 1 1
0 7 232 1 1
0 2 234 1 1
0 1 233 1 1
0 2 233 1 1
0 3 233 1 1
0 4 233 1 1
0 5 233 1 1
0 6 233 1 1
0 1 233 1 1
0 5 236 1 1
0 2 232 1 1
0 4 237 1 1
0 1 233 1 1
0 6 235 1 1
0 7 236 1 1
0 6 234 1 1
0 1 236 1 1
0 5 233 1 1
0 4 232 1 1
0 2 237 1 1
0 3 239 1 1
0 5 241 1 1
0 4 240 1 1
0 7 236 1 1
0 2 238 1 1
0 1 237 1 1
0 2 237 1 1
0 3 237 1 1
0 4 237 1 1
0 5 237 1 1
0 6 237 1 1
0 1 237 1 1
0 5 240 1 1
0 2 236 1 1
0 4 241 1 1
0 1 237 1 1
0 6 239 1 1
0 7 240 1 1
0 6 238 1 1
0 1 240 1 1
0 5 237 1 1
0 4 236 1 1
0 2 241 1 1
0 3 243 1 1
0 5 245 1 1
0 4 244 1 1
0 7 240 1 1
0 2 242 1 1
0 1 241 1 1
0 2 241 1 1
0 3 241 1 1
0 4 241 1 1
0 5 241 1 1
0 6 241 1 1
0 1 241 1 1
0 5 244 1 1
0 2 240 1 1
0 4 245 1 1
0 1 241 1 1
0 6 243 1 1
0 7 244 1 1
0 6 242 1 1
0 1 244 1 1
0 5 241 1 1
0 4 240 1 1
0 2 245 1 1
0 3 247 1 1
0 5 249 1 1
0 4 248 1 1
0 7 244 1 1
0 2 246 1 1
0 1 245 1 1
0 2 245 1 1
0 3 245 1 1
0 4 245 1 1
0 5 245 1 1
0 6 245 1 1
0 1 245 1 1
0 5 248 1 1
0 2 244 1 1
0 4 249 1 1
0 1 245 1 1
0 6 247 1 1
0 7 248 1 1
0 6 246 1 1
0 1 248 1 1
0 5 245 1 1
0 4 244 1 1
0 2 249 1 1
0 3 251 1 1
0 5 253 1 1
0 4 252 1 1
0 7 248 1 1
0 2 250 1 1
0 1 249 1 1
0 2 249 1 1
0 3 249 1 1
0 4 249 1 1
0 5 249 1 1
0 6 249 1 1
0 1 249 1 1
0 5 252 1 1
0 2 248 1 1
0 4 253 1 1
0 1 249 1 1
0 6 251 1 1
0 7 252 1 1
0 6 250 1 1
0 1 252 1 1
0 5 249 1 1
0 4 248 1 1
0 2 253 1 1
0 3 255 1 1
0 5 257 1 1
0 4 256 1 1
0 7 252 1 1
0 2 254 1 1
0 1 253 1 1
0 2 253 1 1
0 3 253 1 1
0 4 253 1 1
0 5 253 1 1
0 6 253 1 1
0 1 253 1 1
0 5 256 1 1
0 2 252 1 1
0 4 257 1 1
0 1 253 1 1
0 6 255 1 1
0 7 256 1 1
0 6 254 1 1
0 1 256 1 1
0 5 253 1 1
0 4 252 1 1
0 2 257 1 1
0 3 259 1 1
0 5 261 1 1
0 4 260 1 1
0 7 256 1 1
0 2 258 1 1
0 1 257 1 1
0 2 257 1 1
0 3 257 1 1
0 4 257 1 1
0 5 257 1 1
0 6 257 1 1
0 1 257 1 1
0 5 260 1 1
0 2 256 1 1
0 4 261 1 1
0 1 257 1 1
0 6 259 1 1
0 7 260 1 1
0 6 258 1 1
0 1 260 1 1
0 5 257 1 1
0 4 256 1 1
0 2 261 1 1
0 3 263 1 1
0 5 265 1 1
0 4 264 1 1
0 7 260 1 1
0 2 262 1 1
0 1 261 1 1
0 2 261 1 1
0 3 261 1 1
0 4 261 1 1
0 5 261 1 1
0 6 261 1 1
0 1 261 1 1
0 5 264 1 1
0 2 260 1 1
0 4 265 1 1
0 1 261 1 1
0 6 263 1 1
0 7 264 1 1
0 6 262 1 1
0 1 264 1 1
0 5 261 1 1
0 4 260 1 1
0 2 265 1 1
0 3 267 1 1
0 5 269 1 1
0 4 268 1 1
0 7 264 1 1
0 2 266 1 1
0 1 265 1 1
0 2 265 1 1
0 3 265 1 1
0 4 265 1 1
0 5 265 1 1
0 6 265 1 1
0 1 265 1 1
0 5 268 1 1
0 2 264 1 1
0 4 269 1 1
0 1 265 1 1
0 6 267 1 1
0 7 268 1 1
0 6 266 1 1
0 1 268 1 1
0 5 265 1 1
0 4 264 1 1
0 2 269 1 1
0 3 271 1 1
0 5 273 1 1
0 4 272 1 1
0 7 268 1 1
0 2 270 1 1
0 1 269 1 1
0 2 269 1 1
0 3 269 1 1
0 4 269 1 1
0 5 269 1 1
0 6 269 1 1
0 1 269 1 1
0 5 272 1 1
0 2 268 1 1
0 4 273 1 1
0 1 269 1 1
0 6 271 1 1
0 7 272 1 1
0 6 270 1 1
0 1 272 1 1
0 5 269 1 1
0 4 268 1 1
0 2 273 1 1
0 3 275 1 1
0 5 277 1 1
0 4 276 1 1
0 7 272 1 1
0 2 274 1 1
0 1 273 1 1
0 2 273 1 1
0 3 273 1 1
0 4 273 1 1
0 5 273 1 1
0 6 273 1 1
0 1 273 1 1
0 5 276 1 1
0 2 272 1 1
0 4 277 1 1
0 1 273 1 1
0 6 275 1 1
0 7 276 1 1
0 6 274 1 1
0 1 276 1 1
0 5 273 1 1
0 4 272 1 1
0 2 277 1 1
0 3 279 1 1
0 5 281 1 1
0 4 280 1 1
0 7 276 1 1
0 2 278 1 1
0 1 277 1 1
0 2 277 1 1
0 3 277 1 1
0 4 277 1 1
0 5 277 1 1
0 6 277 1 1
0 1 277 1 1
0 5 280 1 1
0 2 276 1 1
0 4 281 1 1
0 1 277 1 1
0 6 279 1 1
0 7 280 1 1
0 6 278 1 1
0 1 280 1 1
0 5 277 1 1
0 4 276 1 1
0 2 281 1 1
0 3 283 1 1
0 5 285 1 1
0 4 284 1 1
0 7 280 1 1
0 2 282 1 1
0 1 281 1 1
0 2 281 1 1
0 3 281 1 1
0 4 281 1 1
0 5 281 1 1
0 6 281 1 1
0 1 281 1 1
0 5 284 1 1
0 2 280 1 1
0 4 285 1 1
0 1 281 1 1
0 6 283 1 1
0 7 284 1 1
0 6 282 1 1
0 1 284 1 1
0 5 281 1 1
0 4 280 1 1
0 2 285 1 1
0 3 287 1 1
0 5 289 1 1
0 4 288 1 1
0 7 284 1 1
0 2 286 1 1
0 1 285 1 1
0 2 285 1 1
0 3 285 1 1
0 4 285 1 1
0 5 285 1 1
0 6 285 1 1
0 1 285 1 1
0 5 288 1 1
0 2 284 1 1
0 4 289 1 1
0 1 285 1 1
0 6 287 1 1
0 7 288 1 1
0 6 286 1 1
0 1 288 1 1
0 5 285 1 1
0 4 284 1 1
0 2 289 1 1
0 3 291 1 1
0 5 293 1 1
0 4 292 1 1
0 7 288 1 1
0 2 290 1 1
0 1 289 1 1
0 2 289 1 1
0 3 289 1 1
0 4 289 1 1
0 5 289 1 1
0 6 289 1 1
0 1 289 1 1
0 5 292 1 1
0 2 288 1 1
0 4 293 1 1
0 1 289 1 1
0 6 291 1 1
0 7 292 1 1
0 6 290 1 1
0 1 292 1 1
0 5 289 1 1
0 4 288 1 1
0 2 293 1 1
0 3 295 1 1
0 5 297 1 1
0 4 296 1 1
0 7 292 1 1
0 2 294 1 1
0 1 293 1 1
0 2 293 1 1
0 3 293 1 1
0 4 293 1 1
0 5 293 1 1
0 6 293 1 1
0 1 293 1 1
0 5 296 1 1
0 2 292 1 1
0 4 297 1 1
0 1 293 1 1
0 6 295 1 1
0 7 296 1 1
0 6 294 1 1
0 1 296 1 1
0 5 293 1 1
0 4 292 1 1
0 2 297 1 1
0 3 299 1 1
0 5 301 1 1
0 4 300 1 1
0 7 296 1 1
0 2 298 1 1
0 1 297 1 1
0 2 297 1 1
0 3 297 1 1
0 4 297 1 1
0 5 297 1 1
0 6 297 1 1
0 1 297 1 1
0 5 300 1 1
0 2 296 1 1
0 4 301 1 1
0 1 297 1 1
0 6 299 1 1
0 7 300 1 1
0 6 298 1 1
0 1 300 1 1
0 5 297 1 1
0 4 296 1 1
0 2 301 1 1
0 3 303 1 1
0 5 305 1 1
0 4 304 1 1
0 7 300 1 1
0 2 302 1 1
0 1 301 1 1
0 2 301 1 1
0 3 301 1 1
0 4 301 1 1
0 5 301 1 1
0 6 301 1 1
0 1 301 1 1
0 5 304 1 1
0 2 300 1 1
0 4 305 1 1
0 1 301 1 1
0 6 303 1 1
0 7 304 1 1
0 6 302 1 1
0 1 304 1 1
0 5 301 1 1
0 4 300 1 1
0 2 305 1 1
0 3 307 1 1
0 5 309 1 1
0 4 308 1 1
0 7 304 1 1
0 2 306 1 1
0 1 305 1 1
0 2 305 1 1
0 3 305 1 1
0 4 305 1 1
0 5 305 1 1
0 6 305 1 1
0 1 305 1 1
0 5 308 1 1
0 2 304 1 1
0 4 309 1 1
0 1 305 1 1
0 6 307 1 1
0 7 308 1 1
0 6 306 1 1
0 1 308 1 1
0 5 305 1 1
0 4 304 1 1
0 2 309 1 1
0 3 311 1 1
0 5 313 1 1
0 4 312 1 1
0 7 308 1 1
0 2 310 1 1
0 1 309 1 1
0 2 309 1 1
0 3 309 1 1
0 4 309 1 1
0 5 309 1 1
0 6 309 1 1
0 1 309 1 1
0 5 312 1 1
0 2 308 1 1
0 4 313 1 1
0 1 309 1 1
0 6 311 1 1
0 7 312 1 1
0 6 310 1 1
0 1 312 1 1
0 5 309 1 1
0 4 308 1 1
0 2 313 1 1
0 3 315 1 1
0 5 317 1 1
0 4 316 1 1
0 7 312 1 1
0 2 314 1 1
0 1 313 1 1
0 2 313 1 1
0 3 313 1 1
0 4 313 1 1
0 5 313 1 1
0 6 313 1 1
0 1 313 1 1
0 5 316 1 1
0 2 312 1 1
0 4 317 1 1
0 1 313 1 1
0 6 315 1 1
0 7 316 1 1
0 6 314 1 1
0 1 316 1 1
0 5 313 1 1
0 4 312 1 1
0 2 317 1 1
0 3 319 1 1
0 5 321 1 1
0 4 320 1 1
0 7 316 1 1
0 2 318 1 1
0 1 317 1 1
0 2 317 1 1
0 3 317 1 1
0 4 317 1 1
0 5 317 1 1
0 6 317 1 1
0 1 317 1 1
0 5 320 1 1
0 2 316 1 1
0 4 321 1 1
0 1 317 1 1
0 6 319 1 1
0 7 320 1 1
0 6 318 1 1
0 1 320 1 1
0 5 317 1 1
0 4 316 1 1
0 2 321 1 1
0 3 323 1 1
0 5 325 1 1
0 4 324 1 1
0 7 320 1 1
0 2 322 1 1
0 1 321 1 1
0 2 321 1 1
0 3 321 1 1
0 4 321 1 1
0 5 321 1 1
0 6 321 1 1
0 1 321 1 1
0 5 324 1 1
0 2 320 1 1
0 4 325 1 1
0 1 321 1 1
0 6 323 1 1
0 7 324 1 1
0 6 322 1 1
0 1 324 1 1
0 5 321 1 1
0 4 320 1 1
0 2 325 1 1
0 3 327 1 1
0 5 329 1 1
0 4 328 1 1
0 7 324 1 1
0 2 326 1 1
0 1 325 1 1
0 2 325 1 1
0 3 325 1 1
0 4 325 1 1
0 5 325 1 1
0 6 325 1 1
0 1 325 1 1
0 5 328 1 1
0 2 324 1 1
0 4 329 1 1
0 1 325 1 1
0 6 327 1 1
0 7 328 1 1
0 6 326 1 1
0 1 328 1 1
0 5 325 1 1
0 4 324 1 1
0 2 329 1 1
0 3 331 1 1
0 5 333 1 1
0 4 332 1 1
0 7 328 1 1
0 2 330 1 1
0 1 329 1 1
0 2 329 1 1
0 3 329 1 1
0 4 329 1 1
0 5 329 1 1
0 6 329 1 1
0 1 329 1 1
0 5 332 1 1
0 2 328 1 1
0 4 333 1 1
0 1 329 1 1
0 6 331 1 1
0 7 332 1 1
0 6 330 1 1
0 1 332 1 1
0 5 329 1 1
0 4 328 1 1
0 2 333 1 1
0 3 335 1 1
0 5 337 1 1
0 4 336 1 1
0 7 332 1 1
0 2 334 1 1
0 1 333 1 1
0 2 333 1 1
0 3 333 1 1
0 4 333 1 1
0 5 333 1 1
0 6 333 1 1
0 1 333 1 1
0 5 336 1 1
0 2 332 1 1
0 4 337 1 1
0 1 333 1 1
0 6 335 1 1
0 7 336 1 1
0 6 334 1 1
0 1 336 1 1
0 5 333 1 1
0 4 332 1 1
0 2 337 1 1
0 3 339 1 1
0 5 341 1 1
0 4 340 1 1
0 7 336 1 1
0 2 338 1 1
0 1 337 1 1
0 2 337 1 1
0 3 337 1 1
0 4 337 1 1
0 5 337 1 1
0 6 337 1 1
0 1 337 1 1
0 5 340 1 1
0 2 336 1 1
0 4 341 1 1
0 1 337 1 1
0 6 339 1 1
0 7 340 1 1
0 6 338 1 1
0 1 340 1 1
0 5 337 1 1
0 4 336 1 1
0 2 341 1 1
0 3 343 1 1
0 5 345 1 1
0 4 344 1 1
0 7 340 1 1
0 2 342 1 1
0 1 341 1 1
0 2 341 1 1
0 3 341 1 1
0 4 341 1 1
0 5 341 1 1
0 6 341 1 1
0 1 341 1 1
0 5 344 1 1
0 2 340 1 1
0 4 345 1 1
0 1 341 1 1
0 6 343 1 1
0 7 344 1 1
0 6 342 1 1
0 1 344 1 1
0 5 341 1 1
0 4 340 1 1
0 2 345 1 1
0 3 347 1 1
0 5 349 1 1
0 4 348 1 1
0 7 344 1 1
0 2 346 1 1
0 1 345 1 1
0 2 345 1 1
0 3 345 1 1
0 4 345 1 1
0 5 345 1 1
0 6 345 1 1
0 1 345 1 1
0 5 348 1 1
0 2 344 1 1
0 4 349 1 1
0 1 345 1 1
0 6 347 1 1
0 7 348 1 1
0 6 346 1 1
0 1 348 1 1
0 5 345 1 1
0 4 344 1 1
0 2 349 1 1
0 3 351 1 1
0 5 353 1 1
0 4 352 1 1
0 7 348 1 1
0 2 350 1 1
0 1 349 1 1
0 2 349 1 1
0 3 349 1 1
0 4 349 1 1
0 5 349 1 1
0 6 349 1 1
0 1 349 1 1
0 5 352 1 1
0 2 348 1 1
0 4 353 1 1
0 1 349 1 1
0 6 351 1 1
0 7 352 1 1
0 6 350 1 1
0 1 352 1 1
0 5 349 1 1
0 4 348 1 1
0 2 353 1 1
0 3 355 1 1
0 5 357 1 1
0 4 356 1 1
0 7 352 1 1
0 2 354 1 1
0 1 353 1 1
0 2 353 1 1
0 3 353 1 1
0 4 353 1 1
0 5 353 1 1
0 6 353 1 1
0 1 353 1 1
0 5 356 1 1
0 2 352 1 1
0 4 357 1 1
0 1 353 1 1
0 6 355 1 1
0 7 356 1 1
0 6 354 1 1
0 1 356 1 1
0 5 353 1 1
0 4 352 1 1
0 2 357 1 1
0 3 359 1 1
0 5 361 1 1
0 4 360 1 1
0 7 356 1 1
0 2 358 1 1
0 1 357 1 1
0 2 357 1 1
0 3 357 1 1
0 4 357 1 1
0 5 357 1 1
0 6 357 1 1
0 1 357 1 1
0 5 360 1 1
0 2 356 1 1
0 4 361 1 1
0 1 357 1 1
0 6 359 1 1
0 7 360 1 1
0 6 358 1 1
0 1 360 1 1
0 5 357 1 1
0 4 356 1 1
0 2 361 1 1
0 3 363 1 1
0 5 365 1 1
0 4 364 1 1
0 7 360 1 1
0 2 362 1 1
0 1 361 1 1
0 2 361 1 1
0 3 361 1 1
0 4 361 1 1
0 5 361 1 1
0 6 361 1 1
0 1 361 1 1
0 5 364 1 1
0 2 360 1 1
0 4 365 1 1
0 1 361 1 1
0 6 363 1 1
0 7 364 1 1
0 6 362 1 1
0 1 364 1 1
0 5 361 1 1
0 4 360 1 1
0 2 365 1 1
0 3 367 1 1
0 5 369 1 1
0 4 368 1 1
0 7 364 1 1
0 2 366 1 1
0 1 365 1 1
0 2 365 1 1
0 3 365 1 1
0 4 365 1 1
0 5 365 1 1
0 6 365 1 1
0 1 365 1 1
0 5 368 1 1
0 2 364 1 1
0 4 369 1 1
0 1 365 1 1
0 6 367 1 1
0 7 368 1 1
0 6 366 1 1
0 1 368 1 1
0 5 365 1 1
0 4 364 1 1
0 2 369 1 1
0 3 371 1 1
0 5 373 1 1
0 4 372 1 1
0 7 368 1 1
0 2 370 1 1
0 1 369 1 1
0 2 369 1 1
0 3 369 1 1
0 4 369 1 1
0 5 369 1 1
0 6 369 1 1
0 1 369 1 1
0 5 372 1 1
0 2 368 1 1
0 4 373 1 1
0 1 369 1 1
0 6 371 1 1
0 7 372 1 1
0 6 370 1 1
0 1 372 1 1
0 5 369 1 1
0 4 368 1 1
0 2 373 1 1
0 3 375 1 1
0 5 377 1 1
0 4 376 1 1
0 7 372 1 1
0 2 374 1 1
0 1 373 1 1
0 2 373 1 1
0 3 373 1 1
0 4 373 1 1
0 5 373 1 1
0 6 373 1 1
0 1 373 1 1
0 5 376 1 1
0 2 372 1 1
0 4 377 1 1
0 1 373 1 1
0 6 375 1 1
0 7 376 1 1
0 6 374 1 1
0 1 376 1 1
0 5 373 1 1
0 4 372 1 1
0 2 377 1 1
0 3 379 1 1
0 5 381 1 1
0 4 380 1 1
0 7 376 1 1
0 2 378 1 1
0 1 377 1 1
0 2 377 1 1
0 3 377 1 1
0 4 377 1 1
0 5 377 1 1
0 6 377 1 1
0 1 377 1 1
0 5 380 1 1
0 2 376 1 1
0 4 381 1 1
0 1 377 1 1
0 6 379 1 1
0 7 380 1 1
0 6 378 1 1
0 1 380 1 1
0 5 377 1 1
0 4 376 1 1
0 2 381 1 1
0 3 383 1 1
0 5 385 1 1
0 4 384 1 1
0 7 380 1 1
0 2 382 1 1
0 1 381 1 1
0 2 381 1 1
0 3 381 1 1
0 4 381 1 1
0 5 381 1 1
0 6 381 1 1
0 1 381 1 1
0 5 384 1 1
0 2 380 1 1
0 4 385 1 1
0 1 381 1 1
0 6 383 1 1
0 7 384 1 1
0 6 382 1 1
0 1 384 1 1
0 5 381 1 1
0 4 380 1 1
0 2 385 1 1
0 3 387 1 1
0 5 389 1 1
0 4 388 1 1
0 7 384 1 1
0 2 386 1 1
0 1 385 1 1
0 2 385 1 1
0 3 385 1 1
0 4 385 1 1
0 5 385 1 1
0 6 385 1 1
0 1 385 1 1
0 5 388 1 1
0 2 384 1 1
0 4 389 1 1
0 1 385 1 1
0 6 387 1 1
0 7 388 1 1
0 6 386 1 1
0 1 388 1 1
0 5 385 1 1
0 4 384 1 1
0 2 389 1 1
0 3 391 1 1
0 5 393 1 1
0 4 392 1 1
0 7 388 1 1
0 2 390 1 1
0 1 389 1 1
0 2 389 1 1
0 3 389 1 1
0 4 389 1 1
0 5 389 1 1
0 6 389 1 1
0 1 389 1 1
0 5 392 1 1
0 2 388 1 1
0 4 393 1 1
0 1 389 1 1
0 6 391 1 1
0 7 392 1 1
0 6 390 1 1
0 1 392 1 1
0 5 389 1 1
0 4 388 1 1
0 2 393 1 1
0 3 395 1 1
0 5 397 1 1
0 4 396 1 1
0 7 392 1 1
0 2 394 1 1
0 1 393 1 1
0 2 393 1 1
0 3 393 1 1
0 4 393 1 1
0 5 393 1 1
0 6 393 1 1
0 1 393 1 1
0 5 396 1 1
0 2 392 1 1
0 4 397 1 1
0 1 393 1 1
0 6 395 1 1
0 7 396 1 1
0 6 394 1 1
0 1 396 1 1
0 5 393 1 1
0 4 392 1 1
0 2 397 1 1
0 3 399 1 1
0 5 401 1 1
0 4 400 1 1
0 7 396 1 1
0 2 398 1 1
0 1 397 1 1
0 2 397 1 1
0 3 397 1 1
0 4 397 1 1
0 5 397 1 1
0 6 397 1 1
0 1 397 1 1
0 5 400 1 1
0 2 396 1 1
0 4 401 1 1
0 1 397 1 1
0 6 399 1 1
0 7 400 1 1
0 6 398 1 1
0 1 400 1 1
0 5 397 1 1
0 4 396 1 1
0 2 401 1 1
