0 3 3 1 1
0 5 5 1 1
0 6 6 1 1
0 10 10 1 1
0 11 11 1 1
0 4 4 1 1
0 13 0 1 1
0 7 7 1 1
0 9 9 1 1
0 8 8 1 1
0 2 2 1 1
0 1 1 1 1
0 2 1 1 1
0 3 1 1 1
0 12 1 1 1
0 4 1 1 1
0 5 1 1 1
0 8 1 1 1
0 6 1 1 1
0 9 1 1 1
0 7 1 1 1
0 10 1 1 1
0 11 1 1 1
0 1 1 1 1
0 3 5 1 1
0 5 7 1 1
0 6 8 1 1
0 10 12 1 1
0 11 13 1 1
0 4 6 1 1
0 13 2 1 1
0 7 9 1 1
0 9 11 1 1
0 8 10 1 1
0 2 4 1 1
0 1 3 1 1
0 2 3 1 1
0 3 3 1 1
0 12 3 1 1
0 4 3 1 1
0 5 3 1 1
0 8 3 1 1
0 6 3 1 1
0 9 3 1 1
0 7 3 1 1
0 10 3 1 1
0 11 3 1 1
0 1 3 1 1
0 3 7 1 1
0 5 9 1 1
0 6 10 1 1
0 10 14 1 1
0 11 15 1 1
0 4 8 1 1
0 13 4 1 1
0 7 11 1 1
0 9 13 1 1
0 8 12 1 1
0 2 6 1 1
0 1 5 1 1
0 2 5 1 1
0 3 5 1 1
0 12 5 1 1
0 4 5 1 1
0 5 5 1 1
0 8 5 1 1
0 6 5 1 1
0 9 5 1 1
0 7 5 1 1
0 10 5 1 1
0 11 5 1 1
0 1 5 1 1
0 3 9 1 1
0 5 11 1 1
0 6 12 1 1
0 10 16 1 1
0 11 17 1 1
0 4 10 1 1
0 13 6 1 1
0 7 13 1 1
0 9 15 1 1
0 8 14 1 1
0 2 8 1 1
0 1 7 1 1
0 2 7 1 1
0 3 7 1 1
0 12 7 1 1
0 4 7 1 1
0 5 7 1 1
0 8 7 1 1
0 6 7 1 1
0 9 7 1 1
0 7 7 1 1
0 10 7 1 1
0 11 7 1 1
0 1 7 1 1
0 3 11 1 1
0 5 13 1 1
0 6 14 1 1
0 10 18 1 1
0 11 19 1 1
0 4 12 1 1
0 13 8 1 1
0 7 15 1 1
0 9 17 1 1
0 8 16 1 1
0 2 10 1 1
0 1 9 1 1
0 2 9 1 1
0 3 9 1 1
0 12 9 1 1
0 4 9 1 1
0 5 9 1 1
0 8 9 1 1
0 6 9 1 1
0 9 9 1 1
0 7 9 1 1
0 10 9 1 1
0 11 9 1 1
0 1 9 1 1
0 3 13 1 1
0 5 15 1 1
0 6 16 1 1
0 10 20 1 1
0 11 21 1 1
0 4 14 1 1
0 13 10 1 1
0 7 17 1 1
0 9 19 1 1
0 8 18 1 1
0 2 12 1 1
0 1 11 1 1
0 2 11 1 1
0 3 11 1 1
0 12 11 1 1
0 4 11 1 1
0 5 11 1 1
0 8 11 1 1
0 6 11 1 1
0 9 11 1 1
0 7 11 1 1
0 10 11 1 1
0 11 11 1 1
0 1 11 1 1
0 3 15 1 1
0 5 17 1 1
0 6 18 1 1
0 10 22 1 1
0 11 23 1 1
0 4 16 1 1
0 13 12 1 1
0 7 19 1 1
0 9 21 1 1
0 8 20 1 1
0 2 14 1 1
0 1 13 1 1
0 2 13 1 1
0 3 13 1 1
0 12 13 1 1
0 4 13 1 1
0 5 13 1 1
0 8 13 1 1
0 6 13 1 1
0 9 13 1 1
0 7 13 1 1
0 10 13 1 1
0 11 13 1 1
0 1 13 1 1
0 3 17 1 1
0 5 19 1 1
0 6 20 1 1
0 10 24 1 1
0 11 25 1 1
0 4 18 1 1
0 13 14 1 1
0 7 21 1 1
0 9 23 1 1
0 8 22 1 1
0 2 16 1 1
0 1 15 1 1
0 2 15 1 1
0 3 15 1 1
0 12 15 1 1
0 4 15 1 1
0 5 15 1 1
0 8 15 1 1
0 6 15 1 1
0 9 15 1 1
0 7 15 1 1
0 10 15 1 1
0 11 15 1 1
0 1 15 1 1
0 3 19 1 1
0 5 21 1 1
0 6 22 1 1
0 10 26 1 1
0 11 27 1 1
0 4 20 1 1
0 13 16 1 1
0 7 23 1 1
0 9 25 1 1
0 8 24 1 1
0 2 18 1 1
0 1 17 1 1
0 2 17 1 1
0 3 17 1 1
0 12 17 1 1
0 4 17 1 1
0 5 17 1 1
0 8 17 1 1
0 6 17 1 1
0 9 17 1 1
0 7 17 1 1
0 10 17 1 1
0 11 17 1 1
0 1 17 1 1
0 3 21 1 1
0 5 23 1 1
0 6 24 1 1
0 10 28 1 1
0 11 29 1 1
0 4 22 1 1
0 13 18 1 1
0 7 25 1 1
0 9 27 1 1
0 8 26 1 1
0 2 20 1 1
0 1 19 1 1
0 2 19 1 1
0 3 19 1 1
0 12 19 1 1
0 4 19 1 1
0 5 19 1 1
0 8 19 1 1
0 6 19 1 1
0 9 19 1 1
0 7 19 1 1
0 10 19 1 1
0 11 19 1 1
0 1 19 1 1
0 3 23 1 1
0 5 25 1 1
0 6 26 1 1
0 10 30 1 1
0 11 31 1 1
0 4 24 1 1
0 13 20 1 1
0 7 27 1 1
0 9 29 1 1
0 8 28 1 1
0 2 22 1 1
0 1 21 1 1
0 2 21 1 1
0 3 21 1 1
0 12 21 1 1
0 4 21 1 1
0 5 21 1 1
0 8 21 1 1
0 6 21 1 1
0 9 21 1 1
0 7 21 1 1
0 10 21 1 1
0 11 21 1 1
0 1 21 1 1
0 3 25 1 1
0 5 27 1 1
0 6 28 1 1
0 10 32 1 1
0 11 33 1 1
0 4 26 1 1
0 13 22 1 1
0 7 29 1 1
0 9 31 1 1
0 8 30 1 1
0 2 24 1 1
0 1 23 1 1
0 2 23 1 1
0 3 23 1 1
0 12 23 1 1
0 4 23 1 1
0 5 23 1 1
0 8 23 1 1
0 6 23 1 1
0 9 23 1 1
0 7 23 1 1
0 10 23 1 1
0 11 23 1 1
0 1 23 1 1
0 3 27 1 1
0 5 29 1 1
0 6 30 1 1
0 10 34 1 1
0 11 35 1 1
0 4 28 1 1
0 13 24 1 1
0 7 31 1 1
0 9 33 1 1
0 8 32 1 1
0 2 26 1 1
0 1 25 1 1
0 2 25 1 1
0 3 25 1 1
0 12 25 1 1
0 4 25 1 1
0 5 25 1 1
0 8 25 1 1
0 6 25 1 1
0 9 25 1 1
0 7 25 1 1
0 10 25 1 1
0 11 25 1 1
0 1 25 1 1
0 3 29 1 1
0 5 31 1 1
0 6 32 1 1
0 10 36 1 1
0 11 37 1 1
0 4 30 1 1
0 13 26 1 1
0 7 33 1 1
0 9 35 1 1
0 8 34 1 1
0 2 28 1 1
0 1 27 1 1
0 2 27 1 1
0 3 27 1 1
0 12 27 1 1
0 4 27 1 1
0 5 27 1 1
0 8 27 1 1
0 6 27 1 1
0 9 27 1 1
0 7 27 1 1
0 10 27 1 1
0 11 27 1 1
0 1 27 1 1
0 3 31 1 1
0 5 33 1 1
0 6 34 1 1
0 10 38 1 1
0 11 39 1 1
0 4 32 1 1
0 13 28 1 1
0 7 35 1 1
0 9 37 1 1
0 8 36 1 1
0 2 30 1 1
0 1 29 1 1
0 2 29 1 1
0 3 29 1 1
0 12 29 1 1
0 4 29 1 1
0 5 29 1 1
0 8 29 1 1
0 6 29 1 1
0 9 29 1 1
0 7 29 1 1
0 10 29 1 1
0 11 29 1 1
0 1 29 1 1
0 3 33 1 1
0 5 35 1 1
0 6 36 1 1
0 10 40 1 1
0 11 41 1 1
0 4 34 1 1
0 13 30 1 1
0 7 37 1 1
0 9 39 1 1
0 8 38 1 1
0 2 32 1 1
0 1 31 1 1
0 2 31 1 1
0 3 31 1 1
0 12 31 1 1
0 4 31 1 1
0 5 31 1 1
0 8 31 1 1
0 6 31 1 1
0 9 31 1 1
0 7 31 1 1
0 10 31 1 1
0 11 31 1 1
0 1 31 1 1
0 3 35 1 1
0 5 37 1 1
0 6 38 1 1
0 10 42 1 1
0 11 43 1 1
0 4 36 1 1
0 13 32 1 1
0 7 39 1 1
0 9 41 1 1
0 8 40 1 1
0 2 34 1 1
0 1 33 1 1
0 2 33 1 1
0 3 33 1 1
0 12 33 1 1
0 4 33 1 1
0 5 33 1 1
0 8 33 1 1
0 6 33 1 1
0 9 33 1 1
0 7 33 1 1
0 10 33 1 1
0 11 33 1 1
0 1 33 1 1
0 3 37 1 1
0 5 39 1 1
0 6 40 1 1
0 10 44 1 1
0 11 45 1 1
0 4 38 1 1
0 13 34 1 1
0 7 41 1 1
0 9 43 1 1
0 8 42 1 1
0 2 36 1 1
0 1 35 1 1
0 2 35 1 1
0 3 35 1 1
0 12 35 1 1
0 4 35 1 1
0 5 35 1 1
0 8 35 1 1
0 6 35 1 1
0 9 35 1 1
0 7 35 1 1
0 10 35 1 1
0 11 35 1 1
0 1 35 1 1
0 3 39 1 1
0 5 41 1 1
0 6 42 1 1
0 10 46 1 1
0 11 47 1 1
0 4 40 1 1
0 13 36 1 1
0 7 43 1 1
0 9 45 1 1
0 8 44 1 1
0 2 38 1 1
0 1 37 1 1
0 2 37 1 1
0 3 37 1 1
0 12 37 1 1
0 4 37 1 1
0 5 37 1 1
0 8 37 1 1
0 6 37 1 1
0 9 37 1 1
0 7 37 1 1
0 10 37 1 1
0 11 37 1 1
0 1 37 1 1
0 3 41 1 1
0 5 43 1 1
0 6 44 1 1
0 10 48 1 1
0 11 49 1 1
0 4 42 1 1
0 13 38 1 1
0 7 45 1 1
0 9 47 1 1
0 8 46 1 1
0 2 40 1 1
0 1 39 1 1
0 2 39 1 1
0 3 39 1 1
0 12 39 1 1
0 4 39 1 1
0 5 39 1 1
0 8 39 1 1
0 6 39 1 1
0 9 39 1 1
0 7 39 1 1
0 10 39 1 1
0 11 39 1 1
0 1 39 1 1
0 3 43 1 1
0 5 45 1 1
0 6 46 1 1
0 10 50 1 1
0 11 51 1 1
0 4 44 1 1
0 13 40 1 1
0 7 47 1 1
0 9 49 1 1
0 8 48 1 1
0 2 42 1 1
0 1 41 1 1
0 2 41 1 1
0 3 41 1 1
0 12 41 1 1
0 4 41 1 1
0 5 41 1 1
0 8 41 1 1
0 6 41 1 1
0 9 41 1 1
0 7 41 1 1
0 10 41 1 1
0 11 41 1 1
0 1 41 1 1
0 3 45 1 1
0 5 47 1 1
0 6 48 1 1
0 10 52 1 1
0 11 53 1 1
0 4 46 1 1
0 13 42 1 1
0 7 49 1 1
0 9 51 1 1
0 8 50 1 1
0 2 44 1 1
0 1 43 1 1
0 2 43 1 1
0 3 43 1 1
0 12 43 1 1
0 4 43 1 1
0 5 43 1 1
0 8 43 1 1
0 6 43 1 1
0 9 43 1 1
0 7 43 1 1
0 10 43 1 1
0 11 43 1 1
0 1 43 1 1
0 3 47 1 1
0 5 49 1 1
0 6 50 1 1
0 10 54 1 1
0 11 55 1 1
0 4 48 1 1
0 13 44 1 1
0 7 51 1 1
0 9 53 1 1
0 8 52 1 1
0 2 46 1 1
0 1 45 1 1
0 2 45 1 1
0 3 45 1 1
0 12 45 1 1
0 4 45 1 1
0 5 45 1 1
0 8 45 1 1
0 6 45 1 1
0 9 45 1 1
0 7 45 1 1
0 10 45 1 1
0 11 45 1 1
0 1 45 1 1
0 3 49 1 1
0 5 51 1 1
0 6 52 1 1
0 10 56 1 1
0 11 57 1 1
0 4 50 1 1
0 13 46 1 1
0 7 53 1 1
0 9 55 1 1
0 8 54 1 1
0 2 48 1 1
0 1 47 1 1
0 2 47 1 1
0 3 47 1 1
0 12 47 1 1
0 4 47 1 1
0 5 47 1 1
0 8 47 1 1
0 6 47 1 1
0 9 47 1 1
0 7 47 1 1
0 10 47 1 1
0 11 47 1 1
0 1 47 1 1
0 3 51 1 1
0 5 53 1 1
0 6 54 1 1
0 10 58 1 1
0 11 59 1 1
0 4 52 1 1
0 13 48 1 1
0 7 55 1 1
0 9 57 1 1
0 8 56 1 1
0 2 50 1 1
0 1 49 1 1
0 2 49 1 1
0 3 49 1 1
0 12 49 1 1
0 4 49 1 1
0 5 49 1 1
0 8 49 1 1
0 6 49 1 1
0 9 49 1 1
0 7 49 1 1
0 10 49 1 1
0 11 49 1 1
0 1 49 1 1
0 3 53 1 1
0 5 55 1 1
0 6 56 1 1
0 10 60 1 1
0 11 61 1 1
0 4 54 1 1
0 13 50 1 1
0 7 57 1 1
0 9 59 1 1
0 8 58 1 1
0 2 52 1 1
0 1 51 1 1
0 2 51 1 1
0 3 51 1 1
0 12 51 1 1
0 4 51 1 1
0 5 51 1 1
0 8 51 1 1
0 6 51 1 1
0 9 51 1 1
0 7 51 1 1
0 10 51 1 1
0 11 51 1 1
0 1 51 1 1
0 3 55 1 1
0 5 57 1 1
0 6 58 1 1
0 10 62 1 1
0 11 63 1 1
0 4 56 1 1
0 13 52 1 1
0 7 59 1 1
0 9 61 1 1
0 8 60 1 1
0 2 54 1 1
0 1 53 1 1
0 2 53 1 1
0 3 53 1 1
0 12 53 1 1
0 4 53 1 1
0 5 53 1 1
0 8 53 1 1
0 6 53 1 1
0 9 53 1 1
0 7 53 1 1
0 10 53 1 1
0 11 53 1 1
0 1 53 1 1
0 3 57 1 1
0 5 59 1 1
0 6 60 1 1
0 10 64 1 1
0 11 65 1 1
0 4 58 1 1
0 13 54 1 1
0 7 61 1 1
0 9 63 1 1
0 8 62 1 1
0 2 56 1 1
0 1 55 1 1
0 2 55 1 1
0 3 55 1 1
0 12 55 1 1
0 4 55 1 1
0 5 55 1 1
0 8 55 1 1
0 6 55 1 1
0 9 55 1 1
0 7 55 1 1
0 10 55 1 1
0 11 55 1 1
0 1 55 1 1
0 3 59 1 1
0 5 61 1 1
0 6 62 1 1
0 10 66 1 1
0 11 67 1 1
0 4 60 1 1
0 13 56 1 1
0 7 63 1 1
0 9 65 1 1
0 8 64 1 1
0 2 58 1 1
0 1 57 1 1
0 2 57 1 1
0 3 57 1 1
0 12 57 1 1
0 4 57 1 1
0 5 57 1 1
0 8 57 1 1
0 6 57 1 1
0 9 57 1 1
0 7 57 1 1
0 10 57 1 1
0 11 57 1 1
0 1 57 1 1
0 3 61 1 1
0 5 63 1 1
0 6 64 1 1
0 10 68 1 1
0 11 69 1 1
0 4 62 1 1
0 13 58 1 1
0 7 65 1 1
0 9 67 1 1
0 8 66 1 1
0 2 60 1 1
0 1 59 1 1
0 2 59 1 1
0 3 59 1 1
0 12 59 1 1
0 4 59 1 1
0 5 59 1 1
0 8 59 1 1
0 6 59 1 1
0 9 59 1 1
0 7 59 1 1
0 10 59 1 1
0 11 59 1 1
0 1 59 1 1
0 3 63 1 1
0 5 65 1 1
0 6 66 1 1
0 10 70 1 1
0 11 71 1 1
0 4 64 1 1
0 13 60 1 1
0 7 67 1 1
0 9 69 1 1
0 8 68 1 1
0 2 62 1 1
0 1 61 1 1
0 2 61 1 1
0 3 61 1 1
0 12 61 1 1
0 4 61 1 1
0 5 61 1 1
0 8 61 1 1
0 6 61 1 1
0 9 61 1 1
0 7 61 1 1
0 10 61 1 1
0 11 61 1 1
0 1 61 1 1
0 3 65 1 1
0 5 67 1 1
0 6 68 1 1
0 10 72 1 1
0 11 73 1 1
0 4 66 1 1
0 13 62 1 1
0 7 69 1 1
0 9 71 1 1
0 8 70 1 1
0 2 64 1 1
0 1 63 1 1
0 2 63 1 1
0 3 63 1 1
0 12 63 1 1
0 4 63 1 1
0 5 63 1 1
0 8 63 1 1
0 6 63 1 1
0 9 63 1 1
0 7 63 1 1
0 10 63 1 1
0 11 63 1 1
0 1 63 1 1
0 3 67 1 1
0 5 69 1 1
0 6 70 1 1
0 10 74 1 1
0 11 75 1 1
0 4 68 1 1
0 13 64 1 1
0 7 71 1 1
0 9 73 1 1
0 8 72 1 1
0 2 66 1 1
0 1 65 1 1
0 2 65 1 1
0 3 65 1 1
0 12 65 1 1
0 4 65 1 1
0 5 65 1 1
0 8 65 1 1
0 6 65 1 1
0 9 65 1 1
0 7 65 1 1
0 10 65 1 1
0 11 65 1 1
0 1 65 1 1
0 3 69 1 1
0 5 71 1 1
0 6 72 1 1
0 10 76 1 1
0 11 77 1 1
0 4 70 1 1
0 13 66 1 1
0 7 73 1 1
0 9 75 1 1
0 8 74 1 1
0 2 68 1 1
0 1 67 1 1
0 2 67 1 1
0 3 67 1 1
0 12 67 1 1
0 4 67 1 1
0 5 67 1 1
0 8 67 1 1
0 6 67 1 1
0 9 67 1 1
0 7 67 1 1
0 10 67 1 1
0 11 67 1 1
0 1 67 1 1
0 3 71 1 1
0 5 73 1 1
0 6 74 1 1
0 10 78 1 1
0 11 79 1 1
0 4 72 1 1
0 13 68 1 1
0 7 75 1 1
0 9 77 1 1
0 8 76 1 1
0 2 70 1 1
0 1 69 1 1
0 2 69 1 1
0 3 69 1 1
0 12 69 1 1
0 4 69 1 1
0 5 69 1 1
0 8 69 1 1
0 6 69 1 1
0 9 69 1 1
0 7 69 1 1
0 10 69 1 1
0 11 69 1 1
0 1 69 1 1
0 3 73 1 1
0 5 75 1 1
0 6 76 1 1
0 10 80 1 1
0 11 81 1 1
0 4 74 1 1
0 13 70 1 1
0 7 77 1 1
0 9 79 1 1
0 8 78 1 1
0 2 72 1 1
0 1 71 1 1
0 2 71 1 1
0 3 71 1 1
0 12 71 1 1
0 4 71 1 1
0 5 71 1 1
0 8 71 1 1
0 6 71 1 1
0 9 71 1 1
0 7 71 1 1
0 10 71 1 1
0 11 71 1 1
0 1 71 1 1
0 3 75 1 1
0 5 77 1 1
0 6 78 1 1
0 10 82 1 1
0 11 83 1 1
0 4 76 1 1
0 13 72 1 1
0 7 79 1 1
0 9 81 1 1
0 8 80 1 1
0 2 74 1 1
0 1 73 1 1
0 2 73 1 1
0 3 73 1 1
0 12 73 1 1
0 4 73 1 1
0 5 73 1 1
0 8 73 1 1
0 6 73 1 1
0 9 73 1 1
0 7 73 1 1
0 10 73 1 1
0 11 73 1 1
0 1 73 1 1
0 3 77 1 1
0 5 79 1 1
0 6 80 1 1
0 10 84 1 1
0 11 85 1 1
0 4 78 1 1
0 13 74 1 1
0 7 81 1 1
0 9 83 1 1
0 8 82 1 1
0 2 76 1 1
0 1 75 1 1
0 2 75 1 1
0 3 75 1 1
0 12 75 1 1
0 4 75 1 1
0 5 75 1 1
0 8 75 1 1
0 6 75 1 1
0 9 75 1 1
0 7 75 1 1
0 10 75 1 1
0 11 75 1 1
0 1 75 1 1
0 3 79 1 1
0 5 81 1 1
0 6 82 1 1
0 10 86 1 1
0 11 87 1 1
0 4 80 1 1
0 13 76 1 1
0 7 83 1 1
0 9 85 1 1
0 8 84 1 1
0 2 78 1 1
0 1 77 1 1
0 2 77 1 1
0 3 77 1 1
0 12 77 1 1
0 4 77 1 1
0 5 77 1 1
0 8 77 1 1
0 6 77 1 1
0 9 77 1 1
0 7 77 1 1
0 10 77 1 1
0 11 77 1 1
0 1 77 1 1
0 3 81 1 1
0 5 83 1 1
0 6 84 1 1
0 10 88 1 1
0 11 89 1 1
0 4 82 1 1
0 13 78 1 1
0 7 85 1 1
0 9 87 1 1
0 8 86 1 1
0 2 80 1 1
0 1 79 1 1
0 2 79 1 1
0 3 79 1 1
0 12 79 1 1
0 4 79 1 1
0 5 79 1 1
0 8 79 1 1
0 6 79 1 1
0 9 79 1 1
0 7 79 1 1
0 10 79 1 1
0 11 79 1 1
0 1 79 1 1
0 3 83 1 1
0 5 85 1 1
0 6 86 1 1
0 10 90 1 1
0 11 91 1 1
0 4 84 1 1
0 13 80 1 1
0 7 87 1 1
0 9 89 1 1
0 8 88 1 1
0 2 82 1 1
0 1 81 1 1
0 2 81 1 1
0 3 81 1 1
0 12 81 1 1
0 4 81 1 1
0 5 81 1 1
0 8 81 1 1
0 6 81 1 1
0 9 81 1 1
0 7 81 1 1
0 10 81 1 1
0 11 81 1 1
0 1 81 1 1
0 3 85 1 1
0 5 87 1 1
0 6 88 1 1
0 10 92 1 1
0 11 93 1 1
0 4 86 1 1
0 13 82 1 1
0 7 89 1 1
0 9 91 1 1
0 8 90 1 1
0 2 84 1 1
0 1 83 1 1
0 2 83 1 1
0 3 83 1 1
0 12 83 1 1
0 4 83 1 1
0 5 83 1 1
0 8 83 1 1
0 6 83 1 1
0 9 83 1 1
0 7 83 1 1
0 10 83 1 1
0 11 83 1 1
0 1 83 1 1
0 3 87 1 1
0 5 89 1 1
0 6 90 1 1
0 10 94 1 1
0 11 95 1 1
0 4 88 1 1
0 13 84 1 1
0 7 91 1 1
0 9 93 1 1
0 8 92 1 1
0 2 86 1 1
0 1 85 1 1
0 2 85 1 1
0 3 85 1 1
0 12 85 1 1
0 4 85 1 1
0 5 85 1 1
0 8 85 1 1
0 6 85 1 1
0 9 85 1 1
0 7 85 1 1
0 10 85 1 1
0 11 85 1 1
0 1 85 1 1
0 3 89 1 1
0 5 91 1 1
0 6 92 1 1
0 10 96 1 1
0 11 97 1 1
0 4 90 1 1
0 13 86 1 1
0 7 93 1 1
0 9 95 1 1
0 8 94 1 1
0 2 88 1 1
0 1 87 1 1
0 2 87 1 1
0 3 87 1 1
0 12 87 1 1
0 4 87 1 1
0 5 87 1 1
0 8 87 1 1
0 6 87 1 1
0 9 87 1 1
0 7 87 1 1
0 10 87 1 1
0 11 87 1 1
0 1 87 1 1
0 3 91 1 1
0 5 93 1 1
0 6 94 1 1
0 10 98 1 1
0 11 99 1 1
0 4 92 1 1
0 13 88 1 1
0 7 95 1 1
0 9 97 1 1
0 8 96 1 1
0 2 90 1 1
0 1 89 1 1
0 2 89 1 1
0 3 89 1 1
0 12 89 1 1
0 4 89 1 1
0 5 89 1 1
0 8 89 1 1
0 6 89 1 1
0 9 89 1 1
0 7 89 1 1
0 10 89 1 1
0 11 89 1 1
0 1 89 1 1
0 3 93 1 1
0 5 95 1 1
0 6 96 1 1
0 10 100 1 1
0 11 101 1 1
0 4 94 1 1
0 13 90 1 1
0 7 97 1 1
0 9 99 1 1
0 8 98 1 1
0 2 92 1 1
0 1 91 1 1
0 2 91 1 1
0 3 91 1 1
0 12 91 1 1
0 4 91 1 1
0 5 91 1 1
0 8 91 1 1
0 6 91 1 1
0 9 91 1 1
0 7 91 1 1
0 10 91 1 1
0 11 91 1 1
0 1 91 1 1
0 3 95 1 1
0 5 97 1 1
0 6 98 1 1
0 10 102 1 1
0 11 103 1 1
0 4 96 1 1
0 13 92 1 1
0 7 99 1 1
0 9 101 1 1
0 8 100 1 1
0 2 94 1 1
0 1 93 1 1
0 2 93 1 1
0 3 93 1 1
0 12 93 1 1
0 4 93 1 1
0 5 93 1 1
0 8 93 1 1
0 6 93 1 1
0 9 93 1 1
0 7 93 1 1
0 10 93 1 1
0 11 93 1 1
0 1 93 1 1
0 3 97 1 1
0 5 99 1 1
0 6 100 1 1
0 10 104 1 1
0 11 105 1 1
0 4 98 1 1
0 13 94 1 1
0 7 101 1 1
0 9 103 1 1
0 8 102 1 1
0 2 96 1 1
0 1 95 1 1
0 2 95 1 1
0 3 95 1 1
0 12 95 1 1
0 4 95 1 1
0 5 95 1 1
0 8 95 1 1
0 6 95 1 1
0 9 95 1 1
0 7 95 1 1
0 10 95 1 1
0 11 95 1 1
0 1 95 1 1
0 3 99 1 1
0 5 101 1 1
0 6 102 1 1
0 10 106 1 1
0 11 107 1 1
0 4 100 1 1
0 13 96 1 1
0 7 103 1 1
0 9 105 1 1
0 8 104 1 1
0 2 98 1 1
0 1 97 1 1
0 2 97 1 1
0 3 97 1 1
0 12 97 1 1
0 4 97 1 1
0 5 97 1 1
0 8 97 1 1
0 6 97 1 1
0 9 97 1 1
0 7 97 1 1
0 10 97 1 1
0 11 97 1 1
0 1 97 1 1
0 3 101 1 1
0 5 103 1 1
0 6 104 1 1
0 10 108 1 1
0 11 109 1 1
0 4 102 1 1
0 13 98 1 1
0 7 105 1 1
0 9 107 1 1
0 8 106 1 1
0 2 100 1 1
0 1 99 1 1
0 2 99 1 1
0 3 99 1 1
0 12 99 1 1
0 4 99 1 1
0 5 99 1 1
0 8 99 1 1
0 6 99 1 1
0 9 99 1 1
0 7 99 1 1
0 10 99 1 1
0 11 99 1 1
0 1 99 1 1
0 3 103 1 1
0 5 105 1 1
0 6 106 1 1
0 10 110 1 1
0 11 111 1 1
0 4 104 1 1
0 13 100 1 1
0 7 107 1 1
0 9 109 1 1
0 8 108 1 1
0 2 102 1 1
0 1 101 1 1
0 2 101 1 1
0 3 101 1 1
0 12 101 1 1
0 4 101 1 1
0 5 101 1 1
0 8 101 1 1
0 6 101 1 1
0 9 101 1 1
0 7 101 1 1
0 10 101 1 1
0 11 101 1 1
0 1 101 1 1
0 3 105 1 1
0 5 107 1 1
0 6 108 1 1
0 10 112 1 1
0 11 113 1 1
0 4 106 1 1
0 13 102 1 1
0 7 109 1 1
0 9 111 1 1
0 8 110 1 1
0 2 104 1 1
0 1 103 1 1
0 2 103 1 1
0 3 103 1 1
0 12 103 1 1
0 4 103 1 1
0 5 103 1 1
0 8 103 1 1
0 6 103 1 1
0 9 103 1 1
0 7 103 1 1
0 10 103 1 1
0 11 103 1 1
0 1 103 1 1
0 3 107 1 1
0 5 109 1 1
0 6 110 1 1
0 10 114 1 1
0 11 115 1 1
0 4 108 1 1
0 13 104 1 1
0 7 111 1 1
0 9 113 1 1
0 8 112 1 1
0 2 106 1 1
0 1 105 1 1
0 2 105 1 1
0 3 105 1 1
0 12 105 1 1
0 4 105 1 1
0 5 105 1 1
0 8 105 1 1
0 6 105 1 1
0 9 105 1 1
0 7 105 1 1
0 10 105 1 1
0 11 105 1 1
0 1 105 1 1
0 3 109 1 1
0 5 111 1 1
0 6 112 1 1
0 10 116 1 1
0 11 117 1 1
0 4 110 1 1
0 13 106 1 1
0 7 113 1 1
0 9 115 1 1
0 8 114 1 1
0 2 108 1 1
0 1 107 1 1
0 2 107 1 1
0 3 107 1 1
0 12 107 1 1
0 4 107 1 1
0 5 107 1 1
0 8 107 1 1
0 6 107 1 1
0 9 107 1 1
0 7 107 1 1
0 10 107 1 1
0 11 107 1 1
0 1 107 1 1
0 3 111 1 1
0 5 113 1 1
0 6 114 1 1
0 10 118 1 1
0 11 119 1 1
0 4 112 1 1
0 13 108 1 1
0 7 115 1 1
0 9 117 1 1
0 8 116 1 1
0 2 110 1 1
0 1 109 1 1
0 2 109 1 1
0 3 109 1 1
0 12 109 1 1
0 4 109 1 1
0 5 109 1 1
0 8 109 1 1
0 6 109 1 1
0 9 109 1 1
0 7 109 1 1
0 10 109 1 1
0 11 109 1 1
0 1 109 1 1
0 3 113 1 1
0 5 115 1 1
0 6 116 1 1
0 10 120 1 1
0 11 121 1 1
0 4 114 1 1
0 13 110 1 1
0 7 117 1 1
0 9 119 1 1
0 8 118 1 1
0 2 112 1 1
0 1 111 1 1
0 2 111 1 1
0 3 111 1 1
0 12 111 1 1
0 4 111 1 1
0 5 111 1 1
0 8 111 1 1
0 6 111 1 1
0 9 111 1 1
0 7 111 1 1
0 10 111 1 1
0 11 111 1 1
0 1 111 1 1
0 3 115 1 1
0 5 117 1 1
0 6 118 1 1
0 10 122 1 1
0 11 123 1 1
0 4 116 1 1
0 13 112 1 1
0 7 119 1 1
0 9 121 1 1
0 8 120 1 1
0 2 114 1 1
0 1 113 1 1
0 2 113 1 1
0 3 113 1 1
0 12 113 1 1
0 4 113 1 1
0 5 113 1 1
0 8 113 1 1
0 6 113 1 1
0 9 113 1 1
0 7 113 1 1
0 10 113 1 1
0 11 113 1 1
0 1 113 1 1
0 3 117 1 1
0 5 119 1 1
0 6 120 1 1
0 10 124 1 1
0 11 125 1 1
0 4 118 1 1
0 13 114 1 1
0 7 121 1 1
0 9 123 1 1
0 8 122 1 1
0 2 116 1 1
0 1 115 1 1
0 2 115 1 1
0 3 115 1 1
0 12 115 1 1
0 4 115 1 1
0 5 115 1 1
0 8 115 1 1
0 6 115 1 1
0 9 115 1 1
0 7 115 1 1
0 10 115 1 1
0 11 115 1 1
0 1 115 1 1
0 3 119 1 1
0 5 121 1 1
0 6 122 1 1
0 10 126 1 1
0 11 127 1 1
0 4 120 1 1
0 13 116 1 1
0 7 123 1 1
0 9 125 1 1
0 8 124 1 1
0 2 118 1 1
0 1 117 1 1
0 2 117 1 1
0 3 117 1 1
0 12 117 1 1
0 4 117 1 1
0 5 117 1 1
0 8 117 1 1
0 6 117 1 1
0 9 117 1 1
0 7 117 1 1
0 10 117 1 1
0 11 117 1 1
0 1 117 1 1
0 3 121 1 1
0 5 123 1 1
0 6 124 1 1
0 10 128 1 1
0 11 129 1 1
0 4 122 1 1
0 13 118 1 1
0 7 125 1 1
0 9 127 1 1
0 8 126 1 1
0 2 120 1 1
0 1 119 1 1
0 2 119 1 1
0 3 119 1 1
0 12 119 1 1
0 4 119 1 1
0 5 119 1 1
0 8 119 1 1
0 6 119 1 1
0 9 119 1 1
0 7 119 1 1
0 10 119 1 1
0 11 119 1 1
0 1 119 1 1
0 3 123 1 1
0 5 125 1 1
0 6 126 1 1
0 10 130 1 1
0 11 131 1 1
0 4 124 1 1
0 13 120 1 1
0 7 127 1 1
0 9 129 1 1
0 8 128 1 1
0 2 122 1 1
0 1 121 1 1
0 2 121 1 1
0 3 121 1 1
0 12 121 1 1
0 4 121 1 1
0 5 121 1 1
0 8 121 1 1
0 6 121 1 1
0 9 121 1 1
0 7 121 1 1
0 10 121 1 1
0 11 121 1 1
0 1 121 1 1
0 3 125 1 1
0 5 127 1 1
0 6 128 1 1
0 10 132 1 1
0 11 133 1 1
0 4 126 1 1
0 13 122 1 1
0 7 129 1 1
0 9 131 1 1
0 8 130 1 1
0 2 124 1 1
0 1 123 1 1
0 2 123 1 1
0 3 123 1 1
0 12 123 1 1
0 4 123 1 1
0 5 123 1 1
0 8 123 1 1
0 6 123 1 1
0 9 123 1 1
0 7 123 1 1
0 10 123 1 1
0 11 123 1 1
0 1 123 1 1
0 3 127 1 1
0 5 129 1 1
0 6 130 1 1
0 10 134 1 1
0 11 135 1 1
0 4 128 1 1
0 13 124 1 1
0 7 131 1 1
0 9 133 1 1
0 8 132 1 1
0 2 126 1 1
0 1 125 1 1
0 2 125 1 1
0 3 125 1 1
0 12 125 1 1
0 4 125 1 1
0 5 125 1 1
0 8 125 1 1
0 6 125 1 1
0 9 125 1 1
0 7 125 1 1
0 10 125 1 1
0 11 125 1 1
0 1 125 1 1
0 3 129 1 1
0 5 131 1 1
0 6 132 1 1
0 10 136 1 1
0 11 137 1 1
0 4 130 1 1
0 13 126 1 1
0 7 133 1 1
0 9 135 1 1
0 8 134 1 1
0 2 128 1 1
0 1 127 1 1
0 2 127 1 1
0 3 127 1 1
0 12 127 1 1
0 4 127 1 1
0 5 127 1 1
0 8 127 1 1
0 6 127 1 1
0 9 127 1 1
0 7 127 1 1
0 10 127 1 1
0 11 127 1 1
0 1 127 1 1
0 3 131 1 1
0 5 133 1 1
0 6 134 1 1
0 10 138 1 1
0 11 139 1 1
0 4 132 1 1
0 13 128 1 1
0 7 135 1 1
0 9 137 1 1
0 8 136 1 1
0 2 130 1 1
0 1 129 1 1
0 2 129 1 1
0 3 129 1 1
0 12 129 1 1
0 4 129 1 1
0 5 129 1 1
0 8 129 1 1
0 6 129 1 1
0 9 129 1 1
0 7 129 1 1
0 10 129 1 1
0 11 129 1 1
0 1 129 1 1
0 3 133 1 1
0 5 135 1 1
0 6 136 1 1
0 10 140 1 1
0 11 141 1 1
0 4 134 1 1
0 13 130 1 1
0 7 137 1 1
0 9 139 1 1
0 8 138 1 1
0 2 132 1 1
0 1 131 1 1
0 2 131 1 1
0 3 131 1 1
0 12 131 1 1
0 4 131 1 1
0 5 131 1 1
0 8 131 1 1
0 6 131 1 1
0 9 131 1 1
0 7 131 1 1
0 10 131 1 1
0 11 131 1 1
0 1 131 1 1
0 3 135 1 1
0 5 137 1 1
0 6 138 1 1
0 10 142 1 1
0 11 143 1 1
0 4 136 1 1
0 13 132 1 1
0 7 139 1 1
0 9 141 1 1
0 8 140 1 1
0 2 134 1 1
0 1 133 1 1
0 2 133 1 1
0 3 133 1 1
0 12 133 1 1
0 4 133 1 1
0 5 133 1 1
0 8 133 1 1
0 6 133 1 1
0 9 133 1 1
0 7 133 1 1
0 10 133 1 1
0 11 133 1 1
0 1 133 1 1
0 3 137 1 1
0 5 139 1 1
0 6 140 1 1
0 10 144 1 1
0 11 145 1 1
0 4 138 1 1
0 13 134 1 1
0 7 141 1 1
0 9 143 1 1
0 8 142 1 1
0 2 136 1 1
0 1 135 1 1
0 2 135 1 1
0 3 135 1 1
0 12 135 1 1
0 4 135 1 1
0 5 135 1 1
0 8 135 1 1
0 6 135 1 1
0 9 135 1 1
0 7 135 1 1
0 10 135 1 1
0 11 135 1 1
0 1 135 1 1
0 3 139 1 1
0 5 141 1 1
0 6 142 1 1
0 10 146 1 1
0 11 147 1 1
0 4 140 1 1
0 13 136 1 1
0 7 143 1 1
0 9 145 1 1
0 8 144 1 1
0 2 138 1 1
0 1 137 1 1
0 2 137 1 1
0 3 137 1 1
0 12 137 1 1
0 4 137 1 1
0 5 137 1 1
0 8 137 1 1
0 6 137 1 1
0 9 137 1 1
0 7 137 1 1
0 10 137 1 1
0 11 137 1 1
0 1 137 1 1
0 3 141 1 1
0 5 143 1 1
0 6 144 1 1
0 10 148 1 1
0 11 149 1 1
0 4 142 1 1
0 13 138 1 1
0 7 145 1 1
0 9 147 1 1
0 8 146 1 1
0 2 140 1 1
0 1 139 1 1
0 2 139 1 1
0 3 139 1 1
0 12 139 1 1
0 4 139 1 1
0 5 139 1 1
0 8 139 1 1
0 6 139 1 1
0 9 139 1 1
0 7 139 1 1
0 10 139 1 1
0 11 139 1 1
0 1 139 1 1
0 3 143 1 1
0 5 145 1 1
0 6 146 1 1
0 10 150 1 1
0 11 151 1 1
0 4 144 1 1
0 13 140 1 1
0 7 147 1 1
0 9 149 1 1
0 8 148 1 1
0 2 142 1 1
0 1 141 1 1
0 2 141 1 1
0 3 141 1 1
0 12 141 1 1
0 4 141 1 1
0 5 141 1 1
0 8 141 1 1
0 6 141 1 1
0 9 141 1 1
0 7 141 1 1
0 10 141 1 1
0 11 141 1 1
0 1 141 1 1
0 3 145 1 1
0 5 147 1 1
0 6 148 1 1
0 10 152 1 1
0 11 153 1 1
0 4 146 1 1
0 13 142 1 1
0 7 149 1 1
0 9 151 1 1
0 8 150 1 1
0 2 144 1 1
0 1 143 1 1
0 2 143 1 1
0 3 143 1 1
0 12 143 1 1
0 4 143 1 1
0 5 143 1 1
0 8 143 1 1
0 6 143 1 1
0 9 143 1 1
0 7 143 1 1
0 10 143 1 1
0 11 143 1 1
0 1 143 1 1
0 3 147 1 1
0 5 149 1 1
0 6 150 1 1
0 10 154 1 1
0 11 155 1 1
0 4 148 1 1
0 13 144 1 1
0 7 151 1 1
0 9 153 1 1
0 8 152 1 1
0 2 146 1 1
0 1 145 1 1
0 2 145 1 1
0 3 145 1 1
0 12 145 1 1
0 4 145 1 1
0 5 145 1 1
0 8 145 1 1
0 6 145 1 1
0 9 145 1 1
0 7 145 1 1
0 10 145 1 1
0 11 145 1 1
0 1 145 1 1
0 3 149 1 1
0 5 151 1 1
0 6 152 1 1
0 10 156 1 1
0 11 157 1 1
0 4 150 1 1
0 13 146 1 1
0 7 153 1 1
0 9 155 1 1
0 8 154 1 1
0 2 148 1 1
0 1 147 1 1
0 2 147 1 1
0 3 147 1 1
0 12 147 1 1
0 4 147 1 1
0 5 147 1 1
0 8 147 1 1
0 6 147 1 1
0 9 147 1 1
0 7 147 1 1
0 10 147 1 1
0 11 147 1 1
0 1 147 1 1
0 3 151 1 1
0 5 153 1 1
0 6 154 1 1
0 10 158 1 1
0 11 159 1 1
0 4 152 1 1
0 13 148 1 1
0 7 155 1 1
0 9 157 1 1
0 8 156 1 1
0 2 150 1 1
0 1 149 1 1
0 2 149 1 1
0 3 149 1 1
0 12 149 1 1
0 4 149 1 1
0 5 149 1 1
0 8 149 1 1
0 6 149 1 1
0 9 149 1 1
0 7 149 1 1
0 10 149 1 1
0 11 149 1 1
0 1 149 1 1
0 3 153 1 1
0 5 155 1 1
0 6 156 1 1
0 10 160 1 1
0 11 161 1 1
0 4 154 1 1
0 13 150 1 1
0 7 157 1 1
0 9 159 1 1
0 8 158 1 1
0 2 152 1 1
0 1 151 1 1
0 2 151 1 1
0 3 151 1 1
0 12 151 1 1
0 4 151 1 1
0 5 151 1 1
0 8 151 1 1
0 6 151 1 1
0 9 151 1 1
0 7 151 1 1
0 10 151 1 1
0 11 151 1 1
0 1 151 1 1
0 3 155 1 1
0 5 157 1 1
0 6 158 1 1
0 10 162 1 1
0 11 163 1 1
0 4 156 1 1
0 13 152 1 1
0 7 159 1 1
0 9 161 1 1
0 8 160 1 1
0 2 154 1 1
0 1 153 1 1
0 2 153 1 1
0 3 153 1 1
0 12 153 1 1
0 4 153 1 1
0 5 153 1 1
0 8 153 1 1
0 6 153 1 1
0 9 153 1 1
0 7 153 1 1
0 10 153 1 1
0 11 153 1 1
0 1 153 1 1
0 3 157 1 1
0 5 159 1 1
0 6 160 1 1
0 10 164 1 1
0 11 165 1 1
0 4 158 1 1
0 13 154 1 1
0 7 161 1 1
0 9 163 1 1
0 8 162 1 1
0 2 156 1 1
0 1 155 1 1
0 2 155 1 1
0 3 155 1 1
0 12 155 1 1
0 4 155 1 1
0 5 155 1 1
0 8 155 1 1
0 6 155 1 1
0 9 155 1 1
0 7 155 1 1
0 10 155 1 1
0 11 155 1 1
0 1 155 1 1
0 3 159 1 1
0 5 161 1 1
0 6 162 1 1
0 10 166 1 1
0 11 167 1 1
0 4 160 1 1
0 13 156 1 1
0 7 163 1 1
0 9 165 1 1
0 8 164 1 1
0 2 158 1 1
0 1 157 1 1
0 2 157 1 1
0 3 157 1 1
0 12 157 1 1
0 4 157 1 1
0 5 157 1 1
0 8 157 1 1
0 6 157 1 1
0 9 157 1 1
0 7 157 1 1
0 10 157 1 1
0 11 157 1 1
0 1 157 1 1
0 3 161 1 1
0 5 163 1 1
0 6 164 1 1
0 10 168 1 1
0 11 169 1 1
0 4 162 1 1
0 13 158 1 1
0 7 165 1 1
0 9 167 1 1
0 8 166 1 1
0 2 160 1 1
0 1 159 1 1
0 2 159 1 1
0 3 159 1 1
0 12 159 1 1
0 4 159 1 1
0 5 159 1 1
0 8 159 1 1
0 6 159 1 1
0 9 159 1 1
0 7 159 1 1
0 10 159 1 1
0 11 159 1 1
0 1 159 1 1
0 3 163 1 1
0 5 165 1 1
0 6 166 1 1
0 10 170 1 1
0 11 171 1 1
0 4 164 1 1
0 13 160 1 1
0 7 167 1 1
0 9 169 1 1
0 8 168 1 1
0 2 162 1 1
0 1 161 1 1
0 2 161 1 1
0 3 161 1 1
0 12 161 1 1
0 4 161 1 1
0 5 161 1 1
0 8 161 1 1
0 6 161 1 1
0 9 161 1 1
0 7 161 1 1
0 10 161 1 1
0 11 161 1 1
0 1 161 1 1
0 3 165 1 1
0 5 167 1 1
0 6 168 1 1
0 10 172 1 1
0 11 173 1 1
0 4 166 1 1
0 13 162 1 1
0 7 169 1 1
0 9 171 1 1
0 8 170 1 1
0 2 164 1 1
0 1 163 1 1
0 2 163 1 1
0 3 163 1 1
0 12 163 1 1
0 4 163 1 1
0 5 163 1 1
0 8 163 1 1
0 6 163 1 1
0 9 163 1 1
0 7 163 1 1
0 10 163 1 1
0 11 163 1 1
0 1 163 1 1
0 3 167 1 1
0 5 169 1 1
0 6 170 1 1
0 10 174 1 1
0 11 175 1 1
0 4 168 1 1
0 13 164 1 1
0 7 171 1 1
0 9 173 1 1
0 8 172 1 1
0 2 166 1 1
0 1 165 1 1
0 2 165 1 1
0 3 165 1 1
0 12 165 1 1
0 4 165 1 1
0 5 165 1 1
0 8 165 1 1
0 6 165 1 1
0 9 165 1 1
0 7 165 1 1
0 10 165 1 1
0 11 165 1 1
0 1 165 1 1
0 3 169 1 1
0 5 171 1 1
0 6 172 1 1
0 10 176 1 1
0 11 177 1 1
0 4 170 1 1
0 13 166 1 1
0 7 173 1 1
0 9 175 1 1
0 8 174 1 1
0 2 168 1 1
0 1 167 1 1
0 2 167 1 1
0 3 167 1 1
0 12 167 1 1
0 4 167 1 1
0 5 167 1 1
0 8 167 1 1
0 6 167 1 1
0 9 167 1 1
0 7 167 1 1
0 10 167 1 1
0 11 167 1 1
0 1 167 1 1
0 3 171 1 1
0 5 173 1 1
0 6 174 1 1
0 10 178 1 1
0 11 179 1 1
0 4 172 1 1
0 13 168 1 1
0 7 175 1 1
0 9 177 1 1
0 8 176 1 1
0 2 170 1 1
0 1 169 1 1
0 2 169 1 1
0 3 169 1 1
0 12 169 1 1
0 4 169 1 1
0 5 169 1 1
0 8 169 1 1
0 6 169 1 1
0 9 169 1 1
0 7 169 1 1
0 10 169 1 1
0 11 169 1 1
0 1 169 1 1
0 3 173 1 1
0 5 175 1 1
0 6 176 1 1
0 10 180 1 1
0 11 181 1 1
0 4 174 1 1
0 13 170 1 1
0 7 177 1 1
0 9 179 1 1
0 8 178 1 1
0 2 172 1 1
0 1 171 1 1
0 2 171 1 1
0 3 171 1 1
0 12 171 1 1
0 4 171 1 1
0 5 171 1 1
0 8 171 1 1
0 6 171 1 1
0 9 171 1 1
0 7 171 1 1
0 10 171 1 1
0 11 171 1 1
0 1 171 1 1
0 3 175 1 1
0 5 177 1 1
0 6 178 1 1
0 10 182 1 1
0 11 183 1 1
0 4 176 1 1
0 13 172 1 1
0 7 179 1 1
0 9 181 1 1
0 8 180 1 1
0 2 174 1 1
0 1 173 1 1
0 2 173 1 1
0 3 173 1 1
0 12 173 1 1
0 4 173 1 1
0 5 173 1 1
0 8 173 1 1
0 6 173 1 1
0 9 173 1 1
0 7 173 1 1
0 10 173 1 1
0 11 173 1 1
0 1 173 1 1
0 3 177 1 1
0 5 179 1 1
0 6 180 1 1
0 10 184 1 1
0 11 185 1 1
0 4 178 1 1
0 13 174 1 1
0 7 181 1 1
0 9 183 1 1
0 8 182 1 1
0 2 176 1 1
0 1 175 1 1
0 2 175 1 1
0 3 175 1 1
0 12 175 1 1
0 4 175 1 1
0 5 175 1 1
0 8 175 1 1
0 6 175 1 1
0 9 175 1 1
0 7 175 1 1
0 10 175 1 1
0 11 175 1 1
0 1 175 1 1
0 3 179 1 1
0 5 181 1 1
0 6 182 1 1
0 10 186 1 1
0 11 187 1 1
0 4 180 1 1
0 13 176 1 1
0 7 183 1 1
0 9 185 1 1
0 8 184 1 1
0 2 178 1 1
0 1 177 1 1
0 2 177 1 1
0 3 177 1 1
0 12 177 1 1
0 4 177 1 1
0 5 177 1 1
0 8 177 1 1
0 6 177 1 1
0 9 177 1 1
0 7 177 1 1
0 10 177 1 1
0 11 177 1 1
0 1 177 1 1
0 3 181 1 1
0 5 183 1 1
0 6 184 1 1
0 10 188 1 1
0 11 189 1 1
0 4 182 1 1
0 13 178 1 1
0 7 185 1 1
0 9 187 1 1
0 8 186 1 1
0 2 180 1 1
0 1 179 1 1
0 2 179 1 1
0 3 179 1 1
0 12 179 1 1
0 4 179 1 1
0 5 179 1 1
0 8 179 1 1
0 6 179 1 1
0 9 179 1 1
0 7 179 1 1
0 10 179 1 1
0 11 179 1 1
0 1 179 1 1
0 3 183 1 1
0 5 185 1 1
0 6 186 1 1
0 10 190 1 1
0 11 191 1 1
0 4 184 1 1
0 13 180 1 1
0 7 187 1 1
0 9 189 1 1
0 8 188 1 1
0 2 182 1 1
0 1 181 1 1
0 2 181 1 1
0 3 181 1 1
0 12 181 1 1
0 4 181 1 1
0 5 181 1 1
0 8 181 1 1
0 6 181 1 1
0 9 181 1 1
0 7 181 1 1
0 10 181 1 1
0 11 181 1 1
0 1 181 1 1
0 3 185 1 1
0 5 187 1 1
0 6 188 1 1
0 10 192 1 1
0 11 193 1 1
0 4 186 1 1
0 13 182 1 1
0 7 189 1 1
0 9 191 1 1
0 8 190 1 1
0 2 184 1 1
0 1 183 1 1
0 2 183 1 1
0 3 183 1 1
0 12 183 1 1
0 4 183 1 1
0 5 183 1 1
0 8 183 1 1
0 6 183 1 1
0 9 183 1 1
0 7 183 1 1
0 10 183 1 1
0 11 183 1 1
0 1 183 1 1
0 3 187 1 1
0 5 189 1 1
0 6 190 1 1
0 10 194 1 1
0 11 195 1 1
0 4 188 1 1
0 13 184 1 1
0 7 191 1 1
0 9 193 1 1
0 8 192 1 1
0 2 186 1 1
0 1 185 1 1
0 2 185 1 1
0 3 185 1 1
0 12 185 1 1
0 4 185 1 1
0 5 185 1 1
0 8 185 1 1
0 6 185 1 1
0 9 185 1 1
0 7 185 1 1
0 10 185 1 1
0 11 185 1 1
0 1 185 1 1
0 3 189 1 1
0 5 191 1 1
0 6 192 1 1
0 10 196 1 1
0 11 197 1 1
0 4 190 1 1
0 13 186 1 1
0 7 193 1 1
0 9 195 1 1
0 8 194 1 1
0 2 188 1 1
0 1 187 1 1
0 2 187 1 1
0 3 187 1 1
0 12 187 1 1
0 4 187 1 1
0 5 187 1 1
0 8 187 1 1
0 6 187 1 1
0 9 187 1 1
0 7 187 1 1
0 10 187 1 1
0 11 187 1 1
0 1 187 1 1
0 3 191 1 1
0 5 193 1 1
0 6 194 1 1
0 10 198 1 1
0 11 199 1 1
0 4 192 1 1
0 13 188 1 1
0 7 195 1 1
0 9 197 1 1
0 8 196 1 1
0 2 190 1 1
0 1 189 1 1
0 2 189 1 1
0 3 189 1 1
0 12 189 1 1
0 4 189 1 1
0 5 189 1 1
0 8 189 1 1
0 6 189 1 1
0 9 189 1 1
0 7 189 1 1
0 10 189 1 1
0 11 189 1 1
0 1 189 1 1
0 3 193 1 1
0 5 195 1 1
0 6 196 1 1
0 10 200 1 1
0 11 201 1 1
0 4 194 1 1
0 13 190 1 1
0 7 197 1 1
0 9 199 1 1
0 8 198 1 1
0 2 192 1 1
0 1 191 1 1
0 2 191 1 1
0 3 191 1 1
0 12 191 1 1
0 4 191 1 1
0 5 191 1 1
0 8 191 1 1
0 6 191 1 1
0 9 191 1 1
0 7 191 1 1
0 10 191 1 1
0 11 191 1 1
0 1 191 1 1
0 3 195 1 1
0 5 197 1 1
0 6 198 1 1
0 10 202 1 1
0 11 203 1 1
0 4 196 1 1
0 13 192 1 1
0 7 199 1 1
0 9 201 1 1
0 8 200 1 1
0 2 194 1 1
0 1 193 1 1
0 2 193 1 1
0 3 193 1 1
0 12 193 1 1
0 4 193 1 1
0 5 193 1 1
0 8 193 1 1
0 6 193 1 1
0 9 193 1 1
0 7 193 1 1
0 10 193 1 1
0 11 193 1 1
0 1 193 1 1
0 3 197 1 1
0 5 199 1 1
0 6 200 1 1
0 10 204 1 1
0 11 205 1 1
0 4 198 1 1
0 13 194 1 1
0 7 201 1 1
0 9 203 1 1
0 8 202 1 1
0 2 196 1 1
0 1 195 1 1
0 2 195 1 1
0 3 195 1 1
0 12 195 1 1
0 4 195 1 1
0 5 195 1 1
0 8 195 1 1
0 6 195 1 1
0 9 195 1 1
0 7 195 1 1
0 10 195 1 1
0 11 195 1 1
0 1 195 1 1
0 3 199 1 1
0 5 201 1 1
0 6 202 1 1
0 10 206 1 1
0 11 207 1 1
0 4 200 1 1
0 13 196 1 1
0 7 203 1 1
0 9 205 1 1
0 8 204 1 1
0 2 198 1 1
0 1 197 1 1
0 2 197 1 1
0 3 197 1 1
0 12 197 1 1
0 4 197 1 1
0 5 197 1 1
0 8 197 1 1
0 6 197 1 1
0 9 197 1 1
0 7 197 1 1
0 10 197 1 1
0 11 197 1 1
0 1 197 1 1
0 3 201 1 1
0 5 203 1 1
0 6 204 1 1
0 10 208 1 1
0 11 209 1 1
0 4 202 1 1
0 13 198 1 1
0 7 205 1 1
0 9 207 1 1
0 8 206 1 1
0 2 200 1 1
0 1 199 1 1
0 2 199 1 1
0 3 199 1 1
0 12 199 1 1
0 4 199 1 1
0 5 199 1 1
0 8 199 1 1
0 6 199 1 1
0 9 199 1 1
0 7 199 1 1
0 10 199 1 1
0 11 199 1 1
0 1 199 1 1
