0 3 3 1 1
0 5 0 1 1
0 1 1 1 1
0 2 2 1 1
0 1 0 1 1
0 4 2 1 1
0 3 3 1 1
0 2 0 1 1
0 4 3 1 1
0 1 1 1 1
0 3 6 1 1
0 5 3 1 1
0 1 4 1 1
0 2 5 1 1
0 1 3 1 1
0 4 5 1 1
0 3 6 1 1
0 2 3 1 1
0 4 6 1 1
0 1 4 1 1
0 3 9 1 1
0 5 6 1 1
0 1 7 1 1
0 2 8 1 1
0 1 6 1 1
0 4 8 1 1
0 3 9 1 1
0 2 6 1 1
0 4 9 1 1
0 1 7 1 1
0 3 12 1 1
0 5 9 1 1
0 1 10 1 1
0 2 11 1 1
0 1 9 1 1
0 4 11 1 1
0 3 12 1 1
0 2 9 1 1
0 4 12 1 1
0 1 10 1 1
0 3 15 1 1
0 5 12 1 1
0 1 13 1 1
0 2 14 1 1
0 1 12 1 1
0 4 14 1 1
0 3 15 1 1
0 2 12 1 1
0 4 15 1 1
0 1 13 1 1
0 3 18 1 1
0 5 15 1 1
0 1 16 1 1
0 2 17 1 1
0 1 15 1 1
0 4 17 1 1
0 3 18 1 1
0 2 15 1 1
0 4 18 1 1
0 1 16 1 1
0 3 21 1 1
0 5 18 1 1
0 1 19 1 1
0 2 20 1 1
0 1 18 1 1
0 4 20 1 1
0 3 21 1 1
0 2 18 1 1
0 4 21 1 1
0 1 19 1 1
0 3 24 1 1
0 5 21 1 1
0 1 22 1 1
0 2 23 1 1
0 1 21 1 1
0 4 23 1 1
0 3 24 1 1
0 2 21 1 1
0 4 24 1 1
0 1 22 1 1
0 3 27 1 1
0 5 24 1 1
0 1 25 1 1
0 2 26 1 1
0 1 24 1 1
0 4 26 1 1
0 3 27 1 1
0 2 24 1 1
0 4 27 1 1
0 1 25 1 1
0 3 30 1 1
0 5 27 1 1
0 1 28 1 1
0 2 29 1 1
0 1 27 1 1
0 4 29 1 1
0 3 30 1 1
0 2 27 1 1
0 4 30 1 1
0 1 28 1 1
0 3 33 1 1
0 5 30 1 1
0 1 31 1 1
0 2 32 1 1
0 1 30 1 1
0 4 32 1 1
0 3 33 1 1
0 2 30 1 1
0 4 33 1 1
0 1 31 1 1
0 3 36 1 1
0 5 33 1 1
0 1 34 1 1
0 2 35 1 1
0 1 33 1 1
0 4 35 1 1
0 3 36 1 1
0 2 33 1 1
0 4 36 1 1
0 1 34 1 1
0 3 39 1 1
0 5 36 1 1
0 1 37 1 1
0 2 38 1 1
0 1 36 1 1
0 4 38 1 1
0 3 39 1 1
0 2 36 1 1
0 4 39 1 1
0 1 37 1 1
0 3 42 1 1
0 5 39 1 1
0 1 40 1 1
0 2 41 1 1
0 1 39 1 1
0 4 41 1 1
0 3 42 1 1
0 2 39 1 1
0 4 42 1 1
0 1 40 1 1
0 3 45 1 1
0 5 42 1 1
0 1 43 1 1
0 2 44 1 1
0 1 42 1 1
0 4 44 1 1
0 3 45 1 1
0 2 42 1 1
0 4 45 1 1
0 1 43 1 1
0 3 48 1 1
0 5 45 1 1
0 1 46 1 1
0 2 47 1 1
0 1 45 1 1
0 4 47 1 1
0 3 48 1 1
0 2 45 1 1
0 4 48 1 1
0 1 46 1 1
0 3 51 1 1
0 5 48 1 1
0 1 49 1 1
0 2 50 1 1
0 1 48 1 1
0 4 50 1 1
0 3 51 1 1
0 2 48 1 1
0 4 51 1 1
0 1 49 1 1
0 3 54 1 1
0 5 51 1 1
0 1 52 1 1
0 2 53 1 1
0 1 51 1 1
0 4 53 1 1
0 3 54 1 1
0 2 51 1 1
0 4 54 1 1
0 1 52 1 1
0 3 57 1 1
0 5 54 1 1
0 1 55 1 1
0 2 56 1 1
0 1 54 1 1
0 4 56 1 1
0 3 57 1 1
0 2 54 1 1
0 4 57 1 1
0 1 55 1 1
0 3 60 1 1
0 5 57 1 1
0 1 58 1 1
0 2 59 1 1
0 1 57 1 1
0 4 59 1 1
0 3 60 1 1
0 2 57 1 1
0 4 60 1 1
0 1 58 1 1
0 3 63 1 1
0 5 60 1 1
0 1 61 1 1
0 2 62 1 1
0 1 60 1 1
0 4 62 1 1
0 3 63 1 1
0 2 60 1 1
0 4 63 1 1
0 1 61 1 1
0 3 66 1 1
0 5 63 1 1
0 1 64 1 1
0 2 65 1 1
0 1 63 1 1
0 4 65 1 1
0 3 66 1 1
0 2 63 1 1
0 4 66 1 1
0 1 64 1 1
0 3 69 1 1
0 5 66 1 1
0 1 67 1 1
0 2 68 1 1
0 1 66 1 1
0 4 68 1 1
0 3 69 1 1
0 2 66 1 1
0 4 69 1 1
0 1 67 1 1
0 3 72 1 1
0 5 69 1 1
0 1 70 1 1
0 2 71 1 1
0 1 69 1 1
0 4 71 1 1
0 3 72 1 1
0 2 69 1 1
0 4 72 1 1
0 1 70 1 1
0 3 75 1 1
0 5 72 1 1
0 1 73 1 1
0 2 74 1 1
0 1 72 1 1
0 4 74 1 1
0 3 75 1 1
0 2 72 1 1
0 4 75 1 1
0 1 73 1 1
0 3 78 1 1
0 5 75 1 1
0 1 76 1 1
0 2 77 1 1
0 1 75 1 1
0 4 77 1 1
0 3 78 1 1
0 2 75 1 1
0 4 78 1 1
0 1 76 1 1
0 3 81 1 1
0 5 78 1 1
0 1 79 1 1
0 2 80 1 1
0 1 78 1 1
0 4 80 1 1
0 3 81 1 1
0 2 78 1 1
0 4 81 1 1
0 1 79 1 1
0 3 84 1 1
0 5 81 1 1
0 1 82 1 1
0 2 83 1 1
0 1 81 1 1
0 4 83 1 1
0 3 84 1 1
0 2 81 1 1
0 4 84 1 1
0 1 82 1 1
0 3 87 1 1
0 5 84 1 1
0 1 85 1 1
0 2 86 1 1
0 1 84 1 1
0 4 86 1 1
0 3 87 1 1
0 2 84 1 1
0 4 87 1 1
0 1 85 1 1
0 3 90 1 1
0 5 87 1 1
0 1 88 1 1
0 2 89 1 1
0 1 87 1 1
0 4 89 1 1
0 3 90 1 1
0 2 87 1 1
0 4 90 1 1
0 1 88 1 1
0 3 93 1 1
0 5 90 1 1
0 1 91 1 1
0 2 92 1 1
0 1 90 1 1
0 4 92 1 1
0 3 93 1 1
0 2 90 1 1
0 4 93 1 1
0 1 91 1 1
0 3 96 1 1
0 5 93 1 1
0 1 94 1 1
0 2 95 1 1
0 1 93 1 1
0 4 95 1 1
0 3 96 1 1
0 2 93 1 1
0 4 96 1 1
0 1 94 1 1
0 3 99 1 1
0 5 96 1 1
0 1 97 1 1
0 2 98 1 1
0 1 96 1 1
0 4 98 1 1
0 3 99 1 1
0 2 96 1 1
0 4 99 1 1
0 1 97 1 1
0 3 102 1 1
0 5 99 1 1
0 1 100 1 1
0 2 101 1 1
0 1 99 1 1
0 4 101 1 1
0 3 102 1 1
0 2 99 1 1
0 4 102 1 1
0 1 100 1 1
0 3 105 1 1
0 5 102 1 1
0 1 103 1 1
0 2 104 1 1
0 1 102 1 1
0 4 104 1 1
0 3 105 1 1
0 2 102 1 1
0 4 105 1 1
0 1 103 1 1
0 3 108 1 1
0 5 105 1 1
0 1 106 1 1
0 2 107 1 1
0 1 105 1 1
0 4 107 1 1
0 3 108 1 1
0 2 105 1 1
0 4 108 1 1
0 1 106 1 1
0 3 111 1 1
0 5 108 1 1
0 1 109 1 1
0 2 110 1 1
0 1 108 1 1
0 4 110 1 1
0 3 111 1 1
0 2 108 1 1
0 4 111 1 1
0 1 109 1 1
0 3 114 1 1
0 5 111 1 1
0 1 112 1 1
0 2 113 1 1
0 1 111 1 1
0 4 113 1 1
0 3 114 1 1
0 2 111 1 1
0 4 114 1 1
0 1 112 1 1
0 3 117 1 1
0 5 114 1 1
0 1 115 1 1
0 2 116 1 1
0 1 114 1 1
0 4 116 1 1
0 3 117 1 1
0 2 114 1 1
0 4 117 1 1
0 1 115 1 1
0 3 120 1 1
0 5 117 1 1
0 1 118 1 1
0 2 119 1 1
0 1 117 1 1
0 4 119 1 1
0 3 120 1 1
0 2 117 1 1
0 4 120 1 1
0 1 118 1 1
0 3 123 1 1
0 5 120 1 1
0 1 121 1 1
0 2 122 1 1
0 1 120 1 1
0 4 122 1 1
0 3 123 1 1
0 2 120 1 1
0 4 123 1 1
0 1 121 1 1
0 3 126 1 1
0 5 123 1 1
0 1 124 1 1
0 2 125 1 1
0 1 123 1 1
0 4 125 1 1
0 3 126 1 1
0 2 123 1 1
0 4 126 1 1
0 1 124 1 1
0 3 129 1 1
0 5 126 1 1
0 1 127 1 1
0 2 128 1 1
0 1 126 1 1
0 4 128 1 1
0 3 129 1 1
0 2 126 1 1
0 4 129 1 1
0 1 127 1 1
0 3 132 1 1
0 5 129 1 1
0 1 130 1 1
0 2 131 1 1
0 1 129 1 1
0 4 131 1 1
0 3 132 1 1
0 2 129 1 1
0 4 132 1 1
0 1 130 1 1
0 3 135 1 1
0 5 132 1 1
0 1 133 1 1
0 2 134 1 1
0 1 132 1 1
0 4 134 1 1
0 3 135 1 1
0 2 132 1 1
0 4 135 1 1
0 1 133 1 1
0 3 138 1 1
0 5 135 1 1
0 1 136 1 1
0 2 137 1 1
0 1 135 1 1
0 4 137 1 1
0 3 138 1 1
0 2 135 1 1
0 4 138 1 1
0 1 136 1 1
0 3 141 1 1
0 5 138 1 1
0 1 139 1 1
0 2 140 1 1
0 1 138 1 1
0 4 140 1 1
0 3 141 1 1
0 2 138 1 1
0 4 141 1 1
0 1 139 1 1
0 3 144 1 1
0 5 141 1 1
0 1 142 1 1
0 2 143 1 1
0 1 141 1 1
0 4 143 1 1
0 3 144 1 1
0 2 141 1 1
0 4 144 1 1
0 1 142 1 1
0 3 147 1 1
0 5 144 1 1
0 1 145 1 1
0 2 146 1 1
0 1 144 1 1
0 4 146 1 1
0 3 147 1 1
0 2 144 1 1
0 4 147 1 1
0 1 145 1 1
0 3 150 1 1
0 5 147 1 1
0 1 148 1 1
0 2 149 1 1
0 1 147 1 1
0 4 149 1 1
0 3 150 1 1
0 2 147 1 1
0 4 150 1 1
0 1 148 1 1
0 3 153 1 1
0 5 150 1 1
0 1 151 1 1
0 2 152 1 1
0 1 150 1 1
0 4 152 1 1
0 3 153 1 1
0 2 150 1 1
0 4 153 1 1
0 1 151 1 1
0 3 156 1 1
0 5 153 1 1
0 1 154 1 1
0 2 155 1 1
0 1 153 1 1
0 4 155 1 1
0 3 156 1 1
0 2 153 1 1
0 4 156 1 1
0 1 154 1 1
0 3 159 1 1
0 5 156 1 1
0 1 157 1 1
0 2 158 1 1
0 1 156 1 1
0 4 158 1 1
0 3 159 1 1
0 2 156 1 1
0 4 159 1 1
0 1 157 1 1
0 3 162 1 1
0 5 159 1 1
0 1 160 1 1
0 2 161 1 1
0 1 159 1 1
0 4 161 1 1
0 3 162 1 1
0 2 159 1 1
0 4 162 1 1
0 1 160 1 1
0 3 165 1 1
0 5 162 1 1
0 1 163 1 1
0 2 164 1 1
0 1 162 1 1
0 4 164 1 1
0 3 165 1 1
0 2 162 1 1
0 4 165 1 1
0 1 163 1 1
0 3 168 1 1
0 5 165 1 1
0 1 166 1 1
0 2 167 1 1
0 1 165 1 1
0 4 167 1 1
0 3 168 1 1
0 2 165 1 1
0 4 168 1 1
0 1 166 1 1
0 3 171 1 1
0 5 168 1 1
0 1 169 1 1
0 2 170 1 1
0 1 168 1 1
0 4 170 1 1
0 3 171 1 1
0 2 168 1 1
0 4 171 1 1
0 1 169 1 1
0 3 174 1 1
0 5 171 1 1
0 1 172 1 1
0 2 173 1 1
0 1 171 1 1
0 4 173 1 1
0 3 174 1 1
0 2 171 1 1
0 4 174 1 1
0 1 172 1 1
0 3 177 1 1
0 5 174 1 1
0 1 175 1 1
0 2 176 1 1
0 1 174 1 1
0 4 176 1 1
0 3 177 1 1
0 2 174 1 1
0 4 177 1 1
0 1 175 1 1
0 3 180 1 1
0 5 177 1 1
0 1 178 1 1
0 2 179 1 1
0 1 177 1 1
0 4 179 1 1
0 3 180 1 1
0 2 177 1 1
0 4 180 1 1
0 1 178 1 1
0 3 183 1 1
0 5 180 1 1
0 1 181 1 1
0 2 182 1 1
0 1 180 1 1
0 4 182 1 1
0 3 183 1 1
0 2 180 1 1
0 4 183 1 1
0 1 181 1 1
0 3 186 1 1
0 5 183 1 1
0 1 184 1 1
0 2 185 1 1
0 1 183 1 1
0 4 185 1 1
0 3 186 1 1
0 2 183 1 1
0 4 186 1 1
0 1 184 1 1
0 3 189 1 1
0 5 186 1 1
0 1 187 1 1
0 2 188 1 1
0 1 186 1 1
0 4 188 1 1
0 3 189 1 1
0 2 186 1 1
0 4 189 1 1
0 1 187 1 1
0 3 192 1 1
0 5 189 1 1
0 1 190 1 1
0 2 191 1 1
0 1 189 1 1
0 4 191 1 1
0 3 192 1 1
0 2 189 1 1
0 4 192 1 1
0 1 190 1 1
0 3 195 1 1
0 5 192 1 1
0 1 193 1 1
0 2 194 1 1
0 1 192 1 1
0 4 194 1 1
0 3 195 1 1
0 2 192 1 1
0 4 195 1 1
0 1 193 1 1
0 3 198 1 1
0 5 195 1 1
0 1 196 1 1
0 2 197 1 1
0 1 195 1 1
0 4 197 1 1
0 3 198 1 1
0 2 195 1 1
0 4 198 1 1
0 1 196 1 1
0 3 201 1 1
0 5 198 1 1
0 1 199 1 1
0 2 200 1 1
0 1 198 1 1
0 4 200 1 1
0 3 201 1 1
0 2 198 1 1
0 4 201 1 1
0 1 199 1 1
0 3 204 1 1
0 5 201 1 1
0 1 202 1 1
0 2 203 1 1
0 1 201 1 1
0 4 203 1 1
0 3 204 1 1
0 2 201 1 1
0 4 204 1 1
0 1 202 1 1
0 3 207 1 1
0 5 204 1 1
0 1 205 1 1
0 2 206 1 1
0 1 204 1 1
0 4 206 1 1
0 3 207 1 1
0 2 204 1 1
0 4 207 1 1
0 1 205 1 1
0 3 210 1 1
0 5 207 1 1
0 1 208 1 1
0 2 209 1 1
0 1 207 1 1
0 4 209 1 1
0 3 210 1 1
0 2 207 1 1
0 4 210 1 1
0 1 208 1 1
0 3 213 1 1
0 5 210 1 1
0 1 211 1 1
0 2 212 1 1
0 1 210 1 1
0 4 212 1 1
0 3 213 1 1
0 2 210 1 1
0 4 213 1 1
0 1 211 1 1
0 3 216 1 1
0 5 213 1 1
0 1 214 1 1
0 2 215 1 1
0 1 213 1 1
0 4 215 1 1
0 3 216 1 1
0 2 213 1 1
0 4 216 1 1
0 1 214 1 1
0 3 219 1 1
0 5 216 1 1
0 1 217 1 1
0 2 218 1 1
0 1 216 1 1
0 4 218 1 1
0 3 219 1 1
0 2 216 1 1
0 4 219 1 1
0 1 217 1 1
0 3 222 1 1
0 5 219 1 1
0 1 220 1 1
0 2 221 1 1
0 1 219 1 1
0 4 221 1 1
0 3 222 1 1
0 2 219 1 1
0 4 222 1 1
0 1 220 1 1
0 3 225 1 1
0 5 222 1 1
0 1 223 1 1
0 2 224 1 1
0 1 222 1 1
0 4 224 1 1
0 3 225 1 1
0 2 222 1 1
0 4 225 1 1
0 1 223 1 1
0 3 228 1 1
0 5 225 1 1
0 1 226 1 1
0 2 227 1 1
0 1 225 1 1
0 4 227 1 1
0 3 228 1 1
0 2 225 1 1
0 4 228 1 1
0 1 226 1 1
0 3 231 1 1
0 5 228 1 1
0 1 229 1 1
0 2 230 1 1
0 1 228 1 1
0 4 230 1 1
0 3 231 1 1
0 2 228 1 1
0 4 231 1 1
0 1 229 1 1
0 3 234 1 1
0 5 231 1 1
0 1 232 1 1
0 2 233 1 1
0 1 231 1 1
0 4 233 1 1
0 3 234 1 1
0 2 231 1 1
0 4 234 1 1
0 1 232 1 1
0 3 237 1 1
0 5 234 1 1
0 1 235 1 1
0 2 236 1 1
0 1 234 1 1
0 4 236 1 1
0 3 237 1 1
0 2 234 1 1
0 4 237 1 1
0 1 235 1 1
0 3 240 1 1
0 5 237 1 1
0 1 238 1 1
0 2 239 1 1
0 1 237 1 1
0 4 239 1 1
0 3 240 1 1
0 2 237 1 1
0 4 240 1 1
0 1 238 1 1
0 3 243 1 1
0 5 240 1 1
0 1 241 1 1
0 2 242 1 1
0 1 240 1 1
0 4 242 1 1
0 3 243 1 1
0 2 240 1 1
0 4 243 1 1
0 1 241 1 1
0 3 246 1 1
0 5 243 1 1
0 1 244 1 1
0 2 245 1 1
0 1 243 1 1
0 4 245 1 1
0 3 246 1 1
0 2 243 1 1
0 4 246 1 1
0 1 244 1 1
0 3 249 1 1
0 5 246 1 1
0 1 247 1 1
0 2 248 1 1
0 1 246 1 1
0 4 248 1 1
0 3 249 1 1
0 2 246 1 1
0 4 249 1 1
0 1 247 1 1
0 3 252 1 1
0 5 249 1 1
0 1 250 1 1
0 2 251 1 1
0 1 249 1 1
0 4 251 1 1
0 3 252 1 1
0 2 249 1 1
0 4 252 1 1
0 1 250 1 1
0 3 255 1 1
0 5 252 1 1
0 1 253 1 1
0 2 254 1 1
0 1 252 1 1
0 4 254 1 1
0 3 255 1 1
0 2 252 1 1
0 4 255 1 1
0 1 253 1 1
0 3 258 1 1
0 5 255 1 1
0 1 256 1 1
0 2 257 1 1
0 1 255 1 1
0 4 257 1 1
0 3 258 1 1
0 2 255 1 1
0 4 258 1 1
0 1 256 1 1
0 3 261 1 1
0 5 258 1 1
0 1 259 1 1
0 2 260 1 1
0 1 258 1 1
0 4 260 1 1
0 3 261 1 1
0 2 258 1 1
0 4 261 1 1
0 1 259 1 1
0 3 264 1 1
0 5 261 1 1
0 1 262 1 1
0 2 263 1 1
0 1 261 1 1
0 4 263 1 1
0 3 264 1 1
0 2 261 1 1
0 4 264 1 1
0 1 262 1 1
0 3 267 1 1
0 5 264 1 1
0 1 265 1 1
0 2 266 1 1
0 1 264 1 1
0 4 266 1 1
0 3 267 1 1
0 2 264 1 1
0 4 267 1 1
0 1 265 1 1
0 3 270 1 1
0 5 267 1 1
0 1 268 1 1
0 2 269 1 1
0 1 267 1 1
0 4 269 1 1
0 3 270 1 1
0 2 267 1 1
0 4 270 1 1
0 1 268 1 1
0 3 273 1 1
0 5 270 1 1
0 1 271 1 1
0 2 272 1 1
0 1 270 1 1
0 4 272 1 1
0 3 273 1 1
0 2 270 1 1
0 4 273 1 1
0 1 271 1 1
0 3 276 1 1
0 5 273 1 1
0 1 274 1 1
0 2 275 1 1
0 1 273 1 1
0 4 275 1 1
0 3 276 1 1
0 2 273 1 1
0 4 276 1 1
0 1 274 1 1
0 3 279 1 1
0 5 276 1 1
0 1 277 1 1
0 2 278 1 1
0 1 276 1 1
0 4 278 1 1
0 3 279 1 1
0 2 276 1 1
0 4 279 1 1
0 1 277 1 1
0 3 282 1 1
0 5 279 1 1
0 1 280 1 1
0 2 281 1 1
0 1 279 1 1
0 4 281 1 1
0 3 282 1 1
0 2 279 1 1
0 4 282 1 1
0 1 280 1 1
0 3 285 1 1
0 5 282 1 1
0 1 283 1 1
0 2 284 1 1
0 1 282 1 1
0 4 284 1 1
0 3 285 1 1
0 2 282 1 1
0 4 285 1 1
0 1 283 1 1
0 3 288 1 1
0 5 285 1 1
0 1 286 1 1
0 2 287 1 1
0 1 285 1 1
0 4 287 1 1
0 3 288 1 1
0 2 285 1 1
0 4 288 1 1
0 1 286 1 1
0 3 291 1 1
0 5 288 1 1
0 1 289 1 1
0 2 290 1 1
0 1 288 1 1
0 4 290 1 1
0 3 291 1 1
0 2 288 1 1
0 4 291 1 1
0 1 289 1 1
0 3 294 1 1
0 5 291 1 1
0 1 292 1 1
0 2 293 1 1
0 1 291 1 1
0 4 293 1 1
0 3 294 1 1
0 2 291 1 1
0 4 294 1 1
0 1 292 1 1
0 3 297 1 1
0 5 294 1 1
0 1 295 1 1
0 2 296 1 1
0 1 294 1 1
0 4 296 1 1
0 3 297 1 1
0 2 294 1 1
0 4 297 1 1
0 1 295 1 1
0 3 300 1 1
0 5 297 1 1
0 1 298 1 1
0 2 299 1 1
0 1 297 1 1
0 4 299 1 1
0 3 300 1 1
0 2 297 1 1
0 4 300 1 1
0 1 298 1 1
