0 3 3 1 1
0 5 5 1 1
0 6 6 1 1
0 4 4 1 1
0 7 7 1 1
0 9 9 1 1
0 11 0 1 1
0 8 8 1 1
0 2 2 1 1
0 1 1 1 1
0 2 1 1 1
0 3 1 1 1
0 4 1 1 1
0 5 1 1 1
0 8 1 1 1
0 6 1 1 1
0 9 1 1 1
0 7 1 1 1
0 10 1 1 1
0 1 1 1 1
0 9 4 1 1
0 7 6 1 1
0 2 0 1 1
0 10 3 1 1
0 6 7 1 1
0 4 9 1 1
0 5 8 1 1
0 1 1 1 1
0 8 5 1 1
0 1 4 1 1
0 11 8 1 1
0 5 8 1 1
0 10 2 1 1
0 3 6 1 1
0 4 7 1 1
0 9 1 1 1
0 6 9 1 1
0 8 0 1 1
0 2 5 1 1
0 10 4 1 1
0 7 4 1 1
0 9 4 1 1
0 6 4 1 1
0 8 4 1 1
0 5 4 1 1
0 4 4 1 1
0 3 4 1 1
0 2 4 1 1
0 1 4 1 1
0 3 8 1 1
0 5 10 1 1
0 6 11 1 1
0 4 9 1 1
0 7 12 1 1
0 9 14 1 1
0 11 5 1 1
0 8 13 1 1
0 2 7 1 1
0 1 6 1 1
0 2 6 1 1
0 3 6 1 1
0 4 6 1 1
0 5 6 1 1
0 8 6 1 1
0 6 6 1 1
0 9 6 1 1
0 7 6 1 1
0 10 6 1 1
0 1 6 1 1
0 9 9 1 1
0 7 11 1 1
0 2 5 1 1
0 10 8 1 1
0 6 12 1 1
0 4 14 1 1
0 5 13 1 1
0 1 6 1 1
0 8 10 1 1
0 1 9 1 1
0 11 13 1 1
0 5 13 1 1
0 10 7 1 1
0 3 11 1 1
0 4 12 1 1
0 9 6 1 1
0 6 14 1 1
0 8 5 1 1
0 2 10 1 1
0 10 9 1 1
0 7 9 1 1
0 9 9 1 1
0 6 9 1 1
0 8 9 1 1
0 5 9 1 1
0 4 9 1 1
0 3 9 1 1
0 2 9 1 1
0 1 9 1 1
0 3 13 1 1
0 5 15 1 1
0 6 16 1 1
0 4 14 1 1
0 7 17 1 1
0 9 19 1 1
0 11 10 1 1
0 8 18 1 1
0 2 12 1 1
0 1 11 1 1
0 2 11 1 1
0 3 11 1 1
0 4 11 1 1
0 5 11 1 1
0 8 11 1 1
0 6 11 1 1
0 9 11 1 1
0 7 11 1 1
0 10 11 1 1
0 1 11 1 1
0 9 14 1 1
0 7 16 1 1
0 2 10 1 1
0 10 13 1 1
0 6 17 1 1
0 4 19 1 1
0 5 18 1 1
0 1 11 1 1
0 8 15 1 1
0 1 14 1 1
0 11 18 1 1
0 5 18 1 1
0 10 12 1 1
0 3 16 1 1
0 4 17 1 1
0 9 11 1 1
0 6 19 1 1
0 8 10 1 1
0 2 15 1 1
0 10 14 1 1
0 7 14 1 1
0 9 14 1 1
0 6 14 1 1
0 8 14 1 1
0 5 14 1 1
0 4 14 1 1
0 3 14 1 1
0 2 14 1 1
0 1 14 1 1
0 3 18 1 1
0 5 20 1 1
0 6 21 1 1
0 4 19 1 1
0 7 22 1 1
0 9 24 1 1
0 11 15 1 1
0 8 23 1 1
0 2 17 1 1
0 1 16 1 1
0 2 16 1 1
0 3 16 1 1
0 4 16 1 1
0 5 16 1 1
0 8 16 1 1
0 6 16 1 1
0 9 16 1 1
0 7 16 1 1
0 10 16 1 1
0 1 16 1 1
0 9 19 1 1
0 7 21 1 1
0 2 15 1 1
0 10 18 1 1
0 6 22 1 1
0 4 24 1 1
0 5 23 1 1
0 1 16 1 1
0 8 20 1 1
0 1 19 1 1
0 11 23 1 1
0 5 23 1 1
0 10 17 1 1
0 3 21 1 1
0 4 22 1 1
0 9 16 1 1
0 6 24 1 1
0 8 15 1 1
0 2 20 1 1
0 10 19 1 1
0 7 19 1 1
0 9 19 1 1
0 6 19 1 1
0 8 19 1 1
0 5 19 1 1
0 4 19 1 1
0 3 19 1 1
0 2 19 1 1
0 1 19 1 1
0 3 23 1 1
0 5 25 1 1
0 6 26 1 1
0 4 24 1 1
0 7 27 1 1
0 9 29 1 1
0 11 20 1 1
0 8 28 1 1
0 2 22 1 1
0 1 21 1 1
0 2 21 1 1
0 3 21 1 1
0 4 21 1 1
0 5 21 1 1
0 8 21 1 1
0 6 21 1 1
0 9 21 1 1
0 7 21 1 1
0 10 21 1 1
0 1 21 1 1
0 9 24 1 1
0 7 26 1 1
0 2 20 1 1
0 10 23 1 1
0 6 27 1 1
0 4 29 1 1
0 5 28 1 1
0 1 21 1 1
0 8 25 1 1
0 1 24 1 1
0 11 28 1 1
0 5 28 1 1
0 10 22 1 1
0 3 26 1 1
0 4 27 1 1
0 9 21 1 1
0 6 29 1 1
0 8 20 1 1
0 2 25 1 1
0 10 24 1 1
0 7 24 1 1
0 9 24 1 1
0 6 24 1 1
0 8 24 1 1
0 5 24 1 1
0 4 24 1 1
0 3 24 1 1
0 2 24 1 1
0 1 24 1 1
0 3 28 1 1
0 5 30 1 1
0 6 31 1 1
0 4 29 1 1
0 7 32 1 1
0 9 34 1 1
0 11 25 1 1
0 8 33 1 1
0 2 27 1 1
0 1 26 1 1
0 2 26 1 1
0 3 26 1 1
0 4 26 1 1
0 5 26 1 1
0 8 26 1 1
0 6 26 1 1
0 9 26 1 1
0 7 26 1 1
0 10 26 1 1
0 1 26 1 1
0 9 29 1 1
0 7 31 1 1
0 2 25 1 1
0 10 28 1 1
0 6 32 1 1
0 4 34 1 1
0 5 33 1 1
0 1 26 1 1
0 8 30 1 1
0 1 29 1 1
0 11 33 1 1
0 5 33 1 1
0 10 27 1 1
0 3 31 1 1
0 4 32 1 1
0 9 26 1 1
0 6 34 1 1
0 8 25 1 1
0 2 30 1 1
0 10 29 1 1
0 7 29 1 1
0 9 29 1 1
0 6 29 1 1
0 8 29 1 1
0 5 29 1 1
0 4 29 1 1
0 3 29 1 1
0 2 29 1 1
0 1 29 1 1
0 3 33 1 1
0 5 35 1 1
0 6 36 1 1
0 4 34 1 1
0 7 37 1 1
0 9 39 1 1
0 11 30 1 1
0 8 38 1 1
0 2 32 1 1
0 1 31 1 1
0 2 31 1 1
0 3 31 1 1
0 4 31 1 1
0 5 31 1 1
0 8 31 1 1
0 6 31 1 1
0 9 31 1 1
0 7 31 1 1
0 10 31 1 1
0 1 31 1 1
0 9 34 1 1
0 7 36 1 1
0 2 30 1 1
0 10 33 1 1
0 6 37 1 1
0 4 39 1 1
0 5 38 1 1
0 1 31 1 1
0 8 35 1 1
0 1 34 1 1
0 11 38 1 1
0 5 38 1 1
0 10 32 1 1
0 3 36 1 1
0 4 37 1 1
0 9 31 1 1
0 6 39 1 1
0 8 30 1 1
0 2 35 1 1
0 10 34 1 1
0 7 34 1 1
0 9 34 1 1
0 6 34 1 1
0 8 34 1 1
0 5 34 1 1
0 4 34 1 1
0 3 34 1 1
0 2 34 1 1
0 1 34 1 1
0 3 38 1 1
0 5 40 1 1
0 6 41 1 1
0 4 39 1 1
0 7 42 1 1
0 9 44 1 1
0 11 35 1 1
0 8 43 1 1
0 2 37 1 1
0 1 36 1 1
0 2 36 1 1
0 3 36 1 1
0 4 36 1 1
0 5 36 1 1
0 8 36 1 1
0 6 36 1 1
0 9 36 1 1
0 7 36 1 1
0 10 36 1 1
0 1 36 1 1
0 9 39 1 1
0 7 41 1 1
0 2 35 1 1
0 10 38 1 1
0 6 42 1 1
0 4 44 1 1
0 5 43 1 1
0 1 36 1 1
0 8 40 1 1
0 1 39 1 1
0 11 43 1 1
0 5 43 1 1
0 10 37 1 1
0 3 41 1 1
0 4 42 1 1
0 9 36 1 1
0 6 44 1 1
0 8 35 1 1
0 2 40 1 1
0 10 39 1 1
0 7 39 1 1
0 9 39 1 1
0 6 39 1 1
0 8 39 1 1
0 5 39 1 1
0 4 39 1 1
0 3 39 1 1
0 2 39 1 1
0 1 39 1 1
0 3 43 1 1
0 5 45 1 1
0 6 46 1 1
0 4 44 1 1
0 7 47 1 1
0 9 49 1 1
0 11 40 1 1
0 8 48 1 1
0 2 42 1 1
0 1 41 1 1
0 2 41 1 1
0 3 41 1 1
0 4 41 1 1
0 5 41 1 1
0 8 41 1 1
0 6 41 1 1
0 9 41 1 1
0 7 41 1 1
0 10 41 1 1
0 1 41 1 1
0 9 44 1 1
0 7 46 1 1
0 2 40 1 1
0 10 43 1 1
0 6 47 1 1
0 4 49 1 1
0 5 48 1 1
0 1 41 1 1
0 8 45 1 1
0 1 44 1 1
0 11 48 1 1
0 5 48 1 1
0 10 42 1 1
0 3 46 1 1
0 4 47 1 1
0 9 41 1 1
0 6 49 1 1
0 8 40 1 1
0 2 45 1 1
0 10 44 1 1
0 7 44 1 1
0 9 44 1 1
0 6 44 1 1
0 8 44 1 1
0 5 44 1 1
0 4 44 1 1
0 3 44 1 1
0 2 44 1 1
0 1 44 1 1
0 3 48 1 1
0 5 50 1 1
0 6 51 1 1
0 4 49 1 1
0 7 52 1 1
0 9 54 1 1
0 11 45 1 1
0 8 53 1 1
0 2 47 1 1
0 1 46 1 1
0 2 46 1 1
0 3 46 1 1
0 4 46 1 1
0 5 46 1 1
0 8 46 1 1
0 6 46 1 1
0 9 46 1 1
0 7 46 1 1
0 10 46 1 1
0 1 46 1 1
0 9 49 1 1
0 7 51 1 1
0 2 45 1 1
0 10 48 1 1
0 6 52 1 1
0 4 54 1 1
0 5 53 1 1
0 1 46 1 1
0 8 50 1 1
0 1 49 1 1
0 11 53 1 1
0 5 53 1 1
0 10 47 1 1
0 3 51 1 1
0 4 52 1 1
0 9 46 1 1
0 6 54 1 1
0 8 45 1 1
0 2 50 1 1
0 10 49 1 1
0 7 49 1 1
0 9 49 1 1
0 6 49 1 1
0 8 49 1 1
0 5 49 1 1
0 4 49 1 1
0 3 49 1 1
0 2 49 1 1
0 1 49 1 1
0 3 53 1 1
0 5 55 1 1
0 6 56 1 1
0 4 54 1 1
0 7 57 1 1
0 9 59 1 1
0 11 50 1 1
0 8 58 1 1
0 2 52 1 1
0 1 51 1 1
0 2 51 1 1
0 3 51 1 1
0 4 51 1 1
0 5 51 1 1
0 8 51 1 1
0 6 51 1 1
0 9 51 1 1
0 7 51 1 1
0 10 51 1 1
0 1 51 1 1
0 9 54 1 1
0 7 56 1 1
0 2 50 1 1
0 10 53 1 1
0 6 57 1 1
0 4 59 1 1
0 5 58 1 1
0 1 51 1 1
0 8 55 1 1
0 1 54 1 1
0 11 58 1 1
0 5 58 1 1
0 10 52 1 1
0 3 56 1 1
0 4 57 1 1
0 9 51 1 1
0 6 59 1 1
0 8 50 1 1
0 2 55 1 1
0 10 54 1 1
0 7 54 1 1
0 9 54 1 1
0 6 54 1 1
0 8 54 1 1
0 5 54 1 1
0 4 54 1 1
0 3 54 1 1
0 2 54 1 1
0 1 54 1 1
0 3 58 1 1
0 5 60 1 1
0 6 61 1 1
0 4 59 1 1
0 7 62 1 1
0 9 64 1 1
0 11 55 1 1
0 8 63 1 1
0 2 57 1 1
0 1 56 1 1
0 2 56 1 1
0 3 56 1 1
0 4 56 1 1
0 5 56 1 1
0 8 56 1 1
0 6 56 1 1
0 9 56 1 1
0 7 56 1 1
0 10 56 1 1
0 1 56 1 1
0 9 59 1 1
0 7 61 1 1
0 2 55 1 1
0 10 58 1 1
0 6 62 1 1
0 4 64 1 1
0 5 63 1 1
0 1 56 1 1
0 8 60 1 1
0 1 59 1 1
0 11 63 1 1
0 5 63 1 1
0 10 57 1 1
0 3 61 1 1
0 4 62 1 1
0 9 56 1 1
0 6 64 1 1
0 8 55 1 1
0 2 60 1 1
0 10 59 1 1
0 7 59 1 1
0 9 59 1 1
0 6 59 1 1
0 8 59 1 1
0 5 59 1 1
0 4 59 1 1
0 3 59 1 1
0 2 59 1 1
0 1 59 1 1
0 3 63 1 1
0 5 65 1 1
0 6 66 1 1
0 4 64 1 1
0 7 67 1 1
0 9 69 1 1
0 11 60 1 1
0 8 68 1 1
0 2 62 1 1
0 1 61 1 1
0 2 61 1 1
0 3 61 1 1
0 4 61 1 1
0 5 61 1 1
0 8 61 1 1
0 6 61 1 1
0 9 61 1 1
0 7 61 1 1
0 10 61 1 1
0 1 61 1 1
0 9 64 1 1
0 7 66 1 1
0 2 60 1 1
0 10 63 1 1
0 6 67 1 1
0 4 69 1 1
0 5 68 1 1
0 1 61 1 1
0 8 65 1 1
0 1 64 1 1
0 11 68 1 1
0 5 68 1 1
0 10 62 1 1
0 3 66 1 1
0 4 67 1 1
0 9 61 1 1
0 6 69 1 1
0 8 60 1 1
0 2 65 1 1
0 10 64 1 1
0 7 64 1 1
0 9 64 1 1
0 6 64 1 1
0 8 64 1 1
0 5 64 1 1
0 4 64 1 1
0 3 64 1 1
0 2 64 1 1
0 1 64 1 1
0 3 68 1 1
0 5 70 1 1
0 6 71 1 1
0 4 69 1 1
0 7 72 1 1
0 9 74 1 1
0 11 65 1 1
0 8 73 1 1
0 2 67 1 1
0 1 66 1 1
0 2 66 1 1
0 3 66 1 1
0 4 66 1 1
0 5 66 1 1
0 8 66 1 1
0 6 66 1 1
0 9 66 1 1
0 7 66 1 1
0 10 66 1 1
0 1 66 1 1
0 9 69 1 1
0 7 71 1 1
0 2 65 1 1
0 10 68 1 1
0 6 72 1 1
0 4 74 1 1
0 5 73 1 1
0 1 66 1 1
0 8 70 1 1
0 1 69 1 1
0 11 73 1 1
0 5 73 1 1
0 10 67 1 1
0 3 71 1 1
0 4 72 1 1
0 9 66 1 1
0 6 74 1 1
0 8 65 1 1
0 2 70 1 1
0 10 69 1 1
0 7 69 1 1
0 9 69 1 1
0 6 69 1 1
0 8 69 1 1
0 5 69 1 1
0 4 69 1 1
0 3 69 1 1
0 2 69 1 1
0 1 69 1 1
0 3 73 1 1
0 5 75 1 1
0 6 76 1 1
0 4 74 1 1
0 7 77 1 1
0 9 79 1 1
0 11 70 1 1
0 8 78 1 1
0 2 72 1 1
0 1 71 1 1
0 2 71 1 1
0 3 71 1 1
0 4 71 1 1
0 5 71 1 1
0 8 71 1 1
0 6 71 1 1
0 9 71 1 1
0 7 71 1 1
0 10 71 1 1
0 1 71 1 1
0 9 74 1 1
0 7 76 1 1
0 2 70 1 1
0 10 73 1 1
0 6 77 1 1
0 4 79 1 1
0 5 78 1 1
0 1 71 1 1
0 8 75 1 1
0 1 74 1 1
0 11 78 1 1
0 5 78 1 1
0 10 72 1 1
0 3 76 1 1
0 4 77 1 1
0 9 71 1 1
0 6 79 1 1
0 8 70 1 1
0 2 75 1 1
0 10 74 1 1
0 7 74 1 1
0 9 74 1 1
0 6 74 1 1
0 8 74 1 1
0 5 74 1 1
0 4 74 1 1
0 3 74 1 1
0 2 74 1 1
0 1 74 1 1
0 3 78 1 1
0 5 80 1 1
0 6 81 1 1
0 4 79 1 1
0 7 82 1 1
0 9 84 1 1
0 11 75 1 1
0 8 83 1 1
0 2 77 1 1
0 1 76 1 1
0 2 76 1 1
0 3 76 1 1
0 4 76 1 1
0 5 76 1 1
0 8 76 1 1
0 6 76 1 1
0 9 76 1 1
0 7 76 1 1
0 10 76 1 1
0 1 76 1 1
0 9 79 1 1
0 7 81 1 1
0 2 75 1 1
0 10 78 1 1
0 6 82 1 1
0 4 84 1 1
0 5 83 1 1
0 1 76 1 1
0 8 80 1 1
0 1 79 1 1
0 11 83 1 1
0 5 83 1 1
0 10 77 1 1
0 3 81 1 1
0 4 82 1 1
0 9 76 1 1
0 6 84 1 1
0 8 75 1 1
0 2 80 1 1
0 10 79 1 1
0 7 79 1 1
0 9 79 1 1
0 6 79 1 1
0 8 79 1 1
0 5 79 1 1
0 4 79 1 1
0 3 79 1 1
0 2 79 1 1
0 1 79 1 1
0 3 83 1 1
0 5 85 1 1
0 6 86 1 1
0 4 84 1 1
0 7 87 1 1
0 9 89 1 1
0 11 80 1 1
0 8 88 1 1
0 2 82 1 1
0 1 81 1 1
0 2 81 1 1
0 3 81 1 1
0 4 81 1 1
0 5 81 1 1
0 8 81 1 1
0 6 81 1 1
0 9 81 1 1
0 7 81 1 1
0 10 81 1 1
0 1 81 1 1
0 9 84 1 1
0 7 86 1 1
0 2 80 1 1
0 10 83 1 1
0 6 87 1 1
0 4 89 1 1
0 5 88 1 1
0 1 81 1 1
0 8 85 1 1
0 1 84 1 1
0 11 88 1 1
0 5 88 1 1
0 10 82 1 1
0 3 86 1 1
0 4 87 1 1
0 9 81 1 1
0 6 89 1 1
0 8 80 1 1
0 2 85 1 1
0 10 84 1 1
0 7 84 1 1
0 9 84 1 1
0 6 84 1 1
0 8 84 1 1
0 5 84 1 1
0 4 84 1 1
0 3 84 1 1
0 2 84 1 1
0 1 84 1 1
0 3 88 1 1
0 5 90 1 1
0 6 91 1 1
0 4 89 1 1
0 7 92 1 1
0 9 94 1 1
0 11 85 1 1
0 8 93 1 1
0 2 87 1 1
0 1 86 1 1
0 2 86 1 1
0 3 86 1 1
0 4 86 1 1
0 5 86 1 1
0 8 86 1 1
0 6 86 1 1
0 9 86 1 1
0 7 86 1 1
0 10 86 1 1
0 1 86 1 1
0 9 89 1 1
0 7 91 1 1
0 2 85 1 1
0 10 88 1 1
0 6 92 1 1
0 4 94 1 1
0 5 93 1 1
0 1 86 1 1
0 8 90 1 1
0 1 89 1 1
0 11 93 1 1
0 5 93 1 1
0 10 87 1 1
0 3 91 1 1
0 4 92 1 1
0 9 86 1 1
0 6 94 1 1
0 8 85 1 1
0 2 90 1 1
0 10 89 1 1
0 7 89 1 1
0 9 89 1 1
0 6 89 1 1
0 8 89 1 1
0 5 89 1 1
0 4 89 1 1
0 3 89 1 1
0 2 89 1 1
0 1 89 1 1
0 3 93 1 1
0 5 95 1 1
0 6 96 1 1
0 4 94 1 1
0 7 97 1 1
0 9 99 1 1
0 11 90 1 1
0 8 98 1 1
0 2 92 1 1
0 1 91 1 1
0 2 91 1 1
0 3 91 1 1
0 4 91 1 1
0 5 91 1 1
0 8 91 1 1
0 6 91 1 1
0 9 91 1 1
0 7 91 1 1
0 10 91 1 1
0 1 91 1 1
0 9 94 1 1
0 7 96 1 1
0 2 90 1 1
0 10 93 1 1
0 6 97 1 1
0 4 99 1 1
0 5 98 1 1
0 1 91 1 1
0 8 95 1 1
0 1 94 1 1
0 11 98 1 1
0 5 98 1 1
0 10 92 1 1
0 3 96 1 1
0 4 97 1 1
0 9 91 1 1
0 6 99 1 1
0 8 90 1 1
0 2 95 1 1
0 10 94 1 1
0 7 94 1 1
0 9 94 1 1
0 6 94 1 1
0 8 94 1 1
0 5 94 1 1
0 4 94 1 1
0 3 94 1 1
0 2 94 1 1
0 1 94 1 1
0 3 98 1 1
0 5 100 1 1
0 6 101 1 1
0 4 99 1 1
0 7 102 1 1
0 9 104 1 1
0 11 95 1 1
0 8 103 1 1
0 2 97 1 1
0 1 96 1 1
0 2 96 1 1
0 3 96 1 1
0 4 96 1 1
0 5 96 1 1
0 8 96 1 1
0 6 96 1 1
0 9 96 1 1
0 7 96 1 1
0 10 96 1 1
0 1 96 1 1
0 9 99 1 1
0 7 101 1 1
0 2 95 1 1
0 10 98 1 1
0 6 102 1 1
0 4 104 1 1
0 5 103 1 1
0 1 96 1 1
0 8 100 1 1
0 1 99 1 1
0 11 103 1 1
0 5 103 1 1
0 10 97 1 1
0 3 101 1 1
0 4 102 1 1
0 9 96 1 1
0 6 104 1 1
0 8 95 1 1
0 2 100 1 1
0 10 99 1 1
0 7 99 1 1
0 9 99 1 1
0 6 99 1 1
0 8 99 1 1
0 5 99 1 1
0 4 99 1 1
0 3 99 1 1
0 2 99 1 1
0 1 99 1 1
0 3 103 1 1
0 5 105 1 1
0 6 106 1 1
0 4 104 1 1
0 7 107 1 1
0 9 109 1 1
0 11 100 1 1
0 8 108 1 1
0 2 102 1 1
0 1 101 1 1
0 2 101 1 1
0 3 101 1 1
0 4 101 1 1
0 5 101 1 1
0 8 101 1 1
0 6 101 1 1
0 9 101 1 1
0 7 101 1 1
0 10 101 1 1
0 1 101 1 1
0 9 104 1 1
0 7 106 1 1
0 2 100 1 1
0 10 103 1 1
0 6 107 1 1
0 4 109 1 1
0 5 108 1 1
0 1 101 1 1
0 8 105 1 1
0 1 104 1 1
0 11 108 1 1
0 5 108 1 1
0 10 102 1 1
0 3 106 1 1
0 4 107 1 1
0 9 101 1 1
0 6 109 1 1
0 8 100 1 1
0 2 105 1 1
0 10 104 1 1
0 7 104 1 1
0 9 104 1 1
0 6 104 1 1
0 8 104 1 1
0 5 104 1 1
0 4 104 1 1
0 3 104 1 1
0 2 104 1 1
0 1 104 1 1
0 3 108 1 1
0 5 110 1 1
0 6 111 1 1
0 4 109 1 1
0 7 112 1 1
0 9 114 1 1
0 11 105 1 1
0 8 113 1 1
0 2 107 1 1
0 1 106 1 1
0 2 106 1 1
0 3 106 1 1
0 4 106 1 1
0 5 106 1 1
0 8 106 1 1
0 6 106 1 1
0 9 106 1 1
0 7 106 1 1
0 10 106 1 1
0 1 106 1 1
0 9 109 1 1
0 7 111 1 1
0 2 105 1 1
0 10 108 1 1
0 6 112 1 1
0 4 114 1 1
0 5 113 1 1
0 1 106 1 1
0 8 110 1 1
0 1 109 1 1
0 11 113 1 1
0 5 113 1 1
0 10 107 1 1
0 3 111 1 1
0 4 112 1 1
0 9 106 1 1
0 6 114 1 1
0 8 105 1 1
0 2 110 1 1
0 10 109 1 1
0 7 109 1 1
0 9 109 1 1
0 6 109 1 1
0 8 109 1 1
0 5 109 1 1
0 4 109 1 1
0 3 109 1 1
0 2 109 1 1
0 1 109 1 1
0 3 113 1 1
0 5 115 1 1
0 6 116 1 1
0 4 114 1 1
0 7 117 1 1
0 9 119 1 1
0 11 110 1 1
0 8 118 1 1
0 2 112 1 1
0 1 111 1 1
0 2 111 1 1
0 3 111 1 1
0 4 111 1 1
0 5 111 1 1
0 8 111 1 1
0 6 111 1 1
0 9 111 1 1
0 7 111 1 1
0 10 111 1 1
0 1 111 1 1
0 9 114 1 1
0 7 116 1 1
0 2 110 1 1
0 10 113 1 1
0 6 117 1 1
0 4 119 1 1
0 5 118 1 1
0 1 111 1 1
0 8 115 1 1
0 1 114 1 1
0 11 118 1 1
0 5 118 1 1
0 10 112 1 1
0 3 116 1 1
0 4 117 1 1
0 9 111 1 1
0 6 119 1 1
0 8 110 1 1
0 2 115 1 1
0 10 114 1 1
0 7 114 1 1
0 9 114 1 1
0 6 114 1 1
0 8 114 1 1
0 5 114 1 1
0 4 114 1 1
0 3 114 1 1
0 2 114 1 1
0 1 114 1 1
0 3 118 1 1
0 5 120 1 1
0 6 121 1 1
0 4 119 1 1
0 7 122 1 1
0 9 124 1 1
0 11 115 1 1
0 8 123 1 1
0 2 117 1 1
0 1 116 1 1
0 2 116 1 1
0 3 116 1 1
0 4 116 1 1
0 5 116 1 1
0 8 116 1 1
0 6 116 1 1
0 9 116 1 1
0 7 116 1 1
0 10 116 1 1
0 1 116 1 1
0 9 119 1 1
0 7 121 1 1
0 2 115 1 1
0 10 118 1 1
0 6 122 1 1
0 4 124 1 1
0 5 123 1 1
0 1 116 1 1
0 8 120 1 1
0 1 119 1 1
0 11 123 1 1
0 5 123 1 1
0 10 117 1 1
0 3 121 1 1
0 4 122 1 1
0 9 116 1 1
0 6 124 1 1
0 8 115 1 1
0 2 120 1 1
0 10 119 1 1
0 7 119 1 1
0 9 119 1 1
0 6 119 1 1
0 8 119 1 1
0 5 119 1 1
0 4 119 1 1
0 3 119 1 1
0 2 119 1 1
0 1 119 1 1
0 3 123 1 1
0 5 125 1 1
0 6 126 1 1
0 4 124 1 1
0 7 127 1 1
0 9 129 1 1
0 11 120 1 1
0 8 128 1 1
0 2 122 1 1
0 1 121 1 1
0 2 121 1 1
0 3 121 1 1
0 4 121 1 1
0 5 121 1 1
0 8 121 1 1
0 6 121 1 1
0 9 121 1 1
0 7 121 1 1
0 10 121 1 1
0 1 121 1 1
0 9 124 1 1
0 7 126 1 1
0 2 120 1 1
0 10 123 1 1
0 6 127 1 1
0 4 129 1 1
0 5 128 1 1
0 1 121 1 1
0 8 125 1 1
0 1 124 1 1
0 11 128 1 1
0 5 128 1 1
0 10 122 1 1
0 3 126 1 1
0 4 127 1 1
0 9 121 1 1
0 6 129 1 1
0 8 120 1 1
0 2 125 1 1
0 10 124 1 1
0 7 124 1 1
0 9 124 1 1
0 6 124 1 1
0 8 124 1 1
0 5 124 1 1
0 4 124 1 1
0 3 124 1 1
0 2 124 1 1
0 1 124 1 1
0 3 128 1 1
0 5 130 1 1
0 6 131 1 1
0 4 129 1 1
0 7 132 1 1
0 9 134 1 1
0 11 125 1 1
0 8 133 1 1
0 2 127 1 1
0 1 126 1 1
0 2 126 1 1
0 3 126 1 1
0 4 126 1 1
0 5 126 1 1
0 8 126 1 1
0 6 126 1 1
0 9 126 1 1
0 7 126 1 1
0 10 126 1 1
0 1 126 1 1
0 9 129 1 1
0 7 131 1 1
0 2 125 1 1
0 10 128 1 1
0 6 132 1 1
0 4 134 1 1
0 5 133 1 1
0 1 126 1 1
0 8 130 1 1
0 1 129 1 1
0 11 133 1 1
0 5 133 1 1
0 10 127 1 1
0 3 131 1 1
0 4 132 1 1
0 9 126 1 1
0 6 134 1 1
0 8 125 1 1
0 2 130 1 1
0 10 129 1 1
0 7 129 1 1
0 9 129 1 1
0 6 129 1 1
0 8 129 1 1
0 5 129 1 1
0 4 129 1 1
0 3 129 1 1
0 2 129 1 1
0 1 129 1 1
0 3 133 1 1
0 5 135 1 1
0 6 136 1 1
0 4 134 1 1
0 7 137 1 1
0 9 139 1 1
0 11 130 1 1
0 8 138 1 1
0 2 132 1 1
0 1 131 1 1
0 2 131 1 1
0 3 131 1 1
0 4 131 1 1
0 5 131 1 1
0 8 131 1 1
0 6 131 1 1
0 9 131 1 1
0 7 131 1 1
0 10 131 1 1
0 1 131 1 1
0 9 134 1 1
0 7 136 1 1
0 2 130 1 1
0 10 133 1 1
0 6 137 1 1
0 4 139 1 1
0 5 138 1 1
0 1 131 1 1
0 8 135 1 1
0 1 134 1 1
0 11 138 1 1
0 5 138 1 1
0 10 132 1 1
0 3 136 1 1
0 4 137 1 1
0 9 131 1 1
0 6 139 1 1
0 8 130 1 1
0 2 135 1 1
0 10 134 1 1
0 7 134 1 1
0 9 134 1 1
0 6 134 1 1
0 8 134 1 1
0 5 134 1 1
0 4 134 1 1
0 3 134 1 1
0 2 134 1 1
0 1 134 1 1
0 3 138 1 1
0 5 140 1 1
0 6 141 1 1
0 4 139 1 1
0 7 142 1 1
0 9 144 1 1
0 11 135 1 1
0 8 143 1 1
0 2 137 1 1
0 1 136 1 1
0 2 136 1 1
0 3 136 1 1
0 4 136 1 1
0 5 136 1 1
0 8 136 1 1
0 6 136 1 1
0 9 136 1 1
0 7 136 1 1
0 10 136 1 1
0 1 136 1 1
0 9 139 1 1
0 7 141 1 1
0 2 135 1 1
0 10 138 1 1
0 6 142 1 1
0 4 144 1 1
0 5 143 1 1
0 1 136 1 1
0 8 140 1 1
0 1 139 1 1
0 11 143 1 1
0 5 143 1 1
0 10 137 1 1
0 3 141 1 1
0 4 142 1 1
0 9 136 1 1
0 6 144 1 1
0 8 135 1 1
0 2 140 1 1
0 10 139 1 1
0 7 139 1 1
0 9 139 1 1
0 6 139 1 1
0 8 139 1 1
0 5 139 1 1
0 4 139 1 1
0 3 139 1 1
0 2 139 1 1
0 1 139 1 1
0 3 143 1 1
0 5 145 1 1
0 6 146 1 1
0 4 144 1 1
0 7 147 1 1
0 9 149 1 1
0 11 140 1 1
0 8 148 1 1
0 2 142 1 1
0 1 141 1 1
0 2 141 1 1
0 3 141 1 1
0 4 141 1 1
0 5 141 1 1
0 8 141 1 1
0 6 141 1 1
0 9 141 1 1
0 7 141 1 1
0 10 141 1 1
0 1 141 1 1
0 9 144 1 1
0 7 146 1 1
0 2 140 1 1
0 10 143 1 1
0 6 147 1 1
0 4 149 1 1
0 5 148 1 1
0 1 141 1 1
0 8 145 1 1
0 1 144 1 1
0 11 148 1 1
0 5 148 1 1
0 10 142 1 1
0 3 146 1 1
0 4 147 1 1
0 9 141 1 1
0 6 149 1 1
0 8 140 1 1
0 2 145 1 1
0 10 144 1 1
0 7 144 1 1
0 9 144 1 1
0 6 144 1 1
0 8 144 1 1
0 5 144 1 1
0 4 144 1 1
0 3 144 1 1
0 2 144 1 1
0 1 144 1 1
0 3 148 1 1
0 5 150 1 1
0 6 151 1 1
0 4 149 1 1
0 7 152 1 1
0 9 154 1 1
0 11 145 1 1
0 8 153 1 1
0 2 147 1 1
0 1 146 1 1
0 2 146 1 1
0 3 146 1 1
0 4 146 1 1
0 5 146 1 1
0 8 146 1 1
0 6 146 1 1
0 9 146 1 1
0 7 146 1 1
0 10 146 1 1
0 1 146 1 1
0 9 149 1 1
0 7 151 1 1
0 2 145 1 1
0 10 148 1 1
0 6 152 1 1
0 4 154 1 1
0 5 153 1 1
0 1 146 1 1
0 8 150 1 1
0 1 149 1 1
0 11 153 1 1
0 5 153 1 1
0 10 147 1 1
0 3 151 1 1
0 4 152 1 1
0 9 146 1 1
0 6 154 1 1
0 8 145 1 1
0 2 150 1 1
0 10 149 1 1
0 7 149 1 1
0 9 149 1 1
0 6 149 1 1
0 8 149 1 1
0 5 149 1 1
0 4 149 1 1
0 3 149 1 1
0 2 149 1 1
0 1 149 1 1
0 3 153 1 1
0 5 155 1 1
0 6 156 1 1
0 4 154 1 1
0 7 157 1 1
0 9 159 1 1
0 11 150 1 1
0 8 158 1 1
0 2 152 1 1
0 1 151 1 1
0 2 151 1 1
0 3 151 1 1
0 4 151 1 1
0 5 151 1 1
0 8 151 1 1
0 6 151 1 1
0 9 151 1 1
0 7 151 1 1
0 10 151 1 1
0 1 151 1 1
0 9 154 1 1
0 7 156 1 1
0 2 150 1 1
0 10 153 1 1
0 6 157 1 1
0 4 159 1 1
0 5 158 1 1
0 1 151 1 1
0 8 155 1 1
0 1 154 1 1
0 11 158 1 1
0 5 158 1 1
0 10 152 1 1
0 3 156 1 1
0 4 157 1 1
0 9 151 1 1
0 6 159 1 1
0 8 150 1 1
0 2 155 1 1
0 10 154 1 1
0 7 154 1 1
0 9 154 1 1
0 6 154 1 1
0 8 154 1 1
0 5 154 1 1
0 4 154 1 1
0 3 154 1 1
0 2 154 1 1
0 1 154 1 1
0 3 158 1 1
0 5 160 1 1
0 6 161 1 1
0 4 159 1 1
0 7 162 1 1
0 9 164 1 1
0 11 155 1 1
0 8 163 1 1
0 2 157 1 1
0 1 156 1 1
0 2 156 1 1
0 3 156 1 1
0 4 156 1 1
0 5 156 1 1
0 8 156 1 1
0 6 156 1 1
0 9 156 1 1
0 7 156 1 1
0 10 156 1 1
0 1 156 1 1
0 9 159 1 1
0 7 161 1 1
0 2 155 1 1
0 10 158 1 1
0 6 162 1 1
0 4 164 1 1
0 5 163 1 1
0 1 156 1 1
0 8 160 1 1
0 1 159 1 1
0 11 163 1 1
0 5 163 1 1
0 10 157 1 1
0 3 161 1 1
0 4 162 1 1
0 9 156 1 1
0 6 164 1 1
0 8 155 1 1
0 2 160 1 1
0 10 159 1 1
0 7 159 1 1
0 9 159 1 1
0 6 159 1 1
0 8 159 1 1
0 5 159 1 1
0 4 159 1 1
0 3 159 1 1
0 2 159 1 1
0 1 159 1 1
0 3 163 1 1
0 5 165 1 1
0 6 166 1 1
0 4 164 1 1
0 7 167 1 1
0 9 169 1 1
0 11 160 1 1
0 8 168 1 1
0 2 162 1 1
0 1 161 1 1
0 2 161 1 1
0 3 161 1 1
0 4 161 1 1
0 5 161 1 1
0 8 161 1 1
0 6 161 1 1
0 9 161 1 1
0 7 161 1 1
0 10 161 1 1
0 1 161 1 1
0 9 164 1 1
0 7 166 1 1
0 2 160 1 1
0 10 163 1 1
0 6 167 1 1
0 4 169 1 1
0 5 168 1 1
0 1 161 1 1
0 8 165 1 1
0 1 164 1 1
0 11 168 1 1
0 5 168 1 1
0 10 162 1 1
0 3 166 1 1
0 4 167 1 1
0 9 161 1 1
0 6 169 1 1
0 8 160 1 1
0 2 165 1 1
0 10 164 1 1
0 7 164 1 1
0 9 164 1 1
0 6 164 1 1
0 8 164 1 1
0 5 164 1 1
0 4 164 1 1
0 3 164 1 1
0 2 164 1 1
0 1 164 1 1
0 3 168 1 1
0 5 170 1 1
0 6 171 1 1
0 4 169 1 1
0 7 172 1 1
0 9 174 1 1
0 11 165 1 1
0 8 173 1 1
0 2 167 1 1
0 1 166 1 1
0 2 166 1 1
0 3 166 1 1
0 4 166 1 1
0 5 166 1 1
0 8 166 1 1
0 6 166 1 1
0 9 166 1 1
0 7 166 1 1
0 10 166 1 1
0 1 166 1 1
0 9 169 1 1
0 7 171 1 1
0 2 165 1 1
0 10 168 1 1
0 6 172 1 1
0 4 174 1 1
0 5 173 1 1
0 1 166 1 1
0 8 170 1 1
0 1 169 1 1
0 11 173 1 1
0 5 173 1 1
0 10 167 1 1
0 3 171 1 1
0 4 172 1 1
0 9 166 1 1
0 6 174 1 1
0 8 165 1 1
0 2 170 1 1
0 10 169 1 1
0 7 169 1 1
0 9 169 1 1
0 6 169 1 1
0 8 169 1 1
0 5 169 1 1
0 4 169 1 1
0 3 169 1 1
0 2 169 1 1
0 1 169 1 1
0 3 173 1 1
0 5 175 1 1
0 6 176 1 1
0 4 174 1 1
0 7 177 1 1
0 9 179 1 1
0 11 170 1 1
0 8 178 1 1
0 2 172 1 1
0 1 171 1 1
0 2 171 1 1
0 3 171 1 1
0 4 171 1 1
0 5 171 1 1
0 8 171 1 1
0 6 171 1 1
0 9 171 1 1
0 7 171 1 1
0 10 171 1 1
0 1 171 1 1
0 9 174 1 1
0 7 176 1 1
0 2 170 1 1
0 10 173 1 1
0 6 177 1 1
0 4 179 1 1
0 5 178 1 1
0 1 171 1 1
0 8 175 1 1
0 1 174 1 1
0 11 178 1 1
0 5 178 1 1
0 10 172 1 1
0 3 176 1 1
0 4 177 1 1
0 9 171 1 1
0 6 179 1 1
0 8 170 1 1
0 2 175 1 1
0 10 174 1 1
0 7 174 1 1
0 9 174 1 1
0 6 174 1 1
0 8 174 1 1
0 5 174 1 1
0 4 174 1 1
0 3 174 1 1
0 2 174 1 1
0 1 174 1 1
0 3 178 1 1
0 5 180 1 1
0 6 181 1 1
0 4 179 1 1
0 7 182 1 1
0 9 184 1 1
0 11 175 1 1
0 8 183 1 1
0 2 177 1 1
0 1 176 1 1
0 2 176 1 1
0 3 176 1 1
0 4 176 1 1
0 5 176 1 1
0 8 176 1 1
0 6 176 1 1
0 9 176 1 1
0 7 176 1 1
0 10 176 1 1
0 1 176 1 1
0 9 179 1 1
0 7 181 1 1
0 2 175 1 1
0 10 178 1 1
0 6 182 1 1
0 4 184 1 1
0 5 183 1 1
0 1 176 1 1
0 8 180 1 1
0 1 179 1 1
0 11 183 1 1
0 5 183 1 1
0 10 177 1 1
0 3 181 1 1
0 4 182 1 1
0 9 176 1 1
0 6 184 1 1
0 8 175 1 1
0 2 180 1 1
0 10 179 1 1
0 7 179 1 1
0 9 179 1 1
0 6 179 1 1
0 8 179 1 1
0 5 179 1 1
0 4 179 1 1
0 3 179 1 1
0 2 179 1 1
0 1 179 1 1
0 3 183 1 1
0 5 185 1 1
0 6 186 1 1
0 4 184 1 1
0 7 187 1 1
0 9 189 1 1
0 11 180 1 1
0 8 188 1 1
0 2 182 1 1
0 1 181 1 1
0 2 181 1 1
0 3 181 1 1
0 4 181 1 1
0 5 181 1 1
0 8 181 1 1
0 6 181 1 1
0 9 181 1 1
0 7 181 1 1
0 10 181 1 1
0 1 181 1 1
0 9 184 1 1
0 7 186 1 1
0 2 180 1 1
0 10 183 1 1
0 6 187 1 1
0 4 189 1 1
0 5 188 1 1
0 1 181 1 1
0 8 185 1 1
0 1 184 1 1
0 11 188 1 1
0 5 188 1 1
0 10 182 1 1
0 3 186 1 1
0 4 187 1 1
0 9 181 1 1
0 6 189 1 1
0 8 180 1 1
0 2 185 1 1
0 10 184 1 1
0 7 184 1 1
0 9 184 1 1
0 6 184 1 1
0 8 184 1 1
0 5 184 1 1
0 4 184 1 1
0 3 184 1 1
0 2 184 1 1
0 1 184 1 1
0 3 188 1 1
0 5 190 1 1
0 6 191 1 1
0 4 189 1 1
0 7 192 1 1
0 9 194 1 1
0 11 185 1 1
0 8 193 1 1
0 2 187 1 1
0 1 186 1 1
0 2 186 1 1
0 3 186 1 1
0 4 186 1 1
0 5 186 1 1
0 8 186 1 1
0 6 186 1 1
0 9 186 1 1
0 7 186 1 1
0 10 186 1 1
0 1 186 1 1
0 9 189 1 1
0 7 191 1 1
0 2 185 1 1
0 10 188 1 1
0 6 192 1 1
0 4 194 1 1
0 5 193 1 1
0 1 186 1 1
0 8 190 1 1
0 1 189 1 1
0 11 193 1 1
0 5 193 1 1
0 10 187 1 1
0 3 191 1 1
0 4 192 1 1
0 9 186 1 1
0 6 194 1 1
0 8 185 1 1
0 2 190 1 1
0 10 189 1 1
0 7 189 1 1
0 9 189 1 1
0 6 189 1 1
0 8 189 1 1
0 5 189 1 1
0 4 189 1 1
0 3 189 1 1
0 2 189 1 1
0 1 189 1 1
0 3 193 1 1
0 5 195 1 1
0 6 196 1 1
0 4 194 1 1
0 7 197 1 1
0 9 199 1 1
0 11 190 1 1
0 8 198 1 1
0 2 192 1 1
0 1 191 1 1
0 2 191 1 1
0 3 191 1 1
0 4 191 1 1
0 5 191 1 1
0 8 191 1 1
0 6 191 1 1
0 9 191 1 1
0 7 191 1 1
0 10 191 1 1
0 1 191 1 1
0 9 194 1 1
0 7 196 1 1
0 2 190 1 1
0 10 193 1 1
0 6 197 1 1
0 4 199 1 1
0 5 198 1 1
0 1 191 1 1
0 8 195 1 1
0 1 194 1 1
0 11 198 1 1
0 5 198 1 1
0 10 192 1 1
0 3 196 1 1
0 4 197 1 1
0 9 191 1 1
0 6 199 1 1
0 8 190 1 1
0 2 195 1 1
0 10 194 1 1
0 7 194 1 1
0 9 194 1 1
0 6 194 1 1
0 8 194 1 1
0 5 194 1 1
0 4 194 1 1
0 3 194 1 1
0 2 194 1 1
0 1 194 1 1
0 3 198 1 1
0 5 200 1 1
0 6 201 1 1
0 4 199 1 1
0 7 202 1 1
0 9 204 1 1
0 11 195 1 1
0 8 203 1 1
0 2 197 1 1
0 1 196 1 1
0 2 196 1 1
0 3 196 1 1
0 4 196 1 1
0 5 196 1 1
0 8 196 1 1
0 6 196 1 1
0 9 196 1 1
0 7 196 1 1
0 10 196 1 1
0 1 196 1 1
0 9 199 1 1
0 7 201 1 1
0 2 195 1 1
0 10 198 1 1
0 6 202 1 1
0 4 204 1 1
0 5 203 1 1
0 1 196 1 1
0 8 200 1 1
0 1 199 1 1
0 11 203 1 1
0 5 203 1 1
0 10 197 1 1
0 3 201 1 1
0 4 202 1 1
0 9 196 1 1
0 6 204 1 1
0 8 195 1 1
0 2 200 1 1
0 10 199 1 1
0 7 199 1 1
0 9 199 1 1
0 6 199 1 1
0 8 199 1 1
0 5 199 1 1
0 4 199 1 1
0 3 199 1 1
0 2 199 1 1
0 1 199 1 1
0 3 203 1 1
0 5 205 1 1
0 6 206 1 1
0 4 204 1 1
0 7 207 1 1
0 9 209 1 1
0 11 200 1 1
0 8 208 1 1
0 2 202 1 1
0 1 201 1 1
0 2 201 1 1
0 3 201 1 1
0 4 201 1 1
0 5 201 1 1
0 8 201 1 1
0 6 201 1 1
0 9 201 1 1
0 7 201 1 1
0 10 201 1 1
0 1 201 1 1
0 9 204 1 1
0 7 206 1 1
0 2 200 1 1
0 10 203 1 1
0 6 207 1 1
0 4 209 1 1
0 5 208 1 1
0 1 201 1 1
0 8 205 1 1
0 1 204 1 1
0 11 208 1 1
0 5 208 1 1
0 10 202 1 1
0 3 206 1 1
0 4 207 1 1
0 9 201 1 1
0 6 209 1 1
0 8 200 1 1
0 2 205 1 1
0 10 204 1 1
0 7 204 1 1
0 9 204 1 1
0 6 204 1 1
0 8 204 1 1
0 5 204 1 1
0 4 204 1 1
0 3 204 1 1
0 2 204 1 1
0 1 204 1 1
0 3 208 1 1
0 5 210 1 1
0 6 211 1 1
0 4 209 1 1
0 7 212 1 1
0 9 214 1 1
0 11 205 1 1
0 8 213 1 1
0 2 207 1 1
0 1 206 1 1
0 2 206 1 1
0 3 206 1 1
0 4 206 1 1
0 5 206 1 1
0 8 206 1 1
0 6 206 1 1
0 9 206 1 1
0 7 206 1 1
0 10 206 1 1
0 1 206 1 1
0 9 209 1 1
0 7 211 1 1
0 2 205 1 1
0 10 208 1 1
0 6 212 1 1
0 4 214 1 1
0 5 213 1 1
0 1 206 1 1
0 8 210 1 1
0 1 209 1 1
0 11 213 1 1
0 5 213 1 1
0 10 207 1 1
0 3 211 1 1
0 4 212 1 1
0 9 206 1 1
0 6 214 1 1
0 8 205 1 1
0 2 210 1 1
0 10 209 1 1
0 7 209 1 1
0 9 209 1 1
0 6 209 1 1
0 8 209 1 1
0 5 209 1 1
0 4 209 1 1
0 3 209 1 1
0 2 209 1 1
0 1 209 1 1
0 3 213 1 1
0 5 215 1 1
0 6 216 1 1
0 4 214 1 1
0 7 217 1 1
0 9 219 1 1
0 11 210 1 1
0 8 218 1 1
0 2 212 1 1
0 1 211 1 1
0 2 211 1 1
0 3 211 1 1
0 4 211 1 1
0 5 211 1 1
0 8 211 1 1
0 6 211 1 1
0 9 211 1 1
0 7 211 1 1
0 10 211 1 1
0 1 211 1 1
0 9 214 1 1
0 7 216 1 1
0 2 210 1 1
0 10 213 1 1
0 6 217 1 1
0 4 219 1 1
0 5 218 1 1
0 1 211 1 1
0 8 215 1 1
0 1 214 1 1
0 11 218 1 1
0 5 218 1 1
0 10 212 1 1
0 3 216 1 1
0 4 217 1 1
0 9 211 1 1
0 6 219 1 1
0 8 210 1 1
0 2 215 1 1
0 10 214 1 1
0 7 214 1 1
0 9 214 1 1
0 6 214 1 1
0 8 214 1 1
0 5 214 1 1
0 4 214 1 1
0 3 214 1 1
0 2 214 1 1
0 1 214 1 1
0 3 218 1 1
0 5 220 1 1
0 6 221 1 1
0 4 219 1 1
0 7 222 1 1
0 9 224 1 1
0 11 215 1 1
0 8 223 1 1
0 2 217 1 1
0 1 216 1 1
0 2 216 1 1
0 3 216 1 1
0 4 216 1 1
0 5 216 1 1
0 8 216 1 1
0 6 216 1 1
0 9 216 1 1
0 7 216 1 1
0 10 216 1 1
0 1 216 1 1
0 9 219 1 1
0 7 221 1 1
0 2 215 1 1
0 10 218 1 1
0 6 222 1 1
0 4 224 1 1
0 5 223 1 1
0 1 216 1 1
0 8 220 1 1
0 1 219 1 1
0 11 223 1 1
0 5 223 1 1
0 10 217 1 1
0 3 221 1 1
0 4 222 1 1
0 9 216 1 1
0 6 224 1 1
0 8 215 1 1
0 2 220 1 1
0 10 219 1 1
0 7 219 1 1
0 9 219 1 1
0 6 219 1 1
0 8 219 1 1
0 5 219 1 1
0 4 219 1 1
0 3 219 1 1
0 2 219 1 1
0 1 219 1 1
0 3 223 1 1
0 5 225 1 1
0 6 226 1 1
0 4 224 1 1
0 7 227 1 1
0 9 229 1 1
0 11 220 1 1
0 8 228 1 1
0 2 222 1 1
0 1 221 1 1
0 2 221 1 1
0 3 221 1 1
0 4 221 1 1
0 5 221 1 1
0 8 221 1 1
0 6 221 1 1
0 9 221 1 1
0 7 221 1 1
0 10 221 1 1
0 1 221 1 1
0 9 224 1 1
0 7 226 1 1
0 2 220 1 1
0 10 223 1 1
0 6 227 1 1
0 4 229 1 1
0 5 228 1 1
0 1 221 1 1
0 8 225 1 1
0 1 224 1 1
0 11 228 1 1
0 5 228 1 1
0 10 222 1 1
0 3 226 1 1
0 4 227 1 1
0 9 221 1 1
0 6 229 1 1
0 8 220 1 1
0 2 225 1 1
0 10 224 1 1
0 7 224 1 1
0 9 224 1 1
0 6 224 1 1
0 8 224 1 1
0 5 224 1 1
0 4 224 1 1
0 3 224 1 1
0 2 224 1 1
0 1 224 1 1
0 3 228 1 1
0 5 230 1 1
0 6 231 1 1
0 4 229 1 1
0 7 232 1 1
0 9 234 1 1
0 11 225 1 1
0 8 233 1 1
0 2 227 1 1
0 1 226 1 1
0 2 226 1 1
0 3 226 1 1
0 4 226 1 1
0 5 226 1 1
0 8 226 1 1
0 6 226 1 1
0 9 226 1 1
0 7 226 1 1
0 10 226 1 1
0 1 226 1 1
0 9 229 1 1
0 7 231 1 1
0 2 225 1 1
0 10 228 1 1
0 6 232 1 1
0 4 234 1 1
0 5 233 1 1
0 1 226 1 1
0 8 230 1 1
0 1 229 1 1
0 11 233 1 1
0 5 233 1 1
0 10 227 1 1
0 3 231 1 1
0 4 232 1 1
0 9 226 1 1
0 6 234 1 1
0 8 225 1 1
0 2 230 1 1
0 10 229 1 1
0 7 229 1 1
0 9 229 1 1
0 6 229 1 1
0 8 229 1 1
0 5 229 1 1
0 4 229 1 1
0 3 229 1 1
0 2 229 1 1
0 1 229 1 1
0 3 233 1 1
0 5 235 1 1
0 6 236 1 1
0 4 234 1 1
0 7 237 1 1
0 9 239 1 1
0 11 230 1 1
0 8 238 1 1
0 2 232 1 1
0 1 231 1 1
0 2 231 1 1
0 3 231 1 1
0 4 231 1 1
0 5 231 1 1
0 8 231 1 1
0 6 231 1 1
0 9 231 1 1
0 7 231 1 1
0 10 231 1 1
0 1 231 1 1
0 9 234 1 1
0 7 236 1 1
0 2 230 1 1
0 10 233 1 1
0 6 237 1 1
0 4 239 1 1
0 5 238 1 1
0 1 231 1 1
0 8 235 1 1
0 1 234 1 1
0 11 238 1 1
0 5 238 1 1
0 10 232 1 1
0 3 236 1 1
0 4 237 1 1
0 9 231 1 1
0 6 239 1 1
0 8 230 1 1
0 2 235 1 1
0 10 234 1 1
0 7 234 1 1
0 9 234 1 1
0 6 234 1 1
0 8 234 1 1
0 5 234 1 1
0 4 234 1 1
0 3 234 1 1
0 2 234 1 1
0 1 234 1 1
0 3 238 1 1
0 5 240 1 1
0 6 241 1 1
0 4 239 1 1
0 7 242 1 1
0 9 244 1 1
0 11 235 1 1
0 8 243 1 1
0 2 237 1 1
0 1 236 1 1
0 2 236 1 1
0 3 236 1 1
0 4 236 1 1
0 5 236 1 1
0 8 236 1 1
0 6 236 1 1
0 9 236 1 1
0 7 236 1 1
0 10 236 1 1
0 1 236 1 1
0 9 239 1 1
0 7 241 1 1
0 2 235 1 1
0 10 238 1 1
0 6 242 1 1
0 4 244 1 1
0 5 243 1 1
0 1 236 1 1
0 8 240 1 1
0 1 239 1 1
0 11 243 1 1
0 5 243 1 1
0 10 237 1 1
0 3 241 1 1
0 4 242 1 1
0 9 236 1 1
0 6 244 1 1
0 8 235 1 1
0 2 240 1 1
0 10 239 1 1
0 7 239 1 1
0 9 239 1 1
0 6 239 1 1
0 8 239 1 1
0 5 239 1 1
0 4 239 1 1
0 3 239 1 1
0 2 239 1 1
0 1 239 1 1
0 3 243 1 1
0 5 245 1 1
0 6 246 1 1
0 4 244 1 1
0 7 247 1 1
0 9 249 1 1
0 11 240 1 1
0 8 248 1 1
0 2 242 1 1
0 1 241 1 1
0 2 241 1 1
0 3 241 1 1
0 4 241 1 1
0 5 241 1 1
0 8 241 1 1
0 6 241 1 1
0 9 241 1 1
0 7 241 1 1
0 10 241 1 1
0 1 241 1 1
0 9 244 1 1
0 7 246 1 1
0 2 240 1 1
0 10 243 1 1
0 6 247 1 1
0 4 249 1 1
0 5 248 1 1
0 1 241 1 1
0 8 245 1 1
0 1 244 1 1
0 11 248 1 1
0 5 248 1 1
0 10 242 1 1
0 3 246 1 1
0 4 247 1 1
0 9 241 1 1
0 6 249 1 1
0 8 240 1 1
0 2 245 1 1
0 10 244 1 1
0 7 244 1 1
0 9 244 1 1
0 6 244 1 1
0 8 244 1 1
0 5 244 1 1
0 4 244 1 1
0 3 244 1 1
0 2 244 1 1
0 1 244 1 1
0 3 248 1 1
0 5 250 1 1
0 6 251 1 1
0 4 249 1 1
0 7 252 1 1
0 9 254 1 1
0 11 245 1 1
0 8 253 1 1
0 2 247 1 1
0 1 246 1 1
0 2 246 1 1
0 3 246 1 1
0 4 246 1 1
0 5 246 1 1
0 8 246 1 1
0 6 246 1 1
0 9 246 1 1
0 7 246 1 1
0 10 246 1 1
0 1 246 1 1
0 9 249 1 1
0 7 251 1 1
0 2 245 1 1
0 10 248 1 1
0 6 252 1 1
0 4 254 1 1
0 5 253 1 1
0 1 246 1 1
0 8 250 1 1
0 1 249 1 1
0 11 253 1 1
0 5 253 1 1
0 10 247 1 1
0 3 251 1 1
0 4 252 1 1
0 9 246 1 1
0 6 254 1 1
0 8 245 1 1
0 2 250 1 1
0 10 249 1 1
0 7 249 1 1
0 9 249 1 1
0 6 249 1 1
0 8 249 1 1
0 5 249 1 1
0 4 249 1 1
0 3 249 1 1
0 2 249 1 1
0 1 249 1 1
0 3 253 1 1
0 5 255 1 1
0 6 256 1 1
0 4 254 1 1
0 7 257 1 1
0 9 259 1 1
0 11 250 1 1
0 8 258 1 1
0 2 252 1 1
0 1 251 1 1
0 2 251 1 1
0 3 251 1 1
0 4 251 1 1
0 5 251 1 1
0 8 251 1 1
0 6 251 1 1
0 9 251 1 1
0 7 251 1 1
0 10 251 1 1
0 1 251 1 1
0 9 254 1 1
0 7 256 1 1
0 2 250 1 1
0 10 253 1 1
0 6 257 1 1
0 4 259 1 1
0 5 258 1 1
0 1 251 1 1
0 8 255 1 1
0 1 254 1 1
0 11 258 1 1
0 5 258 1 1
0 10 252 1 1
0 3 256 1 1
0 4 257 1 1
0 9 251 1 1
0 6 259 1 1
0 8 250 1 1
0 2 255 1 1
0 10 254 1 1
0 7 254 1 1
0 9 254 1 1
0 6 254 1 1
0 8 254 1 1
0 5 254 1 1
0 4 254 1 1
0 3 254 1 1
0 2 254 1 1
0 1 254 1 1
0 3 258 1 1
0 5 260 1 1
0 6 261 1 1
0 4 259 1 1
0 7 262 1 1
0 9 264 1 1
0 11 255 1 1
0 8 263 1 1
0 2 257 1 1
0 1 256 1 1
0 2 256 1 1
0 3 256 1 1
0 4 256 1 1
0 5 256 1 1
0 8 256 1 1
0 6 256 1 1
0 9 256 1 1
0 7 256 1 1
0 10 256 1 1
0 1 256 1 1
0 9 259 1 1
0 7 261 1 1
0 2 255 1 1
0 10 258 1 1
0 6 262 1 1
0 4 264 1 1
0 5 263 1 1
0 1 256 1 1
0 8 260 1 1
0 1 259 1 1
0 11 263 1 1
0 5 263 1 1
0 10 257 1 1
0 3 261 1 1
0 4 262 1 1
0 9 256 1 1
0 6 264 1 1
0 8 255 1 1
0 2 260 1 1
0 10 259 1 1
0 7 259 1 1
0 9 259 1 1
0 6 259 1 1
0 8 259 1 1
0 5 259 1 1
0 4 259 1 1
0 3 259 1 1
0 2 259 1 1
0 1 259 1 1
0 3 263 1 1
0 5 265 1 1
0 6 266 1 1
0 4 264 1 1
0 7 267 1 1
0 9 269 1 1
0 11 260 1 1
0 8 268 1 1
0 2 262 1 1
0 1 261 1 1
0 2 261 1 1
0 3 261 1 1
0 4 261 1 1
0 5 261 1 1
0 8 261 1 1
0 6 261 1 1
0 9 261 1 1
0 7 261 1 1
0 10 261 1 1
0 1 261 1 1
0 9 264 1 1
0 7 266 1 1
0 2 260 1 1
0 10 263 1 1
0 6 267 1 1
0 4 269 1 1
0 5 268 1 1
0 1 261 1 1
0 8 265 1 1
0 1 264 1 1
0 11 268 1 1
0 5 268 1 1
0 10 262 1 1
0 3 266 1 1
0 4 267 1 1
0 9 261 1 1
0 6 269 1 1
0 8 260 1 1
0 2 265 1 1
0 10 264 1 1
0 7 264 1 1
0 9 264 1 1
0 6 264 1 1
0 8 264 1 1
0 5 264 1 1
0 4 264 1 1
0 3 264 1 1
0 2 264 1 1
0 1 264 1 1
0 3 268 1 1
0 5 270 1 1
0 6 271 1 1
0 4 269 1 1
0 7 272 1 1
0 9 274 1 1
0 11 265 1 1
0 8 273 1 1
0 2 267 1 1
0 1 266 1 1
0 2 266 1 1
0 3 266 1 1
0 4 266 1 1
0 5 266 1 1
0 8 266 1 1
0 6 266 1 1
0 9 266 1 1
0 7 266 1 1
0 10 266 1 1
0 1 266 1 1
0 9 269 1 1
0 7 271 1 1
0 2 265 1 1
0 10 268 1 1
0 6 272 1 1
0 4 274 1 1
0 5 273 1 1
0 1 266 1 1
0 8 270 1 1
0 1 269 1 1
0 11 273 1 1
0 5 273 1 1
0 10 267 1 1
0 3 271 1 1
0 4 272 1 1
0 9 266 1 1
0 6 274 1 1
0 8 265 1 1
0 2 270 1 1
0 10 269 1 1
0 7 269 1 1
0 9 269 1 1
0 6 269 1 1
0 8 269 1 1
0 5 269 1 1
0 4 269 1 1
0 3 269 1 1
0 2 269 1 1
0 1 269 1 1
0 3 273 1 1
0 5 275 1 1
0 6 276 1 1
0 4 274 1 1
0 7 277 1 1
0 9 279 1 1
0 11 270 1 1
0 8 278 1 1
0 2 272 1 1
0 1 271 1 1
0 2 271 1 1
0 3 271 1 1
0 4 271 1 1
0 5 271 1 1
0 8 271 1 1
0 6 271 1 1
0 9 271 1 1
0 7 271 1 1
0 10 271 1 1
0 1 271 1 1
0 9 274 1 1
0 7 276 1 1
0 2 270 1 1
0 10 273 1 1
0 6 277 1 1
0 4 279 1 1
0 5 278 1 1
0 1 271 1 1
0 8 275 1 1
0 1 274 1 1
0 11 278 1 1
0 5 278 1 1
0 10 272 1 1
0 3 276 1 1
0 4 277 1 1
0 9 271 1 1
0 6 279 1 1
0 8 270 1 1
0 2 275 1 1
0 10 274 1 1
0 7 274 1 1
0 9 274 1 1
0 6 274 1 1
0 8 274 1 1
0 5 274 1 1
0 4 274 1 1
0 3 274 1 1
0 2 274 1 1
0 1 274 1 1
0 3 278 1 1
0 5 280 1 1
0 6 281 1 1
0 4 279 1 1
0 7 282 1 1
0 9 284 1 1
0 11 275 1 1
0 8 283 1 1
0 2 277 1 1
0 1 276 1 1
0 2 276 1 1
0 3 276 1 1
0 4 276 1 1
0 5 276 1 1
0 8 276 1 1
0 6 276 1 1
0 9 276 1 1
0 7 276 1 1
0 10 276 1 1
0 1 276 1 1
0 9 279 1 1
0 7 281 1 1
0 2 275 1 1
0 10 278 1 1
0 6 282 1 1
0 4 284 1 1
0 5 283 1 1
0 1 276 1 1
0 8 280 1 1
0 1 279 1 1
0 11 283 1 1
0 5 283 1 1
0 10 277 1 1
0 3 281 1 1
0 4 282 1 1
0 9 276 1 1
0 6 284 1 1
0 8 275 1 1
0 2 280 1 1
0 10 279 1 1
0 7 279 1 1
0 9 279 1 1
0 6 279 1 1
0 8 279 1 1
0 5 279 1 1
0 4 279 1 1
0 3 279 1 1
0 2 279 1 1
0 1 279 1 1
0 3 283 1 1
0 5 285 1 1
0 6 286 1 1
0 4 284 1 1
0 7 287 1 1
0 9 289 1 1
0 11 280 1 1
0 8 288 1 1
0 2 282 1 1
0 1 281 1 1
0 2 281 1 1
0 3 281 1 1
0 4 281 1 1
0 5 281 1 1
0 8 281 1 1
0 6 281 1 1
0 9 281 1 1
0 7 281 1 1
0 10 281 1 1
0 1 281 1 1
0 9 284 1 1
0 7 286 1 1
0 2 280 1 1
0 10 283 1 1
0 6 287 1 1
0 4 289 1 1
0 5 288 1 1
0 1 281 1 1
0 8 285 1 1
0 1 284 1 1
0 11 288 1 1
0 5 288 1 1
0 10 282 1 1
0 3 286 1 1
0 4 287 1 1
0 9 281 1 1
0 6 289 1 1
0 8 280 1 1
0 2 285 1 1
0 10 284 1 1
0 7 284 1 1
0 9 284 1 1
0 6 284 1 1
0 8 284 1 1
0 5 284 1 1
0 4 284 1 1
0 3 284 1 1
0 2 284 1 1
0 1 284 1 1
0 3 288 1 1
0 5 290 1 1
0 6 291 1 1
0 4 289 1 1
0 7 292 1 1
0 9 294 1 1
0 11 285 1 1
0 8 293 1 1
0 2 287 1 1
0 1 286 1 1
0 2 286 1 1
0 3 286 1 1
0 4 286 1 1
0 5 286 1 1
0 8 286 1 1
0 6 286 1 1
0 9 286 1 1
0 7 286 1 1
0 10 286 1 1
0 1 286 1 1
0 9 289 1 1
0 7 291 1 1
0 2 285 1 1
0 10 288 1 1
0 6 292 1 1
0 4 294 1 1
0 5 293 1 1
0 1 286 1 1
0 8 290 1 1
0 1 289 1 1
0 11 293 1 1
0 5 293 1 1
0 10 287 1 1
0 3 291 1 1
0 4 292 1 1
0 9 286 1 1
0 6 294 1 1
0 8 285 1 1
0 2 290 1 1
0 10 289 1 1
0 7 289 1 1
0 9 289 1 1
0 6 289 1 1
0 8 289 1 1
0 5 289 1 1
0 4 289 1 1
0 3 289 1 1
0 2 289 1 1
0 1 289 1 1
0 3 293 1 1
0 5 295 1 1
0 6 296 1 1
0 4 294 1 1
0 7 297 1 1
0 9 299 1 1
0 11 290 1 1
0 8 298 1 1
0 2 292 1 1
0 1 291 1 1
0 2 291 1 1
0 3 291 1 1
0 4 291 1 1
0 5 291 1 1
0 8 291 1 1
0 6 291 1 1
0 9 291 1 1
0 7 291 1 1
0 10 291 1 1
0 1 291 1 1
0 9 294 1 1
0 7 296 1 1
0 2 290 1 1
0 10 293 1 1
0 6 297 1 1
0 4 299 1 1
0 5 298 1 1
0 1 291 1 1
0 8 295 1 1
0 1 294 1 1
0 11 298 1 1
0 5 298 1 1
0 10 292 1 1
0 3 296 1 1
0 4 297 1 1
0 9 291 1 1
0 6 299 1 1
0 8 290 1 1
0 2 295 1 1
0 10 294 1 1
0 7 294 1 1
0 9 294 1 1
0 6 294 1 1
0 8 294 1 1
0 5 294 1 1
0 4 294 1 1
0 3 294 1 1
0 2 294 1 1
0 1 294 1 1
0 3 298 1 1
0 5 300 1 1
0 6 301 1 1
0 4 299 1 1
0 7 302 1 1
0 9 304 1 1
0 11 295 1 1
0 8 303 1 1
0 2 297 1 1
0 1 296 1 1
0 2 296 1 1
0 3 296 1 1
0 4 296 1 1
0 5 296 1 1
0 8 296 1 1
0 6 296 1 1
0 9 296 1 1
0 7 296 1 1
0 10 296 1 1
0 1 296 1 1
0 9 299 1 1
0 7 301 1 1
0 2 295 1 1
0 10 298 1 1
0 6 302 1 1
0 4 304 1 1
0 5 303 1 1
0 1 296 1 1
0 8 300 1 1
0 1 299 1 1
0 11 303 1 1
0 5 303 1 1
0 10 297 1 1
0 3 301 1 1
0 4 302 1 1
0 9 296 1 1
0 6 304 1 1
0 8 295 1 1
0 2 300 1 1
0 10 299 1 1
0 7 299 1 1
0 9 299 1 1
0 6 299 1 1
0 8 299 1 1
0 5 299 1 1
0 4 299 1 1
0 3 299 1 1
0 2 299 1 1
0 1 299 1 1
0 3 303 1 1
0 5 305 1 1
0 6 306 1 1
0 4 304 1 1
0 7 307 1 1
0 9 309 1 1
0 11 300 1 1
0 8 308 1 1
0 2 302 1 1
0 1 301 1 1
0 2 301 1 1
0 3 301 1 1
0 4 301 1 1
0 5 301 1 1
0 8 301 1 1
0 6 301 1 1
0 9 301 1 1
0 7 301 1 1
0 10 301 1 1
0 1 301 1 1
0 9 304 1 1
0 7 306 1 1
0 2 300 1 1
0 10 303 1 1
0 6 307 1 1
0 4 309 1 1
0 5 308 1 1
0 1 301 1 1
0 8 305 1 1
0 1 304 1 1
0 11 308 1 1
0 5 308 1 1
0 10 302 1 1
0 3 306 1 1
0 4 307 1 1
0 9 301 1 1
0 6 309 1 1
0 8 300 1 1
0 2 305 1 1
0 10 304 1 1
0 7 304 1 1
0 9 304 1 1
0 6 304 1 1
0 8 304 1 1
0 5 304 1 1
0 4 304 1 1
0 3 304 1 1
0 2 304 1 1
0 1 304 1 1
0 3 308 1 1
0 5 310 1 1
0 6 311 1 1
0 4 309 1 1
0 7 312 1 1
0 9 314 1 1
0 11 305 1 1
0 8 313 1 1
0 2 307 1 1
0 1 306 1 1
0 2 306 1 1
0 3 306 1 1
0 4 306 1 1
0 5 306 1 1
0 8 306 1 1
0 6 306 1 1
0 9 306 1 1
0 7 306 1 1
0 10 306 1 1
0 1 306 1 1
0 9 309 1 1
0 7 311 1 1
0 2 305 1 1
0 10 308 1 1
0 6 312 1 1
0 4 314 1 1
0 5 313 1 1
0 1 306 1 1
0 8 310 1 1
0 1 309 1 1
0 11 313 1 1
0 5 313 1 1
0 10 307 1 1
0 3 311 1 1
0 4 312 1 1
0 9 306 1 1
0 6 314 1 1
0 8 305 1 1
0 2 310 1 1
0 10 309 1 1
0 7 309 1 1
0 9 309 1 1
0 6 309 1 1
0 8 309 1 1
0 5 309 1 1
0 4 309 1 1
0 3 309 1 1
0 2 309 1 1
0 1 309 1 1
0 3 313 1 1
0 5 315 1 1
0 6 316 1 1
0 4 314 1 1
0 7 317 1 1
0 9 319 1 1
0 11 310 1 1
0 8 318 1 1
0 2 312 1 1
0 1 311 1 1
0 2 311 1 1
0 3 311 1 1
0 4 311 1 1
0 5 311 1 1
0 8 311 1 1
0 6 311 1 1
0 9 311 1 1
0 7 311 1 1
0 10 311 1 1
0 1 311 1 1
0 9 314 1 1
0 7 316 1 1
0 2 310 1 1
0 10 313 1 1
0 6 317 1 1
0 4 319 1 1
0 5 318 1 1
0 1 311 1 1
0 8 315 1 1
0 1 314 1 1
0 11 318 1 1
0 5 318 1 1
0 10 312 1 1
0 3 316 1 1
0 4 317 1 1
0 9 311 1 1
0 6 319 1 1
0 8 310 1 1
0 2 315 1 1
0 10 314 1 1
0 7 314 1 1
0 9 314 1 1
0 6 314 1 1
0 8 314 1 1
0 5 314 1 1
0 4 314 1 1
0 3 314 1 1
0 2 314 1 1
0 1 314 1 1
0 3 318 1 1
0 5 320 1 1
0 6 321 1 1
0 4 319 1 1
0 7 322 1 1
0 9 324 1 1
0 11 315 1 1
0 8 323 1 1
0 2 317 1 1
0 1 316 1 1
0 2 316 1 1
0 3 316 1 1
0 4 316 1 1
0 5 316 1 1
0 8 316 1 1
0 6 316 1 1
0 9 316 1 1
0 7 316 1 1
0 10 316 1 1
0 1 316 1 1
0 9 319 1 1
0 7 321 1 1
0 2 315 1 1
0 10 318 1 1
0 6 322 1 1
0 4 324 1 1
0 5 323 1 1
0 1 316 1 1
0 8 320 1 1
0 1 319 1 1
0 11 323 1 1
0 5 323 1 1
0 10 317 1 1
0 3 321 1 1
0 4 322 1 1
0 9 316 1 1
0 6 324 1 1
0 8 315 1 1
0 2 320 1 1
0 10 319 1 1
0 7 319 1 1
0 9 319 1 1
0 6 319 1 1
0 8 319 1 1
0 5 319 1 1
0 4 319 1 1
0 3 319 1 1
0 2 319 1 1
0 1 319 1 1
0 3 323 1 1
0 5 325 1 1
0 6 326 1 1
0 4 324 1 1
0 7 327 1 1
0 9 329 1 1
0 11 320 1 1
0 8 328 1 1
0 2 322 1 1
0 1 321 1 1
0 2 321 1 1
0 3 321 1 1
0 4 321 1 1
0 5 321 1 1
0 8 321 1 1
0 6 321 1 1
0 9 321 1 1
0 7 321 1 1
0 10 321 1 1
0 1 321 1 1
0 9 324 1 1
0 7 326 1 1
0 2 320 1 1
0 10 323 1 1
0 6 327 1 1
0 4 329 1 1
0 5 328 1 1
0 1 321 1 1
0 8 325 1 1
0 1 324 1 1
0 11 328 1 1
0 5 328 1 1
0 10 322 1 1
0 3 326 1 1
0 4 327 1 1
0 9 321 1 1
0 6 329 1 1
0 8 320 1 1
0 2 325 1 1
0 10 324 1 1
0 7 324 1 1
0 9 324 1 1
0 6 324 1 1
0 8 324 1 1
0 5 324 1 1
0 4 324 1 1
0 3 324 1 1
0 2 324 1 1
0 1 324 1 1
0 3 328 1 1
0 5 330 1 1
0 6 331 1 1
0 4 329 1 1
0 7 332 1 1
0 9 334 1 1
0 11 325 1 1
0 8 333 1 1
0 2 327 1 1
0 1 326 1 1
0 2 326 1 1
0 3 326 1 1
0 4 326 1 1
0 5 326 1 1
0 8 326 1 1
0 6 326 1 1
0 9 326 1 1
0 7 326 1 1
0 10 326 1 1
0 1 326 1 1
0 9 329 1 1
0 7 331 1 1
0 2 325 1 1
0 10 328 1 1
0 6 332 1 1
0 4 334 1 1
0 5 333 1 1
0 1 326 1 1
0 8 330 1 1
0 1 329 1 1
0 11 333 1 1
0 5 333 1 1
0 10 327 1 1
0 3 331 1 1
0 4 332 1 1
0 9 326 1 1
0 6 334 1 1
0 8 325 1 1
0 2 330 1 1
0 10 329 1 1
0 7 329 1 1
0 9 329 1 1
0 6 329 1 1
0 8 329 1 1
0 5 329 1 1
0 4 329 1 1
0 3 329 1 1
0 2 329 1 1
0 1 329 1 1
0 3 333 1 1
0 5 335 1 1
0 6 336 1 1
0 4 334 1 1
0 7 337 1 1
0 9 339 1 1
0 11 330 1 1
0 8 338 1 1
0 2 332 1 1
0 1 331 1 1
0 2 331 1 1
0 3 331 1 1
0 4 331 1 1
0 5 331 1 1
0 8 331 1 1
0 6 331 1 1
0 9 331 1 1
0 7 331 1 1
0 10 331 1 1
0 1 331 1 1
0 9 334 1 1
0 7 336 1 1
0 2 330 1 1
0 10 333 1 1
0 6 337 1 1
0 4 339 1 1
0 5 338 1 1
0 1 331 1 1
0 8 335 1 1
0 1 334 1 1
0 11 338 1 1
0 5 338 1 1
0 10 332 1 1
0 3 336 1 1
0 4 337 1 1
0 9 331 1 1
0 6 339 1 1
0 8 330 1 1
0 2 335 1 1
0 10 334 1 1
0 7 334 1 1
0 9 334 1 1
0 6 334 1 1
0 8 334 1 1
0 5 334 1 1
0 4 334 1 1
0 3 334 1 1
0 2 334 1 1
0 1 334 1 1
0 3 338 1 1
0 5 340 1 1
0 6 341 1 1
0 4 339 1 1
0 7 342 1 1
0 9 344 1 1
0 11 335 1 1
0 8 343 1 1
0 2 337 1 1
0 1 336 1 1
0 2 336 1 1
0 3 336 1 1
0 4 336 1 1
0 5 336 1 1
0 8 336 1 1
0 6 336 1 1
0 9 336 1 1
0 7 336 1 1
0 10 336 1 1
0 1 336 1 1
0 9 339 1 1
0 7 341 1 1
0 2 335 1 1
0 10 338 1 1
0 6 342 1 1
0 4 344 1 1
0 5 343 1 1
0 1 336 1 1
0 8 340 1 1
0 1 339 1 1
0 11 343 1 1
0 5 343 1 1
0 10 337 1 1
0 3 341 1 1
0 4 342 1 1
0 9 336 1 1
0 6 344 1 1
0 8 335 1 1
0 2 340 1 1
0 10 339 1 1
0 7 339 1 1
0 9 339 1 1
0 6 339 1 1
0 8 339 1 1
0 5 339 1 1
0 4 339 1 1
0 3 339 1 1
0 2 339 1 1
0 1 339 1 1
0 3 343 1 1
0 5 345 1 1
0 6 346 1 1
0 4 344 1 1
0 7 347 1 1
0 9 349 1 1
0 11 340 1 1
0 8 348 1 1
0 2 342 1 1
0 1 341 1 1
0 2 341 1 1
0 3 341 1 1
0 4 341 1 1
0 5 341 1 1
0 8 341 1 1
0 6 341 1 1
0 9 341 1 1
0 7 341 1 1
0 10 341 1 1
0 1 341 1 1
0 9 344 1 1
0 7 346 1 1
0 2 340 1 1
0 10 343 1 1
0 6 347 1 1
0 4 349 1 1
0 5 348 1 1
0 1 341 1 1
0 8 345 1 1
0 1 344 1 1
0 11 348 1 1
0 5 348 1 1
0 10 342 1 1
0 3 346 1 1
0 4 347 1 1
0 9 341 1 1
0 6 349 1 1
0 8 340 1 1
0 2 345 1 1
0 10 344 1 1
0 7 344 1 1
0 9 344 1 1
0 6 344 1 1
0 8 344 1 1
0 5 344 1 1
0 4 344 1 1
0 3 344 1 1
0 2 344 1 1
0 1 344 1 1
0 3 348 1 1
0 5 350 1 1
0 6 351 1 1
0 4 349 1 1
0 7 352 1 1
0 9 354 1 1
0 11 345 1 1
0 8 353 1 1
0 2 347 1 1
0 1 346 1 1
0 2 346 1 1
0 3 346 1 1
0 4 346 1 1
0 5 346 1 1
0 8 346 1 1
0 6 346 1 1
0 9 346 1 1
0 7 346 1 1
0 10 346 1 1
0 1 346 1 1
0 9 349 1 1
0 7 351 1 1
0 2 345 1 1
0 10 348 1 1
0 6 352 1 1
0 4 354 1 1
0 5 353 1 1
0 1 346 1 1
0 8 350 1 1
0 1 349 1 1
0 11 353 1 1
0 5 353 1 1
0 10 347 1 1
0 3 351 1 1
0 4 352 1 1
0 9 346 1 1
0 6 354 1 1
0 8 345 1 1
0 2 350 1 1
0 10 349 1 1
0 7 349 1 1
0 9 349 1 1
0 6 349 1 1
0 8 349 1 1
0 5 349 1 1
0 4 349 1 1
0 3 349 1 1
0 2 349 1 1
0 1 349 1 1
0 3 353 1 1
0 5 355 1 1
0 6 356 1 1
0 4 354 1 1
0 7 357 1 1
0 9 359 1 1
0 11 350 1 1
0 8 358 1 1
0 2 352 1 1
0 1 351 1 1
0 2 351 1 1
0 3 351 1 1
0 4 351 1 1
0 5 351 1 1
0 8 351 1 1
0 6 351 1 1
0 9 351 1 1
0 7 351 1 1
0 10 351 1 1
0 1 351 1 1
0 9 354 1 1
0 7 356 1 1
0 2 350 1 1
0 10 353 1 1
0 6 357 1 1
0 4 359 1 1
0 5 358 1 1
0 1 351 1 1
0 8 355 1 1
0 1 354 1 1
0 11 358 1 1
0 5 358 1 1
0 10 352 1 1
0 3 356 1 1
0 4 357 1 1
0 9 351 1 1
0 6 359 1 1
0 8 350 1 1
0 2 355 1 1
0 10 354 1 1
0 7 354 1 1
0 9 354 1 1
0 6 354 1 1
0 8 354 1 1
0 5 354 1 1
0 4 354 1 1
0 3 354 1 1
0 2 354 1 1
0 1 354 1 1
0 3 358 1 1
0 5 360 1 1
0 6 361 1 1
0 4 359 1 1
0 7 362 1 1
0 9 364 1 1
0 11 355 1 1
0 8 363 1 1
0 2 357 1 1
0 1 356 1 1
0 2 356 1 1
0 3 356 1 1
0 4 356 1 1
0 5 356 1 1
0 8 356 1 1
0 6 356 1 1
0 9 356 1 1
0 7 356 1 1
0 10 356 1 1
0 1 356 1 1
0 9 359 1 1
0 7 361 1 1
0 2 355 1 1
0 10 358 1 1
0 6 362 1 1
0 4 364 1 1
0 5 363 1 1
0 1 356 1 1
0 8 360 1 1
0 1 359 1 1
0 11 363 1 1
0 5 363 1 1
0 10 357 1 1
0 3 361 1 1
0 4 362 1 1
0 9 356 1 1
0 6 364 1 1
0 8 355 1 1
0 2 360 1 1
0 10 359 1 1
0 7 359 1 1
0 9 359 1 1
0 6 359 1 1
0 8 359 1 1
0 5 359 1 1
0 4 359 1 1
0 3 359 1 1
0 2 359 1 1
0 1 359 1 1
0 3 363 1 1
0 5 365 1 1
0 6 366 1 1
0 4 364 1 1
0 7 367 1 1
0 9 369 1 1
0 11 360 1 1
0 8 368 1 1
0 2 362 1 1
0 1 361 1 1
0 2 361 1 1
0 3 361 1 1
0 4 361 1 1
0 5 361 1 1
0 8 361 1 1
0 6 361 1 1
0 9 361 1 1
0 7 361 1 1
0 10 361 1 1
0 1 361 1 1
0 9 364 1 1
0 7 366 1 1
0 2 360 1 1
0 10 363 1 1
0 6 367 1 1
0 4 369 1 1
0 5 368 1 1
0 1 361 1 1
0 8 365 1 1
0 1 364 1 1
0 11 368 1 1
0 5 368 1 1
0 10 362 1 1
0 3 366 1 1
0 4 367 1 1
0 9 361 1 1
0 6 369 1 1
0 8 360 1 1
0 2 365 1 1
0 10 364 1 1
0 7 364 1 1
0 9 364 1 1
0 6 364 1 1
0 8 364 1 1
0 5 364 1 1
0 4 364 1 1
0 3 364 1 1
0 2 364 1 1
0 1 364 1 1
0 3 368 1 1
0 5 370 1 1
0 6 371 1 1
0 4 369 1 1
0 7 372 1 1
0 9 374 1 1
0 11 365 1 1
0 8 373 1 1
0 2 367 1 1
0 1 366 1 1
0 2 366 1 1
0 3 366 1 1
0 4 366 1 1
0 5 366 1 1
0 8 366 1 1
0 6 366 1 1
0 9 366 1 1
0 7 366 1 1
0 10 366 1 1
0 1 366 1 1
0 9 369 1 1
0 7 371 1 1
0 2 365 1 1
0 10 368 1 1
0 6 372 1 1
0 4 374 1 1
0 5 373 1 1
0 1 366 1 1
0 8 370 1 1
0 1 369 1 1
0 11 373 1 1
0 5 373 1 1
0 10 367 1 1
0 3 371 1 1
0 4 372 1 1
0 9 366 1 1
0 6 374 1 1
0 8 365 1 1
0 2 370 1 1
0 10 369 1 1
0 7 369 1 1
0 9 369 1 1
0 6 369 1 1
0 8 369 1 1
0 5 369 1 1
0 4 369 1 1
0 3 369 1 1
0 2 369 1 1
0 1 369 1 1
0 3 373 1 1
0 5 375 1 1
0 6 376 1 1
0 4 374 1 1
0 7 377 1 1
0 9 379 1 1
0 11 370 1 1
0 8 378 1 1
0 2 372 1 1
0 1 371 1 1
0 2 371 1 1
0 3 371 1 1
0 4 371 1 1
0 5 371 1 1
0 8 371 1 1
0 6 371 1 1
0 9 371 1 1
0 7 371 1 1
0 10 371 1 1
0 1 371 1 1
0 9 374 1 1
0 7 376 1 1
0 2 370 1 1
0 10 373 1 1
0 6 377 1 1
0 4 379 1 1
0 5 378 1 1
0 1 371 1 1
0 8 375 1 1
0 1 374 1 1
0 11 378 1 1
0 5 378 1 1
0 10 372 1 1
0 3 376 1 1
0 4 377 1 1
0 9 371 1 1
0 6 379 1 1
0 8 370 1 1
0 2 375 1 1
0 10 374 1 1
0 7 374 1 1
0 9 374 1 1
0 6 374 1 1
0 8 374 1 1
0 5 374 1 1
0 4 374 1 1
0 3 374 1 1
0 2 374 1 1
0 1 374 1 1
0 3 378 1 1
0 5 380 1 1
0 6 381 1 1
0 4 379 1 1
0 7 382 1 1
0 9 384 1 1
0 11 375 1 1
0 8 383 1 1
0 2 377 1 1
0 1 376 1 1
0 2 376 1 1
0 3 376 1 1
0 4 376 1 1
0 5 376 1 1
0 8 376 1 1
0 6 376 1 1
0 9 376 1 1
0 7 376 1 1
0 10 376 1 1
0 1 376 1 1
0 9 379 1 1
0 7 381 1 1
0 2 375 1 1
0 10 378 1 1
0 6 382 1 1
0 4 384 1 1
0 5 383 1 1
0 1 376 1 1
0 8 380 1 1
0 1 379 1 1
0 11 383 1 1
0 5 383 1 1
0 10 377 1 1
0 3 381 1 1
0 4 382 1 1
0 9 376 1 1
0 6 384 1 1
0 8 375 1 1
0 2 380 1 1
0 10 379 1 1
0 7 379 1 1
0 9 379 1 1
0 6 379 1 1
0 8 379 1 1
0 5 379 1 1
0 4 379 1 1
0 3 379 1 1
0 2 379 1 1
0 1 379 1 1
0 3 383 1 1
0 5 385 1 1
0 6 386 1 1
0 4 384 1 1
0 7 387 1 1
0 9 389 1 1
0 11 380 1 1
0 8 388 1 1
0 2 382 1 1
0 1 381 1 1
0 2 381 1 1
0 3 381 1 1
0 4 381 1 1
0 5 381 1 1
0 8 381 1 1
0 6 381 1 1
0 9 381 1 1
0 7 381 1 1
0 10 381 1 1
0 1 381 1 1
0 9 384 1 1
0 7 386 1 1
0 2 380 1 1
0 10 383 1 1
0 6 387 1 1
0 4 389 1 1
0 5 388 1 1
0 1 381 1 1
0 8 385 1 1
0 1 384 1 1
0 11 388 1 1
0 5 388 1 1
0 10 382 1 1
0 3 386 1 1
0 4 387 1 1
0 9 381 1 1
0 6 389 1 1
0 8 380 1 1
0 2 385 1 1
0 10 384 1 1
0 7 384 1 1
0 9 384 1 1
0 6 384 1 1
0 8 384 1 1
0 5 384 1 1
0 4 384 1 1
0 3 384 1 1
0 2 384 1 1
0 1 384 1 1
0 3 388 1 1
0 5 390 1 1
0 6 391 1 1
0 4 389 1 1
0 7 392 1 1
0 9 394 1 1
0 11 385 1 1
0 8 393 1 1
0 2 387 1 1
0 1 386 1 1
0 2 386 1 1
0 3 386 1 1
0 4 386 1 1
0 5 386 1 1
0 8 386 1 1
0 6 386 1 1
0 9 386 1 1
0 7 386 1 1
0 10 386 1 1
0 1 386 1 1
0 9 389 1 1
0 7 391 1 1
0 2 385 1 1
0 10 388 1 1
0 6 392 1 1
0 4 394 1 1
0 5 393 1 1
0 1 386 1 1
0 8 390 1 1
0 1 389 1 1
0 11 393 1 1
0 5 393 1 1
0 10 387 1 1
0 3 391 1 1
0 4 392 1 1
0 9 386 1 1
0 6 394 1 1
0 8 385 1 1
0 2 390 1 1
0 10 389 1 1
0 7 389 1 1
0 9 389 1 1
0 6 389 1 1
0 8 389 1 1
0 5 389 1 1
0 4 389 1 1
0 3 389 1 1
0 2 389 1 1
0 1 389 1 1
0 3 393 1 1
0 5 395 1 1
0 6 396 1 1
0 4 394 1 1
0 7 397 1 1
0 9 399 1 1
0 11 390 1 1
0 8 398 1 1
0 2 392 1 1
0 1 391 1 1
0 2 391 1 1
0 3 391 1 1
0 4 391 1 1
0 5 391 1 1
0 8 391 1 1
0 6 391 1 1
0 9 391 1 1
0 7 391 1 1
0 10 391 1 1
0 1 391 1 1
0 9 394 1 1
0 7 396 1 1
0 2 390 1 1
0 10 393 1 1
0 6 397 1 1
0 4 399 1 1
0 5 398 1 1
0 1 391 1 1
0 8 395 1 1
0 1 394 1 1
0 11 398 1 1
0 5 398 1 1
0 10 392 1 1
0 3 396 1 1
0 4 397 1 1
0 9 391 1 1
0 6 399 1 1
0 8 390 1 1
0 2 395 1 1
0 10 394 1 1
0 7 394 1 1
0 9 394 1 1
0 6 394 1 1
0 8 394 1 1
0 5 394 1 1
0 4 394 1 1
0 3 394 1 1
0 2 394 1 1
0 1 394 1 1
0 3 398 1 1
0 5 400 1 1
0 6 401 1 1
0 4 399 1 1
0 7 402 1 1
0 9 404 1 1
0 11 395 1 1
0 8 403 1 1
0 2 397 1 1
0 1 396 1 1
0 2 396 1 1
0 3 396 1 1
0 4 396 1 1
0 5 396 1 1
0 8 396 1 1
0 6 396 1 1
0 9 396 1 1
0 7 396 1 1
0 10 396 1 1
0 1 396 1 1
0 9 399 1 1
0 7 401 1 1
0 2 395 1 1
0 10 398 1 1
0 6 402 1 1
0 4 404 1 1
0 5 403 1 1
0 1 396 1 1
0 8 400 1 1
0 1 399 1 1
0 11 403 1 1
0 5 403 1 1
0 10 397 1 1
0 3 401 1 1
0 4 402 1 1
0 9 396 1 1
0 6 404 1 1
0 8 395 1 1
0 2 400 1 1
0 10 399 1 1
0 7 399 1 1
0 9 399 1 1
0 6 399 1 1
0 8 399 1 1
0 5 399 1 1
0 4 399 1 1
0 3 399 1 1
0 2 399 1 1
0 1 399 1 1
0 3 403 1 1
0 5 405 1 1
0 6 406 1 1
0 4 404 1 1
0 7 407 1 1
0 9 409 1 1
0 11 400 1 1
0 8 408 1 1
0 2 402 1 1
0 1 401 1 1
0 2 401 1 1
0 3 401 1 1
0 4 401 1 1
0 5 401 1 1
0 8 401 1 1
0 6 401 1 1
0 9 401 1 1
0 7 401 1 1
0 10 401 1 1
0 1 401 1 1
0 9 404 1 1
0 7 406 1 1
0 2 400 1 1
0 10 403 1 1
0 6 407 1 1
0 4 409 1 1
0 5 408 1 1
0 1 401 1 1
0 8 405 1 1
0 1 404 1 1
0 11 408 1 1
0 5 408 1 1
0 10 402 1 1
0 3 406 1 1
0 4 407 1 1
0 9 401 1 1
0 6 409 1 1
0 8 400 1 1
0 2 405 1 1
0 10 404 1 1
0 7 404 1 1
0 9 404 1 1
0 6 404 1 1
0 8 404 1 1
0 5 404 1 1
0 4 404 1 1
0 3 404 1 1
0 2 404 1 1
0 1 404 1 1
0 3 408 1 1
0 5 410 1 1
0 6 411 1 1
0 4 409 1 1
0 7 412 1 1
0 9 414 1 1
0 11 405 1 1
0 8 413 1 1
0 2 407 1 1
0 1 406 1 1
0 2 406 1 1
0 3 406 1 1
0 4 406 1 1
0 5 406 1 1
0 8 406 1 1
0 6 406 1 1
0 9 406 1 1
0 7 406 1 1
0 10 406 1 1
0 1 406 1 1
0 9 409 1 1
0 7 411 1 1
0 2 405 1 1
0 10 408 1 1
0 6 412 1 1
0 4 414 1 1
0 5 413 1 1
0 1 406 1 1
0 8 410 1 1
0 1 409 1 1
0 11 413 1 1
0 5 413 1 1
0 10 407 1 1
0 3 411 1 1
0 4 412 1 1
0 9 406 1 1
0 6 414 1 1
0 8 405 1 1
0 2 410 1 1
0 10 409 1 1
0 7 409 1 1
0 9 409 1 1
0 6 409 1 1
0 8 409 1 1
0 5 409 1 1
0 4 409 1 1
0 3 409 1 1
0 2 409 1 1
0 1 409 1 1
0 3 413 1 1
0 5 415 1 1
0 6 416 1 1
0 4 414 1 1
0 7 417 1 1
0 9 419 1 1
0 11 410 1 1
0 8 418 1 1
0 2 412 1 1
0 1 411 1 1
0 2 411 1 1
0 3 411 1 1
0 4 411 1 1
0 5 411 1 1
0 8 411 1 1
0 6 411 1 1
0 9 411 1 1
0 7 411 1 1
0 10 411 1 1
0 1 411 1 1
0 9 414 1 1
0 7 416 1 1
0 2 410 1 1
0 10 413 1 1
0 6 417 1 1
0 4 419 1 1
0 5 418 1 1
0 1 411 1 1
0 8 415 1 1
0 1 414 1 1
0 11 418 1 1
0 5 418 1 1
0 10 412 1 1
0 3 416 1 1
0 4 417 1 1
0 9 411 1 1
0 6 419 1 1
0 8 410 1 1
0 2 415 1 1
0 10 414 1 1
0 7 414 1 1
0 9 414 1 1
0 6 414 1 1
0 8 414 1 1
0 5 414 1 1
0 4 414 1 1
0 3 414 1 1
0 2 414 1 1
0 1 414 1 1
0 3 418 1 1
0 5 420 1 1
0 6 421 1 1
0 4 419 1 1
0 7 422 1 1
0 9 424 1 1
0 11 415 1 1
0 8 423 1 1
0 2 417 1 1
0 1 416 1 1
0 2 416 1 1
0 3 416 1 1
0 4 416 1 1
0 5 416 1 1
0 8 416 1 1
0 6 416 1 1
0 9 416 1 1
0 7 416 1 1
0 10 416 1 1
0 1 416 1 1
0 9 419 1 1
0 7 421 1 1
0 2 415 1 1
0 10 418 1 1
0 6 422 1 1
0 4 424 1 1
0 5 423 1 1
0 1 416 1 1
0 8 420 1 1
0 1 419 1 1
0 11 423 1 1
0 5 423 1 1
0 10 417 1 1
0 3 421 1 1
0 4 422 1 1
0 9 416 1 1
0 6 424 1 1
0 8 415 1 1
0 2 420 1 1
0 10 419 1 1
0 7 419 1 1
0 9 419 1 1
0 6 419 1 1
0 8 419 1 1
0 5 419 1 1
0 4 419 1 1
0 3 419 1 1
0 2 419 1 1
0 1 419 1 1
0 3 423 1 1
0 5 425 1 1
0 6 426 1 1
0 4 424 1 1
0 7 427 1 1
0 9 429 1 1
0 11 420 1 1
0 8 428 1 1
0 2 422 1 1
0 1 421 1 1
0 2 421 1 1
0 3 421 1 1
0 4 421 1 1
0 5 421 1 1
0 8 421 1 1
0 6 421 1 1
0 9 421 1 1
0 7 421 1 1
0 10 421 1 1
0 1 421 1 1
0 9 424 1 1
0 7 426 1 1
0 2 420 1 1
0 10 423 1 1
0 6 427 1 1
0 4 429 1 1
0 5 428 1 1
0 1 421 1 1
0 8 425 1 1
0 1 424 1 1
0 11 428 1 1
0 5 428 1 1
0 10 422 1 1
0 3 426 1 1
0 4 427 1 1
0 9 421 1 1
0 6 429 1 1
0 8 420 1 1
0 2 425 1 1
0 10 424 1 1
0 7 424 1 1
0 9 424 1 1
0 6 424 1 1
0 8 424 1 1
0 5 424 1 1
0 4 424 1 1
0 3 424 1 1
0 2 424 1 1
0 1 424 1 1
0 3 428 1 1
0 5 430 1 1
0 6 431 1 1
0 4 429 1 1
0 7 432 1 1
0 9 434 1 1
0 11 425 1 1
0 8 433 1 1
0 2 427 1 1
0 1 426 1 1
0 2 426 1 1
0 3 426 1 1
0 4 426 1 1
0 5 426 1 1
0 8 426 1 1
0 6 426 1 1
0 9 426 1 1
0 7 426 1 1
0 10 426 1 1
0 1 426 1 1
0 9 429 1 1
0 7 431 1 1
0 2 425 1 1
0 10 428 1 1
0 6 432 1 1
0 4 434 1 1
0 5 433 1 1
0 1 426 1 1
0 8 430 1 1
0 1 429 1 1
0 11 433 1 1
0 5 433 1 1
0 10 427 1 1
0 3 431 1 1
0 4 432 1 1
0 9 426 1 1
0 6 434 1 1
0 8 425 1 1
0 2 430 1 1
0 10 429 1 1
0 7 429 1 1
0 9 429 1 1
0 6 429 1 1
0 8 429 1 1
0 5 429 1 1
0 4 429 1 1
0 3 429 1 1
0 2 429 1 1
0 1 429 1 1
0 3 433 1 1
0 5 435 1 1
0 6 436 1 1
0 4 434 1 1
0 7 437 1 1
0 9 439 1 1
0 11 430 1 1
0 8 438 1 1
0 2 432 1 1
0 1 431 1 1
0 2 431 1 1
0 3 431 1 1
0 4 431 1 1
0 5 431 1 1
0 8 431 1 1
0 6 431 1 1
0 9 431 1 1
0 7 431 1 1
0 10 431 1 1
0 1 431 1 1
0 9 434 1 1
0 7 436 1 1
0 2 430 1 1
0 10 433 1 1
0 6 437 1 1
0 4 439 1 1
0 5 438 1 1
0 1 431 1 1
0 8 435 1 1
0 1 434 1 1
0 11 438 1 1
0 5 438 1 1
0 10 432 1 1
0 3 436 1 1
0 4 437 1 1
0 9 431 1 1
0 6 439 1 1
0 8 430 1 1
0 2 435 1 1
0 10 434 1 1
0 7 434 1 1
0 9 434 1 1
0 6 434 1 1
0 8 434 1 1
0 5 434 1 1
0 4 434 1 1
0 3 434 1 1
0 2 434 1 1
0 1 434 1 1
0 3 438 1 1
0 5 440 1 1
0 6 441 1 1
0 4 439 1 1
0 7 442 1 1
0 9 444 1 1
0 11 435 1 1
0 8 443 1 1
0 2 437 1 1
0 1 436 1 1
0 2 436 1 1
0 3 436 1 1
0 4 436 1 1
0 5 436 1 1
0 8 436 1 1
0 6 436 1 1
0 9 436 1 1
0 7 436 1 1
0 10 436 1 1
0 1 436 1 1
0 9 439 1 1
0 7 441 1 1
0 2 435 1 1
0 10 438 1 1
0 6 442 1 1
0 4 444 1 1
0 5 443 1 1
0 1 436 1 1
0 8 440 1 1
0 1 439 1 1
0 11 443 1 1
0 5 443 1 1
0 10 437 1 1
0 3 441 1 1
0 4 442 1 1
0 9 436 1 1
0 6 444 1 1
0 8 435 1 1
0 2 440 1 1
0 10 439 1 1
0 7 439 1 1
0 9 439 1 1
0 6 439 1 1
0 8 439 1 1
0 5 439 1 1
0 4 439 1 1
0 3 439 1 1
0 2 439 1 1
0 1 439 1 1
0 3 443 1 1
0 5 445 1 1
0 6 446 1 1
0 4 444 1 1
0 7 447 1 1
0 9 449 1 1
0 11 440 1 1
0 8 448 1 1
0 2 442 1 1
0 1 441 1 1
0 2 441 1 1
0 3 441 1 1
0 4 441 1 1
0 5 441 1 1
0 8 441 1 1
0 6 441 1 1
0 9 441 1 1
0 7 441 1 1
0 10 441 1 1
0 1 441 1 1
0 9 444 1 1
0 7 446 1 1
0 2 440 1 1
0 10 443 1 1
0 6 447 1 1
0 4 449 1 1
0 5 448 1 1
0 1 441 1 1
0 8 445 1 1
0 1 444 1 1
0 11 448 1 1
0 5 448 1 1
0 10 442 1 1
0 3 446 1 1
0 4 447 1 1
0 9 441 1 1
0 6 449 1 1
0 8 440 1 1
0 2 445 1 1
0 10 444 1 1
0 7 444 1 1
0 9 444 1 1
0 6 444 1 1
0 8 444 1 1
0 5 444 1 1
0 4 444 1 1
0 3 444 1 1
0 2 444 1 1
0 1 444 1 1
0 3 448 1 1
0 5 450 1 1
0 6 451 1 1
0 4 449 1 1
0 7 452 1 1
0 9 454 1 1
0 11 445 1 1
0 8 453 1 1
0 2 447 1 1
0 1 446 1 1
0 2 446 1 1
0 3 446 1 1
0 4 446 1 1
0 5 446 1 1
0 8 446 1 1
0 6 446 1 1
0 9 446 1 1
0 7 446 1 1
0 10 446 1 1
0 1 446 1 1
0 9 449 1 1
0 7 451 1 1
0 2 445 1 1
0 10 448 1 1
0 6 452 1 1
0 4 454 1 1
0 5 453 1 1
0 1 446 1 1
0 8 450 1 1
0 1 449 1 1
0 11 453 1 1
0 5 453 1 1
0 10 447 1 1
0 3 451 1 1
0 4 452 1 1
0 9 446 1 1
0 6 454 1 1
0 8 445 1 1
0 2 450 1 1
0 10 449 1 1
0 7 449 1 1
0 9 449 1 1
0 6 449 1 1
0 8 449 1 1
0 5 449 1 1
0 4 449 1 1
0 3 449 1 1
0 2 449 1 1
0 1 449 1 1
0 3 453 1 1
0 5 455 1 1
0 6 456 1 1
0 4 454 1 1
0 7 457 1 1
0 9 459 1 1
0 11 450 1 1
0 8 458 1 1
0 2 452 1 1
0 1 451 1 1
0 2 451 1 1
0 3 451 1 1
0 4 451 1 1
0 5 451 1 1
0 8 451 1 1
0 6 451 1 1
0 9 451 1 1
0 7 451 1 1
0 10 451 1 1
0 1 451 1 1
0 9 454 1 1
0 7 456 1 1
0 2 450 1 1
0 10 453 1 1
0 6 457 1 1
0 4 459 1 1
0 5 458 1 1
0 1 451 1 1
0 8 455 1 1
0 1 454 1 1
0 11 458 1 1
0 5 458 1 1
0 10 452 1 1
0 3 456 1 1
0 4 457 1 1
0 9 451 1 1
0 6 459 1 1
0 8 450 1 1
0 2 455 1 1
0 10 454 1 1
0 7 454 1 1
0 9 454 1 1
0 6 454 1 1
0 8 454 1 1
0 5 454 1 1
0 4 454 1 1
0 3 454 1 1
0 2 454 1 1
0 1 454 1 1
0 3 458 1 1
0 5 460 1 1
0 6 461 1 1
0 4 459 1 1
0 7 462 1 1
0 9 464 1 1
0 11 455 1 1
0 8 463 1 1
0 2 457 1 1
0 1 456 1 1
0 2 456 1 1
0 3 456 1 1
0 4 456 1 1
0 5 456 1 1
0 8 456 1 1
0 6 456 1 1
0 9 456 1 1
0 7 456 1 1
0 10 456 1 1
0 1 456 1 1
0 9 459 1 1
0 7 461 1 1
0 2 455 1 1
0 10 458 1 1
0 6 462 1 1
0 4 464 1 1
0 5 463 1 1
0 1 456 1 1
0 8 460 1 1
0 1 459 1 1
0 11 463 1 1
0 5 463 1 1
0 10 457 1 1
0 3 461 1 1
0 4 462 1 1
0 9 456 1 1
0 6 464 1 1
0 8 455 1 1
0 2 460 1 1
0 10 459 1 1
0 7 459 1 1
0 9 459 1 1
0 6 459 1 1
0 8 459 1 1
0 5 459 1 1
0 4 459 1 1
0 3 459 1 1
0 2 459 1 1
0 1 459 1 1
0 3 463 1 1
0 5 465 1 1
0 6 466 1 1
0 4 464 1 1
0 7 467 1 1
0 9 469 1 1
0 11 460 1 1
0 8 468 1 1
0 2 462 1 1
0 1 461 1 1
0 2 461 1 1
0 3 461 1 1
0 4 461 1 1
0 5 461 1 1
0 8 461 1 1
0 6 461 1 1
0 9 461 1 1
0 7 461 1 1
0 10 461 1 1
0 1 461 1 1
0 9 464 1 1
0 7 466 1 1
0 2 460 1 1
0 10 463 1 1
0 6 467 1 1
0 4 469 1 1
0 5 468 1 1
0 1 461 1 1
0 8 465 1 1
0 1 464 1 1
0 11 468 1 1
0 5 468 1 1
0 10 462 1 1
0 3 466 1 1
0 4 467 1 1
0 9 461 1 1
0 6 469 1 1
0 8 460 1 1
0 2 465 1 1
0 10 464 1 1
0 7 464 1 1
0 9 464 1 1
0 6 464 1 1
0 8 464 1 1
0 5 464 1 1
0 4 464 1 1
0 3 464 1 1
0 2 464 1 1
0 1 464 1 1
0 3 468 1 1
0 5 470 1 1
0 6 471 1 1
0 4 469 1 1
0 7 472 1 1
0 9 474 1 1
0 11 465 1 1
0 8 473 1 1
0 2 467 1 1
0 1 466 1 1
0 2 466 1 1
0 3 466 1 1
0 4 466 1 1
0 5 466 1 1
0 8 466 1 1
0 6 466 1 1
0 9 466 1 1
0 7 466 1 1
0 10 466 1 1
0 1 466 1 1
0 9 469 1 1
0 7 471 1 1
0 2 465 1 1
0 10 468 1 1
0 6 472 1 1
0 4 474 1 1
0 5 473 1 1
0 1 466 1 1
0 8 470 1 1
0 1 469 1 1
0 11 473 1 1
0 5 473 1 1
0 10 467 1 1
0 3 471 1 1
0 4 472 1 1
0 9 466 1 1
0 6 474 1 1
0 8 465 1 1
0 2 470 1 1
0 10 469 1 1
0 7 469 1 1
0 9 469 1 1
0 6 469 1 1
0 8 469 1 1
0 5 469 1 1
0 4 469 1 1
0 3 469 1 1
0 2 469 1 1
0 1 469 1 1
0 3 473 1 1
0 5 475 1 1
0 6 476 1 1
0 4 474 1 1
0 7 477 1 1
0 9 479 1 1
0 11 470 1 1
0 8 478 1 1
0 2 472 1 1
0 1 471 1 1
0 2 471 1 1
0 3 471 1 1
0 4 471 1 1
0 5 471 1 1
0 8 471 1 1
0 6 471 1 1
0 9 471 1 1
0 7 471 1 1
0 10 471 1 1
0 1 471 1 1
0 9 474 1 1
0 7 476 1 1
0 2 470 1 1
0 10 473 1 1
0 6 477 1 1
0 4 479 1 1
0 5 478 1 1
0 1 471 1 1
0 8 475 1 1
0 1 474 1 1
0 11 478 1 1
0 5 478 1 1
0 10 472 1 1
0 3 476 1 1
0 4 477 1 1
0 9 471 1 1
0 6 479 1 1
0 8 470 1 1
0 2 475 1 1
0 10 474 1 1
0 7 474 1 1
0 9 474 1 1
0 6 474 1 1
0 8 474 1 1
0 5 474 1 1
0 4 474 1 1
0 3 474 1 1
0 2 474 1 1
0 1 474 1 1
0 3 478 1 1
0 5 480 1 1
0 6 481 1 1
0 4 479 1 1
0 7 482 1 1
0 9 484 1 1
0 11 475 1 1
0 8 483 1 1
0 2 477 1 1
0 1 476 1 1
0 2 476 1 1
0 3 476 1 1
0 4 476 1 1
0 5 476 1 1
0 8 476 1 1
0 6 476 1 1
0 9 476 1 1
0 7 476 1 1
0 10 476 1 1
0 1 476 1 1
0 9 479 1 1
0 7 481 1 1
0 2 475 1 1
0 10 478 1 1
0 6 482 1 1
0 4 484 1 1
0 5 483 1 1
0 1 476 1 1
0 8 480 1 1
0 1 479 1 1
0 11 483 1 1
0 5 483 1 1
0 10 477 1 1
0 3 481 1 1
0 4 482 1 1
0 9 476 1 1
0 6 484 1 1
0 8 475 1 1
0 2 480 1 1
0 10 479 1 1
0 7 479 1 1
0 9 479 1 1
0 6 479 1 1
0 8 479 1 1
0 5 479 1 1
0 4 479 1 1
0 3 479 1 1
0 2 479 1 1
0 1 479 1 1
0 3 483 1 1
0 5 485 1 1
0 6 486 1 1
0 4 484 1 1
0 7 487 1 1
0 9 489 1 1
0 11 480 1 1
0 8 488 1 1
0 2 482 1 1
0 1 481 1 1
0 2 481 1 1
0 3 481 1 1
0 4 481 1 1
0 5 481 1 1
0 8 481 1 1
0 6 481 1 1
0 9 481 1 1
0 7 481 1 1
0 10 481 1 1
0 1 481 1 1
0 9 484 1 1
0 7 486 1 1
0 2 480 1 1
0 10 483 1 1
0 6 487 1 1
0 4 489 1 1
0 5 488 1 1
0 1 481 1 1
0 8 485 1 1
0 1 484 1 1
0 11 488 1 1
0 5 488 1 1
0 10 482 1 1
0 3 486 1 1
0 4 487 1 1
0 9 481 1 1
0 6 489 1 1
0 8 480 1 1
0 2 485 1 1
0 10 484 1 1
0 7 484 1 1
0 9 484 1 1
0 6 484 1 1
0 8 484 1 1
0 5 484 1 1
0 4 484 1 1
0 3 484 1 1
0 2 484 1 1
0 1 484 1 1
0 3 488 1 1
0 5 490 1 1
0 6 491 1 1
0 4 489 1 1
0 7 492 1 1
0 9 494 1 1
0 11 485 1 1
0 8 493 1 1
0 2 487 1 1
0 1 486 1 1
0 2 486 1 1
0 3 486 1 1
0 4 486 1 1
0 5 486 1 1
0 8 486 1 1
0 6 486 1 1
0 9 486 1 1
0 7 486 1 1
0 10 486 1 1
0 1 486 1 1
0 9 489 1 1
0 7 491 1 1
0 2 485 1 1
0 10 488 1 1
0 6 492 1 1
0 4 494 1 1
0 5 493 1 1
0 1 486 1 1
0 8 490 1 1
0 1 489 1 1
0 11 493 1 1
0 5 493 1 1
0 10 487 1 1
0 3 491 1 1
0 4 492 1 1
0 9 486 1 1
0 6 494 1 1
0 8 485 1 1
0 2 490 1 1
0 10 489 1 1
0 7 489 1 1
0 9 489 1 1
0 6 489 1 1
0 8 489 1 1
0 5 489 1 1
0 4 489 1 1
0 3 489 1 1
0 2 489 1 1
0 1 489 1 1
0 3 493 1 1
0 5 495 1 1
0 6 496 1 1
0 4 494 1 1
0 7 497 1 1
0 9 499 1 1
0 11 490 1 1
0 8 498 1 1
0 2 492 1 1
0 1 491 1 1
0 2 491 1 1
0 3 491 1 1
0 4 491 1 1
0 5 491 1 1
0 8 491 1 1
0 6 491 1 1
0 9 491 1 1
0 7 491 1 1
0 10 491 1 1
0 1 491 1 1
0 9 494 1 1
0 7 496 1 1
0 2 490 1 1
0 10 493 1 1
0 6 497 1 1
0 4 499 1 1
0 5 498 1 1
0 1 491 1 1
0 8 495 1 1
0 1 494 1 1
0 11 498 1 1
0 5 498 1 1
0 10 492 1 1
0 3 496 1 1
0 4 497 1 1
0 9 491 1 1
0 6 499 1 1
0 8 490 1 1
0 2 495 1 1
0 10 494 1 1
0 7 494 1 1
0 9 494 1 1
0 6 494 1 1
0 8 494 1 1
0 5 494 1 1
0 4 494 1 1
0 3 494 1 1
0 2 494 1 1
0 1 494 1 1
0 3 498 1 1
0 5 500 1 1
0 6 501 1 1
0 4 499 1 1
0 7 502 1 1
0 9 504 1 1
0 11 495 1 1
0 8 503 1 1
0 2 497 1 1
0 1 496 1 1
0 2 496 1 1
0 3 496 1 1
0 4 496 1 1
0 5 496 1 1
0 8 496 1 1
0 6 496 1 1
0 9 496 1 1
0 7 496 1 1
0 10 496 1 1
0 1 496 1 1
0 9 499 1 1
0 7 501 1 1
0 2 495 1 1
0 10 498 1 1
0 6 502 1 1
0 4 504 1 1
0 5 503 1 1
0 1 496 1 1
0 8 500 1 1
0 1 499 1 1
0 11 503 1 1
0 5 503 1 1
0 10 497 1 1
0 3 501 1 1
0 4 502 1 1
0 9 496 1 1
0 6 504 1 1
0 8 495 1 1
0 2 500 1 1
0 10 499 1 1
0 7 499 1 1
0 9 499 1 1
0 6 499 1 1
0 8 499 1 1
0 5 499 1 1
0 4 499 1 1
0 3 499 1 1
0 2 499 1 1
0 1 499 1 1
