0 1 0 1 1
0 2 1 1 1
0 3 3 1 1
0 5 5 1 1
0 6 5 1 1
0 5 4 1 1
0 4 4 1 1
0 3 2 1 1
0 2 2 1 1
0 9 0 1 1
0 4 3 1 1
0 1 1 1 1
0 2 1 1 1
0 3 1 1 1
0 4 1 1 1
0 5 1 1 1
0 6 1 1 1
0 7 1 1 1
0 1 1 1 1
0 1 5 1 1
0 4 5 1 1
0 3 3 1 1
0 5 4 1 1
0 2 0 1 1
0 8 2 1 1
0 5 1 1 1
0 6 0 1 1
0 1 1 1 1
0 6 3 1 1
0 2 4 1 1
0 4 2 1 1
0 1 0 1 1
0 2 1 1 1
0 1 4 1 1
0 6 2 1 1
0 6 5 1 1
0 5 4 1 1
0 2 5 1 1
0 5 1 1 1
0 9 3 1 1
0 3 2 1 1
0 4 0 1 1
0 4 3 1 1
0 7 4 1 1
0 6 4 1 1
0 5 4 1 1
0 4 4 1 1
0 3 4 1 1
0 2 4 1 1
0 1 4 1 1
0 1 5 1 1
0 2 6 1 1
0 3 8 1 1
0 5 10 1 1
0 6 10 1 1
0 5 9 1 1
0 4 9 1 1
0 3 7 1 1
0 2 7 1 1
0 9 5 1 1
0 4 8 1 1
0 1 6 1 1
0 2 6 1 1
0 3 6 1 1
0 4 6 1 1
0 5 6 1 1
0 6 6 1 1
0 7 6 1 1
0 1 6 1 1
0 1 10 1 1
0 4 10 1 1
0 3 8 1 1
0 5 9 1 1
0 2 5 1 1
0 8 7 1 1
0 5 6 1 1
0 6 5 1 1
0 1 6 1 1
0 6 8 1 1
0 2 9 1 1
0 4 7 1 1
0 1 5 1 1
0 2 6 1 1
0 1 9 1 1
0 6 7 1 1
0 6 10 1 1
0 5 9 1 1
0 2 10 1 1
0 5 6 1 1
0 9 8 1 1
0 3 7 1 1
0 4 5 1 1
0 4 8 1 1
0 7 9 1 1
0 6 9 1 1
0 5 9 1 1
0 4 9 1 1
0 3 9 1 1
0 2 9 1 1
0 1 9 1 1
0 1 10 1 1
0 2 11 1 1
0 3 13 1 1
0 5 15 1 1
0 6 15 1 1
0 5 14 1 1
0 4 14 1 1
0 3 12 1 1
0 2 12 1 1
0 9 10 1 1
0 4 13 1 1
0 1 11 1 1
0 2 11 1 1
0 3 11 1 1
0 4 11 1 1
0 5 11 1 1
0 6 11 1 1
0 7 11 1 1
0 1 11 1 1
0 1 15 1 1
0 4 15 1 1
0 3 13 1 1
0 5 14 1 1
0 2 10 1 1
0 8 12 1 1
0 5 11 1 1
0 6 10 1 1
0 1 11 1 1
0 6 13 1 1
0 2 14 1 1
0 4 12 1 1
0 1 10 1 1
0 2 11 1 1
0 1 14 1 1
0 6 12 1 1
0 6 15 1 1
0 5 14 1 1
0 2 15 1 1
0 5 11 1 1
0 9 13 1 1
0 3 12 1 1
0 4 10 1 1
0 4 13 1 1
0 7 14 1 1
0 6 14 1 1
0 5 14 1 1
0 4 14 1 1
0 3 14 1 1
0 2 14 1 1
0 1 14 1 1
0 1 15 1 1
0 2 16 1 1
0 3 18 1 1
0 5 20 1 1
0 6 20 1 1
0 5 19 1 1
0 4 19 1 1
0 3 17 1 1
0 2 17 1 1
0 9 15 1 1
0 4 18 1 1
0 1 16 1 1
0 2 16 1 1
0 3 16 1 1
0 4 16 1 1
0 5 16 1 1
0 6 16 1 1
0 7 16 1 1
0 1 16 1 1
0 1 20 1 1
0 4 20 1 1
0 3 18 1 1
0 5 19 1 1
0 2 15 1 1
0 8 17 1 1
0 5 16 1 1
0 6 15 1 1
0 1 16 1 1
0 6 18 1 1
0 2 19 1 1
0 4 17 1 1
0 1 15 1 1
0 2 16 1 1
0 1 19 1 1
0 6 17 1 1
0 6 20 1 1
0 5 19 1 1
0 2 20 1 1
0 5 16 1 1
0 9 18 1 1
0 3 17 1 1
0 4 15 1 1
0 4 18 1 1
0 7 19 1 1
0 6 19 1 1
0 5 19 1 1
0 4 19 1 1
0 3 19 1 1
0 2 19 1 1
0 1 19 1 1
0 1 20 1 1
0 2 21 1 1
0 3 23 1 1
0 5 25 1 1
0 6 25 1 1
0 5 24 1 1
0 4 24 1 1
0 3 22 1 1
0 2 22 1 1
0 9 20 1 1
0 4 23 1 1
0 1 21 1 1
0 2 21 1 1
0 3 21 1 1
0 4 21 1 1
0 5 21 1 1
0 6 21 1 1
0 7 21 1 1
0 1 21 1 1
0 1 25 1 1
0 4 25 1 1
0 3 23 1 1
0 5 24 1 1
0 2 20 1 1
0 8 22 1 1
0 5 21 1 1
0 6 20 1 1
0 1 21 1 1
0 6 23 1 1
0 2 24 1 1
0 4 22 1 1
0 1 20 1 1
0 2 21 1 1
0 1 24 1 1
0 6 22 1 1
0 6 25 1 1
0 5 24 1 1
0 2 25 1 1
0 5 21 1 1
0 9 23 1 1
0 3 22 1 1
0 4 20 1 1
0 4 23 1 1
0 7 24 1 1
0 6 24 1 1
0 5 24 1 1
0 4 24 1 1
0 3 24 1 1
0 2 24 1 1
0 1 24 1 1
0 1 25 1 1
0 2 26 1 1
0 3 28 1 1
0 5 30 1 1
0 6 30 1 1
0 5 29 1 1
0 4 29 1 1
0 3 27 1 1
0 2 27 1 1
0 9 25 1 1
0 4 28 1 1
0 1 26 1 1
0 2 26 1 1
0 3 26 1 1
0 4 26 1 1
0 5 26 1 1
0 6 26 1 1
0 7 26 1 1
0 1 26 1 1
0 1 30 1 1
0 4 30 1 1
0 3 28 1 1
0 5 29 1 1
0 2 25 1 1
0 8 27 1 1
0 5 26 1 1
0 6 25 1 1
0 1 26 1 1
0 6 28 1 1
0 2 29 1 1
0 4 27 1 1
0 1 25 1 1
0 2 26 1 1
0 1 29 1 1
0 6 27 1 1
0 6 30 1 1
0 5 29 1 1
0 2 30 1 1
0 5 26 1 1
0 9 28 1 1
0 3 27 1 1
0 4 25 1 1
0 4 28 1 1
0 7 29 1 1
0 6 29 1 1
0 5 29 1 1
0 4 29 1 1
0 3 29 1 1
0 2 29 1 1
0 1 29 1 1
0 1 30 1 1
0 2 31 1 1
0 3 33 1 1
0 5 35 1 1
0 6 35 1 1
0 5 34 1 1
0 4 34 1 1
0 3 32 1 1
0 2 32 1 1
0 9 30 1 1
0 4 33 1 1
0 1 31 1 1
0 2 31 1 1
0 3 31 1 1
0 4 31 1 1
0 5 31 1 1
0 6 31 1 1
0 7 31 1 1
0 1 31 1 1
0 1 35 1 1
0 4 35 1 1
0 3 33 1 1
0 5 34 1 1
0 2 30 1 1
0 8 32 1 1
0 5 31 1 1
0 6 30 1 1
0 1 31 1 1
0 6 33 1 1
0 2 34 1 1
0 4 32 1 1
0 1 30 1 1
0 2 31 1 1
0 1 34 1 1
0 6 32 1 1
0 6 35 1 1
0 5 34 1 1
0 2 35 1 1
0 5 31 1 1
0 9 33 1 1
0 3 32 1 1
0 4 30 1 1
0 4 33 1 1
0 7 34 1 1
0 6 34 1 1
0 5 34 1 1
0 4 34 1 1
0 3 34 1 1
0 2 34 1 1
0 1 34 1 1
0 1 35 1 1
0 2 36 1 1
0 3 38 1 1
0 5 40 1 1
0 6 40 1 1
0 5 39 1 1
0 4 39 1 1
0 3 37 1 1
0 2 37 1 1
0 9 35 1 1
0 4 38 1 1
0 1 36 1 1
0 2 36 1 1
0 3 36 1 1
0 4 36 1 1
0 5 36 1 1
0 6 36 1 1
0 7 36 1 1
0 1 36 1 1
0 1 40 1 1
0 4 40 1 1
0 3 38 1 1
0 5 39 1 1
0 2 35 1 1
0 8 37 1 1
0 5 36 1 1
0 6 35 1 1
0 1 36 1 1
0 6 38 1 1
0 2 39 1 1
0 4 37 1 1
0 1 35 1 1
0 2 36 1 1
0 1 39 1 1
0 6 37 1 1
0 6 40 1 1
0 5 39 1 1
0 2 40 1 1
0 5 36 1 1
0 9 38 1 1
0 3 37 1 1
0 4 35 1 1
0 4 38 1 1
0 7 39 1 1
0 6 39 1 1
0 5 39 1 1
0 4 39 1 1
0 3 39 1 1
0 2 39 1 1
0 1 39 1 1
0 1 40 1 1
0 2 41 1 1
0 3 43 1 1
0 5 45 1 1
0 6 45 1 1
0 5 44 1 1
0 4 44 1 1
0 3 42 1 1
0 2 42 1 1
0 9 40 1 1
0 4 43 1 1
0 1 41 1 1
0 2 41 1 1
0 3 41 1 1
0 4 41 1 1
0 5 41 1 1
0 6 41 1 1
0 7 41 1 1
0 1 41 1 1
0 1 45 1 1
0 4 45 1 1
0 3 43 1 1
0 5 44 1 1
0 2 40 1 1
0 8 42 1 1
0 5 41 1 1
0 6 40 1 1
0 1 41 1 1
0 6 43 1 1
0 2 44 1 1
0 4 42 1 1
0 1 40 1 1
0 2 41 1 1
0 1 44 1 1
0 6 42 1 1
0 6 45 1 1
0 5 44 1 1
0 2 45 1 1
0 5 41 1 1
0 9 43 1 1
0 3 42 1 1
0 4 40 1 1
0 4 43 1 1
0 7 44 1 1
0 6 44 1 1
0 5 44 1 1
0 4 44 1 1
0 3 44 1 1
0 2 44 1 1
0 1 44 1 1
0 1 45 1 1
0 2 46 1 1
0 3 48 1 1
0 5 50 1 1
0 6 50 1 1
0 5 49 1 1
0 4 49 1 1
0 3 47 1 1
0 2 47 1 1
0 9 45 1 1
0 4 48 1 1
0 1 46 1 1
0 2 46 1 1
0 3 46 1 1
0 4 46 1 1
0 5 46 1 1
0 6 46 1 1
0 7 46 1 1
0 1 46 1 1
0 1 50 1 1
0 4 50 1 1
0 3 48 1 1
0 5 49 1 1
0 2 45 1 1
0 8 47 1 1
0 5 46 1 1
0 6 45 1 1
0 1 46 1 1
0 6 48 1 1
0 2 49 1 1
0 4 47 1 1
0 1 45 1 1
0 2 46 1 1
0 1 49 1 1
0 6 47 1 1
0 6 50 1 1
0 5 49 1 1
0 2 50 1 1
0 5 46 1 1
0 9 48 1 1
0 3 47 1 1
0 4 45 1 1
0 4 48 1 1
0 7 49 1 1
0 6 49 1 1
0 5 49 1 1
0 4 49 1 1
0 3 49 1 1
0 2 49 1 1
0 1 49 1 1
0 1 50 1 1
0 2 51 1 1
0 3 53 1 1
0 5 55 1 1
0 6 55 1 1
0 5 54 1 1
0 4 54 1 1
0 3 52 1 1
0 2 52 1 1
0 9 50 1 1
0 4 53 1 1
0 1 51 1 1
0 2 51 1 1
0 3 51 1 1
0 4 51 1 1
0 5 51 1 1
0 6 51 1 1
0 7 51 1 1
0 1 51 1 1
0 1 55 1 1
0 4 55 1 1
0 3 53 1 1
0 5 54 1 1
0 2 50 1 1
0 8 52 1 1
0 5 51 1 1
0 6 50 1 1
0 1 51 1 1
0 6 53 1 1
0 2 54 1 1
0 4 52 1 1
0 1 50 1 1
0 2 51 1 1
0 1 54 1 1
0 6 52 1 1
0 6 55 1 1
0 5 54 1 1
0 2 55 1 1
0 5 51 1 1
0 9 53 1 1
0 3 52 1 1
0 4 50 1 1
0 4 53 1 1
0 7 54 1 1
0 6 54 1 1
0 5 54 1 1
0 4 54 1 1
0 3 54 1 1
0 2 54 1 1
0 1 54 1 1
0 1 55 1 1
0 2 56 1 1
0 3 58 1 1
0 5 60 1 1
0 6 60 1 1
0 5 59 1 1
0 4 59 1 1
0 3 57 1 1
0 2 57 1 1
0 9 55 1 1
0 4 58 1 1
0 1 56 1 1
0 2 56 1 1
0 3 56 1 1
0 4 56 1 1
0 5 56 1 1
0 6 56 1 1
0 7 56 1 1
0 1 56 1 1
0 1 60 1 1
0 4 60 1 1
0 3 58 1 1
0 5 59 1 1
0 2 55 1 1
0 8 57 1 1
0 5 56 1 1
0 6 55 1 1
0 1 56 1 1
0 6 58 1 1
0 2 59 1 1
0 4 57 1 1
0 1 55 1 1
0 2 56 1 1
0 1 59 1 1
0 6 57 1 1
0 6 60 1 1
0 5 59 1 1
0 2 60 1 1
0 5 56 1 1
0 9 58 1 1
0 3 57 1 1
0 4 55 1 1
0 4 58 1 1
0 7 59 1 1
0 6 59 1 1
0 5 59 1 1
0 4 59 1 1
0 3 59 1 1
0 2 59 1 1
0 1 59 1 1
0 1 60 1 1
0 2 61 1 1
0 3 63 1 1
0 5 65 1 1
0 6 65 1 1
0 5 64 1 1
0 4 64 1 1
0 3 62 1 1
0 2 62 1 1
0 9 60 1 1
0 4 63 1 1
0 1 61 1 1
0 2 61 1 1
0 3 61 1 1
0 4 61 1 1
0 5 61 1 1
0 6 61 1 1
0 7 61 1 1
0 1 61 1 1
0 1 65 1 1
0 4 65 1 1
0 3 63 1 1
0 5 64 1 1
0 2 60 1 1
0 8 62 1 1
0 5 61 1 1
0 6 60 1 1
0 1 61 1 1
0 6 63 1 1
0 2 64 1 1
0 4 62 1 1
0 1 60 1 1
0 2 61 1 1
0 1 64 1 1
0 6 62 1 1
0 6 65 1 1
0 5 64 1 1
0 2 65 1 1
0 5 61 1 1
0 9 63 1 1
0 3 62 1 1
0 4 60 1 1
0 4 63 1 1
0 7 64 1 1
0 6 64 1 1
0 5 64 1 1
0 4 64 1 1
0 3 64 1 1
0 2 64 1 1
0 1 64 1 1
0 1 65 1 1
0 2 66 1 1
0 3 68 1 1
0 5 70 1 1
0 6 70 1 1
0 5 69 1 1
0 4 69 1 1
0 3 67 1 1
0 2 67 1 1
0 9 65 1 1
0 4 68 1 1
0 1 66 1 1
0 2 66 1 1
0 3 66 1 1
0 4 66 1 1
0 5 66 1 1
0 6 66 1 1
0 7 66 1 1
0 1 66 1 1
0 1 70 1 1
0 4 70 1 1
0 3 68 1 1
0 5 69 1 1
0 2 65 1 1
0 8 67 1 1
0 5 66 1 1
0 6 65 1 1
0 1 66 1 1
0 6 68 1 1
0 2 69 1 1
0 4 67 1 1
0 1 65 1 1
0 2 66 1 1
0 1 69 1 1
0 6 67 1 1
0 6 70 1 1
0 5 69 1 1
0 2 70 1 1
0 5 66 1 1
0 9 68 1 1
0 3 67 1 1
0 4 65 1 1
0 4 68 1 1
0 7 69 1 1
0 6 69 1 1
0 5 69 1 1
0 4 69 1 1
0 3 69 1 1
0 2 69 1 1
0 1 69 1 1
0 1 70 1 1
0 2 71 1 1
0 3 73 1 1
0 5 75 1 1
0 6 75 1 1
0 5 74 1 1
0 4 74 1 1
0 3 72 1 1
0 2 72 1 1
0 9 70 1 1
0 4 73 1 1
0 1 71 1 1
0 2 71 1 1
0 3 71 1 1
0 4 71 1 1
0 5 71 1 1
0 6 71 1 1
0 7 71 1 1
0 1 71 1 1
0 1 75 1 1
0 4 75 1 1
0 3 73 1 1
0 5 74 1 1
0 2 70 1 1
0 8 72 1 1
0 5 71 1 1
0 6 70 1 1
0 1 71 1 1
0 6 73 1 1
0 2 74 1 1
0 4 72 1 1
0 1 70 1 1
0 2 71 1 1
0 1 74 1 1
0 6 72 1 1
0 6 75 1 1
0 5 74 1 1
0 2 75 1 1
0 5 71 1 1
0 9 73 1 1
0 3 72 1 1
0 4 70 1 1
0 4 73 1 1
0 7 74 1 1
0 6 74 1 1
0 5 74 1 1
0 4 74 1 1
0 3 74 1 1
0 2 74 1 1
0 1 74 1 1
0 1 75 1 1
0 2 76 1 1
0 3 78 1 1
0 5 80 1 1
0 6 80 1 1
0 5 79 1 1
0 4 79 1 1
0 3 77 1 1
0 2 77 1 1
0 9 75 1 1
0 4 78 1 1
0 1 76 1 1
0 2 76 1 1
0 3 76 1 1
0 4 76 1 1
0 5 76 1 1
0 6 76 1 1
0 7 76 1 1
0 1 76 1 1
0 1 80 1 1
0 4 80 1 1
0 3 78 1 1
0 5 79 1 1
0 2 75 1 1
0 8 77 1 1
0 5 76 1 1
0 6 75 1 1
0 1 76 1 1
0 6 78 1 1
0 2 79 1 1
0 4 77 1 1
0 1 75 1 1
0 2 76 1 1
0 1 79 1 1
0 6 77 1 1
0 6 80 1 1
0 5 79 1 1
0 2 80 1 1
0 5 76 1 1
0 9 78 1 1
0 3 77 1 1
0 4 75 1 1
0 4 78 1 1
0 7 79 1 1
0 6 79 1 1
0 5 79 1 1
0 4 79 1 1
0 3 79 1 1
0 2 79 1 1
0 1 79 1 1
0 1 80 1 1
0 2 81 1 1
0 3 83 1 1
0 5 85 1 1
0 6 85 1 1
0 5 84 1 1
0 4 84 1 1
0 3 82 1 1
0 2 82 1 1
0 9 80 1 1
0 4 83 1 1
0 1 81 1 1
0 2 81 1 1
0 3 81 1 1
0 4 81 1 1
0 5 81 1 1
0 6 81 1 1
0 7 81 1 1
0 1 81 1 1
0 1 85 1 1
0 4 85 1 1
0 3 83 1 1
0 5 84 1 1
0 2 80 1 1
0 8 82 1 1
0 5 81 1 1
0 6 80 1 1
0 1 81 1 1
0 6 83 1 1
0 2 84 1 1
0 4 82 1 1
0 1 80 1 1
0 2 81 1 1
0 1 84 1 1
0 6 82 1 1
0 6 85 1 1
0 5 84 1 1
0 2 85 1 1
0 5 81 1 1
0 9 83 1 1
0 3 82 1 1
0 4 80 1 1
0 4 83 1 1
0 7 84 1 1
0 6 84 1 1
0 5 84 1 1
0 4 84 1 1
0 3 84 1 1
0 2 84 1 1
0 1 84 1 1
0 1 85 1 1
0 2 86 1 1
0 3 88 1 1
0 5 90 1 1
0 6 90 1 1
0 5 89 1 1
0 4 89 1 1
0 3 87 1 1
0 2 87 1 1
0 9 85 1 1
0 4 88 1 1
0 1 86 1 1
0 2 86 1 1
0 3 86 1 1
0 4 86 1 1
0 5 86 1 1
0 6 86 1 1
0 7 86 1 1
0 1 86 1 1
0 1 90 1 1
0 4 90 1 1
0 3 88 1 1
0 5 89 1 1
0 2 85 1 1
0 8 87 1 1
0 5 86 1 1
0 6 85 1 1
0 1 86 1 1
0 6 88 1 1
0 2 89 1 1
0 4 87 1 1
0 1 85 1 1
0 2 86 1 1
0 1 89 1 1
0 6 87 1 1
0 6 90 1 1
0 5 89 1 1
0 2 90 1 1
0 5 86 1 1
0 9 88 1 1
0 3 87 1 1
0 4 85 1 1
0 4 88 1 1
0 7 89 1 1
0 6 89 1 1
0 5 89 1 1
0 4 89 1 1
0 3 89 1 1
0 2 89 1 1
0 1 89 1 1
0 1 90 1 1
0 2 91 1 1
0 3 93 1 1
0 5 95 1 1
0 6 95 1 1
0 5 94 1 1
0 4 94 1 1
0 3 92 1 1
0 2 92 1 1
0 9 90 1 1
0 4 93 1 1
0 1 91 1 1
0 2 91 1 1
0 3 91 1 1
0 4 91 1 1
0 5 91 1 1
0 6 91 1 1
0 7 91 1 1
0 1 91 1 1
0 1 95 1 1
0 4 95 1 1
0 3 93 1 1
0 5 94 1 1
0 2 90 1 1
0 8 92 1 1
0 5 91 1 1
0 6 90 1 1
0 1 91 1 1
0 6 93 1 1
0 2 94 1 1
0 4 92 1 1
0 1 90 1 1
0 2 91 1 1
0 1 94 1 1
0 6 92 1 1
0 6 95 1 1
0 5 94 1 1
0 2 95 1 1
0 5 91 1 1
0 9 93 1 1
0 3 92 1 1
0 4 90 1 1
0 4 93 1 1
0 7 94 1 1
0 6 94 1 1
0 5 94 1 1
0 4 94 1 1
0 3 94 1 1
0 2 94 1 1
0 1 94 1 1
0 1 95 1 1
0 2 96 1 1
0 3 98 1 1
0 5 100 1 1
0 6 100 1 1
0 5 99 1 1
0 4 99 1 1
0 3 97 1 1
0 2 97 1 1
0 9 95 1 1
0 4 98 1 1
0 1 96 1 1
0 2 96 1 1
0 3 96 1 1
0 4 96 1 1
0 5 96 1 1
0 6 96 1 1
0 7 96 1 1
0 1 96 1 1
0 1 100 1 1
0 4 100 1 1
0 3 98 1 1
0 5 99 1 1
0 2 95 1 1
0 8 97 1 1
0 5 96 1 1
0 6 95 1 1
0 1 96 1 1
0 6 98 1 1
0 2 99 1 1
0 4 97 1 1
0 1 95 1 1
0 2 96 1 1
0 1 99 1 1
0 6 97 1 1
0 6 100 1 1
0 5 99 1 1
0 2 100 1 1
0 5 96 1 1
0 9 98 1 1
0 3 97 1 1
0 4 95 1 1
0 4 98 1 1
0 7 99 1 1
0 6 99 1 1
0 5 99 1 1
0 4 99 1 1
0 3 99 1 1
0 2 99 1 1
0 1 99 1 1
0 1 100 1 1
0 2 101 1 1
0 3 103 1 1
0 5 105 1 1
0 6 105 1 1
0 5 104 1 1
0 4 104 1 1
0 3 102 1 1
0 2 102 1 1
0 9 100 1 1
0 4 103 1 1
0 1 101 1 1
0 2 101 1 1
0 3 101 1 1
0 4 101 1 1
0 5 101 1 1
0 6 101 1 1
0 7 101 1 1
0 1 101 1 1
0 1 105 1 1
0 4 105 1 1
0 3 103 1 1
0 5 104 1 1
0 2 100 1 1
0 8 102 1 1
0 5 101 1 1
0 6 100 1 1
0 1 101 1 1
0 6 103 1 1
0 2 104 1 1
0 4 102 1 1
0 1 100 1 1
0 2 101 1 1
0 1 104 1 1
0 6 102 1 1
0 6 105 1 1
0 5 104 1 1
0 2 105 1 1
0 5 101 1 1
0 9 103 1 1
0 3 102 1 1
0 4 100 1 1
0 4 103 1 1
0 7 104 1 1
0 6 104 1 1
0 5 104 1 1
0 4 104 1 1
0 3 104 1 1
0 2 104 1 1
0 1 104 1 1
0 1 105 1 1
0 2 106 1 1
0 3 108 1 1
0 5 110 1 1
0 6 110 1 1
0 5 109 1 1
0 4 109 1 1
0 3 107 1 1
0 2 107 1 1
0 9 105 1 1
0 4 108 1 1
0 1 106 1 1
0 2 106 1 1
0 3 106 1 1
0 4 106 1 1
0 5 106 1 1
0 6 106 1 1
0 7 106 1 1
0 1 106 1 1
0 1 110 1 1
0 4 110 1 1
0 3 108 1 1
0 5 109 1 1
0 2 105 1 1
0 8 107 1 1
0 5 106 1 1
0 6 105 1 1
0 1 106 1 1
0 6 108 1 1
0 2 109 1 1
0 4 107 1 1
0 1 105 1 1
0 2 106 1 1
0 1 109 1 1
0 6 107 1 1
0 6 110 1 1
0 5 109 1 1
0 2 110 1 1
0 5 106 1 1
0 9 108 1 1
0 3 107 1 1
0 4 105 1 1
0 4 108 1 1
0 7 109 1 1
0 6 109 1 1
0 5 109 1 1
0 4 109 1 1
0 3 109 1 1
0 2 109 1 1
0 1 109 1 1
0 1 110 1 1
0 2 111 1 1
0 3 113 1 1
0 5 115 1 1
0 6 115 1 1
0 5 114 1 1
0 4 114 1 1
0 3 112 1 1
0 2 112 1 1
0 9 110 1 1
0 4 113 1 1
0 1 111 1 1
0 2 111 1 1
0 3 111 1 1
0 4 111 1 1
0 5 111 1 1
0 6 111 1 1
0 7 111 1 1
0 1 111 1 1
0 1 115 1 1
0 4 115 1 1
0 3 113 1 1
0 5 114 1 1
0 2 110 1 1
0 8 112 1 1
0 5 111 1 1
0 6 110 1 1
0 1 111 1 1
0 6 113 1 1
0 2 114 1 1
0 4 112 1 1
0 1 110 1 1
0 2 111 1 1
0 1 114 1 1
0 6 112 1 1
0 6 115 1 1
0 5 114 1 1
0 2 115 1 1
0 5 111 1 1
0 9 113 1 1
0 3 112 1 1
0 4 110 1 1
0 4 113 1 1
0 7 114 1 1
0 6 114 1 1
0 5 114 1 1
0 4 114 1 1
0 3 114 1 1
0 2 114 1 1
0 1 114 1 1
0 1 115 1 1
0 2 116 1 1
0 3 118 1 1
0 5 120 1 1
0 6 120 1 1
0 5 119 1 1
0 4 119 1 1
0 3 117 1 1
0 2 117 1 1
0 9 115 1 1
0 4 118 1 1
0 1 116 1 1
0 2 116 1 1
0 3 116 1 1
0 4 116 1 1
0 5 116 1 1
0 6 116 1 1
0 7 116 1 1
0 1 116 1 1
0 1 120 1 1
0 4 120 1 1
0 3 118 1 1
0 5 119 1 1
0 2 115 1 1
0 8 117 1 1
0 5 116 1 1
0 6 115 1 1
0 1 116 1 1
0 6 118 1 1
0 2 119 1 1
0 4 117 1 1
0 1 115 1 1
0 2 116 1 1
0 1 119 1 1
0 6 117 1 1
0 6 120 1 1
0 5 119 1 1
0 2 120 1 1
0 5 116 1 1
0 9 118 1 1
0 3 117 1 1
0 4 115 1 1
0 4 118 1 1
0 7 119 1 1
0 6 119 1 1
0 5 119 1 1
0 4 119 1 1
0 3 119 1 1
0 2 119 1 1
0 1 119 1 1
0 1 120 1 1
0 2 121 1 1
0 3 123 1 1
0 5 125 1 1
0 6 125 1 1
0 5 124 1 1
0 4 124 1 1
0 3 122 1 1
0 2 122 1 1
0 9 120 1 1
0 4 123 1 1
0 1 121 1 1
0 2 121 1 1
0 3 121 1 1
0 4 121 1 1
0 5 121 1 1
0 6 121 1 1
0 7 121 1 1
0 1 121 1 1
0 1 125 1 1
0 4 125 1 1
0 3 123 1 1
0 5 124 1 1
0 2 120 1 1
0 8 122 1 1
0 5 121 1 1
0 6 120 1 1
0 1 121 1 1
0 6 123 1 1
0 2 124 1 1
0 4 122 1 1
0 1 120 1 1
0 2 121 1 1
0 1 124 1 1
0 6 122 1 1
0 6 125 1 1
0 5 124 1 1
0 2 125 1 1
0 5 121 1 1
0 9 123 1 1
0 3 122 1 1
0 4 120 1 1
0 4 123 1 1
0 7 124 1 1
0 6 124 1 1
0 5 124 1 1
0 4 124 1 1
0 3 124 1 1
0 2 124 1 1
0 1 124 1 1
0 1 125 1 1
0 2 126 1 1
0 3 128 1 1
0 5 130 1 1
0 6 130 1 1
0 5 129 1 1
0 4 129 1 1
0 3 127 1 1
0 2 127 1 1
0 9 125 1 1
0 4 128 1 1
0 1 126 1 1
0 2 126 1 1
0 3 126 1 1
0 4 126 1 1
0 5 126 1 1
0 6 126 1 1
0 7 126 1 1
0 1 126 1 1
0 1 130 1 1
0 4 130 1 1
0 3 128 1 1
0 5 129 1 1
0 2 125 1 1
0 8 127 1 1
0 5 126 1 1
0 6 125 1 1
0 1 126 1 1
0 6 128 1 1
0 2 129 1 1
0 4 127 1 1
0 1 125 1 1
0 2 126 1 1
0 1 129 1 1
0 6 127 1 1
0 6 130 1 1
0 5 129 1 1
0 2 130 1 1
0 5 126 1 1
0 9 128 1 1
0 3 127 1 1
0 4 125 1 1
0 4 128 1 1
0 7 129 1 1
0 6 129 1 1
0 5 129 1 1
0 4 129 1 1
0 3 129 1 1
0 2 129 1 1
0 1 129 1 1
0 1 130 1 1
0 2 131 1 1
0 3 133 1 1
0 5 135 1 1
0 6 135 1 1
0 5 134 1 1
0 4 134 1 1
0 3 132 1 1
0 2 132 1 1
0 9 130 1 1
0 4 133 1 1
0 1 131 1 1
0 2 131 1 1
0 3 131 1 1
0 4 131 1 1
0 5 131 1 1
0 6 131 1 1
0 7 131 1 1
0 1 131 1 1
0 1 135 1 1
0 4 135 1 1
0 3 133 1 1
0 5 134 1 1
0 2 130 1 1
0 8 132 1 1
0 5 131 1 1
0 6 130 1 1
0 1 131 1 1
0 6 133 1 1
0 2 134 1 1
0 4 132 1 1
0 1 130 1 1
0 2 131 1 1
0 1 134 1 1
0 6 132 1 1
0 6 135 1 1
0 5 134 1 1
0 2 135 1 1
0 5 131 1 1
0 9 133 1 1
0 3 132 1 1
0 4 130 1 1
0 4 133 1 1
0 7 134 1 1
0 6 134 1 1
0 5 134 1 1
0 4 134 1 1
0 3 134 1 1
0 2 134 1 1
0 1 134 1 1
0 1 135 1 1
0 2 136 1 1
0 3 138 1 1
0 5 140 1 1
0 6 140 1 1
0 5 139 1 1
0 4 139 1 1
0 3 137 1 1
0 2 137 1 1
0 9 135 1 1
0 4 138 1 1
0 1 136 1 1
0 2 136 1 1
0 3 136 1 1
0 4 136 1 1
0 5 136 1 1
0 6 136 1 1
0 7 136 1 1
0 1 136 1 1
0 1 140 1 1
0 4 140 1 1
0 3 138 1 1
0 5 139 1 1
0 2 135 1 1
0 8 137 1 1
0 5 136 1 1
0 6 135 1 1
0 1 136 1 1
0 6 138 1 1
0 2 139 1 1
0 4 137 1 1
0 1 135 1 1
0 2 136 1 1
0 1 139 1 1
0 6 137 1 1
0 6 140 1 1
0 5 139 1 1
0 2 140 1 1
0 5 136 1 1
0 9 138 1 1
0 3 137 1 1
0 4 135 1 1
0 4 138 1 1
0 7 139 1 1
0 6 139 1 1
0 5 139 1 1
0 4 139 1 1
0 3 139 1 1
0 2 139 1 1
0 1 139 1 1
0 1 140 1 1
0 2 141 1 1
0 3 143 1 1
0 5 145 1 1
0 6 145 1 1
0 5 144 1 1
0 4 144 1 1
0 3 142 1 1
0 2 142 1 1
0 9 140 1 1
0 4 143 1 1
0 1 141 1 1
0 2 141 1 1
0 3 141 1 1
0 4 141 1 1
0 5 141 1 1
0 6 141 1 1
0 7 141 1 1
0 1 141 1 1
0 1 145 1 1
0 4 145 1 1
0 3 143 1 1
0 5 144 1 1
0 2 140 1 1
0 8 142 1 1
0 5 141 1 1
0 6 140 1 1
0 1 141 1 1
0 6 143 1 1
0 2 144 1 1
0 4 142 1 1
0 1 140 1 1
0 2 141 1 1
0 1 144 1 1
0 6 142 1 1
0 6 145 1 1
0 5 144 1 1
0 2 145 1 1
0 5 141 1 1
0 9 143 1 1
0 3 142 1 1
0 4 140 1 1
0 4 143 1 1
0 7 144 1 1
0 6 144 1 1
0 5 144 1 1
0 4 144 1 1
0 3 144 1 1
0 2 144 1 1
0 1 144 1 1
0 1 145 1 1
0 2 146 1 1
0 3 148 1 1
0 5 150 1 1
0 6 150 1 1
0 5 149 1 1
0 4 149 1 1
0 3 147 1 1
0 2 147 1 1
0 9 145 1 1
0 4 148 1 1
0 1 146 1 1
0 2 146 1 1
0 3 146 1 1
0 4 146 1 1
0 5 146 1 1
0 6 146 1 1
0 7 146 1 1
0 1 146 1 1
0 1 150 1 1
0 4 150 1 1
0 3 148 1 1
0 5 149 1 1
0 2 145 1 1
0 8 147 1 1
0 5 146 1 1
0 6 145 1 1
0 1 146 1 1
0 6 148 1 1
0 2 149 1 1
0 4 147 1 1
0 1 145 1 1
0 2 146 1 1
0 1 149 1 1
0 6 147 1 1
0 6 150 1 1
0 5 149 1 1
0 2 150 1 1
0 5 146 1 1
0 9 148 1 1
0 3 147 1 1
0 4 145 1 1
0 4 148 1 1
0 7 149 1 1
0 6 149 1 1
0 5 149 1 1
0 4 149 1 1
0 3 149 1 1
0 2 149 1 1
0 1 149 1 1
0 1 150 1 1
0 2 151 1 1
0 3 153 1 1
0 5 155 1 1
0 6 155 1 1
0 5 154 1 1
0 4 154 1 1
0 3 152 1 1
0 2 152 1 1
0 9 150 1 1
0 4 153 1 1
0 1 151 1 1
0 2 151 1 1
0 3 151 1 1
0 4 151 1 1
0 5 151 1 1
0 6 151 1 1
0 7 151 1 1
0 1 151 1 1
0 1 155 1 1
0 4 155 1 1
0 3 153 1 1
0 5 154 1 1
0 2 150 1 1
0 8 152 1 1
0 5 151 1 1
0 6 150 1 1
0 1 151 1 1
0 6 153 1 1
0 2 154 1 1
0 4 152 1 1
0 1 150 1 1
0 2 151 1 1
0 1 154 1 1
0 6 152 1 1
0 6 155 1 1
0 5 154 1 1
0 2 155 1 1
0 5 151 1 1
0 9 153 1 1
0 3 152 1 1
0 4 150 1 1
0 4 153 1 1
0 7 154 1 1
0 6 154 1 1
0 5 154 1 1
0 4 154 1 1
0 3 154 1 1
0 2 154 1 1
0 1 154 1 1
0 1 155 1 1
0 2 156 1 1
0 3 158 1 1
0 5 160 1 1
0 6 160 1 1
0 5 159 1 1
0 4 159 1 1
0 3 157 1 1
0 2 157 1 1
0 9 155 1 1
0 4 158 1 1
0 1 156 1 1
0 2 156 1 1
0 3 156 1 1
0 4 156 1 1
0 5 156 1 1
0 6 156 1 1
0 7 156 1 1
0 1 156 1 1
0 1 160 1 1
0 4 160 1 1
0 3 158 1 1
0 5 159 1 1
0 2 155 1 1
0 8 157 1 1
0 5 156 1 1
0 6 155 1 1
0 1 156 1 1
0 6 158 1 1
0 2 159 1 1
0 4 157 1 1
0 1 155 1 1
0 2 156 1 1
0 1 159 1 1
0 6 157 1 1
0 6 160 1 1
0 5 159 1 1
0 2 160 1 1
0 5 156 1 1
0 9 158 1 1
0 3 157 1 1
0 4 155 1 1
0 4 158 1 1
0 7 159 1 1
0 6 159 1 1
0 5 159 1 1
0 4 159 1 1
0 3 159 1 1
0 2 159 1 1
0 1 159 1 1
0 1 160 1 1
0 2 161 1 1
0 3 163 1 1
0 5 165 1 1
0 6 165 1 1
0 5 164 1 1
0 4 164 1 1
0 3 162 1 1
0 2 162 1 1
0 9 160 1 1
0 4 163 1 1
0 1 161 1 1
0 2 161 1 1
0 3 161 1 1
0 4 161 1 1
0 5 161 1 1
0 6 161 1 1
0 7 161 1 1
0 1 161 1 1
0 1 165 1 1
0 4 165 1 1
0 3 163 1 1
0 5 164 1 1
0 2 160 1 1
0 8 162 1 1
0 5 161 1 1
0 6 160 1 1
0 1 161 1 1
0 6 163 1 1
0 2 164 1 1
0 4 162 1 1
0 1 160 1 1
0 2 161 1 1
0 1 164 1 1
0 6 162 1 1
0 6 165 1 1
0 5 164 1 1
0 2 165 1 1
0 5 161 1 1
0 9 163 1 1
0 3 162 1 1
0 4 160 1 1
0 4 163 1 1
0 7 164 1 1
0 6 164 1 1
0 5 164 1 1
0 4 164 1 1
0 3 164 1 1
0 2 164 1 1
0 1 164 1 1
0 1 165 1 1
0 2 166 1 1
0 3 168 1 1
0 5 170 1 1
0 6 170 1 1
0 5 169 1 1
0 4 169 1 1
0 3 167 1 1
0 2 167 1 1
0 9 165 1 1
0 4 168 1 1
0 1 166 1 1
0 2 166 1 1
0 3 166 1 1
0 4 166 1 1
0 5 166 1 1
0 6 166 1 1
0 7 166 1 1
0 1 166 1 1
0 1 170 1 1
0 4 170 1 1
0 3 168 1 1
0 5 169 1 1
0 2 165 1 1
0 8 167 1 1
0 5 166 1 1
0 6 165 1 1
0 1 166 1 1
0 6 168 1 1
0 2 169 1 1
0 4 167 1 1
0 1 165 1 1
0 2 166 1 1
0 1 169 1 1
0 6 167 1 1
0 6 170 1 1
0 5 169 1 1
0 2 170 1 1
0 5 166 1 1
0 9 168 1 1
0 3 167 1 1
0 4 165 1 1
0 4 168 1 1
0 7 169 1 1
0 6 169 1 1
0 5 169 1 1
0 4 169 1 1
0 3 169 1 1
0 2 169 1 1
0 1 169 1 1
0 1 170 1 1
0 2 171 1 1
0 3 173 1 1
0 5 175 1 1
0 6 175 1 1
0 5 174 1 1
0 4 174 1 1
0 3 172 1 1
0 2 172 1 1
0 9 170 1 1
0 4 173 1 1
0 1 171 1 1
0 2 171 1 1
0 3 171 1 1
0 4 171 1 1
0 5 171 1 1
0 6 171 1 1
0 7 171 1 1
0 1 171 1 1
0 1 175 1 1
0 4 175 1 1
0 3 173 1 1
0 5 174 1 1
0 2 170 1 1
0 8 172 1 1
0 5 171 1 1
0 6 170 1 1
0 1 171 1 1
0 6 173 1 1
0 2 174 1 1
0 4 172 1 1
0 1 170 1 1
0 2 171 1 1
0 1 174 1 1
0 6 172 1 1
0 6 175 1 1
0 5 174 1 1
0 2 175 1 1
0 5 171 1 1
0 9 173 1 1
0 3 172 1 1
0 4 170 1 1
0 4 173 1 1
0 7 174 1 1
0 6 174 1 1
0 5 174 1 1
0 4 174 1 1
0 3 174 1 1
0 2 174 1 1
0 1 174 1 1
0 1 175 1 1
0 2 176 1 1
0 3 178 1 1
0 5 180 1 1
0 6 180 1 1
0 5 179 1 1
0 4 179 1 1
0 3 177 1 1
0 2 177 1 1
0 9 175 1 1
0 4 178 1 1
0 1 176 1 1
0 2 176 1 1
0 3 176 1 1
0 4 176 1 1
0 5 176 1 1
0 6 176 1 1
0 7 176 1 1
0 1 176 1 1
0 1 180 1 1
0 4 180 1 1
0 3 178 1 1
0 5 179 1 1
0 2 175 1 1
0 8 177 1 1
0 5 176 1 1
0 6 175 1 1
0 1 176 1 1
0 6 178 1 1
0 2 179 1 1
0 4 177 1 1
0 1 175 1 1
0 2 176 1 1
0 1 179 1 1
0 6 177 1 1
0 6 180 1 1
0 5 179 1 1
0 2 180 1 1
0 5 176 1 1
0 9 178 1 1
0 3 177 1 1
0 4 175 1 1
0 4 178 1 1
0 7 179 1 1
0 6 179 1 1
0 5 179 1 1
0 4 179 1 1
0 3 179 1 1
0 2 179 1 1
0 1 179 1 1
0 1 180 1 1
0 2 181 1 1
0 3 183 1 1
0 5 185 1 1
0 6 185 1 1
0 5 184 1 1
0 4 184 1 1
0 3 182 1 1
0 2 182 1 1
0 9 180 1 1
0 4 183 1 1
0 1 181 1 1
0 2 181 1 1
0 3 181 1 1
0 4 181 1 1
0 5 181 1 1
0 6 181 1 1
0 7 181 1 1
0 1 181 1 1
0 1 185 1 1
0 4 185 1 1
0 3 183 1 1
0 5 184 1 1
0 2 180 1 1
0 8 182 1 1
0 5 181 1 1
0 6 180 1 1
0 1 181 1 1
0 6 183 1 1
0 2 184 1 1
0 4 182 1 1
0 1 180 1 1
0 2 181 1 1
0 1 184 1 1
0 6 182 1 1
0 6 185 1 1
0 5 184 1 1
0 2 185 1 1
0 5 181 1 1
0 9 183 1 1
0 3 182 1 1
0 4 180 1 1
0 4 183 1 1
0 7 184 1 1
0 6 184 1 1
0 5 184 1 1
0 4 184 1 1
0 3 184 1 1
0 2 184 1 1
0 1 184 1 1
0 1 185 1 1
0 2 186 1 1
0 3 188 1 1
0 5 190 1 1
0 6 190 1 1
0 5 189 1 1
0 4 189 1 1
0 3 187 1 1
0 2 187 1 1
0 9 185 1 1
0 4 188 1 1
0 1 186 1 1
0 2 186 1 1
0 3 186 1 1
0 4 186 1 1
0 5 186 1 1
0 6 186 1 1
0 7 186 1 1
0 1 186 1 1
0 1 190 1 1
0 4 190 1 1
0 3 188 1 1
0 5 189 1 1
0 2 185 1 1
0 8 187 1 1
0 5 186 1 1
0 6 185 1 1
0 1 186 1 1
0 6 188 1 1
0 2 189 1 1
0 4 187 1 1
0 1 185 1 1
0 2 186 1 1
0 1 189 1 1
0 6 187 1 1
0 6 190 1 1
0 5 189 1 1
0 2 190 1 1
0 5 186 1 1
0 9 188 1 1
0 3 187 1 1
0 4 185 1 1
0 4 188 1 1
0 7 189 1 1
0 6 189 1 1
0 5 189 1 1
0 4 189 1 1
0 3 189 1 1
0 2 189 1 1
0 1 189 1 1
0 1 190 1 1
0 2 191 1 1
0 3 193 1 1
0 5 195 1 1
0 6 195 1 1
0 5 194 1 1
0 4 194 1 1
0 3 192 1 1
0 2 192 1 1
0 9 190 1 1
0 4 193 1 1
0 1 191 1 1
0 2 191 1 1
0 3 191 1 1
0 4 191 1 1
0 5 191 1 1
0 6 191 1 1
0 7 191 1 1
0 1 191 1 1
0 1 195 1 1
0 4 195 1 1
0 3 193 1 1
0 5 194 1 1
0 2 190 1 1
0 8 192 1 1
0 5 191 1 1
0 6 190 1 1
0 1 191 1 1
0 6 193 1 1
0 2 194 1 1
0 4 192 1 1
0 1 190 1 1
0 2 191 1 1
0 1 194 1 1
0 6 192 1 1
0 6 195 1 1
0 5 194 1 1
0 2 195 1 1
0 5 191 1 1
0 9 193 1 1
0 3 192 1 1
0 4 190 1 1
0 4 193 1 1
0 7 194 1 1
0 6 194 1 1
0 5 194 1 1
0 4 194 1 1
0 3 194 1 1
0 2 194 1 1
0 1 194 1 1
0 1 195 1 1
0 2 196 1 1
0 3 198 1 1
0 5 200 1 1
0 6 200 1 1
0 5 199 1 1
0 4 199 1 1
0 3 197 1 1
0 2 197 1 1
0 9 195 1 1
0 4 198 1 1
0 1 196 1 1
0 2 196 1 1
0 3 196 1 1
0 4 196 1 1
0 5 196 1 1
0 6 196 1 1
0 7 196 1 1
0 1 196 1 1
0 1 200 1 1
0 4 200 1 1
0 3 198 1 1
0 5 199 1 1
0 2 195 1 1
0 8 197 1 1
0 5 196 1 1
0 6 195 1 1
0 1 196 1 1
0 6 198 1 1
0 2 199 1 1
0 4 197 1 1
0 1 195 1 1
0 2 196 1 1
0 1 199 1 1
0 6 197 1 1
0 6 200 1 1
0 5 199 1 1
0 2 200 1 1
0 5 196 1 1
0 9 198 1 1
0 3 197 1 1
0 4 195 1 1
0 4 198 1 1
0 7 199 1 1
0 6 199 1 1
0 5 199 1 1
0 4 199 1 1
0 3 199 1 1
0 2 199 1 1
0 1 199 1 1
0 1 200 1 1
0 2 201 1 1
0 3 203 1 1
0 5 205 1 1
0 6 205 1 1
0 5 204 1 1
0 4 204 1 1
0 3 202 1 1
0 2 202 1 1
0 9 200 1 1
0 4 203 1 1
0 1 201 1 1
0 2 201 1 1
0 3 201 1 1
0 4 201 1 1
0 5 201 1 1
0 6 201 1 1
0 7 201 1 1
0 1 201 1 1
0 1 205 1 1
0 4 205 1 1
0 3 203 1 1
0 5 204 1 1
0 2 200 1 1
0 8 202 1 1
0 5 201 1 1
0 6 200 1 1
0 1 201 1 1
0 6 203 1 1
0 2 204 1 1
0 4 202 1 1
0 1 200 1 1
0 2 201 1 1
0 1 204 1 1
0 6 202 1 1
0 6 205 1 1
0 5 204 1 1
0 2 205 1 1
0 5 201 1 1
0 9 203 1 1
0 3 202 1 1
0 4 200 1 1
0 4 203 1 1
0 7 204 1 1
0 6 204 1 1
0 5 204 1 1
0 4 204 1 1
0 3 204 1 1
0 2 204 1 1
0 1 204 1 1
0 1 205 1 1
0 2 206 1 1
0 3 208 1 1
0 5 210 1 1
0 6 210 1 1
0 5 209 1 1
0 4 209 1 1
0 3 207 1 1
0 2 207 1 1
0 9 205 1 1
0 4 208 1 1
0 1 206 1 1
0 2 206 1 1
0 3 206 1 1
0 4 206 1 1
0 5 206 1 1
0 6 206 1 1
0 7 206 1 1
0 1 206 1 1
0 1 210 1 1
0 4 210 1 1
0 3 208 1 1
0 5 209 1 1
0 2 205 1 1
0 8 207 1 1
0 5 206 1 1
0 6 205 1 1
0 1 206 1 1
0 6 208 1 1
0 2 209 1 1
0 4 207 1 1
0 1 205 1 1
0 2 206 1 1
0 1 209 1 1
0 6 207 1 1
0 6 210 1 1
0 5 209 1 1
0 2 210 1 1
0 5 206 1 1
0 9 208 1 1
0 3 207 1 1
0 4 205 1 1
0 4 208 1 1
0 7 209 1 1
0 6 209 1 1
0 5 209 1 1
0 4 209 1 1
0 3 209 1 1
0 2 209 1 1
0 1 209 1 1
0 1 210 1 1
0 2 211 1 1
0 3 213 1 1
0 5 215 1 1
0 6 215 1 1
0 5 214 1 1
0 4 214 1 1
0 3 212 1 1
0 2 212 1 1
0 9 210 1 1
0 4 213 1 1
0 1 211 1 1
0 2 211 1 1
0 3 211 1 1
0 4 211 1 1
0 5 211 1 1
0 6 211 1 1
0 7 211 1 1
0 1 211 1 1
0 1 215 1 1
0 4 215 1 1
0 3 213 1 1
0 5 214 1 1
0 2 210 1 1
0 8 212 1 1
0 5 211 1 1
0 6 210 1 1
0 1 211 1 1
0 6 213 1 1
0 2 214 1 1
0 4 212 1 1
0 1 210 1 1
0 2 211 1 1
0 1 214 1 1
0 6 212 1 1
0 6 215 1 1
0 5 214 1 1
0 2 215 1 1
0 5 211 1 1
0 9 213 1 1
0 3 212 1 1
0 4 210 1 1
0 4 213 1 1
0 7 214 1 1
0 6 214 1 1
0 5 214 1 1
0 4 214 1 1
0 3 214 1 1
0 2 214 1 1
0 1 214 1 1
0 1 215 1 1
0 2 216 1 1
0 3 218 1 1
0 5 220 1 1
0 6 220 1 1
0 5 219 1 1
0 4 219 1 1
0 3 217 1 1
0 2 217 1 1
0 9 215 1 1
0 4 218 1 1
0 1 216 1 1
0 2 216 1 1
0 3 216 1 1
0 4 216 1 1
0 5 216 1 1
0 6 216 1 1
0 7 216 1 1
0 1 216 1 1
0 1 220 1 1
0 4 220 1 1
0 3 218 1 1
0 5 219 1 1
0 2 215 1 1
0 8 217 1 1
0 5 216 1 1
0 6 215 1 1
0 1 216 1 1
0 6 218 1 1
0 2 219 1 1
0 4 217 1 1
0 1 215 1 1
0 2 216 1 1
0 1 219 1 1
0 6 217 1 1
0 6 220 1 1
0 5 219 1 1
0 2 220 1 1
0 5 216 1 1
0 9 218 1 1
0 3 217 1 1
0 4 215 1 1
0 4 218 1 1
0 7 219 1 1
0 6 219 1 1
0 5 219 1 1
0 4 219 1 1
0 3 219 1 1
0 2 219 1 1
0 1 219 1 1
0 1 220 1 1
0 2 221 1 1
0 3 223 1 1
0 5 225 1 1
0 6 225 1 1
0 5 224 1 1
0 4 224 1 1
0 3 222 1 1
0 2 222 1 1
0 9 220 1 1
0 4 223 1 1
0 1 221 1 1
0 2 221 1 1
0 3 221 1 1
0 4 221 1 1
0 5 221 1 1
0 6 221 1 1
0 7 221 1 1
0 1 221 1 1
0 1 225 1 1
0 4 225 1 1
0 3 223 1 1
0 5 224 1 1
0 2 220 1 1
0 8 222 1 1
0 5 221 1 1
0 6 220 1 1
0 1 221 1 1
0 6 223 1 1
0 2 224 1 1
0 4 222 1 1
0 1 220 1 1
0 2 221 1 1
0 1 224 1 1
0 6 222 1 1
0 6 225 1 1
0 5 224 1 1
0 2 225 1 1
0 5 221 1 1
0 9 223 1 1
0 3 222 1 1
0 4 220 1 1
0 4 223 1 1
0 7 224 1 1
0 6 224 1 1
0 5 224 1 1
0 4 224 1 1
0 3 224 1 1
0 2 224 1 1
0 1 224 1 1
0 1 225 1 1
0 2 226 1 1
0 3 228 1 1
0 5 230 1 1
0 6 230 1 1
0 5 229 1 1
0 4 229 1 1
0 3 227 1 1
0 2 227 1 1
0 9 225 1 1
0 4 228 1 1
0 1 226 1 1
0 2 226 1 1
0 3 226 1 1
0 4 226 1 1
0 5 226 1 1
0 6 226 1 1
0 7 226 1 1
0 1 226 1 1
0 1 230 1 1
0 4 230 1 1
0 3 228 1 1
0 5 229 1 1
0 2 225 1 1
0 8 227 1 1
0 5 226 1 1
0 6 225 1 1
0 1 226 1 1
0 6 228 1 1
0 2 229 1 1
0 4 227 1 1
0 1 225 1 1
0 2 226 1 1
0 1 229 1 1
0 6 227 1 1
0 6 230 1 1
0 5 229 1 1
0 2 230 1 1
0 5 226 1 1
0 9 228 1 1
0 3 227 1 1
0 4 225 1 1
0 4 228 1 1
0 7 229 1 1
0 6 229 1 1
0 5 229 1 1
0 4 229 1 1
0 3 229 1 1
0 2 229 1 1
0 1 229 1 1
0 1 230 1 1
0 2 231 1 1
0 3 233 1 1
0 5 235 1 1
0 6 235 1 1
0 5 234 1 1
0 4 234 1 1
0 3 232 1 1
0 2 232 1 1
0 9 230 1 1
0 4 233 1 1
0 1 231 1 1
0 2 231 1 1
0 3 231 1 1
0 4 231 1 1
0 5 231 1 1
0 6 231 1 1
0 7 231 1 1
0 1 231 1 1
0 1 235 1 1
0 4 235 1 1
0 3 233 1 1
0 5 234 1 1
0 2 230 1 1
0 8 232 1 1
0 5 231 1 1
0 6 230 1 1
0 1 231 1 1
0 6 233 1 1
0 2 234 1 1
0 4 232 1 1
0 1 230 1 1
0 2 231 1 1
0 1 234 1 1
0 6 232 1 1
0 6 235 1 1
0 5 234 1 1
0 2 235 1 1
0 5 231 1 1
0 9 233 1 1
0 3 232 1 1
0 4 230 1 1
0 4 233 1 1
0 7 234 1 1
0 6 234 1 1
0 5 234 1 1
0 4 234 1 1
0 3 234 1 1
0 2 234 1 1
0 1 234 1 1
0 1 235 1 1
0 2 236 1 1
0 3 238 1 1
0 5 240 1 1
0 6 240 1 1
0 5 239 1 1
0 4 239 1 1
0 3 237 1 1
0 2 237 1 1
0 9 235 1 1
0 4 238 1 1
0 1 236 1 1
0 2 236 1 1
0 3 236 1 1
0 4 236 1 1
0 5 236 1 1
0 6 236 1 1
0 7 236 1 1
0 1 236 1 1
0 1 240 1 1
0 4 240 1 1
0 3 238 1 1
0 5 239 1 1
0 2 235 1 1
0 8 237 1 1
0 5 236 1 1
0 6 235 1 1
0 1 236 1 1
0 6 238 1 1
0 2 239 1 1
0 4 237 1 1
0 1 235 1 1
0 2 236 1 1
0 1 239 1 1
0 6 237 1 1
0 6 240 1 1
0 5 239 1 1
0 2 240 1 1
0 5 236 1 1
0 9 238 1 1
0 3 237 1 1
0 4 235 1 1
0 4 238 1 1
0 7 239 1 1
0 6 239 1 1
0 5 239 1 1
0 4 239 1 1
0 3 239 1 1
0 2 239 1 1
0 1 239 1 1
0 1 240 1 1
0 2 241 1 1
0 3 243 1 1
0 5 245 1 1
0 6 245 1 1
0 5 244 1 1
0 4 244 1 1
0 3 242 1 1
0 2 242 1 1
0 9 240 1 1
0 4 243 1 1
0 1 241 1 1
0 2 241 1 1
0 3 241 1 1
0 4 241 1 1
0 5 241 1 1
0 6 241 1 1
0 7 241 1 1
0 1 241 1 1
0 1 245 1 1
0 4 245 1 1
0 3 243 1 1
0 5 244 1 1
0 2 240 1 1
0 8 242 1 1
0 5 241 1 1
0 6 240 1 1
0 1 241 1 1
0 6 243 1 1
0 2 244 1 1
0 4 242 1 1
0 1 240 1 1
0 2 241 1 1
0 1 244 1 1
0 6 242 1 1
0 6 245 1 1
0 5 244 1 1
0 2 245 1 1
0 5 241 1 1
0 9 243 1 1
0 3 242 1 1
0 4 240 1 1
0 4 243 1 1
0 7 244 1 1
0 6 244 1 1
0 5 244 1 1
0 4 244 1 1
0 3 244 1 1
0 2 244 1 1
0 1 244 1 1
0 1 245 1 1
0 2 246 1 1
0 3 248 1 1
0 5 250 1 1
0 6 250 1 1
0 5 249 1 1
0 4 249 1 1
0 3 247 1 1
0 2 247 1 1
0 9 245 1 1
0 4 248 1 1
0 1 246 1 1
0 2 246 1 1
0 3 246 1 1
0 4 246 1 1
0 5 246 1 1
0 6 246 1 1
0 7 246 1 1
0 1 246 1 1
0 1 250 1 1
0 4 250 1 1
0 3 248 1 1
0 5 249 1 1
0 2 245 1 1
0 8 247 1 1
0 5 246 1 1
0 6 245 1 1
0 1 246 1 1
0 6 248 1 1
0 2 249 1 1
0 4 247 1 1
0 1 245 1 1
0 2 246 1 1
0 1 249 1 1
0 6 247 1 1
0 6 250 1 1
0 5 249 1 1
0 2 250 1 1
0 5 246 1 1
0 9 248 1 1
0 3 247 1 1
0 4 245 1 1
0 4 248 1 1
0 7 249 1 1
0 6 249 1 1
0 5 249 1 1
0 4 249 1 1
0 3 249 1 1
0 2 249 1 1
0 1 249 1 1
0 1 250 1 1
0 2 251 1 1
0 3 253 1 1
0 5 255 1 1
0 6 255 1 1
0 5 254 1 1
0 4 254 1 1
0 3 252 1 1
0 2 252 1 1
0 9 250 1 1
0 4 253 1 1
0 1 251 1 1
0 2 251 1 1
0 3 251 1 1
0 4 251 1 1
0 5 251 1 1
0 6 251 1 1
0 7 251 1 1
0 1 251 1 1
0 1 255 1 1
0 4 255 1 1
0 3 253 1 1
0 5 254 1 1
0 2 250 1 1
0 8 252 1 1
0 5 251 1 1
0 6 250 1 1
0 1 251 1 1
0 6 253 1 1
0 2 254 1 1
0 4 252 1 1
0 1 250 1 1
0 2 251 1 1
0 1 254 1 1
0 6 252 1 1
0 6 255 1 1
0 5 254 1 1
0 2 255 1 1
0 5 251 1 1
0 9 253 1 1
0 3 252 1 1
0 4 250 1 1
0 4 253 1 1
0 7 254 1 1
0 6 254 1 1
0 5 254 1 1
0 4 254 1 1
0 3 254 1 1
0 2 254 1 1
0 1 254 1 1
0 1 255 1 1
0 2 256 1 1
0 3 258 1 1
0 5 260 1 1
0 6 260 1 1
0 5 259 1 1
0 4 259 1 1
0 3 257 1 1
0 2 257 1 1
0 9 255 1 1
0 4 258 1 1
0 1 256 1 1
0 2 256 1 1
0 3 256 1 1
0 4 256 1 1
0 5 256 1 1
0 6 256 1 1
0 7 256 1 1
0 1 256 1 1
0 1 260 1 1
0 4 260 1 1
0 3 258 1 1
0 5 259 1 1
0 2 255 1 1
0 8 257 1 1
0 5 256 1 1
0 6 255 1 1
0 1 256 1 1
0 6 258 1 1
0 2 259 1 1
0 4 257 1 1
0 1 255 1 1
0 2 256 1 1
0 1 259 1 1
0 6 257 1 1
0 6 260 1 1
0 5 259 1 1
0 2 260 1 1
0 5 256 1 1
0 9 258 1 1
0 3 257 1 1
0 4 255 1 1
0 4 258 1 1
0 7 259 1 1
0 6 259 1 1
0 5 259 1 1
0 4 259 1 1
0 3 259 1 1
0 2 259 1 1
0 1 259 1 1
0 1 260 1 1
0 2 261 1 1
0 3 263 1 1
0 5 265 1 1
0 6 265 1 1
0 5 264 1 1
0 4 264 1 1
0 3 262 1 1
0 2 262 1 1
0 9 260 1 1
0 4 263 1 1
0 1 261 1 1
0 2 261 1 1
0 3 261 1 1
0 4 261 1 1
0 5 261 1 1
0 6 261 1 1
0 7 261 1 1
0 1 261 1 1
0 1 265 1 1
0 4 265 1 1
0 3 263 1 1
0 5 264 1 1
0 2 260 1 1
0 8 262 1 1
0 5 261 1 1
0 6 260 1 1
0 1 261 1 1
0 6 263 1 1
0 2 264 1 1
0 4 262 1 1
0 1 260 1 1
0 2 261 1 1
0 1 264 1 1
0 6 262 1 1
0 6 265 1 1
0 5 264 1 1
0 2 265 1 1
0 5 261 1 1
0 9 263 1 1
0 3 262 1 1
0 4 260 1 1
0 4 263 1 1
0 7 264 1 1
0 6 264 1 1
0 5 264 1 1
0 4 264 1 1
0 3 264 1 1
0 2 264 1 1
0 1 264 1 1
0 1 265 1 1
0 2 266 1 1
0 3 268 1 1
0 5 270 1 1
0 6 270 1 1
0 5 269 1 1
0 4 269 1 1
0 3 267 1 1
0 2 267 1 1
0 9 265 1 1
0 4 268 1 1
0 1 266 1 1
0 2 266 1 1
0 3 266 1 1
0 4 266 1 1
0 5 266 1 1
0 6 266 1 1
0 7 266 1 1
0 1 266 1 1
0 1 270 1 1
0 4 270 1 1
0 3 268 1 1
0 5 269 1 1
0 2 265 1 1
0 8 267 1 1
0 5 266 1 1
0 6 265 1 1
0 1 266 1 1
0 6 268 1 1
0 2 269 1 1
0 4 267 1 1
0 1 265 1 1
0 2 266 1 1
0 1 269 1 1
0 6 267 1 1
0 6 270 1 1
0 5 269 1 1
0 2 270 1 1
0 5 266 1 1
0 9 268 1 1
0 3 267 1 1
0 4 265 1 1
0 4 268 1 1
0 7 269 1 1
0 6 269 1 1
0 5 269 1 1
0 4 269 1 1
0 3 269 1 1
0 2 269 1 1
0 1 269 1 1
0 1 270 1 1
0 2 271 1 1
0 3 273 1 1
0 5 275 1 1
0 6 275 1 1
0 5 274 1 1
0 4 274 1 1
0 3 272 1 1
0 2 272 1 1
0 9 270 1 1
0 4 273 1 1
0 1 271 1 1
0 2 271 1 1
0 3 271 1 1
0 4 271 1 1
0 5 271 1 1
0 6 271 1 1
0 7 271 1 1
0 1 271 1 1
0 1 275 1 1
0 4 275 1 1
0 3 273 1 1
0 5 274 1 1
0 2 270 1 1
0 8 272 1 1
0 5 271 1 1
0 6 270 1 1
0 1 271 1 1
0 6 273 1 1
0 2 274 1 1
0 4 272 1 1
0 1 270 1 1
0 2 271 1 1
0 1 274 1 1
0 6 272 1 1
0 6 275 1 1
0 5 274 1 1
0 2 275 1 1
0 5 271 1 1
0 9 273 1 1
0 3 272 1 1
0 4 270 1 1
0 4 273 1 1
0 7 274 1 1
0 6 274 1 1
0 5 274 1 1
0 4 274 1 1
0 3 274 1 1
0 2 274 1 1
0 1 274 1 1
0 1 275 1 1
0 2 276 1 1
0 3 278 1 1
0 5 280 1 1
0 6 280 1 1
0 5 279 1 1
0 4 279 1 1
0 3 277 1 1
0 2 277 1 1
0 9 275 1 1
0 4 278 1 1
0 1 276 1 1
0 2 276 1 1
0 3 276 1 1
0 4 276 1 1
0 5 276 1 1
0 6 276 1 1
0 7 276 1 1
0 1 276 1 1
0 1 280 1 1
0 4 280 1 1
0 3 278 1 1
0 5 279 1 1
0 2 275 1 1
0 8 277 1 1
0 5 276 1 1
0 6 275 1 1
0 1 276 1 1
0 6 278 1 1
0 2 279 1 1
0 4 277 1 1
0 1 275 1 1
0 2 276 1 1
0 1 279 1 1
0 6 277 1 1
0 6 280 1 1
0 5 279 1 1
0 2 280 1 1
0 5 276 1 1
0 9 278 1 1
0 3 277 1 1
0 4 275 1 1
0 4 278 1 1
0 7 279 1 1
0 6 279 1 1
0 5 279 1 1
0 4 279 1 1
0 3 279 1 1
0 2 279 1 1
0 1 279 1 1
0 1 280 1 1
0 2 281 1 1
0 3 283 1 1
0 5 285 1 1
0 6 285 1 1
0 5 284 1 1
0 4 284 1 1
0 3 282 1 1
0 2 282 1 1
0 9 280 1 1
0 4 283 1 1
0 1 281 1 1
0 2 281 1 1
0 3 281 1 1
0 4 281 1 1
0 5 281 1 1
0 6 281 1 1
0 7 281 1 1
0 1 281 1 1
0 1 285 1 1
0 4 285 1 1
0 3 283 1 1
0 5 284 1 1
0 2 280 1 1
0 8 282 1 1
0 5 281 1 1
0 6 280 1 1
0 1 281 1 1
0 6 283 1 1
0 2 284 1 1
0 4 282 1 1
0 1 280 1 1
0 2 281 1 1
0 1 284 1 1
0 6 282 1 1
0 6 285 1 1
0 5 284 1 1
0 2 285 1 1
0 5 281 1 1
0 9 283 1 1
0 3 282 1 1
0 4 280 1 1
0 4 283 1 1
0 7 284 1 1
0 6 284 1 1
0 5 284 1 1
0 4 284 1 1
0 3 284 1 1
0 2 284 1 1
0 1 284 1 1
0 1 285 1 1
0 2 286 1 1
0 3 288 1 1
0 5 290 1 1
0 6 290 1 1
0 5 289 1 1
0 4 289 1 1
0 3 287 1 1
0 2 287 1 1
0 9 285 1 1
0 4 288 1 1
0 1 286 1 1
0 2 286 1 1
0 3 286 1 1
0 4 286 1 1
0 5 286 1 1
0 6 286 1 1
0 7 286 1 1
0 1 286 1 1
0 1 290 1 1
0 4 290 1 1
0 3 288 1 1
0 5 289 1 1
0 2 285 1 1
0 8 287 1 1
0 5 286 1 1
0 6 285 1 1
0 1 286 1 1
0 6 288 1 1
0 2 289 1 1
0 4 287 1 1
0 1 285 1 1
0 2 286 1 1
0 1 289 1 1
0 6 287 1 1
0 6 290 1 1
0 5 289 1 1
0 2 290 1 1
0 5 286 1 1
0 9 288 1 1
0 3 287 1 1
0 4 285 1 1
0 4 288 1 1
0 7 289 1 1
0 6 289 1 1
0 5 289 1 1
0 4 289 1 1
0 3 289 1 1
0 2 289 1 1
0 1 289 1 1
0 1 290 1 1
0 2 291 1 1
0 3 293 1 1
0 5 295 1 1
0 6 295 1 1
0 5 294 1 1
0 4 294 1 1
0 3 292 1 1
0 2 292 1 1
0 9 290 1 1
0 4 293 1 1
0 1 291 1 1
0 2 291 1 1
0 3 291 1 1
0 4 291 1 1
0 5 291 1 1
0 6 291 1 1
0 7 291 1 1
0 1 291 1 1
0 1 295 1 1
0 4 295 1 1
0 3 293 1 1
0 5 294 1 1
0 2 290 1 1
0 8 292 1 1
0 5 291 1 1
0 6 290 1 1
0 1 291 1 1
0 6 293 1 1
0 2 294 1 1
0 4 292 1 1
0 1 290 1 1
0 2 291 1 1
0 1 294 1 1
0 6 292 1 1
0 6 295 1 1
0 5 294 1 1
0 2 295 1 1
0 5 291 1 1
0 9 293 1 1
0 3 292 1 1
0 4 290 1 1
0 4 293 1 1
0 7 294 1 1
0 6 294 1 1
0 5 294 1 1
0 4 294 1 1
0 3 294 1 1
0 2 294 1 1
0 1 294 1 1
0 1 295 1 1
0 2 296 1 1
0 3 298 1 1
0 5 300 1 1
0 6 300 1 1
0 5 299 1 1
0 4 299 1 1
0 3 297 1 1
0 2 297 1 1
0 9 295 1 1
0 4 298 1 1
0 1 296 1 1
0 2 296 1 1
0 3 296 1 1
0 4 296 1 1
0 5 296 1 1
0 6 296 1 1
0 7 296 1 1
0 1 296 1 1
0 1 300 1 1
0 4 300 1 1
0 3 298 1 1
0 5 299 1 1
0 2 295 1 1
0 8 297 1 1
0 5 296 1 1
0 6 295 1 1
0 1 296 1 1
0 6 298 1 1
0 2 299 1 1
0 4 297 1 1
0 1 295 1 1
0 2 296 1 1
0 1 299 1 1
0 6 297 1 1
0 6 300 1 1
0 5 299 1 1
0 2 300 1 1
0 5 296 1 1
0 9 298 1 1
0 3 297 1 1
0 4 295 1 1
0 4 298 1 1
0 7 299 1 1
0 6 299 1 1
0 5 299 1 1
0 4 299 1 1
0 3 299 1 1
0 2 299 1 1
0 1 299 1 1
0 1 300 1 1
0 2 301 1 1
0 3 303 1 1
0 5 305 1 1
0 6 305 1 1
0 5 304 1 1
0 4 304 1 1
0 3 302 1 1
0 2 302 1 1
0 9 300 1 1
0 4 303 1 1
0 1 301 1 1
0 2 301 1 1
0 3 301 1 1
0 4 301 1 1
0 5 301 1 1
0 6 301 1 1
0 7 301 1 1
0 1 301 1 1
0 1 305 1 1
0 4 305 1 1
0 3 303 1 1
0 5 304 1 1
0 2 300 1 1
0 8 302 1 1
0 5 301 1 1
0 6 300 1 1
0 1 301 1 1
0 6 303 1 1
0 2 304 1 1
0 4 302 1 1
0 1 300 1 1
0 2 301 1 1
0 1 304 1 1
0 6 302 1 1
0 6 305 1 1
0 5 304 1 1
0 2 305 1 1
0 5 301 1 1
0 9 303 1 1
0 3 302 1 1
0 4 300 1 1
0 4 303 1 1
0 7 304 1 1
0 6 304 1 1
0 5 304 1 1
0 4 304 1 1
0 3 304 1 1
0 2 304 1 1
0 1 304 1 1
0 1 305 1 1
0 2 306 1 1
0 3 308 1 1
0 5 310 1 1
0 6 310 1 1
0 5 309 1 1
0 4 309 1 1
0 3 307 1 1
0 2 307 1 1
0 9 305 1 1
0 4 308 1 1
0 1 306 1 1
0 2 306 1 1
0 3 306 1 1
0 4 306 1 1
0 5 306 1 1
0 6 306 1 1
0 7 306 1 1
0 1 306 1 1
0 1 310 1 1
0 4 310 1 1
0 3 308 1 1
0 5 309 1 1
0 2 305 1 1
0 8 307 1 1
0 5 306 1 1
0 6 305 1 1
0 1 306 1 1
0 6 308 1 1
0 2 309 1 1
0 4 307 1 1
0 1 305 1 1
0 2 306 1 1
0 1 309 1 1
0 6 307 1 1
0 6 310 1 1
0 5 309 1 1
0 2 310 1 1
0 5 306 1 1
0 9 308 1 1
0 3 307 1 1
0 4 305 1 1
0 4 308 1 1
0 7 309 1 1
0 6 309 1 1
0 5 309 1 1
0 4 309 1 1
0 3 309 1 1
0 2 309 1 1
0 1 309 1 1
0 1 310 1 1
0 2 311 1 1
0 3 313 1 1
0 5 315 1 1
0 6 315 1 1
0 5 314 1 1
0 4 314 1 1
0 3 312 1 1
0 2 312 1 1
0 9 310 1 1
0 4 313 1 1
0 1 311 1 1
0 2 311 1 1
0 3 311 1 1
0 4 311 1 1
0 5 311 1 1
0 6 311 1 1
0 7 311 1 1
0 1 311 1 1
0 1 315 1 1
0 4 315 1 1
0 3 313 1 1
0 5 314 1 1
0 2 310 1 1
0 8 312 1 1
0 5 311 1 1
0 6 310 1 1
0 1 311 1 1
0 6 313 1 1
0 2 314 1 1
0 4 312 1 1
0 1 310 1 1
0 2 311 1 1
0 1 314 1 1
0 6 312 1 1
0 6 315 1 1
0 5 314 1 1
0 2 315 1 1
0 5 311 1 1
0 9 313 1 1
0 3 312 1 1
0 4 310 1 1
0 4 313 1 1
0 7 314 1 1
0 6 314 1 1
0 5 314 1 1
0 4 314 1 1
0 3 314 1 1
0 2 314 1 1
0 1 314 1 1
0 1 315 1 1
0 2 316 1 1
0 3 318 1 1
0 5 320 1 1
0 6 320 1 1
0 5 319 1 1
0 4 319 1 1
0 3 317 1 1
0 2 317 1 1
0 9 315 1 1
0 4 318 1 1
0 1 316 1 1
0 2 316 1 1
0 3 316 1 1
0 4 316 1 1
0 5 316 1 1
0 6 316 1 1
0 7 316 1 1
0 1 316 1 1
0 1 320 1 1
0 4 320 1 1
0 3 318 1 1
0 5 319 1 1
0 2 315 1 1
0 8 317 1 1
0 5 316 1 1
0 6 315 1 1
0 1 316 1 1
0 6 318 1 1
0 2 319 1 1
0 4 317 1 1
0 1 315 1 1
0 2 316 1 1
0 1 319 1 1
0 6 317 1 1
0 6 320 1 1
0 5 319 1 1
0 2 320 1 1
0 5 316 1 1
0 9 318 1 1
0 3 317 1 1
0 4 315 1 1
0 4 318 1 1
0 7 319 1 1
0 6 319 1 1
0 5 319 1 1
0 4 319 1 1
0 3 319 1 1
0 2 319 1 1
0 1 319 1 1
0 1 320 1 1
0 2 321 1 1
0 3 323 1 1
0 5 325 1 1
0 6 325 1 1
0 5 324 1 1
0 4 324 1 1
0 3 322 1 1
0 2 322 1 1
0 9 320 1 1
0 4 323 1 1
0 1 321 1 1
0 2 321 1 1
0 3 321 1 1
0 4 321 1 1
0 5 321 1 1
0 6 321 1 1
0 7 321 1 1
0 1 321 1 1
0 1 325 1 1
0 4 325 1 1
0 3 323 1 1
0 5 324 1 1
0 2 320 1 1
0 8 322 1 1
0 5 321 1 1
0 6 320 1 1
0 1 321 1 1
0 6 323 1 1
0 2 324 1 1
0 4 322 1 1
0 1 320 1 1
0 2 321 1 1
0 1 324 1 1
0 6 322 1 1
0 6 325 1 1
0 5 324 1 1
0 2 325 1 1
0 5 321 1 1
0 9 323 1 1
0 3 322 1 1
0 4 320 1 1
0 4 323 1 1
0 7 324 1 1
0 6 324 1 1
0 5 324 1 1
0 4 324 1 1
0 3 324 1 1
0 2 324 1 1
0 1 324 1 1
0 1 325 1 1
0 2 326 1 1
0 3 328 1 1
0 5 330 1 1
0 6 330 1 1
0 5 329 1 1
0 4 329 1 1
0 3 327 1 1
0 2 327 1 1
0 9 325 1 1
0 4 328 1 1
0 1 326 1 1
0 2 326 1 1
0 3 326 1 1
0 4 326 1 1
0 5 326 1 1
0 6 326 1 1
0 7 326 1 1
0 1 326 1 1
0 1 330 1 1
0 4 330 1 1
0 3 328 1 1
0 5 329 1 1
0 2 325 1 1
0 8 327 1 1
0 5 326 1 1
0 6 325 1 1
0 1 326 1 1
0 6 328 1 1
0 2 329 1 1
0 4 327 1 1
0 1 325 1 1
0 2 326 1 1
0 1 329 1 1
0 6 327 1 1
0 6 330 1 1
0 5 329 1 1
0 2 330 1 1
0 5 326 1 1
0 9 328 1 1
0 3 327 1 1
0 4 325 1 1
0 4 328 1 1
0 7 329 1 1
0 6 329 1 1
0 5 329 1 1
0 4 329 1 1
0 3 329 1 1
0 2 329 1 1
0 1 329 1 1
0 1 330 1 1
0 2 331 1 1
0 3 333 1 1
0 5 335 1 1
0 6 335 1 1
0 5 334 1 1
0 4 334 1 1
0 3 332 1 1
0 2 332 1 1
0 9 330 1 1
0 4 333 1 1
0 1 331 1 1
0 2 331 1 1
0 3 331 1 1
0 4 331 1 1
0 5 331 1 1
0 6 331 1 1
0 7 331 1 1
0 1 331 1 1
0 1 335 1 1
0 4 335 1 1
0 3 333 1 1
0 5 334 1 1
0 2 330 1 1
0 8 332 1 1
0 5 331 1 1
0 6 330 1 1
0 1 331 1 1
0 6 333 1 1
0 2 334 1 1
0 4 332 1 1
0 1 330 1 1
0 2 331 1 1
0 1 334 1 1
0 6 332 1 1
0 6 335 1 1
0 5 334 1 1
0 2 335 1 1
0 5 331 1 1
0 9 333 1 1
0 3 332 1 1
0 4 330 1 1
0 4 333 1 1
0 7 334 1 1
0 6 334 1 1
0 5 334 1 1
0 4 334 1 1
0 3 334 1 1
0 2 334 1 1
0 1 334 1 1
0 1 335 1 1
0 2 336 1 1
0 3 338 1 1
0 5 340 1 1
0 6 340 1 1
0 5 339 1 1
0 4 339 1 1
0 3 337 1 1
0 2 337 1 1
0 9 335 1 1
0 4 338 1 1
0 1 336 1 1
0 2 336 1 1
0 3 336 1 1
0 4 336 1 1
0 5 336 1 1
0 6 336 1 1
0 7 336 1 1
0 1 336 1 1
0 1 340 1 1
0 4 340 1 1
0 3 338 1 1
0 5 339 1 1
0 2 335 1 1
0 8 337 1 1
0 5 336 1 1
0 6 335 1 1
0 1 336 1 1
0 6 338 1 1
0 2 339 1 1
0 4 337 1 1
0 1 335 1 1
0 2 336 1 1
0 1 339 1 1
0 6 337 1 1
0 6 340 1 1
0 5 339 1 1
0 2 340 1 1
0 5 336 1 1
0 9 338 1 1
0 3 337 1 1
0 4 335 1 1
0 4 338 1 1
0 7 339 1 1
0 6 339 1 1
0 5 339 1 1
0 4 339 1 1
0 3 339 1 1
0 2 339 1 1
0 1 339 1 1
0 1 340 1 1
0 2 341 1 1
0 3 343 1 1
0 5 345 1 1
0 6 345 1 1
0 5 344 1 1
0 4 344 1 1
0 3 342 1 1
0 2 342 1 1
0 9 340 1 1
0 4 343 1 1
0 1 341 1 1
0 2 341 1 1
0 3 341 1 1
0 4 341 1 1
0 5 341 1 1
0 6 341 1 1
0 7 341 1 1
0 1 341 1 1
0 1 345 1 1
0 4 345 1 1
0 3 343 1 1
0 5 344 1 1
0 2 340 1 1
0 8 342 1 1
0 5 341 1 1
0 6 340 1 1
0 1 341 1 1
0 6 343 1 1
0 2 344 1 1
0 4 342 1 1
0 1 340 1 1
0 2 341 1 1
0 1 344 1 1
0 6 342 1 1
0 6 345 1 1
0 5 344 1 1
0 2 345 1 1
0 5 341 1 1
0 9 343 1 1
0 3 342 1 1
0 4 340 1 1
0 4 343 1 1
0 7 344 1 1
0 6 344 1 1
0 5 344 1 1
0 4 344 1 1
0 3 344 1 1
0 2 344 1 1
0 1 344 1 1
0 1 345 1 1
0 2 346 1 1
0 3 348 1 1
0 5 350 1 1
0 6 350 1 1
0 5 349 1 1
0 4 349 1 1
0 3 347 1 1
0 2 347 1 1
0 9 345 1 1
0 4 348 1 1
0 1 346 1 1
0 2 346 1 1
0 3 346 1 1
0 4 346 1 1
0 5 346 1 1
0 6 346 1 1
0 7 346 1 1
0 1 346 1 1
0 1 350 1 1
0 4 350 1 1
0 3 348 1 1
0 5 349 1 1
0 2 345 1 1
0 8 347 1 1
0 5 346 1 1
0 6 345 1 1
0 1 346 1 1
0 6 348 1 1
0 2 349 1 1
0 4 347 1 1
0 1 345 1 1
0 2 346 1 1
0 1 349 1 1
0 6 347 1 1
0 6 350 1 1
0 5 349 1 1
0 2 350 1 1
0 5 346 1 1
0 9 348 1 1
0 3 347 1 1
0 4 345 1 1
0 4 348 1 1
0 7 349 1 1
0 6 349 1 1
0 5 349 1 1
0 4 349 1 1
0 3 349 1 1
0 2 349 1 1
0 1 349 1 1
0 1 350 1 1
0 2 351 1 1
0 3 353 1 1
0 5 355 1 1
0 6 355 1 1
0 5 354 1 1
0 4 354 1 1
0 3 352 1 1
0 2 352 1 1
0 9 350 1 1
0 4 353 1 1
0 1 351 1 1
0 2 351 1 1
0 3 351 1 1
0 4 351 1 1
0 5 351 1 1
0 6 351 1 1
0 7 351 1 1
0 1 351 1 1
0 1 355 1 1
0 4 355 1 1
0 3 353 1 1
0 5 354 1 1
0 2 350 1 1
0 8 352 1 1
0 5 351 1 1
0 6 350 1 1
0 1 351 1 1
0 6 353 1 1
0 2 354 1 1
0 4 352 1 1
0 1 350 1 1
0 2 351 1 1
0 1 354 1 1
0 6 352 1 1
0 6 355 1 1
0 5 354 1 1
0 2 355 1 1
0 5 351 1 1
0 9 353 1 1
0 3 352 1 1
0 4 350 1 1
0 4 353 1 1
0 7 354 1 1
0 6 354 1 1
0 5 354 1 1
0 4 354 1 1
0 3 354 1 1
0 2 354 1 1
0 1 354 1 1
0 1 355 1 1
0 2 356 1 1
0 3 358 1 1
0 5 360 1 1
0 6 360 1 1
0 5 359 1 1
0 4 359 1 1
0 3 357 1 1
0 2 357 1 1
0 9 355 1 1
0 4 358 1 1
0 1 356 1 1
0 2 356 1 1
0 3 356 1 1
0 4 356 1 1
0 5 356 1 1
0 6 356 1 1
0 7 356 1 1
0 1 356 1 1
0 1 360 1 1
0 4 360 1 1
0 3 358 1 1
0 5 359 1 1
0 2 355 1 1
0 8 357 1 1
0 5 356 1 1
0 6 355 1 1
0 1 356 1 1
0 6 358 1 1
0 2 359 1 1
0 4 357 1 1
0 1 355 1 1
0 2 356 1 1
0 1 359 1 1
0 6 357 1 1
0 6 360 1 1
0 5 359 1 1
0 2 360 1 1
0 5 356 1 1
0 9 358 1 1
0 3 357 1 1
0 4 355 1 1
0 4 358 1 1
0 7 359 1 1
0 6 359 1 1
0 5 359 1 1
0 4 359 1 1
0 3 359 1 1
0 2 359 1 1
0 1 359 1 1
0 1 360 1 1
0 2 361 1 1
0 3 363 1 1
0 5 365 1 1
0 6 365 1 1
0 5 364 1 1
0 4 364 1 1
0 3 362 1 1
0 2 362 1 1
0 9 360 1 1
0 4 363 1 1
0 1 361 1 1
0 2 361 1 1
0 3 361 1 1
0 4 361 1 1
0 5 361 1 1
0 6 361 1 1
0 7 361 1 1
0 1 361 1 1
0 1 365 1 1
0 4 365 1 1
0 3 363 1 1
0 5 364 1 1
0 2 360 1 1
0 8 362 1 1
0 5 361 1 1
0 6 360 1 1
0 1 361 1 1
0 6 363 1 1
0 2 364 1 1
0 4 362 1 1
0 1 360 1 1
0 2 361 1 1
0 1 364 1 1
0 6 362 1 1
0 6 365 1 1
0 5 364 1 1
0 2 365 1 1
0 5 361 1 1
0 9 363 1 1
0 3 362 1 1
0 4 360 1 1
0 4 363 1 1
0 7 364 1 1
0 6 364 1 1
0 5 364 1 1
0 4 364 1 1
0 3 364 1 1
0 2 364 1 1
0 1 364 1 1
0 1 365 1 1
0 2 366 1 1
0 3 368 1 1
0 5 370 1 1
0 6 370 1 1
0 5 369 1 1
0 4 369 1 1
0 3 367 1 1
0 2 367 1 1
0 9 365 1 1
0 4 368 1 1
0 1 366 1 1
0 2 366 1 1
0 3 366 1 1
0 4 366 1 1
0 5 366 1 1
0 6 366 1 1
0 7 366 1 1
0 1 366 1 1
0 1 370 1 1
0 4 370 1 1
0 3 368 1 1
0 5 369 1 1
0 2 365 1 1
0 8 367 1 1
0 5 366 1 1
0 6 365 1 1
0 1 366 1 1
0 6 368 1 1
0 2 369 1 1
0 4 367 1 1
0 1 365 1 1
0 2 366 1 1
0 1 369 1 1
0 6 367 1 1
0 6 370 1 1
0 5 369 1 1
0 2 370 1 1
0 5 366 1 1
0 9 368 1 1
0 3 367 1 1
0 4 365 1 1
0 4 368 1 1
0 7 369 1 1
0 6 369 1 1
0 5 369 1 1
0 4 369 1 1
0 3 369 1 1
0 2 369 1 1
0 1 369 1 1
0 1 370 1 1
0 2 371 1 1
0 3 373 1 1
0 5 375 1 1
0 6 375 1 1
0 5 374 1 1
0 4 374 1 1
0 3 372 1 1
0 2 372 1 1
0 9 370 1 1
0 4 373 1 1
0 1 371 1 1
0 2 371 1 1
0 3 371 1 1
0 4 371 1 1
0 5 371 1 1
0 6 371 1 1
0 7 371 1 1
0 1 371 1 1
0 1 375 1 1
0 4 375 1 1
0 3 373 1 1
0 5 374 1 1
0 2 370 1 1
0 8 372 1 1
0 5 371 1 1
0 6 370 1 1
0 1 371 1 1
0 6 373 1 1
0 2 374 1 1
0 4 372 1 1
0 1 370 1 1
0 2 371 1 1
0 1 374 1 1
0 6 372 1 1
0 6 375 1 1
0 5 374 1 1
0 2 375 1 1
0 5 371 1 1
0 9 373 1 1
0 3 372 1 1
0 4 370 1 1
0 4 373 1 1
0 7 374 1 1
0 6 374 1 1
0 5 374 1 1
0 4 374 1 1
0 3 374 1 1
0 2 374 1 1
0 1 374 1 1
0 1 375 1 1
0 2 376 1 1
0 3 378 1 1
0 5 380 1 1
0 6 380 1 1
0 5 379 1 1
0 4 379 1 1
0 3 377 1 1
0 2 377 1 1
0 9 375 1 1
0 4 378 1 1
0 1 376 1 1
0 2 376 1 1
0 3 376 1 1
0 4 376 1 1
0 5 376 1 1
0 6 376 1 1
0 7 376 1 1
0 1 376 1 1
0 1 380 1 1
0 4 380 1 1
0 3 378 1 1
0 5 379 1 1
0 2 375 1 1
0 8 377 1 1
0 5 376 1 1
0 6 375 1 1
0 1 376 1 1
0 6 378 1 1
0 2 379 1 1
0 4 377 1 1
0 1 375 1 1
0 2 376 1 1
0 1 379 1 1
0 6 377 1 1
0 6 380 1 1
0 5 379 1 1
0 2 380 1 1
0 5 376 1 1
0 9 378 1 1
0 3 377 1 1
0 4 375 1 1
0 4 378 1 1
0 7 379 1 1
0 6 379 1 1
0 5 379 1 1
0 4 379 1 1
0 3 379 1 1
0 2 379 1 1
0 1 379 1 1
0 1 380 1 1
0 2 381 1 1
0 3 383 1 1
0 5 385 1 1
0 6 385 1 1
0 5 384 1 1
0 4 384 1 1
0 3 382 1 1
0 2 382 1 1
0 9 380 1 1
0 4 383 1 1
0 1 381 1 1
0 2 381 1 1
0 3 381 1 1
0 4 381 1 1
0 5 381 1 1
0 6 381 1 1
0 7 381 1 1
0 1 381 1 1
0 1 385 1 1
0 4 385 1 1
0 3 383 1 1
0 5 384 1 1
0 2 380 1 1
0 8 382 1 1
0 5 381 1 1
0 6 380 1 1
0 1 381 1 1
0 6 383 1 1
0 2 384 1 1
0 4 382 1 1
0 1 380 1 1
0 2 381 1 1
0 1 384 1 1
0 6 382 1 1
0 6 385 1 1
0 5 384 1 1
0 2 385 1 1
0 5 381 1 1
0 9 383 1 1
0 3 382 1 1
0 4 380 1 1
0 4 383 1 1
0 7 384 1 1
0 6 384 1 1
0 5 384 1 1
0 4 384 1 1
0 3 384 1 1
0 2 384 1 1
0 1 384 1 1
0 1 385 1 1
0 2 386 1 1
0 3 388 1 1
0 5 390 1 1
0 6 390 1 1
0 5 389 1 1
0 4 389 1 1
0 3 387 1 1
0 2 387 1 1
0 9 385 1 1
0 4 388 1 1
0 1 386 1 1
0 2 386 1 1
0 3 386 1 1
0 4 386 1 1
0 5 386 1 1
0 6 386 1 1
0 7 386 1 1
0 1 386 1 1
0 1 390 1 1
0 4 390 1 1
0 3 388 1 1
0 5 389 1 1
0 2 385 1 1
0 8 387 1 1
0 5 386 1 1
0 6 385 1 1
0 1 386 1 1
0 6 388 1 1
0 2 389 1 1
0 4 387 1 1
0 1 385 1 1
0 2 386 1 1
0 1 389 1 1
0 6 387 1 1
0 6 390 1 1
0 5 389 1 1
0 2 390 1 1
0 5 386 1 1
0 9 388 1 1
0 3 387 1 1
0 4 385 1 1
0 4 388 1 1
0 7 389 1 1
0 6 389 1 1
0 5 389 1 1
0 4 389 1 1
0 3 389 1 1
0 2 389 1 1
0 1 389 1 1
0 1 390 1 1
0 2 391 1 1
0 3 393 1 1
0 5 395 1 1
0 6 395 1 1
0 5 394 1 1
0 4 394 1 1
0 3 392 1 1
0 2 392 1 1
0 9 390 1 1
0 4 393 1 1
0 1 391 1 1
0 2 391 1 1
0 3 391 1 1
0 4 391 1 1
0 5 391 1 1
0 6 391 1 1
0 7 391 1 1
0 1 391 1 1
0 1 395 1 1
0 4 395 1 1
0 3 393 1 1
0 5 394 1 1
0 2 390 1 1
0 8 392 1 1
0 5 391 1 1
0 6 390 1 1
0 1 391 1 1
0 6 393 1 1
0 2 394 1 1
0 4 392 1 1
0 1 390 1 1
0 2 391 1 1
0 1 394 1 1
0 6 392 1 1
0 6 395 1 1
0 5 394 1 1
0 2 395 1 1
0 5 391 1 1
0 9 393 1 1
0 3 392 1 1
0 4 390 1 1
0 4 393 1 1
0 7 394 1 1
0 6 394 1 1
0 5 394 1 1
0 4 394 1 1
0 3 394 1 1
0 2 394 1 1
0 1 394 1 1
0 1 395 1 1
0 2 396 1 1
0 3 398 1 1
0 5 400 1 1
0 6 400 1 1
0 5 399 1 1
0 4 399 1 1
0 3 397 1 1
0 2 397 1 1
0 9 395 1 1
0 4 398 1 1
0 1 396 1 1
0 2 396 1 1
0 3 396 1 1
0 4 396 1 1
0 5 396 1 1
0 6 396 1 1
0 7 396 1 1
0 1 396 1 1
0 1 400 1 1
0 4 400 1 1
0 3 398 1 1
0 5 399 1 1
0 2 395 1 1
0 8 397 1 1
0 5 396 1 1
0 6 395 1 1
0 1 396 1 1
0 6 398 1 1
0 2 399 1 1
0 4 397 1 1
0 1 395 1 1
0 2 396 1 1
0 1 399 1 1
0 6 397 1 1
0 6 400 1 1
0 5 399 1 1
0 2 400 1 1
0 5 396 1 1
0 9 398 1 1
0 3 397 1 1
0 4 395 1 1
0 4 398 1 1
0 7 399 1 1
0 6 399 1 1
0 5 399 1 1
0 4 399 1 1
0 3 399 1 1
0 2 399 1 1
0 1 399 1 1
0 1 400 1 1
0 2 401 1 1
0 3 403 1 1
0 5 405 1 1
0 6 405 1 1
0 5 404 1 1
0 4 404 1 1
0 3 402 1 1
0 2 402 1 1
0 9 400 1 1
0 4 403 1 1
0 1 401 1 1
0 2 401 1 1
0 3 401 1 1
0 4 401 1 1
0 5 401 1 1
0 6 401 1 1
0 7 401 1 1
0 1 401 1 1
0 1 405 1 1
0 4 405 1 1
0 3 403 1 1
0 5 404 1 1
0 2 400 1 1
0 8 402 1 1
0 5 401 1 1
0 6 400 1 1
0 1 401 1 1
0 6 403 1 1
0 2 404 1 1
0 4 402 1 1
0 1 400 1 1
0 2 401 1 1
0 1 404 1 1
0 6 402 1 1
0 6 405 1 1
0 5 404 1 1
0 2 405 1 1
0 5 401 1 1
0 9 403 1 1
0 3 402 1 1
0 4 400 1 1
0 4 403 1 1
0 7 404 1 1
0 6 404 1 1
0 5 404 1 1
0 4 404 1 1
0 3 404 1 1
0 2 404 1 1
0 1 404 1 1
0 1 405 1 1
0 2 406 1 1
0 3 408 1 1
0 5 410 1 1
0 6 410 1 1
0 5 409 1 1
0 4 409 1 1
0 3 407 1 1
0 2 407 1 1
0 9 405 1 1
0 4 408 1 1
0 1 406 1 1
0 2 406 1 1
0 3 406 1 1
0 4 406 1 1
0 5 406 1 1
0 6 406 1 1
0 7 406 1 1
0 1 406 1 1
0 1 410 1 1
0 4 410 1 1
0 3 408 1 1
0 5 409 1 1
0 2 405 1 1
0 8 407 1 1
0 5 406 1 1
0 6 405 1 1
0 1 406 1 1
0 6 408 1 1
0 2 409 1 1
0 4 407 1 1
0 1 405 1 1
0 2 406 1 1
0 1 409 1 1
0 6 407 1 1
0 6 410 1 1
0 5 409 1 1
0 2 410 1 1
0 5 406 1 1
0 9 408 1 1
0 3 407 1 1
0 4 405 1 1
0 4 408 1 1
0 7 409 1 1
0 6 409 1 1
0 5 409 1 1
0 4 409 1 1
0 3 409 1 1
0 2 409 1 1
0 1 409 1 1
0 1 410 1 1
0 2 411 1 1
0 3 413 1 1
0 5 415 1 1
0 6 415 1 1
0 5 414 1 1
0 4 414 1 1
0 3 412 1 1
0 2 412 1 1
0 9 410 1 1
0 4 413 1 1
0 1 411 1 1
0 2 411 1 1
0 3 411 1 1
0 4 411 1 1
0 5 411 1 1
0 6 411 1 1
0 7 411 1 1
0 1 411 1 1
0 1 415 1 1
0 4 415 1 1
0 3 413 1 1
0 5 414 1 1
0 2 410 1 1
0 8 412 1 1
0 5 411 1 1
0 6 410 1 1
0 1 411 1 1
0 6 413 1 1
0 2 414 1 1
0 4 412 1 1
0 1 410 1 1
0 2 411 1 1
0 1 414 1 1
0 6 412 1 1
0 6 415 1 1
0 5 414 1 1
0 2 415 1 1
0 5 411 1 1
0 9 413 1 1
0 3 412 1 1
0 4 410 1 1
0 4 413 1 1
0 7 414 1 1
0 6 414 1 1
0 5 414 1 1
0 4 414 1 1
0 3 414 1 1
0 2 414 1 1
0 1 414 1 1
0 1 415 1 1
0 2 416 1 1
0 3 418 1 1
0 5 420 1 1
0 6 420 1 1
0 5 419 1 1
0 4 419 1 1
0 3 417 1 1
0 2 417 1 1
0 9 415 1 1
0 4 418 1 1
0 1 416 1 1
0 2 416 1 1
0 3 416 1 1
0 4 416 1 1
0 5 416 1 1
0 6 416 1 1
0 7 416 1 1
0 1 416 1 1
0 1 420 1 1
0 4 420 1 1
0 3 418 1 1
0 5 419 1 1
0 2 415 1 1
0 8 417 1 1
0 5 416 1 1
0 6 415 1 1
0 1 416 1 1
0 6 418 1 1
0 2 419 1 1
0 4 417 1 1
0 1 415 1 1
0 2 416 1 1
0 1 419 1 1
0 6 417 1 1
0 6 420 1 1
0 5 419 1 1
0 2 420 1 1
0 5 416 1 1
0 9 418 1 1
0 3 417 1 1
0 4 415 1 1
0 4 418 1 1
0 7 419 1 1
0 6 419 1 1
0 5 419 1 1
0 4 419 1 1
0 3 419 1 1
0 2 419 1 1
0 1 419 1 1
0 1 420 1 1
0 2 421 1 1
0 3 423 1 1
0 5 425 1 1
0 6 425 1 1
0 5 424 1 1
0 4 424 1 1
0 3 422 1 1
0 2 422 1 1
0 9 420 1 1
0 4 423 1 1
0 1 421 1 1
0 2 421 1 1
0 3 421 1 1
0 4 421 1 1
0 5 421 1 1
0 6 421 1 1
0 7 421 1 1
0 1 421 1 1
0 1 425 1 1
0 4 425 1 1
0 3 423 1 1
0 5 424 1 1
0 2 420 1 1
0 8 422 1 1
0 5 421 1 1
0 6 420 1 1
0 1 421 1 1
0 6 423 1 1
0 2 424 1 1
0 4 422 1 1
0 1 420 1 1
0 2 421 1 1
0 1 424 1 1
0 6 422 1 1
0 6 425 1 1
0 5 424 1 1
0 2 425 1 1
0 5 421 1 1
0 9 423 1 1
0 3 422 1 1
0 4 420 1 1
0 4 423 1 1
0 7 424 1 1
0 6 424 1 1
0 5 424 1 1
0 4 424 1 1
0 3 424 1 1
0 2 424 1 1
0 1 424 1 1
0 1 425 1 1
0 2 426 1 1
0 3 428 1 1
0 5 430 1 1
0 6 430 1 1
0 5 429 1 1
0 4 429 1 1
0 3 427 1 1
0 2 427 1 1
0 9 425 1 1
0 4 428 1 1
0 1 426 1 1
0 2 426 1 1
0 3 426 1 1
0 4 426 1 1
0 5 426 1 1
0 6 426 1 1
0 7 426 1 1
0 1 426 1 1
0 1 430 1 1
0 4 430 1 1
0 3 428 1 1
0 5 429 1 1
0 2 425 1 1
0 8 427 1 1
0 5 426 1 1
0 6 425 1 1
0 1 426 1 1
0 6 428 1 1
0 2 429 1 1
0 4 427 1 1
0 1 425 1 1
0 2 426 1 1
0 1 429 1 1
0 6 427 1 1
0 6 430 1 1
0 5 429 1 1
0 2 430 1 1
0 5 426 1 1
0 9 428 1 1
0 3 427 1 1
0 4 425 1 1
0 4 428 1 1
0 7 429 1 1
0 6 429 1 1
0 5 429 1 1
0 4 429 1 1
0 3 429 1 1
0 2 429 1 1
0 1 429 1 1
0 1 430 1 1
0 2 431 1 1
0 3 433 1 1
0 5 435 1 1
0 6 435 1 1
0 5 434 1 1
0 4 434 1 1
0 3 432 1 1
0 2 432 1 1
0 9 430 1 1
0 4 433 1 1
0 1 431 1 1
0 2 431 1 1
0 3 431 1 1
0 4 431 1 1
0 5 431 1 1
0 6 431 1 1
0 7 431 1 1
0 1 431 1 1
0 1 435 1 1
0 4 435 1 1
0 3 433 1 1
0 5 434 1 1
0 2 430 1 1
0 8 432 1 1
0 5 431 1 1
0 6 430 1 1
0 1 431 1 1
0 6 433 1 1
0 2 434 1 1
0 4 432 1 1
0 1 430 1 1
0 2 431 1 1
0 1 434 1 1
0 6 432 1 1
0 6 435 1 1
0 5 434 1 1
0 2 435 1 1
0 5 431 1 1
0 9 433 1 1
0 3 432 1 1
0 4 430 1 1
0 4 433 1 1
0 7 434 1 1
0 6 434 1 1
0 5 434 1 1
0 4 434 1 1
0 3 434 1 1
0 2 434 1 1
0 1 434 1 1
0 1 435 1 1
0 2 436 1 1
0 3 438 1 1
0 5 440 1 1
0 6 440 1 1
0 5 439 1 1
0 4 439 1 1
0 3 437 1 1
0 2 437 1 1
0 9 435 1 1
0 4 438 1 1
0 1 436 1 1
0 2 436 1 1
0 3 436 1 1
0 4 436 1 1
0 5 436 1 1
0 6 436 1 1
0 7 436 1 1
0 1 436 1 1
0 1 440 1 1
0 4 440 1 1
0 3 438 1 1
0 5 439 1 1
0 2 435 1 1
0 8 437 1 1
0 5 436 1 1
0 6 435 1 1
0 1 436 1 1
0 6 438 1 1
0 2 439 1 1
0 4 437 1 1
0 1 435 1 1
0 2 436 1 1
0 1 439 1 1
0 6 437 1 1
0 6 440 1 1
0 5 439 1 1
0 2 440 1 1
0 5 436 1 1
0 9 438 1 1
0 3 437 1 1
0 4 435 1 1
0 4 438 1 1
0 7 439 1 1
0 6 439 1 1
0 5 439 1 1
0 4 439 1 1
0 3 439 1 1
0 2 439 1 1
0 1 439 1 1
0 1 440 1 1
0 2 441 1 1
0 3 443 1 1
0 5 445 1 1
0 6 445 1 1
0 5 444 1 1
0 4 444 1 1
0 3 442 1 1
0 2 442 1 1
0 9 440 1 1
0 4 443 1 1
0 1 441 1 1
0 2 441 1 1
0 3 441 1 1
0 4 441 1 1
0 5 441 1 1
0 6 441 1 1
0 7 441 1 1
0 1 441 1 1
0 1 445 1 1
0 4 445 1 1
0 3 443 1 1
0 5 444 1 1
0 2 440 1 1
0 8 442 1 1
0 5 441 1 1
0 6 440 1 1
0 1 441 1 1
0 6 443 1 1
0 2 444 1 1
0 4 442 1 1
0 1 440 1 1
0 2 441 1 1
0 1 444 1 1
0 6 442 1 1
0 6 445 1 1
0 5 444 1 1
0 2 445 1 1
0 5 441 1 1
0 9 443 1 1
0 3 442 1 1
0 4 440 1 1
0 4 443 1 1
0 7 444 1 1
0 6 444 1 1
0 5 444 1 1
0 4 444 1 1
0 3 444 1 1
0 2 444 1 1
0 1 444 1 1
0 1 445 1 1
0 2 446 1 1
0 3 448 1 1
0 5 450 1 1
0 6 450 1 1
0 5 449 1 1
0 4 449 1 1
0 3 447 1 1
0 2 447 1 1
0 9 445 1 1
0 4 448 1 1
0 1 446 1 1
0 2 446 1 1
0 3 446 1 1
0 4 446 1 1
0 5 446 1 1
0 6 446 1 1
0 7 446 1 1
0 1 446 1 1
0 1 450 1 1
0 4 450 1 1
0 3 448 1 1
0 5 449 1 1
0 2 445 1 1
0 8 447 1 1
0 5 446 1 1
0 6 445 1 1
0 1 446 1 1
0 6 448 1 1
0 2 449 1 1
0 4 447 1 1
0 1 445 1 1
0 2 446 1 1
0 1 449 1 1
0 6 447 1 1
0 6 450 1 1
0 5 449 1 1
0 2 450 1 1
0 5 446 1 1
0 9 448 1 1
0 3 447 1 1
0 4 445 1 1
0 4 448 1 1
0 7 449 1 1
0 6 449 1 1
0 5 449 1 1
0 4 449 1 1
0 3 449 1 1
0 2 449 1 1
0 1 449 1 1
0 1 450 1 1
0 2 451 1 1
0 3 453 1 1
0 5 455 1 1
0 6 455 1 1
0 5 454 1 1
0 4 454 1 1
0 3 452 1 1
0 2 452 1 1
0 9 450 1 1
0 4 453 1 1
0 1 451 1 1
0 2 451 1 1
0 3 451 1 1
0 4 451 1 1
0 5 451 1 1
0 6 451 1 1
0 7 451 1 1
0 1 451 1 1
0 1 455 1 1
0 4 455 1 1
0 3 453 1 1
0 5 454 1 1
0 2 450 1 1
0 8 452 1 1
0 5 451 1 1
0 6 450 1 1
0 1 451 1 1
0 6 453 1 1
0 2 454 1 1
0 4 452 1 1
0 1 450 1 1
0 2 451 1 1
0 1 454 1 1
0 6 452 1 1
0 6 455 1 1
0 5 454 1 1
0 2 455 1 1
0 5 451 1 1
0 9 453 1 1
0 3 452 1 1
0 4 450 1 1
0 4 453 1 1
0 7 454 1 1
0 6 454 1 1
0 5 454 1 1
0 4 454 1 1
0 3 454 1 1
0 2 454 1 1
0 1 454 1 1
0 1 455 1 1
0 2 456 1 1
0 3 458 1 1
0 5 460 1 1
0 6 460 1 1
0 5 459 1 1
0 4 459 1 1
0 3 457 1 1
0 2 457 1 1
0 9 455 1 1
0 4 458 1 1
0 1 456 1 1
0 2 456 1 1
0 3 456 1 1
0 4 456 1 1
0 5 456 1 1
0 6 456 1 1
0 7 456 1 1
0 1 456 1 1
0 1 460 1 1
0 4 460 1 1
0 3 458 1 1
0 5 459 1 1
0 2 455 1 1
0 8 457 1 1
0 5 456 1 1
0 6 455 1 1
0 1 456 1 1
0 6 458 1 1
0 2 459 1 1
0 4 457 1 1
0 1 455 1 1
0 2 456 1 1
0 1 459 1 1
0 6 457 1 1
0 6 460 1 1
0 5 459 1 1
0 2 460 1 1
0 5 456 1 1
0 9 458 1 1
0 3 457 1 1
0 4 455 1 1
0 4 458 1 1
0 7 459 1 1
0 6 459 1 1
0 5 459 1 1
0 4 459 1 1
0 3 459 1 1
0 2 459 1 1
0 1 459 1 1
0 1 460 1 1
0 2 461 1 1
0 3 463 1 1
0 5 465 1 1
0 6 465 1 1
0 5 464 1 1
0 4 464 1 1
0 3 462 1 1
0 2 462 1 1
0 9 460 1 1
0 4 463 1 1
0 1 461 1 1
0 2 461 1 1
0 3 461 1 1
0 4 461 1 1
0 5 461 1 1
0 6 461 1 1
0 7 461 1 1
0 1 461 1 1
0 1 465 1 1
0 4 465 1 1
0 3 463 1 1
0 5 464 1 1
0 2 460 1 1
0 8 462 1 1
0 5 461 1 1
0 6 460 1 1
0 1 461 1 1
0 6 463 1 1
0 2 464 1 1
0 4 462 1 1
0 1 460 1 1
0 2 461 1 1
0 1 464 1 1
0 6 462 1 1
0 6 465 1 1
0 5 464 1 1
0 2 465 1 1
0 5 461 1 1
0 9 463 1 1
0 3 462 1 1
0 4 460 1 1
0 4 463 1 1
0 7 464 1 1
0 6 464 1 1
0 5 464 1 1
0 4 464 1 1
0 3 464 1 1
0 2 464 1 1
0 1 464 1 1
0 1 465 1 1
0 2 466 1 1
0 3 468 1 1
0 5 470 1 1
0 6 470 1 1
0 5 469 1 1
0 4 469 1 1
0 3 467 1 1
0 2 467 1 1
0 9 465 1 1
0 4 468 1 1
0 1 466 1 1
0 2 466 1 1
0 3 466 1 1
0 4 466 1 1
0 5 466 1 1
0 6 466 1 1
0 7 466 1 1
0 1 466 1 1
0 1 470 1 1
0 4 470 1 1
0 3 468 1 1
0 5 469 1 1
0 2 465 1 1
0 8 467 1 1
0 5 466 1 1
0 6 465 1 1
0 1 466 1 1
0 6 468 1 1
0 2 469 1 1
0 4 467 1 1
0 1 465 1 1
0 2 466 1 1
0 1 469 1 1
0 6 467 1 1
0 6 470 1 1
0 5 469 1 1
0 2 470 1 1
0 5 466 1 1
0 9 468 1 1
0 3 467 1 1
0 4 465 1 1
0 4 468 1 1
0 7 469 1 1
0 6 469 1 1
0 5 469 1 1
0 4 469 1 1
0 3 469 1 1
0 2 469 1 1
0 1 469 1 1
0 1 470 1 1
0 2 471 1 1
0 3 473 1 1
0 5 475 1 1
0 6 475 1 1
0 5 474 1 1
0 4 474 1 1
0 3 472 1 1
0 2 472 1 1
0 9 470 1 1
0 4 473 1 1
0 1 471 1 1
0 2 471 1 1
0 3 471 1 1
0 4 471 1 1
0 5 471 1 1
0 6 471 1 1
0 7 471 1 1
0 1 471 1 1
0 1 475 1 1
0 4 475 1 1
0 3 473 1 1
0 5 474 1 1
0 2 470 1 1
0 8 472 1 1
0 5 471 1 1
0 6 470 1 1
0 1 471 1 1
0 6 473 1 1
0 2 474 1 1
0 4 472 1 1
0 1 470 1 1
0 2 471 1 1
0 1 474 1 1
0 6 472 1 1
0 6 475 1 1
0 5 474 1 1
0 2 475 1 1
0 5 471 1 1
0 9 473 1 1
0 3 472 1 1
0 4 470 1 1
0 4 473 1 1
0 7 474 1 1
0 6 474 1 1
0 5 474 1 1
0 4 474 1 1
0 3 474 1 1
0 2 474 1 1
0 1 474 1 1
0 1 475 1 1
0 2 476 1 1
0 3 478 1 1
0 5 480 1 1
0 6 480 1 1
0 5 479 1 1
0 4 479 1 1
0 3 477 1 1
0 2 477 1 1
0 9 475 1 1
0 4 478 1 1
0 1 476 1 1
0 2 476 1 1
0 3 476 1 1
0 4 476 1 1
0 5 476 1 1
0 6 476 1 1
0 7 476 1 1
0 1 476 1 1
0 1 480 1 1
0 4 480 1 1
0 3 478 1 1
0 5 479 1 1
0 2 475 1 1
0 8 477 1 1
0 5 476 1 1
0 6 475 1 1
0 1 476 1 1
0 6 478 1 1
0 2 479 1 1
0 4 477 1 1
0 1 475 1 1
0 2 476 1 1
0 1 479 1 1
0 6 477 1 1
0 6 480 1 1
0 5 479 1 1
0 2 480 1 1
0 5 476 1 1
0 9 478 1 1
0 3 477 1 1
0 4 475 1 1
0 4 478 1 1
0 7 479 1 1
0 6 479 1 1
0 5 479 1 1
0 4 479 1 1
0 3 479 1 1
0 2 479 1 1
0 1 479 1 1
0 1 480 1 1
0 2 481 1 1
0 3 483 1 1
0 5 485 1 1
0 6 485 1 1
0 5 484 1 1
0 4 484 1 1
0 3 482 1 1
0 2 482 1 1
0 9 480 1 1
0 4 483 1 1
0 1 481 1 1
0 2 481 1 1
0 3 481 1 1
0 4 481 1 1
0 5 481 1 1
0 6 481 1 1
0 7 481 1 1
0 1 481 1 1
0 1 485 1 1
0 4 485 1 1
0 3 483 1 1
0 5 484 1 1
0 2 480 1 1
0 8 482 1 1
0 5 481 1 1
0 6 480 1 1
0 1 481 1 1
0 6 483 1 1
0 2 484 1 1
0 4 482 1 1
0 1 480 1 1
0 2 481 1 1
0 1 484 1 1
0 6 482 1 1
0 6 485 1 1
0 5 484 1 1
0 2 485 1 1
0 5 481 1 1
0 9 483 1 1
0 3 482 1 1
0 4 480 1 1
0 4 483 1 1
0 7 484 1 1
0 6 484 1 1
0 5 484 1 1
0 4 484 1 1
0 3 484 1 1
0 2 484 1 1
0 1 484 1 1
0 1 485 1 1
0 2 486 1 1
0 3 488 1 1
0 5 490 1 1
0 6 490 1 1
0 5 489 1 1
0 4 489 1 1
0 3 487 1 1
0 2 487 1 1
0 9 485 1 1
0 4 488 1 1
0 1 486 1 1
0 2 486 1 1
0 3 486 1 1
0 4 486 1 1
0 5 486 1 1
0 6 486 1 1
0 7 486 1 1
0 1 486 1 1
0 1 490 1 1
0 4 490 1 1
0 3 488 1 1
0 5 489 1 1
0 2 485 1 1
0 8 487 1 1
0 5 486 1 1
0 6 485 1 1
0 1 486 1 1
0 6 488 1 1
0 2 489 1 1
0 4 487 1 1
0 1 485 1 1
0 2 486 1 1
0 1 489 1 1
0 6 487 1 1
0 6 490 1 1
0 5 489 1 1
0 2 490 1 1
0 5 486 1 1
0 9 488 1 1
0 3 487 1 1
0 4 485 1 1
0 4 488 1 1
0 7 489 1 1
0 6 489 1 1
0 5 489 1 1
0 4 489 1 1
0 3 489 1 1
0 2 489 1 1
0 1 489 1 1
0 1 490 1 1
0 2 491 1 1
0 3 493 1 1
0 5 495 1 1
0 6 495 1 1
0 5 494 1 1
0 4 494 1 1
0 3 492 1 1
0 2 492 1 1
0 9 490 1 1
0 4 493 1 1
0 1 491 1 1
0 2 491 1 1
0 3 491 1 1
0 4 491 1 1
0 5 491 1 1
0 6 491 1 1
0 7 491 1 1
0 1 491 1 1
0 1 495 1 1
0 4 495 1 1
0 3 493 1 1
0 5 494 1 1
0 2 490 1 1
0 8 492 1 1
0 5 491 1 1
0 6 490 1 1
0 1 491 1 1
0 6 493 1 1
0 2 494 1 1
0 4 492 1 1
0 1 490 1 1
0 2 491 1 1
0 1 494 1 1
0 6 492 1 1
0 6 495 1 1
0 5 494 1 1
0 2 495 1 1
0 5 491 1 1
0 9 493 1 1
0 3 492 1 1
0 4 490 1 1
0 4 493 1 1
0 7 494 1 1
0 6 494 1 1
0 5 494 1 1
0 4 494 1 1
0 3 494 1 1
0 2 494 1 1
0 1 494 1 1
0 1 495 1 1
0 2 496 1 1
0 3 498 1 1
0 5 500 1 1
0 6 500 1 1
0 5 499 1 1
0 4 499 1 1
0 3 497 1 1
0 2 497 1 1
0 9 495 1 1
0 4 498 1 1
0 1 496 1 1
0 2 496 1 1
0 3 496 1 1
0 4 496 1 1
0 5 496 1 1
0 6 496 1 1
0 7 496 1 1
0 1 496 1 1
0 1 500 1 1
0 4 500 1 1
0 3 498 1 1
0 5 499 1 1
0 2 495 1 1
0 8 497 1 1
0 5 496 1 1
0 6 495 1 1
0 1 496 1 1
0 6 498 1 1
0 2 499 1 1
0 4 497 1 1
0 1 495 1 1
0 2 496 1 1
0 1 499 1 1
0 6 497 1 1
0 6 500 1 1
0 5 499 1 1
0 2 500 1 1
0 5 496 1 1
0 9 498 1 1
0 3 497 1 1
0 4 495 1 1
0 4 498 1 1
0 7 499 1 1
0 6 499 1 1
0 5 499 1 1
0 4 499 1 1
0 3 499 1 1
0 2 499 1 1
0 1 499 1 1
