0 1 0 1 1
0 2 1 1 1
0 8 7 1 1
0 7 6 1 1
0 3 3 1 1
0 5 5 1 1
0 6 6 1 1
0 6 5 1 1
0 5 4 1 1
0 4 4 1 1
0 13 0 1 1
0 7 7 1 1
0 9 9 1 1
0 9 8 1 1
0 10 9 1 1
0 8 8 1 1
0 3 2 1 1
0 2 2 1 1
0 4 3 1 1
0 1 1 1 1
0 2 1 1 1
0 3 1 1 1
0 4 1 1 1
0 5 1 1 1
0 8 1 1 1
0 6 1 1 1
0 9 1 1 1
0 7 1 1 1
0 10 1 1 1
0 11 1 1 1
0 1 1 1 1
0 3 7 1 1
0 4 6 1 1
0 7 6 1 1
0 5 5 1 1
0 2 8 1 1
0 1 9 1 1
0 6 4 1 1
0 8 2 1 1
0 2 0 1 1
0 6 7 1 1
0 9 4 1 1
0 10 3 1 1
0 9 1 1 1
0 10 0 1 1
0 4 9 1 1
0 12 2 1 1
0 7 3 1 1
0 5 8 1 1
0 1 1 1 1
0 8 5 1 1
0 1 0 1 1
0 2 1 1 1
0 8 7 1 1
0 1 4 1 1
0 7 6 1 1
0 13 3 1 1
0 6 5 1 1
0 5 4 1 1
0 2 5 1 1
0 5 8 1 1
0 10 2 1 1
0 9 8 1 1
0 10 9 1 1
0 3 6 1 1
0 4 7 1 1
0 3 2 1 1
0 9 1 1 1
0 6 9 1 1
0 8 0 1 1
0 4 3 1 1
0 10 4 1 1
0 7 4 1 1
0 9 4 1 1
0 6 4 1 1
0 8 4 1 1
0 5 4 1 1
0 4 4 1 1
0 3 4 1 1
0 2 4 1 1
0 1 4 1 1
0 11 4 1 1
0 1 5 1 1
0 2 6 1 1
0 8 12 1 1
0 7 11 1 1
0 3 8 1 1
0 5 10 1 1
0 6 11 1 1
0 6 10 1 1
0 5 9 1 1
0 4 9 1 1
0 13 5 1 1
0 7 12 1 1
0 9 14 1 1
0 9 13 1 1
0 10 14 1 1
0 8 13 1 1
0 3 7 1 1
0 2 7 1 1
0 4 8 1 1
0 1 6 1 1
0 2 6 1 1
0 3 6 1 1
0 4 6 1 1
0 5 6 1 1
0 8 6 1 1
0 6 6 1 1
0 9 6 1 1
0 7 6 1 1
0 10 6 1 1
0 11 6 1 1
0 1 6 1 1
0 3 12 1 1
0 4 11 1 1
0 7 11 1 1
0 5 10 1 1
0 2 13 1 1
0 1 14 1 1
0 6 9 1 1
0 8 7 1 1
0 2 5 1 1
0 6 12 1 1
0 9 9 1 1
0 10 8 1 1
0 9 6 1 1
0 10 5 1 1
0 4 14 1 1
0 12 7 1 1
0 7 8 1 1
0 5 13 1 1
0 1 6 1 1
0 8 10 1 1
0 1 5 1 1
0 2 6 1 1
0 8 12 1 1
0 1 9 1 1
0 7 11 1 1
0 13 8 1 1
0 6 10 1 1
0 5 9 1 1
0 2 10 1 1
0 5 13 1 1
0 10 7 1 1
0 9 13 1 1
0 10 14 1 1
0 3 11 1 1
0 4 12 1 1
0 3 7 1 1
0 9 6 1 1
0 6 14 1 1
0 8 5 1 1
0 4 8 1 1
0 10 9 1 1
0 7 9 1 1
0 9 9 1 1
0 6 9 1 1
0 8 9 1 1
0 5 9 1 1
0 4 9 1 1
0 3 9 1 1
0 2 9 1 1
0 1 9 1 1
0 11 9 1 1
0 1 10 1 1
0 2 11 1 1
0 8 17 1 1
0 7 16 1 1
0 3 13 1 1
0 5 15 1 1
0 6 16 1 1
0 6 15 1 1
0 5 14 1 1
0 4 14 1 1
0 13 10 1 1
0 7 17 1 1
0 9 19 1 1
0 9 18 1 1
0 10 19 1 1
0 8 18 1 1
0 3 12 1 1
0 2 12 1 1
0 4 13 1 1
0 1 11 1 1
0 2 11 1 1
0 3 11 1 1
0 4 11 1 1
0 5 11 1 1
0 8 11 1 1
0 6 11 1 1
0 9 11 1 1
0 7 11 1 1
0 10 11 1 1
0 11 11 1 1
0 1 11 1 1
0 3 17 1 1
0 4 16 1 1
0 7 16 1 1
0 5 15 1 1
0 2 18 1 1
0 1 19 1 1
0 6 14 1 1
0 8 12 1 1
0 2 10 1 1
0 6 17 1 1
0 9 14 1 1
0 10 13 1 1
0 9 11 1 1
0 10 10 1 1
0 4 19 1 1
0 12 12 1 1
0 7 13 1 1
0 5 18 1 1
0 1 11 1 1
0 8 15 1 1
0 1 10 1 1
0 2 11 1 1
0 8 17 1 1
0 1 14 1 1
0 7 16 1 1
0 13 13 1 1
0 6 15 1 1
0 5 14 1 1
0 2 15 1 1
0 5 18 1 1
0 10 12 1 1
0 9 18 1 1
0 10 19 1 1
0 3 16 1 1
0 4 17 1 1
0 3 12 1 1
0 9 11 1 1
0 6 19 1 1
0 8 10 1 1
0 4 13 1 1
0 10 14 1 1
0 7 14 1 1
0 9 14 1 1
0 6 14 1 1
0 8 14 1 1
0 5 14 1 1
0 4 14 1 1
0 3 14 1 1
0 2 14 1 1
0 1 14 1 1
0 11 14 1 1
0 1 15 1 1
0 2 16 1 1
0 8 22 1 1
0 7 21 1 1
0 3 18 1 1
0 5 20 1 1
0 6 21 1 1
0 6 20 1 1
0 5 19 1 1
0 4 19 1 1
0 13 15 1 1
0 7 22 1 1
0 9 24 1 1
0 9 23 1 1
0 10 24 1 1
0 8 23 1 1
0 3 17 1 1
0 2 17 1 1
0 4 18 1 1
0 1 16 1 1
0 2 16 1 1
0 3 16 1 1
0 4 16 1 1
0 5 16 1 1
0 8 16 1 1
0 6 16 1 1
0 9 16 1 1
0 7 16 1 1
0 10 16 1 1
0 11 16 1 1
0 1 16 1 1
0 3 22 1 1
0 4 21 1 1
0 7 21 1 1
0 5 20 1 1
0 2 23 1 1
0 1 24 1 1
0 6 19 1 1
0 8 17 1 1
0 2 15 1 1
0 6 22 1 1
0 9 19 1 1
0 10 18 1 1
0 9 16 1 1
0 10 15 1 1
0 4 24 1 1
0 12 17 1 1
0 7 18 1 1
0 5 23 1 1
0 1 16 1 1
0 8 20 1 1
0 1 15 1 1
0 2 16 1 1
0 8 22 1 1
0 1 19 1 1
0 7 21 1 1
0 13 18 1 1
0 6 20 1 1
0 5 19 1 1
0 2 20 1 1
0 5 23 1 1
0 10 17 1 1
0 9 23 1 1
0 10 24 1 1
0 3 21 1 1
0 4 22 1 1
0 3 17 1 1
0 9 16 1 1
0 6 24 1 1
0 8 15 1 1
0 4 18 1 1
0 10 19 1 1
0 7 19 1 1
0 9 19 1 1
0 6 19 1 1
0 8 19 1 1
0 5 19 1 1
0 4 19 1 1
0 3 19 1 1
0 2 19 1 1
0 1 19 1 1
0 11 19 1 1
0 1 20 1 1
0 2 21 1 1
0 8 27 1 1
0 7 26 1 1
0 3 23 1 1
0 5 25 1 1
0 6 26 1 1
0 6 25 1 1
0 5 24 1 1
0 4 24 1 1
0 13 20 1 1
0 7 27 1 1
0 9 29 1 1
0 9 28 1 1
0 10 29 1 1
0 8 28 1 1
0 3 22 1 1
0 2 22 1 1
0 4 23 1 1
0 1 21 1 1
0 2 21 1 1
0 3 21 1 1
0 4 21 1 1
0 5 21 1 1
0 8 21 1 1
0 6 21 1 1
0 9 21 1 1
0 7 21 1 1
0 10 21 1 1
0 11 21 1 1
0 1 21 1 1
0 3 27 1 1
0 4 26 1 1
0 7 26 1 1
0 5 25 1 1
0 2 28 1 1
0 1 29 1 1
0 6 24 1 1
0 8 22 1 1
0 2 20 1 1
0 6 27 1 1
0 9 24 1 1
0 10 23 1 1
0 9 21 1 1
0 10 20 1 1
0 4 29 1 1
0 12 22 1 1
0 7 23 1 1
0 5 28 1 1
0 1 21 1 1
0 8 25 1 1
0 1 20 1 1
0 2 21 1 1
0 8 27 1 1
0 1 24 1 1
0 7 26 1 1
0 13 23 1 1
0 6 25 1 1
0 5 24 1 1
0 2 25 1 1
0 5 28 1 1
0 10 22 1 1
0 9 28 1 1
0 10 29 1 1
0 3 26 1 1
0 4 27 1 1
0 3 22 1 1
0 9 21 1 1
0 6 29 1 1
0 8 20 1 1
0 4 23 1 1
0 10 24 1 1
0 7 24 1 1
0 9 24 1 1
0 6 24 1 1
0 8 24 1 1
0 5 24 1 1
0 4 24 1 1
0 3 24 1 1
0 2 24 1 1
0 1 24 1 1
0 11 24 1 1
0 1 25 1 1
0 2 26 1 1
0 8 32 1 1
0 7 31 1 1
0 3 28 1 1
0 5 30 1 1
0 6 31 1 1
0 6 30 1 1
0 5 29 1 1
0 4 29 1 1
0 13 25 1 1
0 7 32 1 1
0 9 34 1 1
0 9 33 1 1
0 10 34 1 1
0 8 33 1 1
0 3 27 1 1
0 2 27 1 1
0 4 28 1 1
0 1 26 1 1
0 2 26 1 1
0 3 26 1 1
0 4 26 1 1
0 5 26 1 1
0 8 26 1 1
0 6 26 1 1
0 9 26 1 1
0 7 26 1 1
0 10 26 1 1
0 11 26 1 1
0 1 26 1 1
0 3 32 1 1
0 4 31 1 1
0 7 31 1 1
0 5 30 1 1
0 2 33 1 1
0 1 34 1 1
0 6 29 1 1
0 8 27 1 1
0 2 25 1 1
0 6 32 1 1
0 9 29 1 1
0 10 28 1 1
0 9 26 1 1
0 10 25 1 1
0 4 34 1 1
0 12 27 1 1
0 7 28 1 1
0 5 33 1 1
0 1 26 1 1
0 8 30 1 1
0 1 25 1 1
0 2 26 1 1
0 8 32 1 1
0 1 29 1 1
0 7 31 1 1
0 13 28 1 1
0 6 30 1 1
0 5 29 1 1
0 2 30 1 1
0 5 33 1 1
0 10 27 1 1
0 9 33 1 1
0 10 34 1 1
0 3 31 1 1
0 4 32 1 1
0 3 27 1 1
0 9 26 1 1
0 6 34 1 1
0 8 25 1 1
0 4 28 1 1
0 10 29 1 1
0 7 29 1 1
0 9 29 1 1
0 6 29 1 1
0 8 29 1 1
0 5 29 1 1
0 4 29 1 1
0 3 29 1 1
0 2 29 1 1
0 1 29 1 1
0 11 29 1 1
0 1 30 1 1
0 2 31 1 1
0 8 37 1 1
0 7 36 1 1
0 3 33 1 1
0 5 35 1 1
0 6 36 1 1
0 6 35 1 1
0 5 34 1 1
0 4 34 1 1
0 13 30 1 1
0 7 37 1 1
0 9 39 1 1
0 9 38 1 1
0 10 39 1 1
0 8 38 1 1
0 3 32 1 1
0 2 32 1 1
0 4 33 1 1
0 1 31 1 1
0 2 31 1 1
0 3 31 1 1
0 4 31 1 1
0 5 31 1 1
0 8 31 1 1
0 6 31 1 1
0 9 31 1 1
0 7 31 1 1
0 10 31 1 1
0 11 31 1 1
0 1 31 1 1
0 3 37 1 1
0 4 36 1 1
0 7 36 1 1
0 5 35 1 1
0 2 38 1 1
0 1 39 1 1
0 6 34 1 1
0 8 32 1 1
0 2 30 1 1
0 6 37 1 1
0 9 34 1 1
0 10 33 1 1
0 9 31 1 1
0 10 30 1 1
0 4 39 1 1
0 12 32 1 1
0 7 33 1 1
0 5 38 1 1
0 1 31 1 1
0 8 35 1 1
0 1 30 1 1
0 2 31 1 1
0 8 37 1 1
0 1 34 1 1
0 7 36 1 1
0 13 33 1 1
0 6 35 1 1
0 5 34 1 1
0 2 35 1 1
0 5 38 1 1
0 10 32 1 1
0 9 38 1 1
0 10 39 1 1
0 3 36 1 1
0 4 37 1 1
0 3 32 1 1
0 9 31 1 1
0 6 39 1 1
0 8 30 1 1
0 4 33 1 1
0 10 34 1 1
0 7 34 1 1
0 9 34 1 1
0 6 34 1 1
0 8 34 1 1
0 5 34 1 1
0 4 34 1 1
0 3 34 1 1
0 2 34 1 1
0 1 34 1 1
0 11 34 1 1
0 1 35 1 1
0 2 36 1 1
0 8 42 1 1
0 7 41 1 1
0 3 38 1 1
0 5 40 1 1
0 6 41 1 1
0 6 40 1 1
0 5 39 1 1
0 4 39 1 1
0 13 35 1 1
0 7 42 1 1
0 9 44 1 1
0 9 43 1 1
0 10 44 1 1
0 8 43 1 1
0 3 37 1 1
0 2 37 1 1
0 4 38 1 1
0 1 36 1 1
0 2 36 1 1
0 3 36 1 1
0 4 36 1 1
0 5 36 1 1
0 8 36 1 1
0 6 36 1 1
0 9 36 1 1
0 7 36 1 1
0 10 36 1 1
0 11 36 1 1
0 1 36 1 1
0 3 42 1 1
0 4 41 1 1
0 7 41 1 1
0 5 40 1 1
0 2 43 1 1
0 1 44 1 1
0 6 39 1 1
0 8 37 1 1
0 2 35 1 1
0 6 42 1 1
0 9 39 1 1
0 10 38 1 1
0 9 36 1 1
0 10 35 1 1
0 4 44 1 1
0 12 37 1 1
0 7 38 1 1
0 5 43 1 1
0 1 36 1 1
0 8 40 1 1
0 1 35 1 1
0 2 36 1 1
0 8 42 1 1
0 1 39 1 1
0 7 41 1 1
0 13 38 1 1
0 6 40 1 1
0 5 39 1 1
0 2 40 1 1
0 5 43 1 1
0 10 37 1 1
0 9 43 1 1
0 10 44 1 1
0 3 41 1 1
0 4 42 1 1
0 3 37 1 1
0 9 36 1 1
0 6 44 1 1
0 8 35 1 1
0 4 38 1 1
0 10 39 1 1
0 7 39 1 1
0 9 39 1 1
0 6 39 1 1
0 8 39 1 1
0 5 39 1 1
0 4 39 1 1
0 3 39 1 1
0 2 39 1 1
0 1 39 1 1
0 11 39 1 1
0 1 40 1 1
0 2 41 1 1
0 8 47 1 1
0 7 46 1 1
0 3 43 1 1
0 5 45 1 1
0 6 46 1 1
0 6 45 1 1
0 5 44 1 1
0 4 44 1 1
0 13 40 1 1
0 7 47 1 1
0 9 49 1 1
0 9 48 1 1
0 10 49 1 1
0 8 48 1 1
0 3 42 1 1
0 2 42 1 1
0 4 43 1 1
0 1 41 1 1
0 2 41 1 1
0 3 41 1 1
0 4 41 1 1
0 5 41 1 1
0 8 41 1 1
0 6 41 1 1
0 9 41 1 1
0 7 41 1 1
0 10 41 1 1
0 11 41 1 1
0 1 41 1 1
0 3 47 1 1
0 4 46 1 1
0 7 46 1 1
0 5 45 1 1
0 2 48 1 1
0 1 49 1 1
0 6 44 1 1
0 8 42 1 1
0 2 40 1 1
0 6 47 1 1
0 9 44 1 1
0 10 43 1 1
0 9 41 1 1
0 10 40 1 1
0 4 49 1 1
0 12 42 1 1
0 7 43 1 1
0 5 48 1 1
0 1 41 1 1
0 8 45 1 1
0 1 40 1 1
0 2 41 1 1
0 8 47 1 1
0 1 44 1 1
0 7 46 1 1
0 13 43 1 1
0 6 45 1 1
0 5 44 1 1
0 2 45 1 1
0 5 48 1 1
0 10 42 1 1
0 9 48 1 1
0 10 49 1 1
0 3 46 1 1
0 4 47 1 1
0 3 42 1 1
0 9 41 1 1
0 6 49 1 1
0 8 40 1 1
0 4 43 1 1
0 10 44 1 1
0 7 44 1 1
0 9 44 1 1
0 6 44 1 1
0 8 44 1 1
0 5 44 1 1
0 4 44 1 1
0 3 44 1 1
0 2 44 1 1
0 1 44 1 1
0 11 44 1 1
0 1 45 1 1
0 2 46 1 1
0 8 52 1 1
0 7 51 1 1
0 3 48 1 1
0 5 50 1 1
0 6 51 1 1
0 6 50 1 1
0 5 49 1 1
0 4 49 1 1
0 13 45 1 1
0 7 52 1 1
0 9 54 1 1
0 9 53 1 1
0 10 54 1 1
0 8 53 1 1
0 3 47 1 1
0 2 47 1 1
0 4 48 1 1
0 1 46 1 1
0 2 46 1 1
0 3 46 1 1
0 4 46 1 1
0 5 46 1 1
0 8 46 1 1
0 6 46 1 1
0 9 46 1 1
0 7 46 1 1
0 10 46 1 1
0 11 46 1 1
0 1 46 1 1
0 3 52 1 1
0 4 51 1 1
0 7 51 1 1
0 5 50 1 1
0 2 53 1 1
0 1 54 1 1
0 6 49 1 1
0 8 47 1 1
0 2 45 1 1
0 6 52 1 1
0 9 49 1 1
0 10 48 1 1
0 9 46 1 1
0 10 45 1 1
0 4 54 1 1
0 12 47 1 1
0 7 48 1 1
0 5 53 1 1
0 1 46 1 1
0 8 50 1 1
0 1 45 1 1
0 2 46 1 1
0 8 52 1 1
0 1 49 1 1
0 7 51 1 1
0 13 48 1 1
0 6 50 1 1
0 5 49 1 1
0 2 50 1 1
0 5 53 1 1
0 10 47 1 1
0 9 53 1 1
0 10 54 1 1
0 3 51 1 1
0 4 52 1 1
0 3 47 1 1
0 9 46 1 1
0 6 54 1 1
0 8 45 1 1
0 4 48 1 1
0 10 49 1 1
0 7 49 1 1
0 9 49 1 1
0 6 49 1 1
0 8 49 1 1
0 5 49 1 1
0 4 49 1 1
0 3 49 1 1
0 2 49 1 1
0 1 49 1 1
0 11 49 1 1
0 1 50 1 1
0 2 51 1 1
0 8 57 1 1
0 7 56 1 1
0 3 53 1 1
0 5 55 1 1
0 6 56 1 1
0 6 55 1 1
0 5 54 1 1
0 4 54 1 1
0 13 50 1 1
0 7 57 1 1
0 9 59 1 1
0 9 58 1 1
0 10 59 1 1
0 8 58 1 1
0 3 52 1 1
0 2 52 1 1
0 4 53 1 1
0 1 51 1 1
0 2 51 1 1
0 3 51 1 1
0 4 51 1 1
0 5 51 1 1
0 8 51 1 1
0 6 51 1 1
0 9 51 1 1
0 7 51 1 1
0 10 51 1 1
0 11 51 1 1
0 1 51 1 1
0 3 57 1 1
0 4 56 1 1
0 7 56 1 1
0 5 55 1 1
0 2 58 1 1
0 1 59 1 1
0 6 54 1 1
0 8 52 1 1
0 2 50 1 1
0 6 57 1 1
0 9 54 1 1
0 10 53 1 1
0 9 51 1 1
0 10 50 1 1
0 4 59 1 1
0 12 52 1 1
0 7 53 1 1
0 5 58 1 1
0 1 51 1 1
0 8 55 1 1
0 1 50 1 1
0 2 51 1 1
0 8 57 1 1
0 1 54 1 1
0 7 56 1 1
0 13 53 1 1
0 6 55 1 1
0 5 54 1 1
0 2 55 1 1
0 5 58 1 1
0 10 52 1 1
0 9 58 1 1
0 10 59 1 1
0 3 56 1 1
0 4 57 1 1
0 3 52 1 1
0 9 51 1 1
0 6 59 1 1
0 8 50 1 1
0 4 53 1 1
0 10 54 1 1
0 7 54 1 1
0 9 54 1 1
0 6 54 1 1
0 8 54 1 1
0 5 54 1 1
0 4 54 1 1
0 3 54 1 1
0 2 54 1 1
0 1 54 1 1
0 11 54 1 1
0 1 55 1 1
0 2 56 1 1
0 8 62 1 1
0 7 61 1 1
0 3 58 1 1
0 5 60 1 1
0 6 61 1 1
0 6 60 1 1
0 5 59 1 1
0 4 59 1 1
0 13 55 1 1
0 7 62 1 1
0 9 64 1 1
0 9 63 1 1
0 10 64 1 1
0 8 63 1 1
0 3 57 1 1
0 2 57 1 1
0 4 58 1 1
0 1 56 1 1
0 2 56 1 1
0 3 56 1 1
0 4 56 1 1
0 5 56 1 1
0 8 56 1 1
0 6 56 1 1
0 9 56 1 1
0 7 56 1 1
0 10 56 1 1
0 11 56 1 1
0 1 56 1 1
0 3 62 1 1
0 4 61 1 1
0 7 61 1 1
0 5 60 1 1
0 2 63 1 1
0 1 64 1 1
0 6 59 1 1
0 8 57 1 1
0 2 55 1 1
0 6 62 1 1
0 9 59 1 1
0 10 58 1 1
0 9 56 1 1
0 10 55 1 1
0 4 64 1 1
0 12 57 1 1
0 7 58 1 1
0 5 63 1 1
0 1 56 1 1
0 8 60 1 1
0 1 55 1 1
0 2 56 1 1
0 8 62 1 1
0 1 59 1 1
0 7 61 1 1
0 13 58 1 1
0 6 60 1 1
0 5 59 1 1
0 2 60 1 1
0 5 63 1 1
0 10 57 1 1
0 9 63 1 1
0 10 64 1 1
0 3 61 1 1
0 4 62 1 1
0 3 57 1 1
0 9 56 1 1
0 6 64 1 1
0 8 55 1 1
0 4 58 1 1
0 10 59 1 1
0 7 59 1 1
0 9 59 1 1
0 6 59 1 1
0 8 59 1 1
0 5 59 1 1
0 4 59 1 1
0 3 59 1 1
0 2 59 1 1
0 1 59 1 1
0 11 59 1 1
0 1 60 1 1
0 2 61 1 1
0 8 67 1 1
0 7 66 1 1
0 3 63 1 1
0 5 65 1 1
0 6 66 1 1
0 6 65 1 1
0 5 64 1 1
0 4 64 1 1
0 13 60 1 1
0 7 67 1 1
0 9 69 1 1
0 9 68 1 1
0 10 69 1 1
0 8 68 1 1
0 3 62 1 1
0 2 62 1 1
0 4 63 1 1
0 1 61 1 1
0 2 61 1 1
0 3 61 1 1
0 4 61 1 1
0 5 61 1 1
0 8 61 1 1
0 6 61 1 1
0 9 61 1 1
0 7 61 1 1
0 10 61 1 1
0 11 61 1 1
0 1 61 1 1
0 3 67 1 1
0 4 66 1 1
0 7 66 1 1
0 5 65 1 1
0 2 68 1 1
0 1 69 1 1
0 6 64 1 1
0 8 62 1 1
0 2 60 1 1
0 6 67 1 1
0 9 64 1 1
0 10 63 1 1
0 9 61 1 1
0 10 60 1 1
0 4 69 1 1
0 12 62 1 1
0 7 63 1 1
0 5 68 1 1
0 1 61 1 1
0 8 65 1 1
0 1 60 1 1
0 2 61 1 1
0 8 67 1 1
0 1 64 1 1
0 7 66 1 1
0 13 63 1 1
0 6 65 1 1
0 5 64 1 1
0 2 65 1 1
0 5 68 1 1
0 10 62 1 1
0 9 68 1 1
0 10 69 1 1
0 3 66 1 1
0 4 67 1 1
0 3 62 1 1
0 9 61 1 1
0 6 69 1 1
0 8 60 1 1
0 4 63 1 1
0 10 64 1 1
0 7 64 1 1
0 9 64 1 1
0 6 64 1 1
0 8 64 1 1
0 5 64 1 1
0 4 64 1 1
0 3 64 1 1
0 2 64 1 1
0 1 64 1 1
0 11 64 1 1
0 1 65 1 1
0 2 66 1 1
0 8 72 1 1
0 7 71 1 1
0 3 68 1 1
0 5 70 1 1
0 6 71 1 1
0 6 70 1 1
0 5 69 1 1
0 4 69 1 1
0 13 65 1 1
0 7 72 1 1
0 9 74 1 1
0 9 73 1 1
0 10 74 1 1
0 8 73 1 1
0 3 67 1 1
0 2 67 1 1
0 4 68 1 1
0 1 66 1 1
0 2 66 1 1
0 3 66 1 1
0 4 66 1 1
0 5 66 1 1
0 8 66 1 1
0 6 66 1 1
0 9 66 1 1
0 7 66 1 1
0 10 66 1 1
0 11 66 1 1
0 1 66 1 1
0 3 72 1 1
0 4 71 1 1
0 7 71 1 1
0 5 70 1 1
0 2 73 1 1
0 1 74 1 1
0 6 69 1 1
0 8 67 1 1
0 2 65 1 1
0 6 72 1 1
0 9 69 1 1
0 10 68 1 1
0 9 66 1 1
0 10 65 1 1
0 4 74 1 1
0 12 67 1 1
0 7 68 1 1
0 5 73 1 1
0 1 66 1 1
0 8 70 1 1
0 1 65 1 1
0 2 66 1 1
0 8 72 1 1
0 1 69 1 1
0 7 71 1 1
0 13 68 1 1
0 6 70 1 1
0 5 69 1 1
0 2 70 1 1
0 5 73 1 1
0 10 67 1 1
0 9 73 1 1
0 10 74 1 1
0 3 71 1 1
0 4 72 1 1
0 3 67 1 1
0 9 66 1 1
0 6 74 1 1
0 8 65 1 1
0 4 68 1 1
0 10 69 1 1
0 7 69 1 1
0 9 69 1 1
0 6 69 1 1
0 8 69 1 1
0 5 69 1 1
0 4 69 1 1
0 3 69 1 1
0 2 69 1 1
0 1 69 1 1
0 11 69 1 1
0 1 70 1 1
0 2 71 1 1
0 8 77 1 1
0 7 76 1 1
0 3 73 1 1
0 5 75 1 1
0 6 76 1 1
0 6 75 1 1
0 5 74 1 1
0 4 74 1 1
0 13 70 1 1
0 7 77 1 1
0 9 79 1 1
0 9 78 1 1
0 10 79 1 1
0 8 78 1 1
0 3 72 1 1
0 2 72 1 1
0 4 73 1 1
0 1 71 1 1
0 2 71 1 1
0 3 71 1 1
0 4 71 1 1
0 5 71 1 1
0 8 71 1 1
0 6 71 1 1
0 9 71 1 1
0 7 71 1 1
0 10 71 1 1
0 11 71 1 1
0 1 71 1 1
0 3 77 1 1
0 4 76 1 1
0 7 76 1 1
0 5 75 1 1
0 2 78 1 1
0 1 79 1 1
0 6 74 1 1
0 8 72 1 1
0 2 70 1 1
0 6 77 1 1
0 9 74 1 1
0 10 73 1 1
0 9 71 1 1
0 10 70 1 1
0 4 79 1 1
0 12 72 1 1
0 7 73 1 1
0 5 78 1 1
0 1 71 1 1
0 8 75 1 1
0 1 70 1 1
0 2 71 1 1
0 8 77 1 1
0 1 74 1 1
0 7 76 1 1
0 13 73 1 1
0 6 75 1 1
0 5 74 1 1
0 2 75 1 1
0 5 78 1 1
0 10 72 1 1
0 9 78 1 1
0 10 79 1 1
0 3 76 1 1
0 4 77 1 1
0 3 72 1 1
0 9 71 1 1
0 6 79 1 1
0 8 70 1 1
0 4 73 1 1
0 10 74 1 1
0 7 74 1 1
0 9 74 1 1
0 6 74 1 1
0 8 74 1 1
0 5 74 1 1
0 4 74 1 1
0 3 74 1 1
0 2 74 1 1
0 1 74 1 1
0 11 74 1 1
0 1 75 1 1
0 2 76 1 1
0 8 82 1 1
0 7 81 1 1
0 3 78 1 1
0 5 80 1 1
0 6 81 1 1
0 6 80 1 1
0 5 79 1 1
0 4 79 1 1
0 13 75 1 1
0 7 82 1 1
0 9 84 1 1
0 9 83 1 1
0 10 84 1 1
0 8 83 1 1
0 3 77 1 1
0 2 77 1 1
0 4 78 1 1
0 1 76 1 1
0 2 76 1 1
0 3 76 1 1
0 4 76 1 1
0 5 76 1 1
0 8 76 1 1
0 6 76 1 1
0 9 76 1 1
0 7 76 1 1
0 10 76 1 1
0 11 76 1 1
0 1 76 1 1
0 3 82 1 1
0 4 81 1 1
0 7 81 1 1
0 5 80 1 1
0 2 83 1 1
0 1 84 1 1
0 6 79 1 1
0 8 77 1 1
0 2 75 1 1
0 6 82 1 1
0 9 79 1 1
0 10 78 1 1
0 9 76 1 1
0 10 75 1 1
0 4 84 1 1
0 12 77 1 1
0 7 78 1 1
0 5 83 1 1
0 1 76 1 1
0 8 80 1 1
0 1 75 1 1
0 2 76 1 1
0 8 82 1 1
0 1 79 1 1
0 7 81 1 1
0 13 78 1 1
0 6 80 1 1
0 5 79 1 1
0 2 80 1 1
0 5 83 1 1
0 10 77 1 1
0 9 83 1 1
0 10 84 1 1
0 3 81 1 1
0 4 82 1 1
0 3 77 1 1
0 9 76 1 1
0 6 84 1 1
0 8 75 1 1
0 4 78 1 1
0 10 79 1 1
0 7 79 1 1
0 9 79 1 1
0 6 79 1 1
0 8 79 1 1
0 5 79 1 1
0 4 79 1 1
0 3 79 1 1
0 2 79 1 1
0 1 79 1 1
0 11 79 1 1
0 1 80 1 1
0 2 81 1 1
0 8 87 1 1
0 7 86 1 1
0 3 83 1 1
0 5 85 1 1
0 6 86 1 1
0 6 85 1 1
0 5 84 1 1
0 4 84 1 1
0 13 80 1 1
0 7 87 1 1
0 9 89 1 1
0 9 88 1 1
0 10 89 1 1
0 8 88 1 1
0 3 82 1 1
0 2 82 1 1
0 4 83 1 1
0 1 81 1 1
0 2 81 1 1
0 3 81 1 1
0 4 81 1 1
0 5 81 1 1
0 8 81 1 1
0 6 81 1 1
0 9 81 1 1
0 7 81 1 1
0 10 81 1 1
0 11 81 1 1
0 1 81 1 1
0 3 87 1 1
0 4 86 1 1
0 7 86 1 1
0 5 85 1 1
0 2 88 1 1
0 1 89 1 1
0 6 84 1 1
0 8 82 1 1
0 2 80 1 1
0 6 87 1 1
0 9 84 1 1
0 10 83 1 1
0 9 81 1 1
0 10 80 1 1
0 4 89 1 1
0 12 82 1 1
0 7 83 1 1
0 5 88 1 1
0 1 81 1 1
0 8 85 1 1
0 1 80 1 1
0 2 81 1 1
0 8 87 1 1
0 1 84 1 1
0 7 86 1 1
0 13 83 1 1
0 6 85 1 1
0 5 84 1 1
0 2 85 1 1
0 5 88 1 1
0 10 82 1 1
0 9 88 1 1
0 10 89 1 1
0 3 86 1 1
0 4 87 1 1
0 3 82 1 1
0 9 81 1 1
0 6 89 1 1
0 8 80 1 1
0 4 83 1 1
0 10 84 1 1
0 7 84 1 1
0 9 84 1 1
0 6 84 1 1
0 8 84 1 1
0 5 84 1 1
0 4 84 1 1
0 3 84 1 1
0 2 84 1 1
0 1 84 1 1
0 11 84 1 1
0 1 85 1 1
0 2 86 1 1
0 8 92 1 1
0 7 91 1 1
0 3 88 1 1
0 5 90 1 1
0 6 91 1 1
0 6 90 1 1
0 5 89 1 1
0 4 89 1 1
0 13 85 1 1
0 7 92 1 1
0 9 94 1 1
0 9 93 1 1
0 10 94 1 1
0 8 93 1 1
0 3 87 1 1
0 2 87 1 1
0 4 88 1 1
0 1 86 1 1
0 2 86 1 1
0 3 86 1 1
0 4 86 1 1
0 5 86 1 1
0 8 86 1 1
0 6 86 1 1
0 9 86 1 1
0 7 86 1 1
0 10 86 1 1
0 11 86 1 1
0 1 86 1 1
0 3 92 1 1
0 4 91 1 1
0 7 91 1 1
0 5 90 1 1
0 2 93 1 1
0 1 94 1 1
0 6 89 1 1
0 8 87 1 1
0 2 85 1 1
0 6 92 1 1
0 9 89 1 1
0 10 88 1 1
0 9 86 1 1
0 10 85 1 1
0 4 94 1 1
0 12 87 1 1
0 7 88 1 1
0 5 93 1 1
0 1 86 1 1
0 8 90 1 1
0 1 85 1 1
0 2 86 1 1
0 8 92 1 1
0 1 89 1 1
0 7 91 1 1
0 13 88 1 1
0 6 90 1 1
0 5 89 1 1
0 2 90 1 1
0 5 93 1 1
0 10 87 1 1
0 9 93 1 1
0 10 94 1 1
0 3 91 1 1
0 4 92 1 1
0 3 87 1 1
0 9 86 1 1
0 6 94 1 1
0 8 85 1 1
0 4 88 1 1
0 10 89 1 1
0 7 89 1 1
0 9 89 1 1
0 6 89 1 1
0 8 89 1 1
0 5 89 1 1
0 4 89 1 1
0 3 89 1 1
0 2 89 1 1
0 1 89 1 1
0 11 89 1 1
0 1 90 1 1
0 2 91 1 1
0 8 97 1 1
0 7 96 1 1
0 3 93 1 1
0 5 95 1 1
0 6 96 1 1
0 6 95 1 1
0 5 94 1 1
0 4 94 1 1
0 13 90 1 1
0 7 97 1 1
0 9 99 1 1
0 9 98 1 1
0 10 99 1 1
0 8 98 1 1
0 3 92 1 1
0 2 92 1 1
0 4 93 1 1
0 1 91 1 1
0 2 91 1 1
0 3 91 1 1
0 4 91 1 1
0 5 91 1 1
0 8 91 1 1
0 6 91 1 1
0 9 91 1 1
0 7 91 1 1
0 10 91 1 1
0 11 91 1 1
0 1 91 1 1
0 3 97 1 1
0 4 96 1 1
0 7 96 1 1
0 5 95 1 1
0 2 98 1 1
0 1 99 1 1
0 6 94 1 1
0 8 92 1 1
0 2 90 1 1
0 6 97 1 1
0 9 94 1 1
0 10 93 1 1
0 9 91 1 1
0 10 90 1 1
0 4 99 1 1
0 12 92 1 1
0 7 93 1 1
0 5 98 1 1
0 1 91 1 1
0 8 95 1 1
0 1 90 1 1
0 2 91 1 1
0 8 97 1 1
0 1 94 1 1
0 7 96 1 1
0 13 93 1 1
0 6 95 1 1
0 5 94 1 1
0 2 95 1 1
0 5 98 1 1
0 10 92 1 1
0 9 98 1 1
0 10 99 1 1
0 3 96 1 1
0 4 97 1 1
0 3 92 1 1
0 9 91 1 1
0 6 99 1 1
0 8 90 1 1
0 4 93 1 1
0 10 94 1 1
0 7 94 1 1
0 9 94 1 1
0 6 94 1 1
0 8 94 1 1
0 5 94 1 1
0 4 94 1 1
0 3 94 1 1
0 2 94 1 1
0 1 94 1 1
0 11 94 1 1
0 1 95 1 1
0 2 96 1 1
0 8 102 1 1
0 7 101 1 1
0 3 98 1 1
0 5 100 1 1
0 6 101 1 1
0 6 100 1 1
0 5 99 1 1
0 4 99 1 1
0 13 95 1 1
0 7 102 1 1
0 9 104 1 1
0 9 103 1 1
0 10 104 1 1
0 8 103 1 1
0 3 97 1 1
0 2 97 1 1
0 4 98 1 1
0 1 96 1 1
0 2 96 1 1
0 3 96 1 1
0 4 96 1 1
0 5 96 1 1
0 8 96 1 1
0 6 96 1 1
0 9 96 1 1
0 7 96 1 1
0 10 96 1 1
0 11 96 1 1
0 1 96 1 1
0 3 102 1 1
0 4 101 1 1
0 7 101 1 1
0 5 100 1 1
0 2 103 1 1
0 1 104 1 1
0 6 99 1 1
0 8 97 1 1
0 2 95 1 1
0 6 102 1 1
0 9 99 1 1
0 10 98 1 1
0 9 96 1 1
0 10 95 1 1
0 4 104 1 1
0 12 97 1 1
0 7 98 1 1
0 5 103 1 1
0 1 96 1 1
0 8 100 1 1
0 1 95 1 1
0 2 96 1 1
0 8 102 1 1
0 1 99 1 1
0 7 101 1 1
0 13 98 1 1
0 6 100 1 1
0 5 99 1 1
0 2 100 1 1
0 5 103 1 1
0 10 97 1 1
0 9 103 1 1
0 10 104 1 1
0 3 101 1 1
0 4 102 1 1
0 3 97 1 1
0 9 96 1 1
0 6 104 1 1
0 8 95 1 1
0 4 98 1 1
0 10 99 1 1
0 7 99 1 1
0 9 99 1 1
0 6 99 1 1
0 8 99 1 1
0 5 99 1 1
0 4 99 1 1
0 3 99 1 1
0 2 99 1 1
0 1 99 1 1
0 11 99 1 1
0 1 100 1 1
0 2 101 1 1
0 8 107 1 1
0 7 106 1 1
0 3 103 1 1
0 5 105 1 1
0 6 106 1 1
0 6 105 1 1
0 5 104 1 1
0 4 104 1 1
0 13 100 1 1
0 7 107 1 1
0 9 109 1 1
0 9 108 1 1
0 10 109 1 1
0 8 108 1 1
0 3 102 1 1
0 2 102 1 1
0 4 103 1 1
0 1 101 1 1
0 2 101 1 1
0 3 101 1 1
0 4 101 1 1
0 5 101 1 1
0 8 101 1 1
0 6 101 1 1
0 9 101 1 1
0 7 101 1 1
0 10 101 1 1
0 11 101 1 1
0 1 101 1 1
0 3 107 1 1
0 4 106 1 1
0 7 106 1 1
0 5 105 1 1
0 2 108 1 1
0 1 109 1 1
0 6 104 1 1
0 8 102 1 1
0 2 100 1 1
0 6 107 1 1
0 9 104 1 1
0 10 103 1 1
0 9 101 1 1
0 10 100 1 1
0 4 109 1 1
0 12 102 1 1
0 7 103 1 1
0 5 108 1 1
0 1 101 1 1
0 8 105 1 1
0 1 100 1 1
0 2 101 1 1
0 8 107 1 1
0 1 104 1 1
0 7 106 1 1
0 13 103 1 1
0 6 105 1 1
0 5 104 1 1
0 2 105 1 1
0 5 108 1 1
0 10 102 1 1
0 9 108 1 1
0 10 109 1 1
0 3 106 1 1
0 4 107 1 1
0 3 102 1 1
0 9 101 1 1
0 6 109 1 1
0 8 100 1 1
0 4 103 1 1
0 10 104 1 1
0 7 104 1 1
0 9 104 1 1
0 6 104 1 1
0 8 104 1 1
0 5 104 1 1
0 4 104 1 1
0 3 104 1 1
0 2 104 1 1
0 1 104 1 1
0 11 104 1 1
0 1 105 1 1
0 2 106 1 1
0 8 112 1 1
0 7 111 1 1
0 3 108 1 1
0 5 110 1 1
0 6 111 1 1
0 6 110 1 1
0 5 109 1 1
0 4 109 1 1
0 13 105 1 1
0 7 112 1 1
0 9 114 1 1
0 9 113 1 1
0 10 114 1 1
0 8 113 1 1
0 3 107 1 1
0 2 107 1 1
0 4 108 1 1
0 1 106 1 1
0 2 106 1 1
0 3 106 1 1
0 4 106 1 1
0 5 106 1 1
0 8 106 1 1
0 6 106 1 1
0 9 106 1 1
0 7 106 1 1
0 10 106 1 1
0 11 106 1 1
0 1 106 1 1
0 3 112 1 1
0 4 111 1 1
0 7 111 1 1
0 5 110 1 1
0 2 113 1 1
0 1 114 1 1
0 6 109 1 1
0 8 107 1 1
0 2 105 1 1
0 6 112 1 1
0 9 109 1 1
0 10 108 1 1
0 9 106 1 1
0 10 105 1 1
0 4 114 1 1
0 12 107 1 1
0 7 108 1 1
0 5 113 1 1
0 1 106 1 1
0 8 110 1 1
0 1 105 1 1
0 2 106 1 1
0 8 112 1 1
0 1 109 1 1
0 7 111 1 1
0 13 108 1 1
0 6 110 1 1
0 5 109 1 1
0 2 110 1 1
0 5 113 1 1
0 10 107 1 1
0 9 113 1 1
0 10 114 1 1
0 3 111 1 1
0 4 112 1 1
0 3 107 1 1
0 9 106 1 1
0 6 114 1 1
0 8 105 1 1
0 4 108 1 1
0 10 109 1 1
0 7 109 1 1
0 9 109 1 1
0 6 109 1 1
0 8 109 1 1
0 5 109 1 1
0 4 109 1 1
0 3 109 1 1
0 2 109 1 1
0 1 109 1 1
0 11 109 1 1
0 1 110 1 1
0 2 111 1 1
0 8 117 1 1
0 7 116 1 1
0 3 113 1 1
0 5 115 1 1
0 6 116 1 1
0 6 115 1 1
0 5 114 1 1
0 4 114 1 1
0 13 110 1 1
0 7 117 1 1
0 9 119 1 1
0 9 118 1 1
0 10 119 1 1
0 8 118 1 1
0 3 112 1 1
0 2 112 1 1
0 4 113 1 1
0 1 111 1 1
0 2 111 1 1
0 3 111 1 1
0 4 111 1 1
0 5 111 1 1
0 8 111 1 1
0 6 111 1 1
0 9 111 1 1
0 7 111 1 1
0 10 111 1 1
0 11 111 1 1
0 1 111 1 1
0 3 117 1 1
0 4 116 1 1
0 7 116 1 1
0 5 115 1 1
0 2 118 1 1
0 1 119 1 1
0 6 114 1 1
0 8 112 1 1
0 2 110 1 1
0 6 117 1 1
0 9 114 1 1
0 10 113 1 1
0 9 111 1 1
0 10 110 1 1
0 4 119 1 1
0 12 112 1 1
0 7 113 1 1
0 5 118 1 1
0 1 111 1 1
0 8 115 1 1
0 1 110 1 1
0 2 111 1 1
0 8 117 1 1
0 1 114 1 1
0 7 116 1 1
0 13 113 1 1
0 6 115 1 1
0 5 114 1 1
0 2 115 1 1
0 5 118 1 1
0 10 112 1 1
0 9 118 1 1
0 10 119 1 1
0 3 116 1 1
0 4 117 1 1
0 3 112 1 1
0 9 111 1 1
0 6 119 1 1
0 8 110 1 1
0 4 113 1 1
0 10 114 1 1
0 7 114 1 1
0 9 114 1 1
0 6 114 1 1
0 8 114 1 1
0 5 114 1 1
0 4 114 1 1
0 3 114 1 1
0 2 114 1 1
0 1 114 1 1
0 11 114 1 1
0 1 115 1 1
0 2 116 1 1
0 8 122 1 1
0 7 121 1 1
0 3 118 1 1
0 5 120 1 1
0 6 121 1 1
0 6 120 1 1
0 5 119 1 1
0 4 119 1 1
0 13 115 1 1
0 7 122 1 1
0 9 124 1 1
0 9 123 1 1
0 10 124 1 1
0 8 123 1 1
0 3 117 1 1
0 2 117 1 1
0 4 118 1 1
0 1 116 1 1
0 2 116 1 1
0 3 116 1 1
0 4 116 1 1
0 5 116 1 1
0 8 116 1 1
0 6 116 1 1
0 9 116 1 1
0 7 116 1 1
0 10 116 1 1
0 11 116 1 1
0 1 116 1 1
0 3 122 1 1
0 4 121 1 1
0 7 121 1 1
0 5 120 1 1
0 2 123 1 1
0 1 124 1 1
0 6 119 1 1
0 8 117 1 1
0 2 115 1 1
0 6 122 1 1
0 9 119 1 1
0 10 118 1 1
0 9 116 1 1
0 10 115 1 1
0 4 124 1 1
0 12 117 1 1
0 7 118 1 1
0 5 123 1 1
0 1 116 1 1
0 8 120 1 1
0 1 115 1 1
0 2 116 1 1
0 8 122 1 1
0 1 119 1 1
0 7 121 1 1
0 13 118 1 1
0 6 120 1 1
0 5 119 1 1
0 2 120 1 1
0 5 123 1 1
0 10 117 1 1
0 9 123 1 1
0 10 124 1 1
0 3 121 1 1
0 4 122 1 1
0 3 117 1 1
0 9 116 1 1
0 6 124 1 1
0 8 115 1 1
0 4 118 1 1
0 10 119 1 1
0 7 119 1 1
0 9 119 1 1
0 6 119 1 1
0 8 119 1 1
0 5 119 1 1
0 4 119 1 1
0 3 119 1 1
0 2 119 1 1
0 1 119 1 1
0 11 119 1 1
0 1 120 1 1
0 2 121 1 1
0 8 127 1 1
0 7 126 1 1
0 3 123 1 1
0 5 125 1 1
0 6 126 1 1
0 6 125 1 1
0 5 124 1 1
0 4 124 1 1
0 13 120 1 1
0 7 127 1 1
0 9 129 1 1
0 9 128 1 1
0 10 129 1 1
0 8 128 1 1
0 3 122 1 1
0 2 122 1 1
0 4 123 1 1
0 1 121 1 1
0 2 121 1 1
0 3 121 1 1
0 4 121 1 1
0 5 121 1 1
0 8 121 1 1
0 6 121 1 1
0 9 121 1 1
0 7 121 1 1
0 10 121 1 1
0 11 121 1 1
0 1 121 1 1
0 3 127 1 1
0 4 126 1 1
0 7 126 1 1
0 5 125 1 1
0 2 128 1 1
0 1 129 1 1
0 6 124 1 1
0 8 122 1 1
0 2 120 1 1
0 6 127 1 1
0 9 124 1 1
0 10 123 1 1
0 9 121 1 1
0 10 120 1 1
0 4 129 1 1
0 12 122 1 1
0 7 123 1 1
0 5 128 1 1
0 1 121 1 1
0 8 125 1 1
0 1 120 1 1
0 2 121 1 1
0 8 127 1 1
0 1 124 1 1
0 7 126 1 1
0 13 123 1 1
0 6 125 1 1
0 5 124 1 1
0 2 125 1 1
0 5 128 1 1
0 10 122 1 1
0 9 128 1 1
0 10 129 1 1
0 3 126 1 1
0 4 127 1 1
0 3 122 1 1
0 9 121 1 1
0 6 129 1 1
0 8 120 1 1
0 4 123 1 1
0 10 124 1 1
0 7 124 1 1
0 9 124 1 1
0 6 124 1 1
0 8 124 1 1
0 5 124 1 1
0 4 124 1 1
0 3 124 1 1
0 2 124 1 1
0 1 124 1 1
0 11 124 1 1
0 1 125 1 1
0 2 126 1 1
0 8 132 1 1
0 7 131 1 1
0 3 128 1 1
0 5 130 1 1
0 6 131 1 1
0 6 130 1 1
0 5 129 1 1
0 4 129 1 1
0 13 125 1 1
0 7 132 1 1
0 9 134 1 1
0 9 133 1 1
0 10 134 1 1
0 8 133 1 1
0 3 127 1 1
0 2 127 1 1
0 4 128 1 1
0 1 126 1 1
0 2 126 1 1
0 3 126 1 1
0 4 126 1 1
0 5 126 1 1
0 8 126 1 1
0 6 126 1 1
0 9 126 1 1
0 7 126 1 1
0 10 126 1 1
0 11 126 1 1
0 1 126 1 1
0 3 132 1 1
0 4 131 1 1
0 7 131 1 1
0 5 130 1 1
0 2 133 1 1
0 1 134 1 1
0 6 129 1 1
0 8 127 1 1
0 2 125 1 1
0 6 132 1 1
0 9 129 1 1
0 10 128 1 1
0 9 126 1 1
0 10 125 1 1
0 4 134 1 1
0 12 127 1 1
0 7 128 1 1
0 5 133 1 1
0 1 126 1 1
0 8 130 1 1
0 1 125 1 1
0 2 126 1 1
0 8 132 1 1
0 1 129 1 1
0 7 131 1 1
0 13 128 1 1
0 6 130 1 1
0 5 129 1 1
0 2 130 1 1
0 5 133 1 1
0 10 127 1 1
0 9 133 1 1
0 10 134 1 1
0 3 131 1 1
0 4 132 1 1
0 3 127 1 1
0 9 126 1 1
0 6 134 1 1
0 8 125 1 1
0 4 128 1 1
0 10 129 1 1
0 7 129 1 1
0 9 129 1 1
0 6 129 1 1
0 8 129 1 1
0 5 129 1 1
0 4 129 1 1
0 3 129 1 1
0 2 129 1 1
0 1 129 1 1
0 11 129 1 1
0 1 130 1 1
0 2 131 1 1
0 8 137 1 1
0 7 136 1 1
0 3 133 1 1
0 5 135 1 1
0 6 136 1 1
0 6 135 1 1
0 5 134 1 1
0 4 134 1 1
0 13 130 1 1
0 7 137 1 1
0 9 139 1 1
0 9 138 1 1
0 10 139 1 1
0 8 138 1 1
0 3 132 1 1
0 2 132 1 1
0 4 133 1 1
0 1 131 1 1
0 2 131 1 1
0 3 131 1 1
0 4 131 1 1
0 5 131 1 1
0 8 131 1 1
0 6 131 1 1
0 9 131 1 1
0 7 131 1 1
0 10 131 1 1
0 11 131 1 1
0 1 131 1 1
0 3 137 1 1
0 4 136 1 1
0 7 136 1 1
0 5 135 1 1
0 2 138 1 1
0 1 139 1 1
0 6 134 1 1
0 8 132 1 1
0 2 130 1 1
0 6 137 1 1
0 9 134 1 1
0 10 133 1 1
0 9 131 1 1
0 10 130 1 1
0 4 139 1 1
0 12 132 1 1
0 7 133 1 1
0 5 138 1 1
0 1 131 1 1
0 8 135 1 1
0 1 130 1 1
0 2 131 1 1
0 8 137 1 1
0 1 134 1 1
0 7 136 1 1
0 13 133 1 1
0 6 135 1 1
0 5 134 1 1
0 2 135 1 1
0 5 138 1 1
0 10 132 1 1
0 9 138 1 1
0 10 139 1 1
0 3 136 1 1
0 4 137 1 1
0 3 132 1 1
0 9 131 1 1
0 6 139 1 1
0 8 130 1 1
0 4 133 1 1
0 10 134 1 1
0 7 134 1 1
0 9 134 1 1
0 6 134 1 1
0 8 134 1 1
0 5 134 1 1
0 4 134 1 1
0 3 134 1 1
0 2 134 1 1
0 1 134 1 1
0 11 134 1 1
0 1 135 1 1
0 2 136 1 1
0 8 142 1 1
0 7 141 1 1
0 3 138 1 1
0 5 140 1 1
0 6 141 1 1
0 6 140 1 1
0 5 139 1 1
0 4 139 1 1
0 13 135 1 1
0 7 142 1 1
0 9 144 1 1
0 9 143 1 1
0 10 144 1 1
0 8 143 1 1
0 3 137 1 1
0 2 137 1 1
0 4 138 1 1
0 1 136 1 1
0 2 136 1 1
0 3 136 1 1
0 4 136 1 1
0 5 136 1 1
0 8 136 1 1
0 6 136 1 1
0 9 136 1 1
0 7 136 1 1
0 10 136 1 1
0 11 136 1 1
0 1 136 1 1
0 3 142 1 1
0 4 141 1 1
0 7 141 1 1
0 5 140 1 1
0 2 143 1 1
0 1 144 1 1
0 6 139 1 1
0 8 137 1 1
0 2 135 1 1
0 6 142 1 1
0 9 139 1 1
0 10 138 1 1
0 9 136 1 1
0 10 135 1 1
0 4 144 1 1
0 12 137 1 1
0 7 138 1 1
0 5 143 1 1
0 1 136 1 1
0 8 140 1 1
0 1 135 1 1
0 2 136 1 1
0 8 142 1 1
0 1 139 1 1
0 7 141 1 1
0 13 138 1 1
0 6 140 1 1
0 5 139 1 1
0 2 140 1 1
0 5 143 1 1
0 10 137 1 1
0 9 143 1 1
0 10 144 1 1
0 3 141 1 1
0 4 142 1 1
0 3 137 1 1
0 9 136 1 1
0 6 144 1 1
0 8 135 1 1
0 4 138 1 1
0 10 139 1 1
0 7 139 1 1
0 9 139 1 1
0 6 139 1 1
0 8 139 1 1
0 5 139 1 1
0 4 139 1 1
0 3 139 1 1
0 2 139 1 1
0 1 139 1 1
0 11 139 1 1
0 1 140 1 1
0 2 141 1 1
0 8 147 1 1
0 7 146 1 1
0 3 143 1 1
0 5 145 1 1
0 6 146 1 1
0 6 145 1 1
0 5 144 1 1
0 4 144 1 1
0 13 140 1 1
0 7 147 1 1
0 9 149 1 1
0 9 148 1 1
0 10 149 1 1
0 8 148 1 1
0 3 142 1 1
0 2 142 1 1
0 4 143 1 1
0 1 141 1 1
0 2 141 1 1
0 3 141 1 1
0 4 141 1 1
0 5 141 1 1
0 8 141 1 1
0 6 141 1 1
0 9 141 1 1
0 7 141 1 1
0 10 141 1 1
0 11 141 1 1
0 1 141 1 1
0 3 147 1 1
0 4 146 1 1
0 7 146 1 1
0 5 145 1 1
0 2 148 1 1
0 1 149 1 1
0 6 144 1 1
0 8 142 1 1
0 2 140 1 1
0 6 147 1 1
0 9 144 1 1
0 10 143 1 1
0 9 141 1 1
0 10 140 1 1
0 4 149 1 1
0 12 142 1 1
0 7 143 1 1
0 5 148 1 1
0 1 141 1 1
0 8 145 1 1
0 1 140 1 1
0 2 141 1 1
0 8 147 1 1
0 1 144 1 1
0 7 146 1 1
0 13 143 1 1
0 6 145 1 1
0 5 144 1 1
0 2 145 1 1
0 5 148 1 1
0 10 142 1 1
0 9 148 1 1
0 10 149 1 1
0 3 146 1 1
0 4 147 1 1
0 3 142 1 1
0 9 141 1 1
0 6 149 1 1
0 8 140 1 1
0 4 143 1 1
0 10 144 1 1
0 7 144 1 1
0 9 144 1 1
0 6 144 1 1
0 8 144 1 1
0 5 144 1 1
0 4 144 1 1
0 3 144 1 1
0 2 144 1 1
0 1 144 1 1
0 11 144 1 1
0 1 145 1 1
0 2 146 1 1
0 8 152 1 1
0 7 151 1 1
0 3 148 1 1
0 5 150 1 1
0 6 151 1 1
0 6 150 1 1
0 5 149 1 1
0 4 149 1 1
0 13 145 1 1
0 7 152 1 1
0 9 154 1 1
0 9 153 1 1
0 10 154 1 1
0 8 153 1 1
0 3 147 1 1
0 2 147 1 1
0 4 148 1 1
0 1 146 1 1
0 2 146 1 1
0 3 146 1 1
0 4 146 1 1
0 5 146 1 1
0 8 146 1 1
0 6 146 1 1
0 9 146 1 1
0 7 146 1 1
0 10 146 1 1
0 11 146 1 1
0 1 146 1 1
0 3 152 1 1
0 4 151 1 1
0 7 151 1 1
0 5 150 1 1
0 2 153 1 1
0 1 154 1 1
0 6 149 1 1
0 8 147 1 1
0 2 145 1 1
0 6 152 1 1
0 9 149 1 1
0 10 148 1 1
0 9 146 1 1
0 10 145 1 1
0 4 154 1 1
0 12 147 1 1
0 7 148 1 1
0 5 153 1 1
0 1 146 1 1
0 8 150 1 1
0 1 145 1 1
0 2 146 1 1
0 8 152 1 1
0 1 149 1 1
0 7 151 1 1
0 13 148 1 1
0 6 150 1 1
0 5 149 1 1
0 2 150 1 1
0 5 153 1 1
0 10 147 1 1
0 9 153 1 1
0 10 154 1 1
0 3 151 1 1
0 4 152 1 1
0 3 147 1 1
0 9 146 1 1
0 6 154 1 1
0 8 145 1 1
0 4 148 1 1
0 10 149 1 1
0 7 149 1 1
0 9 149 1 1
0 6 149 1 1
0 8 149 1 1
0 5 149 1 1
0 4 149 1 1
0 3 149 1 1
0 2 149 1 1
0 1 149 1 1
0 11 149 1 1
0 1 150 1 1
0 2 151 1 1
0 8 157 1 1
0 7 156 1 1
0 3 153 1 1
0 5 155 1 1
0 6 156 1 1
0 6 155 1 1
0 5 154 1 1
0 4 154 1 1
0 13 150 1 1
0 7 157 1 1
0 9 159 1 1
0 9 158 1 1
0 10 159 1 1
0 8 158 1 1
0 3 152 1 1
0 2 152 1 1
0 4 153 1 1
0 1 151 1 1
0 2 151 1 1
0 3 151 1 1
0 4 151 1 1
0 5 151 1 1
0 8 151 1 1
0 6 151 1 1
0 9 151 1 1
0 7 151 1 1
0 10 151 1 1
0 11 151 1 1
0 1 151 1 1
0 3 157 1 1
0 4 156 1 1
0 7 156 1 1
0 5 155 1 1
0 2 158 1 1
0 1 159 1 1
0 6 154 1 1
0 8 152 1 1
0 2 150 1 1
0 6 157 1 1
0 9 154 1 1
0 10 153 1 1
0 9 151 1 1
0 10 150 1 1
0 4 159 1 1
0 12 152 1 1
0 7 153 1 1
0 5 158 1 1
0 1 151 1 1
0 8 155 1 1
0 1 150 1 1
0 2 151 1 1
0 8 157 1 1
0 1 154 1 1
0 7 156 1 1
0 13 153 1 1
0 6 155 1 1
0 5 154 1 1
0 2 155 1 1
0 5 158 1 1
0 10 152 1 1
0 9 158 1 1
0 10 159 1 1
0 3 156 1 1
0 4 157 1 1
0 3 152 1 1
0 9 151 1 1
0 6 159 1 1
0 8 150 1 1
0 4 153 1 1
0 10 154 1 1
0 7 154 1 1
0 9 154 1 1
0 6 154 1 1
0 8 154 1 1
0 5 154 1 1
0 4 154 1 1
0 3 154 1 1
0 2 154 1 1
0 1 154 1 1
0 11 154 1 1
0 1 155 1 1
0 2 156 1 1
0 8 162 1 1
0 7 161 1 1
0 3 158 1 1
0 5 160 1 1
0 6 161 1 1
0 6 160 1 1
0 5 159 1 1
0 4 159 1 1
0 13 155 1 1
0 7 162 1 1
0 9 164 1 1
0 9 163 1 1
0 10 164 1 1
0 8 163 1 1
0 3 157 1 1
0 2 157 1 1
0 4 158 1 1
0 1 156 1 1
0 2 156 1 1
0 3 156 1 1
0 4 156 1 1
0 5 156 1 1
0 8 156 1 1
0 6 156 1 1
0 9 156 1 1
0 7 156 1 1
0 10 156 1 1
0 11 156 1 1
0 1 156 1 1
0 3 162 1 1
0 4 161 1 1
0 7 161 1 1
0 5 160 1 1
0 2 163 1 1
0 1 164 1 1
0 6 159 1 1
0 8 157 1 1
0 2 155 1 1
0 6 162 1 1
0 9 159 1 1
0 10 158 1 1
0 9 156 1 1
0 10 155 1 1
0 4 164 1 1
0 12 157 1 1
0 7 158 1 1
0 5 163 1 1
0 1 156 1 1
0 8 160 1 1
0 1 155 1 1
0 2 156 1 1
0 8 162 1 1
0 1 159 1 1
0 7 161 1 1
0 13 158 1 1
0 6 160 1 1
0 5 159 1 1
0 2 160 1 1
0 5 163 1 1
0 10 157 1 1
0 9 163 1 1
0 10 164 1 1
0 3 161 1 1
0 4 162 1 1
0 3 157 1 1
0 9 156 1 1
0 6 164 1 1
0 8 155 1 1
0 4 158 1 1
0 10 159 1 1
0 7 159 1 1
0 9 159 1 1
0 6 159 1 1
0 8 159 1 1
0 5 159 1 1
0 4 159 1 1
0 3 159 1 1
0 2 159 1 1
0 1 159 1 1
0 11 159 1 1
0 1 160 1 1
0 2 161 1 1
0 8 167 1 1
0 7 166 1 1
0 3 163 1 1
0 5 165 1 1
0 6 166 1 1
0 6 165 1 1
0 5 164 1 1
0 4 164 1 1
0 13 160 1 1
0 7 167 1 1
0 9 169 1 1
0 9 168 1 1
0 10 169 1 1
0 8 168 1 1
0 3 162 1 1
0 2 162 1 1
0 4 163 1 1
0 1 161 1 1
0 2 161 1 1
0 3 161 1 1
0 4 161 1 1
0 5 161 1 1
0 8 161 1 1
0 6 161 1 1
0 9 161 1 1
0 7 161 1 1
0 10 161 1 1
0 11 161 1 1
0 1 161 1 1
0 3 167 1 1
0 4 166 1 1
0 7 166 1 1
0 5 165 1 1
0 2 168 1 1
0 1 169 1 1
0 6 164 1 1
0 8 162 1 1
0 2 160 1 1
0 6 167 1 1
0 9 164 1 1
0 10 163 1 1
0 9 161 1 1
0 10 160 1 1
0 4 169 1 1
0 12 162 1 1
0 7 163 1 1
0 5 168 1 1
0 1 161 1 1
0 8 165 1 1
0 1 160 1 1
0 2 161 1 1
0 8 167 1 1
0 1 164 1 1
0 7 166 1 1
0 13 163 1 1
0 6 165 1 1
0 5 164 1 1
0 2 165 1 1
0 5 168 1 1
0 10 162 1 1
0 9 168 1 1
0 10 169 1 1
0 3 166 1 1
0 4 167 1 1
0 3 162 1 1
0 9 161 1 1
0 6 169 1 1
0 8 160 1 1
0 4 163 1 1
0 10 164 1 1
0 7 164 1 1
0 9 164 1 1
0 6 164 1 1
0 8 164 1 1
0 5 164 1 1
0 4 164 1 1
0 3 164 1 1
0 2 164 1 1
0 1 164 1 1
0 11 164 1 1
0 1 165 1 1
0 2 166 1 1
0 8 172 1 1
0 7 171 1 1
0 3 168 1 1
0 5 170 1 1
0 6 171 1 1
0 6 170 1 1
0 5 169 1 1
0 4 169 1 1
0 13 165 1 1
0 7 172 1 1
0 9 174 1 1
0 9 173 1 1
0 10 174 1 1
0 8 173 1 1
0 3 167 1 1
0 2 167 1 1
0 4 168 1 1
0 1 166 1 1
0 2 166 1 1
0 3 166 1 1
0 4 166 1 1
0 5 166 1 1
0 8 166 1 1
0 6 166 1 1
0 9 166 1 1
0 7 166 1 1
0 10 166 1 1
0 11 166 1 1
0 1 166 1 1
0 3 172 1 1
0 4 171 1 1
0 7 171 1 1
0 5 170 1 1
0 2 173 1 1
0 1 174 1 1
0 6 169 1 1
0 8 167 1 1
0 2 165 1 1
0 6 172 1 1
0 9 169 1 1
0 10 168 1 1
0 9 166 1 1
0 10 165 1 1
0 4 174 1 1
0 12 167 1 1
0 7 168 1 1
0 5 173 1 1
0 1 166 1 1
0 8 170 1 1
0 1 165 1 1
0 2 166 1 1
0 8 172 1 1
0 1 169 1 1
0 7 171 1 1
0 13 168 1 1
0 6 170 1 1
0 5 169 1 1
0 2 170 1 1
0 5 173 1 1
0 10 167 1 1
0 9 173 1 1
0 10 174 1 1
0 3 171 1 1
0 4 172 1 1
0 3 167 1 1
0 9 166 1 1
0 6 174 1 1
0 8 165 1 1
0 4 168 1 1
0 10 169 1 1
0 7 169 1 1
0 9 169 1 1
0 6 169 1 1
0 8 169 1 1
0 5 169 1 1
0 4 169 1 1
0 3 169 1 1
0 2 169 1 1
0 1 169 1 1
0 11 169 1 1
0 1 170 1 1
0 2 171 1 1
0 8 177 1 1
0 7 176 1 1
0 3 173 1 1
0 5 175 1 1
0 6 176 1 1
0 6 175 1 1
0 5 174 1 1
0 4 174 1 1
0 13 170 1 1
0 7 177 1 1
0 9 179 1 1
0 9 178 1 1
0 10 179 1 1
0 8 178 1 1
0 3 172 1 1
0 2 172 1 1
0 4 173 1 1
0 1 171 1 1
0 2 171 1 1
0 3 171 1 1
0 4 171 1 1
0 5 171 1 1
0 8 171 1 1
0 6 171 1 1
0 9 171 1 1
0 7 171 1 1
0 10 171 1 1
0 11 171 1 1
0 1 171 1 1
0 3 177 1 1
0 4 176 1 1
0 7 176 1 1
0 5 175 1 1
0 2 178 1 1
0 1 179 1 1
0 6 174 1 1
0 8 172 1 1
0 2 170 1 1
0 6 177 1 1
0 9 174 1 1
0 10 173 1 1
0 9 171 1 1
0 10 170 1 1
0 4 179 1 1
0 12 172 1 1
0 7 173 1 1
0 5 178 1 1
0 1 171 1 1
0 8 175 1 1
0 1 170 1 1
0 2 171 1 1
0 8 177 1 1
0 1 174 1 1
0 7 176 1 1
0 13 173 1 1
0 6 175 1 1
0 5 174 1 1
0 2 175 1 1
0 5 178 1 1
0 10 172 1 1
0 9 178 1 1
0 10 179 1 1
0 3 176 1 1
0 4 177 1 1
0 3 172 1 1
0 9 171 1 1
0 6 179 1 1
0 8 170 1 1
0 4 173 1 1
0 10 174 1 1
0 7 174 1 1
0 9 174 1 1
0 6 174 1 1
0 8 174 1 1
0 5 174 1 1
0 4 174 1 1
0 3 174 1 1
0 2 174 1 1
0 1 174 1 1
0 11 174 1 1
0 1 175 1 1
0 2 176 1 1
0 8 182 1 1
0 7 181 1 1
0 3 178 1 1
0 5 180 1 1
0 6 181 1 1
0 6 180 1 1
0 5 179 1 1
0 4 179 1 1
0 13 175 1 1
0 7 182 1 1
0 9 184 1 1
0 9 183 1 1
0 10 184 1 1
0 8 183 1 1
0 3 177 1 1
0 2 177 1 1
0 4 178 1 1
0 1 176 1 1
0 2 176 1 1
0 3 176 1 1
0 4 176 1 1
0 5 176 1 1
0 8 176 1 1
0 6 176 1 1
0 9 176 1 1
0 7 176 1 1
0 10 176 1 1
0 11 176 1 1
0 1 176 1 1
0 3 182 1 1
0 4 181 1 1
0 7 181 1 1
0 5 180 1 1
0 2 183 1 1
0 1 184 1 1
0 6 179 1 1
0 8 177 1 1
0 2 175 1 1
0 6 182 1 1
0 9 179 1 1
0 10 178 1 1
0 9 176 1 1
0 10 175 1 1
0 4 184 1 1
0 12 177 1 1
0 7 178 1 1
0 5 183 1 1
0 1 176 1 1
0 8 180 1 1
0 1 175 1 1
0 2 176 1 1
0 8 182 1 1
0 1 179 1 1
0 7 181 1 1
0 13 178 1 1
0 6 180 1 1
0 5 179 1 1
0 2 180 1 1
0 5 183 1 1
0 10 177 1 1
0 9 183 1 1
0 10 184 1 1
0 3 181 1 1
0 4 182 1 1
0 3 177 1 1
0 9 176 1 1
0 6 184 1 1
0 8 175 1 1
0 4 178 1 1
0 10 179 1 1
0 7 179 1 1
0 9 179 1 1
0 6 179 1 1
0 8 179 1 1
0 5 179 1 1
0 4 179 1 1
0 3 179 1 1
0 2 179 1 1
0 1 179 1 1
0 11 179 1 1
0 1 180 1 1
0 2 181 1 1
0 8 187 1 1
0 7 186 1 1
0 3 183 1 1
0 5 185 1 1
0 6 186 1 1
0 6 185 1 1
0 5 184 1 1
0 4 184 1 1
0 13 180 1 1
0 7 187 1 1
0 9 189 1 1
0 9 188 1 1
0 10 189 1 1
0 8 188 1 1
0 3 182 1 1
0 2 182 1 1
0 4 183 1 1
0 1 181 1 1
0 2 181 1 1
0 3 181 1 1
0 4 181 1 1
0 5 181 1 1
0 8 181 1 1
0 6 181 1 1
0 9 181 1 1
0 7 181 1 1
0 10 181 1 1
0 11 181 1 1
0 1 181 1 1
0 3 187 1 1
0 4 186 1 1
0 7 186 1 1
0 5 185 1 1
0 2 188 1 1
0 1 189 1 1
0 6 184 1 1
0 8 182 1 1
0 2 180 1 1
0 6 187 1 1
0 9 184 1 1
0 10 183 1 1
0 9 181 1 1
0 10 180 1 1
0 4 189 1 1
0 12 182 1 1
0 7 183 1 1
0 5 188 1 1
0 1 181 1 1
0 8 185 1 1
0 1 180 1 1
0 2 181 1 1
0 8 187 1 1
0 1 184 1 1
0 7 186 1 1
0 13 183 1 1
0 6 185 1 1
0 5 184 1 1
0 2 185 1 1
0 5 188 1 1
0 10 182 1 1
0 9 188 1 1
0 10 189 1 1
0 3 186 1 1
0 4 187 1 1
0 3 182 1 1
0 9 181 1 1
0 6 189 1 1
0 8 180 1 1
0 4 183 1 1
0 10 184 1 1
0 7 184 1 1
0 9 184 1 1
0 6 184 1 1
0 8 184 1 1
0 5 184 1 1
0 4 184 1 1
0 3 184 1 1
0 2 184 1 1
0 1 184 1 1
0 11 184 1 1
0 1 185 1 1
0 2 186 1 1
0 8 192 1 1
0 7 191 1 1
0 3 188 1 1
0 5 190 1 1
0 6 191 1 1
0 6 190 1 1
0 5 189 1 1
0 4 189 1 1
0 13 185 1 1
0 7 192 1 1
0 9 194 1 1
0 9 193 1 1
0 10 194 1 1
0 8 193 1 1
0 3 187 1 1
0 2 187 1 1
0 4 188 1 1
0 1 186 1 1
0 2 186 1 1
0 3 186 1 1
0 4 186 1 1
0 5 186 1 1
0 8 186 1 1
0 6 186 1 1
0 9 186 1 1
0 7 186 1 1
0 10 186 1 1
0 11 186 1 1
0 1 186 1 1
0 3 192 1 1
0 4 191 1 1
0 7 191 1 1
0 5 190 1 1
0 2 193 1 1
0 1 194 1 1
0 6 189 1 1
0 8 187 1 1
0 2 185 1 1
0 6 192 1 1
0 9 189 1 1
0 10 188 1 1
0 9 186 1 1
0 10 185 1 1
0 4 194 1 1
0 12 187 1 1
0 7 188 1 1
0 5 193 1 1
0 1 186 1 1
0 8 190 1 1
0 1 185 1 1
0 2 186 1 1
0 8 192 1 1
0 1 189 1 1
0 7 191 1 1
0 13 188 1 1
0 6 190 1 1
0 5 189 1 1
0 2 190 1 1
0 5 193 1 1
0 10 187 1 1
0 9 193 1 1
0 10 194 1 1
0 3 191 1 1
0 4 192 1 1
0 3 187 1 1
0 9 186 1 1
0 6 194 1 1
0 8 185 1 1
0 4 188 1 1
0 10 189 1 1
0 7 189 1 1
0 9 189 1 1
0 6 189 1 1
0 8 189 1 1
0 5 189 1 1
0 4 189 1 1
0 3 189 1 1
0 2 189 1 1
0 1 189 1 1
0 11 189 1 1
0 1 190 1 1
0 2 191 1 1
0 8 197 1 1
0 7 196 1 1
0 3 193 1 1
0 5 195 1 1
0 6 196 1 1
0 6 195 1 1
0 5 194 1 1
0 4 194 1 1
0 13 190 1 1
0 7 197 1 1
0 9 199 1 1
0 9 198 1 1
0 10 199 1 1
0 8 198 1 1
0 3 192 1 1
0 2 192 1 1
0 4 193 1 1
0 1 191 1 1
0 2 191 1 1
0 3 191 1 1
0 4 191 1 1
0 5 191 1 1
0 8 191 1 1
0 6 191 1 1
0 9 191 1 1
0 7 191 1 1
0 10 191 1 1
0 11 191 1 1
0 1 191 1 1
0 3 197 1 1
0 4 196 1 1
0 7 196 1 1
0 5 195 1 1
0 2 198 1 1
0 1 199 1 1
0 6 194 1 1
0 8 192 1 1
0 2 190 1 1
0 6 197 1 1
0 9 194 1 1
0 10 193 1 1
0 9 191 1 1
0 10 190 1 1
0 4 199 1 1
0 12 192 1 1
0 7 193 1 1
0 5 198 1 1
0 1 191 1 1
0 8 195 1 1
0 1 190 1 1
0 2 191 1 1
0 8 197 1 1
0 1 194 1 1
0 7 196 1 1
0 13 193 1 1
0 6 195 1 1
0 5 194 1 1
0 2 195 1 1
0 5 198 1 1
0 10 192 1 1
0 9 198 1 1
0 10 199 1 1
0 3 196 1 1
0 4 197 1 1
0 3 192 1 1
0 9 191 1 1
0 6 199 1 1
0 8 190 1 1
0 4 193 1 1
0 10 194 1 1
0 7 194 1 1
0 9 194 1 1
0 6 194 1 1
0 8 194 1 1
0 5 194 1 1
0 4 194 1 1
0 3 194 1 1
0 2 194 1 1
0 1 194 1 1
0 11 194 1 1
0 1 195 1 1
0 2 196 1 1
0 8 202 1 1
0 7 201 1 1
0 3 198 1 1
0 5 200 1 1
0 6 201 1 1
0 6 200 1 1
0 5 199 1 1
0 4 199 1 1
0 13 195 1 1
0 7 202 1 1
0 9 204 1 1
0 9 203 1 1
0 10 204 1 1
0 8 203 1 1
0 3 197 1 1
0 2 197 1 1
0 4 198 1 1
0 1 196 1 1
0 2 196 1 1
0 3 196 1 1
0 4 196 1 1
0 5 196 1 1
0 8 196 1 1
0 6 196 1 1
0 9 196 1 1
0 7 196 1 1
0 10 196 1 1
0 11 196 1 1
0 1 196 1 1
0 3 202 1 1
0 4 201 1 1
0 7 201 1 1
0 5 200 1 1
0 2 203 1 1
0 1 204 1 1
0 6 199 1 1
0 8 197 1 1
0 2 195 1 1
0 6 202 1 1
0 9 199 1 1
0 10 198 1 1
0 9 196 1 1
0 10 195 1 1
0 4 204 1 1
0 12 197 1 1
0 7 198 1 1
0 5 203 1 1
0 1 196 1 1
0 8 200 1 1
0 1 195 1 1
0 2 196 1 1
0 8 202 1 1
0 1 199 1 1
0 7 201 1 1
0 13 198 1 1
0 6 200 1 1
0 5 199 1 1
0 2 200 1 1
0 5 203 1 1
0 10 197 1 1
0 9 203 1 1
0 10 204 1 1
0 3 201 1 1
0 4 202 1 1
0 3 197 1 1
0 9 196 1 1
0 6 204 1 1
0 8 195 1 1
0 4 198 1 1
0 10 199 1 1
0 7 199 1 1
0 9 199 1 1
0 6 199 1 1
0 8 199 1 1
0 5 199 1 1
0 4 199 1 1
0 3 199 1 1
0 2 199 1 1
0 1 199 1 1
0 11 199 1 1
0 1 200 1 1
0 2 201 1 1
0 8 207 1 1
0 7 206 1 1
0 3 203 1 1
0 5 205 1 1
0 6 206 1 1
0 6 205 1 1
0 5 204 1 1
0 4 204 1 1
0 13 200 1 1
0 7 207 1 1
0 9 209 1 1
0 9 208 1 1
0 10 209 1 1
0 8 208 1 1
0 3 202 1 1
0 2 202 1 1
0 4 203 1 1
0 1 201 1 1
0 2 201 1 1
0 3 201 1 1
0 4 201 1 1
0 5 201 1 1
0 8 201 1 1
0 6 201 1 1
0 9 201 1 1
0 7 201 1 1
0 10 201 1 1
0 11 201 1 1
0 1 201 1 1
0 3 207 1 1
0 4 206 1 1
0 7 206 1 1
0 5 205 1 1
0 2 208 1 1
0 1 209 1 1
0 6 204 1 1
0 8 202 1 1
0 2 200 1 1
0 6 207 1 1
0 9 204 1 1
0 10 203 1 1
0 9 201 1 1
0 10 200 1 1
0 4 209 1 1
0 12 202 1 1
0 7 203 1 1
0 5 208 1 1
0 1 201 1 1
0 8 205 1 1
0 1 200 1 1
0 2 201 1 1
0 8 207 1 1
0 1 204 1 1
0 7 206 1 1
0 13 203 1 1
0 6 205 1 1
0 5 204 1 1
0 2 205 1 1
0 5 208 1 1
0 10 202 1 1
0 9 208 1 1
0 10 209 1 1
0 3 206 1 1
0 4 207 1 1
0 3 202 1 1
0 9 201 1 1
0 6 209 1 1
0 8 200 1 1
0 4 203 1 1
0 10 204 1 1
0 7 204 1 1
0 9 204 1 1
0 6 204 1 1
0 8 204 1 1
0 5 204 1 1
0 4 204 1 1
0 3 204 1 1
0 2 204 1 1
0 1 204 1 1
0 11 204 1 1
0 1 205 1 1
0 2 206 1 1
0 8 212 1 1
0 7 211 1 1
0 3 208 1 1
0 5 210 1 1
0 6 211 1 1
0 6 210 1 1
0 5 209 1 1
0 4 209 1 1
0 13 205 1 1
0 7 212 1 1
0 9 214 1 1
0 9 213 1 1
0 10 214 1 1
0 8 213 1 1
0 3 207 1 1
0 2 207 1 1
0 4 208 1 1
0 1 206 1 1
0 2 206 1 1
0 3 206 1 1
0 4 206 1 1
0 5 206 1 1
0 8 206 1 1
0 6 206 1 1
0 9 206 1 1
0 7 206 1 1
0 10 206 1 1
0 11 206 1 1
0 1 206 1 1
0 3 212 1 1
0 4 211 1 1
0 7 211 1 1
0 5 210 1 1
0 2 213 1 1
0 1 214 1 1
0 6 209 1 1
0 8 207 1 1
0 2 205 1 1
0 6 212 1 1
0 9 209 1 1
0 10 208 1 1
0 9 206 1 1
0 10 205 1 1
0 4 214 1 1
0 12 207 1 1
0 7 208 1 1
0 5 213 1 1
0 1 206 1 1
0 8 210 1 1
0 1 205 1 1
0 2 206 1 1
0 8 212 1 1
0 1 209 1 1
0 7 211 1 1
0 13 208 1 1
0 6 210 1 1
0 5 209 1 1
0 2 210 1 1
0 5 213 1 1
0 10 207 1 1
0 9 213 1 1
0 10 214 1 1
0 3 211 1 1
0 4 212 1 1
0 3 207 1 1
0 9 206 1 1
0 6 214 1 1
0 8 205 1 1
0 4 208 1 1
0 10 209 1 1
0 7 209 1 1
0 9 209 1 1
0 6 209 1 1
0 8 209 1 1
0 5 209 1 1
0 4 209 1 1
0 3 209 1 1
0 2 209 1 1
0 1 209 1 1
0 11 209 1 1
0 1 210 1 1
0 2 211 1 1
0 8 217 1 1
0 7 216 1 1
0 3 213 1 1
0 5 215 1 1
0 6 216 1 1
0 6 215 1 1
0 5 214 1 1
0 4 214 1 1
0 13 210 1 1
0 7 217 1 1
0 9 219 1 1
0 9 218 1 1
0 10 219 1 1
0 8 218 1 1
0 3 212 1 1
0 2 212 1 1
0 4 213 1 1
0 1 211 1 1
0 2 211 1 1
0 3 211 1 1
0 4 211 1 1
0 5 211 1 1
0 8 211 1 1
0 6 211 1 1
0 9 211 1 1
0 7 211 1 1
0 10 211 1 1
0 11 211 1 1
0 1 211 1 1
0 3 217 1 1
0 4 216 1 1
0 7 216 1 1
0 5 215 1 1
0 2 218 1 1
0 1 219 1 1
0 6 214 1 1
0 8 212 1 1
0 2 210 1 1
0 6 217 1 1
0 9 214 1 1
0 10 213 1 1
0 9 211 1 1
0 10 210 1 1
0 4 219 1 1
0 12 212 1 1
0 7 213 1 1
0 5 218 1 1
0 1 211 1 1
0 8 215 1 1
0 1 210 1 1
0 2 211 1 1
0 8 217 1 1
0 1 214 1 1
0 7 216 1 1
0 13 213 1 1
0 6 215 1 1
0 5 214 1 1
0 2 215 1 1
0 5 218 1 1
0 10 212 1 1
0 9 218 1 1
0 10 219 1 1
0 3 216 1 1
0 4 217 1 1
0 3 212 1 1
0 9 211 1 1
0 6 219 1 1
0 8 210 1 1
0 4 213 1 1
0 10 214 1 1
0 7 214 1 1
0 9 214 1 1
0 6 214 1 1
0 8 214 1 1
0 5 214 1 1
0 4 214 1 1
0 3 214 1 1
0 2 214 1 1
0 1 214 1 1
0 11 214 1 1
0 1 215 1 1
0 2 216 1 1
0 8 222 1 1
0 7 221 1 1
0 3 218 1 1
0 5 220 1 1
0 6 221 1 1
0 6 220 1 1
0 5 219 1 1
0 4 219 1 1
0 13 215 1 1
0 7 222 1 1
0 9 224 1 1
0 9 223 1 1
0 10 224 1 1
0 8 223 1 1
0 3 217 1 1
0 2 217 1 1
0 4 218 1 1
0 1 216 1 1
0 2 216 1 1
0 3 216 1 1
0 4 216 1 1
0 5 216 1 1
0 8 216 1 1
0 6 216 1 1
0 9 216 1 1
0 7 216 1 1
0 10 216 1 1
0 11 216 1 1
0 1 216 1 1
0 3 222 1 1
0 4 221 1 1
0 7 221 1 1
0 5 220 1 1
0 2 223 1 1
0 1 224 1 1
0 6 219 1 1
0 8 217 1 1
0 2 215 1 1
0 6 222 1 1
0 9 219 1 1
0 10 218 1 1
0 9 216 1 1
0 10 215 1 1
0 4 224 1 1
0 12 217 1 1
0 7 218 1 1
0 5 223 1 1
0 1 216 1 1
0 8 220 1 1
0 1 215 1 1
0 2 216 1 1
0 8 222 1 1
0 1 219 1 1
0 7 221 1 1
0 13 218 1 1
0 6 220 1 1
0 5 219 1 1
0 2 220 1 1
0 5 223 1 1
0 10 217 1 1
0 9 223 1 1
0 10 224 1 1
0 3 221 1 1
0 4 222 1 1
0 3 217 1 1
0 9 216 1 1
0 6 224 1 1
0 8 215 1 1
0 4 218 1 1
0 10 219 1 1
0 7 219 1 1
0 9 219 1 1
0 6 219 1 1
0 8 219 1 1
0 5 219 1 1
0 4 219 1 1
0 3 219 1 1
0 2 219 1 1
0 1 219 1 1
0 11 219 1 1
0 1 220 1 1
0 2 221 1 1
0 8 227 1 1
0 7 226 1 1
0 3 223 1 1
0 5 225 1 1
0 6 226 1 1
0 6 225 1 1
0 5 224 1 1
0 4 224 1 1
0 13 220 1 1
0 7 227 1 1
0 9 229 1 1
0 9 228 1 1
0 10 229 1 1
0 8 228 1 1
0 3 222 1 1
0 2 222 1 1
0 4 223 1 1
0 1 221 1 1
0 2 221 1 1
0 3 221 1 1
0 4 221 1 1
0 5 221 1 1
0 8 221 1 1
0 6 221 1 1
0 9 221 1 1
0 7 221 1 1
0 10 221 1 1
0 11 221 1 1
0 1 221 1 1
0 3 227 1 1
0 4 226 1 1
0 7 226 1 1
0 5 225 1 1
0 2 228 1 1
0 1 229 1 1
0 6 224 1 1
0 8 222 1 1
0 2 220 1 1
0 6 227 1 1
0 9 224 1 1
0 10 223 1 1
0 9 221 1 1
0 10 220 1 1
0 4 229 1 1
0 12 222 1 1
0 7 223 1 1
0 5 228 1 1
0 1 221 1 1
0 8 225 1 1
0 1 220 1 1
0 2 221 1 1
0 8 227 1 1
0 1 224 1 1
0 7 226 1 1
0 13 223 1 1
0 6 225 1 1
0 5 224 1 1
0 2 225 1 1
0 5 228 1 1
0 10 222 1 1
0 9 228 1 1
0 10 229 1 1
0 3 226 1 1
0 4 227 1 1
0 3 222 1 1
0 9 221 1 1
0 6 229 1 1
0 8 220 1 1
0 4 223 1 1
0 10 224 1 1
0 7 224 1 1
0 9 224 1 1
0 6 224 1 1
0 8 224 1 1
0 5 224 1 1
0 4 224 1 1
0 3 224 1 1
0 2 224 1 1
0 1 224 1 1
0 11 224 1 1
0 1 225 1 1
0 2 226 1 1
0 8 232 1 1
0 7 231 1 1
0 3 228 1 1
0 5 230 1 1
0 6 231 1 1
0 6 230 1 1
0 5 229 1 1
0 4 229 1 1
0 13 225 1 1
0 7 232 1 1
0 9 234 1 1
0 9 233 1 1
0 10 234 1 1
0 8 233 1 1
0 3 227 1 1
0 2 227 1 1
0 4 228 1 1
0 1 226 1 1
0 2 226 1 1
0 3 226 1 1
0 4 226 1 1
0 5 226 1 1
0 8 226 1 1
0 6 226 1 1
0 9 226 1 1
0 7 226 1 1
0 10 226 1 1
0 11 226 1 1
0 1 226 1 1
0 3 232 1 1
0 4 231 1 1
0 7 231 1 1
0 5 230 1 1
0 2 233 1 1
0 1 234 1 1
0 6 229 1 1
0 8 227 1 1
0 2 225 1 1
0 6 232 1 1
0 9 229 1 1
0 10 228 1 1
0 9 226 1 1
0 10 225 1 1
0 4 234 1 1
0 12 227 1 1
0 7 228 1 1
0 5 233 1 1
0 1 226 1 1
0 8 230 1 1
0 1 225 1 1
0 2 226 1 1
0 8 232 1 1
0 1 229 1 1
0 7 231 1 1
0 13 228 1 1
0 6 230 1 1
0 5 229 1 1
0 2 230 1 1
0 5 233 1 1
0 10 227 1 1
0 9 233 1 1
0 10 234 1 1
0 3 231 1 1
0 4 232 1 1
0 3 227 1 1
0 9 226 1 1
0 6 234 1 1
0 8 225 1 1
0 4 228 1 1
0 10 229 1 1
0 7 229 1 1
0 9 229 1 1
0 6 229 1 1
0 8 229 1 1
0 5 229 1 1
0 4 229 1 1
0 3 229 1 1
0 2 229 1 1
0 1 229 1 1
0 11 229 1 1
0 1 230 1 1
0 2 231 1 1
0 8 237 1 1
0 7 236 1 1
0 3 233 1 1
0 5 235 1 1
0 6 236 1 1
0 6 235 1 1
0 5 234 1 1
0 4 234 1 1
0 13 230 1 1
0 7 237 1 1
0 9 239 1 1
0 9 238 1 1
0 10 239 1 1
0 8 238 1 1
0 3 232 1 1
0 2 232 1 1
0 4 233 1 1
0 1 231 1 1
0 2 231 1 1
0 3 231 1 1
0 4 231 1 1
0 5 231 1 1
0 8 231 1 1
0 6 231 1 1
0 9 231 1 1
0 7 231 1 1
0 10 231 1 1
0 11 231 1 1
0 1 231 1 1
0 3 237 1 1
0 4 236 1 1
0 7 236 1 1
0 5 235 1 1
0 2 238 1 1
0 1 239 1 1
0 6 234 1 1
0 8 232 1 1
0 2 230 1 1
0 6 237 1 1
0 9 234 1 1
0 10 233 1 1
0 9 231 1 1
0 10 230 1 1
0 4 239 1 1
0 12 232 1 1
0 7 233 1 1
0 5 238 1 1
0 1 231 1 1
0 8 235 1 1
0 1 230 1 1
0 2 231 1 1
0 8 237 1 1
0 1 234 1 1
0 7 236 1 1
0 13 233 1 1
0 6 235 1 1
0 5 234 1 1
0 2 235 1 1
0 5 238 1 1
0 10 232 1 1
0 9 238 1 1
0 10 239 1 1
0 3 236 1 1
0 4 237 1 1
0 3 232 1 1
0 9 231 1 1
0 6 239 1 1
0 8 230 1 1
0 4 233 1 1
0 10 234 1 1
0 7 234 1 1
0 9 234 1 1
0 6 234 1 1
0 8 234 1 1
0 5 234 1 1
0 4 234 1 1
0 3 234 1 1
0 2 234 1 1
0 1 234 1 1
0 11 234 1 1
0 1 235 1 1
0 2 236 1 1
0 8 242 1 1
0 7 241 1 1
0 3 238 1 1
0 5 240 1 1
0 6 241 1 1
0 6 240 1 1
0 5 239 1 1
0 4 239 1 1
0 13 235 1 1
0 7 242 1 1
0 9 244 1 1
0 9 243 1 1
0 10 244 1 1
0 8 243 1 1
0 3 237 1 1
0 2 237 1 1
0 4 238 1 1
0 1 236 1 1
0 2 236 1 1
0 3 236 1 1
0 4 236 1 1
0 5 236 1 1
0 8 236 1 1
0 6 236 1 1
0 9 236 1 1
0 7 236 1 1
0 10 236 1 1
0 11 236 1 1
0 1 236 1 1
0 3 242 1 1
0 4 241 1 1
0 7 241 1 1
0 5 240 1 1
0 2 243 1 1
0 1 244 1 1
0 6 239 1 1
0 8 237 1 1
0 2 235 1 1
0 6 242 1 1
0 9 239 1 1
0 10 238 1 1
0 9 236 1 1
0 10 235 1 1
0 4 244 1 1
0 12 237 1 1
0 7 238 1 1
0 5 243 1 1
0 1 236 1 1
0 8 240 1 1
0 1 235 1 1
0 2 236 1 1
0 8 242 1 1
0 1 239 1 1
0 7 241 1 1
0 13 238 1 1
0 6 240 1 1
0 5 239 1 1
0 2 240 1 1
0 5 243 1 1
0 10 237 1 1
0 9 243 1 1
0 10 244 1 1
0 3 241 1 1
0 4 242 1 1
0 3 237 1 1
0 9 236 1 1
0 6 244 1 1
0 8 235 1 1
0 4 238 1 1
0 10 239 1 1
0 7 239 1 1
0 9 239 1 1
0 6 239 1 1
0 8 239 1 1
0 5 239 1 1
0 4 239 1 1
0 3 239 1 1
0 2 239 1 1
0 1 239 1 1
0 11 239 1 1
0 1 240 1 1
0 2 241 1 1
0 8 247 1 1
0 7 246 1 1
0 3 243 1 1
0 5 245 1 1
0 6 246 1 1
0 6 245 1 1
0 5 244 1 1
0 4 244 1 1
0 13 240 1 1
0 7 247 1 1
0 9 249 1 1
0 9 248 1 1
0 10 249 1 1
0 8 248 1 1
0 3 242 1 1
0 2 242 1 1
0 4 243 1 1
0 1 241 1 1
0 2 241 1 1
0 3 241 1 1
0 4 241 1 1
0 5 241 1 1
0 8 241 1 1
0 6 241 1 1
0 9 241 1 1
0 7 241 1 1
0 10 241 1 1
0 11 241 1 1
0 1 241 1 1
0 3 247 1 1
0 4 246 1 1
0 7 246 1 1
0 5 245 1 1
0 2 248 1 1
0 1 249 1 1
0 6 244 1 1
0 8 242 1 1
0 2 240 1 1
0 6 247 1 1
0 9 244 1 1
0 10 243 1 1
0 9 241 1 1
0 10 240 1 1
0 4 249 1 1
0 12 242 1 1
0 7 243 1 1
0 5 248 1 1
0 1 241 1 1
0 8 245 1 1
0 1 240 1 1
0 2 241 1 1
0 8 247 1 1
0 1 244 1 1
0 7 246 1 1
0 13 243 1 1
0 6 245 1 1
0 5 244 1 1
0 2 245 1 1
0 5 248 1 1
0 10 242 1 1
0 9 248 1 1
0 10 249 1 1
0 3 246 1 1
0 4 247 1 1
0 3 242 1 1
0 9 241 1 1
0 6 249 1 1
0 8 240 1 1
0 4 243 1 1
0 10 244 1 1
0 7 244 1 1
0 9 244 1 1
0 6 244 1 1
0 8 244 1 1
0 5 244 1 1
0 4 244 1 1
0 3 244 1 1
0 2 244 1 1
0 1 244 1 1
0 11 244 1 1
0 1 245 1 1
0 2 246 1 1
0 8 252 1 1
0 7 251 1 1
0 3 248 1 1
0 5 250 1 1
0 6 251 1 1
0 6 250 1 1
0 5 249 1 1
0 4 249 1 1
0 13 245 1 1
0 7 252 1 1
0 9 254 1 1
0 9 253 1 1
0 10 254 1 1
0 8 253 1 1
0 3 247 1 1
0 2 247 1 1
0 4 248 1 1
0 1 246 1 1
0 2 246 1 1
0 3 246 1 1
0 4 246 1 1
0 5 246 1 1
0 8 246 1 1
0 6 246 1 1
0 9 246 1 1
0 7 246 1 1
0 10 246 1 1
0 11 246 1 1
0 1 246 1 1
0 3 252 1 1
0 4 251 1 1
0 7 251 1 1
0 5 250 1 1
0 2 253 1 1
0 1 254 1 1
0 6 249 1 1
0 8 247 1 1
0 2 245 1 1
0 6 252 1 1
0 9 249 1 1
0 10 248 1 1
0 9 246 1 1
0 10 245 1 1
0 4 254 1 1
0 12 247 1 1
0 7 248 1 1
0 5 253 1 1
0 1 246 1 1
0 8 250 1 1
0 1 245 1 1
0 2 246 1 1
0 8 252 1 1
0 1 249 1 1
0 7 251 1 1
0 13 248 1 1
0 6 250 1 1
0 5 249 1 1
0 2 250 1 1
0 5 253 1 1
0 10 247 1 1
0 9 253 1 1
0 10 254 1 1
0 3 251 1 1
0 4 252 1 1
0 3 247 1 1
0 9 246 1 1
0 6 254 1 1
0 8 245 1 1
0 4 248 1 1
0 10 249 1 1
0 7 249 1 1
0 9 249 1 1
0 6 249 1 1
0 8 249 1 1
0 5 249 1 1
0 4 249 1 1
0 3 249 1 1
0 2 249 1 1
0 1 249 1 1
0 11 249 1 1
0 1 250 1 1
0 2 251 1 1
0 8 257 1 1
0 7 256 1 1
0 3 253 1 1
0 5 255 1 1
0 6 256 1 1
0 6 255 1 1
0 5 254 1 1
0 4 254 1 1
0 13 250 1 1
0 7 257 1 1
0 9 259 1 1
0 9 258 1 1
0 10 259 1 1
0 8 258 1 1
0 3 252 1 1
0 2 252 1 1
0 4 253 1 1
0 1 251 1 1
0 2 251 1 1
0 3 251 1 1
0 4 251 1 1
0 5 251 1 1
0 8 251 1 1
0 6 251 1 1
0 9 251 1 1
0 7 251 1 1
0 10 251 1 1
0 11 251 1 1
0 1 251 1 1
0 3 257 1 1
0 4 256 1 1
0 7 256 1 1
0 5 255 1 1
0 2 258 1 1
0 1 259 1 1
0 6 254 1 1
0 8 252 1 1
0 2 250 1 1
0 6 257 1 1
0 9 254 1 1
0 10 253 1 1
0 9 251 1 1
0 10 250 1 1
0 4 259 1 1
0 12 252 1 1
0 7 253 1 1
0 5 258 1 1
0 1 251 1 1
0 8 255 1 1
0 1 250 1 1
0 2 251 1 1
0 8 257 1 1
0 1 254 1 1
0 7 256 1 1
0 13 253 1 1
0 6 255 1 1
0 5 254 1 1
0 2 255 1 1
0 5 258 1 1
0 10 252 1 1
0 9 258 1 1
0 10 259 1 1
0 3 256 1 1
0 4 257 1 1
0 3 252 1 1
0 9 251 1 1
0 6 259 1 1
0 8 250 1 1
0 4 253 1 1
0 10 254 1 1
0 7 254 1 1
0 9 254 1 1
0 6 254 1 1
0 8 254 1 1
0 5 254 1 1
0 4 254 1 1
0 3 254 1 1
0 2 254 1 1
0 1 254 1 1
0 11 254 1 1
0 1 255 1 1
0 2 256 1 1
0 8 262 1 1
0 7 261 1 1
0 3 258 1 1
0 5 260 1 1
0 6 261 1 1
0 6 260 1 1
0 5 259 1 1
0 4 259 1 1
0 13 255 1 1
0 7 262 1 1
0 9 264 1 1
0 9 263 1 1
0 10 264 1 1
0 8 263 1 1
0 3 257 1 1
0 2 257 1 1
0 4 258 1 1
0 1 256 1 1
0 2 256 1 1
0 3 256 1 1
0 4 256 1 1
0 5 256 1 1
0 8 256 1 1
0 6 256 1 1
0 9 256 1 1
0 7 256 1 1
0 10 256 1 1
0 11 256 1 1
0 1 256 1 1
0 3 262 1 1
0 4 261 1 1
0 7 261 1 1
0 5 260 1 1
0 2 263 1 1
0 1 264 1 1
0 6 259 1 1
0 8 257 1 1
0 2 255 1 1
0 6 262 1 1
0 9 259 1 1
0 10 258 1 1
0 9 256 1 1
0 10 255 1 1
0 4 264 1 1
0 12 257 1 1
0 7 258 1 1
0 5 263 1 1
0 1 256 1 1
0 8 260 1 1
0 1 255 1 1
0 2 256 1 1
0 8 262 1 1
0 1 259 1 1
0 7 261 1 1
0 13 258 1 1
0 6 260 1 1
0 5 259 1 1
0 2 260 1 1
0 5 263 1 1
0 10 257 1 1
0 9 263 1 1
0 10 264 1 1
0 3 261 1 1
0 4 262 1 1
0 3 257 1 1
0 9 256 1 1
0 6 264 1 1
0 8 255 1 1
0 4 258 1 1
0 10 259 1 1
0 7 259 1 1
0 9 259 1 1
0 6 259 1 1
0 8 259 1 1
0 5 259 1 1
0 4 259 1 1
0 3 259 1 1
0 2 259 1 1
0 1 259 1 1
0 11 259 1 1
0 1 260 1 1
0 2 261 1 1
0 8 267 1 1
0 7 266 1 1
0 3 263 1 1
0 5 265 1 1
0 6 266 1 1
0 6 265 1 1
0 5 264 1 1
0 4 264 1 1
0 13 260 1 1
0 7 267 1 1
0 9 269 1 1
0 9 268 1 1
0 10 269 1 1
0 8 268 1 1
0 3 262 1 1
0 2 262 1 1
0 4 263 1 1
0 1 261 1 1
0 2 261 1 1
0 3 261 1 1
0 4 261 1 1
0 5 261 1 1
0 8 261 1 1
0 6 261 1 1
0 9 261 1 1
0 7 261 1 1
0 10 261 1 1
0 11 261 1 1
0 1 261 1 1
0 3 267 1 1
0 4 266 1 1
0 7 266 1 1
0 5 265 1 1
0 2 268 1 1
0 1 269 1 1
0 6 264 1 1
0 8 262 1 1
0 2 260 1 1
0 6 267 1 1
0 9 264 1 1
0 10 263 1 1
0 9 261 1 1
0 10 260 1 1
0 4 269 1 1
0 12 262 1 1
0 7 263 1 1
0 5 268 1 1
0 1 261 1 1
0 8 265 1 1
0 1 260 1 1
0 2 261 1 1
0 8 267 1 1
0 1 264 1 1
0 7 266 1 1
0 13 263 1 1
0 6 265 1 1
0 5 264 1 1
0 2 265 1 1
0 5 268 1 1
0 10 262 1 1
0 9 268 1 1
0 10 269 1 1
0 3 266 1 1
0 4 267 1 1
0 3 262 1 1
0 9 261 1 1
0 6 269 1 1
0 8 260 1 1
0 4 263 1 1
0 10 264 1 1
0 7 264 1 1
0 9 264 1 1
0 6 264 1 1
0 8 264 1 1
0 5 264 1 1
0 4 264 1 1
0 3 264 1 1
0 2 264 1 1
0 1 264 1 1
0 11 264 1 1
0 1 265 1 1
0 2 266 1 1
0 8 272 1 1
0 7 271 1 1
0 3 268 1 1
0 5 270 1 1
0 6 271 1 1
0 6 270 1 1
0 5 269 1 1
0 4 269 1 1
0 13 265 1 1
0 7 272 1 1
0 9 274 1 1
0 9 273 1 1
0 10 274 1 1
0 8 273 1 1
0 3 267 1 1
0 2 267 1 1
0 4 268 1 1
0 1 266 1 1
0 2 266 1 1
0 3 266 1 1
0 4 266 1 1
0 5 266 1 1
0 8 266 1 1
0 6 266 1 1
0 9 266 1 1
0 7 266 1 1
0 10 266 1 1
0 11 266 1 1
0 1 266 1 1
0 3 272 1 1
0 4 271 1 1
0 7 271 1 1
0 5 270 1 1
0 2 273 1 1
0 1 274 1 1
0 6 269 1 1
0 8 267 1 1
0 2 265 1 1
0 6 272 1 1
0 9 269 1 1
0 10 268 1 1
0 9 266 1 1
0 10 265 1 1
0 4 274 1 1
0 12 267 1 1
0 7 268 1 1
0 5 273 1 1
0 1 266 1 1
0 8 270 1 1
0 1 265 1 1
0 2 266 1 1
0 8 272 1 1
0 1 269 1 1
0 7 271 1 1
0 13 268 1 1
0 6 270 1 1
0 5 269 1 1
0 2 270 1 1
0 5 273 1 1
0 10 267 1 1
0 9 273 1 1
0 10 274 1 1
0 3 271 1 1
0 4 272 1 1
0 3 267 1 1
0 9 266 1 1
0 6 274 1 1
0 8 265 1 1
0 4 268 1 1
0 10 269 1 1
0 7 269 1 1
0 9 269 1 1
0 6 269 1 1
0 8 269 1 1
0 5 269 1 1
0 4 269 1 1
0 3 269 1 1
0 2 269 1 1
0 1 269 1 1
0 11 269 1 1
0 1 270 1 1
0 2 271 1 1
0 8 277 1 1
0 7 276 1 1
0 3 273 1 1
0 5 275 1 1
0 6 276 1 1
0 6 275 1 1
0 5 274 1 1
0 4 274 1 1
0 13 270 1 1
0 7 277 1 1
0 9 279 1 1
0 9 278 1 1
0 10 279 1 1
0 8 278 1 1
0 3 272 1 1
0 2 272 1 1
0 4 273 1 1
0 1 271 1 1
0 2 271 1 1
0 3 271 1 1
0 4 271 1 1
0 5 271 1 1
0 8 271 1 1
0 6 271 1 1
0 9 271 1 1
0 7 271 1 1
0 10 271 1 1
0 11 271 1 1
0 1 271 1 1
0 3 277 1 1
0 4 276 1 1
0 7 276 1 1
0 5 275 1 1
0 2 278 1 1
0 1 279 1 1
0 6 274 1 1
0 8 272 1 1
0 2 270 1 1
0 6 277 1 1
0 9 274 1 1
0 10 273 1 1
0 9 271 1 1
0 10 270 1 1
0 4 279 1 1
0 12 272 1 1
0 7 273 1 1
0 5 278 1 1
0 1 271 1 1
0 8 275 1 1
0 1 270 1 1
0 2 271 1 1
0 8 277 1 1
0 1 274 1 1
0 7 276 1 1
0 13 273 1 1
0 6 275 1 1
0 5 274 1 1
0 2 275 1 1
0 5 278 1 1
0 10 272 1 1
0 9 278 1 1
0 10 279 1 1
0 3 276 1 1
0 4 277 1 1
0 3 272 1 1
0 9 271 1 1
0 6 279 1 1
0 8 270 1 1
0 4 273 1 1
0 10 274 1 1
0 7 274 1 1
0 9 274 1 1
0 6 274 1 1
0 8 274 1 1
0 5 274 1 1
0 4 274 1 1
0 3 274 1 1
0 2 274 1 1
0 1 274 1 1
0 11 274 1 1
0 1 275 1 1
0 2 276 1 1
0 8 282 1 1
0 7 281 1 1
0 3 278 1 1
0 5 280 1 1
0 6 281 1 1
0 6 280 1 1
0 5 279 1 1
0 4 279 1 1
0 13 275 1 1
0 7 282 1 1
0 9 284 1 1
0 9 283 1 1
0 10 284 1 1
0 8 283 1 1
0 3 277 1 1
0 2 277 1 1
0 4 278 1 1
0 1 276 1 1
0 2 276 1 1
0 3 276 1 1
0 4 276 1 1
0 5 276 1 1
0 8 276 1 1
0 6 276 1 1
0 9 276 1 1
0 7 276 1 1
0 10 276 1 1
0 11 276 1 1
0 1 276 1 1
0 3 282 1 1
0 4 281 1 1
0 7 281 1 1
0 5 280 1 1
0 2 283 1 1
0 1 284 1 1
0 6 279 1 1
0 8 277 1 1
0 2 275 1 1
0 6 282 1 1
0 9 279 1 1
0 10 278 1 1
0 9 276 1 1
0 10 275 1 1
0 4 284 1 1
0 12 277 1 1
0 7 278 1 1
0 5 283 1 1
0 1 276 1 1
0 8 280 1 1
0 1 275 1 1
0 2 276 1 1
0 8 282 1 1
0 1 279 1 1
0 7 281 1 1
0 13 278 1 1
0 6 280 1 1
0 5 279 1 1
0 2 280 1 1
0 5 283 1 1
0 10 277 1 1
0 9 283 1 1
0 10 284 1 1
0 3 281 1 1
0 4 282 1 1
0 3 277 1 1
0 9 276 1 1
0 6 284 1 1
0 8 275 1 1
0 4 278 1 1
0 10 279 1 1
0 7 279 1 1
0 9 279 1 1
0 6 279 1 1
0 8 279 1 1
0 5 279 1 1
0 4 279 1 1
0 3 279 1 1
0 2 279 1 1
0 1 279 1 1
0 11 279 1 1
0 1 280 1 1
0 2 281 1 1
0 8 287 1 1
0 7 286 1 1
0 3 283 1 1
0 5 285 1 1
0 6 286 1 1
0 6 285 1 1
0 5 284 1 1
0 4 284 1 1
0 13 280 1 1
0 7 287 1 1
0 9 289 1 1
0 9 288 1 1
0 10 289 1 1
0 8 288 1 1
0 3 282 1 1
0 2 282 1 1
0 4 283 1 1
0 1 281 1 1
0 2 281 1 1
0 3 281 1 1
0 4 281 1 1
0 5 281 1 1
0 8 281 1 1
0 6 281 1 1
0 9 281 1 1
0 7 281 1 1
0 10 281 1 1
0 11 281 1 1
0 1 281 1 1
0 3 287 1 1
0 4 286 1 1
0 7 286 1 1
0 5 285 1 1
0 2 288 1 1
0 1 289 1 1
0 6 284 1 1
0 8 282 1 1
0 2 280 1 1
0 6 287 1 1
0 9 284 1 1
0 10 283 1 1
0 9 281 1 1
0 10 280 1 1
0 4 289 1 1
0 12 282 1 1
0 7 283 1 1
0 5 288 1 1
0 1 281 1 1
0 8 285 1 1
0 1 280 1 1
0 2 281 1 1
0 8 287 1 1
0 1 284 1 1
0 7 286 1 1
0 13 283 1 1
0 6 285 1 1
0 5 284 1 1
0 2 285 1 1
0 5 288 1 1
0 10 282 1 1
0 9 288 1 1
0 10 289 1 1
0 3 286 1 1
0 4 287 1 1
0 3 282 1 1
0 9 281 1 1
0 6 289 1 1
0 8 280 1 1
0 4 283 1 1
0 10 284 1 1
0 7 284 1 1
0 9 284 1 1
0 6 284 1 1
0 8 284 1 1
0 5 284 1 1
0 4 284 1 1
0 3 284 1 1
0 2 284 1 1
0 1 284 1 1
0 11 284 1 1
0 1 285 1 1
0 2 286 1 1
0 8 292 1 1
0 7 291 1 1
0 3 288 1 1
0 5 290 1 1
0 6 291 1 1
0 6 290 1 1
0 5 289 1 1
0 4 289 1 1
0 13 285 1 1
0 7 292 1 1
0 9 294 1 1
0 9 293 1 1
0 10 294 1 1
0 8 293 1 1
0 3 287 1 1
0 2 287 1 1
0 4 288 1 1
0 1 286 1 1
0 2 286 1 1
0 3 286 1 1
0 4 286 1 1
0 5 286 1 1
0 8 286 1 1
0 6 286 1 1
0 9 286 1 1
0 7 286 1 1
0 10 286 1 1
0 11 286 1 1
0 1 286 1 1
0 3 292 1 1
0 4 291 1 1
0 7 291 1 1
0 5 290 1 1
0 2 293 1 1
0 1 294 1 1
0 6 289 1 1
0 8 287 1 1
0 2 285 1 1
0 6 292 1 1
0 9 289 1 1
0 10 288 1 1
0 9 286 1 1
0 10 285 1 1
0 4 294 1 1
0 12 287 1 1
0 7 288 1 1
0 5 293 1 1
0 1 286 1 1
0 8 290 1 1
0 1 285 1 1
0 2 286 1 1
0 8 292 1 1
0 1 289 1 1
0 7 291 1 1
0 13 288 1 1
0 6 290 1 1
0 5 289 1 1
0 2 290 1 1
0 5 293 1 1
0 10 287 1 1
0 9 293 1 1
0 10 294 1 1
0 3 291 1 1
0 4 292 1 1
0 3 287 1 1
0 9 286 1 1
0 6 294 1 1
0 8 285 1 1
0 4 288 1 1
0 10 289 1 1
0 7 289 1 1
0 9 289 1 1
0 6 289 1 1
0 8 289 1 1
0 5 289 1 1
0 4 289 1 1
0 3 289 1 1
0 2 289 1 1
0 1 289 1 1
0 11 289 1 1
0 1 290 1 1
0 2 291 1 1
0 8 297 1 1
0 7 296 1 1
0 3 293 1 1
0 5 295 1 1
0 6 296 1 1
0 6 295 1 1
0 5 294 1 1
0 4 294 1 1
0 13 290 1 1
0 7 297 1 1
0 9 299 1 1
0 9 298 1 1
0 10 299 1 1
0 8 298 1 1
0 3 292 1 1
0 2 292 1 1
0 4 293 1 1
0 1 291 1 1
0 2 291 1 1
0 3 291 1 1
0 4 291 1 1
0 5 291 1 1
0 8 291 1 1
0 6 291 1 1
0 9 291 1 1
0 7 291 1 1
0 10 291 1 1
0 11 291 1 1
0 1 291 1 1
0 3 297 1 1
0 4 296 1 1
0 7 296 1 1
0 5 295 1 1
0 2 298 1 1
0 1 299 1 1
0 6 294 1 1
0 8 292 1 1
0 2 290 1 1
0 6 297 1 1
0 9 294 1 1
0 10 293 1 1
0 9 291 1 1
0 10 290 1 1
0 4 299 1 1
0 12 292 1 1
0 7 293 1 1
0 5 298 1 1
0 1 291 1 1
0 8 295 1 1
0 1 290 1 1
0 2 291 1 1
0 8 297 1 1
0 1 294 1 1
0 7 296 1 1
0 13 293 1 1
0 6 295 1 1
0 5 294 1 1
0 2 295 1 1
0 5 298 1 1
0 10 292 1 1
0 9 298 1 1
0 10 299 1 1
0 3 296 1 1
0 4 297 1 1
0 3 292 1 1
0 9 291 1 1
0 6 299 1 1
0 8 290 1 1
0 4 293 1 1
0 10 294 1 1
0 7 294 1 1
0 9 294 1 1
0 6 294 1 1
0 8 294 1 1
0 5 294 1 1
0 4 294 1 1
0 3 294 1 1
0 2 294 1 1
0 1 294 1 1
0 11 294 1 1
0 1 295 1 1
0 2 296 1 1
0 8 302 1 1
0 7 301 1 1
0 3 298 1 1
0 5 300 1 1
0 6 301 1 1
0 6 300 1 1
0 5 299 1 1
0 4 299 1 1
0 13 295 1 1
0 7 302 1 1
0 9 304 1 1
0 9 303 1 1
0 10 304 1 1
0 8 303 1 1
0 3 297 1 1
0 2 297 1 1
0 4 298 1 1
0 1 296 1 1
0 2 296 1 1
0 3 296 1 1
0 4 296 1 1
0 5 296 1 1
0 8 296 1 1
0 6 296 1 1
0 9 296 1 1
0 7 296 1 1
0 10 296 1 1
0 11 296 1 1
0 1 296 1 1
0 3 302 1 1
0 4 301 1 1
0 7 301 1 1
0 5 300 1 1
0 2 303 1 1
0 1 304 1 1
0 6 299 1 1
0 8 297 1 1
0 2 295 1 1
0 6 302 1 1
0 9 299 1 1
0 10 298 1 1
0 9 296 1 1
0 10 295 1 1
0 4 304 1 1
0 12 297 1 1
0 7 298 1 1
0 5 303 1 1
0 1 296 1 1
0 8 300 1 1
0 1 295 1 1
0 2 296 1 1
0 8 302 1 1
0 1 299 1 1
0 7 301 1 1
0 13 298 1 1
0 6 300 1 1
0 5 299 1 1
0 2 300 1 1
0 5 303 1 1
0 10 297 1 1
0 9 303 1 1
0 10 304 1 1
0 3 301 1 1
0 4 302 1 1
0 3 297 1 1
0 9 296 1 1
0 6 304 1 1
0 8 295 1 1
0 4 298 1 1
0 10 299 1 1
0 7 299 1 1
0 9 299 1 1
0 6 299 1 1
0 8 299 1 1
0 5 299 1 1
0 4 299 1 1
0 3 299 1 1
0 2 299 1 1
0 1 299 1 1
0 11 299 1 1
0 1 300 1 1
0 2 301 1 1
0 8 307 1 1
0 7 306 1 1
0 3 303 1 1
0 5 305 1 1
0 6 306 1 1
0 6 305 1 1
0 5 304 1 1
0 4 304 1 1
0 13 300 1 1
0 7 307 1 1
0 9 309 1 1
0 9 308 1 1
0 10 309 1 1
0 8 308 1 1
0 3 302 1 1
0 2 302 1 1
0 4 303 1 1
0 1 301 1 1
0 2 301 1 1
0 3 301 1 1
0 4 301 1 1
0 5 301 1 1
0 8 301 1 1
0 6 301 1 1
0 9 301 1 1
0 7 301 1 1
0 10 301 1 1
0 11 301 1 1
0 1 301 1 1
0 3 307 1 1
0 4 306 1 1
0 7 306 1 1
0 5 305 1 1
0 2 308 1 1
0 1 309 1 1
0 6 304 1 1
0 8 302 1 1
0 2 300 1 1
0 6 307 1 1
0 9 304 1 1
0 10 303 1 1
0 9 301 1 1
0 10 300 1 1
0 4 309 1 1
0 12 302 1 1
0 7 303 1 1
0 5 308 1 1
0 1 301 1 1
0 8 305 1 1
0 1 300 1 1
0 2 301 1 1
0 8 307 1 1
0 1 304 1 1
0 7 306 1 1
0 13 303 1 1
0 6 305 1 1
0 5 304 1 1
0 2 305 1 1
0 5 308 1 1
0 10 302 1 1
0 9 308 1 1
0 10 309 1 1
0 3 306 1 1
0 4 307 1 1
0 3 302 1 1
0 9 301 1 1
0 6 309 1 1
0 8 300 1 1
0 4 303 1 1
0 10 304 1 1
0 7 304 1 1
0 9 304 1 1
0 6 304 1 1
0 8 304 1 1
0 5 304 1 1
0 4 304 1 1
0 3 304 1 1
0 2 304 1 1
0 1 304 1 1
0 11 304 1 1
0 1 305 1 1
0 2 306 1 1
0 8 312 1 1
0 7 311 1 1
0 3 308 1 1
0 5 310 1 1
0 6 311 1 1
0 6 310 1 1
0 5 309 1 1
0 4 309 1 1
0 13 305 1 1
0 7 312 1 1
0 9 314 1 1
0 9 313 1 1
0 10 314 1 1
0 8 313 1 1
0 3 307 1 1
0 2 307 1 1
0 4 308 1 1
0 1 306 1 1
0 2 306 1 1
0 3 306 1 1
0 4 306 1 1
0 5 306 1 1
0 8 306 1 1
0 6 306 1 1
0 9 306 1 1
0 7 306 1 1
0 10 306 1 1
0 11 306 1 1
0 1 306 1 1
0 3 312 1 1
0 4 311 1 1
0 7 311 1 1
0 5 310 1 1
0 2 313 1 1
0 1 314 1 1
0 6 309 1 1
0 8 307 1 1
0 2 305 1 1
0 6 312 1 1
0 9 309 1 1
0 10 308 1 1
0 9 306 1 1
0 10 305 1 1
0 4 314 1 1
0 12 307 1 1
0 7 308 1 1
0 5 313 1 1
0 1 306 1 1
0 8 310 1 1
0 1 305 1 1
0 2 306 1 1
0 8 312 1 1
0 1 309 1 1
0 7 311 1 1
0 13 308 1 1
0 6 310 1 1
0 5 309 1 1
0 2 310 1 1
0 5 313 1 1
0 10 307 1 1
0 9 313 1 1
0 10 314 1 1
0 3 311 1 1
0 4 312 1 1
0 3 307 1 1
0 9 306 1 1
0 6 314 1 1
0 8 305 1 1
0 4 308 1 1
0 10 309 1 1
0 7 309 1 1
0 9 309 1 1
0 6 309 1 1
0 8 309 1 1
0 5 309 1 1
0 4 309 1 1
0 3 309 1 1
0 2 309 1 1
0 1 309 1 1
0 11 309 1 1
0 1 310 1 1
0 2 311 1 1
0 8 317 1 1
0 7 316 1 1
0 3 313 1 1
0 5 315 1 1
0 6 316 1 1
0 6 315 1 1
0 5 314 1 1
0 4 314 1 1
0 13 310 1 1
0 7 317 1 1
0 9 319 1 1
0 9 318 1 1
0 10 319 1 1
0 8 318 1 1
0 3 312 1 1
0 2 312 1 1
0 4 313 1 1
0 1 311 1 1
0 2 311 1 1
0 3 311 1 1
0 4 311 1 1
0 5 311 1 1
0 8 311 1 1
0 6 311 1 1
0 9 311 1 1
0 7 311 1 1
0 10 311 1 1
0 11 311 1 1
0 1 311 1 1
0 3 317 1 1
0 4 316 1 1
0 7 316 1 1
0 5 315 1 1
0 2 318 1 1
0 1 319 1 1
0 6 314 1 1
0 8 312 1 1
0 2 310 1 1
0 6 317 1 1
0 9 314 1 1
0 10 313 1 1
0 9 311 1 1
0 10 310 1 1
0 4 319 1 1
0 12 312 1 1
0 7 313 1 1
0 5 318 1 1
0 1 311 1 1
0 8 315 1 1
0 1 310 1 1
0 2 311 1 1
0 8 317 1 1
0 1 314 1 1
0 7 316 1 1
0 13 313 1 1
0 6 315 1 1
0 5 314 1 1
0 2 315 1 1
0 5 318 1 1
0 10 312 1 1
0 9 318 1 1
0 10 319 1 1
0 3 316 1 1
0 4 317 1 1
0 3 312 1 1
0 9 311 1 1
0 6 319 1 1
0 8 310 1 1
0 4 313 1 1
0 10 314 1 1
0 7 314 1 1
0 9 314 1 1
0 6 314 1 1
0 8 314 1 1
0 5 314 1 1
0 4 314 1 1
0 3 314 1 1
0 2 314 1 1
0 1 314 1 1
0 11 314 1 1
0 1 315 1 1
0 2 316 1 1
0 8 322 1 1
0 7 321 1 1
0 3 318 1 1
0 5 320 1 1
0 6 321 1 1
0 6 320 1 1
0 5 319 1 1
0 4 319 1 1
0 13 315 1 1
0 7 322 1 1
0 9 324 1 1
0 9 323 1 1
0 10 324 1 1
0 8 323 1 1
0 3 317 1 1
0 2 317 1 1
0 4 318 1 1
0 1 316 1 1
0 2 316 1 1
0 3 316 1 1
0 4 316 1 1
0 5 316 1 1
0 8 316 1 1
0 6 316 1 1
0 9 316 1 1
0 7 316 1 1
0 10 316 1 1
0 11 316 1 1
0 1 316 1 1
0 3 322 1 1
0 4 321 1 1
0 7 321 1 1
0 5 320 1 1
0 2 323 1 1
0 1 324 1 1
0 6 319 1 1
0 8 317 1 1
0 2 315 1 1
0 6 322 1 1
0 9 319 1 1
0 10 318 1 1
0 9 316 1 1
0 10 315 1 1
0 4 324 1 1
0 12 317 1 1
0 7 318 1 1
0 5 323 1 1
0 1 316 1 1
0 8 320 1 1
0 1 315 1 1
0 2 316 1 1
0 8 322 1 1
0 1 319 1 1
0 7 321 1 1
0 13 318 1 1
0 6 320 1 1
0 5 319 1 1
0 2 320 1 1
0 5 323 1 1
0 10 317 1 1
0 9 323 1 1
0 10 324 1 1
0 3 321 1 1
0 4 322 1 1
0 3 317 1 1
0 9 316 1 1
0 6 324 1 1
0 8 315 1 1
0 4 318 1 1
0 10 319 1 1
0 7 319 1 1
0 9 319 1 1
0 6 319 1 1
0 8 319 1 1
0 5 319 1 1
0 4 319 1 1
0 3 319 1 1
0 2 319 1 1
0 1 319 1 1
0 11 319 1 1
0 1 320 1 1
0 2 321 1 1
0 8 327 1 1
0 7 326 1 1
0 3 323 1 1
0 5 325 1 1
0 6 326 1 1
0 6 325 1 1
0 5 324 1 1
0 4 324 1 1
0 13 320 1 1
0 7 327 1 1
0 9 329 1 1
0 9 328 1 1
0 10 329 1 1
0 8 328 1 1
0 3 322 1 1
0 2 322 1 1
0 4 323 1 1
0 1 321 1 1
0 2 321 1 1
0 3 321 1 1
0 4 321 1 1
0 5 321 1 1
0 8 321 1 1
0 6 321 1 1
0 9 321 1 1
0 7 321 1 1
0 10 321 1 1
0 11 321 1 1
0 1 321 1 1
0 3 327 1 1
0 4 326 1 1
0 7 326 1 1
0 5 325 1 1
0 2 328 1 1
0 1 329 1 1
0 6 324 1 1
0 8 322 1 1
0 2 320 1 1
0 6 327 1 1
0 9 324 1 1
0 10 323 1 1
0 9 321 1 1
0 10 320 1 1
0 4 329 1 1
0 12 322 1 1
0 7 323 1 1
0 5 328 1 1
0 1 321 1 1
0 8 325 1 1
0 1 320 1 1
0 2 321 1 1
0 8 327 1 1
0 1 324 1 1
0 7 326 1 1
0 13 323 1 1
0 6 325 1 1
0 5 324 1 1
0 2 325 1 1
0 5 328 1 1
0 10 322 1 1
0 9 328 1 1
0 10 329 1 1
0 3 326 1 1
0 4 327 1 1
0 3 322 1 1
0 9 321 1 1
0 6 329 1 1
0 8 320 1 1
0 4 323 1 1
0 10 324 1 1
0 7 324 1 1
0 9 324 1 1
0 6 324 1 1
0 8 324 1 1
0 5 324 1 1
0 4 324 1 1
0 3 324 1 1
0 2 324 1 1
0 1 324 1 1
0 11 324 1 1
0 1 325 1 1
0 2 326 1 1
0 8 332 1 1
0 7 331 1 1
0 3 328 1 1
0 5 330 1 1
0 6 331 1 1
0 6 330 1 1
0 5 329 1 1
0 4 329 1 1
0 13 325 1 1
0 7 332 1 1
0 9 334 1 1
0 9 333 1 1
0 10 334 1 1
0 8 333 1 1
0 3 327 1 1
0 2 327 1 1
0 4 328 1 1
0 1 326 1 1
0 2 326 1 1
0 3 326 1 1
0 4 326 1 1
0 5 326 1 1
0 8 326 1 1
0 6 326 1 1
0 9 326 1 1
0 7 326 1 1
0 10 326 1 1
0 11 326 1 1
0 1 326 1 1
0 3 332 1 1
0 4 331 1 1
0 7 331 1 1
0 5 330 1 1
0 2 333 1 1
0 1 334 1 1
0 6 329 1 1
0 8 327 1 1
0 2 325 1 1
0 6 332 1 1
0 9 329 1 1
0 10 328 1 1
0 9 326 1 1
0 10 325 1 1
0 4 334 1 1
0 12 327 1 1
0 7 328 1 1
0 5 333 1 1
0 1 326 1 1
0 8 330 1 1
0 1 325 1 1
0 2 326 1 1
0 8 332 1 1
0 1 329 1 1
0 7 331 1 1
0 13 328 1 1
0 6 330 1 1
0 5 329 1 1
0 2 330 1 1
0 5 333 1 1
0 10 327 1 1
0 9 333 1 1
0 10 334 1 1
0 3 331 1 1
0 4 332 1 1
0 3 327 1 1
0 9 326 1 1
0 6 334 1 1
0 8 325 1 1
0 4 328 1 1
0 10 329 1 1
0 7 329 1 1
0 9 329 1 1
0 6 329 1 1
0 8 329 1 1
0 5 329 1 1
0 4 329 1 1
0 3 329 1 1
0 2 329 1 1
0 1 329 1 1
0 11 329 1 1
0 1 330 1 1
0 2 331 1 1
0 8 337 1 1
0 7 336 1 1
0 3 333 1 1
0 5 335 1 1
0 6 336 1 1
0 6 335 1 1
0 5 334 1 1
0 4 334 1 1
0 13 330 1 1
0 7 337 1 1
0 9 339 1 1
0 9 338 1 1
0 10 339 1 1
0 8 338 1 1
0 3 332 1 1
0 2 332 1 1
0 4 333 1 1
0 1 331 1 1
0 2 331 1 1
0 3 331 1 1
0 4 331 1 1
0 5 331 1 1
0 8 331 1 1
0 6 331 1 1
0 9 331 1 1
0 7 331 1 1
0 10 331 1 1
0 11 331 1 1
0 1 331 1 1
0 3 337 1 1
0 4 336 1 1
0 7 336 1 1
0 5 335 1 1
0 2 338 1 1
0 1 339 1 1
0 6 334 1 1
0 8 332 1 1
0 2 330 1 1
0 6 337 1 1
0 9 334 1 1
0 10 333 1 1
0 9 331 1 1
0 10 330 1 1
0 4 339 1 1
0 12 332 1 1
0 7 333 1 1
0 5 338 1 1
0 1 331 1 1
0 8 335 1 1
0 1 330 1 1
0 2 331 1 1
0 8 337 1 1
0 1 334 1 1
0 7 336 1 1
0 13 333 1 1
0 6 335 1 1
0 5 334 1 1
0 2 335 1 1
0 5 338 1 1
0 10 332 1 1
0 9 338 1 1
0 10 339 1 1
0 3 336 1 1
0 4 337 1 1
0 3 332 1 1
0 9 331 1 1
0 6 339 1 1
0 8 330 1 1
0 4 333 1 1
0 10 334 1 1
0 7 334 1 1
0 9 334 1 1
0 6 334 1 1
0 8 334 1 1
0 5 334 1 1
0 4 334 1 1
0 3 334 1 1
0 2 334 1 1
0 1 334 1 1
0 11 334 1 1
0 1 335 1 1
0 2 336 1 1
0 8 342 1 1
0 7 341 1 1
0 3 338 1 1
0 5 340 1 1
0 6 341 1 1
0 6 340 1 1
0 5 339 1 1
0 4 339 1 1
0 13 335 1 1
0 7 342 1 1
0 9 344 1 1
0 9 343 1 1
0 10 344 1 1
0 8 343 1 1
0 3 337 1 1
0 2 337 1 1
0 4 338 1 1
0 1 336 1 1
0 2 336 1 1
0 3 336 1 1
0 4 336 1 1
0 5 336 1 1
0 8 336 1 1
0 6 336 1 1
0 9 336 1 1
0 7 336 1 1
0 10 336 1 1
0 11 336 1 1
0 1 336 1 1
0 3 342 1 1
0 4 341 1 1
0 7 341 1 1
0 5 340 1 1
0 2 343 1 1
0 1 344 1 1
0 6 339 1 1
0 8 337 1 1
0 2 335 1 1
0 6 342 1 1
0 9 339 1 1
0 10 338 1 1
0 9 336 1 1
0 10 335 1 1
0 4 344 1 1
0 12 337 1 1
0 7 338 1 1
0 5 343 1 1
0 1 336 1 1
0 8 340 1 1
0 1 335 1 1
0 2 336 1 1
0 8 342 1 1
0 1 339 1 1
0 7 341 1 1
0 13 338 1 1
0 6 340 1 1
0 5 339 1 1
0 2 340 1 1
0 5 343 1 1
0 10 337 1 1
0 9 343 1 1
0 10 344 1 1
0 3 341 1 1
0 4 342 1 1
0 3 337 1 1
0 9 336 1 1
0 6 344 1 1
0 8 335 1 1
0 4 338 1 1
0 10 339 1 1
0 7 339 1 1
0 9 339 1 1
0 6 339 1 1
0 8 339 1 1
0 5 339 1 1
0 4 339 1 1
0 3 339 1 1
0 2 339 1 1
0 1 339 1 1
0 11 339 1 1
0 1 340 1 1
0 2 341 1 1
0 8 347 1 1
0 7 346 1 1
0 3 343 1 1
0 5 345 1 1
0 6 346 1 1
0 6 345 1 1
0 5 344 1 1
0 4 344 1 1
0 13 340 1 1
0 7 347 1 1
0 9 349 1 1
0 9 348 1 1
0 10 349 1 1
0 8 348 1 1
0 3 342 1 1
0 2 342 1 1
0 4 343 1 1
0 1 341 1 1
0 2 341 1 1
0 3 341 1 1
0 4 341 1 1
0 5 341 1 1
0 8 341 1 1
0 6 341 1 1
0 9 341 1 1
0 7 341 1 1
0 10 341 1 1
0 11 341 1 1
0 1 341 1 1
0 3 347 1 1
0 4 346 1 1
0 7 346 1 1
0 5 345 1 1
0 2 348 1 1
0 1 349 1 1
0 6 344 1 1
0 8 342 1 1
0 2 340 1 1
0 6 347 1 1
0 9 344 1 1
0 10 343 1 1
0 9 341 1 1
0 10 340 1 1
0 4 349 1 1
0 12 342 1 1
0 7 343 1 1
0 5 348 1 1
0 1 341 1 1
0 8 345 1 1
0 1 340 1 1
0 2 341 1 1
0 8 347 1 1
0 1 344 1 1
0 7 346 1 1
0 13 343 1 1
0 6 345 1 1
0 5 344 1 1
0 2 345 1 1
0 5 348 1 1
0 10 342 1 1
0 9 348 1 1
0 10 349 1 1
0 3 346 1 1
0 4 347 1 1
0 3 342 1 1
0 9 341 1 1
0 6 349 1 1
0 8 340 1 1
0 4 343 1 1
0 10 344 1 1
0 7 344 1 1
0 9 344 1 1
0 6 344 1 1
0 8 344 1 1
0 5 344 1 1
0 4 344 1 1
0 3 344 1 1
0 2 344 1 1
0 1 344 1 1
0 11 344 1 1
0 1 345 1 1
0 2 346 1 1
0 8 352 1 1
0 7 351 1 1
0 3 348 1 1
0 5 350 1 1
0 6 351 1 1
0 6 350 1 1
0 5 349 1 1
0 4 349 1 1
0 13 345 1 1
0 7 352 1 1
0 9 354 1 1
0 9 353 1 1
0 10 354 1 1
0 8 353 1 1
0 3 347 1 1
0 2 347 1 1
0 4 348 1 1
0 1 346 1 1
0 2 346 1 1
0 3 346 1 1
0 4 346 1 1
0 5 346 1 1
0 8 346 1 1
0 6 346 1 1
0 9 346 1 1
0 7 346 1 1
0 10 346 1 1
0 11 346 1 1
0 1 346 1 1
0 3 352 1 1
0 4 351 1 1
0 7 351 1 1
0 5 350 1 1
0 2 353 1 1
0 1 354 1 1
0 6 349 1 1
0 8 347 1 1
0 2 345 1 1
0 6 352 1 1
0 9 349 1 1
0 10 348 1 1
0 9 346 1 1
0 10 345 1 1
0 4 354 1 1
0 12 347 1 1
0 7 348 1 1
0 5 353 1 1
0 1 346 1 1
0 8 350 1 1
0 1 345 1 1
0 2 346 1 1
0 8 352 1 1
0 1 349 1 1
0 7 351 1 1
0 13 348 1 1
0 6 350 1 1
0 5 349 1 1
0 2 350 1 1
0 5 353 1 1
0 10 347 1 1
0 9 353 1 1
0 10 354 1 1
0 3 351 1 1
0 4 352 1 1
0 3 347 1 1
0 9 346 1 1
0 6 354 1 1
0 8 345 1 1
0 4 348 1 1
0 10 349 1 1
0 7 349 1 1
0 9 349 1 1
0 6 349 1 1
0 8 349 1 1
0 5 349 1 1
0 4 349 1 1
0 3 349 1 1
0 2 349 1 1
0 1 349 1 1
0 11 349 1 1
0 1 350 1 1
0 2 351 1 1
0 8 357 1 1
0 7 356 1 1
0 3 353 1 1
0 5 355 1 1
0 6 356 1 1
0 6 355 1 1
0 5 354 1 1
0 4 354 1 1
0 13 350 1 1
0 7 357 1 1
0 9 359 1 1
0 9 358 1 1
0 10 359 1 1
0 8 358 1 1
0 3 352 1 1
0 2 352 1 1
0 4 353 1 1
0 1 351 1 1
0 2 351 1 1
0 3 351 1 1
0 4 351 1 1
0 5 351 1 1
0 8 351 1 1
0 6 351 1 1
0 9 351 1 1
0 7 351 1 1
0 10 351 1 1
0 11 351 1 1
0 1 351 1 1
0 3 357 1 1
0 4 356 1 1
0 7 356 1 1
0 5 355 1 1
0 2 358 1 1
0 1 359 1 1
0 6 354 1 1
0 8 352 1 1
0 2 350 1 1
0 6 357 1 1
0 9 354 1 1
0 10 353 1 1
0 9 351 1 1
0 10 350 1 1
0 4 359 1 1
0 12 352 1 1
0 7 353 1 1
0 5 358 1 1
0 1 351 1 1
0 8 355 1 1
0 1 350 1 1
0 2 351 1 1
0 8 357 1 1
0 1 354 1 1
0 7 356 1 1
0 13 353 1 1
0 6 355 1 1
0 5 354 1 1
0 2 355 1 1
0 5 358 1 1
0 10 352 1 1
0 9 358 1 1
0 10 359 1 1
0 3 356 1 1
0 4 357 1 1
0 3 352 1 1
0 9 351 1 1
0 6 359 1 1
0 8 350 1 1
0 4 353 1 1
0 10 354 1 1
0 7 354 1 1
0 9 354 1 1
0 6 354 1 1
0 8 354 1 1
0 5 354 1 1
0 4 354 1 1
0 3 354 1 1
0 2 354 1 1
0 1 354 1 1
0 11 354 1 1
0 1 355 1 1
0 2 356 1 1
0 8 362 1 1
0 7 361 1 1
0 3 358 1 1
0 5 360 1 1
0 6 361 1 1
0 6 360 1 1
0 5 359 1 1
0 4 359 1 1
0 13 355 1 1
0 7 362 1 1
0 9 364 1 1
0 9 363 1 1
0 10 364 1 1
0 8 363 1 1
0 3 357 1 1
0 2 357 1 1
0 4 358 1 1
0 1 356 1 1
0 2 356 1 1
0 3 356 1 1
0 4 356 1 1
0 5 356 1 1
0 8 356 1 1
0 6 356 1 1
0 9 356 1 1
0 7 356 1 1
0 10 356 1 1
0 11 356 1 1
0 1 356 1 1
0 3 362 1 1
0 4 361 1 1
0 7 361 1 1
0 5 360 1 1
0 2 363 1 1
0 1 364 1 1
0 6 359 1 1
0 8 357 1 1
0 2 355 1 1
0 6 362 1 1
0 9 359 1 1
0 10 358 1 1
0 9 356 1 1
0 10 355 1 1
0 4 364 1 1
0 12 357 1 1
0 7 358 1 1
0 5 363 1 1
0 1 356 1 1
0 8 360 1 1
0 1 355 1 1
0 2 356 1 1
0 8 362 1 1
0 1 359 1 1
0 7 361 1 1
0 13 358 1 1
0 6 360 1 1
0 5 359 1 1
0 2 360 1 1
0 5 363 1 1
0 10 357 1 1
0 9 363 1 1
0 10 364 1 1
0 3 361 1 1
0 4 362 1 1
0 3 357 1 1
0 9 356 1 1
0 6 364 1 1
0 8 355 1 1
0 4 358 1 1
0 10 359 1 1
0 7 359 1 1
0 9 359 1 1
0 6 359 1 1
0 8 359 1 1
0 5 359 1 1
0 4 359 1 1
0 3 359 1 1
0 2 359 1 1
0 1 359 1 1
0 11 359 1 1
0 1 360 1 1
0 2 361 1 1
0 8 367 1 1
0 7 366 1 1
0 3 363 1 1
0 5 365 1 1
0 6 366 1 1
0 6 365 1 1
0 5 364 1 1
0 4 364 1 1
0 13 360 1 1
0 7 367 1 1
0 9 369 1 1
0 9 368 1 1
0 10 369 1 1
0 8 368 1 1
0 3 362 1 1
0 2 362 1 1
0 4 363 1 1
0 1 361 1 1
0 2 361 1 1
0 3 361 1 1
0 4 361 1 1
0 5 361 1 1
0 8 361 1 1
0 6 361 1 1
0 9 361 1 1
0 7 361 1 1
0 10 361 1 1
0 11 361 1 1
0 1 361 1 1
0 3 367 1 1
0 4 366 1 1
0 7 366 1 1
0 5 365 1 1
0 2 368 1 1
0 1 369 1 1
0 6 364 1 1
0 8 362 1 1
0 2 360 1 1
0 6 367 1 1
0 9 364 1 1
0 10 363 1 1
0 9 361 1 1
0 10 360 1 1
0 4 369 1 1
0 12 362 1 1
0 7 363 1 1
0 5 368 1 1
0 1 361 1 1
0 8 365 1 1
0 1 360 1 1
0 2 361 1 1
0 8 367 1 1
0 1 364 1 1
0 7 366 1 1
0 13 363 1 1
0 6 365 1 1
0 5 364 1 1
0 2 365 1 1
0 5 368 1 1
0 10 362 1 1
0 9 368 1 1
0 10 369 1 1
0 3 366 1 1
0 4 367 1 1
0 3 362 1 1
0 9 361 1 1
0 6 369 1 1
0 8 360 1 1
0 4 363 1 1
0 10 364 1 1
0 7 364 1 1
0 9 364 1 1
0 6 364 1 1
0 8 364 1 1
0 5 364 1 1
0 4 364 1 1
0 3 364 1 1
0 2 364 1 1
0 1 364 1 1
0 11 364 1 1
0 1 365 1 1
0 2 366 1 1
0 8 372 1 1
0 7 371 1 1
0 3 368 1 1
0 5 370 1 1
0 6 371 1 1
0 6 370 1 1
0 5 369 1 1
0 4 369 1 1
0 13 365 1 1
0 7 372 1 1
0 9 374 1 1
0 9 373 1 1
0 10 374 1 1
0 8 373 1 1
0 3 367 1 1
0 2 367 1 1
0 4 368 1 1
0 1 366 1 1
0 2 366 1 1
0 3 366 1 1
0 4 366 1 1
0 5 366 1 1
0 8 366 1 1
0 6 366 1 1
0 9 366 1 1
0 7 366 1 1
0 10 366 1 1
0 11 366 1 1
0 1 366 1 1
0 3 372 1 1
0 4 371 1 1
0 7 371 1 1
0 5 370 1 1
0 2 373 1 1
0 1 374 1 1
0 6 369 1 1
0 8 367 1 1
0 2 365 1 1
0 6 372 1 1
0 9 369 1 1
0 10 368 1 1
0 9 366 1 1
0 10 365 1 1
0 4 374 1 1
0 12 367 1 1
0 7 368 1 1
0 5 373 1 1
0 1 366 1 1
0 8 370 1 1
0 1 365 1 1
0 2 366 1 1
0 8 372 1 1
0 1 369 1 1
0 7 371 1 1
0 13 368 1 1
0 6 370 1 1
0 5 369 1 1
0 2 370 1 1
0 5 373 1 1
0 10 367 1 1
0 9 373 1 1
0 10 374 1 1
0 3 371 1 1
0 4 372 1 1
0 3 367 1 1
0 9 366 1 1
0 6 374 1 1
0 8 365 1 1
0 4 368 1 1
0 10 369 1 1
0 7 369 1 1
0 9 369 1 1
0 6 369 1 1
0 8 369 1 1
0 5 369 1 1
0 4 369 1 1
0 3 369 1 1
0 2 369 1 1
0 1 369 1 1
0 11 369 1 1
0 1 370 1 1
0 2 371 1 1
0 8 377 1 1
0 7 376 1 1
0 3 373 1 1
0 5 375 1 1
0 6 376 1 1
0 6 375 1 1
0 5 374 1 1
0 4 374 1 1
0 13 370 1 1
0 7 377 1 1
0 9 379 1 1
0 9 378 1 1
0 10 379 1 1
0 8 378 1 1
0 3 372 1 1
0 2 372 1 1
0 4 373 1 1
0 1 371 1 1
0 2 371 1 1
0 3 371 1 1
0 4 371 1 1
0 5 371 1 1
0 8 371 1 1
0 6 371 1 1
0 9 371 1 1
0 7 371 1 1
0 10 371 1 1
0 11 371 1 1
0 1 371 1 1
0 3 377 1 1
0 4 376 1 1
0 7 376 1 1
0 5 375 1 1
0 2 378 1 1
0 1 379 1 1
0 6 374 1 1
0 8 372 1 1
0 2 370 1 1
0 6 377 1 1
0 9 374 1 1
0 10 373 1 1
0 9 371 1 1
0 10 370 1 1
0 4 379 1 1
0 12 372 1 1
0 7 373 1 1
0 5 378 1 1
0 1 371 1 1
0 8 375 1 1
0 1 370 1 1
0 2 371 1 1
0 8 377 1 1
0 1 374 1 1
0 7 376 1 1
0 13 373 1 1
0 6 375 1 1
0 5 374 1 1
0 2 375 1 1
0 5 378 1 1
0 10 372 1 1
0 9 378 1 1
0 10 379 1 1
0 3 376 1 1
0 4 377 1 1
0 3 372 1 1
0 9 371 1 1
0 6 379 1 1
0 8 370 1 1
0 4 373 1 1
0 10 374 1 1
0 7 374 1 1
0 9 374 1 1
0 6 374 1 1
0 8 374 1 1
0 5 374 1 1
0 4 374 1 1
0 3 374 1 1
0 2 374 1 1
0 1 374 1 1
0 11 374 1 1
0 1 375 1 1
0 2 376 1 1
0 8 382 1 1
0 7 381 1 1
0 3 378 1 1
0 5 380 1 1
0 6 381 1 1
0 6 380 1 1
0 5 379 1 1
0 4 379 1 1
0 13 375 1 1
0 7 382 1 1
0 9 384 1 1
0 9 383 1 1
0 10 384 1 1
0 8 383 1 1
0 3 377 1 1
0 2 377 1 1
0 4 378 1 1
0 1 376 1 1
0 2 376 1 1
0 3 376 1 1
0 4 376 1 1
0 5 376 1 1
0 8 376 1 1
0 6 376 1 1
0 9 376 1 1
0 7 376 1 1
0 10 376 1 1
0 11 376 1 1
0 1 376 1 1
0 3 382 1 1
0 4 381 1 1
0 7 381 1 1
0 5 380 1 1
0 2 383 1 1
0 1 384 1 1
0 6 379 1 1
0 8 377 1 1
0 2 375 1 1
0 6 382 1 1
0 9 379 1 1
0 10 378 1 1
0 9 376 1 1
0 10 375 1 1
0 4 384 1 1
0 12 377 1 1
0 7 378 1 1
0 5 383 1 1
0 1 376 1 1
0 8 380 1 1
0 1 375 1 1
0 2 376 1 1
0 8 382 1 1
0 1 379 1 1
0 7 381 1 1
0 13 378 1 1
0 6 380 1 1
0 5 379 1 1
0 2 380 1 1
0 5 383 1 1
0 10 377 1 1
0 9 383 1 1
0 10 384 1 1
0 3 381 1 1
0 4 382 1 1
0 3 377 1 1
0 9 376 1 1
0 6 384 1 1
0 8 375 1 1
0 4 378 1 1
0 10 379 1 1
0 7 379 1 1
0 9 379 1 1
0 6 379 1 1
0 8 379 1 1
0 5 379 1 1
0 4 379 1 1
0 3 379 1 1
0 2 379 1 1
0 1 379 1 1
0 11 379 1 1
0 1 380 1 1
0 2 381 1 1
0 8 387 1 1
0 7 386 1 1
0 3 383 1 1
0 5 385 1 1
0 6 386 1 1
0 6 385 1 1
0 5 384 1 1
0 4 384 1 1
0 13 380 1 1
0 7 387 1 1
0 9 389 1 1
0 9 388 1 1
0 10 389 1 1
0 8 388 1 1
0 3 382 1 1
0 2 382 1 1
0 4 383 1 1
0 1 381 1 1
0 2 381 1 1
0 3 381 1 1
0 4 381 1 1
0 5 381 1 1
0 8 381 1 1
0 6 381 1 1
0 9 381 1 1
0 7 381 1 1
0 10 381 1 1
0 11 381 1 1
0 1 381 1 1
0 3 387 1 1
0 4 386 1 1
0 7 386 1 1
0 5 385 1 1
0 2 388 1 1
0 1 389 1 1
0 6 384 1 1
0 8 382 1 1
0 2 380 1 1
0 6 387 1 1
0 9 384 1 1
0 10 383 1 1
0 9 381 1 1
0 10 380 1 1
0 4 389 1 1
0 12 382 1 1
0 7 383 1 1
0 5 388 1 1
0 1 381 1 1
0 8 385 1 1
0 1 380 1 1
0 2 381 1 1
0 8 387 1 1
0 1 384 1 1
0 7 386 1 1
0 13 383 1 1
0 6 385 1 1
0 5 384 1 1
0 2 385 1 1
0 5 388 1 1
0 10 382 1 1
0 9 388 1 1
0 10 389 1 1
0 3 386 1 1
0 4 387 1 1
0 3 382 1 1
0 9 381 1 1
0 6 389 1 1
0 8 380 1 1
0 4 383 1 1
0 10 384 1 1
0 7 384 1 1
0 9 384 1 1
0 6 384 1 1
0 8 384 1 1
0 5 384 1 1
0 4 384 1 1
0 3 384 1 1
0 2 384 1 1
0 1 384 1 1
0 11 384 1 1
0 1 385 1 1
0 2 386 1 1
0 8 392 1 1
0 7 391 1 1
0 3 388 1 1
0 5 390 1 1
0 6 391 1 1
0 6 390 1 1
0 5 389 1 1
0 4 389 1 1
0 13 385 1 1
0 7 392 1 1
0 9 394 1 1
0 9 393 1 1
0 10 394 1 1
0 8 393 1 1
0 3 387 1 1
0 2 387 1 1
0 4 388 1 1
0 1 386 1 1
0 2 386 1 1
0 3 386 1 1
0 4 386 1 1
0 5 386 1 1
0 8 386 1 1
0 6 386 1 1
0 9 386 1 1
0 7 386 1 1
0 10 386 1 1
0 11 386 1 1
0 1 386 1 1
0 3 392 1 1
0 4 391 1 1
0 7 391 1 1
0 5 390 1 1
0 2 393 1 1
0 1 394 1 1
0 6 389 1 1
0 8 387 1 1
0 2 385 1 1
0 6 392 1 1
0 9 389 1 1
0 10 388 1 1
0 9 386 1 1
0 10 385 1 1
0 4 394 1 1
0 12 387 1 1
0 7 388 1 1
0 5 393 1 1
0 1 386 1 1
0 8 390 1 1
0 1 385 1 1
0 2 386 1 1
0 8 392 1 1
0 1 389 1 1
0 7 391 1 1
0 13 388 1 1
0 6 390 1 1
0 5 389 1 1
0 2 390 1 1
0 5 393 1 1
0 10 387 1 1
0 9 393 1 1
0 10 394 1 1
0 3 391 1 1
0 4 392 1 1
0 3 387 1 1
0 9 386 1 1
0 6 394 1 1
0 8 385 1 1
0 4 388 1 1
0 10 389 1 1
0 7 389 1 1
0 9 389 1 1
0 6 389 1 1
0 8 389 1 1
0 5 389 1 1
0 4 389 1 1
0 3 389 1 1
0 2 389 1 1
0 1 389 1 1
0 11 389 1 1
0 1 390 1 1
0 2 391 1 1
0 8 397 1 1
0 7 396 1 1
0 3 393 1 1
0 5 395 1 1
0 6 396 1 1
0 6 395 1 1
0 5 394 1 1
0 4 394 1 1
0 13 390 1 1
0 7 397 1 1
0 9 399 1 1
0 9 398 1 1
0 10 399 1 1
0 8 398 1 1
0 3 392 1 1
0 2 392 1 1
0 4 393 1 1
0 1 391 1 1
0 2 391 1 1
0 3 391 1 1
0 4 391 1 1
0 5 391 1 1
0 8 391 1 1
0 6 391 1 1
0 9 391 1 1
0 7 391 1 1
0 10 391 1 1
0 11 391 1 1
0 1 391 1 1
0 3 397 1 1
0 4 396 1 1
0 7 396 1 1
0 5 395 1 1
0 2 398 1 1
0 1 399 1 1
0 6 394 1 1
0 8 392 1 1
0 2 390 1 1
0 6 397 1 1
0 9 394 1 1
0 10 393 1 1
0 9 391 1 1
0 10 390 1 1
0 4 399 1 1
0 12 392 1 1
0 7 393 1 1
0 5 398 1 1
0 1 391 1 1
0 8 395 1 1
0 1 390 1 1
0 2 391 1 1
0 8 397 1 1
0 1 394 1 1
0 7 396 1 1
0 13 393 1 1
0 6 395 1 1
0 5 394 1 1
0 2 395 1 1
0 5 398 1 1
0 10 392 1 1
0 9 398 1 1
0 10 399 1 1
0 3 396 1 1
0 4 397 1 1
0 3 392 1 1
0 9 391 1 1
0 6 399 1 1
0 8 390 1 1
0 4 393 1 1
0 10 394 1 1
0 7 394 1 1
0 9 394 1 1
0 6 394 1 1
0 8 394 1 1
0 5 394 1 1
0 4 394 1 1
0 3 394 1 1
0 2 394 1 1
0 1 394 1 1
0 11 394 1 1
0 1 395 1 1
0 2 396 1 1
0 8 402 1 1
0 7 401 1 1
0 3 398 1 1
0 5 400 1 1
0 6 401 1 1
0 6 400 1 1
0 5 399 1 1
0 4 399 1 1
0 13 395 1 1
0 7 402 1 1
0 9 404 1 1
0 9 403 1 1
0 10 404 1 1
0 8 403 1 1
0 3 397 1 1
0 2 397 1 1
0 4 398 1 1
0 1 396 1 1
0 2 396 1 1
0 3 396 1 1
0 4 396 1 1
0 5 396 1 1
0 8 396 1 1
0 6 396 1 1
0 9 396 1 1
0 7 396 1 1
0 10 396 1 1
0 11 396 1 1
0 1 396 1 1
0 3 402 1 1
0 4 401 1 1
0 7 401 1 1
0 5 400 1 1
0 2 403 1 1
0 1 404 1 1
0 6 399 1 1
0 8 397 1 1
0 2 395 1 1
0 6 402 1 1
0 9 399 1 1
0 10 398 1 1
0 9 396 1 1
0 10 395 1 1
0 4 404 1 1
0 12 397 1 1
0 7 398 1 1
0 5 403 1 1
0 1 396 1 1
0 8 400 1 1
0 1 395 1 1
0 2 396 1 1
0 8 402 1 1
0 1 399 1 1
0 7 401 1 1
0 13 398 1 1
0 6 400 1 1
0 5 399 1 1
0 2 400 1 1
0 5 403 1 1
0 10 397 1 1
0 9 403 1 1
0 10 404 1 1
0 3 401 1 1
0 4 402 1 1
0 3 397 1 1
0 9 396 1 1
0 6 404 1 1
0 8 395 1 1
0 4 398 1 1
0 10 399 1 1
0 7 399 1 1
0 9 399 1 1
0 6 399 1 1
0 8 399 1 1
0 5 399 1 1
0 4 399 1 1
0 3 399 1 1
0 2 399 1 1
0 1 399 1 1
0 11 399 1 1
0 1 400 1 1
0 2 401 1 1
0 8 407 1 1
0 7 406 1 1
0 3 403 1 1
0 5 405 1 1
0 6 406 1 1
0 6 405 1 1
0 5 404 1 1
0 4 404 1 1
0 13 400 1 1
0 7 407 1 1
0 9 409 1 1
0 9 408 1 1
0 10 409 1 1
0 8 408 1 1
0 3 402 1 1
0 2 402 1 1
0 4 403 1 1
0 1 401 1 1
0 2 401 1 1
0 3 401 1 1
0 4 401 1 1
0 5 401 1 1
0 8 401 1 1
0 6 401 1 1
0 9 401 1 1
0 7 401 1 1
0 10 401 1 1
0 11 401 1 1
0 1 401 1 1
0 3 407 1 1
0 4 406 1 1
0 7 406 1 1
0 5 405 1 1
0 2 408 1 1
0 1 409 1 1
0 6 404 1 1
0 8 402 1 1
0 2 400 1 1
0 6 407 1 1
0 9 404 1 1
0 10 403 1 1
0 9 401 1 1
0 10 400 1 1
0 4 409 1 1
0 12 402 1 1
0 7 403 1 1
0 5 408 1 1
0 1 401 1 1
0 8 405 1 1
0 1 400 1 1
0 2 401 1 1
0 8 407 1 1
0 1 404 1 1
0 7 406 1 1
0 13 403 1 1
0 6 405 1 1
0 5 404 1 1
0 2 405 1 1
0 5 408 1 1
0 10 402 1 1
0 9 408 1 1
0 10 409 1 1
0 3 406 1 1
0 4 407 1 1
0 3 402 1 1
0 9 401 1 1
0 6 409 1 1
0 8 400 1 1
0 4 403 1 1
0 10 404 1 1
0 7 404 1 1
0 9 404 1 1
0 6 404 1 1
0 8 404 1 1
0 5 404 1 1
0 4 404 1 1
0 3 404 1 1
0 2 404 1 1
0 1 404 1 1
0 11 404 1 1
0 1 405 1 1
0 2 406 1 1
0 8 412 1 1
0 7 411 1 1
0 3 408 1 1
0 5 410 1 1
0 6 411 1 1
0 6 410 1 1
0 5 409 1 1
0 4 409 1 1
0 13 405 1 1
0 7 412 1 1
0 9 414 1 1
0 9 413 1 1
0 10 414 1 1
0 8 413 1 1
0 3 407 1 1
0 2 407 1 1
0 4 408 1 1
0 1 406 1 1
0 2 406 1 1
0 3 406 1 1
0 4 406 1 1
0 5 406 1 1
0 8 406 1 1
0 6 406 1 1
0 9 406 1 1
0 7 406 1 1
0 10 406 1 1
0 11 406 1 1
0 1 406 1 1
0 3 412 1 1
0 4 411 1 1
0 7 411 1 1
0 5 410 1 1
0 2 413 1 1
0 1 414 1 1
0 6 409 1 1
0 8 407 1 1
0 2 405 1 1
0 6 412 1 1
0 9 409 1 1
0 10 408 1 1
0 9 406 1 1
0 10 405 1 1
0 4 414 1 1
0 12 407 1 1
0 7 408 1 1
0 5 413 1 1
0 1 406 1 1
0 8 410 1 1
0 1 405 1 1
0 2 406 1 1
0 8 412 1 1
0 1 409 1 1
0 7 411 1 1
0 13 408 1 1
0 6 410 1 1
0 5 409 1 1
0 2 410 1 1
0 5 413 1 1
0 10 407 1 1
0 9 413 1 1
0 10 414 1 1
0 3 411 1 1
0 4 412 1 1
0 3 407 1 1
0 9 406 1 1
0 6 414 1 1
0 8 405 1 1
0 4 408 1 1
0 10 409 1 1
0 7 409 1 1
0 9 409 1 1
0 6 409 1 1
0 8 409 1 1
0 5 409 1 1
0 4 409 1 1
0 3 409 1 1
0 2 409 1 1
0 1 409 1 1
0 11 409 1 1
0 1 410 1 1
0 2 411 1 1
0 8 417 1 1
0 7 416 1 1
0 3 413 1 1
0 5 415 1 1
0 6 416 1 1
0 6 415 1 1
0 5 414 1 1
0 4 414 1 1
0 13 410 1 1
0 7 417 1 1
0 9 419 1 1
0 9 418 1 1
0 10 419 1 1
0 8 418 1 1
0 3 412 1 1
0 2 412 1 1
0 4 413 1 1
0 1 411 1 1
0 2 411 1 1
0 3 411 1 1
0 4 411 1 1
0 5 411 1 1
0 8 411 1 1
0 6 411 1 1
0 9 411 1 1
0 7 411 1 1
0 10 411 1 1
0 11 411 1 1
0 1 411 1 1
0 3 417 1 1
0 4 416 1 1
0 7 416 1 1
0 5 415 1 1
0 2 418 1 1
0 1 419 1 1
0 6 414 1 1
0 8 412 1 1
0 2 410 1 1
0 6 417 1 1
0 9 414 1 1
0 10 413 1 1
0 9 411 1 1
0 10 410 1 1
0 4 419 1 1
0 12 412 1 1
0 7 413 1 1
0 5 418 1 1
0 1 411 1 1
0 8 415 1 1
0 1 410 1 1
0 2 411 1 1
0 8 417 1 1
0 1 414 1 1
0 7 416 1 1
0 13 413 1 1
0 6 415 1 1
0 5 414 1 1
0 2 415 1 1
0 5 418 1 1
0 10 412 1 1
0 9 418 1 1
0 10 419 1 1
0 3 416 1 1
0 4 417 1 1
0 3 412 1 1
0 9 411 1 1
0 6 419 1 1
0 8 410 1 1
0 4 413 1 1
0 10 414 1 1
0 7 414 1 1
0 9 414 1 1
0 6 414 1 1
0 8 414 1 1
0 5 414 1 1
0 4 414 1 1
0 3 414 1 1
0 2 414 1 1
0 1 414 1 1
0 11 414 1 1
0 1 415 1 1
0 2 416 1 1
0 8 422 1 1
0 7 421 1 1
0 3 418 1 1
0 5 420 1 1
0 6 421 1 1
0 6 420 1 1
0 5 419 1 1
0 4 419 1 1
0 13 415 1 1
0 7 422 1 1
0 9 424 1 1
0 9 423 1 1
0 10 424 1 1
0 8 423 1 1
0 3 417 1 1
0 2 417 1 1
0 4 418 1 1
0 1 416 1 1
0 2 416 1 1
0 3 416 1 1
0 4 416 1 1
0 5 416 1 1
0 8 416 1 1
0 6 416 1 1
0 9 416 1 1
0 7 416 1 1
0 10 416 1 1
0 11 416 1 1
0 1 416 1 1
0 3 422 1 1
0 4 421 1 1
0 7 421 1 1
0 5 420 1 1
0 2 423 1 1
0 1 424 1 1
0 6 419 1 1
0 8 417 1 1
0 2 415 1 1
0 6 422 1 1
0 9 419 1 1
0 10 418 1 1
0 9 416 1 1
0 10 415 1 1
0 4 424 1 1
0 12 417 1 1
0 7 418 1 1
0 5 423 1 1
0 1 416 1 1
0 8 420 1 1
0 1 415 1 1
0 2 416 1 1
0 8 422 1 1
0 1 419 1 1
0 7 421 1 1
0 13 418 1 1
0 6 420 1 1
0 5 419 1 1
0 2 420 1 1
0 5 423 1 1
0 10 417 1 1
0 9 423 1 1
0 10 424 1 1
0 3 421 1 1
0 4 422 1 1
0 3 417 1 1
0 9 416 1 1
0 6 424 1 1
0 8 415 1 1
0 4 418 1 1
0 10 419 1 1
0 7 419 1 1
0 9 419 1 1
0 6 419 1 1
0 8 419 1 1
0 5 419 1 1
0 4 419 1 1
0 3 419 1 1
0 2 419 1 1
0 1 419 1 1
0 11 419 1 1
0 1 420 1 1
0 2 421 1 1
0 8 427 1 1
0 7 426 1 1
0 3 423 1 1
0 5 425 1 1
0 6 426 1 1
0 6 425 1 1
0 5 424 1 1
0 4 424 1 1
0 13 420 1 1
0 7 427 1 1
0 9 429 1 1
0 9 428 1 1
0 10 429 1 1
0 8 428 1 1
0 3 422 1 1
0 2 422 1 1
0 4 423 1 1
0 1 421 1 1
0 2 421 1 1
0 3 421 1 1
0 4 421 1 1
0 5 421 1 1
0 8 421 1 1
0 6 421 1 1
0 9 421 1 1
0 7 421 1 1
0 10 421 1 1
0 11 421 1 1
0 1 421 1 1
0 3 427 1 1
0 4 426 1 1
0 7 426 1 1
0 5 425 1 1
0 2 428 1 1
0 1 429 1 1
0 6 424 1 1
0 8 422 1 1
0 2 420 1 1
0 6 427 1 1
0 9 424 1 1
0 10 423 1 1
0 9 421 1 1
0 10 420 1 1
0 4 429 1 1
0 12 422 1 1
0 7 423 1 1
0 5 428 1 1
0 1 421 1 1
0 8 425 1 1
0 1 420 1 1
0 2 421 1 1
0 8 427 1 1
0 1 424 1 1
0 7 426 1 1
0 13 423 1 1
0 6 425 1 1
0 5 424 1 1
0 2 425 1 1
0 5 428 1 1
0 10 422 1 1
0 9 428 1 1
0 10 429 1 1
0 3 426 1 1
0 4 427 1 1
0 3 422 1 1
0 9 421 1 1
0 6 429 1 1
0 8 420 1 1
0 4 423 1 1
0 10 424 1 1
0 7 424 1 1
0 9 424 1 1
0 6 424 1 1
0 8 424 1 1
0 5 424 1 1
0 4 424 1 1
0 3 424 1 1
0 2 424 1 1
0 1 424 1 1
0 11 424 1 1
0 1 425 1 1
0 2 426 1 1
0 8 432 1 1
0 7 431 1 1
0 3 428 1 1
0 5 430 1 1
0 6 431 1 1
0 6 430 1 1
0 5 429 1 1
0 4 429 1 1
0 13 425 1 1
0 7 432 1 1
0 9 434 1 1
0 9 433 1 1
0 10 434 1 1
0 8 433 1 1
0 3 427 1 1
0 2 427 1 1
0 4 428 1 1
0 1 426 1 1
0 2 426 1 1
0 3 426 1 1
0 4 426 1 1
0 5 426 1 1
0 8 426 1 1
0 6 426 1 1
0 9 426 1 1
0 7 426 1 1
0 10 426 1 1
0 11 426 1 1
0 1 426 1 1
0 3 432 1 1
0 4 431 1 1
0 7 431 1 1
0 5 430 1 1
0 2 433 1 1
0 1 434 1 1
0 6 429 1 1
0 8 427 1 1
0 2 425 1 1
0 6 432 1 1
0 9 429 1 1
0 10 428 1 1
0 9 426 1 1
0 10 425 1 1
0 4 434 1 1
0 12 427 1 1
0 7 428 1 1
0 5 433 1 1
0 1 426 1 1
0 8 430 1 1
0 1 425 1 1
0 2 426 1 1
0 8 432 1 1
0 1 429 1 1
0 7 431 1 1
0 13 428 1 1
0 6 430 1 1
0 5 429 1 1
0 2 430 1 1
0 5 433 1 1
0 10 427 1 1
0 9 433 1 1
0 10 434 1 1
0 3 431 1 1
0 4 432 1 1
0 3 427 1 1
0 9 426 1 1
0 6 434 1 1
0 8 425 1 1
0 4 428 1 1
0 10 429 1 1
0 7 429 1 1
0 9 429 1 1
0 6 429 1 1
0 8 429 1 1
0 5 429 1 1
0 4 429 1 1
0 3 429 1 1
0 2 429 1 1
0 1 429 1 1
0 11 429 1 1
0 1 430 1 1
0 2 431 1 1
0 8 437 1 1
0 7 436 1 1
0 3 433 1 1
0 5 435 1 1
0 6 436 1 1
0 6 435 1 1
0 5 434 1 1
0 4 434 1 1
0 13 430 1 1
0 7 437 1 1
0 9 439 1 1
0 9 438 1 1
0 10 439 1 1
0 8 438 1 1
0 3 432 1 1
0 2 432 1 1
0 4 433 1 1
0 1 431 1 1
0 2 431 1 1
0 3 431 1 1
0 4 431 1 1
0 5 431 1 1
0 8 431 1 1
0 6 431 1 1
0 9 431 1 1
0 7 431 1 1
0 10 431 1 1
0 11 431 1 1
0 1 431 1 1
0 3 437 1 1
0 4 436 1 1
0 7 436 1 1
0 5 435 1 1
0 2 438 1 1
0 1 439 1 1
0 6 434 1 1
0 8 432 1 1
0 2 430 1 1
0 6 437 1 1
0 9 434 1 1
0 10 433 1 1
0 9 431 1 1
0 10 430 1 1
0 4 439 1 1
0 12 432 1 1
0 7 433 1 1
0 5 438 1 1
0 1 431 1 1
0 8 435 1 1
0 1 430 1 1
0 2 431 1 1
0 8 437 1 1
0 1 434 1 1
0 7 436 1 1
0 13 433 1 1
0 6 435 1 1
0 5 434 1 1
0 2 435 1 1
0 5 438 1 1
0 10 432 1 1
0 9 438 1 1
0 10 439 1 1
0 3 436 1 1
0 4 437 1 1
0 3 432 1 1
0 9 431 1 1
0 6 439 1 1
0 8 430 1 1
0 4 433 1 1
0 10 434 1 1
0 7 434 1 1
0 9 434 1 1
0 6 434 1 1
0 8 434 1 1
0 5 434 1 1
0 4 434 1 1
0 3 434 1 1
0 2 434 1 1
0 1 434 1 1
0 11 434 1 1
0 1 435 1 1
0 2 436 1 1
0 8 442 1 1
0 7 441 1 1
0 3 438 1 1
0 5 440 1 1
0 6 441 1 1
0 6 440 1 1
0 5 439 1 1
0 4 439 1 1
0 13 435 1 1
0 7 442 1 1
0 9 444 1 1
0 9 443 1 1
0 10 444 1 1
0 8 443 1 1
0 3 437 1 1
0 2 437 1 1
0 4 438 1 1
0 1 436 1 1
0 2 436 1 1
0 3 436 1 1
0 4 436 1 1
0 5 436 1 1
0 8 436 1 1
0 6 436 1 1
0 9 436 1 1
0 7 436 1 1
0 10 436 1 1
0 11 436 1 1
0 1 436 1 1
0 3 442 1 1
0 4 441 1 1
0 7 441 1 1
0 5 440 1 1
0 2 443 1 1
0 1 444 1 1
0 6 439 1 1
0 8 437 1 1
0 2 435 1 1
0 6 442 1 1
0 9 439 1 1
0 10 438 1 1
0 9 436 1 1
0 10 435 1 1
0 4 444 1 1
0 12 437 1 1
0 7 438 1 1
0 5 443 1 1
0 1 436 1 1
0 8 440 1 1
0 1 435 1 1
0 2 436 1 1
0 8 442 1 1
0 1 439 1 1
0 7 441 1 1
0 13 438 1 1
0 6 440 1 1
0 5 439 1 1
0 2 440 1 1
0 5 443 1 1
0 10 437 1 1
0 9 443 1 1
0 10 444 1 1
0 3 441 1 1
0 4 442 1 1
0 3 437 1 1
0 9 436 1 1
0 6 444 1 1
0 8 435 1 1
0 4 438 1 1
0 10 439 1 1
0 7 439 1 1
0 9 439 1 1
0 6 439 1 1
0 8 439 1 1
0 5 439 1 1
0 4 439 1 1
0 3 439 1 1
0 2 439 1 1
0 1 439 1 1
0 11 439 1 1
0 1 440 1 1
0 2 441 1 1
0 8 447 1 1
0 7 446 1 1
0 3 443 1 1
0 5 445 1 1
0 6 446 1 1
0 6 445 1 1
0 5 444 1 1
0 4 444 1 1
0 13 440 1 1
0 7 447 1 1
0 9 449 1 1
0 9 448 1 1
0 10 449 1 1
0 8 448 1 1
0 3 442 1 1
0 2 442 1 1
0 4 443 1 1
0 1 441 1 1
0 2 441 1 1
0 3 441 1 1
0 4 441 1 1
0 5 441 1 1
0 8 441 1 1
0 6 441 1 1
0 9 441 1 1
0 7 441 1 1
0 10 441 1 1
0 11 441 1 1
0 1 441 1 1
0 3 447 1 1
0 4 446 1 1
0 7 446 1 1
0 5 445 1 1
0 2 448 1 1
0 1 449 1 1
0 6 444 1 1
0 8 442 1 1
0 2 440 1 1
0 6 447 1 1
0 9 444 1 1
0 10 443 1 1
0 9 441 1 1
0 10 440 1 1
0 4 449 1 1
0 12 442 1 1
0 7 443 1 1
0 5 448 1 1
0 1 441 1 1
0 8 445 1 1
0 1 440 1 1
0 2 441 1 1
0 8 447 1 1
0 1 444 1 1
0 7 446 1 1
0 13 443 1 1
0 6 445 1 1
0 5 444 1 1
0 2 445 1 1
0 5 448 1 1
0 10 442 1 1
0 9 448 1 1
0 10 449 1 1
0 3 446 1 1
0 4 447 1 1
0 3 442 1 1
0 9 441 1 1
0 6 449 1 1
0 8 440 1 1
0 4 443 1 1
0 10 444 1 1
0 7 444 1 1
0 9 444 1 1
0 6 444 1 1
0 8 444 1 1
0 5 444 1 1
0 4 444 1 1
0 3 444 1 1
0 2 444 1 1
0 1 444 1 1
0 11 444 1 1
0 1 445 1 1
0 2 446 1 1
0 8 452 1 1
0 7 451 1 1
0 3 448 1 1
0 5 450 1 1
0 6 451 1 1
0 6 450 1 1
0 5 449 1 1
0 4 449 1 1
0 13 445 1 1
0 7 452 1 1
0 9 454 1 1
0 9 453 1 1
0 10 454 1 1
0 8 453 1 1
0 3 447 1 1
0 2 447 1 1
0 4 448 1 1
0 1 446 1 1
0 2 446 1 1
0 3 446 1 1
0 4 446 1 1
0 5 446 1 1
0 8 446 1 1
0 6 446 1 1
0 9 446 1 1
0 7 446 1 1
0 10 446 1 1
0 11 446 1 1
0 1 446 1 1
0 3 452 1 1
0 4 451 1 1
0 7 451 1 1
0 5 450 1 1
0 2 453 1 1
0 1 454 1 1
0 6 449 1 1
0 8 447 1 1
0 2 445 1 1
0 6 452 1 1
0 9 449 1 1
0 10 448 1 1
0 9 446 1 1
0 10 445 1 1
0 4 454 1 1
0 12 447 1 1
0 7 448 1 1
0 5 453 1 1
0 1 446 1 1
0 8 450 1 1
0 1 445 1 1
0 2 446 1 1
0 8 452 1 1
0 1 449 1 1
0 7 451 1 1
0 13 448 1 1
0 6 450 1 1
0 5 449 1 1
0 2 450 1 1
0 5 453 1 1
0 10 447 1 1
0 9 453 1 1
0 10 454 1 1
0 3 451 1 1
0 4 452 1 1
0 3 447 1 1
0 9 446 1 1
0 6 454 1 1
0 8 445 1 1
0 4 448 1 1
0 10 449 1 1
0 7 449 1 1
0 9 449 1 1
0 6 449 1 1
0 8 449 1 1
0 5 449 1 1
0 4 449 1 1
0 3 449 1 1
0 2 449 1 1
0 1 449 1 1
0 11 449 1 1
0 1 450 1 1
0 2 451 1 1
0 8 457 1 1
0 7 456 1 1
0 3 453 1 1
0 5 455 1 1
0 6 456 1 1
0 6 455 1 1
0 5 454 1 1
0 4 454 1 1
0 13 450 1 1
0 7 457 1 1
0 9 459 1 1
0 9 458 1 1
0 10 459 1 1
0 8 458 1 1
0 3 452 1 1
0 2 452 1 1
0 4 453 1 1
0 1 451 1 1
0 2 451 1 1
0 3 451 1 1
0 4 451 1 1
0 5 451 1 1
0 8 451 1 1
0 6 451 1 1
0 9 451 1 1
0 7 451 1 1
0 10 451 1 1
0 11 451 1 1
0 1 451 1 1
0 3 457 1 1
0 4 456 1 1
0 7 456 1 1
0 5 455 1 1
0 2 458 1 1
0 1 459 1 1
0 6 454 1 1
0 8 452 1 1
0 2 450 1 1
0 6 457 1 1
0 9 454 1 1
0 10 453 1 1
0 9 451 1 1
0 10 450 1 1
0 4 459 1 1
0 12 452 1 1
0 7 453 1 1
0 5 458 1 1
0 1 451 1 1
0 8 455 1 1
0 1 450 1 1
0 2 451 1 1
0 8 457 1 1
0 1 454 1 1
0 7 456 1 1
0 13 453 1 1
0 6 455 1 1
0 5 454 1 1
0 2 455 1 1
0 5 458 1 1
0 10 452 1 1
0 9 458 1 1
0 10 459 1 1
0 3 456 1 1
0 4 457 1 1
0 3 452 1 1
0 9 451 1 1
0 6 459 1 1
0 8 450 1 1
0 4 453 1 1
0 10 454 1 1
0 7 454 1 1
0 9 454 1 1
0 6 454 1 1
0 8 454 1 1
0 5 454 1 1
0 4 454 1 1
0 3 454 1 1
0 2 454 1 1
0 1 454 1 1
0 11 454 1 1
0 1 455 1 1
0 2 456 1 1
0 8 462 1 1
0 7 461 1 1
0 3 458 1 1
0 5 460 1 1
0 6 461 1 1
0 6 460 1 1
0 5 459 1 1
0 4 459 1 1
0 13 455 1 1
0 7 462 1 1
0 9 464 1 1
0 9 463 1 1
0 10 464 1 1
0 8 463 1 1
0 3 457 1 1
0 2 457 1 1
0 4 458 1 1
0 1 456 1 1
0 2 456 1 1
0 3 456 1 1
0 4 456 1 1
0 5 456 1 1
0 8 456 1 1
0 6 456 1 1
0 9 456 1 1
0 7 456 1 1
0 10 456 1 1
0 11 456 1 1
0 1 456 1 1
0 3 462 1 1
0 4 461 1 1
0 7 461 1 1
0 5 460 1 1
0 2 463 1 1
0 1 464 1 1
0 6 459 1 1
0 8 457 1 1
0 2 455 1 1
0 6 462 1 1
0 9 459 1 1
0 10 458 1 1
0 9 456 1 1
0 10 455 1 1
0 4 464 1 1
0 12 457 1 1
0 7 458 1 1
0 5 463 1 1
0 1 456 1 1
0 8 460 1 1
0 1 455 1 1
0 2 456 1 1
0 8 462 1 1
0 1 459 1 1
0 7 461 1 1
0 13 458 1 1
0 6 460 1 1
0 5 459 1 1
0 2 460 1 1
0 5 463 1 1
0 10 457 1 1
0 9 463 1 1
0 10 464 1 1
0 3 461 1 1
0 4 462 1 1
0 3 457 1 1
0 9 456 1 1
0 6 464 1 1
0 8 455 1 1
0 4 458 1 1
0 10 459 1 1
0 7 459 1 1
0 9 459 1 1
0 6 459 1 1
0 8 459 1 1
0 5 459 1 1
0 4 459 1 1
0 3 459 1 1
0 2 459 1 1
0 1 459 1 1
0 11 459 1 1
0 1 460 1 1
0 2 461 1 1
0 8 467 1 1
0 7 466 1 1
0 3 463 1 1
0 5 465 1 1
0 6 466 1 1
0 6 465 1 1
0 5 464 1 1
0 4 464 1 1
0 13 460 1 1
0 7 467 1 1
0 9 469 1 1
0 9 468 1 1
0 10 469 1 1
0 8 468 1 1
0 3 462 1 1
0 2 462 1 1
0 4 463 1 1
0 1 461 1 1
0 2 461 1 1
0 3 461 1 1
0 4 461 1 1
0 5 461 1 1
0 8 461 1 1
0 6 461 1 1
0 9 461 1 1
0 7 461 1 1
0 10 461 1 1
0 11 461 1 1
0 1 461 1 1
0 3 467 1 1
0 4 466 1 1
0 7 466 1 1
0 5 465 1 1
0 2 468 1 1
0 1 469 1 1
0 6 464 1 1
0 8 462 1 1
0 2 460 1 1
0 6 467 1 1
0 9 464 1 1
0 10 463 1 1
0 9 461 1 1
0 10 460 1 1
0 4 469 1 1
0 12 462 1 1
0 7 463 1 1
0 5 468 1 1
0 1 461 1 1
0 8 465 1 1
0 1 460 1 1
0 2 461 1 1
0 8 467 1 1
0 1 464 1 1
0 7 466 1 1
0 13 463 1 1
0 6 465 1 1
0 5 464 1 1
0 2 465 1 1
0 5 468 1 1
0 10 462 1 1
0 9 468 1 1
0 10 469 1 1
0 3 466 1 1
0 4 467 1 1
0 3 462 1 1
0 9 461 1 1
0 6 469 1 1
0 8 460 1 1
0 4 463 1 1
0 10 464 1 1
0 7 464 1 1
0 9 464 1 1
0 6 464 1 1
0 8 464 1 1
0 5 464 1 1
0 4 464 1 1
0 3 464 1 1
0 2 464 1 1
0 1 464 1 1
0 11 464 1 1
0 1 465 1 1
0 2 466 1 1
0 8 472 1 1
0 7 471 1 1
0 3 468 1 1
0 5 470 1 1
0 6 471 1 1
0 6 470 1 1
0 5 469 1 1
0 4 469 1 1
0 13 465 1 1
0 7 472 1 1
0 9 474 1 1
0 9 473 1 1
0 10 474 1 1
0 8 473 1 1
0 3 467 1 1
0 2 467 1 1
0 4 468 1 1
0 1 466 1 1
0 2 466 1 1
0 3 466 1 1
0 4 466 1 1
0 5 466 1 1
0 8 466 1 1
0 6 466 1 1
0 9 466 1 1
0 7 466 1 1
0 10 466 1 1
0 11 466 1 1
0 1 466 1 1
0 3 472 1 1
0 4 471 1 1
0 7 471 1 1
0 5 470 1 1
0 2 473 1 1
0 1 474 1 1
0 6 469 1 1
0 8 467 1 1
0 2 465 1 1
0 6 472 1 1
0 9 469 1 1
0 10 468 1 1
0 9 466 1 1
0 10 465 1 1
0 4 474 1 1
0 12 467 1 1
0 7 468 1 1
0 5 473 1 1
0 1 466 1 1
0 8 470 1 1
0 1 465 1 1
0 2 466 1 1
0 8 472 1 1
0 1 469 1 1
0 7 471 1 1
0 13 468 1 1
0 6 470 1 1
0 5 469 1 1
0 2 470 1 1
0 5 473 1 1
0 10 467 1 1
0 9 473 1 1
0 10 474 1 1
0 3 471 1 1
0 4 472 1 1
0 3 467 1 1
0 9 466 1 1
0 6 474 1 1
0 8 465 1 1
0 4 468 1 1
0 10 469 1 1
0 7 469 1 1
0 9 469 1 1
0 6 469 1 1
0 8 469 1 1
0 5 469 1 1
0 4 469 1 1
0 3 469 1 1
0 2 469 1 1
0 1 469 1 1
0 11 469 1 1
0 1 470 1 1
0 2 471 1 1
0 8 477 1 1
0 7 476 1 1
0 3 473 1 1
0 5 475 1 1
0 6 476 1 1
0 6 475 1 1
0 5 474 1 1
0 4 474 1 1
0 13 470 1 1
0 7 477 1 1
0 9 479 1 1
0 9 478 1 1
0 10 479 1 1
0 8 478 1 1
0 3 472 1 1
0 2 472 1 1
0 4 473 1 1
0 1 471 1 1
0 2 471 1 1
0 3 471 1 1
0 4 471 1 1
0 5 471 1 1
0 8 471 1 1
0 6 471 1 1
0 9 471 1 1
0 7 471 1 1
0 10 471 1 1
0 11 471 1 1
0 1 471 1 1
0 3 477 1 1
0 4 476 1 1
0 7 476 1 1
0 5 475 1 1
0 2 478 1 1
0 1 479 1 1
0 6 474 1 1
0 8 472 1 1
0 2 470 1 1
0 6 477 1 1
0 9 474 1 1
0 10 473 1 1
0 9 471 1 1
0 10 470 1 1
0 4 479 1 1
0 12 472 1 1
0 7 473 1 1
0 5 478 1 1
0 1 471 1 1
0 8 475 1 1
0 1 470 1 1
0 2 471 1 1
0 8 477 1 1
0 1 474 1 1
0 7 476 1 1
0 13 473 1 1
0 6 475 1 1
0 5 474 1 1
0 2 475 1 1
0 5 478 1 1
0 10 472 1 1
0 9 478 1 1
0 10 479 1 1
0 3 476 1 1
0 4 477 1 1
0 3 472 1 1
0 9 471 1 1
0 6 479 1 1
0 8 470 1 1
0 4 473 1 1
0 10 474 1 1
0 7 474 1 1
0 9 474 1 1
0 6 474 1 1
0 8 474 1 1
0 5 474 1 1
0 4 474 1 1
0 3 474 1 1
0 2 474 1 1
0 1 474 1 1
0 11 474 1 1
0 1 475 1 1
0 2 476 1 1
0 8 482 1 1
0 7 481 1 1
0 3 478 1 1
0 5 480 1 1
0 6 481 1 1
0 6 480 1 1
0 5 479 1 1
0 4 479 1 1
0 13 475 1 1
0 7 482 1 1
0 9 484 1 1
0 9 483 1 1
0 10 484 1 1
0 8 483 1 1
0 3 477 1 1
0 2 477 1 1
0 4 478 1 1
0 1 476 1 1
0 2 476 1 1
0 3 476 1 1
0 4 476 1 1
0 5 476 1 1
0 8 476 1 1
0 6 476 1 1
0 9 476 1 1
0 7 476 1 1
0 10 476 1 1
0 11 476 1 1
0 1 476 1 1
0 3 482 1 1
0 4 481 1 1
0 7 481 1 1
0 5 480 1 1
0 2 483 1 1
0 1 484 1 1
0 6 479 1 1
0 8 477 1 1
0 2 475 1 1
0 6 482 1 1
0 9 479 1 1
0 10 478 1 1
0 9 476 1 1
0 10 475 1 1
0 4 484 1 1
0 12 477 1 1
0 7 478 1 1
0 5 483 1 1
0 1 476 1 1
0 8 480 1 1
0 1 475 1 1
0 2 476 1 1
0 8 482 1 1
0 1 479 1 1
0 7 481 1 1
0 13 478 1 1
0 6 480 1 1
0 5 479 1 1
0 2 480 1 1
0 5 483 1 1
0 10 477 1 1
0 9 483 1 1
0 10 484 1 1
0 3 481 1 1
0 4 482 1 1
0 3 477 1 1
0 9 476 1 1
0 6 484 1 1
0 8 475 1 1
0 4 478 1 1
0 10 479 1 1
0 7 479 1 1
0 9 479 1 1
0 6 479 1 1
0 8 479 1 1
0 5 479 1 1
0 4 479 1 1
0 3 479 1 1
0 2 479 1 1
0 1 479 1 1
0 11 479 1 1
0 1 480 1 1
0 2 481 1 1
0 8 487 1 1
0 7 486 1 1
0 3 483 1 1
0 5 485 1 1
0 6 486 1 1
0 6 485 1 1
0 5 484 1 1
0 4 484 1 1
0 13 480 1 1
0 7 487 1 1
0 9 489 1 1
0 9 488 1 1
0 10 489 1 1
0 8 488 1 1
0 3 482 1 1
0 2 482 1 1
0 4 483 1 1
0 1 481 1 1
0 2 481 1 1
0 3 481 1 1
0 4 481 1 1
0 5 481 1 1
0 8 481 1 1
0 6 481 1 1
0 9 481 1 1
0 7 481 1 1
0 10 481 1 1
0 11 481 1 1
0 1 481 1 1
0 3 487 1 1
0 4 486 1 1
0 7 486 1 1
0 5 485 1 1
0 2 488 1 1
0 1 489 1 1
0 6 484 1 1
0 8 482 1 1
0 2 480 1 1
0 6 487 1 1
0 9 484 1 1
0 10 483 1 1
0 9 481 1 1
0 10 480 1 1
0 4 489 1 1
0 12 482 1 1
0 7 483 1 1
0 5 488 1 1
0 1 481 1 1
0 8 485 1 1
0 1 480 1 1
0 2 481 1 1
0 8 487 1 1
0 1 484 1 1
0 7 486 1 1
0 13 483 1 1
0 6 485 1 1
0 5 484 1 1
0 2 485 1 1
0 5 488 1 1
0 10 482 1 1
0 9 488 1 1
0 10 489 1 1
0 3 486 1 1
0 4 487 1 1
0 3 482 1 1
0 9 481 1 1
0 6 489 1 1
0 8 480 1 1
0 4 483 1 1
0 10 484 1 1
0 7 484 1 1
0 9 484 1 1
0 6 484 1 1
0 8 484 1 1
0 5 484 1 1
0 4 484 1 1
0 3 484 1 1
0 2 484 1 1
0 1 484 1 1
0 11 484 1 1
0 1 485 1 1
0 2 486 1 1
0 8 492 1 1
0 7 491 1 1
0 3 488 1 1
0 5 490 1 1
0 6 491 1 1
0 6 490 1 1
0 5 489 1 1
0 4 489 1 1
0 13 485 1 1
0 7 492 1 1
0 9 494 1 1
0 9 493 1 1
0 10 494 1 1
0 8 493 1 1
0 3 487 1 1
0 2 487 1 1
0 4 488 1 1
0 1 486 1 1
0 2 486 1 1
0 3 486 1 1
0 4 486 1 1
0 5 486 1 1
0 8 486 1 1
0 6 486 1 1
0 9 486 1 1
0 7 486 1 1
0 10 486 1 1
0 11 486 1 1
0 1 486 1 1
0 3 492 1 1
0 4 491 1 1
0 7 491 1 1
0 5 490 1 1
0 2 493 1 1
0 1 494 1 1
0 6 489 1 1
0 8 487 1 1
0 2 485 1 1
0 6 492 1 1
0 9 489 1 1
0 10 488 1 1
0 9 486 1 1
0 10 485 1 1
0 4 494 1 1
0 12 487 1 1
0 7 488 1 1
0 5 493 1 1
0 1 486 1 1
0 8 490 1 1
0 1 485 1 1
0 2 486 1 1
0 8 492 1 1
0 1 489 1 1
0 7 491 1 1
0 13 488 1 1
0 6 490 1 1
0 5 489 1 1
0 2 490 1 1
0 5 493 1 1
0 10 487 1 1
0 9 493 1 1
0 10 494 1 1
0 3 491 1 1
0 4 492 1 1
0 3 487 1 1
0 9 486 1 1
0 6 494 1 1
0 8 485 1 1
0 4 488 1 1
0 10 489 1 1
0 7 489 1 1
0 9 489 1 1
0 6 489 1 1
0 8 489 1 1
0 5 489 1 1
0 4 489 1 1
0 3 489 1 1
0 2 489 1 1
0 1 489 1 1
0 11 489 1 1
0 1 490 1 1
0 2 491 1 1
0 8 497 1 1
0 7 496 1 1
0 3 493 1 1
0 5 495 1 1
0 6 496 1 1
0 6 495 1 1
0 5 494 1 1
0 4 494 1 1
0 13 490 1 1
0 7 497 1 1
0 9 499 1 1
0 9 498 1 1
0 10 499 1 1
0 8 498 1 1
0 3 492 1 1
0 2 492 1 1
0 4 493 1 1
0 1 491 1 1
0 2 491 1 1
0 3 491 1 1
0 4 491 1 1
0 5 491 1 1
0 8 491 1 1
0 6 491 1 1
0 9 491 1 1
0 7 491 1 1
0 10 491 1 1
0 11 491 1 1
0 1 491 1 1
0 3 497 1 1
0 4 496 1 1
0 7 496 1 1
0 5 495 1 1
0 2 498 1 1
0 1 499 1 1
0 6 494 1 1
0 8 492 1 1
0 2 490 1 1
0 6 497 1 1
0 9 494 1 1
0 10 493 1 1
0 9 491 1 1
0 10 490 1 1
0 4 499 1 1
0 12 492 1 1
0 7 493 1 1
0 5 498 1 1
0 1 491 1 1
0 8 495 1 1
0 1 490 1 1
0 2 491 1 1
0 8 497 1 1
0 1 494 1 1
0 7 496 1 1
0 13 493 1 1
0 6 495 1 1
0 5 494 1 1
0 2 495 1 1
0 5 498 1 1
0 10 492 1 1
0 9 498 1 1
0 10 499 1 1
0 3 496 1 1
0 4 497 1 1
0 3 492 1 1
0 9 491 1 1
0 6 499 1 1
0 8 490 1 1
0 4 493 1 1
0 10 494 1 1
0 7 494 1 1
0 9 494 1 1
0 6 494 1 1
0 8 494 1 1
0 5 494 1 1
0 4 494 1 1
0 3 494 1 1
0 2 494 1 1
0 1 494 1 1
0 11 494 1 1
0 1 495 1 1
0 2 496 1 1
0 8 502 1 1
0 7 501 1 1
0 3 498 1 1
0 5 500 1 1
0 6 501 1 1
0 6 500 1 1
0 5 499 1 1
0 4 499 1 1
0 13 495 1 1
0 7 502 1 1
0 9 504 1 1
0 9 503 1 1
0 10 504 1 1
0 8 503 1 1
0 3 497 1 1
0 2 497 1 1
0 4 498 1 1
0 1 496 1 1
0 2 496 1 1
0 3 496 1 1
0 4 496 1 1
0 5 496 1 1
0 8 496 1 1
0 6 496 1 1
0 9 496 1 1
0 7 496 1 1
0 10 496 1 1
0 11 496 1 1
0 1 496 1 1
0 3 502 1 1
0 4 501 1 1
0 7 501 1 1
0 5 500 1 1
0 2 503 1 1
0 1 504 1 1
0 6 499 1 1
0 8 497 1 1
0 2 495 1 1
0 6 502 1 1
0 9 499 1 1
0 10 498 1 1
0 9 496 1 1
0 10 495 1 1
0 4 504 1 1
0 12 497 1 1
0 7 498 1 1
0 5 503 1 1
0 1 496 1 1
0 8 500 1 1
0 1 495 1 1
0 2 496 1 1
0 8 502 1 1
0 1 499 1 1
0 7 501 1 1
0 13 498 1 1
0 6 500 1 1
0 5 499 1 1
0 2 500 1 1
0 5 503 1 1
0 10 497 1 1
0 9 503 1 1
0 10 504 1 1
0 3 501 1 1
0 4 502 1 1
0 3 497 1 1
0 9 496 1 1
0 6 504 1 1
0 8 495 1 1
0 4 498 1 1
0 10 499 1 1
0 7 499 1 1
0 9 499 1 1
0 6 499 1 1
0 8 499 1 1
0 5 499 1 1
0 4 499 1 1
0 3 499 1 1
0 2 499 1 1
0 1 499 1 1
0 11 499 1 1
