0 1 0 1 1
0 2 1 1 1
0 3 3 1 1
0 5 5 1 1
0 6 5 1 1
0 5 4 1 1
0 4 4 1 1
0 3 2 1 1
0 2 2 1 1
0 9 0 1 1
0 4 3 1 1
0 1 1 1 1
0 2 1 1 1
0 3 1 1 1
0 4 1 1 1
0 5 1 1 1
0 6 1 1 1
0 7 1 1 1
0 1 1 1 1
0 1 2 1 1
0 2 3 1 1
0 3 5 1 1
0 5 7 1 1
0 6 7 1 1
0 5 6 1 1
0 4 6 1 1
0 3 4 1 1
0 2 4 1 1
0 9 2 1 1
0 4 5 1 1
0 1 3 1 1
0 2 3 1 1
0 3 3 1 1
0 4 3 1 1
0 5 3 1 1
0 6 3 1 1
0 7 3 1 1
0 1 3 1 1
0 1 4 1 1
0 2 5 1 1
0 3 7 1 1
0 5 9 1 1
0 6 9 1 1
0 5 8 1 1
0 4 8 1 1
0 3 6 1 1
0 2 6 1 1
0 9 4 1 1
0 4 7 1 1
0 1 5 1 1
0 2 5 1 1
0 3 5 1 1
0 4 5 1 1
0 5 5 1 1
0 6 5 1 1
0 7 5 1 1
0 1 5 1 1
0 1 6 1 1
0 2 7 1 1
0 3 9 1 1
0 5 11 1 1
0 6 11 1 1
0 5 10 1 1
0 4 10 1 1
0 3 8 1 1
0 2 8 1 1
0 9 6 1 1
0 4 9 1 1
0 1 7 1 1
0 2 7 1 1
0 3 7 1 1
0 4 7 1 1
0 5 7 1 1
0 6 7 1 1
0 7 7 1 1
0 1 7 1 1
0 1 8 1 1
0 2 9 1 1
0 3 11 1 1
0 5 13 1 1
0 6 13 1 1
0 5 12 1 1
0 4 12 1 1
0 3 10 1 1
0 2 10 1 1
0 9 8 1 1
0 4 11 1 1
0 1 9 1 1
0 2 9 1 1
0 3 9 1 1
0 4 9 1 1
0 5 9 1 1
0 6 9 1 1
0 7 9 1 1
0 1 9 1 1
0 1 10 1 1
0 2 11 1 1
0 3 13 1 1
0 5 15 1 1
0 6 15 1 1
0 5 14 1 1
0 4 14 1 1
0 3 12 1 1
0 2 12 1 1
0 9 10 1 1
0 4 13 1 1
0 1 11 1 1
0 2 11 1 1
0 3 11 1 1
0 4 11 1 1
0 5 11 1 1
0 6 11 1 1
0 7 11 1 1
0 1 11 1 1
0 1 12 1 1
0 2 13 1 1
0 3 15 1 1
0 5 17 1 1
0 6 17 1 1
0 5 16 1 1
0 4 16 1 1
0 3 14 1 1
0 2 14 1 1
0 9 12 1 1
0 4 15 1 1
0 1 13 1 1
0 2 13 1 1
0 3 13 1 1
0 4 13 1 1
0 5 13 1 1
0 6 13 1 1
0 7 13 1 1
0 1 13 1 1
0 1 14 1 1
0 2 15 1 1
0 3 17 1 1
0 5 19 1 1
0 6 19 1 1
0 5 18 1 1
0 4 18 1 1
0 3 16 1 1
0 2 16 1 1
0 9 14 1 1
0 4 17 1 1
0 1 15 1 1
0 2 15 1 1
0 3 15 1 1
0 4 15 1 1
0 5 15 1 1
0 6 15 1 1
0 7 15 1 1
0 1 15 1 1
0 1 16 1 1
0 2 17 1 1
0 3 19 1 1
0 5 21 1 1
0 6 21 1 1
0 5 20 1 1
0 4 20 1 1
0 3 18 1 1
0 2 18 1 1
0 9 16 1 1
0 4 19 1 1
0 1 17 1 1
0 2 17 1 1
0 3 17 1 1
0 4 17 1 1
0 5 17 1 1
0 6 17 1 1
0 7 17 1 1
0 1 17 1 1
0 1 18 1 1
0 2 19 1 1
0 3 21 1 1
0 5 23 1 1
0 6 23 1 1
0 5 22 1 1
0 4 22 1 1
0 3 20 1 1
0 2 20 1 1
0 9 18 1 1
0 4 21 1 1
0 1 19 1 1
0 2 19 1 1
0 3 19 1 1
0 4 19 1 1
0 5 19 1 1
0 6 19 1 1
0 7 19 1 1
0 1 19 1 1
0 1 20 1 1
0 2 21 1 1
0 3 23 1 1
0 5 25 1 1
0 6 25 1 1
0 5 24 1 1
0 4 24 1 1
0 3 22 1 1
0 2 22 1 1
0 9 20 1 1
0 4 23 1 1
0 1 21 1 1
0 2 21 1 1
0 3 21 1 1
0 4 21 1 1
0 5 21 1 1
0 6 21 1 1
0 7 21 1 1
0 1 21 1 1
0 1 22 1 1
0 2 23 1 1
0 3 25 1 1
0 5 27 1 1
0 6 27 1 1
0 5 26 1 1
0 4 26 1 1
0 3 24 1 1
0 2 24 1 1
0 9 22 1 1
0 4 25 1 1
0 1 23 1 1
0 2 23 1 1
0 3 23 1 1
0 4 23 1 1
0 5 23 1 1
0 6 23 1 1
0 7 23 1 1
0 1 23 1 1
0 1 24 1 1
0 2 25 1 1
0 3 27 1 1
0 5 29 1 1
0 6 29 1 1
0 5 28 1 1
0 4 28 1 1
0 3 26 1 1
0 2 26 1 1
0 9 24 1 1
0 4 27 1 1
0 1 25 1 1
0 2 25 1 1
0 3 25 1 1
0 4 25 1 1
0 5 25 1 1
0 6 25 1 1
0 7 25 1 1
0 1 25 1 1
0 1 26 1 1
0 2 27 1 1
0 3 29 1 1
0 5 31 1 1
0 6 31 1 1
0 5 30 1 1
0 4 30 1 1
0 3 28 1 1
0 2 28 1 1
0 9 26 1 1
0 4 29 1 1
0 1 27 1 1
0 2 27 1 1
0 3 27 1 1
0 4 27 1 1
0 5 27 1 1
0 6 27 1 1
0 7 27 1 1
0 1 27 1 1
0 1 28 1 1
0 2 29 1 1
0 3 31 1 1
0 5 33 1 1
0 6 33 1 1
0 5 32 1 1
0 4 32 1 1
0 3 30 1 1
0 2 30 1 1
0 9 28 1 1
0 4 31 1 1
0 1 29 1 1
0 2 29 1 1
0 3 29 1 1
0 4 29 1 1
0 5 29 1 1
0 6 29 1 1
0 7 29 1 1
0 1 29 1 1
0 1 30 1 1
0 2 31 1 1
0 3 33 1 1
0 5 35 1 1
0 6 35 1 1
0 5 34 1 1
0 4 34 1 1
0 3 32 1 1
0 2 32 1 1
0 9 30 1 1
0 4 33 1 1
0 1 31 1 1
0 2 31 1 1
0 3 31 1 1
0 4 31 1 1
0 5 31 1 1
0 6 31 1 1
0 7 31 1 1
0 1 31 1 1
0 1 32 1 1
0 2 33 1 1
0 3 35 1 1
0 5 37 1 1
0 6 37 1 1
0 5 36 1 1
0 4 36 1 1
0 3 34 1 1
0 2 34 1 1
0 9 32 1 1
0 4 35 1 1
0 1 33 1 1
0 2 33 1 1
0 3 33 1 1
0 4 33 1 1
0 5 33 1 1
0 6 33 1 1
0 7 33 1 1
0 1 33 1 1
0 1 34 1 1
0 2 35 1 1
0 3 37 1 1
0 5 39 1 1
0 6 39 1 1
0 5 38 1 1
0 4 38 1 1
0 3 36 1 1
0 2 36 1 1
0 9 34 1 1
0 4 37 1 1
0 1 35 1 1
0 2 35 1 1
0 3 35 1 1
0 4 35 1 1
0 5 35 1 1
0 6 35 1 1
0 7 35 1 1
0 1 35 1 1
0 1 36 1 1
0 2 37 1 1
0 3 39 1 1
0 5 41 1 1
0 6 41 1 1
0 5 40 1 1
0 4 40 1 1
0 3 38 1 1
0 2 38 1 1
0 9 36 1 1
0 4 39 1 1
0 1 37 1 1
0 2 37 1 1
0 3 37 1 1
0 4 37 1 1
0 5 37 1 1
0 6 37 1 1
0 7 37 1 1
0 1 37 1 1
0 1 38 1 1
0 2 39 1 1
0 3 41 1 1
0 5 43 1 1
0 6 43 1 1
0 5 42 1 1
0 4 42 1 1
0 3 40 1 1
0 2 40 1 1
0 9 38 1 1
0 4 41 1 1
0 1 39 1 1
0 2 39 1 1
0 3 39 1 1
0 4 39 1 1
0 5 39 1 1
0 6 39 1 1
0 7 39 1 1
0 1 39 1 1
0 1 40 1 1
0 2 41 1 1
0 3 43 1 1
0 5 45 1 1
0 6 45 1 1
0 5 44 1 1
0 4 44 1 1
0 3 42 1 1
0 2 42 1 1
0 9 40 1 1
0 4 43 1 1
0 1 41 1 1
0 2 41 1 1
0 3 41 1 1
0 4 41 1 1
0 5 41 1 1
0 6 41 1 1
0 7 41 1 1
0 1 41 1 1
0 1 42 1 1
0 2 43 1 1
0 3 45 1 1
0 5 47 1 1
0 6 47 1 1
0 5 46 1 1
0 4 46 1 1
0 3 44 1 1
0 2 44 1 1
0 9 42 1 1
0 4 45 1 1
0 1 43 1 1
0 2 43 1 1
0 3 43 1 1
0 4 43 1 1
0 5 43 1 1
0 6 43 1 1
0 7 43 1 1
0 1 43 1 1
0 1 44 1 1
0 2 45 1 1
0 3 47 1 1
0 5 49 1 1
0 6 49 1 1
0 5 48 1 1
0 4 48 1 1
0 3 46 1 1
0 2 46 1 1
0 9 44 1 1
0 4 47 1 1
0 1 45 1 1
0 2 45 1 1
0 3 45 1 1
0 4 45 1 1
0 5 45 1 1
0 6 45 1 1
0 7 45 1 1
0 1 45 1 1
0 1 46 1 1
0 2 47 1 1
0 3 49 1 1
0 5 51 1 1
0 6 51 1 1
0 5 50 1 1
0 4 50 1 1
0 3 48 1 1
0 2 48 1 1
0 9 46 1 1
0 4 49 1 1
0 1 47 1 1
0 2 47 1 1
0 3 47 1 1
0 4 47 1 1
0 5 47 1 1
0 6 47 1 1
0 7 47 1 1
0 1 47 1 1
0 1 48 1 1
0 2 49 1 1
0 3 51 1 1
0 5 53 1 1
0 6 53 1 1
0 5 52 1 1
0 4 52 1 1
0 3 50 1 1
0 2 50 1 1
0 9 48 1 1
0 4 51 1 1
0 1 49 1 1
0 2 49 1 1
0 3 49 1 1
0 4 49 1 1
0 5 49 1 1
0 6 49 1 1
0 7 49 1 1
0 1 49 1 1
0 1 50 1 1
0 2 51 1 1
0 3 53 1 1
0 5 55 1 1
0 6 55 1 1
0 5 54 1 1
0 4 54 1 1
0 3 52 1 1
0 2 52 1 1
0 9 50 1 1
0 4 53 1 1
0 1 51 1 1
0 2 51 1 1
0 3 51 1 1
0 4 51 1 1
0 5 51 1 1
0 6 51 1 1
0 7 51 1 1
0 1 51 1 1
0 1 52 1 1
0 2 53 1 1
0 3 55 1 1
0 5 57 1 1
0 6 57 1 1
0 5 56 1 1
0 4 56 1 1
0 3 54 1 1
0 2 54 1 1
0 9 52 1 1
0 4 55 1 1
0 1 53 1 1
0 2 53 1 1
0 3 53 1 1
0 4 53 1 1
0 5 53 1 1
0 6 53 1 1
0 7 53 1 1
0 1 53 1 1
0 1 54 1 1
0 2 55 1 1
0 3 57 1 1
0 5 59 1 1
0 6 59 1 1
0 5 58 1 1
0 4 58 1 1
0 3 56 1 1
0 2 56 1 1
0 9 54 1 1
0 4 57 1 1
0 1 55 1 1
0 2 55 1 1
0 3 55 1 1
0 4 55 1 1
0 5 55 1 1
0 6 55 1 1
0 7 55 1 1
0 1 55 1 1
0 1 56 1 1
0 2 57 1 1
0 3 59 1 1
0 5 61 1 1
0 6 61 1 1
0 5 60 1 1
0 4 60 1 1
0 3 58 1 1
0 2 58 1 1
0 9 56 1 1
0 4 59 1 1
0 1 57 1 1
0 2 57 1 1
0 3 57 1 1
0 4 57 1 1
0 5 57 1 1
0 6 57 1 1
0 7 57 1 1
0 1 57 1 1
0 1 58 1 1
0 2 59 1 1
0 3 61 1 1
0 5 63 1 1
0 6 63 1 1
0 5 62 1 1
0 4 62 1 1
0 3 60 1 1
0 2 60 1 1
0 9 58 1 1
0 4 61 1 1
0 1 59 1 1
0 2 59 1 1
0 3 59 1 1
0 4 59 1 1
0 5 59 1 1
0 6 59 1 1
0 7 59 1 1
0 1 59 1 1
0 1 60 1 1
0 2 61 1 1
0 3 63 1 1
0 5 65 1 1
0 6 65 1 1
0 5 64 1 1
0 4 64 1 1
0 3 62 1 1
0 2 62 1 1
0 9 60 1 1
0 4 63 1 1
0 1 61 1 1
0 2 61 1 1
0 3 61 1 1
0 4 61 1 1
0 5 61 1 1
0 6 61 1 1
0 7 61 1 1
0 1 61 1 1
0 1 62 1 1
0 2 63 1 1
0 3 65 1 1
0 5 67 1 1
0 6 67 1 1
0 5 66 1 1
0 4 66 1 1
0 3 64 1 1
0 2 64 1 1
0 9 62 1 1
0 4 65 1 1
0 1 63 1 1
0 2 63 1 1
0 3 63 1 1
0 4 63 1 1
0 5 63 1 1
0 6 63 1 1
0 7 63 1 1
0 1 63 1 1
0 1 64 1 1
0 2 65 1 1
0 3 67 1 1
0 5 69 1 1
0 6 69 1 1
0 5 68 1 1
0 4 68 1 1
0 3 66 1 1
0 2 66 1 1
0 9 64 1 1
0 4 67 1 1
0 1 65 1 1
0 2 65 1 1
0 3 65 1 1
0 4 65 1 1
0 5 65 1 1
0 6 65 1 1
0 7 65 1 1
0 1 65 1 1
0 1 66 1 1
0 2 67 1 1
0 3 69 1 1
0 5 71 1 1
0 6 71 1 1
0 5 70 1 1
0 4 70 1 1
0 3 68 1 1
0 2 68 1 1
0 9 66 1 1
0 4 69 1 1
0 1 67 1 1
0 2 67 1 1
0 3 67 1 1
0 4 67 1 1
0 5 67 1 1
0 6 67 1 1
0 7 67 1 1
0 1 67 1 1
0 1 68 1 1
0 2 69 1 1
0 3 71 1 1
0 5 73 1 1
0 6 73 1 1
0 5 72 1 1
0 4 72 1 1
0 3 70 1 1
0 2 70 1 1
0 9 68 1 1
0 4 71 1 1
0 1 69 1 1
0 2 69 1 1
0 3 69 1 1
0 4 69 1 1
0 5 69 1 1
0 6 69 1 1
0 7 69 1 1
0 1 69 1 1
0 1 70 1 1
0 2 71 1 1
0 3 73 1 1
0 5 75 1 1
0 6 75 1 1
0 5 74 1 1
0 4 74 1 1
0 3 72 1 1
0 2 72 1 1
0 9 70 1 1
0 4 73 1 1
0 1 71 1 1
0 2 71 1 1
0 3 71 1 1
0 4 71 1 1
0 5 71 1 1
0 6 71 1 1
0 7 71 1 1
0 1 71 1 1
0 1 72 1 1
0 2 73 1 1
0 3 75 1 1
0 5 77 1 1
0 6 77 1 1
0 5 76 1 1
0 4 76 1 1
0 3 74 1 1
0 2 74 1 1
0 9 72 1 1
0 4 75 1 1
0 1 73 1 1
0 2 73 1 1
0 3 73 1 1
0 4 73 1 1
0 5 73 1 1
0 6 73 1 1
0 7 73 1 1
0 1 73 1 1
0 1 74 1 1
0 2 75 1 1
0 3 77 1 1
0 5 79 1 1
0 6 79 1 1
0 5 78 1 1
0 4 78 1 1
0 3 76 1 1
0 2 76 1 1
0 9 74 1 1
0 4 77 1 1
0 1 75 1 1
0 2 75 1 1
0 3 75 1 1
0 4 75 1 1
0 5 75 1 1
0 6 75 1 1
0 7 75 1 1
0 1 75 1 1
0 1 76 1 1
0 2 77 1 1
0 3 79 1 1
0 5 81 1 1
0 6 81 1 1
0 5 80 1 1
0 4 80 1 1
0 3 78 1 1
0 2 78 1 1
0 9 76 1 1
0 4 79 1 1
0 1 77 1 1
0 2 77 1 1
0 3 77 1 1
0 4 77 1 1
0 5 77 1 1
0 6 77 1 1
0 7 77 1 1
0 1 77 1 1
0 1 78 1 1
0 2 79 1 1
0 3 81 1 1
0 5 83 1 1
0 6 83 1 1
0 5 82 1 1
0 4 82 1 1
0 3 80 1 1
0 2 80 1 1
0 9 78 1 1
0 4 81 1 1
0 1 79 1 1
0 2 79 1 1
0 3 79 1 1
0 4 79 1 1
0 5 79 1 1
0 6 79 1 1
0 7 79 1 1
0 1 79 1 1
0 1 80 1 1
0 2 81 1 1
0 3 83 1 1
0 5 85 1 1
0 6 85 1 1
0 5 84 1 1
0 4 84 1 1
0 3 82 1 1
0 2 82 1 1
0 9 80 1 1
0 4 83 1 1
0 1 81 1 1
0 2 81 1 1
0 3 81 1 1
0 4 81 1 1
0 5 81 1 1
0 6 81 1 1
0 7 81 1 1
0 1 81 1 1
0 1 82 1 1
0 2 83 1 1
0 3 85 1 1
0 5 87 1 1
0 6 87 1 1
0 5 86 1 1
0 4 86 1 1
0 3 84 1 1
0 2 84 1 1
0 9 82 1 1
0 4 85 1 1
0 1 83 1 1
0 2 83 1 1
0 3 83 1 1
0 4 83 1 1
0 5 83 1 1
0 6 83 1 1
0 7 83 1 1
0 1 83 1 1
0 1 84 1 1
0 2 85 1 1
0 3 87 1 1
0 5 89 1 1
0 6 89 1 1
0 5 88 1 1
0 4 88 1 1
0 3 86 1 1
0 2 86 1 1
0 9 84 1 1
0 4 87 1 1
0 1 85 1 1
0 2 85 1 1
0 3 85 1 1
0 4 85 1 1
0 5 85 1 1
0 6 85 1 1
0 7 85 1 1
0 1 85 1 1
0 1 86 1 1
0 2 87 1 1
0 3 89 1 1
0 5 91 1 1
0 6 91 1 1
0 5 90 1 1
0 4 90 1 1
0 3 88 1 1
0 2 88 1 1
0 9 86 1 1
0 4 89 1 1
0 1 87 1 1
0 2 87 1 1
0 3 87 1 1
0 4 87 1 1
0 5 87 1 1
0 6 87 1 1
0 7 87 1 1
0 1 87 1 1
0 1 88 1 1
0 2 89 1 1
0 3 91 1 1
0 5 93 1 1
0 6 93 1 1
0 5 92 1 1
0 4 92 1 1
0 3 90 1 1
0 2 90 1 1
0 9 88 1 1
0 4 91 1 1
0 1 89 1 1
0 2 89 1 1
0 3 89 1 1
0 4 89 1 1
0 5 89 1 1
0 6 89 1 1
0 7 89 1 1
0 1 89 1 1
0 1 90 1 1
0 2 91 1 1
0 3 93 1 1
0 5 95 1 1
0 6 95 1 1
0 5 94 1 1
0 4 94 1 1
0 3 92 1 1
0 2 92 1 1
0 9 90 1 1
0 4 93 1 1
0 1 91 1 1
0 2 91 1 1
0 3 91 1 1
0 4 91 1 1
0 5 91 1 1
0 6 91 1 1
0 7 91 1 1
0 1 91 1 1
0 1 92 1 1
0 2 93 1 1
0 3 95 1 1
0 5 97 1 1
0 6 97 1 1
0 5 96 1 1
0 4 96 1 1
0 3 94 1 1
0 2 94 1 1
0 9 92 1 1
0 4 95 1 1
0 1 93 1 1
0 2 93 1 1
0 3 93 1 1
0 4 93 1 1
0 5 93 1 1
0 6 93 1 1
0 7 93 1 1
0 1 93 1 1
0 1 94 1 1
0 2 95 1 1
0 3 97 1 1
0 5 99 1 1
0 6 99 1 1
0 5 98 1 1
0 4 98 1 1
0 3 96 1 1
0 2 96 1 1
0 9 94 1 1
0 4 97 1 1
0 1 95 1 1
0 2 95 1 1
0 3 95 1 1
0 4 95 1 1
0 5 95 1 1
0 6 95 1 1
0 7 95 1 1
0 1 95 1 1
0 1 96 1 1
0 2 97 1 1
0 3 99 1 1
0 5 101 1 1
0 6 101 1 1
0 5 100 1 1
0 4 100 1 1
0 3 98 1 1
0 2 98 1 1
0 9 96 1 1
0 4 99 1 1
0 1 97 1 1
0 2 97 1 1
0 3 97 1 1
0 4 97 1 1
0 5 97 1 1
0 6 97 1 1
0 7 97 1 1
0 1 97 1 1
0 1 98 1 1
0 2 99 1 1
0 3 101 1 1
0 5 103 1 1
0 6 103 1 1
0 5 102 1 1
0 4 102 1 1
0 3 100 1 1
0 2 100 1 1
0 9 98 1 1
0 4 101 1 1
0 1 99 1 1
0 2 99 1 1
0 3 99 1 1
0 4 99 1 1
0 5 99 1 1
0 6 99 1 1
0 7 99 1 1
0 1 99 1 1
0 1 100 1 1
0 2 101 1 1
0 3 103 1 1
0 5 105 1 1
0 6 105 1 1
0 5 104 1 1
0 4 104 1 1
0 3 102 1 1
0 2 102 1 1
0 9 100 1 1
0 4 103 1 1
0 1 101 1 1
0 2 101 1 1
0 3 101 1 1
0 4 101 1 1
0 5 101 1 1
0 6 101 1 1
0 7 101 1 1
0 1 101 1 1
0 1 102 1 1
0 2 103 1 1
0 3 105 1 1
0 5 107 1 1
0 6 107 1 1
0 5 106 1 1
0 4 106 1 1
0 3 104 1 1
0 2 104 1 1
0 9 102 1 1
0 4 105 1 1
0 1 103 1 1
0 2 103 1 1
0 3 103 1 1
0 4 103 1 1
0 5 103 1 1
0 6 103 1 1
0 7 103 1 1
0 1 103 1 1
0 1 104 1 1
0 2 105 1 1
0 3 107 1 1
0 5 109 1 1
0 6 109 1 1
0 5 108 1 1
0 4 108 1 1
0 3 106 1 1
0 2 106 1 1
0 9 104 1 1
0 4 107 1 1
0 1 105 1 1
0 2 105 1 1
0 3 105 1 1
0 4 105 1 1
0 5 105 1 1
0 6 105 1 1
0 7 105 1 1
0 1 105 1 1
0 1 106 1 1
0 2 107 1 1
0 3 109 1 1
0 5 111 1 1
0 6 111 1 1
0 5 110 1 1
0 4 110 1 1
0 3 108 1 1
0 2 108 1 1
0 9 106 1 1
0 4 109 1 1
0 1 107 1 1
0 2 107 1 1
0 3 107 1 1
0 4 107 1 1
0 5 107 1 1
0 6 107 1 1
0 7 107 1 1
0 1 107 1 1
0 1 108 1 1
0 2 109 1 1
0 3 111 1 1
0 5 113 1 1
0 6 113 1 1
0 5 112 1 1
0 4 112 1 1
0 3 110 1 1
0 2 110 1 1
0 9 108 1 1
0 4 111 1 1
0 1 109 1 1
0 2 109 1 1
0 3 109 1 1
0 4 109 1 1
0 5 109 1 1
0 6 109 1 1
0 7 109 1 1
0 1 109 1 1
0 1 110 1 1
0 2 111 1 1
0 3 113 1 1
0 5 115 1 1
0 6 115 1 1
0 5 114 1 1
0 4 114 1 1
0 3 112 1 1
0 2 112 1 1
0 9 110 1 1
0 4 113 1 1
0 1 111 1 1
0 2 111 1 1
0 3 111 1 1
0 4 111 1 1
0 5 111 1 1
0 6 111 1 1
0 7 111 1 1
0 1 111 1 1
0 1 112 1 1
0 2 113 1 1
0 3 115 1 1
0 5 117 1 1
0 6 117 1 1
0 5 116 1 1
0 4 116 1 1
0 3 114 1 1
0 2 114 1 1
0 9 112 1 1
0 4 115 1 1
0 1 113 1 1
0 2 113 1 1
0 3 113 1 1
0 4 113 1 1
0 5 113 1 1
0 6 113 1 1
0 7 113 1 1
0 1 113 1 1
0 1 114 1 1
0 2 115 1 1
0 3 117 1 1
0 5 119 1 1
0 6 119 1 1
0 5 118 1 1
0 4 118 1 1
0 3 116 1 1
0 2 116 1 1
0 9 114 1 1
0 4 117 1 1
0 1 115 1 1
0 2 115 1 1
0 3 115 1 1
0 4 115 1 1
0 5 115 1 1
0 6 115 1 1
0 7 115 1 1
0 1 115 1 1
0 1 116 1 1
0 2 117 1 1
0 3 119 1 1
0 5 121 1 1
0 6 121 1 1
0 5 120 1 1
0 4 120 1 1
0 3 118 1 1
0 2 118 1 1
0 9 116 1 1
0 4 119 1 1
0 1 117 1 1
0 2 117 1 1
0 3 117 1 1
0 4 117 1 1
0 5 117 1 1
0 6 117 1 1
0 7 117 1 1
0 1 117 1 1
0 1 118 1 1
0 2 119 1 1
0 3 121 1 1
0 5 123 1 1
0 6 123 1 1
0 5 122 1 1
0 4 122 1 1
0 3 120 1 1
0 2 120 1 1
0 9 118 1 1
0 4 121 1 1
0 1 119 1 1
0 2 119 1 1
0 3 119 1 1
0 4 119 1 1
0 5 119 1 1
0 6 119 1 1
0 7 119 1 1
0 1 119 1 1
0 1 120 1 1
0 2 121 1 1
0 3 123 1 1
0 5 125 1 1
0 6 125 1 1
0 5 124 1 1
0 4 124 1 1
0 3 122 1 1
0 2 122 1 1
0 9 120 1 1
0 4 123 1 1
0 1 121 1 1
0 2 121 1 1
0 3 121 1 1
0 4 121 1 1
0 5 121 1 1
0 6 121 1 1
0 7 121 1 1
0 1 121 1 1
0 1 122 1 1
0 2 123 1 1
0 3 125 1 1
0 5 127 1 1
0 6 127 1 1
0 5 126 1 1
0 4 126 1 1
0 3 124 1 1
0 2 124 1 1
0 9 122 1 1
0 4 125 1 1
0 1 123 1 1
0 2 123 1 1
0 3 123 1 1
0 4 123 1 1
0 5 123 1 1
0 6 123 1 1
0 7 123 1 1
0 1 123 1 1
0 1 124 1 1
0 2 125 1 1
0 3 127 1 1
0 5 129 1 1
0 6 129 1 1
0 5 128 1 1
0 4 128 1 1
0 3 126 1 1
0 2 126 1 1
0 9 124 1 1
0 4 127 1 1
0 1 125 1 1
0 2 125 1 1
0 3 125 1 1
0 4 125 1 1
0 5 125 1 1
0 6 125 1 1
0 7 125 1 1
0 1 125 1 1
0 1 126 1 1
0 2 127 1 1
0 3 129 1 1
0 5 131 1 1
0 6 131 1 1
0 5 130 1 1
0 4 130 1 1
0 3 128 1 1
0 2 128 1 1
0 9 126 1 1
0 4 129 1 1
0 1 127 1 1
0 2 127 1 1
0 3 127 1 1
0 4 127 1 1
0 5 127 1 1
0 6 127 1 1
0 7 127 1 1
0 1 127 1 1
0 1 128 1 1
0 2 129 1 1
0 3 131 1 1
0 5 133 1 1
0 6 133 1 1
0 5 132 1 1
0 4 132 1 1
0 3 130 1 1
0 2 130 1 1
0 9 128 1 1
0 4 131 1 1
0 1 129 1 1
0 2 129 1 1
0 3 129 1 1
0 4 129 1 1
0 5 129 1 1
0 6 129 1 1
0 7 129 1 1
0 1 129 1 1
0 1 130 1 1
0 2 131 1 1
0 3 133 1 1
0 5 135 1 1
0 6 135 1 1
0 5 134 1 1
0 4 134 1 1
0 3 132 1 1
0 2 132 1 1
0 9 130 1 1
0 4 133 1 1
0 1 131 1 1
0 2 131 1 1
0 3 131 1 1
0 4 131 1 1
0 5 131 1 1
0 6 131 1 1
0 7 131 1 1
0 1 131 1 1
0 1 132 1 1
0 2 133 1 1
0 3 135 1 1
0 5 137 1 1
0 6 137 1 1
0 5 136 1 1
0 4 136 1 1
0 3 134 1 1
0 2 134 1 1
0 9 132 1 1
0 4 135 1 1
0 1 133 1 1
0 2 133 1 1
0 3 133 1 1
0 4 133 1 1
0 5 133 1 1
0 6 133 1 1
0 7 133 1 1
0 1 133 1 1
0 1 134 1 1
0 2 135 1 1
0 3 137 1 1
0 5 139 1 1
0 6 139 1 1
0 5 138 1 1
0 4 138 1 1
0 3 136 1 1
0 2 136 1 1
0 9 134 1 1
0 4 137 1 1
0 1 135 1 1
0 2 135 1 1
0 3 135 1 1
0 4 135 1 1
0 5 135 1 1
0 6 135 1 1
0 7 135 1 1
0 1 135 1 1
0 1 136 1 1
0 2 137 1 1
0 3 139 1 1
0 5 141 1 1
0 6 141 1 1
0 5 140 1 1
0 4 140 1 1
0 3 138 1 1
0 2 138 1 1
0 9 136 1 1
0 4 139 1 1
0 1 137 1 1
0 2 137 1 1
0 3 137 1 1
0 4 137 1 1
0 5 137 1 1
0 6 137 1 1
0 7 137 1 1
0 1 137 1 1
0 1 138 1 1
0 2 139 1 1
0 3 141 1 1
0 5 143 1 1
0 6 143 1 1
0 5 142 1 1
0 4 142 1 1
0 3 140 1 1
0 2 140 1 1
0 9 138 1 1
0 4 141 1 1
0 1 139 1 1
0 2 139 1 1
0 3 139 1 1
0 4 139 1 1
0 5 139 1 1
0 6 139 1 1
0 7 139 1 1
0 1 139 1 1
0 1 140 1 1
0 2 141 1 1
0 3 143 1 1
0 5 145 1 1
0 6 145 1 1
0 5 144 1 1
0 4 144 1 1
0 3 142 1 1
0 2 142 1 1
0 9 140 1 1
0 4 143 1 1
0 1 141 1 1
0 2 141 1 1
0 3 141 1 1
0 4 141 1 1
0 5 141 1 1
0 6 141 1 1
0 7 141 1 1
0 1 141 1 1
0 1 142 1 1
0 2 143 1 1
0 3 145 1 1
0 5 147 1 1
0 6 147 1 1
0 5 146 1 1
0 4 146 1 1
0 3 144 1 1
0 2 144 1 1
0 9 142 1 1
0 4 145 1 1
0 1 143 1 1
0 2 143 1 1
0 3 143 1 1
0 4 143 1 1
0 5 143 1 1
0 6 143 1 1
0 7 143 1 1
0 1 143 1 1
0 1 144 1 1
0 2 145 1 1
0 3 147 1 1
0 5 149 1 1
0 6 149 1 1
0 5 148 1 1
0 4 148 1 1
0 3 146 1 1
0 2 146 1 1
0 9 144 1 1
0 4 147 1 1
0 1 145 1 1
0 2 145 1 1
0 3 145 1 1
0 4 145 1 1
0 5 145 1 1
0 6 145 1 1
0 7 145 1 1
0 1 145 1 1
0 1 146 1 1
0 2 147 1 1
0 3 149 1 1
0 5 151 1 1
0 6 151 1 1
0 5 150 1 1
0 4 150 1 1
0 3 148 1 1
0 2 148 1 1
0 9 146 1 1
0 4 149 1 1
0 1 147 1 1
0 2 147 1 1
0 3 147 1 1
0 4 147 1 1
0 5 147 1 1
0 6 147 1 1
0 7 147 1 1
0 1 147 1 1
0 1 148 1 1
0 2 149 1 1
0 3 151 1 1
0 5 153 1 1
0 6 153 1 1
0 5 152 1 1
0 4 152 1 1
0 3 150 1 1
0 2 150 1 1
0 9 148 1 1
0 4 151 1 1
0 1 149 1 1
0 2 149 1 1
0 3 149 1 1
0 4 149 1 1
0 5 149 1 1
0 6 149 1 1
0 7 149 1 1
0 1 149 1 1
0 1 150 1 1
0 2 151 1 1
0 3 153 1 1
0 5 155 1 1
0 6 155 1 1
0 5 154 1 1
0 4 154 1 1
0 3 152 1 1
0 2 152 1 1
0 9 150 1 1
0 4 153 1 1
0 1 151 1 1
0 2 151 1 1
0 3 151 1 1
0 4 151 1 1
0 5 151 1 1
0 6 151 1 1
0 7 151 1 1
0 1 151 1 1
0 1 152 1 1
0 2 153 1 1
0 3 155 1 1
0 5 157 1 1
0 6 157 1 1
0 5 156 1 1
0 4 156 1 1
0 3 154 1 1
0 2 154 1 1
0 9 152 1 1
0 4 155 1 1
0 1 153 1 1
0 2 153 1 1
0 3 153 1 1
0 4 153 1 1
0 5 153 1 1
0 6 153 1 1
0 7 153 1 1
0 1 153 1 1
0 1 154 1 1
0 2 155 1 1
0 3 157 1 1
0 5 159 1 1
0 6 159 1 1
0 5 158 1 1
0 4 158 1 1
0 3 156 1 1
0 2 156 1 1
0 9 154 1 1
0 4 157 1 1
0 1 155 1 1
0 2 155 1 1
0 3 155 1 1
0 4 155 1 1
0 5 155 1 1
0 6 155 1 1
0 7 155 1 1
0 1 155 1 1
0 1 156 1 1
0 2 157 1 1
0 3 159 1 1
0 5 161 1 1
0 6 161 1 1
0 5 160 1 1
0 4 160 1 1
0 3 158 1 1
0 2 158 1 1
0 9 156 1 1
0 4 159 1 1
0 1 157 1 1
0 2 157 1 1
0 3 157 1 1
0 4 157 1 1
0 5 157 1 1
0 6 157 1 1
0 7 157 1 1
0 1 157 1 1
0 1 158 1 1
0 2 159 1 1
0 3 161 1 1
0 5 163 1 1
0 6 163 1 1
0 5 162 1 1
0 4 162 1 1
0 3 160 1 1
0 2 160 1 1
0 9 158 1 1
0 4 161 1 1
0 1 159 1 1
0 2 159 1 1
0 3 159 1 1
0 4 159 1 1
0 5 159 1 1
0 6 159 1 1
0 7 159 1 1
0 1 159 1 1
0 1 160 1 1
0 2 161 1 1
0 3 163 1 1
0 5 165 1 1
0 6 165 1 1
0 5 164 1 1
0 4 164 1 1
0 3 162 1 1
0 2 162 1 1
0 9 160 1 1
0 4 163 1 1
0 1 161 1 1
0 2 161 1 1
0 3 161 1 1
0 4 161 1 1
0 5 161 1 1
0 6 161 1 1
0 7 161 1 1
0 1 161 1 1
0 1 162 1 1
0 2 163 1 1
0 3 165 1 1
0 5 167 1 1
0 6 167 1 1
0 5 166 1 1
0 4 166 1 1
0 3 164 1 1
0 2 164 1 1
0 9 162 1 1
0 4 165 1 1
0 1 163 1 1
0 2 163 1 1
0 3 163 1 1
0 4 163 1 1
0 5 163 1 1
0 6 163 1 1
0 7 163 1 1
0 1 163 1 1
0 1 164 1 1
0 2 165 1 1
0 3 167 1 1
0 5 169 1 1
0 6 169 1 1
0 5 168 1 1
0 4 168 1 1
0 3 166 1 1
0 2 166 1 1
0 9 164 1 1
0 4 167 1 1
0 1 165 1 1
0 2 165 1 1
0 3 165 1 1
0 4 165 1 1
0 5 165 1 1
0 6 165 1 1
0 7 165 1 1
0 1 165 1 1
0 1 166 1 1
0 2 167 1 1
0 3 169 1 1
0 5 171 1 1
0 6 171 1 1
0 5 170 1 1
0 4 170 1 1
0 3 168 1 1
0 2 168 1 1
0 9 166 1 1
0 4 169 1 1
0 1 167 1 1
0 2 167 1 1
0 3 167 1 1
0 4 167 1 1
0 5 167 1 1
0 6 167 1 1
0 7 167 1 1
0 1 167 1 1
0 1 168 1 1
0 2 169 1 1
0 3 171 1 1
0 5 173 1 1
0 6 173 1 1
0 5 172 1 1
0 4 172 1 1
0 3 170 1 1
0 2 170 1 1
0 9 168 1 1
0 4 171 1 1
0 1 169 1 1
0 2 169 1 1
0 3 169 1 1
0 4 169 1 1
0 5 169 1 1
0 6 169 1 1
0 7 169 1 1
0 1 169 1 1
0 1 170 1 1
0 2 171 1 1
0 3 173 1 1
0 5 175 1 1
0 6 175 1 1
0 5 174 1 1
0 4 174 1 1
0 3 172 1 1
0 2 172 1 1
0 9 170 1 1
0 4 173 1 1
0 1 171 1 1
0 2 171 1 1
0 3 171 1 1
0 4 171 1 1
0 5 171 1 1
0 6 171 1 1
0 7 171 1 1
0 1 171 1 1
0 1 172 1 1
0 2 173 1 1
0 3 175 1 1
0 5 177 1 1
0 6 177 1 1
0 5 176 1 1
0 4 176 1 1
0 3 174 1 1
0 2 174 1 1
0 9 172 1 1
0 4 175 1 1
0 1 173 1 1
0 2 173 1 1
0 3 173 1 1
0 4 173 1 1
0 5 173 1 1
0 6 173 1 1
0 7 173 1 1
0 1 173 1 1
0 1 174 1 1
0 2 175 1 1
0 3 177 1 1
0 5 179 1 1
0 6 179 1 1
0 5 178 1 1
0 4 178 1 1
0 3 176 1 1
0 2 176 1 1
0 9 174 1 1
0 4 177 1 1
0 1 175 1 1
0 2 175 1 1
0 3 175 1 1
0 4 175 1 1
0 5 175 1 1
0 6 175 1 1
0 7 175 1 1
0 1 175 1 1
0 1 176 1 1
0 2 177 1 1
0 3 179 1 1
0 5 181 1 1
0 6 181 1 1
0 5 180 1 1
0 4 180 1 1
0 3 178 1 1
0 2 178 1 1
0 9 176 1 1
0 4 179 1 1
0 1 177 1 1
0 2 177 1 1
0 3 177 1 1
0 4 177 1 1
0 5 177 1 1
0 6 177 1 1
0 7 177 1 1
0 1 177 1 1
0 1 178 1 1
0 2 179 1 1
0 3 181 1 1
0 5 183 1 1
0 6 183 1 1
0 5 182 1 1
0 4 182 1 1
0 3 180 1 1
0 2 180 1 1
0 9 178 1 1
0 4 181 1 1
0 1 179 1 1
0 2 179 1 1
0 3 179 1 1
0 4 179 1 1
0 5 179 1 1
0 6 179 1 1
0 7 179 1 1
0 1 179 1 1
0 1 180 1 1
0 2 181 1 1
0 3 183 1 1
0 5 185 1 1
0 6 185 1 1
0 5 184 1 1
0 4 184 1 1
0 3 182 1 1
0 2 182 1 1
0 9 180 1 1
0 4 183 1 1
0 1 181 1 1
0 2 181 1 1
0 3 181 1 1
0 4 181 1 1
0 5 181 1 1
0 6 181 1 1
0 7 181 1 1
0 1 181 1 1
0 1 182 1 1
0 2 183 1 1
0 3 185 1 1
0 5 187 1 1
0 6 187 1 1
0 5 186 1 1
0 4 186 1 1
0 3 184 1 1
0 2 184 1 1
0 9 182 1 1
0 4 185 1 1
0 1 183 1 1
0 2 183 1 1
0 3 183 1 1
0 4 183 1 1
0 5 183 1 1
0 6 183 1 1
0 7 183 1 1
0 1 183 1 1
0 1 184 1 1
0 2 185 1 1
0 3 187 1 1
0 5 189 1 1
0 6 189 1 1
0 5 188 1 1
0 4 188 1 1
0 3 186 1 1
0 2 186 1 1
0 9 184 1 1
0 4 187 1 1
0 1 185 1 1
0 2 185 1 1
0 3 185 1 1
0 4 185 1 1
0 5 185 1 1
0 6 185 1 1
0 7 185 1 1
0 1 185 1 1
0 1 186 1 1
0 2 187 1 1
0 3 189 1 1
0 5 191 1 1
0 6 191 1 1
0 5 190 1 1
0 4 190 1 1
0 3 188 1 1
0 2 188 1 1
0 9 186 1 1
0 4 189 1 1
0 1 187 1 1
0 2 187 1 1
0 3 187 1 1
0 4 187 1 1
0 5 187 1 1
0 6 187 1 1
0 7 187 1 1
0 1 187 1 1
0 1 188 1 1
0 2 189 1 1
0 3 191 1 1
0 5 193 1 1
0 6 193 1 1
0 5 192 1 1
0 4 192 1 1
0 3 190 1 1
0 2 190 1 1
0 9 188 1 1
0 4 191 1 1
0 1 189 1 1
0 2 189 1 1
0 3 189 1 1
0 4 189 1 1
0 5 189 1 1
0 6 189 1 1
0 7 189 1 1
0 1 189 1 1
0 1 190 1 1
0 2 191 1 1
0 3 193 1 1
0 5 195 1 1
0 6 195 1 1
0 5 194 1 1
0 4 194 1 1
0 3 192 1 1
0 2 192 1 1
0 9 190 1 1
0 4 193 1 1
0 1 191 1 1
0 2 191 1 1
0 3 191 1 1
0 4 191 1 1
0 5 191 1 1
0 6 191 1 1
0 7 191 1 1
0 1 191 1 1
0 1 192 1 1
0 2 193 1 1
0 3 195 1 1
0 5 197 1 1
0 6 197 1 1
0 5 196 1 1
0 4 196 1 1
0 3 194 1 1
0 2 194 1 1
0 9 192 1 1
0 4 195 1 1
0 1 193 1 1
0 2 193 1 1
0 3 193 1 1
0 4 193 1 1
0 5 193 1 1
0 6 193 1 1
0 7 193 1 1
0 1 193 1 1
0 1 194 1 1
0 2 195 1 1
0 3 197 1 1
0 5 199 1 1
0 6 199 1 1
0 5 198 1 1
0 4 198 1 1
0 3 196 1 1
0 2 196 1 1
0 9 194 1 1
0 4 197 1 1
0 1 195 1 1
0 2 195 1 1
0 3 195 1 1
0 4 195 1 1
0 5 195 1 1
0 6 195 1 1
0 7 195 1 1
0 1 195 1 1
0 1 196 1 1
0 2 197 1 1
0 3 199 1 1
0 5 201 1 1
0 6 201 1 1
0 5 200 1 1
0 4 200 1 1
0 3 198 1 1
0 2 198 1 1
0 9 196 1 1
0 4 199 1 1
0 1 197 1 1
0 2 197 1 1
0 3 197 1 1
0 4 197 1 1
0 5 197 1 1
0 6 197 1 1
0 7 197 1 1
0 1 197 1 1
0 1 198 1 1
0 2 199 1 1
0 3 201 1 1
0 5 203 1 1
0 6 203 1 1
0 5 202 1 1
0 4 202 1 1
0 3 200 1 1
0 2 200 1 1
0 9 198 1 1
0 4 201 1 1
0 1 199 1 1
0 2 199 1 1
0 3 199 1 1
0 4 199 1 1
0 5 199 1 1
0 6 199 1 1
0 7 199 1 1
0 1 199 1 1
