0 4 0 1 1
0 1 1 1 1
0 3 3 1 1
0 4 1 1 1
0 1 2 1 1
0 3 4 1 1
0 4 2 1 1
0 1 3 1 1
0 3 5 1 1
0 4 3 1 1
0 1 4 1 1
0 3 6 1 1
0 4 4 1 1
0 1 5 1 1
0 3 7 1 1
0 4 5 1 1
0 1 6 1 1
0 3 8 1 1
0 4 6 1 1
0 1 7 1 1
0 3 9 1 1
0 4 7 1 1
0 1 8 1 1
0 3 10 1 1
0 4 8 1 1
0 1 9 1 1
0 3 11 1 1
0 4 9 1 1
0 1 10 1 1
0 3 12 1 1
0 4 10 1 1
0 1 11 1 1
0 3 13 1 1
0 4 11 1 1
0 1 12 1 1
0 3 14 1 1
0 4 12 1 1
0 1 13 1 1
0 3 15 1 1
0 4 13 1 1
0 1 14 1 1
0 3 16 1 1
0 4 14 1 1
0 1 15 1 1
0 3 17 1 1
0 4 15 1 1
0 1 16 1 1
0 3 18 1 1
0 4 16 1 1
0 1 17 1 1
0 3 19 1 1
0 4 17 1 1
0 1 18 1 1
0 3 20 1 1
0 4 18 1 1
0 1 19 1 1
0 3 21 1 1
0 4 19 1 1
0 1 20 1 1
0 3 22 1 1
0 4 20 1 1
0 1 21 1 1
0 3 23 1 1
0 4 21 1 1
0 1 22 1 1
0 3 24 1 1
0 4 22 1 1
0 1 23 1 1
0 3 25 1 1
0 4 23 1 1
0 1 24 1 1
0 3 26 1 1
0 4 24 1 1
0 1 25 1 1
0 3 27 1 1
0 4 25 1 1
0 1 26 1 1
0 3 28 1 1
0 4 26 1 1
0 1 27 1 1
0 3 29 1 1
0 4 27 1 1
0 1 28 1 1
0 3 30 1 1
0 4 28 1 1
0 1 29 1 1
0 3 31 1 1
0 4 29 1 1
0 1 30 1 1
0 3 32 1 1
0 4 30 1 1
0 1 31 1 1
0 3 33 1 1
0 4 31 1 1
0 1 32 1 1
0 3 34 1 1
0 4 32 1 1
0 1 33 1 1
0 3 35 1 1
0 4 33 1 1
0 1 34 1 1
0 3 36 1 1
0 4 34 1 1
0 1 35 1 1
0 3 37 1 1
0 4 35 1 1
0 1 36 1 1
0 3 38 1 1
0 4 36 1 1
0 1 37 1 1
0 3 39 1 1
0 4 37 1 1
0 1 38 1 1
0 3 40 1 1
0 4 38 1 1
0 1 39 1 1
0 3 41 1 1
0 4 39 1 1
0 1 40 1 1
0 3 42 1 1
0 4 40 1 1
0 1 41 1 1
0 3 43 1 1
0 4 41 1 1
0 1 42 1 1
0 3 44 1 1
0 4 42 1 1
0 1 43 1 1
0 3 45 1 1
0 4 43 1 1
0 1 44 1 1
0 3 46 1 1
0 4 44 1 1
0 1 45 1 1
0 3 47 1 1
0 4 45 1 1
0 1 46 1 1
0 3 48 1 1
0 4 46 1 1
0 1 47 1 1
0 3 49 1 1
0 4 47 1 1
0 1 48 1 1
0 3 50 1 1
0 4 48 1 1
0 1 49 1 1
0 3 51 1 1
0 4 49 1 1
0 1 50 1 1
0 3 52 1 1
0 4 50 1 1
0 1 51 1 1
0 3 53 1 1
0 4 51 1 1
0 1 52 1 1
0 3 54 1 1
0 4 52 1 1
0 1 53 1 1
0 3 55 1 1
0 4 53 1 1
0 1 54 1 1
0 3 56 1 1
0 4 54 1 1
0 1 55 1 1
0 3 57 1 1
0 4 55 1 1
0 1 56 1 1
0 3 58 1 1
0 4 56 1 1
0 1 57 1 1
0 3 59 1 1
0 4 57 1 1
0 1 58 1 1
0 3 60 1 1
0 4 58 1 1
0 1 59 1 1
0 3 61 1 1
0 4 59 1 1
0 1 60 1 1
0 3 62 1 1
0 4 60 1 1
0 1 61 1 1
0 3 63 1 1
0 4 61 1 1
0 1 62 1 1
0 3 64 1 1
0 4 62 1 1
0 1 63 1 1
0 3 65 1 1
0 4 63 1 1
0 1 64 1 1
0 3 66 1 1
0 4 64 1 1
0 1 65 1 1
0 3 67 1 1
0 4 65 1 1
0 1 66 1 1
0 3 68 1 1
0 4 66 1 1
0 1 67 1 1
0 3 69 1 1
0 4 67 1 1
0 1 68 1 1
0 3 70 1 1
0 4 68 1 1
0 1 69 1 1
0 3 71 1 1
0 4 69 1 1
0 1 70 1 1
0 3 72 1 1
0 4 70 1 1
0 1 71 1 1
0 3 73 1 1
0 4 71 1 1
0 1 72 1 1
0 3 74 1 1
0 4 72 1 1
0 1 73 1 1
0 3 75 1 1
0 4 73 1 1
0 1 74 1 1
0 3 76 1 1
0 4 74 1 1
0 1 75 1 1
0 3 77 1 1
0 4 75 1 1
0 1 76 1 1
0 3 78 1 1
0 4 76 1 1
0 1 77 1 1
0 3 79 1 1
0 4 77 1 1
0 1 78 1 1
0 3 80 1 1
0 4 78 1 1
0 1 79 1 1
0 3 81 1 1
0 4 79 1 1
0 1 80 1 1
0 3 82 1 1
0 4 80 1 1
0 1 81 1 1
0 3 83 1 1
0 4 81 1 1
0 1 82 1 1
0 3 84 1 1
0 4 82 1 1
0 1 83 1 1
0 3 85 1 1
0 4 83 1 1
0 1 84 1 1
0 3 86 1 1
0 4 84 1 1
0 1 85 1 1
0 3 87 1 1
0 4 85 1 1
0 1 86 1 1
0 3 88 1 1
0 4 86 1 1
0 1 87 1 1
0 3 89 1 1
0 4 87 1 1
0 1 88 1 1
0 3 90 1 1
0 4 88 1 1
0 1 89 1 1
0 3 91 1 1
0 4 89 1 1
0 1 90 1 1
0 3 92 1 1
0 4 90 1 1
0 1 91 1 1
0 3 93 1 1
0 4 91 1 1
0 1 92 1 1
0 3 94 1 1
0 4 92 1 1
0 1 93 1 1
0 3 95 1 1
0 4 93 1 1
0 1 94 1 1
0 3 96 1 1
0 4 94 1 1
0 1 95 1 1
0 3 97 1 1
0 4 95 1 1
0 1 96 1 1
0 3 98 1 1
0 4 96 1 1
0 1 97 1 1
0 3 99 1 1
0 4 97 1 1
0 1 98 1 1
0 3 100 1 1
0 4 98 1 1
0 1 99 1 1
0 3 101 1 1
0 4 99 1 1
0 1 100 1 1
0 3 102 1 1
