0 3 0 1 1
0 5 0 1 1
0 2 0 1 1
0 7 0 1 1
0 4 0 1 1
0 3 1 1 1
0 6 1 1 1
0 1 1 1 1
0 4 1 1 1
0 7 1 1 1
0 7 2 1 1
0 5 2 1 1
0 6 2 1 1
0 1 2 1 1
0 2 2 1 1
0 7 3 1 1
0 2 3 1 1
0 1 3 1 1
0 6 3 1 1
0 5 3 1 1
0 7 4 1 1
0 4 4 1 1
0 1 4 1 1
0 6 4 1 1
0 3 4 1 1
0 3 5 1 1
0 5 5 1 1
0 2 5 1 1
0 7 5 1 1
0 4 5 1 1
0 3 6 1 1
0 6 6 1 1
0 1 6 1 1
0 4 6 1 1
0 7 6 1 1
0 7 7 1 1
0 5 7 1 1
0 6 7 1 1
0 1 7 1 1
0 2 7 1 1
0 7 8 1 1
0 2 8 1 1
0 1 8 1 1
0 6 8 1 1
0 5 8 1 1
0 7 9 1 1
0 4 9 1 1
0 1 9 1 1
0 6 9 1 1
0 3 9 1 1
0 3 10 1 1
0 5 10 1 1
0 2 10 1 1
0 7 10 1 1
0 4 10 1 1
0 3 11 1 1
0 6 11 1 1
0 1 11 1 1
0 4 11 1 1
0 7 11 1 1
0 7 12 1 1
0 5 12 1 1
0 6 12 1 1
0 1 12 1 1
0 2 12 1 1
0 7 13 1 1
0 2 13 1 1
0 1 13 1 1
0 6 13 1 1
0 5 13 1 1
0 7 14 1 1
0 4 14 1 1
0 1 14 1 1
0 6 14 1 1
0 3 14 1 1
0 3 15 1 1
0 5 15 1 1
0 2 15 1 1
0 7 15 1 1
0 4 15 1 1
0 3 16 1 1
0 6 16 1 1
0 1 16 1 1
0 4 16 1 1
0 7 16 1 1
0 7 17 1 1
0 5 17 1 1
0 6 17 1 1
0 1 17 1 1
0 2 17 1 1
0 7 18 1 1
0 2 18 1 1
0 1 18 1 1
0 6 18 1 1
0 5 18 1 1
0 7 19 1 1
0 4 19 1 1
0 1 19 1 1
0 6 19 1 1
0 3 19 1 1
0 3 20 1 1
0 5 20 1 1
0 2 20 1 1
0 7 20 1 1
0 4 20 1 1
0 3 21 1 1
0 6 21 1 1
0 1 21 1 1
0 4 21 1 1
0 7 21 1 1
0 7 22 1 1
0 5 22 1 1
0 6 22 1 1
0 1 22 1 1
0 2 22 1 1
0 7 23 1 1
0 2 23 1 1
0 1 23 1 1
0 6 23 1 1
0 5 23 1 1
0 7 24 1 1
0 4 24 1 1
0 1 24 1 1
0 6 24 1 1
0 3 24 1 1
0 3 25 1 1
0 5 25 1 1
0 2 25 1 1
0 7 25 1 1
0 4 25 1 1
0 3 26 1 1
0 6 26 1 1
0 1 26 1 1
0 4 26 1 1
0 7 26 1 1
0 7 27 1 1
0 5 27 1 1
0 6 27 1 1
0 1 27 1 1
0 2 27 1 1
0 7 28 1 1
0 2 28 1 1
0 1 28 1 1
0 6 28 1 1
0 5 28 1 1
0 7 29 1 1
0 4 29 1 1
0 1 29 1 1
0 6 29 1 1
0 3 29 1 1
0 3 30 1 1
0 5 30 1 1
0 2 30 1 1
0 7 30 1 1
0 4 30 1 1
0 3 31 1 1
0 6 31 1 1
0 1 31 1 1
0 4 31 1 1
0 7 31 1 1
0 7 32 1 1
0 5 32 1 1
0 6 32 1 1
0 1 32 1 1
0 2 32 1 1
0 7 33 1 1
0 2 33 1 1
0 1 33 1 1
0 6 33 1 1
0 5 33 1 1
0 7 34 1 1
0 4 34 1 1
0 1 34 1 1
0 6 34 1 1
0 3 34 1 1
0 3 35 1 1
0 5 35 1 1
0 2 35 1 1
0 7 35 1 1
0 4 35 1 1
0 3 36 1 1
0 6 36 1 1
0 1 36 1 1
0 4 36 1 1
0 7 36 1 1
0 7 37 1 1
0 5 37 1 1
0 6 37 1 1
0 1 37 1 1
0 2 37 1 1
0 7 38 1 1
0 2 38 1 1
0 1 38 1 1
0 6 38 1 1
0 5 38 1 1
0 7 39 1 1
0 4 39 1 1
0 1 39 1 1
0 6 39 1 1
0 3 39 1 1
0 3 40 1 1
0 5 40 1 1
0 2 40 1 1
0 7 40 1 1
0 4 40 1 1
0 3 41 1 1
0 6 41 1 1
0 1 41 1 1
0 4 41 1 1
0 7 41 1 1
0 7 42 1 1
0 5 42 1 1
0 6 42 1 1
0 1 42 1 1
0 2 42 1 1
0 7 43 1 1
0 2 43 1 1
0 1 43 1 1
0 6 43 1 1
0 5 43 1 1
0 7 44 1 1
0 4 44 1 1
0 1 44 1 1
0 6 44 1 1
0 3 44 1 1
0 3 45 1 1
0 5 45 1 1
0 2 45 1 1
0 7 45 1 1
0 4 45 1 1
0 3 46 1 1
0 6 46 1 1
0 1 46 1 1
0 4 46 1 1
0 7 46 1 1
0 7 47 1 1
0 5 47 1 1
0 6 47 1 1
0 1 47 1 1
0 2 47 1 1
0 7 48 1 1
0 2 48 1 1
0 1 48 1 1
0 6 48 1 1
0 5 48 1 1
0 7 49 1 1
0 4 49 1 1
0 1 49 1 1
0 6 49 1 1
0 3 49 1 1
0 3 50 1 1
0 5 50 1 1
0 2 50 1 1
0 7 50 1 1
0 4 50 1 1
0 3 51 1 1
0 6 51 1 1
0 1 51 1 1
0 4 51 1 1
0 7 51 1 1
0 7 52 1 1
0 5 52 1 1
0 6 52 1 1
0 1 52 1 1
0 2 52 1 1
0 7 53 1 1
0 2 53 1 1
0 1 53 1 1
0 6 53 1 1
0 5 53 1 1
0 7 54 1 1
0 4 54 1 1
0 1 54 1 1
0 6 54 1 1
0 3 54 1 1
0 3 55 1 1
0 5 55 1 1
0 2 55 1 1
0 7 55 1 1
0 4 55 1 1
0 3 56 1 1
0 6 56 1 1
0 1 56 1 1
0 4 56 1 1
0 7 56 1 1
0 7 57 1 1
0 5 57 1 1
0 6 57 1 1
0 1 57 1 1
0 2 57 1 1
0 7 58 1 1
0 2 58 1 1
0 1 58 1 1
0 6 58 1 1
0 5 58 1 1
0 7 59 1 1
0 4 59 1 1
0 1 59 1 1
0 6 59 1 1
0 3 59 1 1
0 3 60 1 1
0 5 60 1 1
0 2 60 1 1
0 7 60 1 1
0 4 60 1 1
0 3 61 1 1
0 6 61 1 1
0 1 61 1 1
0 4 61 1 1
0 7 61 1 1
0 7 62 1 1
0 5 62 1 1
0 6 62 1 1
0 1 62 1 1
0 2 62 1 1
0 7 63 1 1
0 2 63 1 1
0 1 63 1 1
0 6 63 1 1
0 5 63 1 1
0 7 64 1 1
0 4 64 1 1
0 1 64 1 1
0 6 64 1 1
0 3 64 1 1
0 3 65 1 1
0 5 65 1 1
0 2 65 1 1
0 7 65 1 1
0 4 65 1 1
0 3 66 1 1
0 6 66 1 1
0 1 66 1 1
0 4 66 1 1
0 7 66 1 1
0 7 67 1 1
0 5 67 1 1
0 6 67 1 1
0 1 67 1 1
0 2 67 1 1
0 7 68 1 1
0 2 68 1 1
0 1 68 1 1
0 6 68 1 1
0 5 68 1 1
0 7 69 1 1
0 4 69 1 1
0 1 69 1 1
0 6 69 1 1
0 3 69 1 1
0 3 70 1 1
0 5 70 1 1
0 2 70 1 1
0 7 70 1 1
0 4 70 1 1
0 3 71 1 1
0 6 71 1 1
0 1 71 1 1
0 4 71 1 1
0 7 71 1 1
0 7 72 1 1
0 5 72 1 1
0 6 72 1 1
0 1 72 1 1
0 2 72 1 1
0 7 73 1 1
0 2 73 1 1
0 1 73 1 1
0 6 73 1 1
0 5 73 1 1
0 7 74 1 1
0 4 74 1 1
0 1 74 1 1
0 6 74 1 1
0 3 74 1 1
0 3 75 1 1
0 5 75 1 1
0 2 75 1 1
0 7 75 1 1
0 4 75 1 1
0 3 76 1 1
0 6 76 1 1
0 1 76 1 1
0 4 76 1 1
0 7 76 1 1
0 7 77 1 1
0 5 77 1 1
0 6 77 1 1
0 1 77 1 1
0 2 77 1 1
0 7 78 1 1
0 2 78 1 1
0 1 78 1 1
0 6 78 1 1
0 5 78 1 1
0 7 79 1 1
0 4 79 1 1
0 1 79 1 1
0 6 79 1 1
0 3 79 1 1
0 3 80 1 1
0 5 80 1 1
0 2 80 1 1
0 7 80 1 1
0 4 80 1 1
0 3 81 1 1
0 6 81 1 1
0 1 81 1 1
0 4 81 1 1
0 7 81 1 1
0 7 82 1 1
0 5 82 1 1
0 6 82 1 1
0 1 82 1 1
0 2 82 1 1
0 7 83 1 1
0 2 83 1 1
0 1 83 1 1
0 6 83 1 1
0 5 83 1 1
0 7 84 1 1
0 4 84 1 1
0 1 84 1 1
0 6 84 1 1
0 3 84 1 1
0 3 85 1 1
0 5 85 1 1
0 2 85 1 1
0 7 85 1 1
0 4 85 1 1
0 3 86 1 1
0 6 86 1 1
0 1 86 1 1
0 4 86 1 1
0 7 86 1 1
0 7 87 1 1
0 5 87 1 1
0 6 87 1 1
0 1 87 1 1
0 2 87 1 1
0 7 88 1 1
0 2 88 1 1
0 1 88 1 1
0 6 88 1 1
0 5 88 1 1
0 7 89 1 1
0 4 89 1 1
0 1 89 1 1
0 6 89 1 1
0 3 89 1 1
0 3 90 1 1
0 5 90 1 1
0 2 90 1 1
0 7 90 1 1
0 4 90 1 1
0 3 91 1 1
0 6 91 1 1
0 1 91 1 1
0 4 91 1 1
0 7 91 1 1
0 7 92 1 1
0 5 92 1 1
0 6 92 1 1
0 1 92 1 1
0 2 92 1 1
0 7 93 1 1
0 2 93 1 1
0 1 93 1 1
0 6 93 1 1
0 5 93 1 1
0 7 94 1 1
0 4 94 1 1
0 1 94 1 1
0 6 94 1 1
0 3 94 1 1
0 3 95 1 1
0 5 95 1 1
0 2 95 1 1
0 7 95 1 1
0 4 95 1 1
0 3 96 1 1
0 6 96 1 1
0 1 96 1 1
0 4 96 1 1
0 7 96 1 1
0 7 97 1 1
0 5 97 1 1
0 6 97 1 1
0 1 97 1 1
0 2 97 1 1
0 7 98 1 1
0 2 98 1 1
0 1 98 1 1
0 6 98 1 1
0 5 98 1 1
0 7 99 1 1
0 4 99 1 1
0 1 99 1 1
0 6 99 1 1
0 3 99 1 1
0 3 100 1 1
0 5 100 1 1
0 2 100 1 1
0 7 100 1 1
0 4 100 1 1
0 3 101 1 1
0 6 101 1 1
0 1 101 1 1
0 4 101 1 1
0 7 101 1 1
0 7 102 1 1
0 5 102 1 1
0 6 102 1 1
0 1 102 1 1
0 2 102 1 1
0 7 103 1 1
0 2 103 1 1
0 1 103 1 1
0 6 103 1 1
0 5 103 1 1
0 7 104 1 1
0 4 104 1 1
0 1 104 1 1
0 6 104 1 1
0 3 104 1 1
0 3 105 1 1
0 5 105 1 1
0 2 105 1 1
0 7 105 1 1
0 4 105 1 1
0 3 106 1 1
0 6 106 1 1
0 1 106 1 1
0 4 106 1 1
0 7 106 1 1
0 7 107 1 1
0 5 107 1 1
0 6 107 1 1
0 1 107 1 1
0 2 107 1 1
0 7 108 1 1
0 2 108 1 1
0 1 108 1 1
0 6 108 1 1
0 5 108 1 1
0 7 109 1 1
0 4 109 1 1
0 1 109 1 1
0 6 109 1 1
0 3 109 1 1
0 3 110 1 1
0 5 110 1 1
0 2 110 1 1
0 7 110 1 1
0 4 110 1 1
0 3 111 1 1
0 6 111 1 1
0 1 111 1 1
0 4 111 1 1
0 7 111 1 1
0 7 112 1 1
0 5 112 1 1
0 6 112 1 1
0 1 112 1 1
0 2 112 1 1
0 7 113 1 1
0 2 113 1 1
0 1 113 1 1
0 6 113 1 1
0 5 113 1 1
0 7 114 1 1
0 4 114 1 1
0 1 114 1 1
0 6 114 1 1
0 3 114 1 1
0 3 115 1 1
0 5 115 1 1
0 2 115 1 1
0 7 115 1 1
0 4 115 1 1
0 3 116 1 1
0 6 116 1 1
0 1 116 1 1
0 4 116 1 1
0 7 116 1 1
0 7 117 1 1
0 5 117 1 1
0 6 117 1 1
0 1 117 1 1
0 2 117 1 1
0 7 118 1 1
0 2 118 1 1
0 1 118 1 1
0 6 118 1 1
0 5 118 1 1
0 7 119 1 1
0 4 119 1 1
0 1 119 1 1
0 6 119 1 1
0 3 119 1 1
0 3 120 1 1
0 5 120 1 1
0 2 120 1 1
0 7 120 1 1
0 4 120 1 1
0 3 121 1 1
0 6 121 1 1
0 1 121 1 1
0 4 121 1 1
0 7 121 1 1
0 7 122 1 1
0 5 122 1 1
0 6 122 1 1
0 1 122 1 1
0 2 122 1 1
0 7 123 1 1
0 2 123 1 1
0 1 123 1 1
0 6 123 1 1
0 5 123 1 1
0 7 124 1 1
0 4 124 1 1
0 1 124 1 1
0 6 124 1 1
0 3 124 1 1
0 3 125 1 1
0 5 125 1 1
0 2 125 1 1
0 7 125 1 1
0 4 125 1 1
0 3 126 1 1
0 6 126 1 1
0 1 126 1 1
0 4 126 1 1
0 7 126 1 1
0 7 127 1 1
0 5 127 1 1
0 6 127 1 1
0 1 127 1 1
0 2 127 1 1
0 7 128 1 1
0 2 128 1 1
0 1 128 1 1
0 6 128 1 1
0 5 128 1 1
0 7 129 1 1
0 4 129 1 1
0 1 129 1 1
0 6 129 1 1
0 3 129 1 1
0 3 130 1 1
0 5 130 1 1
0 2 130 1 1
0 7 130 1 1
0 4 130 1 1
0 3 131 1 1
0 6 131 1 1
0 1 131 1 1
0 4 131 1 1
0 7 131 1 1
0 7 132 1 1
0 5 132 1 1
0 6 132 1 1
0 1 132 1 1
0 2 132 1 1
0 7 133 1 1
0 2 133 1 1
0 1 133 1 1
0 6 133 1 1
0 5 133 1 1
0 7 134 1 1
0 4 134 1 1
0 1 134 1 1
0 6 134 1 1
0 3 134 1 1
0 3 135 1 1
0 5 135 1 1
0 2 135 1 1
0 7 135 1 1
0 4 135 1 1
0 3 136 1 1
0 6 136 1 1
0 1 136 1 1
0 4 136 1 1
0 7 136 1 1
0 7 137 1 1
0 5 137 1 1
0 6 137 1 1
0 1 137 1 1
0 2 137 1 1
0 7 138 1 1
0 2 138 1 1
0 1 138 1 1
0 6 138 1 1
0 5 138 1 1
0 7 139 1 1
0 4 139 1 1
0 1 139 1 1
0 6 139 1 1
0 3 139 1 1
0 3 140 1 1
0 5 140 1 1
0 2 140 1 1
0 7 140 1 1
0 4 140 1 1
0 3 141 1 1
0 6 141 1 1
0 1 141 1 1
0 4 141 1 1
0 7 141 1 1
0 7 142 1 1
0 5 142 1 1
0 6 142 1 1
0 1 142 1 1
0 2 142 1 1
0 7 143 1 1
0 2 143 1 1
0 1 143 1 1
0 6 143 1 1
0 5 143 1 1
0 7 144 1 1
0 4 144 1 1
0 1 144 1 1
0 6 144 1 1
0 3 144 1 1
0 3 145 1 1
0 5 145 1 1
0 2 145 1 1
0 7 145 1 1
0 4 145 1 1
0 3 146 1 1
0 6 146 1 1
0 1 146 1 1
0 4 146 1 1
0 7 146 1 1
0 7 147 1 1
0 5 147 1 1
0 6 147 1 1
0 1 147 1 1
0 2 147 1 1
0 7 148 1 1
0 2 148 1 1
0 1 148 1 1
0 6 148 1 1
0 5 148 1 1
0 7 149 1 1
0 4 149 1 1
0 1 149 1 1
0 6 149 1 1
0 3 149 1 1
0 3 150 1 1
0 5 150 1 1
0 2 150 1 1
0 7 150 1 1
0 4 150 1 1
0 3 151 1 1
0 6 151 1 1
0 1 151 1 1
0 4 151 1 1
0 7 151 1 1
0 7 152 1 1
0 5 152 1 1
0 6 152 1 1
0 1 152 1 1
0 2 152 1 1
0 7 153 1 1
0 2 153 1 1
0 1 153 1 1
0 6 153 1 1
0 5 153 1 1
0 7 154 1 1
0 4 154 1 1
0 1 154 1 1
0 6 154 1 1
0 3 154 1 1
0 3 155 1 1
0 5 155 1 1
0 2 155 1 1
0 7 155 1 1
0 4 155 1 1
0 3 156 1 1
0 6 156 1 1
0 1 156 1 1
0 4 156 1 1
0 7 156 1 1
0 7 157 1 1
0 5 157 1 1
0 6 157 1 1
0 1 157 1 1
0 2 157 1 1
0 7 158 1 1
0 2 158 1 1
0 1 158 1 1
0 6 158 1 1
0 5 158 1 1
0 7 159 1 1
0 4 159 1 1
0 1 159 1 1
0 6 159 1 1
0 3 159 1 1
0 3 160 1 1
0 5 160 1 1
0 2 160 1 1
0 7 160 1 1
0 4 160 1 1
0 3 161 1 1
0 6 161 1 1
0 1 161 1 1
0 4 161 1 1
0 7 161 1 1
0 7 162 1 1
0 5 162 1 1
0 6 162 1 1
0 1 162 1 1
0 2 162 1 1
0 7 163 1 1
0 2 163 1 1
0 1 163 1 1
0 6 163 1 1
0 5 163 1 1
0 7 164 1 1
0 4 164 1 1
0 1 164 1 1
0 6 164 1 1
0 3 164 1 1
0 3 165 1 1
0 5 165 1 1
0 2 165 1 1
0 7 165 1 1
0 4 165 1 1
0 3 166 1 1
0 6 166 1 1
0 1 166 1 1
0 4 166 1 1
0 7 166 1 1
0 7 167 1 1
0 5 167 1 1
0 6 167 1 1
0 1 167 1 1
0 2 167 1 1
0 7 168 1 1
0 2 168 1 1
0 1 168 1 1
0 6 168 1 1
0 5 168 1 1
0 7 169 1 1
0 4 169 1 1
0 1 169 1 1
0 6 169 1 1
0 3 169 1 1
0 3 170 1 1
0 5 170 1 1
0 2 170 1 1
0 7 170 1 1
0 4 170 1 1
0 3 171 1 1
0 6 171 1 1
0 1 171 1 1
0 4 171 1 1
0 7 171 1 1
0 7 172 1 1
0 5 172 1 1
0 6 172 1 1
0 1 172 1 1
0 2 172 1 1
0 7 173 1 1
0 2 173 1 1
0 1 173 1 1
0 6 173 1 1
0 5 173 1 1
0 7 174 1 1
0 4 174 1 1
0 1 174 1 1
0 6 174 1 1
0 3 174 1 1
0 3 175 1 1
0 5 175 1 1
0 2 175 1 1
0 7 175 1 1
0 4 175 1 1
0 3 176 1 1
0 6 176 1 1
0 1 176 1 1
0 4 176 1 1
0 7 176 1 1
0 7 177 1 1
0 5 177 1 1
0 6 177 1 1
0 1 177 1 1
0 2 177 1 1
0 7 178 1 1
0 2 178 1 1
0 1 178 1 1
0 6 178 1 1
0 5 178 1 1
0 7 179 1 1
0 4 179 1 1
0 1 179 1 1
0 6 179 1 1
0 3 179 1 1
0 3 180 1 1
0 5 180 1 1
0 2 180 1 1
0 7 180 1 1
0 4 180 1 1
0 3 181 1 1
0 6 181 1 1
0 1 181 1 1
0 4 181 1 1
0 7 181 1 1
0 7 182 1 1
0 5 182 1 1
0 6 182 1 1
0 1 182 1 1
0 2 182 1 1
0 7 183 1 1
0 2 183 1 1
0 1 183 1 1
0 6 183 1 1
0 5 183 1 1
0 7 184 1 1
0 4 184 1 1
0 1 184 1 1
0 6 184 1 1
0 3 184 1 1
0 3 185 1 1
0 5 185 1 1
0 2 185 1 1
0 7 185 1 1
0 4 185 1 1
0 3 186 1 1
0 6 186 1 1
0 1 186 1 1
0 4 186 1 1
0 7 186 1 1
0 7 187 1 1
0 5 187 1 1
0 6 187 1 1
0 1 187 1 1
0 2 187 1 1
0 7 188 1 1
0 2 188 1 1
0 1 188 1 1
0 6 188 1 1
0 5 188 1 1
0 7 189 1 1
0 4 189 1 1
0 1 189 1 1
0 6 189 1 1
0 3 189 1 1
0 3 190 1 1
0 5 190 1 1
0 2 190 1 1
0 7 190 1 1
0 4 190 1 1
0 3 191 1 1
0 6 191 1 1
0 1 191 1 1
0 4 191 1 1
0 7 191 1 1
0 7 192 1 1
0 5 192 1 1
0 6 192 1 1
0 1 192 1 1
0 2 192 1 1
0 7 193 1 1
0 2 193 1 1
0 1 193 1 1
0 6 193 1 1
0 5 193 1 1
0 7 194 1 1
0 4 194 1 1
0 1 194 1 1
0 6 194 1 1
0 3 194 1 1
0 3 195 1 1
0 5 195 1 1
0 2 195 1 1
0 7 195 1 1
0 4 195 1 1
0 3 196 1 1
0 6 196 1 1
0 1 196 1 1
0 4 196 1 1
0 7 196 1 1
0 7 197 1 1
0 5 197 1 1
0 6 197 1 1
0 1 197 1 1
0 2 197 1 1
0 7 198 1 1
0 2 198 1 1
0 1 198 1 1
0 6 198 1 1
0 5 198 1 1
0 7 199 1 1
0 4 199 1 1
0 1 199 1 1
0 6 199 1 1
0 3 199 1 1
0 3 200 1 1
0 5 200 1 1
0 2 200 1 1
0 7 200 1 1
0 4 200 1 1
0 3 201 1 1
0 6 201 1 1
0 1 201 1 1
0 4 201 1 1
0 7 201 1 1
0 7 202 1 1
0 5 202 1 1
0 6 202 1 1
0 1 202 1 1
0 2 202 1 1
0 7 203 1 1
0 2 203 1 1
0 1 203 1 1
0 6 203 1 1
0 5 203 1 1
0 7 204 1 1
0 4 204 1 1
0 1 204 1 1
0 6 204 1 1
0 3 204 1 1
0 3 205 1 1
0 5 205 1 1
0 2 205 1 1
0 7 205 1 1
0 4 205 1 1
0 3 206 1 1
0 6 206 1 1
0 1 206 1 1
0 4 206 1 1
0 7 206 1 1
0 7 207 1 1
0 5 207 1 1
0 6 207 1 1
0 1 207 1 1
0 2 207 1 1
0 7 208 1 1
0 2 208 1 1
0 1 208 1 1
0 6 208 1 1
0 5 208 1 1
0 7 209 1 1
0 4 209 1 1
0 1 209 1 1
0 6 209 1 1
0 3 209 1 1
0 3 210 1 1
0 5 210 1 1
0 2 210 1 1
0 7 210 1 1
0 4 210 1 1
0 3 211 1 1
0 6 211 1 1
0 1 211 1 1
0 4 211 1 1
0 7 211 1 1
0 7 212 1 1
0 5 212 1 1
0 6 212 1 1
0 1 212 1 1
0 2 212 1 1
0 7 213 1 1
0 2 213 1 1
0 1 213 1 1
0 6 213 1 1
0 5 213 1 1
0 7 214 1 1
0 4 214 1 1
0 1 214 1 1
0 6 214 1 1
0 3 214 1 1
0 3 215 1 1
0 5 215 1 1
0 2 215 1 1
0 7 215 1 1
0 4 215 1 1
0 3 216 1 1
0 6 216 1 1
0 1 216 1 1
0 4 216 1 1
0 7 216 1 1
0 7 217 1 1
0 5 217 1 1
0 6 217 1 1
0 1 217 1 1
0 2 217 1 1
0 7 218 1 1
0 2 218 1 1
0 1 218 1 1
0 6 218 1 1
0 5 218 1 1
0 7 219 1 1
0 4 219 1 1
0 1 219 1 1
0 6 219 1 1
0 3 219 1 1
0 3 220 1 1
0 5 220 1 1
0 2 220 1 1
0 7 220 1 1
0 4 220 1 1
0 3 221 1 1
0 6 221 1 1
0 1 221 1 1
0 4 221 1 1
0 7 221 1 1
0 7 222 1 1
0 5 222 1 1
0 6 222 1 1
0 1 222 1 1
0 2 222 1 1
0 7 223 1 1
0 2 223 1 1
0 1 223 1 1
0 6 223 1 1
0 5 223 1 1
0 7 224 1 1
0 4 224 1 1
0 1 224 1 1
0 6 224 1 1
0 3 224 1 1
0 3 225 1 1
0 5 225 1 1
0 2 225 1 1
0 7 225 1 1
0 4 225 1 1
0 3 226 1 1
0 6 226 1 1
0 1 226 1 1
0 4 226 1 1
0 7 226 1 1
0 7 227 1 1
0 5 227 1 1
0 6 227 1 1
0 1 227 1 1
0 2 227 1 1
0 7 228 1 1
0 2 228 1 1
0 1 228 1 1
0 6 228 1 1
0 5 228 1 1
0 7 229 1 1
0 4 229 1 1
0 1 229 1 1
0 6 229 1 1
0 3 229 1 1
0 3 230 1 1
0 5 230 1 1
0 2 230 1 1
0 7 230 1 1
0 4 230 1 1
0 3 231 1 1
0 6 231 1 1
0 1 231 1 1
0 4 231 1 1
0 7 231 1 1
0 7 232 1 1
0 5 232 1 1
0 6 232 1 1
0 1 232 1 1
0 2 232 1 1
0 7 233 1 1
0 2 233 1 1
0 1 233 1 1
0 6 233 1 1
0 5 233 1 1
0 7 234 1 1
0 4 234 1 1
0 1 234 1 1
0 6 234 1 1
0 3 234 1 1
0 3 235 1 1
0 5 235 1 1
0 2 235 1 1
0 7 235 1 1
0 4 235 1 1
0 3 236 1 1
0 6 236 1 1
0 1 236 1 1
0 4 236 1 1
0 7 236 1 1
0 7 237 1 1
0 5 237 1 1
0 6 237 1 1
0 1 237 1 1
0 2 237 1 1
0 7 238 1 1
0 2 238 1 1
0 1 238 1 1
0 6 238 1 1
0 5 238 1 1
0 7 239 1 1
0 4 239 1 1
0 1 239 1 1
0 6 239 1 1
0 3 239 1 1
0 3 240 1 1
0 5 240 1 1
0 2 240 1 1
0 7 240 1 1
0 4 240 1 1
0 3 241 1 1
0 6 241 1 1
0 1 241 1 1
0 4 241 1 1
0 7 241 1 1
0 7 242 1 1
0 5 242 1 1
0 6 242 1 1
0 1 242 1 1
0 2 242 1 1
0 7 243 1 1
0 2 243 1 1
0 1 243 1 1
0 6 243 1 1
0 5 243 1 1
0 7 244 1 1
0 4 244 1 1
0 1 244 1 1
0 6 244 1 1
0 3 244 1 1
0 3 245 1 1
0 5 245 1 1
0 2 245 1 1
0 7 245 1 1
0 4 245 1 1
0 3 246 1 1
0 6 246 1 1
0 1 246 1 1
0 4 246 1 1
0 7 246 1 1
0 7 247 1 1
0 5 247 1 1
0 6 247 1 1
0 1 247 1 1
0 2 247 1 1
0 7 248 1 1
0 2 248 1 1
0 1 248 1 1
0 6 248 1 1
0 5 248 1 1
0 7 249 1 1
0 4 249 1 1
0 1 249 1 1
0 6 249 1 1
0 3 249 1 1
0 3 250 1 1
0 5 250 1 1
0 2 250 1 1
0 7 250 1 1
0 4 250 1 1
0 3 251 1 1
0 6 251 1 1
0 1 251 1 1
0 4 251 1 1
0 7 251 1 1
0 7 252 1 1
0 5 252 1 1
0 6 252 1 1
0 1 252 1 1
0 2 252 1 1
0 7 253 1 1
0 2 253 1 1
0 1 253 1 1
0 6 253 1 1
0 5 253 1 1
0 7 254 1 1
0 4 254 1 1
0 1 254 1 1
0 6 254 1 1
0 3 254 1 1
0 3 255 1 1
0 5 255 1 1
0 2 255 1 1
0 7 255 1 1
0 4 255 1 1
0 3 256 1 1
0 6 256 1 1
0 1 256 1 1
0 4 256 1 1
0 7 256 1 1
0 7 257 1 1
0 5 257 1 1
0 6 257 1 1
0 1 257 1 1
0 2 257 1 1
0 7 258 1 1
0 2 258 1 1
0 1 258 1 1
0 6 258 1 1
0 5 258 1 1
0 7 259 1 1
0 4 259 1 1
0 1 259 1 1
0 6 259 1 1
0 3 259 1 1
0 3 260 1 1
0 5 260 1 1
0 2 260 1 1
0 7 260 1 1
0 4 260 1 1
0 3 261 1 1
0 6 261 1 1
0 1 261 1 1
0 4 261 1 1
0 7 261 1 1
0 7 262 1 1
0 5 262 1 1
0 6 262 1 1
0 1 262 1 1
0 2 262 1 1
0 7 263 1 1
0 2 263 1 1
0 1 263 1 1
0 6 263 1 1
0 5 263 1 1
0 7 264 1 1
0 4 264 1 1
0 1 264 1 1
0 6 264 1 1
0 3 264 1 1
0 3 265 1 1
0 5 265 1 1
0 2 265 1 1
0 7 265 1 1
0 4 265 1 1
0 3 266 1 1
0 6 266 1 1
0 1 266 1 1
0 4 266 1 1
0 7 266 1 1
0 7 267 1 1
0 5 267 1 1
0 6 267 1 1
0 1 267 1 1
0 2 267 1 1
0 7 268 1 1
0 2 268 1 1
0 1 268 1 1
0 6 268 1 1
0 5 268 1 1
0 7 269 1 1
0 4 269 1 1
0 1 269 1 1
0 6 269 1 1
0 3 269 1 1
0 3 270 1 1
0 5 270 1 1
0 2 270 1 1
0 7 270 1 1
0 4 270 1 1
0 3 271 1 1
0 6 271 1 1
0 1 271 1 1
0 4 271 1 1
0 7 271 1 1
0 7 272 1 1
0 5 272 1 1
0 6 272 1 1
0 1 272 1 1
0 2 272 1 1
0 7 273 1 1
0 2 273 1 1
0 1 273 1 1
0 6 273 1 1
0 5 273 1 1
0 7 274 1 1
0 4 274 1 1
0 1 274 1 1
0 6 274 1 1
0 3 274 1 1
0 3 275 1 1
0 5 275 1 1
0 2 275 1 1
0 7 275 1 1
0 4 275 1 1
0 3 276 1 1
0 6 276 1 1
0 1 276 1 1
0 4 276 1 1
0 7 276 1 1
0 7 277 1 1
0 5 277 1 1
0 6 277 1 1
0 1 277 1 1
0 2 277 1 1
0 7 278 1 1
0 2 278 1 1
0 1 278 1 1
0 6 278 1 1
0 5 278 1 1
0 7 279 1 1
0 4 279 1 1
0 1 279 1 1
0 6 279 1 1
0 3 279 1 1
0 3 280 1 1
0 5 280 1 1
0 2 280 1 1
0 7 280 1 1
0 4 280 1 1
0 3 281 1 1
0 6 281 1 1
0 1 281 1 1
0 4 281 1 1
0 7 281 1 1
0 7 282 1 1
0 5 282 1 1
0 6 282 1 1
0 1 282 1 1
0 2 282 1 1
0 7 283 1 1
0 2 283 1 1
0 1 283 1 1
0 6 283 1 1
0 5 283 1 1
0 7 284 1 1
0 4 284 1 1
0 1 284 1 1
0 6 284 1 1
0 3 284 1 1
0 3 285 1 1
0 5 285 1 1
0 2 285 1 1
0 7 285 1 1
0 4 285 1 1
0 3 286 1 1
0 6 286 1 1
0 1 286 1 1
0 4 286 1 1
0 7 286 1 1
0 7 287 1 1
0 5 287 1 1
0 6 287 1 1
0 1 287 1 1
0 2 287 1 1
0 7 288 1 1
0 2 288 1 1
0 1 288 1 1
0 6 288 1 1
0 5 288 1 1
0 7 289 1 1
0 4 289 1 1
0 1 289 1 1
0 6 289 1 1
0 3 289 1 1
0 3 290 1 1
0 5 290 1 1
0 2 290 1 1
0 7 290 1 1
0 4 290 1 1
0 3 291 1 1
0 6 291 1 1
0 1 291 1 1
0 4 291 1 1
0 7 291 1 1
0 7 292 1 1
0 5 292 1 1
0 6 292 1 1
0 1 292 1 1
0 2 292 1 1
0 7 293 1 1
0 2 293 1 1
0 1 293 1 1
0 6 293 1 1
0 5 293 1 1
0 7 294 1 1
0 4 294 1 1
0 1 294 1 1
0 6 294 1 1
0 3 294 1 1
0 3 295 1 1
0 5 295 1 1
0 2 295 1 1
0 7 295 1 1
0 4 295 1 1
0 3 296 1 1
0 6 296 1 1
0 1 296 1 1
0 4 296 1 1
0 7 296 1 1
0 7 297 1 1
0 5 297 1 1
0 6 297 1 1
0 1 297 1 1
0 2 297 1 1
0 7 298 1 1
0 2 298 1 1
0 1 298 1 1
0 6 298 1 1
0 5 298 1 1
0 7 299 1 1
0 4 299 1 1
0 1 299 1 1
0 6 299 1 1
0 3 299 1 1
0 3 300 1 1
0 5 300 1 1
0 2 300 1 1
0 7 300 1 1
0 4 300 1 1
0 3 301 1 1
0 6 301 1 1
0 1 301 1 1
0 4 301 1 1
0 7 301 1 1
0 7 302 1 1
0 5 302 1 1
0 6 302 1 1
0 1 302 1 1
0 2 302 1 1
0 7 303 1 1
0 2 303 1 1
0 1 303 1 1
0 6 303 1 1
0 5 303 1 1
0 7 304 1 1
0 4 304 1 1
0 1 304 1 1
0 6 304 1 1
0 3 304 1 1
0 3 305 1 1
0 5 305 1 1
0 2 305 1 1
0 7 305 1 1
0 4 305 1 1
0 3 306 1 1
0 6 306 1 1
0 1 306 1 1
0 4 306 1 1
0 7 306 1 1
0 7 307 1 1
0 5 307 1 1
0 6 307 1 1
0 1 307 1 1
0 2 307 1 1
0 7 308 1 1
0 2 308 1 1
0 1 308 1 1
0 6 308 1 1
0 5 308 1 1
0 7 309 1 1
0 4 309 1 1
0 1 309 1 1
0 6 309 1 1
0 3 309 1 1
0 3 310 1 1
0 5 310 1 1
0 2 310 1 1
0 7 310 1 1
0 4 310 1 1
0 3 311 1 1
0 6 311 1 1
0 1 311 1 1
0 4 311 1 1
0 7 311 1 1
0 7 312 1 1
0 5 312 1 1
0 6 312 1 1
0 1 312 1 1
0 2 312 1 1
0 7 313 1 1
0 2 313 1 1
0 1 313 1 1
0 6 313 1 1
0 5 313 1 1
0 7 314 1 1
0 4 314 1 1
0 1 314 1 1
0 6 314 1 1
0 3 314 1 1
0 3 315 1 1
0 5 315 1 1
0 2 315 1 1
0 7 315 1 1
0 4 315 1 1
0 3 316 1 1
0 6 316 1 1
0 1 316 1 1
0 4 316 1 1
0 7 316 1 1
0 7 317 1 1
0 5 317 1 1
0 6 317 1 1
0 1 317 1 1
0 2 317 1 1
0 7 318 1 1
0 2 318 1 1
0 1 318 1 1
0 6 318 1 1
0 5 318 1 1
0 7 319 1 1
0 4 319 1 1
0 1 319 1 1
0 6 319 1 1
0 3 319 1 1
0 3 320 1 1
0 5 320 1 1
0 2 320 1 1
0 7 320 1 1
0 4 320 1 1
0 3 321 1 1
0 6 321 1 1
0 1 321 1 1
0 4 321 1 1
0 7 321 1 1
0 7 322 1 1
0 5 322 1 1
0 6 322 1 1
0 1 322 1 1
0 2 322 1 1
0 7 323 1 1
0 2 323 1 1
0 1 323 1 1
0 6 323 1 1
0 5 323 1 1
0 7 324 1 1
0 4 324 1 1
0 1 324 1 1
0 6 324 1 1
0 3 324 1 1
0 3 325 1 1
0 5 325 1 1
0 2 325 1 1
0 7 325 1 1
0 4 325 1 1
0 3 326 1 1
0 6 326 1 1
0 1 326 1 1
0 4 326 1 1
0 7 326 1 1
0 7 327 1 1
0 5 327 1 1
0 6 327 1 1
0 1 327 1 1
0 2 327 1 1
0 7 328 1 1
0 2 328 1 1
0 1 328 1 1
0 6 328 1 1
0 5 328 1 1
0 7 329 1 1
0 4 329 1 1
0 1 329 1 1
0 6 329 1 1
0 3 329 1 1
0 3 330 1 1
0 5 330 1 1
0 2 330 1 1
0 7 330 1 1
0 4 330 1 1
0 3 331 1 1
0 6 331 1 1
0 1 331 1 1
0 4 331 1 1
0 7 331 1 1
0 7 332 1 1
0 5 332 1 1
0 6 332 1 1
0 1 332 1 1
0 2 332 1 1
0 7 333 1 1
0 2 333 1 1
0 1 333 1 1
0 6 333 1 1
0 5 333 1 1
0 7 334 1 1
0 4 334 1 1
0 1 334 1 1
0 6 334 1 1
0 3 334 1 1
0 3 335 1 1
0 5 335 1 1
0 2 335 1 1
0 7 335 1 1
0 4 335 1 1
0 3 336 1 1
0 6 336 1 1
0 1 336 1 1
0 4 336 1 1
0 7 336 1 1
0 7 337 1 1
0 5 337 1 1
0 6 337 1 1
0 1 337 1 1
0 2 337 1 1
0 7 338 1 1
0 2 338 1 1
0 1 338 1 1
0 6 338 1 1
0 5 338 1 1
0 7 339 1 1
0 4 339 1 1
0 1 339 1 1
0 6 339 1 1
0 3 339 1 1
0 3 340 1 1
0 5 340 1 1
0 2 340 1 1
0 7 340 1 1
0 4 340 1 1
0 3 341 1 1
0 6 341 1 1
0 1 341 1 1
0 4 341 1 1
0 7 341 1 1
0 7 342 1 1
0 5 342 1 1
0 6 342 1 1
0 1 342 1 1
0 2 342 1 1
0 7 343 1 1
0 2 343 1 1
0 1 343 1 1
0 6 343 1 1
0 5 343 1 1
0 7 344 1 1
0 4 344 1 1
0 1 344 1 1
0 6 344 1 1
0 3 344 1 1
0 3 345 1 1
0 5 345 1 1
0 2 345 1 1
0 7 345 1 1
0 4 345 1 1
0 3 346 1 1
0 6 346 1 1
0 1 346 1 1
0 4 346 1 1
0 7 346 1 1
0 7 347 1 1
0 5 347 1 1
0 6 347 1 1
0 1 347 1 1
0 2 347 1 1
0 7 348 1 1
0 2 348 1 1
0 1 348 1 1
0 6 348 1 1
0 5 348 1 1
0 7 349 1 1
0 4 349 1 1
0 1 349 1 1
0 6 349 1 1
0 3 349 1 1
0 3 350 1 1
0 5 350 1 1
0 2 350 1 1
0 7 350 1 1
0 4 350 1 1
0 3 351 1 1
0 6 351 1 1
0 1 351 1 1
0 4 351 1 1
0 7 351 1 1
0 7 352 1 1
0 5 352 1 1
0 6 352 1 1
0 1 352 1 1
0 2 352 1 1
0 7 353 1 1
0 2 353 1 1
0 1 353 1 1
0 6 353 1 1
0 5 353 1 1
0 7 354 1 1
0 4 354 1 1
0 1 354 1 1
0 6 354 1 1
0 3 354 1 1
0 3 355 1 1
0 5 355 1 1
0 2 355 1 1
0 7 355 1 1
0 4 355 1 1
0 3 356 1 1
0 6 356 1 1
0 1 356 1 1
0 4 356 1 1
0 7 356 1 1
0 7 357 1 1
0 5 357 1 1
0 6 357 1 1
0 1 357 1 1
0 2 357 1 1
0 7 358 1 1
0 2 358 1 1
0 1 358 1 1
0 6 358 1 1
0 5 358 1 1
0 7 359 1 1
0 4 359 1 1
0 1 359 1 1
0 6 359 1 1
0 3 359 1 1
0 3 360 1 1
0 5 360 1 1
0 2 360 1 1
0 7 360 1 1
0 4 360 1 1
0 3 361 1 1
0 6 361 1 1
0 1 361 1 1
0 4 361 1 1
0 7 361 1 1
0 7 362 1 1
0 5 362 1 1
0 6 362 1 1
0 1 362 1 1
0 2 362 1 1
0 7 363 1 1
0 2 363 1 1
0 1 363 1 1
0 6 363 1 1
0 5 363 1 1
0 7 364 1 1
0 4 364 1 1
0 1 364 1 1
0 6 364 1 1
0 3 364 1 1
0 3 365 1 1
0 5 365 1 1
0 2 365 1 1
0 7 365 1 1
0 4 365 1 1
0 3 366 1 1
0 6 366 1 1
0 1 366 1 1
0 4 366 1 1
0 7 366 1 1
0 7 367 1 1
0 5 367 1 1
0 6 367 1 1
0 1 367 1 1
0 2 367 1 1
0 7 368 1 1
0 2 368 1 1
0 1 368 1 1
0 6 368 1 1
0 5 368 1 1
0 7 369 1 1
0 4 369 1 1
0 1 369 1 1
0 6 369 1 1
0 3 369 1 1
0 3 370 1 1
0 5 370 1 1
0 2 370 1 1
0 7 370 1 1
0 4 370 1 1
0 3 371 1 1
0 6 371 1 1
0 1 371 1 1
0 4 371 1 1
0 7 371 1 1
0 7 372 1 1
0 5 372 1 1
0 6 372 1 1
0 1 372 1 1
0 2 372 1 1
0 7 373 1 1
0 2 373 1 1
0 1 373 1 1
0 6 373 1 1
0 5 373 1 1
0 7 374 1 1
0 4 374 1 1
0 1 374 1 1
0 6 374 1 1
0 3 374 1 1
0 3 375 1 1
0 5 375 1 1
0 2 375 1 1
0 7 375 1 1
0 4 375 1 1
0 3 376 1 1
0 6 376 1 1
0 1 376 1 1
0 4 376 1 1
0 7 376 1 1
0 7 377 1 1
0 5 377 1 1
0 6 377 1 1
0 1 377 1 1
0 2 377 1 1
0 7 378 1 1
0 2 378 1 1
0 1 378 1 1
0 6 378 1 1
0 5 378 1 1
0 7 379 1 1
0 4 379 1 1
0 1 379 1 1
0 6 379 1 1
0 3 379 1 1
0 3 380 1 1
0 5 380 1 1
0 2 380 1 1
0 7 380 1 1
0 4 380 1 1
0 3 381 1 1
0 6 381 1 1
0 1 381 1 1
0 4 381 1 1
0 7 381 1 1
0 7 382 1 1
0 5 382 1 1
0 6 382 1 1
0 1 382 1 1
0 2 382 1 1
0 7 383 1 1
0 2 383 1 1
0 1 383 1 1
0 6 383 1 1
0 5 383 1 1
0 7 384 1 1
0 4 384 1 1
0 1 384 1 1
0 6 384 1 1
0 3 384 1 1
0 3 385 1 1
0 5 385 1 1
0 2 385 1 1
0 7 385 1 1
0 4 385 1 1
0 3 386 1 1
0 6 386 1 1
0 1 386 1 1
0 4 386 1 1
0 7 386 1 1
0 7 387 1 1
0 5 387 1 1
0 6 387 1 1
0 1 387 1 1
0 2 387 1 1
0 7 388 1 1
0 2 388 1 1
0 1 388 1 1
0 6 388 1 1
0 5 388 1 1
0 7 389 1 1
0 4 389 1 1
0 1 389 1 1
0 6 389 1 1
0 3 389 1 1
0 3 390 1 1
0 5 390 1 1
0 2 390 1 1
0 7 390 1 1
0 4 390 1 1
0 3 391 1 1
0 6 391 1 1
0 1 391 1 1
0 4 391 1 1
0 7 391 1 1
0 7 392 1 1
0 5 392 1 1
0 6 392 1 1
0 1 392 1 1
0 2 392 1 1
0 7 393 1 1
0 2 393 1 1
0 1 393 1 1
0 6 393 1 1
0 5 393 1 1
0 7 394 1 1
0 4 394 1 1
0 1 394 1 1
0 6 394 1 1
0 3 394 1 1
0 3 395 1 1
0 5 395 1 1
0 2 395 1 1
0 7 395 1 1
0 4 395 1 1
0 3 396 1 1
0 6 396 1 1
0 1 396 1 1
0 4 396 1 1
0 7 396 1 1
0 7 397 1 1
0 5 397 1 1
0 6 397 1 1
0 1 397 1 1
0 2 397 1 1
0 7 398 1 1
0 2 398 1 1
0 1 398 1 1
0 6 398 1 1
0 5 398 1 1
0 7 399 1 1
0 4 399 1 1
0 1 399 1 1
0 6 399 1 1
0 3 399 1 1
0 3 400 1 1
0 5 400 1 1
0 2 400 1 1
0 7 400 1 1
0 4 400 1 1
0 3 401 1 1
0 6 401 1 1
0 1 401 1 1
0 4 401 1 1
0 7 401 1 1
0 7 402 1 1
0 5 402 1 1
0 6 402 1 1
0 1 402 1 1
0 2 402 1 1
0 7 403 1 1
0 2 403 1 1
0 1 403 1 1
0 6 403 1 1
0 5 403 1 1
0 7 404 1 1
0 4 404 1 1
0 1 404 1 1
0 6 404 1 1
0 3 404 1 1
0 3 405 1 1
0 5 405 1 1
0 2 405 1 1
0 7 405 1 1
0 4 405 1 1
0 3 406 1 1
0 6 406 1 1
0 1 406 1 1
0 4 406 1 1
0 7 406 1 1
0 7 407 1 1
0 5 407 1 1
0 6 407 1 1
0 1 407 1 1
0 2 407 1 1
0 7 408 1 1
0 2 408 1 1
0 1 408 1 1
0 6 408 1 1
0 5 408 1 1
0 7 409 1 1
0 4 409 1 1
0 1 409 1 1
0 6 409 1 1
0 3 409 1 1
0 3 410 1 1
0 5 410 1 1
0 2 410 1 1
0 7 410 1 1
0 4 410 1 1
0 3 411 1 1
0 6 411 1 1
0 1 411 1 1
0 4 411 1 1
0 7 411 1 1
0 7 412 1 1
0 5 412 1 1
0 6 412 1 1
0 1 412 1 1
0 2 412 1 1
0 7 413 1 1
0 2 413 1 1
0 1 413 1 1
0 6 413 1 1
0 5 413 1 1
0 7 414 1 1
0 4 414 1 1
0 1 414 1 1
0 6 414 1 1
0 3 414 1 1
0 3 415 1 1
0 5 415 1 1
0 2 415 1 1
0 7 415 1 1
0 4 415 1 1
0 3 416 1 1
0 6 416 1 1
0 1 416 1 1
0 4 416 1 1
0 7 416 1 1
0 7 417 1 1
0 5 417 1 1
0 6 417 1 1
0 1 417 1 1
0 2 417 1 1
0 7 418 1 1
0 2 418 1 1
0 1 418 1 1
0 6 418 1 1
0 5 418 1 1
0 7 419 1 1
0 4 419 1 1
0 1 419 1 1
0 6 419 1 1
0 3 419 1 1
0 3 420 1 1
0 5 420 1 1
0 2 420 1 1
0 7 420 1 1
0 4 420 1 1
0 3 421 1 1
0 6 421 1 1
0 1 421 1 1
0 4 421 1 1
0 7 421 1 1
0 7 422 1 1
0 5 422 1 1
0 6 422 1 1
0 1 422 1 1
0 2 422 1 1
0 7 423 1 1
0 2 423 1 1
0 1 423 1 1
0 6 423 1 1
0 5 423 1 1
0 7 424 1 1
0 4 424 1 1
0 1 424 1 1
0 6 424 1 1
0 3 424 1 1
0 3 425 1 1
0 5 425 1 1
0 2 425 1 1
0 7 425 1 1
0 4 425 1 1
0 3 426 1 1
0 6 426 1 1
0 1 426 1 1
0 4 426 1 1
0 7 426 1 1
0 7 427 1 1
0 5 427 1 1
0 6 427 1 1
0 1 427 1 1
0 2 427 1 1
0 7 428 1 1
0 2 428 1 1
0 1 428 1 1
0 6 428 1 1
0 5 428 1 1
0 7 429 1 1
0 4 429 1 1
0 1 429 1 1
0 6 429 1 1
0 3 429 1 1
0 3 430 1 1
0 5 430 1 1
0 2 430 1 1
0 7 430 1 1
0 4 430 1 1
0 3 431 1 1
0 6 431 1 1
0 1 431 1 1
0 4 431 1 1
0 7 431 1 1
0 7 432 1 1
0 5 432 1 1
0 6 432 1 1
0 1 432 1 1
0 2 432 1 1
0 7 433 1 1
0 2 433 1 1
0 1 433 1 1
0 6 433 1 1
0 5 433 1 1
0 7 434 1 1
0 4 434 1 1
0 1 434 1 1
0 6 434 1 1
0 3 434 1 1
0 3 435 1 1
0 5 435 1 1
0 2 435 1 1
0 7 435 1 1
0 4 435 1 1
0 3 436 1 1
0 6 436 1 1
0 1 436 1 1
0 4 436 1 1
0 7 436 1 1
0 7 437 1 1
0 5 437 1 1
0 6 437 1 1
0 1 437 1 1
0 2 437 1 1
0 7 438 1 1
0 2 438 1 1
0 1 438 1 1
0 6 438 1 1
0 5 438 1 1
0 7 439 1 1
0 4 439 1 1
0 1 439 1 1
0 6 439 1 1
0 3 439 1 1
0 3 440 1 1
0 5 440 1 1
0 2 440 1 1
0 7 440 1 1
0 4 440 1 1
0 3 441 1 1
0 6 441 1 1
0 1 441 1 1
0 4 441 1 1
0 7 441 1 1
0 7 442 1 1
0 5 442 1 1
0 6 442 1 1
0 1 442 1 1
0 2 442 1 1
0 7 443 1 1
0 2 443 1 1
0 1 443 1 1
0 6 443 1 1
0 5 443 1 1
0 7 444 1 1
0 4 444 1 1
0 1 444 1 1
0 6 444 1 1
0 3 444 1 1
0 3 445 1 1
0 5 445 1 1
0 2 445 1 1
0 7 445 1 1
0 4 445 1 1
0 3 446 1 1
0 6 446 1 1
0 1 446 1 1
0 4 446 1 1
0 7 446 1 1
0 7 447 1 1
0 5 447 1 1
0 6 447 1 1
0 1 447 1 1
0 2 447 1 1
0 7 448 1 1
0 2 448 1 1
0 1 448 1 1
0 6 448 1 1
0 5 448 1 1
0 7 449 1 1
0 4 449 1 1
0 1 449 1 1
0 6 449 1 1
0 3 449 1 1
0 3 450 1 1
0 5 450 1 1
0 2 450 1 1
0 7 450 1 1
0 4 450 1 1
0 3 451 1 1
0 6 451 1 1
0 1 451 1 1
0 4 451 1 1
0 7 451 1 1
0 7 452 1 1
0 5 452 1 1
0 6 452 1 1
0 1 452 1 1
0 2 452 1 1
0 7 453 1 1
0 2 453 1 1
0 1 453 1 1
0 6 453 1 1
0 5 453 1 1
0 7 454 1 1
0 4 454 1 1
0 1 454 1 1
0 6 454 1 1
0 3 454 1 1
0 3 455 1 1
0 5 455 1 1
0 2 455 1 1
0 7 455 1 1
0 4 455 1 1
0 3 456 1 1
0 6 456 1 1
0 1 456 1 1
0 4 456 1 1
0 7 456 1 1
0 7 457 1 1
0 5 457 1 1
0 6 457 1 1
0 1 457 1 1
0 2 457 1 1
0 7 458 1 1
0 2 458 1 1
0 1 458 1 1
0 6 458 1 1
0 5 458 1 1
0 7 459 1 1
0 4 459 1 1
0 1 459 1 1
0 6 459 1 1
0 3 459 1 1
0 3 460 1 1
0 5 460 1 1
0 2 460 1 1
0 7 460 1 1
0 4 460 1 1
0 3 461 1 1
0 6 461 1 1
0 1 461 1 1
0 4 461 1 1
0 7 461 1 1
0 7 462 1 1
0 5 462 1 1
0 6 462 1 1
0 1 462 1 1
0 2 462 1 1
0 7 463 1 1
0 2 463 1 1
0 1 463 1 1
0 6 463 1 1
0 5 463 1 1
0 7 464 1 1
0 4 464 1 1
0 1 464 1 1
0 6 464 1 1
0 3 464 1 1
0 3 465 1 1
0 5 465 1 1
0 2 465 1 1
0 7 465 1 1
0 4 465 1 1
0 3 466 1 1
0 6 466 1 1
0 1 466 1 1
0 4 466 1 1
0 7 466 1 1
0 7 467 1 1
0 5 467 1 1
0 6 467 1 1
0 1 467 1 1
0 2 467 1 1
0 7 468 1 1
0 2 468 1 1
0 1 468 1 1
0 6 468 1 1
0 5 468 1 1
0 7 469 1 1
0 4 469 1 1
0 1 469 1 1
0 6 469 1 1
0 3 469 1 1
0 3 470 1 1
0 5 470 1 1
0 2 470 1 1
0 7 470 1 1
0 4 470 1 1
0 3 471 1 1
0 6 471 1 1
0 1 471 1 1
0 4 471 1 1
0 7 471 1 1
0 7 472 1 1
0 5 472 1 1
0 6 472 1 1
0 1 472 1 1
0 2 472 1 1
0 7 473 1 1
0 2 473 1 1
0 1 473 1 1
0 6 473 1 1
0 5 473 1 1
0 7 474 1 1
0 4 474 1 1
0 1 474 1 1
0 6 474 1 1
0 3 474 1 1
0 3 475 1 1
0 5 475 1 1
0 2 475 1 1
0 7 475 1 1
0 4 475 1 1
0 3 476 1 1
0 6 476 1 1
0 1 476 1 1
0 4 476 1 1
0 7 476 1 1
0 7 477 1 1
0 5 477 1 1
0 6 477 1 1
0 1 477 1 1
0 2 477 1 1
0 7 478 1 1
0 2 478 1 1
0 1 478 1 1
0 6 478 1 1
0 5 478 1 1
0 7 479 1 1
0 4 479 1 1
0 1 479 1 1
0 6 479 1 1
0 3 479 1 1
0 3 480 1 1
0 5 480 1 1
0 2 480 1 1
0 7 480 1 1
0 4 480 1 1
0 3 481 1 1
0 6 481 1 1
0 1 481 1 1
0 4 481 1 1
0 7 481 1 1
0 7 482 1 1
0 5 482 1 1
0 6 482 1 1
0 1 482 1 1
0 2 482 1 1
0 7 483 1 1
0 2 483 1 1
0 1 483 1 1
0 6 483 1 1
0 5 483 1 1
0 7 484 1 1
0 4 484 1 1
0 1 484 1 1
0 6 484 1 1
0 3 484 1 1
0 3 485 1 1
0 5 485 1 1
0 2 485 1 1
0 7 485 1 1
0 4 485 1 1
0 3 486 1 1
0 6 486 1 1
0 1 486 1 1
0 4 486 1 1
0 7 486 1 1
0 7 487 1 1
0 5 487 1 1
0 6 487 1 1
0 1 487 1 1
0 2 487 1 1
0 7 488 1 1
0 2 488 1 1
0 1 488 1 1
0 6 488 1 1
0 5 488 1 1
0 7 489 1 1
0 4 489 1 1
0 1 489 1 1
0 6 489 1 1
0 3 489 1 1
0 3 490 1 1
0 5 490 1 1
0 2 490 1 1
0 7 490 1 1
0 4 490 1 1
0 3 491 1 1
0 6 491 1 1
0 1 491 1 1
0 4 491 1 1
0 7 491 1 1
0 7 492 1 1
0 5 492 1 1
0 6 492 1 1
0 1 492 1 1
0 2 492 1 1
0 7 493 1 1
0 2 493 1 1
0 1 493 1 1
0 6 493 1 1
0 5 493 1 1
0 7 494 1 1
0 4 494 1 1
0 1 494 1 1
0 6 494 1 1
0 3 494 1 1
0 3 495 1 1
0 5 495 1 1
0 2 495 1 1
0 7 495 1 1
0 4 495 1 1
0 3 496 1 1
0 6 496 1 1
0 1 496 1 1
0 4 496 1 1
0 7 496 1 1
0 7 497 1 1
0 5 497 1 1
0 6 497 1 1
0 1 497 1 1
0 2 497 1 1
0 7 498 1 1
0 2 498 1 1
0 1 498 1 1
0 6 498 1 1
0 5 498 1 1
0 7 499 1 1
0 4 499 1 1
0 1 499 1 1
0 6 499 1 1
0 3 499 1 1
