0 3 3 1 1
0 6 6 1 1
0 4 4 1 1
0 7 7 1 1
0 9 9 1 1
0 8 8 1 1
0 10 0 1 1
0 2 2 1 1
0 1 1 1 1
0 3 1 1 1
0 4 1 1 1
0 5 1 1 1
0 8 1 1 1
0 6 1 1 1
0 7 1 1 1
0 10 1 1 1
0 11 1 1 1
0 1 1 1 1
0 9 4 1 1
0 6 7 1 1
0 10 3 1 1
0 1 1 1 1
0 3 2 1 1
0 4 9 1 1
0 5 8 1 1
0 2 0 1 1
0 8 5 1 1
0 2 5 1 1
0 5 8 1 1
0 10 2 1 1
0 3 6 1 1
0 4 7 1 1
0 6 9 1 1
0 7 3 1 1
0 8 0 1 1
0 1 4 1 1
0 10 4 1 1
0 7 4 1 1
0 9 4 1 1
0 8 4 1 1
0 4 4 1 1
0 3 4 1 1
0 2 4 1 1
0 1 4 1 1
0 11 4 1 1
0 2 3 1 1
0 6 5 1 1
0 9 7 1 1
0 10 6 1 1
0 4 1 1 1
0 8 8 1 1
0 5 0 1 1
0 1 4 1 1
0 7 9 1 1
0 3 9 1 1
0 6 12 1 1
0 4 10 1 1
0 7 13 1 1
0 9 15 1 1
0 8 14 1 1
0 10 6 1 1
0 2 8 1 1
0 1 7 1 1
0 3 7 1 1
0 4 7 1 1
0 5 7 1 1
0 8 7 1 1
0 6 7 1 1
0 7 7 1 1
0 10 7 1 1
0 11 7 1 1
0 1 7 1 1
0 9 10 1 1
0 6 13 1 1
0 10 9 1 1
0 1 7 1 1
0 3 8 1 1
0 4 15 1 1
0 5 14 1 1
0 2 6 1 1
0 8 11 1 1
0 2 11 1 1
0 5 14 1 1
0 10 8 1 1
0 3 12 1 1
0 4 13 1 1
0 6 15 1 1
0 7 9 1 1
0 8 6 1 1
0 1 10 1 1
0 10 10 1 1
0 7 10 1 1
0 9 10 1 1
0 8 10 1 1
0 4 10 1 1
0 3 10 1 1
0 2 10 1 1
0 1 10 1 1
0 11 10 1 1
0 2 9 1 1
0 6 11 1 1
0 9 13 1 1
0 10 12 1 1
0 4 7 1 1
0 8 14 1 1
0 5 6 1 1
0 1 10 1 1
0 7 15 1 1
0 3 15 1 1
0 6 18 1 1
0 4 16 1 1
0 7 19 1 1
0 9 21 1 1
0 8 20 1 1
0 10 12 1 1
0 2 14 1 1
0 1 13 1 1
0 3 13 1 1
0 4 13 1 1
0 5 13 1 1
0 8 13 1 1
0 6 13 1 1
0 7 13 1 1
0 10 13 1 1
0 11 13 1 1
0 1 13 1 1
0 9 16 1 1
0 6 19 1 1
0 10 15 1 1
0 1 13 1 1
0 3 14 1 1
0 4 21 1 1
0 5 20 1 1
0 2 12 1 1
0 8 17 1 1
0 2 17 1 1
0 5 20 1 1
0 10 14 1 1
0 3 18 1 1
0 4 19 1 1
0 6 21 1 1
0 7 15 1 1
0 8 12 1 1
0 1 16 1 1
0 10 16 1 1
0 7 16 1 1
0 9 16 1 1
0 8 16 1 1
0 4 16 1 1
0 3 16 1 1
0 2 16 1 1
0 1 16 1 1
0 11 16 1 1
0 2 15 1 1
0 6 17 1 1
0 9 19 1 1
0 10 18 1 1
0 4 13 1 1
0 8 20 1 1
0 5 12 1 1
0 1 16 1 1
0 7 21 1 1
0 3 21 1 1
0 6 24 1 1
0 4 22 1 1
0 7 25 1 1
0 9 27 1 1
0 8 26 1 1
0 10 18 1 1
0 2 20 1 1
0 1 19 1 1
0 3 19 1 1
0 4 19 1 1
0 5 19 1 1
0 8 19 1 1
0 6 19 1 1
0 7 19 1 1
0 10 19 1 1
0 11 19 1 1
0 1 19 1 1
0 9 22 1 1
0 6 25 1 1
0 10 21 1 1
0 1 19 1 1
0 3 20 1 1
0 4 27 1 1
0 5 26 1 1
0 2 18 1 1
0 8 23 1 1
0 2 23 1 1
0 5 26 1 1
0 10 20 1 1
0 3 24 1 1
0 4 25 1 1
0 6 27 1 1
0 7 21 1 1
0 8 18 1 1
0 1 22 1 1
0 10 22 1 1
0 7 22 1 1
0 9 22 1 1
0 8 22 1 1
0 4 22 1 1
0 3 22 1 1
0 2 22 1 1
0 1 22 1 1
0 11 22 1 1
0 2 21 1 1
0 6 23 1 1
0 9 25 1 1
0 10 24 1 1
0 4 19 1 1
0 8 26 1 1
0 5 18 1 1
0 1 22 1 1
0 7 27 1 1
0 3 27 1 1
0 6 30 1 1
0 4 28 1 1
0 7 31 1 1
0 9 33 1 1
0 8 32 1 1
0 10 24 1 1
0 2 26 1 1
0 1 25 1 1
0 3 25 1 1
0 4 25 1 1
0 5 25 1 1
0 8 25 1 1
0 6 25 1 1
0 7 25 1 1
0 10 25 1 1
0 11 25 1 1
0 1 25 1 1
0 9 28 1 1
0 6 31 1 1
0 10 27 1 1
0 1 25 1 1
0 3 26 1 1
0 4 33 1 1
0 5 32 1 1
0 2 24 1 1
0 8 29 1 1
0 2 29 1 1
0 5 32 1 1
0 10 26 1 1
0 3 30 1 1
0 4 31 1 1
0 6 33 1 1
0 7 27 1 1
0 8 24 1 1
0 1 28 1 1
0 10 28 1 1
0 7 28 1 1
0 9 28 1 1
0 8 28 1 1
0 4 28 1 1
0 3 28 1 1
0 2 28 1 1
0 1 28 1 1
0 11 28 1 1
0 2 27 1 1
0 6 29 1 1
0 9 31 1 1
0 10 30 1 1
0 4 25 1 1
0 8 32 1 1
0 5 24 1 1
0 1 28 1 1
0 7 33 1 1
0 3 33 1 1
0 6 36 1 1
0 4 34 1 1
0 7 37 1 1
0 9 39 1 1
0 8 38 1 1
0 10 30 1 1
0 2 32 1 1
0 1 31 1 1
0 3 31 1 1
0 4 31 1 1
0 5 31 1 1
0 8 31 1 1
0 6 31 1 1
0 7 31 1 1
0 10 31 1 1
0 11 31 1 1
0 1 31 1 1
0 9 34 1 1
0 6 37 1 1
0 10 33 1 1
0 1 31 1 1
0 3 32 1 1
0 4 39 1 1
0 5 38 1 1
0 2 30 1 1
0 8 35 1 1
0 2 35 1 1
0 5 38 1 1
0 10 32 1 1
0 3 36 1 1
0 4 37 1 1
0 6 39 1 1
0 7 33 1 1
0 8 30 1 1
0 1 34 1 1
0 10 34 1 1
0 7 34 1 1
0 9 34 1 1
0 8 34 1 1
0 4 34 1 1
0 3 34 1 1
0 2 34 1 1
0 1 34 1 1
0 11 34 1 1
0 2 33 1 1
0 6 35 1 1
0 9 37 1 1
0 10 36 1 1
0 4 31 1 1
0 8 38 1 1
0 5 30 1 1
0 1 34 1 1
0 7 39 1 1
0 3 39 1 1
0 6 42 1 1
0 4 40 1 1
0 7 43 1 1
0 9 45 1 1
0 8 44 1 1
0 10 36 1 1
0 2 38 1 1
0 1 37 1 1
0 3 37 1 1
0 4 37 1 1
0 5 37 1 1
0 8 37 1 1
0 6 37 1 1
0 7 37 1 1
0 10 37 1 1
0 11 37 1 1
0 1 37 1 1
0 9 40 1 1
0 6 43 1 1
0 10 39 1 1
0 1 37 1 1
0 3 38 1 1
0 4 45 1 1
0 5 44 1 1
0 2 36 1 1
0 8 41 1 1
0 2 41 1 1
0 5 44 1 1
0 10 38 1 1
0 3 42 1 1
0 4 43 1 1
0 6 45 1 1
0 7 39 1 1
0 8 36 1 1
0 1 40 1 1
0 10 40 1 1
0 7 40 1 1
0 9 40 1 1
0 8 40 1 1
0 4 40 1 1
0 3 40 1 1
0 2 40 1 1
0 1 40 1 1
0 11 40 1 1
0 2 39 1 1
0 6 41 1 1
0 9 43 1 1
0 10 42 1 1
0 4 37 1 1
0 8 44 1 1
0 5 36 1 1
0 1 40 1 1
0 7 45 1 1
0 3 45 1 1
0 6 48 1 1
0 4 46 1 1
0 7 49 1 1
0 9 51 1 1
0 8 50 1 1
0 10 42 1 1
0 2 44 1 1
0 1 43 1 1
0 3 43 1 1
0 4 43 1 1
0 5 43 1 1
0 8 43 1 1
0 6 43 1 1
0 7 43 1 1
0 10 43 1 1
0 11 43 1 1
0 1 43 1 1
0 9 46 1 1
0 6 49 1 1
0 10 45 1 1
0 1 43 1 1
0 3 44 1 1
0 4 51 1 1
0 5 50 1 1
0 2 42 1 1
0 8 47 1 1
0 2 47 1 1
0 5 50 1 1
0 10 44 1 1
0 3 48 1 1
0 4 49 1 1
0 6 51 1 1
0 7 45 1 1
0 8 42 1 1
0 1 46 1 1
0 10 46 1 1
0 7 46 1 1
0 9 46 1 1
0 8 46 1 1
0 4 46 1 1
0 3 46 1 1
0 2 46 1 1
0 1 46 1 1
0 11 46 1 1
0 2 45 1 1
0 6 47 1 1
0 9 49 1 1
0 10 48 1 1
0 4 43 1 1
0 8 50 1 1
0 5 42 1 1
0 1 46 1 1
0 7 51 1 1
0 3 51 1 1
0 6 54 1 1
0 4 52 1 1
0 7 55 1 1
0 9 57 1 1
0 8 56 1 1
0 10 48 1 1
0 2 50 1 1
0 1 49 1 1
0 3 49 1 1
0 4 49 1 1
0 5 49 1 1
0 8 49 1 1
0 6 49 1 1
0 7 49 1 1
0 10 49 1 1
0 11 49 1 1
0 1 49 1 1
0 9 52 1 1
0 6 55 1 1
0 10 51 1 1
0 1 49 1 1
0 3 50 1 1
0 4 57 1 1
0 5 56 1 1
0 2 48 1 1
0 8 53 1 1
0 2 53 1 1
0 5 56 1 1
0 10 50 1 1
0 3 54 1 1
0 4 55 1 1
0 6 57 1 1
0 7 51 1 1
0 8 48 1 1
0 1 52 1 1
0 10 52 1 1
0 7 52 1 1
0 9 52 1 1
0 8 52 1 1
0 4 52 1 1
0 3 52 1 1
0 2 52 1 1
0 1 52 1 1
0 11 52 1 1
0 2 51 1 1
0 6 53 1 1
0 9 55 1 1
0 10 54 1 1
0 4 49 1 1
0 8 56 1 1
0 5 48 1 1
0 1 52 1 1
0 7 57 1 1
0 3 57 1 1
0 6 60 1 1
0 4 58 1 1
0 7 61 1 1
0 9 63 1 1
0 8 62 1 1
0 10 54 1 1
0 2 56 1 1
0 1 55 1 1
0 3 55 1 1
0 4 55 1 1
0 5 55 1 1
0 8 55 1 1
0 6 55 1 1
0 7 55 1 1
0 10 55 1 1
0 11 55 1 1
0 1 55 1 1
0 9 58 1 1
0 6 61 1 1
0 10 57 1 1
0 1 55 1 1
0 3 56 1 1
0 4 63 1 1
0 5 62 1 1
0 2 54 1 1
0 8 59 1 1
0 2 59 1 1
0 5 62 1 1
0 10 56 1 1
0 3 60 1 1
0 4 61 1 1
0 6 63 1 1
0 7 57 1 1
0 8 54 1 1
0 1 58 1 1
0 10 58 1 1
0 7 58 1 1
0 9 58 1 1
0 8 58 1 1
0 4 58 1 1
0 3 58 1 1
0 2 58 1 1
0 1 58 1 1
0 11 58 1 1
0 2 57 1 1
0 6 59 1 1
0 9 61 1 1
0 10 60 1 1
0 4 55 1 1
0 8 62 1 1
0 5 54 1 1
0 1 58 1 1
0 7 63 1 1
0 3 63 1 1
0 6 66 1 1
0 4 64 1 1
0 7 67 1 1
0 9 69 1 1
0 8 68 1 1
0 10 60 1 1
0 2 62 1 1
0 1 61 1 1
0 3 61 1 1
0 4 61 1 1
0 5 61 1 1
0 8 61 1 1
0 6 61 1 1
0 7 61 1 1
0 10 61 1 1
0 11 61 1 1
0 1 61 1 1
0 9 64 1 1
0 6 67 1 1
0 10 63 1 1
0 1 61 1 1
0 3 62 1 1
0 4 69 1 1
0 5 68 1 1
0 2 60 1 1
0 8 65 1 1
0 2 65 1 1
0 5 68 1 1
0 10 62 1 1
0 3 66 1 1
0 4 67 1 1
0 6 69 1 1
0 7 63 1 1
0 8 60 1 1
0 1 64 1 1
0 10 64 1 1
0 7 64 1 1
0 9 64 1 1
0 8 64 1 1
0 4 64 1 1
0 3 64 1 1
0 2 64 1 1
0 1 64 1 1
0 11 64 1 1
0 2 63 1 1
0 6 65 1 1
0 9 67 1 1
0 10 66 1 1
0 4 61 1 1
0 8 68 1 1
0 5 60 1 1
0 1 64 1 1
0 7 69 1 1
0 3 69 1 1
0 6 72 1 1
0 4 70 1 1
0 7 73 1 1
0 9 75 1 1
0 8 74 1 1
0 10 66 1 1
0 2 68 1 1
0 1 67 1 1
0 3 67 1 1
0 4 67 1 1
0 5 67 1 1
0 8 67 1 1
0 6 67 1 1
0 7 67 1 1
0 10 67 1 1
0 11 67 1 1
0 1 67 1 1
0 9 70 1 1
0 6 73 1 1
0 10 69 1 1
0 1 67 1 1
0 3 68 1 1
0 4 75 1 1
0 5 74 1 1
0 2 66 1 1
0 8 71 1 1
0 2 71 1 1
0 5 74 1 1
0 10 68 1 1
0 3 72 1 1
0 4 73 1 1
0 6 75 1 1
0 7 69 1 1
0 8 66 1 1
0 1 70 1 1
0 10 70 1 1
0 7 70 1 1
0 9 70 1 1
0 8 70 1 1
0 4 70 1 1
0 3 70 1 1
0 2 70 1 1
0 1 70 1 1
0 11 70 1 1
0 2 69 1 1
0 6 71 1 1
0 9 73 1 1
0 10 72 1 1
0 4 67 1 1
0 8 74 1 1
0 5 66 1 1
0 1 70 1 1
0 7 75 1 1
0 3 75 1 1
0 6 78 1 1
0 4 76 1 1
0 7 79 1 1
0 9 81 1 1
0 8 80 1 1
0 10 72 1 1
0 2 74 1 1
0 1 73 1 1
0 3 73 1 1
0 4 73 1 1
0 5 73 1 1
0 8 73 1 1
0 6 73 1 1
0 7 73 1 1
0 10 73 1 1
0 11 73 1 1
0 1 73 1 1
0 9 76 1 1
0 6 79 1 1
0 10 75 1 1
0 1 73 1 1
0 3 74 1 1
0 4 81 1 1
0 5 80 1 1
0 2 72 1 1
0 8 77 1 1
0 2 77 1 1
0 5 80 1 1
0 10 74 1 1
0 3 78 1 1
0 4 79 1 1
0 6 81 1 1
0 7 75 1 1
0 8 72 1 1
0 1 76 1 1
0 10 76 1 1
0 7 76 1 1
0 9 76 1 1
0 8 76 1 1
0 4 76 1 1
0 3 76 1 1
0 2 76 1 1
0 1 76 1 1
0 11 76 1 1
0 2 75 1 1
0 6 77 1 1
0 9 79 1 1
0 10 78 1 1
0 4 73 1 1
0 8 80 1 1
0 5 72 1 1
0 1 76 1 1
0 7 81 1 1
0 3 81 1 1
0 6 84 1 1
0 4 82 1 1
0 7 85 1 1
0 9 87 1 1
0 8 86 1 1
0 10 78 1 1
0 2 80 1 1
0 1 79 1 1
0 3 79 1 1
0 4 79 1 1
0 5 79 1 1
0 8 79 1 1
0 6 79 1 1
0 7 79 1 1
0 10 79 1 1
0 11 79 1 1
0 1 79 1 1
0 9 82 1 1
0 6 85 1 1
0 10 81 1 1
0 1 79 1 1
0 3 80 1 1
0 4 87 1 1
0 5 86 1 1
0 2 78 1 1
0 8 83 1 1
0 2 83 1 1
0 5 86 1 1
0 10 80 1 1
0 3 84 1 1
0 4 85 1 1
0 6 87 1 1
0 7 81 1 1
0 8 78 1 1
0 1 82 1 1
0 10 82 1 1
0 7 82 1 1
0 9 82 1 1
0 8 82 1 1
0 4 82 1 1
0 3 82 1 1
0 2 82 1 1
0 1 82 1 1
0 11 82 1 1
0 2 81 1 1
0 6 83 1 1
0 9 85 1 1
0 10 84 1 1
0 4 79 1 1
0 8 86 1 1
0 5 78 1 1
0 1 82 1 1
0 7 87 1 1
0 3 87 1 1
0 6 90 1 1
0 4 88 1 1
0 7 91 1 1
0 9 93 1 1
0 8 92 1 1
0 10 84 1 1
0 2 86 1 1
0 1 85 1 1
0 3 85 1 1
0 4 85 1 1
0 5 85 1 1
0 8 85 1 1
0 6 85 1 1
0 7 85 1 1
0 10 85 1 1
0 11 85 1 1
0 1 85 1 1
0 9 88 1 1
0 6 91 1 1
0 10 87 1 1
0 1 85 1 1
0 3 86 1 1
0 4 93 1 1
0 5 92 1 1
0 2 84 1 1
0 8 89 1 1
0 2 89 1 1
0 5 92 1 1
0 10 86 1 1
0 3 90 1 1
0 4 91 1 1
0 6 93 1 1
0 7 87 1 1
0 8 84 1 1
0 1 88 1 1
0 10 88 1 1
0 7 88 1 1
0 9 88 1 1
0 8 88 1 1
0 4 88 1 1
0 3 88 1 1
0 2 88 1 1
0 1 88 1 1
0 11 88 1 1
0 2 87 1 1
0 6 89 1 1
0 9 91 1 1
0 10 90 1 1
0 4 85 1 1
0 8 92 1 1
0 5 84 1 1
0 1 88 1 1
0 7 93 1 1
0 3 93 1 1
0 6 96 1 1
0 4 94 1 1
0 7 97 1 1
0 9 99 1 1
0 8 98 1 1
0 10 90 1 1
0 2 92 1 1
0 1 91 1 1
0 3 91 1 1
0 4 91 1 1
0 5 91 1 1
0 8 91 1 1
0 6 91 1 1
0 7 91 1 1
0 10 91 1 1
0 11 91 1 1
0 1 91 1 1
0 9 94 1 1
0 6 97 1 1
0 10 93 1 1
0 1 91 1 1
0 3 92 1 1
0 4 99 1 1
0 5 98 1 1
0 2 90 1 1
0 8 95 1 1
0 2 95 1 1
0 5 98 1 1
0 10 92 1 1
0 3 96 1 1
0 4 97 1 1
0 6 99 1 1
0 7 93 1 1
0 8 90 1 1
0 1 94 1 1
0 10 94 1 1
0 7 94 1 1
0 9 94 1 1
0 8 94 1 1
0 4 94 1 1
0 3 94 1 1
0 2 94 1 1
0 1 94 1 1
0 11 94 1 1
0 2 93 1 1
0 6 95 1 1
0 9 97 1 1
0 10 96 1 1
0 4 91 1 1
0 8 98 1 1
0 5 90 1 1
0 1 94 1 1
0 7 99 1 1
0 3 99 1 1
0 6 102 1 1
0 4 100 1 1
0 7 103 1 1
0 9 105 1 1
0 8 104 1 1
0 10 96 1 1
0 2 98 1 1
0 1 97 1 1
0 3 97 1 1
0 4 97 1 1
0 5 97 1 1
0 8 97 1 1
0 6 97 1 1
0 7 97 1 1
0 10 97 1 1
0 11 97 1 1
0 1 97 1 1
0 9 100 1 1
0 6 103 1 1
0 10 99 1 1
0 1 97 1 1
0 3 98 1 1
0 4 105 1 1
0 5 104 1 1
0 2 96 1 1
0 8 101 1 1
0 2 101 1 1
0 5 104 1 1
0 10 98 1 1
0 3 102 1 1
0 4 103 1 1
0 6 105 1 1
0 7 99 1 1
0 8 96 1 1
0 1 100 1 1
0 10 100 1 1
0 7 100 1 1
0 9 100 1 1
0 8 100 1 1
0 4 100 1 1
0 3 100 1 1
0 2 100 1 1
0 1 100 1 1
0 11 100 1 1
0 2 99 1 1
0 6 101 1 1
0 9 103 1 1
0 10 102 1 1
0 4 97 1 1
0 8 104 1 1
0 5 96 1 1
0 1 100 1 1
0 7 105 1 1
0 3 105 1 1
0 6 108 1 1
0 4 106 1 1
0 7 109 1 1
0 9 111 1 1
0 8 110 1 1
0 10 102 1 1
0 2 104 1 1
0 1 103 1 1
0 3 103 1 1
0 4 103 1 1
0 5 103 1 1
0 8 103 1 1
0 6 103 1 1
0 7 103 1 1
0 10 103 1 1
0 11 103 1 1
0 1 103 1 1
0 9 106 1 1
0 6 109 1 1
0 10 105 1 1
0 1 103 1 1
0 3 104 1 1
0 4 111 1 1
0 5 110 1 1
0 2 102 1 1
0 8 107 1 1
0 2 107 1 1
0 5 110 1 1
0 10 104 1 1
0 3 108 1 1
0 4 109 1 1
0 6 111 1 1
0 7 105 1 1
0 8 102 1 1
0 1 106 1 1
0 10 106 1 1
0 7 106 1 1
0 9 106 1 1
0 8 106 1 1
0 4 106 1 1
0 3 106 1 1
0 2 106 1 1
0 1 106 1 1
0 11 106 1 1
0 2 105 1 1
0 6 107 1 1
0 9 109 1 1
0 10 108 1 1
0 4 103 1 1
0 8 110 1 1
0 5 102 1 1
0 1 106 1 1
0 7 111 1 1
0 3 111 1 1
0 6 114 1 1
0 4 112 1 1
0 7 115 1 1
0 9 117 1 1
0 8 116 1 1
0 10 108 1 1
0 2 110 1 1
0 1 109 1 1
0 3 109 1 1
0 4 109 1 1
0 5 109 1 1
0 8 109 1 1
0 6 109 1 1
0 7 109 1 1
0 10 109 1 1
0 11 109 1 1
0 1 109 1 1
0 9 112 1 1
0 6 115 1 1
0 10 111 1 1
0 1 109 1 1
0 3 110 1 1
0 4 117 1 1
0 5 116 1 1
0 2 108 1 1
0 8 113 1 1
0 2 113 1 1
0 5 116 1 1
0 10 110 1 1
0 3 114 1 1
0 4 115 1 1
0 6 117 1 1
0 7 111 1 1
0 8 108 1 1
0 1 112 1 1
0 10 112 1 1
0 7 112 1 1
0 9 112 1 1
0 8 112 1 1
0 4 112 1 1
0 3 112 1 1
0 2 112 1 1
0 1 112 1 1
0 11 112 1 1
0 2 111 1 1
0 6 113 1 1
0 9 115 1 1
0 10 114 1 1
0 4 109 1 1
0 8 116 1 1
0 5 108 1 1
0 1 112 1 1
0 7 117 1 1
0 3 117 1 1
0 6 120 1 1
0 4 118 1 1
0 7 121 1 1
0 9 123 1 1
0 8 122 1 1
0 10 114 1 1
0 2 116 1 1
0 1 115 1 1
0 3 115 1 1
0 4 115 1 1
0 5 115 1 1
0 8 115 1 1
0 6 115 1 1
0 7 115 1 1
0 10 115 1 1
0 11 115 1 1
0 1 115 1 1
0 9 118 1 1
0 6 121 1 1
0 10 117 1 1
0 1 115 1 1
0 3 116 1 1
0 4 123 1 1
0 5 122 1 1
0 2 114 1 1
0 8 119 1 1
0 2 119 1 1
0 5 122 1 1
0 10 116 1 1
0 3 120 1 1
0 4 121 1 1
0 6 123 1 1
0 7 117 1 1
0 8 114 1 1
0 1 118 1 1
0 10 118 1 1
0 7 118 1 1
0 9 118 1 1
0 8 118 1 1
0 4 118 1 1
0 3 118 1 1
0 2 118 1 1
0 1 118 1 1
0 11 118 1 1
0 2 117 1 1
0 6 119 1 1
0 9 121 1 1
0 10 120 1 1
0 4 115 1 1
0 8 122 1 1
0 5 114 1 1
0 1 118 1 1
0 7 123 1 1
0 3 123 1 1
0 6 126 1 1
0 4 124 1 1
0 7 127 1 1
0 9 129 1 1
0 8 128 1 1
0 10 120 1 1
0 2 122 1 1
0 1 121 1 1
0 3 121 1 1
0 4 121 1 1
0 5 121 1 1
0 8 121 1 1
0 6 121 1 1
0 7 121 1 1
0 10 121 1 1
0 11 121 1 1
0 1 121 1 1
0 9 124 1 1
0 6 127 1 1
0 10 123 1 1
0 1 121 1 1
0 3 122 1 1
0 4 129 1 1
0 5 128 1 1
0 2 120 1 1
0 8 125 1 1
0 2 125 1 1
0 5 128 1 1
0 10 122 1 1
0 3 126 1 1
0 4 127 1 1
0 6 129 1 1
0 7 123 1 1
0 8 120 1 1
0 1 124 1 1
0 10 124 1 1
0 7 124 1 1
0 9 124 1 1
0 8 124 1 1
0 4 124 1 1
0 3 124 1 1
0 2 124 1 1
0 1 124 1 1
0 11 124 1 1
0 2 123 1 1
0 6 125 1 1
0 9 127 1 1
0 10 126 1 1
0 4 121 1 1
0 8 128 1 1
0 5 120 1 1
0 1 124 1 1
0 7 129 1 1
0 3 129 1 1
0 6 132 1 1
0 4 130 1 1
0 7 133 1 1
0 9 135 1 1
0 8 134 1 1
0 10 126 1 1
0 2 128 1 1
0 1 127 1 1
0 3 127 1 1
0 4 127 1 1
0 5 127 1 1
0 8 127 1 1
0 6 127 1 1
0 7 127 1 1
0 10 127 1 1
0 11 127 1 1
0 1 127 1 1
0 9 130 1 1
0 6 133 1 1
0 10 129 1 1
0 1 127 1 1
0 3 128 1 1
0 4 135 1 1
0 5 134 1 1
0 2 126 1 1
0 8 131 1 1
0 2 131 1 1
0 5 134 1 1
0 10 128 1 1
0 3 132 1 1
0 4 133 1 1
0 6 135 1 1
0 7 129 1 1
0 8 126 1 1
0 1 130 1 1
0 10 130 1 1
0 7 130 1 1
0 9 130 1 1
0 8 130 1 1
0 4 130 1 1
0 3 130 1 1
0 2 130 1 1
0 1 130 1 1
0 11 130 1 1
0 2 129 1 1
0 6 131 1 1
0 9 133 1 1
0 10 132 1 1
0 4 127 1 1
0 8 134 1 1
0 5 126 1 1
0 1 130 1 1
0 7 135 1 1
0 3 135 1 1
0 6 138 1 1
0 4 136 1 1
0 7 139 1 1
0 9 141 1 1
0 8 140 1 1
0 10 132 1 1
0 2 134 1 1
0 1 133 1 1
0 3 133 1 1
0 4 133 1 1
0 5 133 1 1
0 8 133 1 1
0 6 133 1 1
0 7 133 1 1
0 10 133 1 1
0 11 133 1 1
0 1 133 1 1
0 9 136 1 1
0 6 139 1 1
0 10 135 1 1
0 1 133 1 1
0 3 134 1 1
0 4 141 1 1
0 5 140 1 1
0 2 132 1 1
0 8 137 1 1
0 2 137 1 1
0 5 140 1 1
0 10 134 1 1
0 3 138 1 1
0 4 139 1 1
0 6 141 1 1
0 7 135 1 1
0 8 132 1 1
0 1 136 1 1
0 10 136 1 1
0 7 136 1 1
0 9 136 1 1
0 8 136 1 1
0 4 136 1 1
0 3 136 1 1
0 2 136 1 1
0 1 136 1 1
0 11 136 1 1
0 2 135 1 1
0 6 137 1 1
0 9 139 1 1
0 10 138 1 1
0 4 133 1 1
0 8 140 1 1
0 5 132 1 1
0 1 136 1 1
0 7 141 1 1
0 3 141 1 1
0 6 144 1 1
0 4 142 1 1
0 7 145 1 1
0 9 147 1 1
0 8 146 1 1
0 10 138 1 1
0 2 140 1 1
0 1 139 1 1
0 3 139 1 1
0 4 139 1 1
0 5 139 1 1
0 8 139 1 1
0 6 139 1 1
0 7 139 1 1
0 10 139 1 1
0 11 139 1 1
0 1 139 1 1
0 9 142 1 1
0 6 145 1 1
0 10 141 1 1
0 1 139 1 1
0 3 140 1 1
0 4 147 1 1
0 5 146 1 1
0 2 138 1 1
0 8 143 1 1
0 2 143 1 1
0 5 146 1 1
0 10 140 1 1
0 3 144 1 1
0 4 145 1 1
0 6 147 1 1
0 7 141 1 1
0 8 138 1 1
0 1 142 1 1
0 10 142 1 1
0 7 142 1 1
0 9 142 1 1
0 8 142 1 1
0 4 142 1 1
0 3 142 1 1
0 2 142 1 1
0 1 142 1 1
0 11 142 1 1
0 2 141 1 1
0 6 143 1 1
0 9 145 1 1
0 10 144 1 1
0 4 139 1 1
0 8 146 1 1
0 5 138 1 1
0 1 142 1 1
0 7 147 1 1
0 3 147 1 1
0 6 150 1 1
0 4 148 1 1
0 7 151 1 1
0 9 153 1 1
0 8 152 1 1
0 10 144 1 1
0 2 146 1 1
0 1 145 1 1
0 3 145 1 1
0 4 145 1 1
0 5 145 1 1
0 8 145 1 1
0 6 145 1 1
0 7 145 1 1
0 10 145 1 1
0 11 145 1 1
0 1 145 1 1
0 9 148 1 1
0 6 151 1 1
0 10 147 1 1
0 1 145 1 1
0 3 146 1 1
0 4 153 1 1
0 5 152 1 1
0 2 144 1 1
0 8 149 1 1
0 2 149 1 1
0 5 152 1 1
0 10 146 1 1
0 3 150 1 1
0 4 151 1 1
0 6 153 1 1
0 7 147 1 1
0 8 144 1 1
0 1 148 1 1
0 10 148 1 1
0 7 148 1 1
0 9 148 1 1
0 8 148 1 1
0 4 148 1 1
0 3 148 1 1
0 2 148 1 1
0 1 148 1 1
0 11 148 1 1
0 2 147 1 1
0 6 149 1 1
0 9 151 1 1
0 10 150 1 1
0 4 145 1 1
0 8 152 1 1
0 5 144 1 1
0 1 148 1 1
0 7 153 1 1
0 3 153 1 1
0 6 156 1 1
0 4 154 1 1
0 7 157 1 1
0 9 159 1 1
0 8 158 1 1
0 10 150 1 1
0 2 152 1 1
0 1 151 1 1
0 3 151 1 1
0 4 151 1 1
0 5 151 1 1
0 8 151 1 1
0 6 151 1 1
0 7 151 1 1
0 10 151 1 1
0 11 151 1 1
0 1 151 1 1
0 9 154 1 1
0 6 157 1 1
0 10 153 1 1
0 1 151 1 1
0 3 152 1 1
0 4 159 1 1
0 5 158 1 1
0 2 150 1 1
0 8 155 1 1
0 2 155 1 1
0 5 158 1 1
0 10 152 1 1
0 3 156 1 1
0 4 157 1 1
0 6 159 1 1
0 7 153 1 1
0 8 150 1 1
0 1 154 1 1
0 10 154 1 1
0 7 154 1 1
0 9 154 1 1
0 8 154 1 1
0 4 154 1 1
0 3 154 1 1
0 2 154 1 1
0 1 154 1 1
0 11 154 1 1
0 2 153 1 1
0 6 155 1 1
0 9 157 1 1
0 10 156 1 1
0 4 151 1 1
0 8 158 1 1
0 5 150 1 1
0 1 154 1 1
0 7 159 1 1
0 3 159 1 1
0 6 162 1 1
0 4 160 1 1
0 7 163 1 1
0 9 165 1 1
0 8 164 1 1
0 10 156 1 1
0 2 158 1 1
0 1 157 1 1
0 3 157 1 1
0 4 157 1 1
0 5 157 1 1
0 8 157 1 1
0 6 157 1 1
0 7 157 1 1
0 10 157 1 1
0 11 157 1 1
0 1 157 1 1
0 9 160 1 1
0 6 163 1 1
0 10 159 1 1
0 1 157 1 1
0 3 158 1 1
0 4 165 1 1
0 5 164 1 1
0 2 156 1 1
0 8 161 1 1
0 2 161 1 1
0 5 164 1 1
0 10 158 1 1
0 3 162 1 1
0 4 163 1 1
0 6 165 1 1
0 7 159 1 1
0 8 156 1 1
0 1 160 1 1
0 10 160 1 1
0 7 160 1 1
0 9 160 1 1
0 8 160 1 1
0 4 160 1 1
0 3 160 1 1
0 2 160 1 1
0 1 160 1 1
0 11 160 1 1
0 2 159 1 1
0 6 161 1 1
0 9 163 1 1
0 10 162 1 1
0 4 157 1 1
0 8 164 1 1
0 5 156 1 1
0 1 160 1 1
0 7 165 1 1
0 3 165 1 1
0 6 168 1 1
0 4 166 1 1
0 7 169 1 1
0 9 171 1 1
0 8 170 1 1
0 10 162 1 1
0 2 164 1 1
0 1 163 1 1
0 3 163 1 1
0 4 163 1 1
0 5 163 1 1
0 8 163 1 1
0 6 163 1 1
0 7 163 1 1
0 10 163 1 1
0 11 163 1 1
0 1 163 1 1
0 9 166 1 1
0 6 169 1 1
0 10 165 1 1
0 1 163 1 1
0 3 164 1 1
0 4 171 1 1
0 5 170 1 1
0 2 162 1 1
0 8 167 1 1
0 2 167 1 1
0 5 170 1 1
0 10 164 1 1
0 3 168 1 1
0 4 169 1 1
0 6 171 1 1
0 7 165 1 1
0 8 162 1 1
0 1 166 1 1
0 10 166 1 1
0 7 166 1 1
0 9 166 1 1
0 8 166 1 1
0 4 166 1 1
0 3 166 1 1
0 2 166 1 1
0 1 166 1 1
0 11 166 1 1
0 2 165 1 1
0 6 167 1 1
0 9 169 1 1
0 10 168 1 1
0 4 163 1 1
0 8 170 1 1
0 5 162 1 1
0 1 166 1 1
0 7 171 1 1
0 3 171 1 1
0 6 174 1 1
0 4 172 1 1
0 7 175 1 1
0 9 177 1 1
0 8 176 1 1
0 10 168 1 1
0 2 170 1 1
0 1 169 1 1
0 3 169 1 1
0 4 169 1 1
0 5 169 1 1
0 8 169 1 1
0 6 169 1 1
0 7 169 1 1
0 10 169 1 1
0 11 169 1 1
0 1 169 1 1
0 9 172 1 1
0 6 175 1 1
0 10 171 1 1
0 1 169 1 1
0 3 170 1 1
0 4 177 1 1
0 5 176 1 1
0 2 168 1 1
0 8 173 1 1
0 2 173 1 1
0 5 176 1 1
0 10 170 1 1
0 3 174 1 1
0 4 175 1 1
0 6 177 1 1
0 7 171 1 1
0 8 168 1 1
0 1 172 1 1
0 10 172 1 1
0 7 172 1 1
0 9 172 1 1
0 8 172 1 1
0 4 172 1 1
0 3 172 1 1
0 2 172 1 1
0 1 172 1 1
0 11 172 1 1
0 2 171 1 1
0 6 173 1 1
0 9 175 1 1
0 10 174 1 1
0 4 169 1 1
0 8 176 1 1
0 5 168 1 1
0 1 172 1 1
0 7 177 1 1
0 3 177 1 1
0 6 180 1 1
0 4 178 1 1
0 7 181 1 1
0 9 183 1 1
0 8 182 1 1
0 10 174 1 1
0 2 176 1 1
0 1 175 1 1
0 3 175 1 1
0 4 175 1 1
0 5 175 1 1
0 8 175 1 1
0 6 175 1 1
0 7 175 1 1
0 10 175 1 1
0 11 175 1 1
0 1 175 1 1
0 9 178 1 1
0 6 181 1 1
0 10 177 1 1
0 1 175 1 1
0 3 176 1 1
0 4 183 1 1
0 5 182 1 1
0 2 174 1 1
0 8 179 1 1
0 2 179 1 1
0 5 182 1 1
0 10 176 1 1
0 3 180 1 1
0 4 181 1 1
0 6 183 1 1
0 7 177 1 1
0 8 174 1 1
0 1 178 1 1
0 10 178 1 1
0 7 178 1 1
0 9 178 1 1
0 8 178 1 1
0 4 178 1 1
0 3 178 1 1
0 2 178 1 1
0 1 178 1 1
0 11 178 1 1
0 2 177 1 1
0 6 179 1 1
0 9 181 1 1
0 10 180 1 1
0 4 175 1 1
0 8 182 1 1
0 5 174 1 1
0 1 178 1 1
0 7 183 1 1
0 3 183 1 1
0 6 186 1 1
0 4 184 1 1
0 7 187 1 1
0 9 189 1 1
0 8 188 1 1
0 10 180 1 1
0 2 182 1 1
0 1 181 1 1
0 3 181 1 1
0 4 181 1 1
0 5 181 1 1
0 8 181 1 1
0 6 181 1 1
0 7 181 1 1
0 10 181 1 1
0 11 181 1 1
0 1 181 1 1
0 9 184 1 1
0 6 187 1 1
0 10 183 1 1
0 1 181 1 1
0 3 182 1 1
0 4 189 1 1
0 5 188 1 1
0 2 180 1 1
0 8 185 1 1
0 2 185 1 1
0 5 188 1 1
0 10 182 1 1
0 3 186 1 1
0 4 187 1 1
0 6 189 1 1
0 7 183 1 1
0 8 180 1 1
0 1 184 1 1
0 10 184 1 1
0 7 184 1 1
0 9 184 1 1
0 8 184 1 1
0 4 184 1 1
0 3 184 1 1
0 2 184 1 1
0 1 184 1 1
0 11 184 1 1
0 2 183 1 1
0 6 185 1 1
0 9 187 1 1
0 10 186 1 1
0 4 181 1 1
0 8 188 1 1
0 5 180 1 1
0 1 184 1 1
0 7 189 1 1
0 3 189 1 1
0 6 192 1 1
0 4 190 1 1
0 7 193 1 1
0 9 195 1 1
0 8 194 1 1
0 10 186 1 1
0 2 188 1 1
0 1 187 1 1
0 3 187 1 1
0 4 187 1 1
0 5 187 1 1
0 8 187 1 1
0 6 187 1 1
0 7 187 1 1
0 10 187 1 1
0 11 187 1 1
0 1 187 1 1
0 9 190 1 1
0 6 193 1 1
0 10 189 1 1
0 1 187 1 1
0 3 188 1 1
0 4 195 1 1
0 5 194 1 1
0 2 186 1 1
0 8 191 1 1
0 2 191 1 1
0 5 194 1 1
0 10 188 1 1
0 3 192 1 1
0 4 193 1 1
0 6 195 1 1
0 7 189 1 1
0 8 186 1 1
0 1 190 1 1
0 10 190 1 1
0 7 190 1 1
0 9 190 1 1
0 8 190 1 1
0 4 190 1 1
0 3 190 1 1
0 2 190 1 1
0 1 190 1 1
0 11 190 1 1
0 2 189 1 1
0 6 191 1 1
0 9 193 1 1
0 10 192 1 1
0 4 187 1 1
0 8 194 1 1
0 5 186 1 1
0 1 190 1 1
0 7 195 1 1
0 3 195 1 1
0 6 198 1 1
0 4 196 1 1
0 7 199 1 1
0 9 201 1 1
0 8 200 1 1
0 10 192 1 1
0 2 194 1 1
0 1 193 1 1
0 3 193 1 1
0 4 193 1 1
0 5 193 1 1
0 8 193 1 1
0 6 193 1 1
0 7 193 1 1
0 10 193 1 1
0 11 193 1 1
0 1 193 1 1
0 9 196 1 1
0 6 199 1 1
0 10 195 1 1
0 1 193 1 1
0 3 194 1 1
0 4 201 1 1
0 5 200 1 1
0 2 192 1 1
0 8 197 1 1
0 2 197 1 1
0 5 200 1 1
0 10 194 1 1
0 3 198 1 1
0 4 199 1 1
0 6 201 1 1
0 7 195 1 1
0 8 192 1 1
0 1 196 1 1
0 10 196 1 1
0 7 196 1 1
0 9 196 1 1
0 8 196 1 1
0 4 196 1 1
0 3 196 1 1
0 2 196 1 1
0 1 196 1 1
0 11 196 1 1
0 2 195 1 1
0 6 197 1 1
0 9 199 1 1
0 10 198 1 1
0 4 193 1 1
0 8 200 1 1
0 5 192 1 1
0 1 196 1 1
0 7 201 1 1
0 3 201 1 1
0 6 204 1 1
0 4 202 1 1
0 7 205 1 1
0 9 207 1 1
0 8 206 1 1
0 10 198 1 1
0 2 200 1 1
0 1 199 1 1
0 3 199 1 1
0 4 199 1 1
0 5 199 1 1
0 8 199 1 1
0 6 199 1 1
0 7 199 1 1
0 10 199 1 1
0 11 199 1 1
0 1 199 1 1
0 9 202 1 1
0 6 205 1 1
0 10 201 1 1
0 1 199 1 1
0 3 200 1 1
0 4 207 1 1
0 5 206 1 1
0 2 198 1 1
0 8 203 1 1
0 2 203 1 1
0 5 206 1 1
0 10 200 1 1
0 3 204 1 1
0 4 205 1 1
0 6 207 1 1
0 7 201 1 1
0 8 198 1 1
0 1 202 1 1
0 10 202 1 1
0 7 202 1 1
0 9 202 1 1
0 8 202 1 1
0 4 202 1 1
0 3 202 1 1
0 2 202 1 1
0 1 202 1 1
0 11 202 1 1
0 2 201 1 1
0 6 203 1 1
0 9 205 1 1
0 10 204 1 1
0 4 199 1 1
0 8 206 1 1
0 5 198 1 1
0 1 202 1 1
0 7 207 1 1
0 3 207 1 1
0 6 210 1 1
0 4 208 1 1
0 7 211 1 1
0 9 213 1 1
0 8 212 1 1
0 10 204 1 1
0 2 206 1 1
0 1 205 1 1
0 3 205 1 1
0 4 205 1 1
0 5 205 1 1
0 8 205 1 1
0 6 205 1 1
0 7 205 1 1
0 10 205 1 1
0 11 205 1 1
0 1 205 1 1
0 9 208 1 1
0 6 211 1 1
0 10 207 1 1
0 1 205 1 1
0 3 206 1 1
0 4 213 1 1
0 5 212 1 1
0 2 204 1 1
0 8 209 1 1
0 2 209 1 1
0 5 212 1 1
0 10 206 1 1
0 3 210 1 1
0 4 211 1 1
0 6 213 1 1
0 7 207 1 1
0 8 204 1 1
0 1 208 1 1
0 10 208 1 1
0 7 208 1 1
0 9 208 1 1
0 8 208 1 1
0 4 208 1 1
0 3 208 1 1
0 2 208 1 1
0 1 208 1 1
0 11 208 1 1
0 2 207 1 1
0 6 209 1 1
0 9 211 1 1
0 10 210 1 1
0 4 205 1 1
0 8 212 1 1
0 5 204 1 1
0 1 208 1 1
0 7 213 1 1
0 3 213 1 1
0 6 216 1 1
0 4 214 1 1
0 7 217 1 1
0 9 219 1 1
0 8 218 1 1
0 10 210 1 1
0 2 212 1 1
0 1 211 1 1
0 3 211 1 1
0 4 211 1 1
0 5 211 1 1
0 8 211 1 1
0 6 211 1 1
0 7 211 1 1
0 10 211 1 1
0 11 211 1 1
0 1 211 1 1
0 9 214 1 1
0 6 217 1 1
0 10 213 1 1
0 1 211 1 1
0 3 212 1 1
0 4 219 1 1
0 5 218 1 1
0 2 210 1 1
0 8 215 1 1
0 2 215 1 1
0 5 218 1 1
0 10 212 1 1
0 3 216 1 1
0 4 217 1 1
0 6 219 1 1
0 7 213 1 1
0 8 210 1 1
0 1 214 1 1
0 10 214 1 1
0 7 214 1 1
0 9 214 1 1
0 8 214 1 1
0 4 214 1 1
0 3 214 1 1
0 2 214 1 1
0 1 214 1 1
0 11 214 1 1
0 2 213 1 1
0 6 215 1 1
0 9 217 1 1
0 10 216 1 1
0 4 211 1 1
0 8 218 1 1
0 5 210 1 1
0 1 214 1 1
0 7 219 1 1
0 3 219 1 1
0 6 222 1 1
0 4 220 1 1
0 7 223 1 1
0 9 225 1 1
0 8 224 1 1
0 10 216 1 1
0 2 218 1 1
0 1 217 1 1
0 3 217 1 1
0 4 217 1 1
0 5 217 1 1
0 8 217 1 1
0 6 217 1 1
0 7 217 1 1
0 10 217 1 1
0 11 217 1 1
0 1 217 1 1
0 9 220 1 1
0 6 223 1 1
0 10 219 1 1
0 1 217 1 1
0 3 218 1 1
0 4 225 1 1
0 5 224 1 1
0 2 216 1 1
0 8 221 1 1
0 2 221 1 1
0 5 224 1 1
0 10 218 1 1
0 3 222 1 1
0 4 223 1 1
0 6 225 1 1
0 7 219 1 1
0 8 216 1 1
0 1 220 1 1
0 10 220 1 1
0 7 220 1 1
0 9 220 1 1
0 8 220 1 1
0 4 220 1 1
0 3 220 1 1
0 2 220 1 1
0 1 220 1 1
0 11 220 1 1
0 2 219 1 1
0 6 221 1 1
0 9 223 1 1
0 10 222 1 1
0 4 217 1 1
0 8 224 1 1
0 5 216 1 1
0 1 220 1 1
0 7 225 1 1
0 3 225 1 1
0 6 228 1 1
0 4 226 1 1
0 7 229 1 1
0 9 231 1 1
0 8 230 1 1
0 10 222 1 1
0 2 224 1 1
0 1 223 1 1
0 3 223 1 1
0 4 223 1 1
0 5 223 1 1
0 8 223 1 1
0 6 223 1 1
0 7 223 1 1
0 10 223 1 1
0 11 223 1 1
0 1 223 1 1
0 9 226 1 1
0 6 229 1 1
0 10 225 1 1
0 1 223 1 1
0 3 224 1 1
0 4 231 1 1
0 5 230 1 1
0 2 222 1 1
0 8 227 1 1
0 2 227 1 1
0 5 230 1 1
0 10 224 1 1
0 3 228 1 1
0 4 229 1 1
0 6 231 1 1
0 7 225 1 1
0 8 222 1 1
0 1 226 1 1
0 10 226 1 1
0 7 226 1 1
0 9 226 1 1
0 8 226 1 1
0 4 226 1 1
0 3 226 1 1
0 2 226 1 1
0 1 226 1 1
0 11 226 1 1
0 2 225 1 1
0 6 227 1 1
0 9 229 1 1
0 10 228 1 1
0 4 223 1 1
0 8 230 1 1
0 5 222 1 1
0 1 226 1 1
0 7 231 1 1
0 3 231 1 1
0 6 234 1 1
0 4 232 1 1
0 7 235 1 1
0 9 237 1 1
0 8 236 1 1
0 10 228 1 1
0 2 230 1 1
0 1 229 1 1
0 3 229 1 1
0 4 229 1 1
0 5 229 1 1
0 8 229 1 1
0 6 229 1 1
0 7 229 1 1
0 10 229 1 1
0 11 229 1 1
0 1 229 1 1
0 9 232 1 1
0 6 235 1 1
0 10 231 1 1
0 1 229 1 1
0 3 230 1 1
0 4 237 1 1
0 5 236 1 1
0 2 228 1 1
0 8 233 1 1
0 2 233 1 1
0 5 236 1 1
0 10 230 1 1
0 3 234 1 1
0 4 235 1 1
0 6 237 1 1
0 7 231 1 1
0 8 228 1 1
0 1 232 1 1
0 10 232 1 1
0 7 232 1 1
0 9 232 1 1
0 8 232 1 1
0 4 232 1 1
0 3 232 1 1
0 2 232 1 1
0 1 232 1 1
0 11 232 1 1
0 2 231 1 1
0 6 233 1 1
0 9 235 1 1
0 10 234 1 1
0 4 229 1 1
0 8 236 1 1
0 5 228 1 1
0 1 232 1 1
0 7 237 1 1
0 3 237 1 1
0 6 240 1 1
0 4 238 1 1
0 7 241 1 1
0 9 243 1 1
0 8 242 1 1
0 10 234 1 1
0 2 236 1 1
0 1 235 1 1
0 3 235 1 1
0 4 235 1 1
0 5 235 1 1
0 8 235 1 1
0 6 235 1 1
0 7 235 1 1
0 10 235 1 1
0 11 235 1 1
0 1 235 1 1
0 9 238 1 1
0 6 241 1 1
0 10 237 1 1
0 1 235 1 1
0 3 236 1 1
0 4 243 1 1
0 5 242 1 1
0 2 234 1 1
0 8 239 1 1
0 2 239 1 1
0 5 242 1 1
0 10 236 1 1
0 3 240 1 1
0 4 241 1 1
0 6 243 1 1
0 7 237 1 1
0 8 234 1 1
0 1 238 1 1
0 10 238 1 1
0 7 238 1 1
0 9 238 1 1
0 8 238 1 1
0 4 238 1 1
0 3 238 1 1
0 2 238 1 1
0 1 238 1 1
0 11 238 1 1
0 2 237 1 1
0 6 239 1 1
0 9 241 1 1
0 10 240 1 1
0 4 235 1 1
0 8 242 1 1
0 5 234 1 1
0 1 238 1 1
0 7 243 1 1
0 3 243 1 1
0 6 246 1 1
0 4 244 1 1
0 7 247 1 1
0 9 249 1 1
0 8 248 1 1
0 10 240 1 1
0 2 242 1 1
0 1 241 1 1
0 3 241 1 1
0 4 241 1 1
0 5 241 1 1
0 8 241 1 1
0 6 241 1 1
0 7 241 1 1
0 10 241 1 1
0 11 241 1 1
0 1 241 1 1
0 9 244 1 1
0 6 247 1 1
0 10 243 1 1
0 1 241 1 1
0 3 242 1 1
0 4 249 1 1
0 5 248 1 1
0 2 240 1 1
0 8 245 1 1
0 2 245 1 1
0 5 248 1 1
0 10 242 1 1
0 3 246 1 1
0 4 247 1 1
0 6 249 1 1
0 7 243 1 1
0 8 240 1 1
0 1 244 1 1
0 10 244 1 1
0 7 244 1 1
0 9 244 1 1
0 8 244 1 1
0 4 244 1 1
0 3 244 1 1
0 2 244 1 1
0 1 244 1 1
0 11 244 1 1
0 2 243 1 1
0 6 245 1 1
0 9 247 1 1
0 10 246 1 1
0 4 241 1 1
0 8 248 1 1
0 5 240 1 1
0 1 244 1 1
0 7 249 1 1
0 3 249 1 1
0 6 252 1 1
0 4 250 1 1
0 7 253 1 1
0 9 255 1 1
0 8 254 1 1
0 10 246 1 1
0 2 248 1 1
0 1 247 1 1
0 3 247 1 1
0 4 247 1 1
0 5 247 1 1
0 8 247 1 1
0 6 247 1 1
0 7 247 1 1
0 10 247 1 1
0 11 247 1 1
0 1 247 1 1
0 9 250 1 1
0 6 253 1 1
0 10 249 1 1
0 1 247 1 1
0 3 248 1 1
0 4 255 1 1
0 5 254 1 1
0 2 246 1 1
0 8 251 1 1
0 2 251 1 1
0 5 254 1 1
0 10 248 1 1
0 3 252 1 1
0 4 253 1 1
0 6 255 1 1
0 7 249 1 1
0 8 246 1 1
0 1 250 1 1
0 10 250 1 1
0 7 250 1 1
0 9 250 1 1
0 8 250 1 1
0 4 250 1 1
0 3 250 1 1
0 2 250 1 1
0 1 250 1 1
0 11 250 1 1
0 2 249 1 1
0 6 251 1 1
0 9 253 1 1
0 10 252 1 1
0 4 247 1 1
0 8 254 1 1
0 5 246 1 1
0 1 250 1 1
0 7 255 1 1
0 3 255 1 1
0 6 258 1 1
0 4 256 1 1
0 7 259 1 1
0 9 261 1 1
0 8 260 1 1
0 10 252 1 1
0 2 254 1 1
0 1 253 1 1
0 3 253 1 1
0 4 253 1 1
0 5 253 1 1
0 8 253 1 1
0 6 253 1 1
0 7 253 1 1
0 10 253 1 1
0 11 253 1 1
0 1 253 1 1
0 9 256 1 1
0 6 259 1 1
0 10 255 1 1
0 1 253 1 1
0 3 254 1 1
0 4 261 1 1
0 5 260 1 1
0 2 252 1 1
0 8 257 1 1
0 2 257 1 1
0 5 260 1 1
0 10 254 1 1
0 3 258 1 1
0 4 259 1 1
0 6 261 1 1
0 7 255 1 1
0 8 252 1 1
0 1 256 1 1
0 10 256 1 1
0 7 256 1 1
0 9 256 1 1
0 8 256 1 1
0 4 256 1 1
0 3 256 1 1
0 2 256 1 1
0 1 256 1 1
0 11 256 1 1
0 2 255 1 1
0 6 257 1 1
0 9 259 1 1
0 10 258 1 1
0 4 253 1 1
0 8 260 1 1
0 5 252 1 1
0 1 256 1 1
0 7 261 1 1
0 3 261 1 1
0 6 264 1 1
0 4 262 1 1
0 7 265 1 1
0 9 267 1 1
0 8 266 1 1
0 10 258 1 1
0 2 260 1 1
0 1 259 1 1
0 3 259 1 1
0 4 259 1 1
0 5 259 1 1
0 8 259 1 1
0 6 259 1 1
0 7 259 1 1
0 10 259 1 1
0 11 259 1 1
0 1 259 1 1
0 9 262 1 1
0 6 265 1 1
0 10 261 1 1
0 1 259 1 1
0 3 260 1 1
0 4 267 1 1
0 5 266 1 1
0 2 258 1 1
0 8 263 1 1
0 2 263 1 1
0 5 266 1 1
0 10 260 1 1
0 3 264 1 1
0 4 265 1 1
0 6 267 1 1
0 7 261 1 1
0 8 258 1 1
0 1 262 1 1
0 10 262 1 1
0 7 262 1 1
0 9 262 1 1
0 8 262 1 1
0 4 262 1 1
0 3 262 1 1
0 2 262 1 1
0 1 262 1 1
0 11 262 1 1
0 2 261 1 1
0 6 263 1 1
0 9 265 1 1
0 10 264 1 1
0 4 259 1 1
0 8 266 1 1
0 5 258 1 1
0 1 262 1 1
0 7 267 1 1
0 3 267 1 1
0 6 270 1 1
0 4 268 1 1
0 7 271 1 1
0 9 273 1 1
0 8 272 1 1
0 10 264 1 1
0 2 266 1 1
0 1 265 1 1
0 3 265 1 1
0 4 265 1 1
0 5 265 1 1
0 8 265 1 1
0 6 265 1 1
0 7 265 1 1
0 10 265 1 1
0 11 265 1 1
0 1 265 1 1
0 9 268 1 1
0 6 271 1 1
0 10 267 1 1
0 1 265 1 1
0 3 266 1 1
0 4 273 1 1
0 5 272 1 1
0 2 264 1 1
0 8 269 1 1
0 2 269 1 1
0 5 272 1 1
0 10 266 1 1
0 3 270 1 1
0 4 271 1 1
0 6 273 1 1
0 7 267 1 1
0 8 264 1 1
0 1 268 1 1
0 10 268 1 1
0 7 268 1 1
0 9 268 1 1
0 8 268 1 1
0 4 268 1 1
0 3 268 1 1
0 2 268 1 1
0 1 268 1 1
0 11 268 1 1
0 2 267 1 1
0 6 269 1 1
0 9 271 1 1
0 10 270 1 1
0 4 265 1 1
0 8 272 1 1
0 5 264 1 1
0 1 268 1 1
0 7 273 1 1
0 3 273 1 1
0 6 276 1 1
0 4 274 1 1
0 7 277 1 1
0 9 279 1 1
0 8 278 1 1
0 10 270 1 1
0 2 272 1 1
0 1 271 1 1
0 3 271 1 1
0 4 271 1 1
0 5 271 1 1
0 8 271 1 1
0 6 271 1 1
0 7 271 1 1
0 10 271 1 1
0 11 271 1 1
0 1 271 1 1
0 9 274 1 1
0 6 277 1 1
0 10 273 1 1
0 1 271 1 1
0 3 272 1 1
0 4 279 1 1
0 5 278 1 1
0 2 270 1 1
0 8 275 1 1
0 2 275 1 1
0 5 278 1 1
0 10 272 1 1
0 3 276 1 1
0 4 277 1 1
0 6 279 1 1
0 7 273 1 1
0 8 270 1 1
0 1 274 1 1
0 10 274 1 1
0 7 274 1 1
0 9 274 1 1
0 8 274 1 1
0 4 274 1 1
0 3 274 1 1
0 2 274 1 1
0 1 274 1 1
0 11 274 1 1
0 2 273 1 1
0 6 275 1 1
0 9 277 1 1
0 10 276 1 1
0 4 271 1 1
0 8 278 1 1
0 5 270 1 1
0 1 274 1 1
0 7 279 1 1
0 3 279 1 1
0 6 282 1 1
0 4 280 1 1
0 7 283 1 1
0 9 285 1 1
0 8 284 1 1
0 10 276 1 1
0 2 278 1 1
0 1 277 1 1
0 3 277 1 1
0 4 277 1 1
0 5 277 1 1
0 8 277 1 1
0 6 277 1 1
0 7 277 1 1
0 10 277 1 1
0 11 277 1 1
0 1 277 1 1
0 9 280 1 1
0 6 283 1 1
0 10 279 1 1
0 1 277 1 1
0 3 278 1 1
0 4 285 1 1
0 5 284 1 1
0 2 276 1 1
0 8 281 1 1
0 2 281 1 1
0 5 284 1 1
0 10 278 1 1
0 3 282 1 1
0 4 283 1 1
0 6 285 1 1
0 7 279 1 1
0 8 276 1 1
0 1 280 1 1
0 10 280 1 1
0 7 280 1 1
0 9 280 1 1
0 8 280 1 1
0 4 280 1 1
0 3 280 1 1
0 2 280 1 1
0 1 280 1 1
0 11 280 1 1
0 2 279 1 1
0 6 281 1 1
0 9 283 1 1
0 10 282 1 1
0 4 277 1 1
0 8 284 1 1
0 5 276 1 1
0 1 280 1 1
0 7 285 1 1
0 3 285 1 1
0 6 288 1 1
0 4 286 1 1
0 7 289 1 1
0 9 291 1 1
0 8 290 1 1
0 10 282 1 1
0 2 284 1 1
0 1 283 1 1
0 3 283 1 1
0 4 283 1 1
0 5 283 1 1
0 8 283 1 1
0 6 283 1 1
0 7 283 1 1
0 10 283 1 1
0 11 283 1 1
0 1 283 1 1
0 9 286 1 1
0 6 289 1 1
0 10 285 1 1
0 1 283 1 1
0 3 284 1 1
0 4 291 1 1
0 5 290 1 1
0 2 282 1 1
0 8 287 1 1
0 2 287 1 1
0 5 290 1 1
0 10 284 1 1
0 3 288 1 1
0 4 289 1 1
0 6 291 1 1
0 7 285 1 1
0 8 282 1 1
0 1 286 1 1
0 10 286 1 1
0 7 286 1 1
0 9 286 1 1
0 8 286 1 1
0 4 286 1 1
0 3 286 1 1
0 2 286 1 1
0 1 286 1 1
0 11 286 1 1
0 2 285 1 1
0 6 287 1 1
0 9 289 1 1
0 10 288 1 1
0 4 283 1 1
0 8 290 1 1
0 5 282 1 1
0 1 286 1 1
0 7 291 1 1
0 3 291 1 1
0 6 294 1 1
0 4 292 1 1
0 7 295 1 1
0 9 297 1 1
0 8 296 1 1
0 10 288 1 1
0 2 290 1 1
0 1 289 1 1
0 3 289 1 1
0 4 289 1 1
0 5 289 1 1
0 8 289 1 1
0 6 289 1 1
0 7 289 1 1
0 10 289 1 1
0 11 289 1 1
0 1 289 1 1
0 9 292 1 1
0 6 295 1 1
0 10 291 1 1
0 1 289 1 1
0 3 290 1 1
0 4 297 1 1
0 5 296 1 1
0 2 288 1 1
0 8 293 1 1
0 2 293 1 1
0 5 296 1 1
0 10 290 1 1
0 3 294 1 1
0 4 295 1 1
0 6 297 1 1
0 7 291 1 1
0 8 288 1 1
0 1 292 1 1
0 10 292 1 1
0 7 292 1 1
0 9 292 1 1
0 8 292 1 1
0 4 292 1 1
0 3 292 1 1
0 2 292 1 1
0 1 292 1 1
0 11 292 1 1
0 2 291 1 1
0 6 293 1 1
0 9 295 1 1
0 10 294 1 1
0 4 289 1 1
0 8 296 1 1
0 5 288 1 1
0 1 292 1 1
0 7 297 1 1
0 3 297 1 1
0 6 300 1 1
0 4 298 1 1
0 7 301 1 1
0 9 303 1 1
0 8 302 1 1
0 10 294 1 1
0 2 296 1 1
0 1 295 1 1
0 3 295 1 1
0 4 295 1 1
0 5 295 1 1
0 8 295 1 1
0 6 295 1 1
0 7 295 1 1
0 10 295 1 1
0 11 295 1 1
0 1 295 1 1
0 9 298 1 1
0 6 301 1 1
0 10 297 1 1
0 1 295 1 1
0 3 296 1 1
0 4 303 1 1
0 5 302 1 1
0 2 294 1 1
0 8 299 1 1
0 2 299 1 1
0 5 302 1 1
0 10 296 1 1
0 3 300 1 1
0 4 301 1 1
0 6 303 1 1
0 7 297 1 1
0 8 294 1 1
0 1 298 1 1
0 10 298 1 1
0 7 298 1 1
0 9 298 1 1
0 8 298 1 1
0 4 298 1 1
0 3 298 1 1
0 2 298 1 1
0 1 298 1 1
0 11 298 1 1
0 2 297 1 1
0 6 299 1 1
0 9 301 1 1
0 10 300 1 1
0 4 295 1 1
0 8 302 1 1
0 5 294 1 1
0 1 298 1 1
0 7 303 1 1
0 3 303 1 1
0 6 306 1 1
0 4 304 1 1
0 7 307 1 1
0 9 309 1 1
0 8 308 1 1
0 10 300 1 1
0 2 302 1 1
0 1 301 1 1
0 3 301 1 1
0 4 301 1 1
0 5 301 1 1
0 8 301 1 1
0 6 301 1 1
0 7 301 1 1
0 10 301 1 1
0 11 301 1 1
0 1 301 1 1
0 9 304 1 1
0 6 307 1 1
0 10 303 1 1
0 1 301 1 1
0 3 302 1 1
0 4 309 1 1
0 5 308 1 1
0 2 300 1 1
0 8 305 1 1
0 2 305 1 1
0 5 308 1 1
0 10 302 1 1
0 3 306 1 1
0 4 307 1 1
0 6 309 1 1
0 7 303 1 1
0 8 300 1 1
0 1 304 1 1
0 10 304 1 1
0 7 304 1 1
0 9 304 1 1
0 8 304 1 1
0 4 304 1 1
0 3 304 1 1
0 2 304 1 1
0 1 304 1 1
0 11 304 1 1
0 2 303 1 1
0 6 305 1 1
0 9 307 1 1
0 10 306 1 1
0 4 301 1 1
0 8 308 1 1
0 5 300 1 1
0 1 304 1 1
0 7 309 1 1
0 3 309 1 1
0 6 312 1 1
0 4 310 1 1
0 7 313 1 1
0 9 315 1 1
0 8 314 1 1
0 10 306 1 1
0 2 308 1 1
0 1 307 1 1
0 3 307 1 1
0 4 307 1 1
0 5 307 1 1
0 8 307 1 1
0 6 307 1 1
0 7 307 1 1
0 10 307 1 1
0 11 307 1 1
0 1 307 1 1
0 9 310 1 1
0 6 313 1 1
0 10 309 1 1
0 1 307 1 1
0 3 308 1 1
0 4 315 1 1
0 5 314 1 1
0 2 306 1 1
0 8 311 1 1
0 2 311 1 1
0 5 314 1 1
0 10 308 1 1
0 3 312 1 1
0 4 313 1 1
0 6 315 1 1
0 7 309 1 1
0 8 306 1 1
0 1 310 1 1
0 10 310 1 1
0 7 310 1 1
0 9 310 1 1
0 8 310 1 1
0 4 310 1 1
0 3 310 1 1
0 2 310 1 1
0 1 310 1 1
0 11 310 1 1
0 2 309 1 1
0 6 311 1 1
0 9 313 1 1
0 10 312 1 1
0 4 307 1 1
0 8 314 1 1
0 5 306 1 1
0 1 310 1 1
0 7 315 1 1
0 3 315 1 1
0 6 318 1 1
0 4 316 1 1
0 7 319 1 1
0 9 321 1 1
0 8 320 1 1
0 10 312 1 1
0 2 314 1 1
0 1 313 1 1
0 3 313 1 1
0 4 313 1 1
0 5 313 1 1
0 8 313 1 1
0 6 313 1 1
0 7 313 1 1
0 10 313 1 1
0 11 313 1 1
0 1 313 1 1
0 9 316 1 1
0 6 319 1 1
0 10 315 1 1
0 1 313 1 1
0 3 314 1 1
0 4 321 1 1
0 5 320 1 1
0 2 312 1 1
0 8 317 1 1
0 2 317 1 1
0 5 320 1 1
0 10 314 1 1
0 3 318 1 1
0 4 319 1 1
0 6 321 1 1
0 7 315 1 1
0 8 312 1 1
0 1 316 1 1
0 10 316 1 1
0 7 316 1 1
0 9 316 1 1
0 8 316 1 1
0 4 316 1 1
0 3 316 1 1
0 2 316 1 1
0 1 316 1 1
0 11 316 1 1
0 2 315 1 1
0 6 317 1 1
0 9 319 1 1
0 10 318 1 1
0 4 313 1 1
0 8 320 1 1
0 5 312 1 1
0 1 316 1 1
0 7 321 1 1
0 3 321 1 1
0 6 324 1 1
0 4 322 1 1
0 7 325 1 1
0 9 327 1 1
0 8 326 1 1
0 10 318 1 1
0 2 320 1 1
0 1 319 1 1
0 3 319 1 1
0 4 319 1 1
0 5 319 1 1
0 8 319 1 1
0 6 319 1 1
0 7 319 1 1
0 10 319 1 1
0 11 319 1 1
0 1 319 1 1
0 9 322 1 1
0 6 325 1 1
0 10 321 1 1
0 1 319 1 1
0 3 320 1 1
0 4 327 1 1
0 5 326 1 1
0 2 318 1 1
0 8 323 1 1
0 2 323 1 1
0 5 326 1 1
0 10 320 1 1
0 3 324 1 1
0 4 325 1 1
0 6 327 1 1
0 7 321 1 1
0 8 318 1 1
0 1 322 1 1
0 10 322 1 1
0 7 322 1 1
0 9 322 1 1
0 8 322 1 1
0 4 322 1 1
0 3 322 1 1
0 2 322 1 1
0 1 322 1 1
0 11 322 1 1
0 2 321 1 1
0 6 323 1 1
0 9 325 1 1
0 10 324 1 1
0 4 319 1 1
0 8 326 1 1
0 5 318 1 1
0 1 322 1 1
0 7 327 1 1
0 3 327 1 1
0 6 330 1 1
0 4 328 1 1
0 7 331 1 1
0 9 333 1 1
0 8 332 1 1
0 10 324 1 1
0 2 326 1 1
0 1 325 1 1
0 3 325 1 1
0 4 325 1 1
0 5 325 1 1
0 8 325 1 1
0 6 325 1 1
0 7 325 1 1
0 10 325 1 1
0 11 325 1 1
0 1 325 1 1
0 9 328 1 1
0 6 331 1 1
0 10 327 1 1
0 1 325 1 1
0 3 326 1 1
0 4 333 1 1
0 5 332 1 1
0 2 324 1 1
0 8 329 1 1
0 2 329 1 1
0 5 332 1 1
0 10 326 1 1
0 3 330 1 1
0 4 331 1 1
0 6 333 1 1
0 7 327 1 1
0 8 324 1 1
0 1 328 1 1
0 10 328 1 1
0 7 328 1 1
0 9 328 1 1
0 8 328 1 1
0 4 328 1 1
0 3 328 1 1
0 2 328 1 1
0 1 328 1 1
0 11 328 1 1
0 2 327 1 1
0 6 329 1 1
0 9 331 1 1
0 10 330 1 1
0 4 325 1 1
0 8 332 1 1
0 5 324 1 1
0 1 328 1 1
0 7 333 1 1
0 3 333 1 1
0 6 336 1 1
0 4 334 1 1
0 7 337 1 1
0 9 339 1 1
0 8 338 1 1
0 10 330 1 1
0 2 332 1 1
0 1 331 1 1
0 3 331 1 1
0 4 331 1 1
0 5 331 1 1
0 8 331 1 1
0 6 331 1 1
0 7 331 1 1
0 10 331 1 1
0 11 331 1 1
0 1 331 1 1
0 9 334 1 1
0 6 337 1 1
0 10 333 1 1
0 1 331 1 1
0 3 332 1 1
0 4 339 1 1
0 5 338 1 1
0 2 330 1 1
0 8 335 1 1
0 2 335 1 1
0 5 338 1 1
0 10 332 1 1
0 3 336 1 1
0 4 337 1 1
0 6 339 1 1
0 7 333 1 1
0 8 330 1 1
0 1 334 1 1
0 10 334 1 1
0 7 334 1 1
0 9 334 1 1
0 8 334 1 1
0 4 334 1 1
0 3 334 1 1
0 2 334 1 1
0 1 334 1 1
0 11 334 1 1
0 2 333 1 1
0 6 335 1 1
0 9 337 1 1
0 10 336 1 1
0 4 331 1 1
0 8 338 1 1
0 5 330 1 1
0 1 334 1 1
0 7 339 1 1
0 3 339 1 1
0 6 342 1 1
0 4 340 1 1
0 7 343 1 1
0 9 345 1 1
0 8 344 1 1
0 10 336 1 1
0 2 338 1 1
0 1 337 1 1
0 3 337 1 1
0 4 337 1 1
0 5 337 1 1
0 8 337 1 1
0 6 337 1 1
0 7 337 1 1
0 10 337 1 1
0 11 337 1 1
0 1 337 1 1
0 9 340 1 1
0 6 343 1 1
0 10 339 1 1
0 1 337 1 1
0 3 338 1 1
0 4 345 1 1
0 5 344 1 1
0 2 336 1 1
0 8 341 1 1
0 2 341 1 1
0 5 344 1 1
0 10 338 1 1
0 3 342 1 1
0 4 343 1 1
0 6 345 1 1
0 7 339 1 1
0 8 336 1 1
0 1 340 1 1
0 10 340 1 1
0 7 340 1 1
0 9 340 1 1
0 8 340 1 1
0 4 340 1 1
0 3 340 1 1
0 2 340 1 1
0 1 340 1 1
0 11 340 1 1
0 2 339 1 1
0 6 341 1 1
0 9 343 1 1
0 10 342 1 1
0 4 337 1 1
0 8 344 1 1
0 5 336 1 1
0 1 340 1 1
0 7 345 1 1
0 3 345 1 1
0 6 348 1 1
0 4 346 1 1
0 7 349 1 1
0 9 351 1 1
0 8 350 1 1
0 10 342 1 1
0 2 344 1 1
0 1 343 1 1
0 3 343 1 1
0 4 343 1 1
0 5 343 1 1
0 8 343 1 1
0 6 343 1 1
0 7 343 1 1
0 10 343 1 1
0 11 343 1 1
0 1 343 1 1
0 9 346 1 1
0 6 349 1 1
0 10 345 1 1
0 1 343 1 1
0 3 344 1 1
0 4 351 1 1
0 5 350 1 1
0 2 342 1 1
0 8 347 1 1
0 2 347 1 1
0 5 350 1 1
0 10 344 1 1
0 3 348 1 1
0 4 349 1 1
0 6 351 1 1
0 7 345 1 1
0 8 342 1 1
0 1 346 1 1
0 10 346 1 1
0 7 346 1 1
0 9 346 1 1
0 8 346 1 1
0 4 346 1 1
0 3 346 1 1
0 2 346 1 1
0 1 346 1 1
0 11 346 1 1
0 2 345 1 1
0 6 347 1 1
0 9 349 1 1
0 10 348 1 1
0 4 343 1 1
0 8 350 1 1
0 5 342 1 1
0 1 346 1 1
0 7 351 1 1
0 3 351 1 1
0 6 354 1 1
0 4 352 1 1
0 7 355 1 1
0 9 357 1 1
0 8 356 1 1
0 10 348 1 1
0 2 350 1 1
0 1 349 1 1
0 3 349 1 1
0 4 349 1 1
0 5 349 1 1
0 8 349 1 1
0 6 349 1 1
0 7 349 1 1
0 10 349 1 1
0 11 349 1 1
0 1 349 1 1
0 9 352 1 1
0 6 355 1 1
0 10 351 1 1
0 1 349 1 1
0 3 350 1 1
0 4 357 1 1
0 5 356 1 1
0 2 348 1 1
0 8 353 1 1
0 2 353 1 1
0 5 356 1 1
0 10 350 1 1
0 3 354 1 1
0 4 355 1 1
0 6 357 1 1
0 7 351 1 1
0 8 348 1 1
0 1 352 1 1
0 10 352 1 1
0 7 352 1 1
0 9 352 1 1
0 8 352 1 1
0 4 352 1 1
0 3 352 1 1
0 2 352 1 1
0 1 352 1 1
0 11 352 1 1
0 2 351 1 1
0 6 353 1 1
0 9 355 1 1
0 10 354 1 1
0 4 349 1 1
0 8 356 1 1
0 5 348 1 1
0 1 352 1 1
0 7 357 1 1
0 3 357 1 1
0 6 360 1 1
0 4 358 1 1
0 7 361 1 1
0 9 363 1 1
0 8 362 1 1
0 10 354 1 1
0 2 356 1 1
0 1 355 1 1
0 3 355 1 1
0 4 355 1 1
0 5 355 1 1
0 8 355 1 1
0 6 355 1 1
0 7 355 1 1
0 10 355 1 1
0 11 355 1 1
0 1 355 1 1
0 9 358 1 1
0 6 361 1 1
0 10 357 1 1
0 1 355 1 1
0 3 356 1 1
0 4 363 1 1
0 5 362 1 1
0 2 354 1 1
0 8 359 1 1
0 2 359 1 1
0 5 362 1 1
0 10 356 1 1
0 3 360 1 1
0 4 361 1 1
0 6 363 1 1
0 7 357 1 1
0 8 354 1 1
0 1 358 1 1
0 10 358 1 1
0 7 358 1 1
0 9 358 1 1
0 8 358 1 1
0 4 358 1 1
0 3 358 1 1
0 2 358 1 1
0 1 358 1 1
0 11 358 1 1
0 2 357 1 1
0 6 359 1 1
0 9 361 1 1
0 10 360 1 1
0 4 355 1 1
0 8 362 1 1
0 5 354 1 1
0 1 358 1 1
0 7 363 1 1
0 3 363 1 1
0 6 366 1 1
0 4 364 1 1
0 7 367 1 1
0 9 369 1 1
0 8 368 1 1
0 10 360 1 1
0 2 362 1 1
0 1 361 1 1
0 3 361 1 1
0 4 361 1 1
0 5 361 1 1
0 8 361 1 1
0 6 361 1 1
0 7 361 1 1
0 10 361 1 1
0 11 361 1 1
0 1 361 1 1
0 9 364 1 1
0 6 367 1 1
0 10 363 1 1
0 1 361 1 1
0 3 362 1 1
0 4 369 1 1
0 5 368 1 1
0 2 360 1 1
0 8 365 1 1
0 2 365 1 1
0 5 368 1 1
0 10 362 1 1
0 3 366 1 1
0 4 367 1 1
0 6 369 1 1
0 7 363 1 1
0 8 360 1 1
0 1 364 1 1
0 10 364 1 1
0 7 364 1 1
0 9 364 1 1
0 8 364 1 1
0 4 364 1 1
0 3 364 1 1
0 2 364 1 1
0 1 364 1 1
0 11 364 1 1
0 2 363 1 1
0 6 365 1 1
0 9 367 1 1
0 10 366 1 1
0 4 361 1 1
0 8 368 1 1
0 5 360 1 1
0 1 364 1 1
0 7 369 1 1
0 3 369 1 1
0 6 372 1 1
0 4 370 1 1
0 7 373 1 1
0 9 375 1 1
0 8 374 1 1
0 10 366 1 1
0 2 368 1 1
0 1 367 1 1
0 3 367 1 1
0 4 367 1 1
0 5 367 1 1
0 8 367 1 1
0 6 367 1 1
0 7 367 1 1
0 10 367 1 1
0 11 367 1 1
0 1 367 1 1
0 9 370 1 1
0 6 373 1 1
0 10 369 1 1
0 1 367 1 1
0 3 368 1 1
0 4 375 1 1
0 5 374 1 1
0 2 366 1 1
0 8 371 1 1
0 2 371 1 1
0 5 374 1 1
0 10 368 1 1
0 3 372 1 1
0 4 373 1 1
0 6 375 1 1
0 7 369 1 1
0 8 366 1 1
0 1 370 1 1
0 10 370 1 1
0 7 370 1 1
0 9 370 1 1
0 8 370 1 1
0 4 370 1 1
0 3 370 1 1
0 2 370 1 1
0 1 370 1 1
0 11 370 1 1
0 2 369 1 1
0 6 371 1 1
0 9 373 1 1
0 10 372 1 1
0 4 367 1 1
0 8 374 1 1
0 5 366 1 1
0 1 370 1 1
0 7 375 1 1
0 3 375 1 1
0 6 378 1 1
0 4 376 1 1
0 7 379 1 1
0 9 381 1 1
0 8 380 1 1
0 10 372 1 1
0 2 374 1 1
0 1 373 1 1
0 3 373 1 1
0 4 373 1 1
0 5 373 1 1
0 8 373 1 1
0 6 373 1 1
0 7 373 1 1
0 10 373 1 1
0 11 373 1 1
0 1 373 1 1
0 9 376 1 1
0 6 379 1 1
0 10 375 1 1
0 1 373 1 1
0 3 374 1 1
0 4 381 1 1
0 5 380 1 1
0 2 372 1 1
0 8 377 1 1
0 2 377 1 1
0 5 380 1 1
0 10 374 1 1
0 3 378 1 1
0 4 379 1 1
0 6 381 1 1
0 7 375 1 1
0 8 372 1 1
0 1 376 1 1
0 10 376 1 1
0 7 376 1 1
0 9 376 1 1
0 8 376 1 1
0 4 376 1 1
0 3 376 1 1
0 2 376 1 1
0 1 376 1 1
0 11 376 1 1
0 2 375 1 1
0 6 377 1 1
0 9 379 1 1
0 10 378 1 1
0 4 373 1 1
0 8 380 1 1
0 5 372 1 1
0 1 376 1 1
0 7 381 1 1
0 3 381 1 1
0 6 384 1 1
0 4 382 1 1
0 7 385 1 1
0 9 387 1 1
0 8 386 1 1
0 10 378 1 1
0 2 380 1 1
0 1 379 1 1
0 3 379 1 1
0 4 379 1 1
0 5 379 1 1
0 8 379 1 1
0 6 379 1 1
0 7 379 1 1
0 10 379 1 1
0 11 379 1 1
0 1 379 1 1
0 9 382 1 1
0 6 385 1 1
0 10 381 1 1
0 1 379 1 1
0 3 380 1 1
0 4 387 1 1
0 5 386 1 1
0 2 378 1 1
0 8 383 1 1
0 2 383 1 1
0 5 386 1 1
0 10 380 1 1
0 3 384 1 1
0 4 385 1 1
0 6 387 1 1
0 7 381 1 1
0 8 378 1 1
0 1 382 1 1
0 10 382 1 1
0 7 382 1 1
0 9 382 1 1
0 8 382 1 1
0 4 382 1 1
0 3 382 1 1
0 2 382 1 1
0 1 382 1 1
0 11 382 1 1
0 2 381 1 1
0 6 383 1 1
0 9 385 1 1
0 10 384 1 1
0 4 379 1 1
0 8 386 1 1
0 5 378 1 1
0 1 382 1 1
0 7 387 1 1
0 3 387 1 1
0 6 390 1 1
0 4 388 1 1
0 7 391 1 1
0 9 393 1 1
0 8 392 1 1
0 10 384 1 1
0 2 386 1 1
0 1 385 1 1
0 3 385 1 1
0 4 385 1 1
0 5 385 1 1
0 8 385 1 1
0 6 385 1 1
0 7 385 1 1
0 10 385 1 1
0 11 385 1 1
0 1 385 1 1
0 9 388 1 1
0 6 391 1 1
0 10 387 1 1
0 1 385 1 1
0 3 386 1 1
0 4 393 1 1
0 5 392 1 1
0 2 384 1 1
0 8 389 1 1
0 2 389 1 1
0 5 392 1 1
0 10 386 1 1
0 3 390 1 1
0 4 391 1 1
0 6 393 1 1
0 7 387 1 1
0 8 384 1 1
0 1 388 1 1
0 10 388 1 1
0 7 388 1 1
0 9 388 1 1
0 8 388 1 1
0 4 388 1 1
0 3 388 1 1
0 2 388 1 1
0 1 388 1 1
0 11 388 1 1
0 2 387 1 1
0 6 389 1 1
0 9 391 1 1
0 10 390 1 1
0 4 385 1 1
0 8 392 1 1
0 5 384 1 1
0 1 388 1 1
0 7 393 1 1
0 3 393 1 1
0 6 396 1 1
0 4 394 1 1
0 7 397 1 1
0 9 399 1 1
0 8 398 1 1
0 10 390 1 1
0 2 392 1 1
0 1 391 1 1
0 3 391 1 1
0 4 391 1 1
0 5 391 1 1
0 8 391 1 1
0 6 391 1 1
0 7 391 1 1
0 10 391 1 1
0 11 391 1 1
0 1 391 1 1
0 9 394 1 1
0 6 397 1 1
0 10 393 1 1
0 1 391 1 1
0 3 392 1 1
0 4 399 1 1
0 5 398 1 1
0 2 390 1 1
0 8 395 1 1
0 2 395 1 1
0 5 398 1 1
0 10 392 1 1
0 3 396 1 1
0 4 397 1 1
0 6 399 1 1
0 7 393 1 1
0 8 390 1 1
0 1 394 1 1
0 10 394 1 1
0 7 394 1 1
0 9 394 1 1
0 8 394 1 1
0 4 394 1 1
0 3 394 1 1
0 2 394 1 1
0 1 394 1 1
0 11 394 1 1
0 2 393 1 1
0 6 395 1 1
0 9 397 1 1
0 10 396 1 1
0 4 391 1 1
0 8 398 1 1
0 5 390 1 1
0 1 394 1 1
0 7 399 1 1
0 3 399 1 1
0 6 402 1 1
0 4 400 1 1
0 7 403 1 1
0 9 405 1 1
0 8 404 1 1
0 10 396 1 1
0 2 398 1 1
0 1 397 1 1
0 3 397 1 1
0 4 397 1 1
0 5 397 1 1
0 8 397 1 1
0 6 397 1 1
0 7 397 1 1
0 10 397 1 1
0 11 397 1 1
0 1 397 1 1
0 9 400 1 1
0 6 403 1 1
0 10 399 1 1
0 1 397 1 1
0 3 398 1 1
0 4 405 1 1
0 5 404 1 1
0 2 396 1 1
0 8 401 1 1
0 2 401 1 1
0 5 404 1 1
0 10 398 1 1
0 3 402 1 1
0 4 403 1 1
0 6 405 1 1
0 7 399 1 1
0 8 396 1 1
0 1 400 1 1
0 10 400 1 1
0 7 400 1 1
0 9 400 1 1
0 8 400 1 1
0 4 400 1 1
0 3 400 1 1
0 2 400 1 1
0 1 400 1 1
0 11 400 1 1
0 2 399 1 1
0 6 401 1 1
0 9 403 1 1
0 10 402 1 1
0 4 397 1 1
0 8 404 1 1
0 5 396 1 1
0 1 400 1 1
0 7 405 1 1
0 3 405 1 1
0 6 408 1 1
0 4 406 1 1
0 7 409 1 1
0 9 411 1 1
0 8 410 1 1
0 10 402 1 1
0 2 404 1 1
0 1 403 1 1
0 3 403 1 1
0 4 403 1 1
0 5 403 1 1
0 8 403 1 1
0 6 403 1 1
0 7 403 1 1
0 10 403 1 1
0 11 403 1 1
0 1 403 1 1
0 9 406 1 1
0 6 409 1 1
0 10 405 1 1
0 1 403 1 1
0 3 404 1 1
0 4 411 1 1
0 5 410 1 1
0 2 402 1 1
0 8 407 1 1
0 2 407 1 1
0 5 410 1 1
0 10 404 1 1
0 3 408 1 1
0 4 409 1 1
0 6 411 1 1
0 7 405 1 1
0 8 402 1 1
0 1 406 1 1
0 10 406 1 1
0 7 406 1 1
0 9 406 1 1
0 8 406 1 1
0 4 406 1 1
0 3 406 1 1
0 2 406 1 1
0 1 406 1 1
0 11 406 1 1
0 2 405 1 1
0 6 407 1 1
0 9 409 1 1
0 10 408 1 1
0 4 403 1 1
0 8 410 1 1
0 5 402 1 1
0 1 406 1 1
0 7 411 1 1
0 3 411 1 1
0 6 414 1 1
0 4 412 1 1
0 7 415 1 1
0 9 417 1 1
0 8 416 1 1
0 10 408 1 1
0 2 410 1 1
0 1 409 1 1
0 3 409 1 1
0 4 409 1 1
0 5 409 1 1
0 8 409 1 1
0 6 409 1 1
0 7 409 1 1
0 10 409 1 1
0 11 409 1 1
0 1 409 1 1
0 9 412 1 1
0 6 415 1 1
0 10 411 1 1
0 1 409 1 1
0 3 410 1 1
0 4 417 1 1
0 5 416 1 1
0 2 408 1 1
0 8 413 1 1
0 2 413 1 1
0 5 416 1 1
0 10 410 1 1
0 3 414 1 1
0 4 415 1 1
0 6 417 1 1
0 7 411 1 1
0 8 408 1 1
0 1 412 1 1
0 10 412 1 1
0 7 412 1 1
0 9 412 1 1
0 8 412 1 1
0 4 412 1 1
0 3 412 1 1
0 2 412 1 1
0 1 412 1 1
0 11 412 1 1
0 2 411 1 1
0 6 413 1 1
0 9 415 1 1
0 10 414 1 1
0 4 409 1 1
0 8 416 1 1
0 5 408 1 1
0 1 412 1 1
0 7 417 1 1
0 3 417 1 1
0 6 420 1 1
0 4 418 1 1
0 7 421 1 1
0 9 423 1 1
0 8 422 1 1
0 10 414 1 1
0 2 416 1 1
0 1 415 1 1
0 3 415 1 1
0 4 415 1 1
0 5 415 1 1
0 8 415 1 1
0 6 415 1 1
0 7 415 1 1
0 10 415 1 1
0 11 415 1 1
0 1 415 1 1
0 9 418 1 1
0 6 421 1 1
0 10 417 1 1
0 1 415 1 1
0 3 416 1 1
0 4 423 1 1
0 5 422 1 1
0 2 414 1 1
0 8 419 1 1
0 2 419 1 1
0 5 422 1 1
0 10 416 1 1
0 3 420 1 1
0 4 421 1 1
0 6 423 1 1
0 7 417 1 1
0 8 414 1 1
0 1 418 1 1
0 10 418 1 1
0 7 418 1 1
0 9 418 1 1
0 8 418 1 1
0 4 418 1 1
0 3 418 1 1
0 2 418 1 1
0 1 418 1 1
0 11 418 1 1
0 2 417 1 1
0 6 419 1 1
0 9 421 1 1
0 10 420 1 1
0 4 415 1 1
0 8 422 1 1
0 5 414 1 1
0 1 418 1 1
0 7 423 1 1
0 3 423 1 1
0 6 426 1 1
0 4 424 1 1
0 7 427 1 1
0 9 429 1 1
0 8 428 1 1
0 10 420 1 1
0 2 422 1 1
0 1 421 1 1
0 3 421 1 1
0 4 421 1 1
0 5 421 1 1
0 8 421 1 1
0 6 421 1 1
0 7 421 1 1
0 10 421 1 1
0 11 421 1 1
0 1 421 1 1
0 9 424 1 1
0 6 427 1 1
0 10 423 1 1
0 1 421 1 1
0 3 422 1 1
0 4 429 1 1
0 5 428 1 1
0 2 420 1 1
0 8 425 1 1
0 2 425 1 1
0 5 428 1 1
0 10 422 1 1
0 3 426 1 1
0 4 427 1 1
0 6 429 1 1
0 7 423 1 1
0 8 420 1 1
0 1 424 1 1
0 10 424 1 1
0 7 424 1 1
0 9 424 1 1
0 8 424 1 1
0 4 424 1 1
0 3 424 1 1
0 2 424 1 1
0 1 424 1 1
0 11 424 1 1
0 2 423 1 1
0 6 425 1 1
0 9 427 1 1
0 10 426 1 1
0 4 421 1 1
0 8 428 1 1
0 5 420 1 1
0 1 424 1 1
0 7 429 1 1
0 3 429 1 1
0 6 432 1 1
0 4 430 1 1
0 7 433 1 1
0 9 435 1 1
0 8 434 1 1
0 10 426 1 1
0 2 428 1 1
0 1 427 1 1
0 3 427 1 1
0 4 427 1 1
0 5 427 1 1
0 8 427 1 1
0 6 427 1 1
0 7 427 1 1
0 10 427 1 1
0 11 427 1 1
0 1 427 1 1
0 9 430 1 1
0 6 433 1 1
0 10 429 1 1
0 1 427 1 1
0 3 428 1 1
0 4 435 1 1
0 5 434 1 1
0 2 426 1 1
0 8 431 1 1
0 2 431 1 1
0 5 434 1 1
0 10 428 1 1
0 3 432 1 1
0 4 433 1 1
0 6 435 1 1
0 7 429 1 1
0 8 426 1 1
0 1 430 1 1
0 10 430 1 1
0 7 430 1 1
0 9 430 1 1
0 8 430 1 1
0 4 430 1 1
0 3 430 1 1
0 2 430 1 1
0 1 430 1 1
0 11 430 1 1
0 2 429 1 1
0 6 431 1 1
0 9 433 1 1
0 10 432 1 1
0 4 427 1 1
0 8 434 1 1
0 5 426 1 1
0 1 430 1 1
0 7 435 1 1
0 3 435 1 1
0 6 438 1 1
0 4 436 1 1
0 7 439 1 1
0 9 441 1 1
0 8 440 1 1
0 10 432 1 1
0 2 434 1 1
0 1 433 1 1
0 3 433 1 1
0 4 433 1 1
0 5 433 1 1
0 8 433 1 1
0 6 433 1 1
0 7 433 1 1
0 10 433 1 1
0 11 433 1 1
0 1 433 1 1
0 9 436 1 1
0 6 439 1 1
0 10 435 1 1
0 1 433 1 1
0 3 434 1 1
0 4 441 1 1
0 5 440 1 1
0 2 432 1 1
0 8 437 1 1
0 2 437 1 1
0 5 440 1 1
0 10 434 1 1
0 3 438 1 1
0 4 439 1 1
0 6 441 1 1
0 7 435 1 1
0 8 432 1 1
0 1 436 1 1
0 10 436 1 1
0 7 436 1 1
0 9 436 1 1
0 8 436 1 1
0 4 436 1 1
0 3 436 1 1
0 2 436 1 1
0 1 436 1 1
0 11 436 1 1
0 2 435 1 1
0 6 437 1 1
0 9 439 1 1
0 10 438 1 1
0 4 433 1 1
0 8 440 1 1
0 5 432 1 1
0 1 436 1 1
0 7 441 1 1
0 3 441 1 1
0 6 444 1 1
0 4 442 1 1
0 7 445 1 1
0 9 447 1 1
0 8 446 1 1
0 10 438 1 1
0 2 440 1 1
0 1 439 1 1
0 3 439 1 1
0 4 439 1 1
0 5 439 1 1
0 8 439 1 1
0 6 439 1 1
0 7 439 1 1
0 10 439 1 1
0 11 439 1 1
0 1 439 1 1
0 9 442 1 1
0 6 445 1 1
0 10 441 1 1
0 1 439 1 1
0 3 440 1 1
0 4 447 1 1
0 5 446 1 1
0 2 438 1 1
0 8 443 1 1
0 2 443 1 1
0 5 446 1 1
0 10 440 1 1
0 3 444 1 1
0 4 445 1 1
0 6 447 1 1
0 7 441 1 1
0 8 438 1 1
0 1 442 1 1
0 10 442 1 1
0 7 442 1 1
0 9 442 1 1
0 8 442 1 1
0 4 442 1 1
0 3 442 1 1
0 2 442 1 1
0 1 442 1 1
0 11 442 1 1
0 2 441 1 1
0 6 443 1 1
0 9 445 1 1
0 10 444 1 1
0 4 439 1 1
0 8 446 1 1
0 5 438 1 1
0 1 442 1 1
0 7 447 1 1
0 3 447 1 1
0 6 450 1 1
0 4 448 1 1
0 7 451 1 1
0 9 453 1 1
0 8 452 1 1
0 10 444 1 1
0 2 446 1 1
0 1 445 1 1
0 3 445 1 1
0 4 445 1 1
0 5 445 1 1
0 8 445 1 1
0 6 445 1 1
0 7 445 1 1
0 10 445 1 1
0 11 445 1 1
0 1 445 1 1
0 9 448 1 1
0 6 451 1 1
0 10 447 1 1
0 1 445 1 1
0 3 446 1 1
0 4 453 1 1
0 5 452 1 1
0 2 444 1 1
0 8 449 1 1
0 2 449 1 1
0 5 452 1 1
0 10 446 1 1
0 3 450 1 1
0 4 451 1 1
0 6 453 1 1
0 7 447 1 1
0 8 444 1 1
0 1 448 1 1
0 10 448 1 1
0 7 448 1 1
0 9 448 1 1
0 8 448 1 1
0 4 448 1 1
0 3 448 1 1
0 2 448 1 1
0 1 448 1 1
0 11 448 1 1
0 2 447 1 1
0 6 449 1 1
0 9 451 1 1
0 10 450 1 1
0 4 445 1 1
0 8 452 1 1
0 5 444 1 1
0 1 448 1 1
0 7 453 1 1
0 3 453 1 1
0 6 456 1 1
0 4 454 1 1
0 7 457 1 1
0 9 459 1 1
0 8 458 1 1
0 10 450 1 1
0 2 452 1 1
0 1 451 1 1
0 3 451 1 1
0 4 451 1 1
0 5 451 1 1
0 8 451 1 1
0 6 451 1 1
0 7 451 1 1
0 10 451 1 1
0 11 451 1 1
0 1 451 1 1
0 9 454 1 1
0 6 457 1 1
0 10 453 1 1
0 1 451 1 1
0 3 452 1 1
0 4 459 1 1
0 5 458 1 1
0 2 450 1 1
0 8 455 1 1
0 2 455 1 1
0 5 458 1 1
0 10 452 1 1
0 3 456 1 1
0 4 457 1 1
0 6 459 1 1
0 7 453 1 1
0 8 450 1 1
0 1 454 1 1
0 10 454 1 1
0 7 454 1 1
0 9 454 1 1
0 8 454 1 1
0 4 454 1 1
0 3 454 1 1
0 2 454 1 1
0 1 454 1 1
0 11 454 1 1
0 2 453 1 1
0 6 455 1 1
0 9 457 1 1
0 10 456 1 1
0 4 451 1 1
0 8 458 1 1
0 5 450 1 1
0 1 454 1 1
0 7 459 1 1
0 3 459 1 1
0 6 462 1 1
0 4 460 1 1
0 7 463 1 1
0 9 465 1 1
0 8 464 1 1
0 10 456 1 1
0 2 458 1 1
0 1 457 1 1
0 3 457 1 1
0 4 457 1 1
0 5 457 1 1
0 8 457 1 1
0 6 457 1 1
0 7 457 1 1
0 10 457 1 1
0 11 457 1 1
0 1 457 1 1
0 9 460 1 1
0 6 463 1 1
0 10 459 1 1
0 1 457 1 1
0 3 458 1 1
0 4 465 1 1
0 5 464 1 1
0 2 456 1 1
0 8 461 1 1
0 2 461 1 1
0 5 464 1 1
0 10 458 1 1
0 3 462 1 1
0 4 463 1 1
0 6 465 1 1
0 7 459 1 1
0 8 456 1 1
0 1 460 1 1
0 10 460 1 1
0 7 460 1 1
0 9 460 1 1
0 8 460 1 1
0 4 460 1 1
0 3 460 1 1
0 2 460 1 1
0 1 460 1 1
0 11 460 1 1
0 2 459 1 1
0 6 461 1 1
0 9 463 1 1
0 10 462 1 1
0 4 457 1 1
0 8 464 1 1
0 5 456 1 1
0 1 460 1 1
0 7 465 1 1
0 3 465 1 1
0 6 468 1 1
0 4 466 1 1
0 7 469 1 1
0 9 471 1 1
0 8 470 1 1
0 10 462 1 1
0 2 464 1 1
0 1 463 1 1
0 3 463 1 1
0 4 463 1 1
0 5 463 1 1
0 8 463 1 1
0 6 463 1 1
0 7 463 1 1
0 10 463 1 1
0 11 463 1 1
0 1 463 1 1
0 9 466 1 1
0 6 469 1 1
0 10 465 1 1
0 1 463 1 1
0 3 464 1 1
0 4 471 1 1
0 5 470 1 1
0 2 462 1 1
0 8 467 1 1
0 2 467 1 1
0 5 470 1 1
0 10 464 1 1
0 3 468 1 1
0 4 469 1 1
0 6 471 1 1
0 7 465 1 1
0 8 462 1 1
0 1 466 1 1
0 10 466 1 1
0 7 466 1 1
0 9 466 1 1
0 8 466 1 1
0 4 466 1 1
0 3 466 1 1
0 2 466 1 1
0 1 466 1 1
0 11 466 1 1
0 2 465 1 1
0 6 467 1 1
0 9 469 1 1
0 10 468 1 1
0 4 463 1 1
0 8 470 1 1
0 5 462 1 1
0 1 466 1 1
0 7 471 1 1
0 3 471 1 1
0 6 474 1 1
0 4 472 1 1
0 7 475 1 1
0 9 477 1 1
0 8 476 1 1
0 10 468 1 1
0 2 470 1 1
0 1 469 1 1
0 3 469 1 1
0 4 469 1 1
0 5 469 1 1
0 8 469 1 1
0 6 469 1 1
0 7 469 1 1
0 10 469 1 1
0 11 469 1 1
0 1 469 1 1
0 9 472 1 1
0 6 475 1 1
0 10 471 1 1
0 1 469 1 1
0 3 470 1 1
0 4 477 1 1
0 5 476 1 1
0 2 468 1 1
0 8 473 1 1
0 2 473 1 1
0 5 476 1 1
0 10 470 1 1
0 3 474 1 1
0 4 475 1 1
0 6 477 1 1
0 7 471 1 1
0 8 468 1 1
0 1 472 1 1
0 10 472 1 1
0 7 472 1 1
0 9 472 1 1
0 8 472 1 1
0 4 472 1 1
0 3 472 1 1
0 2 472 1 1
0 1 472 1 1
0 11 472 1 1
0 2 471 1 1
0 6 473 1 1
0 9 475 1 1
0 10 474 1 1
0 4 469 1 1
0 8 476 1 1
0 5 468 1 1
0 1 472 1 1
0 7 477 1 1
0 3 477 1 1
0 6 480 1 1
0 4 478 1 1
0 7 481 1 1
0 9 483 1 1
0 8 482 1 1
0 10 474 1 1
0 2 476 1 1
0 1 475 1 1
0 3 475 1 1
0 4 475 1 1
0 5 475 1 1
0 8 475 1 1
0 6 475 1 1
0 7 475 1 1
0 10 475 1 1
0 11 475 1 1
0 1 475 1 1
0 9 478 1 1
0 6 481 1 1
0 10 477 1 1
0 1 475 1 1
0 3 476 1 1
0 4 483 1 1
0 5 482 1 1
0 2 474 1 1
0 8 479 1 1
0 2 479 1 1
0 5 482 1 1
0 10 476 1 1
0 3 480 1 1
0 4 481 1 1
0 6 483 1 1
0 7 477 1 1
0 8 474 1 1
0 1 478 1 1
0 10 478 1 1
0 7 478 1 1
0 9 478 1 1
0 8 478 1 1
0 4 478 1 1
0 3 478 1 1
0 2 478 1 1
0 1 478 1 1
0 11 478 1 1
0 2 477 1 1
0 6 479 1 1
0 9 481 1 1
0 10 480 1 1
0 4 475 1 1
0 8 482 1 1
0 5 474 1 1
0 1 478 1 1
0 7 483 1 1
0 3 483 1 1
0 6 486 1 1
0 4 484 1 1
0 7 487 1 1
0 9 489 1 1
0 8 488 1 1
0 10 480 1 1
0 2 482 1 1
0 1 481 1 1
0 3 481 1 1
0 4 481 1 1
0 5 481 1 1
0 8 481 1 1
0 6 481 1 1
0 7 481 1 1
0 10 481 1 1
0 11 481 1 1
0 1 481 1 1
0 9 484 1 1
0 6 487 1 1
0 10 483 1 1
0 1 481 1 1
0 3 482 1 1
0 4 489 1 1
0 5 488 1 1
0 2 480 1 1
0 8 485 1 1
0 2 485 1 1
0 5 488 1 1
0 10 482 1 1
0 3 486 1 1
0 4 487 1 1
0 6 489 1 1
0 7 483 1 1
0 8 480 1 1
0 1 484 1 1
0 10 484 1 1
0 7 484 1 1
0 9 484 1 1
0 8 484 1 1
0 4 484 1 1
0 3 484 1 1
0 2 484 1 1
0 1 484 1 1
0 11 484 1 1
0 2 483 1 1
0 6 485 1 1
0 9 487 1 1
0 10 486 1 1
0 4 481 1 1
0 8 488 1 1
0 5 480 1 1
0 1 484 1 1
0 7 489 1 1
0 3 489 1 1
0 6 492 1 1
0 4 490 1 1
0 7 493 1 1
0 9 495 1 1
0 8 494 1 1
0 10 486 1 1
0 2 488 1 1
0 1 487 1 1
0 3 487 1 1
0 4 487 1 1
0 5 487 1 1
0 8 487 1 1
0 6 487 1 1
0 7 487 1 1
0 10 487 1 1
0 11 487 1 1
0 1 487 1 1
0 9 490 1 1
0 6 493 1 1
0 10 489 1 1
0 1 487 1 1
0 3 488 1 1
0 4 495 1 1
0 5 494 1 1
0 2 486 1 1
0 8 491 1 1
0 2 491 1 1
0 5 494 1 1
0 10 488 1 1
0 3 492 1 1
0 4 493 1 1
0 6 495 1 1
0 7 489 1 1
0 8 486 1 1
0 1 490 1 1
0 10 490 1 1
0 7 490 1 1
0 9 490 1 1
0 8 490 1 1
0 4 490 1 1
0 3 490 1 1
0 2 490 1 1
0 1 490 1 1
0 11 490 1 1
0 2 489 1 1
0 6 491 1 1
0 9 493 1 1
0 10 492 1 1
0 4 487 1 1
0 8 494 1 1
0 5 486 1 1
0 1 490 1 1
0 7 495 1 1
0 3 495 1 1
0 6 498 1 1
0 4 496 1 1
0 7 499 1 1
0 9 501 1 1
0 8 500 1 1
0 10 492 1 1
0 2 494 1 1
0 1 493 1 1
0 3 493 1 1
0 4 493 1 1
0 5 493 1 1
0 8 493 1 1
0 6 493 1 1
0 7 493 1 1
0 10 493 1 1
0 11 493 1 1
0 1 493 1 1
0 9 496 1 1
0 6 499 1 1
0 10 495 1 1
0 1 493 1 1
0 3 494 1 1
0 4 501 1 1
0 5 500 1 1
0 2 492 1 1
0 8 497 1 1
0 2 497 1 1
0 5 500 1 1
0 10 494 1 1
0 3 498 1 1
0 4 499 1 1
0 6 501 1 1
0 7 495 1 1
0 8 492 1 1
0 1 496 1 1
0 10 496 1 1
0 7 496 1 1
0 9 496 1 1
0 8 496 1 1
0 4 496 1 1
0 3 496 1 1
0 2 496 1 1
0 1 496 1 1
0 11 496 1 1
0 2 495 1 1
0 6 497 1 1
0 9 499 1 1
0 10 498 1 1
0 4 493 1 1
0 8 500 1 1
0 5 492 1 1
0 1 496 1 1
0 7 501 1 1
0 3 501 1 1
0 6 504 1 1
0 4 502 1 1
0 7 505 1 1
0 9 507 1 1
0 8 506 1 1
0 10 498 1 1
0 2 500 1 1
0 1 499 1 1
0 3 499 1 1
0 4 499 1 1
0 5 499 1 1
0 8 499 1 1
0 6 499 1 1
0 7 499 1 1
0 10 499 1 1
0 11 499 1 1
0 1 499 1 1
0 9 502 1 1
0 6 505 1 1
0 10 501 1 1
0 1 499 1 1
0 3 500 1 1
0 4 507 1 1
0 5 506 1 1
0 2 498 1 1
0 8 503 1 1
0 2 503 1 1
0 5 506 1 1
0 10 500 1 1
0 3 504 1 1
0 4 505 1 1
0 6 507 1 1
0 7 501 1 1
0 8 498 1 1
0 1 502 1 1
0 10 502 1 1
0 7 502 1 1
0 9 502 1 1
0 8 502 1 1
0 4 502 1 1
0 3 502 1 1
0 2 502 1 1
0 1 502 1 1
0 11 502 1 1
0 2 501 1 1
0 6 503 1 1
0 9 505 1 1
0 10 504 1 1
0 4 499 1 1
0 8 506 1 1
0 5 498 1 1
0 1 502 1 1
0 7 507 1 1
0 3 507 1 1
0 6 510 1 1
0 4 508 1 1
0 7 511 1 1
0 9 513 1 1
0 8 512 1 1
0 10 504 1 1
0 2 506 1 1
0 1 505 1 1
0 3 505 1 1
0 4 505 1 1
0 5 505 1 1
0 8 505 1 1
0 6 505 1 1
0 7 505 1 1
0 10 505 1 1
0 11 505 1 1
0 1 505 1 1
0 9 508 1 1
0 6 511 1 1
0 10 507 1 1
0 1 505 1 1
0 3 506 1 1
0 4 513 1 1
0 5 512 1 1
0 2 504 1 1
0 8 509 1 1
0 2 509 1 1
0 5 512 1 1
0 10 506 1 1
0 3 510 1 1
0 4 511 1 1
0 6 513 1 1
0 7 507 1 1
0 8 504 1 1
0 1 508 1 1
0 10 508 1 1
0 7 508 1 1
0 9 508 1 1
0 8 508 1 1
0 4 508 1 1
0 3 508 1 1
0 2 508 1 1
0 1 508 1 1
0 11 508 1 1
0 2 507 1 1
0 6 509 1 1
0 9 511 1 1
0 10 510 1 1
0 4 505 1 1
0 8 512 1 1
0 5 504 1 1
0 1 508 1 1
0 7 513 1 1
0 3 513 1 1
0 6 516 1 1
0 4 514 1 1
0 7 517 1 1
0 9 519 1 1
0 8 518 1 1
0 10 510 1 1
0 2 512 1 1
0 1 511 1 1
0 3 511 1 1
0 4 511 1 1
0 5 511 1 1
0 8 511 1 1
0 6 511 1 1
0 7 511 1 1
0 10 511 1 1
0 11 511 1 1
0 1 511 1 1
0 9 514 1 1
0 6 517 1 1
0 10 513 1 1
0 1 511 1 1
0 3 512 1 1
0 4 519 1 1
0 5 518 1 1
0 2 510 1 1
0 8 515 1 1
0 2 515 1 1
0 5 518 1 1
0 10 512 1 1
0 3 516 1 1
0 4 517 1 1
0 6 519 1 1
0 7 513 1 1
0 8 510 1 1
0 1 514 1 1
0 10 514 1 1
0 7 514 1 1
0 9 514 1 1
0 8 514 1 1
0 4 514 1 1
0 3 514 1 1
0 2 514 1 1
0 1 514 1 1
0 11 514 1 1
0 2 513 1 1
0 6 515 1 1
0 9 517 1 1
0 10 516 1 1
0 4 511 1 1
0 8 518 1 1
0 5 510 1 1
0 1 514 1 1
0 7 519 1 1
0 3 519 1 1
0 6 522 1 1
0 4 520 1 1
0 7 523 1 1
0 9 525 1 1
0 8 524 1 1
0 10 516 1 1
0 2 518 1 1
0 1 517 1 1
0 3 517 1 1
0 4 517 1 1
0 5 517 1 1
0 8 517 1 1
0 6 517 1 1
0 7 517 1 1
0 10 517 1 1
0 11 517 1 1
0 1 517 1 1
0 9 520 1 1
0 6 523 1 1
0 10 519 1 1
0 1 517 1 1
0 3 518 1 1
0 4 525 1 1
0 5 524 1 1
0 2 516 1 1
0 8 521 1 1
0 2 521 1 1
0 5 524 1 1
0 10 518 1 1
0 3 522 1 1
0 4 523 1 1
0 6 525 1 1
0 7 519 1 1
0 8 516 1 1
0 1 520 1 1
0 10 520 1 1
0 7 520 1 1
0 9 520 1 1
0 8 520 1 1
0 4 520 1 1
0 3 520 1 1
0 2 520 1 1
0 1 520 1 1
0 11 520 1 1
0 2 519 1 1
0 6 521 1 1
0 9 523 1 1
0 10 522 1 1
0 4 517 1 1
0 8 524 1 1
0 5 516 1 1
0 1 520 1 1
0 7 525 1 1
0 3 525 1 1
0 6 528 1 1
0 4 526 1 1
0 7 529 1 1
0 9 531 1 1
0 8 530 1 1
0 10 522 1 1
0 2 524 1 1
0 1 523 1 1
0 3 523 1 1
0 4 523 1 1
0 5 523 1 1
0 8 523 1 1
0 6 523 1 1
0 7 523 1 1
0 10 523 1 1
0 11 523 1 1
0 1 523 1 1
0 9 526 1 1
0 6 529 1 1
0 10 525 1 1
0 1 523 1 1
0 3 524 1 1
0 4 531 1 1
0 5 530 1 1
0 2 522 1 1
0 8 527 1 1
0 2 527 1 1
0 5 530 1 1
0 10 524 1 1
0 3 528 1 1
0 4 529 1 1
0 6 531 1 1
0 7 525 1 1
0 8 522 1 1
0 1 526 1 1
0 10 526 1 1
0 7 526 1 1
0 9 526 1 1
0 8 526 1 1
0 4 526 1 1
0 3 526 1 1
0 2 526 1 1
0 1 526 1 1
0 11 526 1 1
0 2 525 1 1
0 6 527 1 1
0 9 529 1 1
0 10 528 1 1
0 4 523 1 1
0 8 530 1 1
0 5 522 1 1
0 1 526 1 1
0 7 531 1 1
0 3 531 1 1
0 6 534 1 1
0 4 532 1 1
0 7 535 1 1
0 9 537 1 1
0 8 536 1 1
0 10 528 1 1
0 2 530 1 1
0 1 529 1 1
0 3 529 1 1
0 4 529 1 1
0 5 529 1 1
0 8 529 1 1
0 6 529 1 1
0 7 529 1 1
0 10 529 1 1
0 11 529 1 1
0 1 529 1 1
0 9 532 1 1
0 6 535 1 1
0 10 531 1 1
0 1 529 1 1
0 3 530 1 1
0 4 537 1 1
0 5 536 1 1
0 2 528 1 1
0 8 533 1 1
0 2 533 1 1
0 5 536 1 1
0 10 530 1 1
0 3 534 1 1
0 4 535 1 1
0 6 537 1 1
0 7 531 1 1
0 8 528 1 1
0 1 532 1 1
0 10 532 1 1
0 7 532 1 1
0 9 532 1 1
0 8 532 1 1
0 4 532 1 1
0 3 532 1 1
0 2 532 1 1
0 1 532 1 1
0 11 532 1 1
0 2 531 1 1
0 6 533 1 1
0 9 535 1 1
0 10 534 1 1
0 4 529 1 1
0 8 536 1 1
0 5 528 1 1
0 1 532 1 1
0 7 537 1 1
0 3 537 1 1
0 6 540 1 1
0 4 538 1 1
0 7 541 1 1
0 9 543 1 1
0 8 542 1 1
0 10 534 1 1
0 2 536 1 1
0 1 535 1 1
0 3 535 1 1
0 4 535 1 1
0 5 535 1 1
0 8 535 1 1
0 6 535 1 1
0 7 535 1 1
0 10 535 1 1
0 11 535 1 1
0 1 535 1 1
0 9 538 1 1
0 6 541 1 1
0 10 537 1 1
0 1 535 1 1
0 3 536 1 1
0 4 543 1 1
0 5 542 1 1
0 2 534 1 1
0 8 539 1 1
0 2 539 1 1
0 5 542 1 1
0 10 536 1 1
0 3 540 1 1
0 4 541 1 1
0 6 543 1 1
0 7 537 1 1
0 8 534 1 1
0 1 538 1 1
0 10 538 1 1
0 7 538 1 1
0 9 538 1 1
0 8 538 1 1
0 4 538 1 1
0 3 538 1 1
0 2 538 1 1
0 1 538 1 1
0 11 538 1 1
0 2 537 1 1
0 6 539 1 1
0 9 541 1 1
0 10 540 1 1
0 4 535 1 1
0 8 542 1 1
0 5 534 1 1
0 1 538 1 1
0 7 543 1 1
0 3 543 1 1
0 6 546 1 1
0 4 544 1 1
0 7 547 1 1
0 9 549 1 1
0 8 548 1 1
0 10 540 1 1
0 2 542 1 1
0 1 541 1 1
0 3 541 1 1
0 4 541 1 1
0 5 541 1 1
0 8 541 1 1
0 6 541 1 1
0 7 541 1 1
0 10 541 1 1
0 11 541 1 1
0 1 541 1 1
0 9 544 1 1
0 6 547 1 1
0 10 543 1 1
0 1 541 1 1
0 3 542 1 1
0 4 549 1 1
0 5 548 1 1
0 2 540 1 1
0 8 545 1 1
0 2 545 1 1
0 5 548 1 1
0 10 542 1 1
0 3 546 1 1
0 4 547 1 1
0 6 549 1 1
0 7 543 1 1
0 8 540 1 1
0 1 544 1 1
0 10 544 1 1
0 7 544 1 1
0 9 544 1 1
0 8 544 1 1
0 4 544 1 1
0 3 544 1 1
0 2 544 1 1
0 1 544 1 1
0 11 544 1 1
0 2 543 1 1
0 6 545 1 1
0 9 547 1 1
0 10 546 1 1
0 4 541 1 1
0 8 548 1 1
0 5 540 1 1
0 1 544 1 1
0 7 549 1 1
0 3 549 1 1
0 6 552 1 1
0 4 550 1 1
0 7 553 1 1
0 9 555 1 1
0 8 554 1 1
0 10 546 1 1
0 2 548 1 1
0 1 547 1 1
0 3 547 1 1
0 4 547 1 1
0 5 547 1 1
0 8 547 1 1
0 6 547 1 1
0 7 547 1 1
0 10 547 1 1
0 11 547 1 1
0 1 547 1 1
0 9 550 1 1
0 6 553 1 1
0 10 549 1 1
0 1 547 1 1
0 3 548 1 1
0 4 555 1 1
0 5 554 1 1
0 2 546 1 1
0 8 551 1 1
0 2 551 1 1
0 5 554 1 1
0 10 548 1 1
0 3 552 1 1
0 4 553 1 1
0 6 555 1 1
0 7 549 1 1
0 8 546 1 1
0 1 550 1 1
0 10 550 1 1
0 7 550 1 1
0 9 550 1 1
0 8 550 1 1
0 4 550 1 1
0 3 550 1 1
0 2 550 1 1
0 1 550 1 1
0 11 550 1 1
0 2 549 1 1
0 6 551 1 1
0 9 553 1 1
0 10 552 1 1
0 4 547 1 1
0 8 554 1 1
0 5 546 1 1
0 1 550 1 1
0 7 555 1 1
0 3 555 1 1
0 6 558 1 1
0 4 556 1 1
0 7 559 1 1
0 9 561 1 1
0 8 560 1 1
0 10 552 1 1
0 2 554 1 1
0 1 553 1 1
0 3 553 1 1
0 4 553 1 1
0 5 553 1 1
0 8 553 1 1
0 6 553 1 1
0 7 553 1 1
0 10 553 1 1
0 11 553 1 1
0 1 553 1 1
0 9 556 1 1
0 6 559 1 1
0 10 555 1 1
0 1 553 1 1
0 3 554 1 1
0 4 561 1 1
0 5 560 1 1
0 2 552 1 1
0 8 557 1 1
0 2 557 1 1
0 5 560 1 1
0 10 554 1 1
0 3 558 1 1
0 4 559 1 1
0 6 561 1 1
0 7 555 1 1
0 8 552 1 1
0 1 556 1 1
0 10 556 1 1
0 7 556 1 1
0 9 556 1 1
0 8 556 1 1
0 4 556 1 1
0 3 556 1 1
0 2 556 1 1
0 1 556 1 1
0 11 556 1 1
0 2 555 1 1
0 6 557 1 1
0 9 559 1 1
0 10 558 1 1
0 4 553 1 1
0 8 560 1 1
0 5 552 1 1
0 1 556 1 1
0 7 561 1 1
0 3 561 1 1
0 6 564 1 1
0 4 562 1 1
0 7 565 1 1
0 9 567 1 1
0 8 566 1 1
0 10 558 1 1
0 2 560 1 1
0 1 559 1 1
0 3 559 1 1
0 4 559 1 1
0 5 559 1 1
0 8 559 1 1
0 6 559 1 1
0 7 559 1 1
0 10 559 1 1
0 11 559 1 1
0 1 559 1 1
0 9 562 1 1
0 6 565 1 1
0 10 561 1 1
0 1 559 1 1
0 3 560 1 1
0 4 567 1 1
0 5 566 1 1
0 2 558 1 1
0 8 563 1 1
0 2 563 1 1
0 5 566 1 1
0 10 560 1 1
0 3 564 1 1
0 4 565 1 1
0 6 567 1 1
0 7 561 1 1
0 8 558 1 1
0 1 562 1 1
0 10 562 1 1
0 7 562 1 1
0 9 562 1 1
0 8 562 1 1
0 4 562 1 1
0 3 562 1 1
0 2 562 1 1
0 1 562 1 1
0 11 562 1 1
0 2 561 1 1
0 6 563 1 1
0 9 565 1 1
0 10 564 1 1
0 4 559 1 1
0 8 566 1 1
0 5 558 1 1
0 1 562 1 1
0 7 567 1 1
0 3 567 1 1
0 6 570 1 1
0 4 568 1 1
0 7 571 1 1
0 9 573 1 1
0 8 572 1 1
0 10 564 1 1
0 2 566 1 1
0 1 565 1 1
0 3 565 1 1
0 4 565 1 1
0 5 565 1 1
0 8 565 1 1
0 6 565 1 1
0 7 565 1 1
0 10 565 1 1
0 11 565 1 1
0 1 565 1 1
0 9 568 1 1
0 6 571 1 1
0 10 567 1 1
0 1 565 1 1
0 3 566 1 1
0 4 573 1 1
0 5 572 1 1
0 2 564 1 1
0 8 569 1 1
0 2 569 1 1
0 5 572 1 1
0 10 566 1 1
0 3 570 1 1
0 4 571 1 1
0 6 573 1 1
0 7 567 1 1
0 8 564 1 1
0 1 568 1 1
0 10 568 1 1
0 7 568 1 1
0 9 568 1 1
0 8 568 1 1
0 4 568 1 1
0 3 568 1 1
0 2 568 1 1
0 1 568 1 1
0 11 568 1 1
0 2 567 1 1
0 6 569 1 1
0 9 571 1 1
0 10 570 1 1
0 4 565 1 1
0 8 572 1 1
0 5 564 1 1
0 1 568 1 1
0 7 573 1 1
0 3 573 1 1
0 6 576 1 1
0 4 574 1 1
0 7 577 1 1
0 9 579 1 1
0 8 578 1 1
0 10 570 1 1
0 2 572 1 1
0 1 571 1 1
0 3 571 1 1
0 4 571 1 1
0 5 571 1 1
0 8 571 1 1
0 6 571 1 1
0 7 571 1 1
0 10 571 1 1
0 11 571 1 1
0 1 571 1 1
0 9 574 1 1
0 6 577 1 1
0 10 573 1 1
0 1 571 1 1
0 3 572 1 1
0 4 579 1 1
0 5 578 1 1
0 2 570 1 1
0 8 575 1 1
0 2 575 1 1
0 5 578 1 1
0 10 572 1 1
0 3 576 1 1
0 4 577 1 1
0 6 579 1 1
0 7 573 1 1
0 8 570 1 1
0 1 574 1 1
0 10 574 1 1
0 7 574 1 1
0 9 574 1 1
0 8 574 1 1
0 4 574 1 1
0 3 574 1 1
0 2 574 1 1
0 1 574 1 1
0 11 574 1 1
0 2 573 1 1
0 6 575 1 1
0 9 577 1 1
0 10 576 1 1
0 4 571 1 1
0 8 578 1 1
0 5 570 1 1
0 1 574 1 1
0 7 579 1 1
0 3 579 1 1
0 6 582 1 1
0 4 580 1 1
0 7 583 1 1
0 9 585 1 1
0 8 584 1 1
0 10 576 1 1
0 2 578 1 1
0 1 577 1 1
0 3 577 1 1
0 4 577 1 1
0 5 577 1 1
0 8 577 1 1
0 6 577 1 1
0 7 577 1 1
0 10 577 1 1
0 11 577 1 1
0 1 577 1 1
0 9 580 1 1
0 6 583 1 1
0 10 579 1 1
0 1 577 1 1
0 3 578 1 1
0 4 585 1 1
0 5 584 1 1
0 2 576 1 1
0 8 581 1 1
0 2 581 1 1
0 5 584 1 1
0 10 578 1 1
0 3 582 1 1
0 4 583 1 1
0 6 585 1 1
0 7 579 1 1
0 8 576 1 1
0 1 580 1 1
0 10 580 1 1
0 7 580 1 1
0 9 580 1 1
0 8 580 1 1
0 4 580 1 1
0 3 580 1 1
0 2 580 1 1
0 1 580 1 1
0 11 580 1 1
0 2 579 1 1
0 6 581 1 1
0 9 583 1 1
0 10 582 1 1
0 4 577 1 1
0 8 584 1 1
0 5 576 1 1
0 1 580 1 1
0 7 585 1 1
0 3 585 1 1
0 6 588 1 1
0 4 586 1 1
0 7 589 1 1
0 9 591 1 1
0 8 590 1 1
0 10 582 1 1
0 2 584 1 1
0 1 583 1 1
0 3 583 1 1
0 4 583 1 1
0 5 583 1 1
0 8 583 1 1
0 6 583 1 1
0 7 583 1 1
0 10 583 1 1
0 11 583 1 1
0 1 583 1 1
0 9 586 1 1
0 6 589 1 1
0 10 585 1 1
0 1 583 1 1
0 3 584 1 1
0 4 591 1 1
0 5 590 1 1
0 2 582 1 1
0 8 587 1 1
0 2 587 1 1
0 5 590 1 1
0 10 584 1 1
0 3 588 1 1
0 4 589 1 1
0 6 591 1 1
0 7 585 1 1
0 8 582 1 1
0 1 586 1 1
0 10 586 1 1
0 7 586 1 1
0 9 586 1 1
0 8 586 1 1
0 4 586 1 1
0 3 586 1 1
0 2 586 1 1
0 1 586 1 1
0 11 586 1 1
0 2 585 1 1
0 6 587 1 1
0 9 589 1 1
0 10 588 1 1
0 4 583 1 1
0 8 590 1 1
0 5 582 1 1
0 1 586 1 1
0 7 591 1 1
0 3 591 1 1
0 6 594 1 1
0 4 592 1 1
0 7 595 1 1
0 9 597 1 1
0 8 596 1 1
0 10 588 1 1
0 2 590 1 1
0 1 589 1 1
0 3 589 1 1
0 4 589 1 1
0 5 589 1 1
0 8 589 1 1
0 6 589 1 1
0 7 589 1 1
0 10 589 1 1
0 11 589 1 1
0 1 589 1 1
0 9 592 1 1
0 6 595 1 1
0 10 591 1 1
0 1 589 1 1
0 3 590 1 1
0 4 597 1 1
0 5 596 1 1
0 2 588 1 1
0 8 593 1 1
0 2 593 1 1
0 5 596 1 1
0 10 590 1 1
0 3 594 1 1
0 4 595 1 1
0 6 597 1 1
0 7 591 1 1
0 8 588 1 1
0 1 592 1 1
0 10 592 1 1
0 7 592 1 1
0 9 592 1 1
0 8 592 1 1
0 4 592 1 1
0 3 592 1 1
0 2 592 1 1
0 1 592 1 1
0 11 592 1 1
0 2 591 1 1
0 6 593 1 1
0 9 595 1 1
0 10 594 1 1
0 4 589 1 1
0 8 596 1 1
0 5 588 1 1
0 1 592 1 1
0 7 597 1 1
0 3 597 1 1
0 6 600 1 1
0 4 598 1 1
0 7 601 1 1
0 9 603 1 1
0 8 602 1 1
0 10 594 1 1
0 2 596 1 1
0 1 595 1 1
0 3 595 1 1
0 4 595 1 1
0 5 595 1 1
0 8 595 1 1
0 6 595 1 1
0 7 595 1 1
0 10 595 1 1
0 11 595 1 1
0 1 595 1 1
0 9 598 1 1
0 6 601 1 1
0 10 597 1 1
0 1 595 1 1
0 3 596 1 1
0 4 603 1 1
0 5 602 1 1
0 2 594 1 1
0 8 599 1 1
0 2 599 1 1
0 5 602 1 1
0 10 596 1 1
0 3 600 1 1
0 4 601 1 1
0 6 603 1 1
0 7 597 1 1
0 8 594 1 1
0 1 598 1 1
0 10 598 1 1
0 7 598 1 1
0 9 598 1 1
0 8 598 1 1
0 4 598 1 1
0 3 598 1 1
0 2 598 1 1
0 1 598 1 1
0 11 598 1 1
0 2 597 1 1
0 6 599 1 1
0 9 601 1 1
0 10 600 1 1
0 4 595 1 1
0 8 602 1 1
0 5 594 1 1
0 1 598 1 1
0 7 603 1 1
