0 7 0 1 1
0 6 0 1 1
0 11 0 1 1
0 5 0 1 1
0 4 0 1 1
0 9 0 1 1
0 3 0 1 1
0 8 0 1 1
0 2 0 1 1
0 3 1 1 1
0 4 1 1 1
0 5 1 1 1
0 8 1 1 1
0 6 1 1 1
0 7 1 1 1
0 10 1 1 1
0 11 1 1 1
0 1 1 1 1
0 7 2 1 1
0 6 2 1 1
0 9 2 1 1
0 11 2 1 1
0 1 2 1 1
0 10 2 1 1
0 2 2 1 1
0 5 2 1 1
0 4 2 1 1
0 7 3 1 1
0 6 3 1 1
0 11 3 1 1
0 5 3 1 1
0 4 3 1 1
0 9 3 1 1
0 3 3 1 1
0 8 3 1 1
0 2 3 1 1
0 3 4 1 1
0 4 4 1 1
0 5 4 1 1
0 8 4 1 1
0 6 4 1 1
0 7 4 1 1
0 10 4 1 1
0 11 4 1 1
0 1 4 1 1
0 7 5 1 1
0 6 5 1 1
0 9 5 1 1
0 11 5 1 1
0 1 5 1 1
0 10 5 1 1
0 2 5 1 1
0 5 5 1 1
0 4 5 1 1
0 7 6 1 1
0 6 6 1 1
0 11 6 1 1
0 5 6 1 1
0 4 6 1 1
0 9 6 1 1
0 3 6 1 1
0 8 6 1 1
0 2 6 1 1
0 3 7 1 1
0 4 7 1 1
0 5 7 1 1
0 8 7 1 1
0 6 7 1 1
0 7 7 1 1
0 10 7 1 1
0 11 7 1 1
0 1 7 1 1
0 7 8 1 1
0 6 8 1 1
0 9 8 1 1
0 11 8 1 1
0 1 8 1 1
0 10 8 1 1
0 2 8 1 1
0 5 8 1 1
0 4 8 1 1
0 7 9 1 1
0 6 9 1 1
0 11 9 1 1
0 5 9 1 1
0 4 9 1 1
0 9 9 1 1
0 3 9 1 1
0 8 9 1 1
0 2 9 1 1
0 3 10 1 1
0 4 10 1 1
0 5 10 1 1
0 8 10 1 1
0 6 10 1 1
0 7 10 1 1
0 10 10 1 1
0 11 10 1 1
0 1 10 1 1
0 7 11 1 1
0 6 11 1 1
0 9 11 1 1
0 11 11 1 1
0 1 11 1 1
0 10 11 1 1
0 2 11 1 1
0 5 11 1 1
0 4 11 1 1
0 7 12 1 1
0 6 12 1 1
0 11 12 1 1
0 5 12 1 1
0 4 12 1 1
0 9 12 1 1
0 3 12 1 1
0 8 12 1 1
0 2 12 1 1
0 3 13 1 1
0 4 13 1 1
0 5 13 1 1
0 8 13 1 1
0 6 13 1 1
0 7 13 1 1
0 10 13 1 1
0 11 13 1 1
0 1 13 1 1
0 7 14 1 1
0 6 14 1 1
0 9 14 1 1
0 11 14 1 1
0 1 14 1 1
0 10 14 1 1
0 2 14 1 1
0 5 14 1 1
0 4 14 1 1
0 7 15 1 1
0 6 15 1 1
0 11 15 1 1
0 5 15 1 1
0 4 15 1 1
0 9 15 1 1
0 3 15 1 1
0 8 15 1 1
0 2 15 1 1
0 3 16 1 1
0 4 16 1 1
0 5 16 1 1
0 8 16 1 1
0 6 16 1 1
0 7 16 1 1
0 10 16 1 1
0 11 16 1 1
0 1 16 1 1
0 7 17 1 1
0 6 17 1 1
0 9 17 1 1
0 11 17 1 1
0 1 17 1 1
0 10 17 1 1
0 2 17 1 1
0 5 17 1 1
0 4 17 1 1
0 7 18 1 1
0 6 18 1 1
0 11 18 1 1
0 5 18 1 1
0 4 18 1 1
0 9 18 1 1
0 3 18 1 1
0 8 18 1 1
0 2 18 1 1
0 3 19 1 1
0 4 19 1 1
0 5 19 1 1
0 8 19 1 1
0 6 19 1 1
0 7 19 1 1
0 10 19 1 1
0 11 19 1 1
0 1 19 1 1
0 7 20 1 1
0 6 20 1 1
0 9 20 1 1
0 11 20 1 1
0 1 20 1 1
0 10 20 1 1
0 2 20 1 1
0 5 20 1 1
0 4 20 1 1
0 7 21 1 1
0 6 21 1 1
0 11 21 1 1
0 5 21 1 1
0 4 21 1 1
0 9 21 1 1
0 3 21 1 1
0 8 21 1 1
0 2 21 1 1
0 3 22 1 1
0 4 22 1 1
0 5 22 1 1
0 8 22 1 1
0 6 22 1 1
0 7 22 1 1
0 10 22 1 1
0 11 22 1 1
0 1 22 1 1
0 7 23 1 1
0 6 23 1 1
0 9 23 1 1
0 11 23 1 1
0 1 23 1 1
0 10 23 1 1
0 2 23 1 1
0 5 23 1 1
0 4 23 1 1
0 7 24 1 1
0 6 24 1 1
0 11 24 1 1
0 5 24 1 1
0 4 24 1 1
0 9 24 1 1
0 3 24 1 1
0 8 24 1 1
0 2 24 1 1
0 3 25 1 1
0 4 25 1 1
0 5 25 1 1
0 8 25 1 1
0 6 25 1 1
0 7 25 1 1
0 10 25 1 1
0 11 25 1 1
0 1 25 1 1
0 7 26 1 1
0 6 26 1 1
0 9 26 1 1
0 11 26 1 1
0 1 26 1 1
0 10 26 1 1
0 2 26 1 1
0 5 26 1 1
0 4 26 1 1
0 7 27 1 1
0 6 27 1 1
0 11 27 1 1
0 5 27 1 1
0 4 27 1 1
0 9 27 1 1
0 3 27 1 1
0 8 27 1 1
0 2 27 1 1
0 3 28 1 1
0 4 28 1 1
0 5 28 1 1
0 8 28 1 1
0 6 28 1 1
0 7 28 1 1
0 10 28 1 1
0 11 28 1 1
0 1 28 1 1
0 7 29 1 1
0 6 29 1 1
0 9 29 1 1
0 11 29 1 1
0 1 29 1 1
0 10 29 1 1
0 2 29 1 1
0 5 29 1 1
0 4 29 1 1
0 7 30 1 1
0 6 30 1 1
0 11 30 1 1
0 5 30 1 1
0 4 30 1 1
0 9 30 1 1
0 3 30 1 1
0 8 30 1 1
0 2 30 1 1
0 3 31 1 1
0 4 31 1 1
0 5 31 1 1
0 8 31 1 1
0 6 31 1 1
0 7 31 1 1
0 10 31 1 1
0 11 31 1 1
0 1 31 1 1
0 7 32 1 1
0 6 32 1 1
0 9 32 1 1
0 11 32 1 1
0 1 32 1 1
0 10 32 1 1
0 2 32 1 1
0 5 32 1 1
0 4 32 1 1
0 7 33 1 1
0 6 33 1 1
0 11 33 1 1
0 5 33 1 1
0 4 33 1 1
0 9 33 1 1
0 3 33 1 1
0 8 33 1 1
0 2 33 1 1
0 3 34 1 1
0 4 34 1 1
0 5 34 1 1
0 8 34 1 1
0 6 34 1 1
0 7 34 1 1
0 10 34 1 1
0 11 34 1 1
0 1 34 1 1
0 7 35 1 1
0 6 35 1 1
0 9 35 1 1
0 11 35 1 1
0 1 35 1 1
0 10 35 1 1
0 2 35 1 1
0 5 35 1 1
0 4 35 1 1
0 7 36 1 1
0 6 36 1 1
0 11 36 1 1
0 5 36 1 1
0 4 36 1 1
0 9 36 1 1
0 3 36 1 1
0 8 36 1 1
0 2 36 1 1
0 3 37 1 1
0 4 37 1 1
0 5 37 1 1
0 8 37 1 1
0 6 37 1 1
0 7 37 1 1
0 10 37 1 1
0 11 37 1 1
0 1 37 1 1
0 7 38 1 1
0 6 38 1 1
0 9 38 1 1
0 11 38 1 1
0 1 38 1 1
0 10 38 1 1
0 2 38 1 1
0 5 38 1 1
0 4 38 1 1
0 7 39 1 1
0 6 39 1 1
0 11 39 1 1
0 5 39 1 1
0 4 39 1 1
0 9 39 1 1
0 3 39 1 1
0 8 39 1 1
0 2 39 1 1
0 3 40 1 1
0 4 40 1 1
0 5 40 1 1
0 8 40 1 1
0 6 40 1 1
0 7 40 1 1
0 10 40 1 1
0 11 40 1 1
0 1 40 1 1
0 7 41 1 1
0 6 41 1 1
0 9 41 1 1
0 11 41 1 1
0 1 41 1 1
0 10 41 1 1
0 2 41 1 1
0 5 41 1 1
0 4 41 1 1
0 7 42 1 1
0 6 42 1 1
0 11 42 1 1
0 5 42 1 1
0 4 42 1 1
0 9 42 1 1
0 3 42 1 1
0 8 42 1 1
0 2 42 1 1
0 3 43 1 1
0 4 43 1 1
0 5 43 1 1
0 8 43 1 1
0 6 43 1 1
0 7 43 1 1
0 10 43 1 1
0 11 43 1 1
0 1 43 1 1
0 7 44 1 1
0 6 44 1 1
0 9 44 1 1
0 11 44 1 1
0 1 44 1 1
0 10 44 1 1
0 2 44 1 1
0 5 44 1 1
0 4 44 1 1
0 7 45 1 1
0 6 45 1 1
0 11 45 1 1
0 5 45 1 1
0 4 45 1 1
0 9 45 1 1
0 3 45 1 1
0 8 45 1 1
0 2 45 1 1
0 3 46 1 1
0 4 46 1 1
0 5 46 1 1
0 8 46 1 1
0 6 46 1 1
0 7 46 1 1
0 10 46 1 1
0 11 46 1 1
0 1 46 1 1
0 7 47 1 1
0 6 47 1 1
0 9 47 1 1
0 11 47 1 1
0 1 47 1 1
0 10 47 1 1
0 2 47 1 1
0 5 47 1 1
0 4 47 1 1
0 7 48 1 1
0 6 48 1 1
0 11 48 1 1
0 5 48 1 1
0 4 48 1 1
0 9 48 1 1
0 3 48 1 1
0 8 48 1 1
0 2 48 1 1
0 3 49 1 1
0 4 49 1 1
0 5 49 1 1
0 8 49 1 1
0 6 49 1 1
0 7 49 1 1
0 10 49 1 1
0 11 49 1 1
0 1 49 1 1
0 7 50 1 1
0 6 50 1 1
0 9 50 1 1
0 11 50 1 1
0 1 50 1 1
0 10 50 1 1
0 2 50 1 1
0 5 50 1 1
0 4 50 1 1
0 7 51 1 1
0 6 51 1 1
0 11 51 1 1
0 5 51 1 1
0 4 51 1 1
0 9 51 1 1
0 3 51 1 1
0 8 51 1 1
0 2 51 1 1
0 3 52 1 1
0 4 52 1 1
0 5 52 1 1
0 8 52 1 1
0 6 52 1 1
0 7 52 1 1
0 10 52 1 1
0 11 52 1 1
0 1 52 1 1
0 7 53 1 1
0 6 53 1 1
0 9 53 1 1
0 11 53 1 1
0 1 53 1 1
0 10 53 1 1
0 2 53 1 1
0 5 53 1 1
0 4 53 1 1
0 7 54 1 1
0 6 54 1 1
0 11 54 1 1
0 5 54 1 1
0 4 54 1 1
0 9 54 1 1
0 3 54 1 1
0 8 54 1 1
0 2 54 1 1
0 3 55 1 1
0 4 55 1 1
0 5 55 1 1
0 8 55 1 1
0 6 55 1 1
0 7 55 1 1
0 10 55 1 1
0 11 55 1 1
0 1 55 1 1
0 7 56 1 1
0 6 56 1 1
0 9 56 1 1
0 11 56 1 1
0 1 56 1 1
0 10 56 1 1
0 2 56 1 1
0 5 56 1 1
0 4 56 1 1
0 7 57 1 1
0 6 57 1 1
0 11 57 1 1
0 5 57 1 1
0 4 57 1 1
0 9 57 1 1
0 3 57 1 1
0 8 57 1 1
0 2 57 1 1
0 3 58 1 1
0 4 58 1 1
0 5 58 1 1
0 8 58 1 1
0 6 58 1 1
0 7 58 1 1
0 10 58 1 1
0 11 58 1 1
0 1 58 1 1
0 7 59 1 1
0 6 59 1 1
0 9 59 1 1
0 11 59 1 1
0 1 59 1 1
0 10 59 1 1
0 2 59 1 1
0 5 59 1 1
0 4 59 1 1
0 7 60 1 1
0 6 60 1 1
0 11 60 1 1
0 5 60 1 1
0 4 60 1 1
0 9 60 1 1
0 3 60 1 1
0 8 60 1 1
0 2 60 1 1
0 3 61 1 1
0 4 61 1 1
0 5 61 1 1
0 8 61 1 1
0 6 61 1 1
0 7 61 1 1
0 10 61 1 1
0 11 61 1 1
0 1 61 1 1
0 7 62 1 1
0 6 62 1 1
0 9 62 1 1
0 11 62 1 1
0 1 62 1 1
0 10 62 1 1
0 2 62 1 1
0 5 62 1 1
0 4 62 1 1
0 7 63 1 1
0 6 63 1 1
0 11 63 1 1
0 5 63 1 1
0 4 63 1 1
0 9 63 1 1
0 3 63 1 1
0 8 63 1 1
0 2 63 1 1
0 3 64 1 1
0 4 64 1 1
0 5 64 1 1
0 8 64 1 1
0 6 64 1 1
0 7 64 1 1
0 10 64 1 1
0 11 64 1 1
0 1 64 1 1
0 7 65 1 1
0 6 65 1 1
0 9 65 1 1
0 11 65 1 1
0 1 65 1 1
0 10 65 1 1
0 2 65 1 1
0 5 65 1 1
0 4 65 1 1
0 7 66 1 1
0 6 66 1 1
0 11 66 1 1
0 5 66 1 1
0 4 66 1 1
0 9 66 1 1
0 3 66 1 1
0 8 66 1 1
0 2 66 1 1
0 3 67 1 1
0 4 67 1 1
0 5 67 1 1
0 8 67 1 1
0 6 67 1 1
0 7 67 1 1
0 10 67 1 1
0 11 67 1 1
0 1 67 1 1
0 7 68 1 1
0 6 68 1 1
0 9 68 1 1
0 11 68 1 1
0 1 68 1 1
0 10 68 1 1
0 2 68 1 1
0 5 68 1 1
0 4 68 1 1
0 7 69 1 1
0 6 69 1 1
0 11 69 1 1
0 5 69 1 1
0 4 69 1 1
0 9 69 1 1
0 3 69 1 1
0 8 69 1 1
0 2 69 1 1
0 3 70 1 1
0 4 70 1 1
0 5 70 1 1
0 8 70 1 1
0 6 70 1 1
0 7 70 1 1
0 10 70 1 1
0 11 70 1 1
0 1 70 1 1
0 7 71 1 1
0 6 71 1 1
0 9 71 1 1
0 11 71 1 1
0 1 71 1 1
0 10 71 1 1
0 2 71 1 1
0 5 71 1 1
0 4 71 1 1
0 7 72 1 1
0 6 72 1 1
0 11 72 1 1
0 5 72 1 1
0 4 72 1 1
0 9 72 1 1
0 3 72 1 1
0 8 72 1 1
0 2 72 1 1
0 3 73 1 1
0 4 73 1 1
0 5 73 1 1
0 8 73 1 1
0 6 73 1 1
0 7 73 1 1
0 10 73 1 1
0 11 73 1 1
0 1 73 1 1
0 7 74 1 1
0 6 74 1 1
0 9 74 1 1
0 11 74 1 1
0 1 74 1 1
0 10 74 1 1
0 2 74 1 1
0 5 74 1 1
0 4 74 1 1
0 7 75 1 1
0 6 75 1 1
0 11 75 1 1
0 5 75 1 1
0 4 75 1 1
0 9 75 1 1
0 3 75 1 1
0 8 75 1 1
0 2 75 1 1
0 3 76 1 1
0 4 76 1 1
0 5 76 1 1
0 8 76 1 1
0 6 76 1 1
0 7 76 1 1
0 10 76 1 1
0 11 76 1 1
0 1 76 1 1
0 7 77 1 1
0 6 77 1 1
0 9 77 1 1
0 11 77 1 1
0 1 77 1 1
0 10 77 1 1
0 2 77 1 1
0 5 77 1 1
0 4 77 1 1
0 7 78 1 1
0 6 78 1 1
0 11 78 1 1
0 5 78 1 1
0 4 78 1 1
0 9 78 1 1
0 3 78 1 1
0 8 78 1 1
0 2 78 1 1
0 3 79 1 1
0 4 79 1 1
0 5 79 1 1
0 8 79 1 1
0 6 79 1 1
0 7 79 1 1
0 10 79 1 1
0 11 79 1 1
0 1 79 1 1
0 7 80 1 1
0 6 80 1 1
0 9 80 1 1
0 11 80 1 1
0 1 80 1 1
0 10 80 1 1
0 2 80 1 1
0 5 80 1 1
0 4 80 1 1
0 7 81 1 1
0 6 81 1 1
0 11 81 1 1
0 5 81 1 1
0 4 81 1 1
0 9 81 1 1
0 3 81 1 1
0 8 81 1 1
0 2 81 1 1
0 3 82 1 1
0 4 82 1 1
0 5 82 1 1
0 8 82 1 1
0 6 82 1 1
0 7 82 1 1
0 10 82 1 1
0 11 82 1 1
0 1 82 1 1
0 7 83 1 1
0 6 83 1 1
0 9 83 1 1
0 11 83 1 1
0 1 83 1 1
0 10 83 1 1
0 2 83 1 1
0 5 83 1 1
0 4 83 1 1
0 7 84 1 1
0 6 84 1 1
0 11 84 1 1
0 5 84 1 1
0 4 84 1 1
0 9 84 1 1
0 3 84 1 1
0 8 84 1 1
0 2 84 1 1
0 3 85 1 1
0 4 85 1 1
0 5 85 1 1
0 8 85 1 1
0 6 85 1 1
0 7 85 1 1
0 10 85 1 1
0 11 85 1 1
0 1 85 1 1
0 7 86 1 1
0 6 86 1 1
0 9 86 1 1
0 11 86 1 1
0 1 86 1 1
0 10 86 1 1
0 2 86 1 1
0 5 86 1 1
0 4 86 1 1
0 7 87 1 1
0 6 87 1 1
0 11 87 1 1
0 5 87 1 1
0 4 87 1 1
0 9 87 1 1
0 3 87 1 1
0 8 87 1 1
0 2 87 1 1
0 3 88 1 1
0 4 88 1 1
0 5 88 1 1
0 8 88 1 1
0 6 88 1 1
0 7 88 1 1
0 10 88 1 1
0 11 88 1 1
0 1 88 1 1
0 7 89 1 1
0 6 89 1 1
0 9 89 1 1
0 11 89 1 1
0 1 89 1 1
0 10 89 1 1
0 2 89 1 1
0 5 89 1 1
0 4 89 1 1
0 7 90 1 1
0 6 90 1 1
0 11 90 1 1
0 5 90 1 1
0 4 90 1 1
0 9 90 1 1
0 3 90 1 1
0 8 90 1 1
0 2 90 1 1
0 3 91 1 1
0 4 91 1 1
0 5 91 1 1
0 8 91 1 1
0 6 91 1 1
0 7 91 1 1
0 10 91 1 1
0 11 91 1 1
0 1 91 1 1
0 7 92 1 1
0 6 92 1 1
0 9 92 1 1
0 11 92 1 1
0 1 92 1 1
0 10 92 1 1
0 2 92 1 1
0 5 92 1 1
0 4 92 1 1
0 7 93 1 1
0 6 93 1 1
0 11 93 1 1
0 5 93 1 1
0 4 93 1 1
0 9 93 1 1
0 3 93 1 1
0 8 93 1 1
0 2 93 1 1
0 3 94 1 1
0 4 94 1 1
0 5 94 1 1
0 8 94 1 1
0 6 94 1 1
0 7 94 1 1
0 10 94 1 1
0 11 94 1 1
0 1 94 1 1
0 7 95 1 1
0 6 95 1 1
0 9 95 1 1
0 11 95 1 1
0 1 95 1 1
0 10 95 1 1
0 2 95 1 1
0 5 95 1 1
0 4 95 1 1
0 7 96 1 1
0 6 96 1 1
0 11 96 1 1
0 5 96 1 1
0 4 96 1 1
0 9 96 1 1
0 3 96 1 1
0 8 96 1 1
0 2 96 1 1
0 3 97 1 1
0 4 97 1 1
0 5 97 1 1
0 8 97 1 1
0 6 97 1 1
0 7 97 1 1
0 10 97 1 1
0 11 97 1 1
0 1 97 1 1
0 7 98 1 1
0 6 98 1 1
0 9 98 1 1
0 11 98 1 1
0 1 98 1 1
0 10 98 1 1
0 2 98 1 1
0 5 98 1 1
0 4 98 1 1
0 7 99 1 1
0 6 99 1 1
0 11 99 1 1
0 5 99 1 1
0 4 99 1 1
0 9 99 1 1
0 3 99 1 1
0 8 99 1 1
0 2 99 1 1
0 3 100 1 1
0 4 100 1 1
0 5 100 1 1
0 8 100 1 1
0 6 100 1 1
0 7 100 1 1
0 10 100 1 1
0 11 100 1 1
0 1 100 1 1
0 7 101 1 1
0 6 101 1 1
0 9 101 1 1
0 11 101 1 1
0 1 101 1 1
0 10 101 1 1
0 2 101 1 1
0 5 101 1 1
0 4 101 1 1
0 7 102 1 1
0 6 102 1 1
0 11 102 1 1
0 5 102 1 1
0 4 102 1 1
0 9 102 1 1
0 3 102 1 1
0 8 102 1 1
0 2 102 1 1
0 3 103 1 1
0 4 103 1 1
0 5 103 1 1
0 8 103 1 1
0 6 103 1 1
0 7 103 1 1
0 10 103 1 1
0 11 103 1 1
0 1 103 1 1
0 7 104 1 1
0 6 104 1 1
0 9 104 1 1
0 11 104 1 1
0 1 104 1 1
0 10 104 1 1
0 2 104 1 1
0 5 104 1 1
0 4 104 1 1
0 7 105 1 1
0 6 105 1 1
0 11 105 1 1
0 5 105 1 1
0 4 105 1 1
0 9 105 1 1
0 3 105 1 1
0 8 105 1 1
0 2 105 1 1
0 3 106 1 1
0 4 106 1 1
0 5 106 1 1
0 8 106 1 1
0 6 106 1 1
0 7 106 1 1
0 10 106 1 1
0 11 106 1 1
0 1 106 1 1
0 7 107 1 1
0 6 107 1 1
0 9 107 1 1
0 11 107 1 1
0 1 107 1 1
0 10 107 1 1
0 2 107 1 1
0 5 107 1 1
0 4 107 1 1
0 7 108 1 1
0 6 108 1 1
0 11 108 1 1
0 5 108 1 1
0 4 108 1 1
0 9 108 1 1
0 3 108 1 1
0 8 108 1 1
0 2 108 1 1
0 3 109 1 1
0 4 109 1 1
0 5 109 1 1
0 8 109 1 1
0 6 109 1 1
0 7 109 1 1
0 10 109 1 1
0 11 109 1 1
0 1 109 1 1
0 7 110 1 1
0 6 110 1 1
0 9 110 1 1
0 11 110 1 1
0 1 110 1 1
0 10 110 1 1
0 2 110 1 1
0 5 110 1 1
0 4 110 1 1
0 7 111 1 1
0 6 111 1 1
0 11 111 1 1
0 5 111 1 1
0 4 111 1 1
0 9 111 1 1
0 3 111 1 1
0 8 111 1 1
0 2 111 1 1
0 3 112 1 1
0 4 112 1 1
0 5 112 1 1
0 8 112 1 1
0 6 112 1 1
0 7 112 1 1
0 10 112 1 1
0 11 112 1 1
0 1 112 1 1
0 7 113 1 1
0 6 113 1 1
0 9 113 1 1
0 11 113 1 1
0 1 113 1 1
0 10 113 1 1
0 2 113 1 1
0 5 113 1 1
0 4 113 1 1
0 7 114 1 1
0 6 114 1 1
0 11 114 1 1
0 5 114 1 1
0 4 114 1 1
0 9 114 1 1
0 3 114 1 1
0 8 114 1 1
0 2 114 1 1
0 3 115 1 1
0 4 115 1 1
0 5 115 1 1
0 8 115 1 1
0 6 115 1 1
0 7 115 1 1
0 10 115 1 1
0 11 115 1 1
0 1 115 1 1
0 7 116 1 1
0 6 116 1 1
0 9 116 1 1
0 11 116 1 1
0 1 116 1 1
0 10 116 1 1
0 2 116 1 1
0 5 116 1 1
0 4 116 1 1
0 7 117 1 1
0 6 117 1 1
0 11 117 1 1
0 5 117 1 1
0 4 117 1 1
0 9 117 1 1
0 3 117 1 1
0 8 117 1 1
0 2 117 1 1
0 3 118 1 1
0 4 118 1 1
0 5 118 1 1
0 8 118 1 1
0 6 118 1 1
0 7 118 1 1
0 10 118 1 1
0 11 118 1 1
0 1 118 1 1
0 7 119 1 1
0 6 119 1 1
0 9 119 1 1
0 11 119 1 1
0 1 119 1 1
0 10 119 1 1
0 2 119 1 1
0 5 119 1 1
0 4 119 1 1
0 7 120 1 1
0 6 120 1 1
0 11 120 1 1
0 5 120 1 1
0 4 120 1 1
0 9 120 1 1
0 3 120 1 1
0 8 120 1 1
0 2 120 1 1
0 3 121 1 1
0 4 121 1 1
0 5 121 1 1
0 8 121 1 1
0 6 121 1 1
0 7 121 1 1
0 10 121 1 1
0 11 121 1 1
0 1 121 1 1
0 7 122 1 1
0 6 122 1 1
0 9 122 1 1
0 11 122 1 1
0 1 122 1 1
0 10 122 1 1
0 2 122 1 1
0 5 122 1 1
0 4 122 1 1
0 7 123 1 1
0 6 123 1 1
0 11 123 1 1
0 5 123 1 1
0 4 123 1 1
0 9 123 1 1
0 3 123 1 1
0 8 123 1 1
0 2 123 1 1
0 3 124 1 1
0 4 124 1 1
0 5 124 1 1
0 8 124 1 1
0 6 124 1 1
0 7 124 1 1
0 10 124 1 1
0 11 124 1 1
0 1 124 1 1
0 7 125 1 1
0 6 125 1 1
0 9 125 1 1
0 11 125 1 1
0 1 125 1 1
0 10 125 1 1
0 2 125 1 1
0 5 125 1 1
0 4 125 1 1
0 7 126 1 1
0 6 126 1 1
0 11 126 1 1
0 5 126 1 1
0 4 126 1 1
0 9 126 1 1
0 3 126 1 1
0 8 126 1 1
0 2 126 1 1
0 3 127 1 1
0 4 127 1 1
0 5 127 1 1
0 8 127 1 1
0 6 127 1 1
0 7 127 1 1
0 10 127 1 1
0 11 127 1 1
0 1 127 1 1
0 7 128 1 1
0 6 128 1 1
0 9 128 1 1
0 11 128 1 1
0 1 128 1 1
0 10 128 1 1
0 2 128 1 1
0 5 128 1 1
0 4 128 1 1
0 7 129 1 1
0 6 129 1 1
0 11 129 1 1
0 5 129 1 1
0 4 129 1 1
0 9 129 1 1
0 3 129 1 1
0 8 129 1 1
0 2 129 1 1
0 3 130 1 1
0 4 130 1 1
0 5 130 1 1
0 8 130 1 1
0 6 130 1 1
0 7 130 1 1
0 10 130 1 1
0 11 130 1 1
0 1 130 1 1
0 7 131 1 1
0 6 131 1 1
0 9 131 1 1
0 11 131 1 1
0 1 131 1 1
0 10 131 1 1
0 2 131 1 1
0 5 131 1 1
0 4 131 1 1
0 7 132 1 1
0 6 132 1 1
0 11 132 1 1
0 5 132 1 1
0 4 132 1 1
0 9 132 1 1
0 3 132 1 1
0 8 132 1 1
0 2 132 1 1
0 3 133 1 1
0 4 133 1 1
0 5 133 1 1
0 8 133 1 1
0 6 133 1 1
0 7 133 1 1
0 10 133 1 1
0 11 133 1 1
0 1 133 1 1
0 7 134 1 1
0 6 134 1 1
0 9 134 1 1
0 11 134 1 1
0 1 134 1 1
0 10 134 1 1
0 2 134 1 1
0 5 134 1 1
0 4 134 1 1
0 7 135 1 1
0 6 135 1 1
0 11 135 1 1
0 5 135 1 1
0 4 135 1 1
0 9 135 1 1
0 3 135 1 1
0 8 135 1 1
0 2 135 1 1
0 3 136 1 1
0 4 136 1 1
0 5 136 1 1
0 8 136 1 1
0 6 136 1 1
0 7 136 1 1
0 10 136 1 1
0 11 136 1 1
0 1 136 1 1
0 7 137 1 1
0 6 137 1 1
0 9 137 1 1
0 11 137 1 1
0 1 137 1 1
0 10 137 1 1
0 2 137 1 1
0 5 137 1 1
0 4 137 1 1
0 7 138 1 1
0 6 138 1 1
0 11 138 1 1
0 5 138 1 1
0 4 138 1 1
0 9 138 1 1
0 3 138 1 1
0 8 138 1 1
0 2 138 1 1
0 3 139 1 1
0 4 139 1 1
0 5 139 1 1
0 8 139 1 1
0 6 139 1 1
0 7 139 1 1
0 10 139 1 1
0 11 139 1 1
0 1 139 1 1
0 7 140 1 1
0 6 140 1 1
0 9 140 1 1
0 11 140 1 1
0 1 140 1 1
0 10 140 1 1
0 2 140 1 1
0 5 140 1 1
0 4 140 1 1
0 7 141 1 1
0 6 141 1 1
0 11 141 1 1
0 5 141 1 1
0 4 141 1 1
0 9 141 1 1
0 3 141 1 1
0 8 141 1 1
0 2 141 1 1
0 3 142 1 1
0 4 142 1 1
0 5 142 1 1
0 8 142 1 1
0 6 142 1 1
0 7 142 1 1
0 10 142 1 1
0 11 142 1 1
0 1 142 1 1
0 7 143 1 1
0 6 143 1 1
0 9 143 1 1
0 11 143 1 1
0 1 143 1 1
0 10 143 1 1
0 2 143 1 1
0 5 143 1 1
0 4 143 1 1
0 7 144 1 1
0 6 144 1 1
0 11 144 1 1
0 5 144 1 1
0 4 144 1 1
0 9 144 1 1
0 3 144 1 1
0 8 144 1 1
0 2 144 1 1
0 3 145 1 1
0 4 145 1 1
0 5 145 1 1
0 8 145 1 1
0 6 145 1 1
0 7 145 1 1
0 10 145 1 1
0 11 145 1 1
0 1 145 1 1
0 7 146 1 1
0 6 146 1 1
0 9 146 1 1
0 11 146 1 1
0 1 146 1 1
0 10 146 1 1
0 2 146 1 1
0 5 146 1 1
0 4 146 1 1
0 7 147 1 1
0 6 147 1 1
0 11 147 1 1
0 5 147 1 1
0 4 147 1 1
0 9 147 1 1
0 3 147 1 1
0 8 147 1 1
0 2 147 1 1
0 3 148 1 1
0 4 148 1 1
0 5 148 1 1
0 8 148 1 1
0 6 148 1 1
0 7 148 1 1
0 10 148 1 1
0 11 148 1 1
0 1 148 1 1
0 7 149 1 1
0 6 149 1 1
0 9 149 1 1
0 11 149 1 1
0 1 149 1 1
0 10 149 1 1
0 2 149 1 1
0 5 149 1 1
0 4 149 1 1
0 7 150 1 1
0 6 150 1 1
0 11 150 1 1
0 5 150 1 1
0 4 150 1 1
0 9 150 1 1
0 3 150 1 1
0 8 150 1 1
0 2 150 1 1
0 3 151 1 1
0 4 151 1 1
0 5 151 1 1
0 8 151 1 1
0 6 151 1 1
0 7 151 1 1
0 10 151 1 1
0 11 151 1 1
0 1 151 1 1
0 7 152 1 1
0 6 152 1 1
0 9 152 1 1
0 11 152 1 1
0 1 152 1 1
0 10 152 1 1
0 2 152 1 1
0 5 152 1 1
0 4 152 1 1
0 7 153 1 1
0 6 153 1 1
0 11 153 1 1
0 5 153 1 1
0 4 153 1 1
0 9 153 1 1
0 3 153 1 1
0 8 153 1 1
0 2 153 1 1
0 3 154 1 1
0 4 154 1 1
0 5 154 1 1
0 8 154 1 1
0 6 154 1 1
0 7 154 1 1
0 10 154 1 1
0 11 154 1 1
0 1 154 1 1
0 7 155 1 1
0 6 155 1 1
0 9 155 1 1
0 11 155 1 1
0 1 155 1 1
0 10 155 1 1
0 2 155 1 1
0 5 155 1 1
0 4 155 1 1
0 7 156 1 1
0 6 156 1 1
0 11 156 1 1
0 5 156 1 1
0 4 156 1 1
0 9 156 1 1
0 3 156 1 1
0 8 156 1 1
0 2 156 1 1
0 3 157 1 1
0 4 157 1 1
0 5 157 1 1
0 8 157 1 1
0 6 157 1 1
0 7 157 1 1
0 10 157 1 1
0 11 157 1 1
0 1 157 1 1
0 7 158 1 1
0 6 158 1 1
0 9 158 1 1
0 11 158 1 1
0 1 158 1 1
0 10 158 1 1
0 2 158 1 1
0 5 158 1 1
0 4 158 1 1
0 7 159 1 1
0 6 159 1 1
0 11 159 1 1
0 5 159 1 1
0 4 159 1 1
0 9 159 1 1
0 3 159 1 1
0 8 159 1 1
0 2 159 1 1
0 3 160 1 1
0 4 160 1 1
0 5 160 1 1
0 8 160 1 1
0 6 160 1 1
0 7 160 1 1
0 10 160 1 1
0 11 160 1 1
0 1 160 1 1
0 7 161 1 1
0 6 161 1 1
0 9 161 1 1
0 11 161 1 1
0 1 161 1 1
0 10 161 1 1
0 2 161 1 1
0 5 161 1 1
0 4 161 1 1
0 7 162 1 1
0 6 162 1 1
0 11 162 1 1
0 5 162 1 1
0 4 162 1 1
0 9 162 1 1
0 3 162 1 1
0 8 162 1 1
0 2 162 1 1
0 3 163 1 1
0 4 163 1 1
0 5 163 1 1
0 8 163 1 1
0 6 163 1 1
0 7 163 1 1
0 10 163 1 1
0 11 163 1 1
0 1 163 1 1
0 7 164 1 1
0 6 164 1 1
0 9 164 1 1
0 11 164 1 1
0 1 164 1 1
0 10 164 1 1
0 2 164 1 1
0 5 164 1 1
0 4 164 1 1
0 7 165 1 1
0 6 165 1 1
0 11 165 1 1
0 5 165 1 1
0 4 165 1 1
0 9 165 1 1
0 3 165 1 1
0 8 165 1 1
0 2 165 1 1
0 3 166 1 1
0 4 166 1 1
0 5 166 1 1
0 8 166 1 1
0 6 166 1 1
0 7 166 1 1
0 10 166 1 1
0 11 166 1 1
0 1 166 1 1
0 7 167 1 1
0 6 167 1 1
0 9 167 1 1
0 11 167 1 1
0 1 167 1 1
0 10 167 1 1
0 2 167 1 1
0 5 167 1 1
0 4 167 1 1
0 7 168 1 1
0 6 168 1 1
0 11 168 1 1
0 5 168 1 1
0 4 168 1 1
0 9 168 1 1
0 3 168 1 1
0 8 168 1 1
0 2 168 1 1
0 3 169 1 1
0 4 169 1 1
0 5 169 1 1
0 8 169 1 1
0 6 169 1 1
0 7 169 1 1
0 10 169 1 1
0 11 169 1 1
0 1 169 1 1
0 7 170 1 1
0 6 170 1 1
0 9 170 1 1
0 11 170 1 1
0 1 170 1 1
0 10 170 1 1
0 2 170 1 1
0 5 170 1 1
0 4 170 1 1
0 7 171 1 1
0 6 171 1 1
0 11 171 1 1
0 5 171 1 1
0 4 171 1 1
0 9 171 1 1
0 3 171 1 1
0 8 171 1 1
0 2 171 1 1
0 3 172 1 1
0 4 172 1 1
0 5 172 1 1
0 8 172 1 1
0 6 172 1 1
0 7 172 1 1
0 10 172 1 1
0 11 172 1 1
0 1 172 1 1
0 7 173 1 1
0 6 173 1 1
0 9 173 1 1
0 11 173 1 1
0 1 173 1 1
0 10 173 1 1
0 2 173 1 1
0 5 173 1 1
0 4 173 1 1
0 7 174 1 1
0 6 174 1 1
0 11 174 1 1
0 5 174 1 1
0 4 174 1 1
0 9 174 1 1
0 3 174 1 1
0 8 174 1 1
0 2 174 1 1
0 3 175 1 1
0 4 175 1 1
0 5 175 1 1
0 8 175 1 1
0 6 175 1 1
0 7 175 1 1
0 10 175 1 1
0 11 175 1 1
0 1 175 1 1
0 7 176 1 1
0 6 176 1 1
0 9 176 1 1
0 11 176 1 1
0 1 176 1 1
0 10 176 1 1
0 2 176 1 1
0 5 176 1 1
0 4 176 1 1
0 7 177 1 1
0 6 177 1 1
0 11 177 1 1
0 5 177 1 1
0 4 177 1 1
0 9 177 1 1
0 3 177 1 1
0 8 177 1 1
0 2 177 1 1
0 3 178 1 1
0 4 178 1 1
0 5 178 1 1
0 8 178 1 1
0 6 178 1 1
0 7 178 1 1
0 10 178 1 1
0 11 178 1 1
0 1 178 1 1
0 7 179 1 1
0 6 179 1 1
0 9 179 1 1
0 11 179 1 1
0 1 179 1 1
0 10 179 1 1
0 2 179 1 1
0 5 179 1 1
0 4 179 1 1
0 7 180 1 1
0 6 180 1 1
0 11 180 1 1
0 5 180 1 1
0 4 180 1 1
0 9 180 1 1
0 3 180 1 1
0 8 180 1 1
0 2 180 1 1
0 3 181 1 1
0 4 181 1 1
0 5 181 1 1
0 8 181 1 1
0 6 181 1 1
0 7 181 1 1
0 10 181 1 1
0 11 181 1 1
0 1 181 1 1
0 7 182 1 1
0 6 182 1 1
0 9 182 1 1
0 11 182 1 1
0 1 182 1 1
0 10 182 1 1
0 2 182 1 1
0 5 182 1 1
0 4 182 1 1
0 7 183 1 1
0 6 183 1 1
0 11 183 1 1
0 5 183 1 1
0 4 183 1 1
0 9 183 1 1
0 3 183 1 1
0 8 183 1 1
0 2 183 1 1
0 3 184 1 1
0 4 184 1 1
0 5 184 1 1
0 8 184 1 1
0 6 184 1 1
0 7 184 1 1
0 10 184 1 1
0 11 184 1 1
0 1 184 1 1
0 7 185 1 1
0 6 185 1 1
0 9 185 1 1
0 11 185 1 1
0 1 185 1 1
0 10 185 1 1
0 2 185 1 1
0 5 185 1 1
0 4 185 1 1
0 7 186 1 1
0 6 186 1 1
0 11 186 1 1
0 5 186 1 1
0 4 186 1 1
0 9 186 1 1
0 3 186 1 1
0 8 186 1 1
0 2 186 1 1
0 3 187 1 1
0 4 187 1 1
0 5 187 1 1
0 8 187 1 1
0 6 187 1 1
0 7 187 1 1
0 10 187 1 1
0 11 187 1 1
0 1 187 1 1
0 7 188 1 1
0 6 188 1 1
0 9 188 1 1
0 11 188 1 1
0 1 188 1 1
0 10 188 1 1
0 2 188 1 1
0 5 188 1 1
0 4 188 1 1
0 7 189 1 1
0 6 189 1 1
0 11 189 1 1
0 5 189 1 1
0 4 189 1 1
0 9 189 1 1
0 3 189 1 1
0 8 189 1 1
0 2 189 1 1
0 3 190 1 1
0 4 190 1 1
0 5 190 1 1
0 8 190 1 1
0 6 190 1 1
0 7 190 1 1
0 10 190 1 1
0 11 190 1 1
0 1 190 1 1
0 7 191 1 1
0 6 191 1 1
0 9 191 1 1
0 11 191 1 1
0 1 191 1 1
0 10 191 1 1
0 2 191 1 1
0 5 191 1 1
0 4 191 1 1
0 7 192 1 1
0 6 192 1 1
0 11 192 1 1
0 5 192 1 1
0 4 192 1 1
0 9 192 1 1
0 3 192 1 1
0 8 192 1 1
0 2 192 1 1
0 3 193 1 1
0 4 193 1 1
0 5 193 1 1
0 8 193 1 1
0 6 193 1 1
0 7 193 1 1
0 10 193 1 1
0 11 193 1 1
0 1 193 1 1
0 7 194 1 1
0 6 194 1 1
0 9 194 1 1
0 11 194 1 1
0 1 194 1 1
0 10 194 1 1
0 2 194 1 1
0 5 194 1 1
0 4 194 1 1
0 7 195 1 1
0 6 195 1 1
0 11 195 1 1
0 5 195 1 1
0 4 195 1 1
0 9 195 1 1
0 3 195 1 1
0 8 195 1 1
0 2 195 1 1
0 3 196 1 1
0 4 196 1 1
0 5 196 1 1
0 8 196 1 1
0 6 196 1 1
0 7 196 1 1
0 10 196 1 1
0 11 196 1 1
0 1 196 1 1
0 7 197 1 1
0 6 197 1 1
0 9 197 1 1
0 11 197 1 1
0 1 197 1 1
0 10 197 1 1
0 2 197 1 1
0 5 197 1 1
0 4 197 1 1
0 7 198 1 1
0 6 198 1 1
0 11 198 1 1
0 5 198 1 1
0 4 198 1 1
0 9 198 1 1
0 3 198 1 1
0 8 198 1 1
0 2 198 1 1
0 3 199 1 1
0 4 199 1 1
0 5 199 1 1
0 8 199 1 1
0 6 199 1 1
0 7 199 1 1
0 10 199 1 1
0 11 199 1 1
0 1 199 1 1
0 7 200 1 1
0 6 200 1 1
0 9 200 1 1
0 11 200 1 1
0 1 200 1 1
0 10 200 1 1
0 2 200 1 1
0 5 200 1 1
0 4 200 1 1
0 7 201 1 1
0 6 201 1 1
0 11 201 1 1
0 5 201 1 1
0 4 201 1 1
0 9 201 1 1
0 3 201 1 1
0 8 201 1 1
0 2 201 1 1
0 3 202 1 1
0 4 202 1 1
0 5 202 1 1
0 8 202 1 1
0 6 202 1 1
0 7 202 1 1
0 10 202 1 1
0 11 202 1 1
0 1 202 1 1
0 7 203 1 1
0 6 203 1 1
0 9 203 1 1
0 11 203 1 1
0 1 203 1 1
0 10 203 1 1
0 2 203 1 1
0 5 203 1 1
0 4 203 1 1
0 7 204 1 1
0 6 204 1 1
0 11 204 1 1
0 5 204 1 1
0 4 204 1 1
0 9 204 1 1
0 3 204 1 1
0 8 204 1 1
0 2 204 1 1
0 3 205 1 1
0 4 205 1 1
0 5 205 1 1
0 8 205 1 1
0 6 205 1 1
0 7 205 1 1
0 10 205 1 1
0 11 205 1 1
0 1 205 1 1
0 7 206 1 1
0 6 206 1 1
0 9 206 1 1
0 11 206 1 1
0 1 206 1 1
0 10 206 1 1
0 2 206 1 1
0 5 206 1 1
0 4 206 1 1
0 7 207 1 1
0 6 207 1 1
0 11 207 1 1
0 5 207 1 1
0 4 207 1 1
0 9 207 1 1
0 3 207 1 1
0 8 207 1 1
0 2 207 1 1
0 3 208 1 1
0 4 208 1 1
0 5 208 1 1
0 8 208 1 1
0 6 208 1 1
0 7 208 1 1
0 10 208 1 1
0 11 208 1 1
0 1 208 1 1
0 7 209 1 1
0 6 209 1 1
0 9 209 1 1
0 11 209 1 1
0 1 209 1 1
0 10 209 1 1
0 2 209 1 1
0 5 209 1 1
0 4 209 1 1
0 7 210 1 1
0 6 210 1 1
0 11 210 1 1
0 5 210 1 1
0 4 210 1 1
0 9 210 1 1
0 3 210 1 1
0 8 210 1 1
0 2 210 1 1
0 3 211 1 1
0 4 211 1 1
0 5 211 1 1
0 8 211 1 1
0 6 211 1 1
0 7 211 1 1
0 10 211 1 1
0 11 211 1 1
0 1 211 1 1
0 7 212 1 1
0 6 212 1 1
0 9 212 1 1
0 11 212 1 1
0 1 212 1 1
0 10 212 1 1
0 2 212 1 1
0 5 212 1 1
0 4 212 1 1
0 7 213 1 1
0 6 213 1 1
0 11 213 1 1
0 5 213 1 1
0 4 213 1 1
0 9 213 1 1
0 3 213 1 1
0 8 213 1 1
0 2 213 1 1
0 3 214 1 1
0 4 214 1 1
0 5 214 1 1
0 8 214 1 1
0 6 214 1 1
0 7 214 1 1
0 10 214 1 1
0 11 214 1 1
0 1 214 1 1
0 7 215 1 1
0 6 215 1 1
0 9 215 1 1
0 11 215 1 1
0 1 215 1 1
0 10 215 1 1
0 2 215 1 1
0 5 215 1 1
0 4 215 1 1
0 7 216 1 1
0 6 216 1 1
0 11 216 1 1
0 5 216 1 1
0 4 216 1 1
0 9 216 1 1
0 3 216 1 1
0 8 216 1 1
0 2 216 1 1
0 3 217 1 1
0 4 217 1 1
0 5 217 1 1
0 8 217 1 1
0 6 217 1 1
0 7 217 1 1
0 10 217 1 1
0 11 217 1 1
0 1 217 1 1
0 7 218 1 1
0 6 218 1 1
0 9 218 1 1
0 11 218 1 1
0 1 218 1 1
0 10 218 1 1
0 2 218 1 1
0 5 218 1 1
0 4 218 1 1
0 7 219 1 1
0 6 219 1 1
0 11 219 1 1
0 5 219 1 1
0 4 219 1 1
0 9 219 1 1
0 3 219 1 1
0 8 219 1 1
0 2 219 1 1
0 3 220 1 1
0 4 220 1 1
0 5 220 1 1
0 8 220 1 1
0 6 220 1 1
0 7 220 1 1
0 10 220 1 1
0 11 220 1 1
0 1 220 1 1
0 7 221 1 1
0 6 221 1 1
0 9 221 1 1
0 11 221 1 1
0 1 221 1 1
0 10 221 1 1
0 2 221 1 1
0 5 221 1 1
0 4 221 1 1
0 7 222 1 1
0 6 222 1 1
0 11 222 1 1
0 5 222 1 1
0 4 222 1 1
0 9 222 1 1
0 3 222 1 1
0 8 222 1 1
0 2 222 1 1
0 3 223 1 1
0 4 223 1 1
0 5 223 1 1
0 8 223 1 1
0 6 223 1 1
0 7 223 1 1
0 10 223 1 1
0 11 223 1 1
0 1 223 1 1
0 7 224 1 1
0 6 224 1 1
0 9 224 1 1
0 11 224 1 1
0 1 224 1 1
0 10 224 1 1
0 2 224 1 1
0 5 224 1 1
0 4 224 1 1
0 7 225 1 1
0 6 225 1 1
0 11 225 1 1
0 5 225 1 1
0 4 225 1 1
0 9 225 1 1
0 3 225 1 1
0 8 225 1 1
0 2 225 1 1
0 3 226 1 1
0 4 226 1 1
0 5 226 1 1
0 8 226 1 1
0 6 226 1 1
0 7 226 1 1
0 10 226 1 1
0 11 226 1 1
0 1 226 1 1
0 7 227 1 1
0 6 227 1 1
0 9 227 1 1
0 11 227 1 1
0 1 227 1 1
0 10 227 1 1
0 2 227 1 1
0 5 227 1 1
0 4 227 1 1
0 7 228 1 1
0 6 228 1 1
0 11 228 1 1
0 5 228 1 1
0 4 228 1 1
0 9 228 1 1
0 3 228 1 1
0 8 228 1 1
0 2 228 1 1
0 3 229 1 1
0 4 229 1 1
0 5 229 1 1
0 8 229 1 1
0 6 229 1 1
0 7 229 1 1
0 10 229 1 1
0 11 229 1 1
0 1 229 1 1
0 7 230 1 1
0 6 230 1 1
0 9 230 1 1
0 11 230 1 1
0 1 230 1 1
0 10 230 1 1
0 2 230 1 1
0 5 230 1 1
0 4 230 1 1
0 7 231 1 1
0 6 231 1 1
0 11 231 1 1
0 5 231 1 1
0 4 231 1 1
0 9 231 1 1
0 3 231 1 1
0 8 231 1 1
0 2 231 1 1
0 3 232 1 1
0 4 232 1 1
0 5 232 1 1
0 8 232 1 1
0 6 232 1 1
0 7 232 1 1
0 10 232 1 1
0 11 232 1 1
0 1 232 1 1
0 7 233 1 1
0 6 233 1 1
0 9 233 1 1
0 11 233 1 1
0 1 233 1 1
0 10 233 1 1
0 2 233 1 1
0 5 233 1 1
0 4 233 1 1
0 7 234 1 1
0 6 234 1 1
0 11 234 1 1
0 5 234 1 1
0 4 234 1 1
0 9 234 1 1
0 3 234 1 1
0 8 234 1 1
0 2 234 1 1
0 3 235 1 1
0 4 235 1 1
0 5 235 1 1
0 8 235 1 1
0 6 235 1 1
0 7 235 1 1
0 10 235 1 1
0 11 235 1 1
0 1 235 1 1
0 7 236 1 1
0 6 236 1 1
0 9 236 1 1
0 11 236 1 1
0 1 236 1 1
0 10 236 1 1
0 2 236 1 1
0 5 236 1 1
0 4 236 1 1
0 7 237 1 1
0 6 237 1 1
0 11 237 1 1
0 5 237 1 1
0 4 237 1 1
0 9 237 1 1
0 3 237 1 1
0 8 237 1 1
0 2 237 1 1
0 3 238 1 1
0 4 238 1 1
0 5 238 1 1
0 8 238 1 1
0 6 238 1 1
0 7 238 1 1
0 10 238 1 1
0 11 238 1 1
0 1 238 1 1
0 7 239 1 1
0 6 239 1 1
0 9 239 1 1
0 11 239 1 1
0 1 239 1 1
0 10 239 1 1
0 2 239 1 1
0 5 239 1 1
0 4 239 1 1
0 7 240 1 1
0 6 240 1 1
0 11 240 1 1
0 5 240 1 1
0 4 240 1 1
0 9 240 1 1
0 3 240 1 1
0 8 240 1 1
0 2 240 1 1
0 3 241 1 1
0 4 241 1 1
0 5 241 1 1
0 8 241 1 1
0 6 241 1 1
0 7 241 1 1
0 10 241 1 1
0 11 241 1 1
0 1 241 1 1
0 7 242 1 1
0 6 242 1 1
0 9 242 1 1
0 11 242 1 1
0 1 242 1 1
0 10 242 1 1
0 2 242 1 1
0 5 242 1 1
0 4 242 1 1
0 7 243 1 1
0 6 243 1 1
0 11 243 1 1
0 5 243 1 1
0 4 243 1 1
0 9 243 1 1
0 3 243 1 1
0 8 243 1 1
0 2 243 1 1
0 3 244 1 1
0 4 244 1 1
0 5 244 1 1
0 8 244 1 1
0 6 244 1 1
0 7 244 1 1
0 10 244 1 1
0 11 244 1 1
0 1 244 1 1
0 7 245 1 1
0 6 245 1 1
0 9 245 1 1
0 11 245 1 1
0 1 245 1 1
0 10 245 1 1
0 2 245 1 1
0 5 245 1 1
0 4 245 1 1
0 7 246 1 1
0 6 246 1 1
0 11 246 1 1
0 5 246 1 1
0 4 246 1 1
0 9 246 1 1
0 3 246 1 1
0 8 246 1 1
0 2 246 1 1
0 3 247 1 1
0 4 247 1 1
0 5 247 1 1
0 8 247 1 1
0 6 247 1 1
0 7 247 1 1
0 10 247 1 1
0 11 247 1 1
0 1 247 1 1
0 7 248 1 1
0 6 248 1 1
0 9 248 1 1
0 11 248 1 1
0 1 248 1 1
0 10 248 1 1
0 2 248 1 1
0 5 248 1 1
0 4 248 1 1
0 7 249 1 1
0 6 249 1 1
0 11 249 1 1
0 5 249 1 1
0 4 249 1 1
0 9 249 1 1
0 3 249 1 1
0 8 249 1 1
0 2 249 1 1
0 3 250 1 1
0 4 250 1 1
0 5 250 1 1
0 8 250 1 1
0 6 250 1 1
0 7 250 1 1
0 10 250 1 1
0 11 250 1 1
0 1 250 1 1
0 7 251 1 1
0 6 251 1 1
0 9 251 1 1
0 11 251 1 1
0 1 251 1 1
0 10 251 1 1
0 2 251 1 1
0 5 251 1 1
0 4 251 1 1
0 7 252 1 1
0 6 252 1 1
0 11 252 1 1
0 5 252 1 1
0 4 252 1 1
0 9 252 1 1
0 3 252 1 1
0 8 252 1 1
0 2 252 1 1
0 3 253 1 1
0 4 253 1 1
0 5 253 1 1
0 8 253 1 1
0 6 253 1 1
0 7 253 1 1
0 10 253 1 1
0 11 253 1 1
0 1 253 1 1
0 7 254 1 1
0 6 254 1 1
0 9 254 1 1
0 11 254 1 1
0 1 254 1 1
0 10 254 1 1
0 2 254 1 1
0 5 254 1 1
0 4 254 1 1
0 7 255 1 1
0 6 255 1 1
0 11 255 1 1
0 5 255 1 1
0 4 255 1 1
0 9 255 1 1
0 3 255 1 1
0 8 255 1 1
0 2 255 1 1
0 3 256 1 1
0 4 256 1 1
0 5 256 1 1
0 8 256 1 1
0 6 256 1 1
0 7 256 1 1
0 10 256 1 1
0 11 256 1 1
0 1 256 1 1
0 7 257 1 1
0 6 257 1 1
0 9 257 1 1
0 11 257 1 1
0 1 257 1 1
0 10 257 1 1
0 2 257 1 1
0 5 257 1 1
0 4 257 1 1
0 7 258 1 1
0 6 258 1 1
0 11 258 1 1
0 5 258 1 1
0 4 258 1 1
0 9 258 1 1
0 3 258 1 1
0 8 258 1 1
0 2 258 1 1
0 3 259 1 1
0 4 259 1 1
0 5 259 1 1
0 8 259 1 1
0 6 259 1 1
0 7 259 1 1
0 10 259 1 1
0 11 259 1 1
0 1 259 1 1
0 7 260 1 1
0 6 260 1 1
0 9 260 1 1
0 11 260 1 1
0 1 260 1 1
0 10 260 1 1
0 2 260 1 1
0 5 260 1 1
0 4 260 1 1
0 7 261 1 1
0 6 261 1 1
0 11 261 1 1
0 5 261 1 1
0 4 261 1 1
0 9 261 1 1
0 3 261 1 1
0 8 261 1 1
0 2 261 1 1
0 3 262 1 1
0 4 262 1 1
0 5 262 1 1
0 8 262 1 1
0 6 262 1 1
0 7 262 1 1
0 10 262 1 1
0 11 262 1 1
0 1 262 1 1
0 7 263 1 1
0 6 263 1 1
0 9 263 1 1
0 11 263 1 1
0 1 263 1 1
0 10 263 1 1
0 2 263 1 1
0 5 263 1 1
0 4 263 1 1
0 7 264 1 1
0 6 264 1 1
0 11 264 1 1
0 5 264 1 1
0 4 264 1 1
0 9 264 1 1
0 3 264 1 1
0 8 264 1 1
0 2 264 1 1
0 3 265 1 1
0 4 265 1 1
0 5 265 1 1
0 8 265 1 1
0 6 265 1 1
0 7 265 1 1
0 10 265 1 1
0 11 265 1 1
0 1 265 1 1
0 7 266 1 1
0 6 266 1 1
0 9 266 1 1
0 11 266 1 1
0 1 266 1 1
0 10 266 1 1
0 2 266 1 1
0 5 266 1 1
0 4 266 1 1
0 7 267 1 1
0 6 267 1 1
0 11 267 1 1
0 5 267 1 1
0 4 267 1 1
0 9 267 1 1
0 3 267 1 1
0 8 267 1 1
0 2 267 1 1
0 3 268 1 1
0 4 268 1 1
0 5 268 1 1
0 8 268 1 1
0 6 268 1 1
0 7 268 1 1
0 10 268 1 1
0 11 268 1 1
0 1 268 1 1
0 7 269 1 1
0 6 269 1 1
0 9 269 1 1
0 11 269 1 1
0 1 269 1 1
0 10 269 1 1
0 2 269 1 1
0 5 269 1 1
0 4 269 1 1
0 7 270 1 1
0 6 270 1 1
0 11 270 1 1
0 5 270 1 1
0 4 270 1 1
0 9 270 1 1
0 3 270 1 1
0 8 270 1 1
0 2 270 1 1
0 3 271 1 1
0 4 271 1 1
0 5 271 1 1
0 8 271 1 1
0 6 271 1 1
0 7 271 1 1
0 10 271 1 1
0 11 271 1 1
0 1 271 1 1
0 7 272 1 1
0 6 272 1 1
0 9 272 1 1
0 11 272 1 1
0 1 272 1 1
0 10 272 1 1
0 2 272 1 1
0 5 272 1 1
0 4 272 1 1
0 7 273 1 1
0 6 273 1 1
0 11 273 1 1
0 5 273 1 1
0 4 273 1 1
0 9 273 1 1
0 3 273 1 1
0 8 273 1 1
0 2 273 1 1
0 3 274 1 1
0 4 274 1 1
0 5 274 1 1
0 8 274 1 1
0 6 274 1 1
0 7 274 1 1
0 10 274 1 1
0 11 274 1 1
0 1 274 1 1
0 7 275 1 1
0 6 275 1 1
0 9 275 1 1
0 11 275 1 1
0 1 275 1 1
0 10 275 1 1
0 2 275 1 1
0 5 275 1 1
0 4 275 1 1
0 7 276 1 1
0 6 276 1 1
0 11 276 1 1
0 5 276 1 1
0 4 276 1 1
0 9 276 1 1
0 3 276 1 1
0 8 276 1 1
0 2 276 1 1
0 3 277 1 1
0 4 277 1 1
0 5 277 1 1
0 8 277 1 1
0 6 277 1 1
0 7 277 1 1
0 10 277 1 1
0 11 277 1 1
0 1 277 1 1
0 7 278 1 1
0 6 278 1 1
0 9 278 1 1
0 11 278 1 1
0 1 278 1 1
0 10 278 1 1
0 2 278 1 1
0 5 278 1 1
0 4 278 1 1
0 7 279 1 1
0 6 279 1 1
0 11 279 1 1
0 5 279 1 1
0 4 279 1 1
0 9 279 1 1
0 3 279 1 1
0 8 279 1 1
0 2 279 1 1
0 3 280 1 1
0 4 280 1 1
0 5 280 1 1
0 8 280 1 1
0 6 280 1 1
0 7 280 1 1
0 10 280 1 1
0 11 280 1 1
0 1 280 1 1
0 7 281 1 1
0 6 281 1 1
0 9 281 1 1
0 11 281 1 1
0 1 281 1 1
0 10 281 1 1
0 2 281 1 1
0 5 281 1 1
0 4 281 1 1
0 7 282 1 1
0 6 282 1 1
0 11 282 1 1
0 5 282 1 1
0 4 282 1 1
0 9 282 1 1
0 3 282 1 1
0 8 282 1 1
0 2 282 1 1
0 3 283 1 1
0 4 283 1 1
0 5 283 1 1
0 8 283 1 1
0 6 283 1 1
0 7 283 1 1
0 10 283 1 1
0 11 283 1 1
0 1 283 1 1
0 7 284 1 1
0 6 284 1 1
0 9 284 1 1
0 11 284 1 1
0 1 284 1 1
0 10 284 1 1
0 2 284 1 1
0 5 284 1 1
0 4 284 1 1
0 7 285 1 1
0 6 285 1 1
0 11 285 1 1
0 5 285 1 1
0 4 285 1 1
0 9 285 1 1
0 3 285 1 1
0 8 285 1 1
0 2 285 1 1
0 3 286 1 1
0 4 286 1 1
0 5 286 1 1
0 8 286 1 1
0 6 286 1 1
0 7 286 1 1
0 10 286 1 1
0 11 286 1 1
0 1 286 1 1
0 7 287 1 1
0 6 287 1 1
0 9 287 1 1
0 11 287 1 1
0 1 287 1 1
0 10 287 1 1
0 2 287 1 1
0 5 287 1 1
0 4 287 1 1
0 7 288 1 1
0 6 288 1 1
0 11 288 1 1
0 5 288 1 1
0 4 288 1 1
0 9 288 1 1
0 3 288 1 1
0 8 288 1 1
0 2 288 1 1
0 3 289 1 1
0 4 289 1 1
0 5 289 1 1
0 8 289 1 1
0 6 289 1 1
0 7 289 1 1
0 10 289 1 1
0 11 289 1 1
0 1 289 1 1
0 7 290 1 1
0 6 290 1 1
0 9 290 1 1
0 11 290 1 1
0 1 290 1 1
0 10 290 1 1
0 2 290 1 1
0 5 290 1 1
0 4 290 1 1
0 7 291 1 1
0 6 291 1 1
0 11 291 1 1
0 5 291 1 1
0 4 291 1 1
0 9 291 1 1
0 3 291 1 1
0 8 291 1 1
0 2 291 1 1
0 3 292 1 1
0 4 292 1 1
0 5 292 1 1
0 8 292 1 1
0 6 292 1 1
0 7 292 1 1
0 10 292 1 1
0 11 292 1 1
0 1 292 1 1
0 7 293 1 1
0 6 293 1 1
0 9 293 1 1
0 11 293 1 1
0 1 293 1 1
0 10 293 1 1
0 2 293 1 1
0 5 293 1 1
0 4 293 1 1
0 7 294 1 1
0 6 294 1 1
0 11 294 1 1
0 5 294 1 1
0 4 294 1 1
0 9 294 1 1
0 3 294 1 1
0 8 294 1 1
0 2 294 1 1
0 3 295 1 1
0 4 295 1 1
0 5 295 1 1
0 8 295 1 1
0 6 295 1 1
0 7 295 1 1
0 10 295 1 1
0 11 295 1 1
0 1 295 1 1
0 7 296 1 1
0 6 296 1 1
0 9 296 1 1
0 11 296 1 1
0 1 296 1 1
0 10 296 1 1
0 2 296 1 1
0 5 296 1 1
0 4 296 1 1
0 7 297 1 1
0 6 297 1 1
0 11 297 1 1
0 5 297 1 1
0 4 297 1 1
0 9 297 1 1
0 3 297 1 1
0 8 297 1 1
0 2 297 1 1
0 3 298 1 1
0 4 298 1 1
0 5 298 1 1
0 8 298 1 1
0 6 298 1 1
0 7 298 1 1
0 10 298 1 1
0 11 298 1 1
0 1 298 1 1
0 7 299 1 1
0 6 299 1 1
0 9 299 1 1
0 11 299 1 1
0 1 299 1 1
0 10 299 1 1
0 2 299 1 1
0 5 299 1 1
0 4 299 1 1
