0 4 0 1 1
0 1 1 1 1
0 3 3 1 1
0 5 1 1 1
0 1 1 1 1
0 4 1 1 1
0 2 0 1 1
0 3 2 1 1
0 1 1 1 1
0 1 3 1 1
0 2 0 1 1
0 4 2 1 1
0 4 4 1 1
0 1 5 1 1
0 3 7 1 1
0 5 5 1 1
0 1 5 1 1
0 4 5 1 1
0 2 4 1 1
0 3 6 1 1
0 1 5 1 1
0 1 7 1 1
0 2 4 1 1
0 4 6 1 1
0 4 8 1 1
0 1 9 1 1
0 3 11 1 1
0 5 9 1 1
0 1 9 1 1
0 4 9 1 1
0 2 8 1 1
0 3 10 1 1
0 1 9 1 1
0 1 11 1 1
0 2 8 1 1
0 4 10 1 1
0 4 12 1 1
0 1 13 1 1
0 3 15 1 1
0 5 13 1 1
0 1 13 1 1
0 4 13 1 1
0 2 12 1 1
0 3 14 1 1
0 1 13 1 1
0 1 15 1 1
0 2 12 1 1
0 4 14 1 1
0 4 16 1 1
0 1 17 1 1
0 3 19 1 1
0 5 17 1 1
0 1 17 1 1
0 4 17 1 1
0 2 16 1 1
0 3 18 1 1
0 1 17 1 1
0 1 19 1 1
0 2 16 1 1
0 4 18 1 1
0 4 20 1 1
0 1 21 1 1
0 3 23 1 1
0 5 21 1 1
0 1 21 1 1
0 4 21 1 1
0 2 20 1 1
0 3 22 1 1
0 1 21 1 1
0 1 23 1 1
0 2 20 1 1
0 4 22 1 1
0 4 24 1 1
0 1 25 1 1
0 3 27 1 1
0 5 25 1 1
0 1 25 1 1
0 4 25 1 1
0 2 24 1 1
0 3 26 1 1
0 1 25 1 1
0 1 27 1 1
0 2 24 1 1
0 4 26 1 1
0 4 28 1 1
0 1 29 1 1
0 3 31 1 1
0 5 29 1 1
0 1 29 1 1
0 4 29 1 1
0 2 28 1 1
0 3 30 1 1
0 1 29 1 1
0 1 31 1 1
0 2 28 1 1
0 4 30 1 1
0 4 32 1 1
0 1 33 1 1
0 3 35 1 1
0 5 33 1 1
0 1 33 1 1
0 4 33 1 1
0 2 32 1 1
0 3 34 1 1
0 1 33 1 1
0 1 35 1 1
0 2 32 1 1
0 4 34 1 1
0 4 36 1 1
0 1 37 1 1
0 3 39 1 1
0 5 37 1 1
0 1 37 1 1
0 4 37 1 1
0 2 36 1 1
0 3 38 1 1
0 1 37 1 1
0 1 39 1 1
0 2 36 1 1
0 4 38 1 1
0 4 40 1 1
0 1 41 1 1
0 3 43 1 1
0 5 41 1 1
0 1 41 1 1
0 4 41 1 1
0 2 40 1 1
0 3 42 1 1
0 1 41 1 1
0 1 43 1 1
0 2 40 1 1
0 4 42 1 1
0 4 44 1 1
0 1 45 1 1
0 3 47 1 1
0 5 45 1 1
0 1 45 1 1
0 4 45 1 1
0 2 44 1 1
0 3 46 1 1
0 1 45 1 1
0 1 47 1 1
0 2 44 1 1
0 4 46 1 1
0 4 48 1 1
0 1 49 1 1
0 3 51 1 1
0 5 49 1 1
0 1 49 1 1
0 4 49 1 1
0 2 48 1 1
0 3 50 1 1
0 1 49 1 1
0 1 51 1 1
0 2 48 1 1
0 4 50 1 1
0 4 52 1 1
0 1 53 1 1
0 3 55 1 1
0 5 53 1 1
0 1 53 1 1
0 4 53 1 1
0 2 52 1 1
0 3 54 1 1
0 1 53 1 1
0 1 55 1 1
0 2 52 1 1
0 4 54 1 1
0 4 56 1 1
0 1 57 1 1
0 3 59 1 1
0 5 57 1 1
0 1 57 1 1
0 4 57 1 1
0 2 56 1 1
0 3 58 1 1
0 1 57 1 1
0 1 59 1 1
0 2 56 1 1
0 4 58 1 1
0 4 60 1 1
0 1 61 1 1
0 3 63 1 1
0 5 61 1 1
0 1 61 1 1
0 4 61 1 1
0 2 60 1 1
0 3 62 1 1
0 1 61 1 1
0 1 63 1 1
0 2 60 1 1
0 4 62 1 1
0 4 64 1 1
0 1 65 1 1
0 3 67 1 1
0 5 65 1 1
0 1 65 1 1
0 4 65 1 1
0 2 64 1 1
0 3 66 1 1
0 1 65 1 1
0 1 67 1 1
0 2 64 1 1
0 4 66 1 1
0 4 68 1 1
0 1 69 1 1
0 3 71 1 1
0 5 69 1 1
0 1 69 1 1
0 4 69 1 1
0 2 68 1 1
0 3 70 1 1
0 1 69 1 1
0 1 71 1 1
0 2 68 1 1
0 4 70 1 1
0 4 72 1 1
0 1 73 1 1
0 3 75 1 1
0 5 73 1 1
0 1 73 1 1
0 4 73 1 1
0 2 72 1 1
0 3 74 1 1
0 1 73 1 1
0 1 75 1 1
0 2 72 1 1
0 4 74 1 1
0 4 76 1 1
0 1 77 1 1
0 3 79 1 1
0 5 77 1 1
0 1 77 1 1
0 4 77 1 1
0 2 76 1 1
0 3 78 1 1
0 1 77 1 1
0 1 79 1 1
0 2 76 1 1
0 4 78 1 1
0 4 80 1 1
0 1 81 1 1
0 3 83 1 1
0 5 81 1 1
0 1 81 1 1
0 4 81 1 1
0 2 80 1 1
0 3 82 1 1
0 1 81 1 1
0 1 83 1 1
0 2 80 1 1
0 4 82 1 1
0 4 84 1 1
0 1 85 1 1
0 3 87 1 1
0 5 85 1 1
0 1 85 1 1
0 4 85 1 1
0 2 84 1 1
0 3 86 1 1
0 1 85 1 1
0 1 87 1 1
0 2 84 1 1
0 4 86 1 1
0 4 88 1 1
0 1 89 1 1
0 3 91 1 1
0 5 89 1 1
0 1 89 1 1
0 4 89 1 1
0 2 88 1 1
0 3 90 1 1
0 1 89 1 1
0 1 91 1 1
0 2 88 1 1
0 4 90 1 1
0 4 92 1 1
0 1 93 1 1
0 3 95 1 1
0 5 93 1 1
0 1 93 1 1
0 4 93 1 1
0 2 92 1 1
0 3 94 1 1
0 1 93 1 1
0 1 95 1 1
0 2 92 1 1
0 4 94 1 1
0 4 96 1 1
0 1 97 1 1
0 3 99 1 1
0 5 97 1 1
0 1 97 1 1
0 4 97 1 1
0 2 96 1 1
0 3 98 1 1
0 1 97 1 1
0 1 99 1 1
0 2 96 1 1
0 4 98 1 1
0 4 100 1 1
0 1 101 1 1
0 3 103 1 1
0 5 101 1 1
0 1 101 1 1
0 4 101 1 1
0 2 100 1 1
0 3 102 1 1
0 1 101 1 1
0 1 103 1 1
0 2 100 1 1
0 4 102 1 1
0 4 104 1 1
0 1 105 1 1
0 3 107 1 1
0 5 105 1 1
0 1 105 1 1
0 4 105 1 1
0 2 104 1 1
0 3 106 1 1
0 1 105 1 1
0 1 107 1 1
0 2 104 1 1
0 4 106 1 1
0 4 108 1 1
0 1 109 1 1
0 3 111 1 1
0 5 109 1 1
0 1 109 1 1
0 4 109 1 1
0 2 108 1 1
0 3 110 1 1
0 1 109 1 1
0 1 111 1 1
0 2 108 1 1
0 4 110 1 1
0 4 112 1 1
0 1 113 1 1
0 3 115 1 1
0 5 113 1 1
0 1 113 1 1
0 4 113 1 1
0 2 112 1 1
0 3 114 1 1
0 1 113 1 1
0 1 115 1 1
0 2 112 1 1
0 4 114 1 1
0 4 116 1 1
0 1 117 1 1
0 3 119 1 1
0 5 117 1 1
0 1 117 1 1
0 4 117 1 1
0 2 116 1 1
0 3 118 1 1
0 1 117 1 1
0 1 119 1 1
0 2 116 1 1
0 4 118 1 1
0 4 120 1 1
0 1 121 1 1
0 3 123 1 1
0 5 121 1 1
0 1 121 1 1
0 4 121 1 1
0 2 120 1 1
0 3 122 1 1
0 1 121 1 1
0 1 123 1 1
0 2 120 1 1
0 4 122 1 1
0 4 124 1 1
0 1 125 1 1
0 3 127 1 1
0 5 125 1 1
0 1 125 1 1
0 4 125 1 1
0 2 124 1 1
0 3 126 1 1
0 1 125 1 1
0 1 127 1 1
0 2 124 1 1
0 4 126 1 1
0 4 128 1 1
0 1 129 1 1
0 3 131 1 1
0 5 129 1 1
0 1 129 1 1
0 4 129 1 1
0 2 128 1 1
0 3 130 1 1
0 1 129 1 1
0 1 131 1 1
0 2 128 1 1
0 4 130 1 1
0 4 132 1 1
0 1 133 1 1
0 3 135 1 1
0 5 133 1 1
0 1 133 1 1
0 4 133 1 1
0 2 132 1 1
0 3 134 1 1
0 1 133 1 1
0 1 135 1 1
0 2 132 1 1
0 4 134 1 1
0 4 136 1 1
0 1 137 1 1
0 3 139 1 1
0 5 137 1 1
0 1 137 1 1
0 4 137 1 1
0 2 136 1 1
0 3 138 1 1
0 1 137 1 1
0 1 139 1 1
0 2 136 1 1
0 4 138 1 1
0 4 140 1 1
0 1 141 1 1
0 3 143 1 1
0 5 141 1 1
0 1 141 1 1
0 4 141 1 1
0 2 140 1 1
0 3 142 1 1
0 1 141 1 1
0 1 143 1 1
0 2 140 1 1
0 4 142 1 1
0 4 144 1 1
0 1 145 1 1
0 3 147 1 1
0 5 145 1 1
0 1 145 1 1
0 4 145 1 1
0 2 144 1 1
0 3 146 1 1
0 1 145 1 1
0 1 147 1 1
0 2 144 1 1
0 4 146 1 1
0 4 148 1 1
0 1 149 1 1
0 3 151 1 1
0 5 149 1 1
0 1 149 1 1
0 4 149 1 1
0 2 148 1 1
0 3 150 1 1
0 1 149 1 1
0 1 151 1 1
0 2 148 1 1
0 4 150 1 1
0 4 152 1 1
0 1 153 1 1
0 3 155 1 1
0 5 153 1 1
0 1 153 1 1
0 4 153 1 1
0 2 152 1 1
0 3 154 1 1
0 1 153 1 1
0 1 155 1 1
0 2 152 1 1
0 4 154 1 1
0 4 156 1 1
0 1 157 1 1
0 3 159 1 1
0 5 157 1 1
0 1 157 1 1
0 4 157 1 1
0 2 156 1 1
0 3 158 1 1
0 1 157 1 1
0 1 159 1 1
0 2 156 1 1
0 4 158 1 1
0 4 160 1 1
0 1 161 1 1
0 3 163 1 1
0 5 161 1 1
0 1 161 1 1
0 4 161 1 1
0 2 160 1 1
0 3 162 1 1
0 1 161 1 1
0 1 163 1 1
0 2 160 1 1
0 4 162 1 1
0 4 164 1 1
0 1 165 1 1
0 3 167 1 1
0 5 165 1 1
0 1 165 1 1
0 4 165 1 1
0 2 164 1 1
0 3 166 1 1
0 1 165 1 1
0 1 167 1 1
0 2 164 1 1
0 4 166 1 1
0 4 168 1 1
0 1 169 1 1
0 3 171 1 1
0 5 169 1 1
0 1 169 1 1
0 4 169 1 1
0 2 168 1 1
0 3 170 1 1
0 1 169 1 1
0 1 171 1 1
0 2 168 1 1
0 4 170 1 1
0 4 172 1 1
0 1 173 1 1
0 3 175 1 1
0 5 173 1 1
0 1 173 1 1
0 4 173 1 1
0 2 172 1 1
0 3 174 1 1
0 1 173 1 1
0 1 175 1 1
0 2 172 1 1
0 4 174 1 1
0 4 176 1 1
0 1 177 1 1
0 3 179 1 1
0 5 177 1 1
0 1 177 1 1
0 4 177 1 1
0 2 176 1 1
0 3 178 1 1
0 1 177 1 1
0 1 179 1 1
0 2 176 1 1
0 4 178 1 1
0 4 180 1 1
0 1 181 1 1
0 3 183 1 1
0 5 181 1 1
0 1 181 1 1
0 4 181 1 1
0 2 180 1 1
0 3 182 1 1
0 1 181 1 1
0 1 183 1 1
0 2 180 1 1
0 4 182 1 1
0 4 184 1 1
0 1 185 1 1
0 3 187 1 1
0 5 185 1 1
0 1 185 1 1
0 4 185 1 1
0 2 184 1 1
0 3 186 1 1
0 1 185 1 1
0 1 187 1 1
0 2 184 1 1
0 4 186 1 1
0 4 188 1 1
0 1 189 1 1
0 3 191 1 1
0 5 189 1 1
0 1 189 1 1
0 4 189 1 1
0 2 188 1 1
0 3 190 1 1
0 1 189 1 1
0 1 191 1 1
0 2 188 1 1
0 4 190 1 1
0 4 192 1 1
0 1 193 1 1
0 3 195 1 1
0 5 193 1 1
0 1 193 1 1
0 4 193 1 1
0 2 192 1 1
0 3 194 1 1
0 1 193 1 1
0 1 195 1 1
0 2 192 1 1
0 4 194 1 1
0 4 196 1 1
0 1 197 1 1
0 3 199 1 1
0 5 197 1 1
0 1 197 1 1
0 4 197 1 1
0 2 196 1 1
0 3 198 1 1
0 1 197 1 1
0 1 199 1 1
0 2 196 1 1
0 4 198 1 1
0 4 200 1 1
0 1 201 1 1
0 3 203 1 1
0 5 201 1 1
0 1 201 1 1
0 4 201 1 1
0 2 200 1 1
0 3 202 1 1
0 1 201 1 1
0 1 203 1 1
0 2 200 1 1
0 4 202 1 1
0 4 204 1 1
0 1 205 1 1
0 3 207 1 1
0 5 205 1 1
0 1 205 1 1
0 4 205 1 1
0 2 204 1 1
0 3 206 1 1
0 1 205 1 1
0 1 207 1 1
0 2 204 1 1
0 4 206 1 1
0 4 208 1 1
0 1 209 1 1
0 3 211 1 1
0 5 209 1 1
0 1 209 1 1
0 4 209 1 1
0 2 208 1 1
0 3 210 1 1
0 1 209 1 1
0 1 211 1 1
0 2 208 1 1
0 4 210 1 1
0 4 212 1 1
0 1 213 1 1
0 3 215 1 1
0 5 213 1 1
0 1 213 1 1
0 4 213 1 1
0 2 212 1 1
0 3 214 1 1
0 1 213 1 1
0 1 215 1 1
0 2 212 1 1
0 4 214 1 1
0 4 216 1 1
0 1 217 1 1
0 3 219 1 1
0 5 217 1 1
0 1 217 1 1
0 4 217 1 1
0 2 216 1 1
0 3 218 1 1
0 1 217 1 1
0 1 219 1 1
0 2 216 1 1
0 4 218 1 1
0 4 220 1 1
0 1 221 1 1
0 3 223 1 1
0 5 221 1 1
0 1 221 1 1
0 4 221 1 1
0 2 220 1 1
0 3 222 1 1
0 1 221 1 1
0 1 223 1 1
0 2 220 1 1
0 4 222 1 1
0 4 224 1 1
0 1 225 1 1
0 3 227 1 1
0 5 225 1 1
0 1 225 1 1
0 4 225 1 1
0 2 224 1 1
0 3 226 1 1
0 1 225 1 1
0 1 227 1 1
0 2 224 1 1
0 4 226 1 1
0 4 228 1 1
0 1 229 1 1
0 3 231 1 1
0 5 229 1 1
0 1 229 1 1
0 4 229 1 1
0 2 228 1 1
0 3 230 1 1
0 1 229 1 1
0 1 231 1 1
0 2 228 1 1
0 4 230 1 1
0 4 232 1 1
0 1 233 1 1
0 3 235 1 1
0 5 233 1 1
0 1 233 1 1
0 4 233 1 1
0 2 232 1 1
0 3 234 1 1
0 1 233 1 1
0 1 235 1 1
0 2 232 1 1
0 4 234 1 1
0 4 236 1 1
0 1 237 1 1
0 3 239 1 1
0 5 237 1 1
0 1 237 1 1
0 4 237 1 1
0 2 236 1 1
0 3 238 1 1
0 1 237 1 1
0 1 239 1 1
0 2 236 1 1
0 4 238 1 1
0 4 240 1 1
0 1 241 1 1
0 3 243 1 1
0 5 241 1 1
0 1 241 1 1
0 4 241 1 1
0 2 240 1 1
0 3 242 1 1
0 1 241 1 1
0 1 243 1 1
0 2 240 1 1
0 4 242 1 1
0 4 244 1 1
0 1 245 1 1
0 3 247 1 1
0 5 245 1 1
0 1 245 1 1
0 4 245 1 1
0 2 244 1 1
0 3 246 1 1
0 1 245 1 1
0 1 247 1 1
0 2 244 1 1
0 4 246 1 1
0 4 248 1 1
0 1 249 1 1
0 3 251 1 1
0 5 249 1 1
0 1 249 1 1
0 4 249 1 1
0 2 248 1 1
0 3 250 1 1
0 1 249 1 1
0 1 251 1 1
0 2 248 1 1
0 4 250 1 1
0 4 252 1 1
0 1 253 1 1
0 3 255 1 1
0 5 253 1 1
0 1 253 1 1
0 4 253 1 1
0 2 252 1 1
0 3 254 1 1
0 1 253 1 1
0 1 255 1 1
0 2 252 1 1
0 4 254 1 1
0 4 256 1 1
0 1 257 1 1
0 3 259 1 1
0 5 257 1 1
0 1 257 1 1
0 4 257 1 1
0 2 256 1 1
0 3 258 1 1
0 1 257 1 1
0 1 259 1 1
0 2 256 1 1
0 4 258 1 1
0 4 260 1 1
0 1 261 1 1
0 3 263 1 1
0 5 261 1 1
0 1 261 1 1
0 4 261 1 1
0 2 260 1 1
0 3 262 1 1
0 1 261 1 1
0 1 263 1 1
0 2 260 1 1
0 4 262 1 1
0 4 264 1 1
0 1 265 1 1
0 3 267 1 1
0 5 265 1 1
0 1 265 1 1
0 4 265 1 1
0 2 264 1 1
0 3 266 1 1
0 1 265 1 1
0 1 267 1 1
0 2 264 1 1
0 4 266 1 1
0 4 268 1 1
0 1 269 1 1
0 3 271 1 1
0 5 269 1 1
0 1 269 1 1
0 4 269 1 1
0 2 268 1 1
0 3 270 1 1
0 1 269 1 1
0 1 271 1 1
0 2 268 1 1
0 4 270 1 1
0 4 272 1 1
0 1 273 1 1
0 3 275 1 1
0 5 273 1 1
0 1 273 1 1
0 4 273 1 1
0 2 272 1 1
0 3 274 1 1
0 1 273 1 1
0 1 275 1 1
0 2 272 1 1
0 4 274 1 1
0 4 276 1 1
0 1 277 1 1
0 3 279 1 1
0 5 277 1 1
0 1 277 1 1
0 4 277 1 1
0 2 276 1 1
0 3 278 1 1
0 1 277 1 1
0 1 279 1 1
0 2 276 1 1
0 4 278 1 1
0 4 280 1 1
0 1 281 1 1
0 3 283 1 1
0 5 281 1 1
0 1 281 1 1
0 4 281 1 1
0 2 280 1 1
0 3 282 1 1
0 1 281 1 1
0 1 283 1 1
0 2 280 1 1
0 4 282 1 1
0 4 284 1 1
0 1 285 1 1
0 3 287 1 1
0 5 285 1 1
0 1 285 1 1
0 4 285 1 1
0 2 284 1 1
0 3 286 1 1
0 1 285 1 1
0 1 287 1 1
0 2 284 1 1
0 4 286 1 1
0 4 288 1 1
0 1 289 1 1
0 3 291 1 1
0 5 289 1 1
0 1 289 1 1
0 4 289 1 1
0 2 288 1 1
0 3 290 1 1
0 1 289 1 1
0 1 291 1 1
0 2 288 1 1
0 4 290 1 1
0 4 292 1 1
0 1 293 1 1
0 3 295 1 1
0 5 293 1 1
0 1 293 1 1
0 4 293 1 1
0 2 292 1 1
0 3 294 1 1
0 1 293 1 1
0 1 295 1 1
0 2 292 1 1
0 4 294 1 1
0 4 296 1 1
0 1 297 1 1
0 3 299 1 1
0 5 297 1 1
0 1 297 1 1
0 4 297 1 1
0 2 296 1 1
0 3 298 1 1
0 1 297 1 1
0 1 299 1 1
0 2 296 1 1
0 4 298 1 1
0 4 300 1 1
0 1 301 1 1
0 3 303 1 1
0 5 301 1 1
0 1 301 1 1
0 4 301 1 1
0 2 300 1 1
0 3 302 1 1
0 1 301 1 1
0 1 303 1 1
0 2 300 1 1
0 4 302 1 1
0 4 304 1 1
0 1 305 1 1
0 3 307 1 1
0 5 305 1 1
0 1 305 1 1
0 4 305 1 1
0 2 304 1 1
0 3 306 1 1
0 1 305 1 1
0 1 307 1 1
0 2 304 1 1
0 4 306 1 1
0 4 308 1 1
0 1 309 1 1
0 3 311 1 1
0 5 309 1 1
0 1 309 1 1
0 4 309 1 1
0 2 308 1 1
0 3 310 1 1
0 1 309 1 1
0 1 311 1 1
0 2 308 1 1
0 4 310 1 1
0 4 312 1 1
0 1 313 1 1
0 3 315 1 1
0 5 313 1 1
0 1 313 1 1
0 4 313 1 1
0 2 312 1 1
0 3 314 1 1
0 1 313 1 1
0 1 315 1 1
0 2 312 1 1
0 4 314 1 1
0 4 316 1 1
0 1 317 1 1
0 3 319 1 1
0 5 317 1 1
0 1 317 1 1
0 4 317 1 1
0 2 316 1 1
0 3 318 1 1
0 1 317 1 1
0 1 319 1 1
0 2 316 1 1
0 4 318 1 1
0 4 320 1 1
0 1 321 1 1
0 3 323 1 1
0 5 321 1 1
0 1 321 1 1
0 4 321 1 1
0 2 320 1 1
0 3 322 1 1
0 1 321 1 1
0 1 323 1 1
0 2 320 1 1
0 4 322 1 1
0 4 324 1 1
0 1 325 1 1
0 3 327 1 1
0 5 325 1 1
0 1 325 1 1
0 4 325 1 1
0 2 324 1 1
0 3 326 1 1
0 1 325 1 1
0 1 327 1 1
0 2 324 1 1
0 4 326 1 1
0 4 328 1 1
0 1 329 1 1
0 3 331 1 1
0 5 329 1 1
0 1 329 1 1
0 4 329 1 1
0 2 328 1 1
0 3 330 1 1
0 1 329 1 1
0 1 331 1 1
0 2 328 1 1
0 4 330 1 1
0 4 332 1 1
0 1 333 1 1
0 3 335 1 1
0 5 333 1 1
0 1 333 1 1
0 4 333 1 1
0 2 332 1 1
0 3 334 1 1
0 1 333 1 1
0 1 335 1 1
0 2 332 1 1
0 4 334 1 1
0 4 336 1 1
0 1 337 1 1
0 3 339 1 1
0 5 337 1 1
0 1 337 1 1
0 4 337 1 1
0 2 336 1 1
0 3 338 1 1
0 1 337 1 1
0 1 339 1 1
0 2 336 1 1
0 4 338 1 1
0 4 340 1 1
0 1 341 1 1
0 3 343 1 1
0 5 341 1 1
0 1 341 1 1
0 4 341 1 1
0 2 340 1 1
0 3 342 1 1
0 1 341 1 1
0 1 343 1 1
0 2 340 1 1
0 4 342 1 1
0 4 344 1 1
0 1 345 1 1
0 3 347 1 1
0 5 345 1 1
0 1 345 1 1
0 4 345 1 1
0 2 344 1 1
0 3 346 1 1
0 1 345 1 1
0 1 347 1 1
0 2 344 1 1
0 4 346 1 1
0 4 348 1 1
0 1 349 1 1
0 3 351 1 1
0 5 349 1 1
0 1 349 1 1
0 4 349 1 1
0 2 348 1 1
0 3 350 1 1
0 1 349 1 1
0 1 351 1 1
0 2 348 1 1
0 4 350 1 1
0 4 352 1 1
0 1 353 1 1
0 3 355 1 1
0 5 353 1 1
0 1 353 1 1
0 4 353 1 1
0 2 352 1 1
0 3 354 1 1
0 1 353 1 1
0 1 355 1 1
0 2 352 1 1
0 4 354 1 1
0 4 356 1 1
0 1 357 1 1
0 3 359 1 1
0 5 357 1 1
0 1 357 1 1
0 4 357 1 1
0 2 356 1 1
0 3 358 1 1
0 1 357 1 1
0 1 359 1 1
0 2 356 1 1
0 4 358 1 1
0 4 360 1 1
0 1 361 1 1
0 3 363 1 1
0 5 361 1 1
0 1 361 1 1
0 4 361 1 1
0 2 360 1 1
0 3 362 1 1
0 1 361 1 1
0 1 363 1 1
0 2 360 1 1
0 4 362 1 1
0 4 364 1 1
0 1 365 1 1
0 3 367 1 1
0 5 365 1 1
0 1 365 1 1
0 4 365 1 1
0 2 364 1 1
0 3 366 1 1
0 1 365 1 1
0 1 367 1 1
0 2 364 1 1
0 4 366 1 1
0 4 368 1 1
0 1 369 1 1
0 3 371 1 1
0 5 369 1 1
0 1 369 1 1
0 4 369 1 1
0 2 368 1 1
0 3 370 1 1
0 1 369 1 1
0 1 371 1 1
0 2 368 1 1
0 4 370 1 1
0 4 372 1 1
0 1 373 1 1
0 3 375 1 1
0 5 373 1 1
0 1 373 1 1
0 4 373 1 1
0 2 372 1 1
0 3 374 1 1
0 1 373 1 1
0 1 375 1 1
0 2 372 1 1
0 4 374 1 1
0 4 376 1 1
0 1 377 1 1
0 3 379 1 1
0 5 377 1 1
0 1 377 1 1
0 4 377 1 1
0 2 376 1 1
0 3 378 1 1
0 1 377 1 1
0 1 379 1 1
0 2 376 1 1
0 4 378 1 1
0 4 380 1 1
0 1 381 1 1
0 3 383 1 1
0 5 381 1 1
0 1 381 1 1
0 4 381 1 1
0 2 380 1 1
0 3 382 1 1
0 1 381 1 1
0 1 383 1 1
0 2 380 1 1
0 4 382 1 1
0 4 384 1 1
0 1 385 1 1
0 3 387 1 1
0 5 385 1 1
0 1 385 1 1
0 4 385 1 1
0 2 384 1 1
0 3 386 1 1
0 1 385 1 1
0 1 387 1 1
0 2 384 1 1
0 4 386 1 1
0 4 388 1 1
0 1 389 1 1
0 3 391 1 1
0 5 389 1 1
0 1 389 1 1
0 4 389 1 1
0 2 388 1 1
0 3 390 1 1
0 1 389 1 1
0 1 391 1 1
0 2 388 1 1
0 4 390 1 1
0 4 392 1 1
0 1 393 1 1
0 3 395 1 1
0 5 393 1 1
0 1 393 1 1
0 4 393 1 1
0 2 392 1 1
0 3 394 1 1
0 1 393 1 1
0 1 395 1 1
0 2 392 1 1
0 4 394 1 1
0 4 396 1 1
0 1 397 1 1
0 3 399 1 1
0 5 397 1 1
0 1 397 1 1
0 4 397 1 1
0 2 396 1 1
0 3 398 1 1
0 1 397 1 1
0 1 399 1 1
0 2 396 1 1
0 4 398 1 1
