0 3 0 1 1
0 5 0 1 1
0 2 0 1 1
0 7 0 1 1
0 4 0 1 1
0 3 1 1 1
0 6 1 1 1
0 1 1 1 1
0 4 1 1 1
0 7 1 1 1
0 7 2 1 1
0 5 2 1 1
0 6 2 1 1
0 1 2 1 1
0 2 2 1 1
0 7 3 1 1
0 2 3 1 1
0 1 3 1 1
0 6 3 1 1
0 5 3 1 1
0 7 4 1 1
0 4 4 1 1
0 1 4 1 1
0 6 4 1 1
0 3 4 1 1
0 4 5 1 1
0 7 5 1 1
0 2 5 1 1
0 5 5 1 1
0 3 5 1 1
0 3 6 1 1
0 5 6 1 1
0 2 6 1 1
0 7 6 1 1
0 4 6 1 1
0 3 7 1 1
0 6 7 1 1
0 1 7 1 1
0 4 7 1 1
0 7 7 1 1
0 7 8 1 1
0 5 8 1 1
0 6 8 1 1
0 1 8 1 1
0 2 8 1 1
0 7 9 1 1
0 2 9 1 1
0 1 9 1 1
0 6 9 1 1
0 5 9 1 1
0 7 10 1 1
0 4 10 1 1
0 1 10 1 1
0 6 10 1 1
0 3 10 1 1
0 4 11 1 1
0 7 11 1 1
0 2 11 1 1
0 5 11 1 1
0 3 11 1 1
0 3 12 1 1
0 5 12 1 1
0 2 12 1 1
0 7 12 1 1
0 4 12 1 1
0 3 13 1 1
0 6 13 1 1
0 1 13 1 1
0 4 13 1 1
0 7 13 1 1
0 7 14 1 1
0 5 14 1 1
0 6 14 1 1
0 1 14 1 1
0 2 14 1 1
0 7 15 1 1
0 2 15 1 1
0 1 15 1 1
0 6 15 1 1
0 5 15 1 1
0 7 16 1 1
0 4 16 1 1
0 1 16 1 1
0 6 16 1 1
0 3 16 1 1
0 4 17 1 1
0 7 17 1 1
0 2 17 1 1
0 5 17 1 1
0 3 17 1 1
0 3 18 1 1
0 5 18 1 1
0 2 18 1 1
0 7 18 1 1
0 4 18 1 1
0 3 19 1 1
0 6 19 1 1
0 1 19 1 1
0 4 19 1 1
0 7 19 1 1
0 7 20 1 1
0 5 20 1 1
0 6 20 1 1
0 1 20 1 1
0 2 20 1 1
0 7 21 1 1
0 2 21 1 1
0 1 21 1 1
0 6 21 1 1
0 5 21 1 1
0 7 22 1 1
0 4 22 1 1
0 1 22 1 1
0 6 22 1 1
0 3 22 1 1
0 4 23 1 1
0 7 23 1 1
0 2 23 1 1
0 5 23 1 1
0 3 23 1 1
0 3 24 1 1
0 5 24 1 1
0 2 24 1 1
0 7 24 1 1
0 4 24 1 1
0 3 25 1 1
0 6 25 1 1
0 1 25 1 1
0 4 25 1 1
0 7 25 1 1
0 7 26 1 1
0 5 26 1 1
0 6 26 1 1
0 1 26 1 1
0 2 26 1 1
0 7 27 1 1
0 2 27 1 1
0 1 27 1 1
0 6 27 1 1
0 5 27 1 1
0 7 28 1 1
0 4 28 1 1
0 1 28 1 1
0 6 28 1 1
0 3 28 1 1
0 4 29 1 1
0 7 29 1 1
0 2 29 1 1
0 5 29 1 1
0 3 29 1 1
0 3 30 1 1
0 5 30 1 1
0 2 30 1 1
0 7 30 1 1
0 4 30 1 1
0 3 31 1 1
0 6 31 1 1
0 1 31 1 1
0 4 31 1 1
0 7 31 1 1
0 7 32 1 1
0 5 32 1 1
0 6 32 1 1
0 1 32 1 1
0 2 32 1 1
0 7 33 1 1
0 2 33 1 1
0 1 33 1 1
0 6 33 1 1
0 5 33 1 1
0 7 34 1 1
0 4 34 1 1
0 1 34 1 1
0 6 34 1 1
0 3 34 1 1
0 4 35 1 1
0 7 35 1 1
0 2 35 1 1
0 5 35 1 1
0 3 35 1 1
0 3 36 1 1
0 5 36 1 1
0 2 36 1 1
0 7 36 1 1
0 4 36 1 1
0 3 37 1 1
0 6 37 1 1
0 1 37 1 1
0 4 37 1 1
0 7 37 1 1
0 7 38 1 1
0 5 38 1 1
0 6 38 1 1
0 1 38 1 1
0 2 38 1 1
0 7 39 1 1
0 2 39 1 1
0 1 39 1 1
0 6 39 1 1
0 5 39 1 1
0 7 40 1 1
0 4 40 1 1
0 1 40 1 1
0 6 40 1 1
0 3 40 1 1
0 4 41 1 1
0 7 41 1 1
0 2 41 1 1
0 5 41 1 1
0 3 41 1 1
0 3 42 1 1
0 5 42 1 1
0 2 42 1 1
0 7 42 1 1
0 4 42 1 1
0 3 43 1 1
0 6 43 1 1
0 1 43 1 1
0 4 43 1 1
0 7 43 1 1
0 7 44 1 1
0 5 44 1 1
0 6 44 1 1
0 1 44 1 1
0 2 44 1 1
0 7 45 1 1
0 2 45 1 1
0 1 45 1 1
0 6 45 1 1
0 5 45 1 1
0 7 46 1 1
0 4 46 1 1
0 1 46 1 1
0 6 46 1 1
0 3 46 1 1
0 4 47 1 1
0 7 47 1 1
0 2 47 1 1
0 5 47 1 1
0 3 47 1 1
0 3 48 1 1
0 5 48 1 1
0 2 48 1 1
0 7 48 1 1
0 4 48 1 1
0 3 49 1 1
0 6 49 1 1
0 1 49 1 1
0 4 49 1 1
0 7 49 1 1
0 7 50 1 1
0 5 50 1 1
0 6 50 1 1
0 1 50 1 1
0 2 50 1 1
0 7 51 1 1
0 2 51 1 1
0 1 51 1 1
0 6 51 1 1
0 5 51 1 1
0 7 52 1 1
0 4 52 1 1
0 1 52 1 1
0 6 52 1 1
0 3 52 1 1
0 4 53 1 1
0 7 53 1 1
0 2 53 1 1
0 5 53 1 1
0 3 53 1 1
0 3 54 1 1
0 5 54 1 1
0 2 54 1 1
0 7 54 1 1
0 4 54 1 1
0 3 55 1 1
0 6 55 1 1
0 1 55 1 1
0 4 55 1 1
0 7 55 1 1
0 7 56 1 1
0 5 56 1 1
0 6 56 1 1
0 1 56 1 1
0 2 56 1 1
0 7 57 1 1
0 2 57 1 1
0 1 57 1 1
0 6 57 1 1
0 5 57 1 1
0 7 58 1 1
0 4 58 1 1
0 1 58 1 1
0 6 58 1 1
0 3 58 1 1
0 4 59 1 1
0 7 59 1 1
0 2 59 1 1
0 5 59 1 1
0 3 59 1 1
0 3 60 1 1
0 5 60 1 1
0 2 60 1 1
0 7 60 1 1
0 4 60 1 1
0 3 61 1 1
0 6 61 1 1
0 1 61 1 1
0 4 61 1 1
0 7 61 1 1
0 7 62 1 1
0 5 62 1 1
0 6 62 1 1
0 1 62 1 1
0 2 62 1 1
0 7 63 1 1
0 2 63 1 1
0 1 63 1 1
0 6 63 1 1
0 5 63 1 1
0 7 64 1 1
0 4 64 1 1
0 1 64 1 1
0 6 64 1 1
0 3 64 1 1
0 4 65 1 1
0 7 65 1 1
0 2 65 1 1
0 5 65 1 1
0 3 65 1 1
0 3 66 1 1
0 5 66 1 1
0 2 66 1 1
0 7 66 1 1
0 4 66 1 1
0 3 67 1 1
0 6 67 1 1
0 1 67 1 1
0 4 67 1 1
0 7 67 1 1
0 7 68 1 1
0 5 68 1 1
0 6 68 1 1
0 1 68 1 1
0 2 68 1 1
0 7 69 1 1
0 2 69 1 1
0 1 69 1 1
0 6 69 1 1
0 5 69 1 1
0 7 70 1 1
0 4 70 1 1
0 1 70 1 1
0 6 70 1 1
0 3 70 1 1
0 4 71 1 1
0 7 71 1 1
0 2 71 1 1
0 5 71 1 1
0 3 71 1 1
0 3 72 1 1
0 5 72 1 1
0 2 72 1 1
0 7 72 1 1
0 4 72 1 1
0 3 73 1 1
0 6 73 1 1
0 1 73 1 1
0 4 73 1 1
0 7 73 1 1
0 7 74 1 1
0 5 74 1 1
0 6 74 1 1
0 1 74 1 1
0 2 74 1 1
0 7 75 1 1
0 2 75 1 1
0 1 75 1 1
0 6 75 1 1
0 5 75 1 1
0 7 76 1 1
0 4 76 1 1
0 1 76 1 1
0 6 76 1 1
0 3 76 1 1
0 4 77 1 1
0 7 77 1 1
0 2 77 1 1
0 5 77 1 1
0 3 77 1 1
0 3 78 1 1
0 5 78 1 1
0 2 78 1 1
0 7 78 1 1
0 4 78 1 1
0 3 79 1 1
0 6 79 1 1
0 1 79 1 1
0 4 79 1 1
0 7 79 1 1
0 7 80 1 1
0 5 80 1 1
0 6 80 1 1
0 1 80 1 1
0 2 80 1 1
0 7 81 1 1
0 2 81 1 1
0 1 81 1 1
0 6 81 1 1
0 5 81 1 1
0 7 82 1 1
0 4 82 1 1
0 1 82 1 1
0 6 82 1 1
0 3 82 1 1
0 4 83 1 1
0 7 83 1 1
0 2 83 1 1
0 5 83 1 1
0 3 83 1 1
0 3 84 1 1
0 5 84 1 1
0 2 84 1 1
0 7 84 1 1
0 4 84 1 1
0 3 85 1 1
0 6 85 1 1
0 1 85 1 1
0 4 85 1 1
0 7 85 1 1
0 7 86 1 1
0 5 86 1 1
0 6 86 1 1
0 1 86 1 1
0 2 86 1 1
0 7 87 1 1
0 2 87 1 1
0 1 87 1 1
0 6 87 1 1
0 5 87 1 1
0 7 88 1 1
0 4 88 1 1
0 1 88 1 1
0 6 88 1 1
0 3 88 1 1
0 4 89 1 1
0 7 89 1 1
0 2 89 1 1
0 5 89 1 1
0 3 89 1 1
0 3 90 1 1
0 5 90 1 1
0 2 90 1 1
0 7 90 1 1
0 4 90 1 1
0 3 91 1 1
0 6 91 1 1
0 1 91 1 1
0 4 91 1 1
0 7 91 1 1
0 7 92 1 1
0 5 92 1 1
0 6 92 1 1
0 1 92 1 1
0 2 92 1 1
0 7 93 1 1
0 2 93 1 1
0 1 93 1 1
0 6 93 1 1
0 5 93 1 1
0 7 94 1 1
0 4 94 1 1
0 1 94 1 1
0 6 94 1 1
0 3 94 1 1
0 4 95 1 1
0 7 95 1 1
0 2 95 1 1
0 5 95 1 1
0 3 95 1 1
0 3 96 1 1
0 5 96 1 1
0 2 96 1 1
0 7 96 1 1
0 4 96 1 1
0 3 97 1 1
0 6 97 1 1
0 1 97 1 1
0 4 97 1 1
0 7 97 1 1
0 7 98 1 1
0 5 98 1 1
0 6 98 1 1
0 1 98 1 1
0 2 98 1 1
0 7 99 1 1
0 2 99 1 1
0 1 99 1 1
0 6 99 1 1
0 5 99 1 1
0 7 100 1 1
0 4 100 1 1
0 1 100 1 1
0 6 100 1 1
0 3 100 1 1
0 4 101 1 1
0 7 101 1 1
0 2 101 1 1
0 5 101 1 1
0 3 101 1 1
0 3 102 1 1
0 5 102 1 1
0 2 102 1 1
0 7 102 1 1
0 4 102 1 1
0 3 103 1 1
0 6 103 1 1
0 1 103 1 1
0 4 103 1 1
0 7 103 1 1
0 7 104 1 1
0 5 104 1 1
0 6 104 1 1
0 1 104 1 1
0 2 104 1 1
0 7 105 1 1
0 2 105 1 1
0 1 105 1 1
0 6 105 1 1
0 5 105 1 1
0 7 106 1 1
0 4 106 1 1
0 1 106 1 1
0 6 106 1 1
0 3 106 1 1
0 4 107 1 1
0 7 107 1 1
0 2 107 1 1
0 5 107 1 1
0 3 107 1 1
0 3 108 1 1
0 5 108 1 1
0 2 108 1 1
0 7 108 1 1
0 4 108 1 1
0 3 109 1 1
0 6 109 1 1
0 1 109 1 1
0 4 109 1 1
0 7 109 1 1
0 7 110 1 1
0 5 110 1 1
0 6 110 1 1
0 1 110 1 1
0 2 110 1 1
0 7 111 1 1
0 2 111 1 1
0 1 111 1 1
0 6 111 1 1
0 5 111 1 1
0 7 112 1 1
0 4 112 1 1
0 1 112 1 1
0 6 112 1 1
0 3 112 1 1
0 4 113 1 1
0 7 113 1 1
0 2 113 1 1
0 5 113 1 1
0 3 113 1 1
0 3 114 1 1
0 5 114 1 1
0 2 114 1 1
0 7 114 1 1
0 4 114 1 1
0 3 115 1 1
0 6 115 1 1
0 1 115 1 1
0 4 115 1 1
0 7 115 1 1
0 7 116 1 1
0 5 116 1 1
0 6 116 1 1
0 1 116 1 1
0 2 116 1 1
0 7 117 1 1
0 2 117 1 1
0 1 117 1 1
0 6 117 1 1
0 5 117 1 1
0 7 118 1 1
0 4 118 1 1
0 1 118 1 1
0 6 118 1 1
0 3 118 1 1
0 4 119 1 1
0 7 119 1 1
0 2 119 1 1
0 5 119 1 1
0 3 119 1 1
0 3 120 1 1
0 5 120 1 1
0 2 120 1 1
0 7 120 1 1
0 4 120 1 1
0 3 121 1 1
0 6 121 1 1
0 1 121 1 1
0 4 121 1 1
0 7 121 1 1
0 7 122 1 1
0 5 122 1 1
0 6 122 1 1
0 1 122 1 1
0 2 122 1 1
0 7 123 1 1
0 2 123 1 1
0 1 123 1 1
0 6 123 1 1
0 5 123 1 1
0 7 124 1 1
0 4 124 1 1
0 1 124 1 1
0 6 124 1 1
0 3 124 1 1
0 4 125 1 1
0 7 125 1 1
0 2 125 1 1
0 5 125 1 1
0 3 125 1 1
0 3 126 1 1
0 5 126 1 1
0 2 126 1 1
0 7 126 1 1
0 4 126 1 1
0 3 127 1 1
0 6 127 1 1
0 1 127 1 1
0 4 127 1 1
0 7 127 1 1
0 7 128 1 1
0 5 128 1 1
0 6 128 1 1
0 1 128 1 1
0 2 128 1 1
0 7 129 1 1
0 2 129 1 1
0 1 129 1 1
0 6 129 1 1
0 5 129 1 1
0 7 130 1 1
0 4 130 1 1
0 1 130 1 1
0 6 130 1 1
0 3 130 1 1
0 4 131 1 1
0 7 131 1 1
0 2 131 1 1
0 5 131 1 1
0 3 131 1 1
0 3 132 1 1
0 5 132 1 1
0 2 132 1 1
0 7 132 1 1
0 4 132 1 1
0 3 133 1 1
0 6 133 1 1
0 1 133 1 1
0 4 133 1 1
0 7 133 1 1
0 7 134 1 1
0 5 134 1 1
0 6 134 1 1
0 1 134 1 1
0 2 134 1 1
0 7 135 1 1
0 2 135 1 1
0 1 135 1 1
0 6 135 1 1
0 5 135 1 1
0 7 136 1 1
0 4 136 1 1
0 1 136 1 1
0 6 136 1 1
0 3 136 1 1
0 4 137 1 1
0 7 137 1 1
0 2 137 1 1
0 5 137 1 1
0 3 137 1 1
0 3 138 1 1
0 5 138 1 1
0 2 138 1 1
0 7 138 1 1
0 4 138 1 1
0 3 139 1 1
0 6 139 1 1
0 1 139 1 1
0 4 139 1 1
0 7 139 1 1
0 7 140 1 1
0 5 140 1 1
0 6 140 1 1
0 1 140 1 1
0 2 140 1 1
0 7 141 1 1
0 2 141 1 1
0 1 141 1 1
0 6 141 1 1
0 5 141 1 1
0 7 142 1 1
0 4 142 1 1
0 1 142 1 1
0 6 142 1 1
0 3 142 1 1
0 4 143 1 1
0 7 143 1 1
0 2 143 1 1
0 5 143 1 1
0 3 143 1 1
0 3 144 1 1
0 5 144 1 1
0 2 144 1 1
0 7 144 1 1
0 4 144 1 1
0 3 145 1 1
0 6 145 1 1
0 1 145 1 1
0 4 145 1 1
0 7 145 1 1
0 7 146 1 1
0 5 146 1 1
0 6 146 1 1
0 1 146 1 1
0 2 146 1 1
0 7 147 1 1
0 2 147 1 1
0 1 147 1 1
0 6 147 1 1
0 5 147 1 1
0 7 148 1 1
0 4 148 1 1
0 1 148 1 1
0 6 148 1 1
0 3 148 1 1
0 4 149 1 1
0 7 149 1 1
0 2 149 1 1
0 5 149 1 1
0 3 149 1 1
0 3 150 1 1
0 5 150 1 1
0 2 150 1 1
0 7 150 1 1
0 4 150 1 1
0 3 151 1 1
0 6 151 1 1
0 1 151 1 1
0 4 151 1 1
0 7 151 1 1
0 7 152 1 1
0 5 152 1 1
0 6 152 1 1
0 1 152 1 1
0 2 152 1 1
0 7 153 1 1
0 2 153 1 1
0 1 153 1 1
0 6 153 1 1
0 5 153 1 1
0 7 154 1 1
0 4 154 1 1
0 1 154 1 1
0 6 154 1 1
0 3 154 1 1
0 4 155 1 1
0 7 155 1 1
0 2 155 1 1
0 5 155 1 1
0 3 155 1 1
0 3 156 1 1
0 5 156 1 1
0 2 156 1 1
0 7 156 1 1
0 4 156 1 1
0 3 157 1 1
0 6 157 1 1
0 1 157 1 1
0 4 157 1 1
0 7 157 1 1
0 7 158 1 1
0 5 158 1 1
0 6 158 1 1
0 1 158 1 1
0 2 158 1 1
0 7 159 1 1
0 2 159 1 1
0 1 159 1 1
0 6 159 1 1
0 5 159 1 1
0 7 160 1 1
0 4 160 1 1
0 1 160 1 1
0 6 160 1 1
0 3 160 1 1
0 4 161 1 1
0 7 161 1 1
0 2 161 1 1
0 5 161 1 1
0 3 161 1 1
0 3 162 1 1
0 5 162 1 1
0 2 162 1 1
0 7 162 1 1
0 4 162 1 1
0 3 163 1 1
0 6 163 1 1
0 1 163 1 1
0 4 163 1 1
0 7 163 1 1
0 7 164 1 1
0 5 164 1 1
0 6 164 1 1
0 1 164 1 1
0 2 164 1 1
0 7 165 1 1
0 2 165 1 1
0 1 165 1 1
0 6 165 1 1
0 5 165 1 1
0 7 166 1 1
0 4 166 1 1
0 1 166 1 1
0 6 166 1 1
0 3 166 1 1
0 4 167 1 1
0 7 167 1 1
0 2 167 1 1
0 5 167 1 1
0 3 167 1 1
0 3 168 1 1
0 5 168 1 1
0 2 168 1 1
0 7 168 1 1
0 4 168 1 1
0 3 169 1 1
0 6 169 1 1
0 1 169 1 1
0 4 169 1 1
0 7 169 1 1
0 7 170 1 1
0 5 170 1 1
0 6 170 1 1
0 1 170 1 1
0 2 170 1 1
0 7 171 1 1
0 2 171 1 1
0 1 171 1 1
0 6 171 1 1
0 5 171 1 1
0 7 172 1 1
0 4 172 1 1
0 1 172 1 1
0 6 172 1 1
0 3 172 1 1
0 4 173 1 1
0 7 173 1 1
0 2 173 1 1
0 5 173 1 1
0 3 173 1 1
0 3 174 1 1
0 5 174 1 1
0 2 174 1 1
0 7 174 1 1
0 4 174 1 1
0 3 175 1 1
0 6 175 1 1
0 1 175 1 1
0 4 175 1 1
0 7 175 1 1
0 7 176 1 1
0 5 176 1 1
0 6 176 1 1
0 1 176 1 1
0 2 176 1 1
0 7 177 1 1
0 2 177 1 1
0 1 177 1 1
0 6 177 1 1
0 5 177 1 1
0 7 178 1 1
0 4 178 1 1
0 1 178 1 1
0 6 178 1 1
0 3 178 1 1
0 4 179 1 1
0 7 179 1 1
0 2 179 1 1
0 5 179 1 1
0 3 179 1 1
0 3 180 1 1
0 5 180 1 1
0 2 180 1 1
0 7 180 1 1
0 4 180 1 1
0 3 181 1 1
0 6 181 1 1
0 1 181 1 1
0 4 181 1 1
0 7 181 1 1
0 7 182 1 1
0 5 182 1 1
0 6 182 1 1
0 1 182 1 1
0 2 182 1 1
0 7 183 1 1
0 2 183 1 1
0 1 183 1 1
0 6 183 1 1
0 5 183 1 1
0 7 184 1 1
0 4 184 1 1
0 1 184 1 1
0 6 184 1 1
0 3 184 1 1
0 4 185 1 1
0 7 185 1 1
0 2 185 1 1
0 5 185 1 1
0 3 185 1 1
0 3 186 1 1
0 5 186 1 1
0 2 186 1 1
0 7 186 1 1
0 4 186 1 1
0 3 187 1 1
0 6 187 1 1
0 1 187 1 1
0 4 187 1 1
0 7 187 1 1
0 7 188 1 1
0 5 188 1 1
0 6 188 1 1
0 1 188 1 1
0 2 188 1 1
0 7 189 1 1
0 2 189 1 1
0 1 189 1 1
0 6 189 1 1
0 5 189 1 1
0 7 190 1 1
0 4 190 1 1
0 1 190 1 1
0 6 190 1 1
0 3 190 1 1
0 4 191 1 1
0 7 191 1 1
0 2 191 1 1
0 5 191 1 1
0 3 191 1 1
0 3 192 1 1
0 5 192 1 1
0 2 192 1 1
0 7 192 1 1
0 4 192 1 1
0 3 193 1 1
0 6 193 1 1
0 1 193 1 1
0 4 193 1 1
0 7 193 1 1
0 7 194 1 1
0 5 194 1 1
0 6 194 1 1
0 1 194 1 1
0 2 194 1 1
0 7 195 1 1
0 2 195 1 1
0 1 195 1 1
0 6 195 1 1
0 5 195 1 1
0 7 196 1 1
0 4 196 1 1
0 1 196 1 1
0 6 196 1 1
0 3 196 1 1
0 4 197 1 1
0 7 197 1 1
0 2 197 1 1
0 5 197 1 1
0 3 197 1 1
0 3 198 1 1
0 5 198 1 1
0 2 198 1 1
0 7 198 1 1
0 4 198 1 1
0 3 199 1 1
0 6 199 1 1
0 1 199 1 1
0 4 199 1 1
0 7 199 1 1
0 7 200 1 1
0 5 200 1 1
0 6 200 1 1
0 1 200 1 1
0 2 200 1 1
0 7 201 1 1
0 2 201 1 1
0 1 201 1 1
0 6 201 1 1
0 5 201 1 1
0 7 202 1 1
0 4 202 1 1
0 1 202 1 1
0 6 202 1 1
0 3 202 1 1
0 4 203 1 1
0 7 203 1 1
0 2 203 1 1
0 5 203 1 1
0 3 203 1 1
0 3 204 1 1
0 5 204 1 1
0 2 204 1 1
0 7 204 1 1
0 4 204 1 1
0 3 205 1 1
0 6 205 1 1
0 1 205 1 1
0 4 205 1 1
0 7 205 1 1
0 7 206 1 1
0 5 206 1 1
0 6 206 1 1
0 1 206 1 1
0 2 206 1 1
0 7 207 1 1
0 2 207 1 1
0 1 207 1 1
0 6 207 1 1
0 5 207 1 1
0 7 208 1 1
0 4 208 1 1
0 1 208 1 1
0 6 208 1 1
0 3 208 1 1
0 4 209 1 1
0 7 209 1 1
0 2 209 1 1
0 5 209 1 1
0 3 209 1 1
0 3 210 1 1
0 5 210 1 1
0 2 210 1 1
0 7 210 1 1
0 4 210 1 1
0 3 211 1 1
0 6 211 1 1
0 1 211 1 1
0 4 211 1 1
0 7 211 1 1
0 7 212 1 1
0 5 212 1 1
0 6 212 1 1
0 1 212 1 1
0 2 212 1 1
0 7 213 1 1
0 2 213 1 1
0 1 213 1 1
0 6 213 1 1
0 5 213 1 1
0 7 214 1 1
0 4 214 1 1
0 1 214 1 1
0 6 214 1 1
0 3 214 1 1
0 4 215 1 1
0 7 215 1 1
0 2 215 1 1
0 5 215 1 1
0 3 215 1 1
0 3 216 1 1
0 5 216 1 1
0 2 216 1 1
0 7 216 1 1
0 4 216 1 1
0 3 217 1 1
0 6 217 1 1
0 1 217 1 1
0 4 217 1 1
0 7 217 1 1
0 7 218 1 1
0 5 218 1 1
0 6 218 1 1
0 1 218 1 1
0 2 218 1 1
0 7 219 1 1
0 2 219 1 1
0 1 219 1 1
0 6 219 1 1
0 5 219 1 1
0 7 220 1 1
0 4 220 1 1
0 1 220 1 1
0 6 220 1 1
0 3 220 1 1
0 4 221 1 1
0 7 221 1 1
0 2 221 1 1
0 5 221 1 1
0 3 221 1 1
0 3 222 1 1
0 5 222 1 1
0 2 222 1 1
0 7 222 1 1
0 4 222 1 1
0 3 223 1 1
0 6 223 1 1
0 1 223 1 1
0 4 223 1 1
0 7 223 1 1
0 7 224 1 1
0 5 224 1 1
0 6 224 1 1
0 1 224 1 1
0 2 224 1 1
0 7 225 1 1
0 2 225 1 1
0 1 225 1 1
0 6 225 1 1
0 5 225 1 1
0 7 226 1 1
0 4 226 1 1
0 1 226 1 1
0 6 226 1 1
0 3 226 1 1
0 4 227 1 1
0 7 227 1 1
0 2 227 1 1
0 5 227 1 1
0 3 227 1 1
0 3 228 1 1
0 5 228 1 1
0 2 228 1 1
0 7 228 1 1
0 4 228 1 1
0 3 229 1 1
0 6 229 1 1
0 1 229 1 1
0 4 229 1 1
0 7 229 1 1
0 7 230 1 1
0 5 230 1 1
0 6 230 1 1
0 1 230 1 1
0 2 230 1 1
0 7 231 1 1
0 2 231 1 1
0 1 231 1 1
0 6 231 1 1
0 5 231 1 1
0 7 232 1 1
0 4 232 1 1
0 1 232 1 1
0 6 232 1 1
0 3 232 1 1
0 4 233 1 1
0 7 233 1 1
0 2 233 1 1
0 5 233 1 1
0 3 233 1 1
0 3 234 1 1
0 5 234 1 1
0 2 234 1 1
0 7 234 1 1
0 4 234 1 1
0 3 235 1 1
0 6 235 1 1
0 1 235 1 1
0 4 235 1 1
0 7 235 1 1
0 7 236 1 1
0 5 236 1 1
0 6 236 1 1
0 1 236 1 1
0 2 236 1 1
0 7 237 1 1
0 2 237 1 1
0 1 237 1 1
0 6 237 1 1
0 5 237 1 1
0 7 238 1 1
0 4 238 1 1
0 1 238 1 1
0 6 238 1 1
0 3 238 1 1
0 4 239 1 1
0 7 239 1 1
0 2 239 1 1
0 5 239 1 1
0 3 239 1 1
0 3 240 1 1
0 5 240 1 1
0 2 240 1 1
0 7 240 1 1
0 4 240 1 1
0 3 241 1 1
0 6 241 1 1
0 1 241 1 1
0 4 241 1 1
0 7 241 1 1
0 7 242 1 1
0 5 242 1 1
0 6 242 1 1
0 1 242 1 1
0 2 242 1 1
0 7 243 1 1
0 2 243 1 1
0 1 243 1 1
0 6 243 1 1
0 5 243 1 1
0 7 244 1 1
0 4 244 1 1
0 1 244 1 1
0 6 244 1 1
0 3 244 1 1
0 4 245 1 1
0 7 245 1 1
0 2 245 1 1
0 5 245 1 1
0 3 245 1 1
0 3 246 1 1
0 5 246 1 1
0 2 246 1 1
0 7 246 1 1
0 4 246 1 1
0 3 247 1 1
0 6 247 1 1
0 1 247 1 1
0 4 247 1 1
0 7 247 1 1
0 7 248 1 1
0 5 248 1 1
0 6 248 1 1
0 1 248 1 1
0 2 248 1 1
0 7 249 1 1
0 2 249 1 1
0 1 249 1 1
0 6 249 1 1
0 5 249 1 1
0 7 250 1 1
0 4 250 1 1
0 1 250 1 1
0 6 250 1 1
0 3 250 1 1
0 4 251 1 1
0 7 251 1 1
0 2 251 1 1
0 5 251 1 1
0 3 251 1 1
0 3 252 1 1
0 5 252 1 1
0 2 252 1 1
0 7 252 1 1
0 4 252 1 1
0 3 253 1 1
0 6 253 1 1
0 1 253 1 1
0 4 253 1 1
0 7 253 1 1
0 7 254 1 1
0 5 254 1 1
0 6 254 1 1
0 1 254 1 1
0 2 254 1 1
0 7 255 1 1
0 2 255 1 1
0 1 255 1 1
0 6 255 1 1
0 5 255 1 1
0 7 256 1 1
0 4 256 1 1
0 1 256 1 1
0 6 256 1 1
0 3 256 1 1
0 4 257 1 1
0 7 257 1 1
0 2 257 1 1
0 5 257 1 1
0 3 257 1 1
0 3 258 1 1
0 5 258 1 1
0 2 258 1 1
0 7 258 1 1
0 4 258 1 1
0 3 259 1 1
0 6 259 1 1
0 1 259 1 1
0 4 259 1 1
0 7 259 1 1
0 7 260 1 1
0 5 260 1 1
0 6 260 1 1
0 1 260 1 1
0 2 260 1 1
0 7 261 1 1
0 2 261 1 1
0 1 261 1 1
0 6 261 1 1
0 5 261 1 1
0 7 262 1 1
0 4 262 1 1
0 1 262 1 1
0 6 262 1 1
0 3 262 1 1
0 4 263 1 1
0 7 263 1 1
0 2 263 1 1
0 5 263 1 1
0 3 263 1 1
0 3 264 1 1
0 5 264 1 1
0 2 264 1 1
0 7 264 1 1
0 4 264 1 1
0 3 265 1 1
0 6 265 1 1
0 1 265 1 1
0 4 265 1 1
0 7 265 1 1
0 7 266 1 1
0 5 266 1 1
0 6 266 1 1
0 1 266 1 1
0 2 266 1 1
0 7 267 1 1
0 2 267 1 1
0 1 267 1 1
0 6 267 1 1
0 5 267 1 1
0 7 268 1 1
0 4 268 1 1
0 1 268 1 1
0 6 268 1 1
0 3 268 1 1
0 4 269 1 1
0 7 269 1 1
0 2 269 1 1
0 5 269 1 1
0 3 269 1 1
0 3 270 1 1
0 5 270 1 1
0 2 270 1 1
0 7 270 1 1
0 4 270 1 1
0 3 271 1 1
0 6 271 1 1
0 1 271 1 1
0 4 271 1 1
0 7 271 1 1
0 7 272 1 1
0 5 272 1 1
0 6 272 1 1
0 1 272 1 1
0 2 272 1 1
0 7 273 1 1
0 2 273 1 1
0 1 273 1 1
0 6 273 1 1
0 5 273 1 1
0 7 274 1 1
0 4 274 1 1
0 1 274 1 1
0 6 274 1 1
0 3 274 1 1
0 4 275 1 1
0 7 275 1 1
0 2 275 1 1
0 5 275 1 1
0 3 275 1 1
0 3 276 1 1
0 5 276 1 1
0 2 276 1 1
0 7 276 1 1
0 4 276 1 1
0 3 277 1 1
0 6 277 1 1
0 1 277 1 1
0 4 277 1 1
0 7 277 1 1
0 7 278 1 1
0 5 278 1 1
0 6 278 1 1
0 1 278 1 1
0 2 278 1 1
0 7 279 1 1
0 2 279 1 1
0 1 279 1 1
0 6 279 1 1
0 5 279 1 1
0 7 280 1 1
0 4 280 1 1
0 1 280 1 1
0 6 280 1 1
0 3 280 1 1
0 4 281 1 1
0 7 281 1 1
0 2 281 1 1
0 5 281 1 1
0 3 281 1 1
0 3 282 1 1
0 5 282 1 1
0 2 282 1 1
0 7 282 1 1
0 4 282 1 1
0 3 283 1 1
0 6 283 1 1
0 1 283 1 1
0 4 283 1 1
0 7 283 1 1
0 7 284 1 1
0 5 284 1 1
0 6 284 1 1
0 1 284 1 1
0 2 284 1 1
0 7 285 1 1
0 2 285 1 1
0 1 285 1 1
0 6 285 1 1
0 5 285 1 1
0 7 286 1 1
0 4 286 1 1
0 1 286 1 1
0 6 286 1 1
0 3 286 1 1
0 4 287 1 1
0 7 287 1 1
0 2 287 1 1
0 5 287 1 1
0 3 287 1 1
0 3 288 1 1
0 5 288 1 1
0 2 288 1 1
0 7 288 1 1
0 4 288 1 1
0 3 289 1 1
0 6 289 1 1
0 1 289 1 1
0 4 289 1 1
0 7 289 1 1
0 7 290 1 1
0 5 290 1 1
0 6 290 1 1
0 1 290 1 1
0 2 290 1 1
0 7 291 1 1
0 2 291 1 1
0 1 291 1 1
0 6 291 1 1
0 5 291 1 1
0 7 292 1 1
0 4 292 1 1
0 1 292 1 1
0 6 292 1 1
0 3 292 1 1
0 4 293 1 1
0 7 293 1 1
0 2 293 1 1
0 5 293 1 1
0 3 293 1 1
0 3 294 1 1
0 5 294 1 1
0 2 294 1 1
0 7 294 1 1
0 4 294 1 1
0 3 295 1 1
0 6 295 1 1
0 1 295 1 1
0 4 295 1 1
0 7 295 1 1
0 7 296 1 1
0 5 296 1 1
0 6 296 1 1
0 1 296 1 1
0 2 296 1 1
0 7 297 1 1
0 2 297 1 1
0 1 297 1 1
0 6 297 1 1
0 5 297 1 1
0 7 298 1 1
0 4 298 1 1
0 1 298 1 1
0 6 298 1 1
0 3 298 1 1
0 4 299 1 1
0 7 299 1 1
0 2 299 1 1
0 5 299 1 1
0 3 299 1 1
0 3 300 1 1
0 5 300 1 1
0 2 300 1 1
0 7 300 1 1
0 4 300 1 1
0 3 301 1 1
0 6 301 1 1
0 1 301 1 1
0 4 301 1 1
0 7 301 1 1
0 7 302 1 1
0 5 302 1 1
0 6 302 1 1
0 1 302 1 1
0 2 302 1 1
0 7 303 1 1
0 2 303 1 1
0 1 303 1 1
0 6 303 1 1
0 5 303 1 1
0 7 304 1 1
0 4 304 1 1
0 1 304 1 1
0 6 304 1 1
0 3 304 1 1
0 4 305 1 1
0 7 305 1 1
0 2 305 1 1
0 5 305 1 1
0 3 305 1 1
0 3 306 1 1
0 5 306 1 1
0 2 306 1 1
0 7 306 1 1
0 4 306 1 1
0 3 307 1 1
0 6 307 1 1
0 1 307 1 1
0 4 307 1 1
0 7 307 1 1
0 7 308 1 1
0 5 308 1 1
0 6 308 1 1
0 1 308 1 1
0 2 308 1 1
0 7 309 1 1
0 2 309 1 1
0 1 309 1 1
0 6 309 1 1
0 5 309 1 1
0 7 310 1 1
0 4 310 1 1
0 1 310 1 1
0 6 310 1 1
0 3 310 1 1
0 4 311 1 1
0 7 311 1 1
0 2 311 1 1
0 5 311 1 1
0 3 311 1 1
0 3 312 1 1
0 5 312 1 1
0 2 312 1 1
0 7 312 1 1
0 4 312 1 1
0 3 313 1 1
0 6 313 1 1
0 1 313 1 1
0 4 313 1 1
0 7 313 1 1
0 7 314 1 1
0 5 314 1 1
0 6 314 1 1
0 1 314 1 1
0 2 314 1 1
0 7 315 1 1
0 2 315 1 1
0 1 315 1 1
0 6 315 1 1
0 5 315 1 1
0 7 316 1 1
0 4 316 1 1
0 1 316 1 1
0 6 316 1 1
0 3 316 1 1
0 4 317 1 1
0 7 317 1 1
0 2 317 1 1
0 5 317 1 1
0 3 317 1 1
0 3 318 1 1
0 5 318 1 1
0 2 318 1 1
0 7 318 1 1
0 4 318 1 1
0 3 319 1 1
0 6 319 1 1
0 1 319 1 1
0 4 319 1 1
0 7 319 1 1
0 7 320 1 1
0 5 320 1 1
0 6 320 1 1
0 1 320 1 1
0 2 320 1 1
0 7 321 1 1
0 2 321 1 1
0 1 321 1 1
0 6 321 1 1
0 5 321 1 1
0 7 322 1 1
0 4 322 1 1
0 1 322 1 1
0 6 322 1 1
0 3 322 1 1
0 4 323 1 1
0 7 323 1 1
0 2 323 1 1
0 5 323 1 1
0 3 323 1 1
0 3 324 1 1
0 5 324 1 1
0 2 324 1 1
0 7 324 1 1
0 4 324 1 1
0 3 325 1 1
0 6 325 1 1
0 1 325 1 1
0 4 325 1 1
0 7 325 1 1
0 7 326 1 1
0 5 326 1 1
0 6 326 1 1
0 1 326 1 1
0 2 326 1 1
0 7 327 1 1
0 2 327 1 1
0 1 327 1 1
0 6 327 1 1
0 5 327 1 1
0 7 328 1 1
0 4 328 1 1
0 1 328 1 1
0 6 328 1 1
0 3 328 1 1
0 4 329 1 1
0 7 329 1 1
0 2 329 1 1
0 5 329 1 1
0 3 329 1 1
0 3 330 1 1
0 5 330 1 1
0 2 330 1 1
0 7 330 1 1
0 4 330 1 1
0 3 331 1 1
0 6 331 1 1
0 1 331 1 1
0 4 331 1 1
0 7 331 1 1
0 7 332 1 1
0 5 332 1 1
0 6 332 1 1
0 1 332 1 1
0 2 332 1 1
0 7 333 1 1
0 2 333 1 1
0 1 333 1 1
0 6 333 1 1
0 5 333 1 1
0 7 334 1 1
0 4 334 1 1
0 1 334 1 1
0 6 334 1 1
0 3 334 1 1
0 4 335 1 1
0 7 335 1 1
0 2 335 1 1
0 5 335 1 1
0 3 335 1 1
0 3 336 1 1
0 5 336 1 1
0 2 336 1 1
0 7 336 1 1
0 4 336 1 1
0 3 337 1 1
0 6 337 1 1
0 1 337 1 1
0 4 337 1 1
0 7 337 1 1
0 7 338 1 1
0 5 338 1 1
0 6 338 1 1
0 1 338 1 1
0 2 338 1 1
0 7 339 1 1
0 2 339 1 1
0 1 339 1 1
0 6 339 1 1
0 5 339 1 1
0 7 340 1 1
0 4 340 1 1
0 1 340 1 1
0 6 340 1 1
0 3 340 1 1
0 4 341 1 1
0 7 341 1 1
0 2 341 1 1
0 5 341 1 1
0 3 341 1 1
0 3 342 1 1
0 5 342 1 1
0 2 342 1 1
0 7 342 1 1
0 4 342 1 1
0 3 343 1 1
0 6 343 1 1
0 1 343 1 1
0 4 343 1 1
0 7 343 1 1
0 7 344 1 1
0 5 344 1 1
0 6 344 1 1
0 1 344 1 1
0 2 344 1 1
0 7 345 1 1
0 2 345 1 1
0 1 345 1 1
0 6 345 1 1
0 5 345 1 1
0 7 346 1 1
0 4 346 1 1
0 1 346 1 1
0 6 346 1 1
0 3 346 1 1
0 4 347 1 1
0 7 347 1 1
0 2 347 1 1
0 5 347 1 1
0 3 347 1 1
0 3 348 1 1
0 5 348 1 1
0 2 348 1 1
0 7 348 1 1
0 4 348 1 1
0 3 349 1 1
0 6 349 1 1
0 1 349 1 1
0 4 349 1 1
0 7 349 1 1
0 7 350 1 1
0 5 350 1 1
0 6 350 1 1
0 1 350 1 1
0 2 350 1 1
0 7 351 1 1
0 2 351 1 1
0 1 351 1 1
0 6 351 1 1
0 5 351 1 1
0 7 352 1 1
0 4 352 1 1
0 1 352 1 1
0 6 352 1 1
0 3 352 1 1
0 4 353 1 1
0 7 353 1 1
0 2 353 1 1
0 5 353 1 1
0 3 353 1 1
0 3 354 1 1
0 5 354 1 1
0 2 354 1 1
0 7 354 1 1
0 4 354 1 1
0 3 355 1 1
0 6 355 1 1
0 1 355 1 1
0 4 355 1 1
0 7 355 1 1
0 7 356 1 1
0 5 356 1 1
0 6 356 1 1
0 1 356 1 1
0 2 356 1 1
0 7 357 1 1
0 2 357 1 1
0 1 357 1 1
0 6 357 1 1
0 5 357 1 1
0 7 358 1 1
0 4 358 1 1
0 1 358 1 1
0 6 358 1 1
0 3 358 1 1
0 4 359 1 1
0 7 359 1 1
0 2 359 1 1
0 5 359 1 1
0 3 359 1 1
0 3 360 1 1
0 5 360 1 1
0 2 360 1 1
0 7 360 1 1
0 4 360 1 1
0 3 361 1 1
0 6 361 1 1
0 1 361 1 1
0 4 361 1 1
0 7 361 1 1
0 7 362 1 1
0 5 362 1 1
0 6 362 1 1
0 1 362 1 1
0 2 362 1 1
0 7 363 1 1
0 2 363 1 1
0 1 363 1 1
0 6 363 1 1
0 5 363 1 1
0 7 364 1 1
0 4 364 1 1
0 1 364 1 1
0 6 364 1 1
0 3 364 1 1
0 4 365 1 1
0 7 365 1 1
0 2 365 1 1
0 5 365 1 1
0 3 365 1 1
0 3 366 1 1
0 5 366 1 1
0 2 366 1 1
0 7 366 1 1
0 4 366 1 1
0 3 367 1 1
0 6 367 1 1
0 1 367 1 1
0 4 367 1 1
0 7 367 1 1
0 7 368 1 1
0 5 368 1 1
0 6 368 1 1
0 1 368 1 1
0 2 368 1 1
0 7 369 1 1
0 2 369 1 1
0 1 369 1 1
0 6 369 1 1
0 5 369 1 1
0 7 370 1 1
0 4 370 1 1
0 1 370 1 1
0 6 370 1 1
0 3 370 1 1
0 4 371 1 1
0 7 371 1 1
0 2 371 1 1
0 5 371 1 1
0 3 371 1 1
0 3 372 1 1
0 5 372 1 1
0 2 372 1 1
0 7 372 1 1
0 4 372 1 1
0 3 373 1 1
0 6 373 1 1
0 1 373 1 1
0 4 373 1 1
0 7 373 1 1
0 7 374 1 1
0 5 374 1 1
0 6 374 1 1
0 1 374 1 1
0 2 374 1 1
0 7 375 1 1
0 2 375 1 1
0 1 375 1 1
0 6 375 1 1
0 5 375 1 1
0 7 376 1 1
0 4 376 1 1
0 1 376 1 1
0 6 376 1 1
0 3 376 1 1
0 4 377 1 1
0 7 377 1 1
0 2 377 1 1
0 5 377 1 1
0 3 377 1 1
0 3 378 1 1
0 5 378 1 1
0 2 378 1 1
0 7 378 1 1
0 4 378 1 1
0 3 379 1 1
0 6 379 1 1
0 1 379 1 1
0 4 379 1 1
0 7 379 1 1
0 7 380 1 1
0 5 380 1 1
0 6 380 1 1
0 1 380 1 1
0 2 380 1 1
0 7 381 1 1
0 2 381 1 1
0 1 381 1 1
0 6 381 1 1
0 5 381 1 1
0 7 382 1 1
0 4 382 1 1
0 1 382 1 1
0 6 382 1 1
0 3 382 1 1
0 4 383 1 1
0 7 383 1 1
0 2 383 1 1
0 5 383 1 1
0 3 383 1 1
0 3 384 1 1
0 5 384 1 1
0 2 384 1 1
0 7 384 1 1
0 4 384 1 1
0 3 385 1 1
0 6 385 1 1
0 1 385 1 1
0 4 385 1 1
0 7 385 1 1
0 7 386 1 1
0 5 386 1 1
0 6 386 1 1
0 1 386 1 1
0 2 386 1 1
0 7 387 1 1
0 2 387 1 1
0 1 387 1 1
0 6 387 1 1
0 5 387 1 1
0 7 388 1 1
0 4 388 1 1
0 1 388 1 1
0 6 388 1 1
0 3 388 1 1
0 4 389 1 1
0 7 389 1 1
0 2 389 1 1
0 5 389 1 1
0 3 389 1 1
0 3 390 1 1
0 5 390 1 1
0 2 390 1 1
0 7 390 1 1
0 4 390 1 1
0 3 391 1 1
0 6 391 1 1
0 1 391 1 1
0 4 391 1 1
0 7 391 1 1
0 7 392 1 1
0 5 392 1 1
0 6 392 1 1
0 1 392 1 1
0 2 392 1 1
0 7 393 1 1
0 2 393 1 1
0 1 393 1 1
0 6 393 1 1
0 5 393 1 1
0 7 394 1 1
0 4 394 1 1
0 1 394 1 1
0 6 394 1 1
0 3 394 1 1
0 4 395 1 1
0 7 395 1 1
0 2 395 1 1
0 5 395 1 1
0 3 395 1 1
0 3 396 1 1
0 5 396 1 1
0 2 396 1 1
0 7 396 1 1
0 4 396 1 1
0 3 397 1 1
0 6 397 1 1
0 1 397 1 1
0 4 397 1 1
0 7 397 1 1
0 7 398 1 1
0 5 398 1 1
0 6 398 1 1
0 1 398 1 1
0 2 398 1 1
0 7 399 1 1
0 2 399 1 1
0 1 399 1 1
0 6 399 1 1
0 5 399 1 1
0 7 400 1 1
0 4 400 1 1
0 1 400 1 1
0 6 400 1 1
0 3 400 1 1
0 4 401 1 1
0 7 401 1 1
0 2 401 1 1
0 5 401 1 1
0 3 401 1 1
0 3 402 1 1
0 5 402 1 1
0 2 402 1 1
0 7 402 1 1
0 4 402 1 1
0 3 403 1 1
0 6 403 1 1
0 1 403 1 1
0 4 403 1 1
0 7 403 1 1
0 7 404 1 1
0 5 404 1 1
0 6 404 1 1
0 1 404 1 1
0 2 404 1 1
0 7 405 1 1
0 2 405 1 1
0 1 405 1 1
0 6 405 1 1
0 5 405 1 1
0 7 406 1 1
0 4 406 1 1
0 1 406 1 1
0 6 406 1 1
0 3 406 1 1
0 4 407 1 1
0 7 407 1 1
0 2 407 1 1
0 5 407 1 1
0 3 407 1 1
0 3 408 1 1
0 5 408 1 1
0 2 408 1 1
0 7 408 1 1
0 4 408 1 1
0 3 409 1 1
0 6 409 1 1
0 1 409 1 1
0 4 409 1 1
0 7 409 1 1
0 7 410 1 1
0 5 410 1 1
0 6 410 1 1
0 1 410 1 1
0 2 410 1 1
0 7 411 1 1
0 2 411 1 1
0 1 411 1 1
0 6 411 1 1
0 5 411 1 1
0 7 412 1 1
0 4 412 1 1
0 1 412 1 1
0 6 412 1 1
0 3 412 1 1
0 4 413 1 1
0 7 413 1 1
0 2 413 1 1
0 5 413 1 1
0 3 413 1 1
0 3 414 1 1
0 5 414 1 1
0 2 414 1 1
0 7 414 1 1
0 4 414 1 1
0 3 415 1 1
0 6 415 1 1
0 1 415 1 1
0 4 415 1 1
0 7 415 1 1
0 7 416 1 1
0 5 416 1 1
0 6 416 1 1
0 1 416 1 1
0 2 416 1 1
0 7 417 1 1
0 2 417 1 1
0 1 417 1 1
0 6 417 1 1
0 5 417 1 1
0 7 418 1 1
0 4 418 1 1
0 1 418 1 1
0 6 418 1 1
0 3 418 1 1
0 4 419 1 1
0 7 419 1 1
0 2 419 1 1
0 5 419 1 1
0 3 419 1 1
0 3 420 1 1
0 5 420 1 1
0 2 420 1 1
0 7 420 1 1
0 4 420 1 1
0 3 421 1 1
0 6 421 1 1
0 1 421 1 1
0 4 421 1 1
0 7 421 1 1
0 7 422 1 1
0 5 422 1 1
0 6 422 1 1
0 1 422 1 1
0 2 422 1 1
0 7 423 1 1
0 2 423 1 1
0 1 423 1 1
0 6 423 1 1
0 5 423 1 1
0 7 424 1 1
0 4 424 1 1
0 1 424 1 1
0 6 424 1 1
0 3 424 1 1
0 4 425 1 1
0 7 425 1 1
0 2 425 1 1
0 5 425 1 1
0 3 425 1 1
0 3 426 1 1
0 5 426 1 1
0 2 426 1 1
0 7 426 1 1
0 4 426 1 1
0 3 427 1 1
0 6 427 1 1
0 1 427 1 1
0 4 427 1 1
0 7 427 1 1
0 7 428 1 1
0 5 428 1 1
0 6 428 1 1
0 1 428 1 1
0 2 428 1 1
0 7 429 1 1
0 2 429 1 1
0 1 429 1 1
0 6 429 1 1
0 5 429 1 1
0 7 430 1 1
0 4 430 1 1
0 1 430 1 1
0 6 430 1 1
0 3 430 1 1
0 4 431 1 1
0 7 431 1 1
0 2 431 1 1
0 5 431 1 1
0 3 431 1 1
0 3 432 1 1
0 5 432 1 1
0 2 432 1 1
0 7 432 1 1
0 4 432 1 1
0 3 433 1 1
0 6 433 1 1
0 1 433 1 1
0 4 433 1 1
0 7 433 1 1
0 7 434 1 1
0 5 434 1 1
0 6 434 1 1
0 1 434 1 1
0 2 434 1 1
0 7 435 1 1
0 2 435 1 1
0 1 435 1 1
0 6 435 1 1
0 5 435 1 1
0 7 436 1 1
0 4 436 1 1
0 1 436 1 1
0 6 436 1 1
0 3 436 1 1
0 4 437 1 1
0 7 437 1 1
0 2 437 1 1
0 5 437 1 1
0 3 437 1 1
0 3 438 1 1
0 5 438 1 1
0 2 438 1 1
0 7 438 1 1
0 4 438 1 1
0 3 439 1 1
0 6 439 1 1
0 1 439 1 1
0 4 439 1 1
0 7 439 1 1
0 7 440 1 1
0 5 440 1 1
0 6 440 1 1
0 1 440 1 1
0 2 440 1 1
0 7 441 1 1
0 2 441 1 1
0 1 441 1 1
0 6 441 1 1
0 5 441 1 1
0 7 442 1 1
0 4 442 1 1
0 1 442 1 1
0 6 442 1 1
0 3 442 1 1
0 4 443 1 1
0 7 443 1 1
0 2 443 1 1
0 5 443 1 1
0 3 443 1 1
0 3 444 1 1
0 5 444 1 1
0 2 444 1 1
0 7 444 1 1
0 4 444 1 1
0 3 445 1 1
0 6 445 1 1
0 1 445 1 1
0 4 445 1 1
0 7 445 1 1
0 7 446 1 1
0 5 446 1 1
0 6 446 1 1
0 1 446 1 1
0 2 446 1 1
0 7 447 1 1
0 2 447 1 1
0 1 447 1 1
0 6 447 1 1
0 5 447 1 1
0 7 448 1 1
0 4 448 1 1
0 1 448 1 1
0 6 448 1 1
0 3 448 1 1
0 4 449 1 1
0 7 449 1 1
0 2 449 1 1
0 5 449 1 1
0 3 449 1 1
0 3 450 1 1
0 5 450 1 1
0 2 450 1 1
0 7 450 1 1
0 4 450 1 1
0 3 451 1 1
0 6 451 1 1
0 1 451 1 1
0 4 451 1 1
0 7 451 1 1
0 7 452 1 1
0 5 452 1 1
0 6 452 1 1
0 1 452 1 1
0 2 452 1 1
0 7 453 1 1
0 2 453 1 1
0 1 453 1 1
0 6 453 1 1
0 5 453 1 1
0 7 454 1 1
0 4 454 1 1
0 1 454 1 1
0 6 454 1 1
0 3 454 1 1
0 4 455 1 1
0 7 455 1 1
0 2 455 1 1
0 5 455 1 1
0 3 455 1 1
0 3 456 1 1
0 5 456 1 1
0 2 456 1 1
0 7 456 1 1
0 4 456 1 1
0 3 457 1 1
0 6 457 1 1
0 1 457 1 1
0 4 457 1 1
0 7 457 1 1
0 7 458 1 1
0 5 458 1 1
0 6 458 1 1
0 1 458 1 1
0 2 458 1 1
0 7 459 1 1
0 2 459 1 1
0 1 459 1 1
0 6 459 1 1
0 5 459 1 1
0 7 460 1 1
0 4 460 1 1
0 1 460 1 1
0 6 460 1 1
0 3 460 1 1
0 4 461 1 1
0 7 461 1 1
0 2 461 1 1
0 5 461 1 1
0 3 461 1 1
0 3 462 1 1
0 5 462 1 1
0 2 462 1 1
0 7 462 1 1
0 4 462 1 1
0 3 463 1 1
0 6 463 1 1
0 1 463 1 1
0 4 463 1 1
0 7 463 1 1
0 7 464 1 1
0 5 464 1 1
0 6 464 1 1
0 1 464 1 1
0 2 464 1 1
0 7 465 1 1
0 2 465 1 1
0 1 465 1 1
0 6 465 1 1
0 5 465 1 1
0 7 466 1 1
0 4 466 1 1
0 1 466 1 1
0 6 466 1 1
0 3 466 1 1
0 4 467 1 1
0 7 467 1 1
0 2 467 1 1
0 5 467 1 1
0 3 467 1 1
0 3 468 1 1
0 5 468 1 1
0 2 468 1 1
0 7 468 1 1
0 4 468 1 1
0 3 469 1 1
0 6 469 1 1
0 1 469 1 1
0 4 469 1 1
0 7 469 1 1
0 7 470 1 1
0 5 470 1 1
0 6 470 1 1
0 1 470 1 1
0 2 470 1 1
0 7 471 1 1
0 2 471 1 1
0 1 471 1 1
0 6 471 1 1
0 5 471 1 1
0 7 472 1 1
0 4 472 1 1
0 1 472 1 1
0 6 472 1 1
0 3 472 1 1
0 4 473 1 1
0 7 473 1 1
0 2 473 1 1
0 5 473 1 1
0 3 473 1 1
0 3 474 1 1
0 5 474 1 1
0 2 474 1 1
0 7 474 1 1
0 4 474 1 1
0 3 475 1 1
0 6 475 1 1
0 1 475 1 1
0 4 475 1 1
0 7 475 1 1
0 7 476 1 1
0 5 476 1 1
0 6 476 1 1
0 1 476 1 1
0 2 476 1 1
0 7 477 1 1
0 2 477 1 1
0 1 477 1 1
0 6 477 1 1
0 5 477 1 1
0 7 478 1 1
0 4 478 1 1
0 1 478 1 1
0 6 478 1 1
0 3 478 1 1
0 4 479 1 1
0 7 479 1 1
0 2 479 1 1
0 5 479 1 1
0 3 479 1 1
0 3 480 1 1
0 5 480 1 1
0 2 480 1 1
0 7 480 1 1
0 4 480 1 1
0 3 481 1 1
0 6 481 1 1
0 1 481 1 1
0 4 481 1 1
0 7 481 1 1
0 7 482 1 1
0 5 482 1 1
0 6 482 1 1
0 1 482 1 1
0 2 482 1 1
0 7 483 1 1
0 2 483 1 1
0 1 483 1 1
0 6 483 1 1
0 5 483 1 1
0 7 484 1 1
0 4 484 1 1
0 1 484 1 1
0 6 484 1 1
0 3 484 1 1
0 4 485 1 1
0 7 485 1 1
0 2 485 1 1
0 5 485 1 1
0 3 485 1 1
0 3 486 1 1
0 5 486 1 1
0 2 486 1 1
0 7 486 1 1
0 4 486 1 1
0 3 487 1 1
0 6 487 1 1
0 1 487 1 1
0 4 487 1 1
0 7 487 1 1
0 7 488 1 1
0 5 488 1 1
0 6 488 1 1
0 1 488 1 1
0 2 488 1 1
0 7 489 1 1
0 2 489 1 1
0 1 489 1 1
0 6 489 1 1
0 5 489 1 1
0 7 490 1 1
0 4 490 1 1
0 1 490 1 1
0 6 490 1 1
0 3 490 1 1
0 4 491 1 1
0 7 491 1 1
0 2 491 1 1
0 5 491 1 1
0 3 491 1 1
0 3 492 1 1
0 5 492 1 1
0 2 492 1 1
0 7 492 1 1
0 4 492 1 1
0 3 493 1 1
0 6 493 1 1
0 1 493 1 1
0 4 493 1 1
0 7 493 1 1
0 7 494 1 1
0 5 494 1 1
0 6 494 1 1
0 1 494 1 1
0 2 494 1 1
0 7 495 1 1
0 2 495 1 1
0 1 495 1 1
0 6 495 1 1
0 5 495 1 1
0 7 496 1 1
0 4 496 1 1
0 1 496 1 1
0 6 496 1 1
0 3 496 1 1
0 4 497 1 1
0 7 497 1 1
0 2 497 1 1
0 5 497 1 1
0 3 497 1 1
0 3 498 1 1
0 5 498 1 1
0 2 498 1 1
0 7 498 1 1
0 4 498 1 1
0 3 499 1 1
0 6 499 1 1
0 1 499 1 1
0 4 499 1 1
0 7 499 1 1
0 7 500 1 1
0 5 500 1 1
0 6 500 1 1
0 1 500 1 1
0 2 500 1 1
0 7 501 1 1
0 2 501 1 1
0 1 501 1 1
0 6 501 1 1
0 5 501 1 1
0 7 502 1 1
0 4 502 1 1
0 1 502 1 1
0 6 502 1 1
0 3 502 1 1
0 4 503 1 1
0 7 503 1 1
0 2 503 1 1
0 5 503 1 1
0 3 503 1 1
0 3 504 1 1
0 5 504 1 1
0 2 504 1 1
0 7 504 1 1
0 4 504 1 1
0 3 505 1 1
0 6 505 1 1
0 1 505 1 1
0 4 505 1 1
0 7 505 1 1
0 7 506 1 1
0 5 506 1 1
0 6 506 1 1
0 1 506 1 1
0 2 506 1 1
0 7 507 1 1
0 2 507 1 1
0 1 507 1 1
0 6 507 1 1
0 5 507 1 1
0 7 508 1 1
0 4 508 1 1
0 1 508 1 1
0 6 508 1 1
0 3 508 1 1
0 4 509 1 1
0 7 509 1 1
0 2 509 1 1
0 5 509 1 1
0 3 509 1 1
0 3 510 1 1
0 5 510 1 1
0 2 510 1 1
0 7 510 1 1
0 4 510 1 1
0 3 511 1 1
0 6 511 1 1
0 1 511 1 1
0 4 511 1 1
0 7 511 1 1
0 7 512 1 1
0 5 512 1 1
0 6 512 1 1
0 1 512 1 1
0 2 512 1 1
0 7 513 1 1
0 2 513 1 1
0 1 513 1 1
0 6 513 1 1
0 5 513 1 1
0 7 514 1 1
0 4 514 1 1
0 1 514 1 1
0 6 514 1 1
0 3 514 1 1
0 4 515 1 1
0 7 515 1 1
0 2 515 1 1
0 5 515 1 1
0 3 515 1 1
0 3 516 1 1
0 5 516 1 1
0 2 516 1 1
0 7 516 1 1
0 4 516 1 1
0 3 517 1 1
0 6 517 1 1
0 1 517 1 1
0 4 517 1 1
0 7 517 1 1
0 7 518 1 1
0 5 518 1 1
0 6 518 1 1
0 1 518 1 1
0 2 518 1 1
0 7 519 1 1
0 2 519 1 1
0 1 519 1 1
0 6 519 1 1
0 5 519 1 1
0 7 520 1 1
0 4 520 1 1
0 1 520 1 1
0 6 520 1 1
0 3 520 1 1
0 4 521 1 1
0 7 521 1 1
0 2 521 1 1
0 5 521 1 1
0 3 521 1 1
0 3 522 1 1
0 5 522 1 1
0 2 522 1 1
0 7 522 1 1
0 4 522 1 1
0 3 523 1 1
0 6 523 1 1
0 1 523 1 1
0 4 523 1 1
0 7 523 1 1
0 7 524 1 1
0 5 524 1 1
0 6 524 1 1
0 1 524 1 1
0 2 524 1 1
0 7 525 1 1
0 2 525 1 1
0 1 525 1 1
0 6 525 1 1
0 5 525 1 1
0 7 526 1 1
0 4 526 1 1
0 1 526 1 1
0 6 526 1 1
0 3 526 1 1
0 4 527 1 1
0 7 527 1 1
0 2 527 1 1
0 5 527 1 1
0 3 527 1 1
0 3 528 1 1
0 5 528 1 1
0 2 528 1 1
0 7 528 1 1
0 4 528 1 1
0 3 529 1 1
0 6 529 1 1
0 1 529 1 1
0 4 529 1 1
0 7 529 1 1
0 7 530 1 1
0 5 530 1 1
0 6 530 1 1
0 1 530 1 1
0 2 530 1 1
0 7 531 1 1
0 2 531 1 1
0 1 531 1 1
0 6 531 1 1
0 5 531 1 1
0 7 532 1 1
0 4 532 1 1
0 1 532 1 1
0 6 532 1 1
0 3 532 1 1
0 4 533 1 1
0 7 533 1 1
0 2 533 1 1
0 5 533 1 1
0 3 533 1 1
0 3 534 1 1
0 5 534 1 1
0 2 534 1 1
0 7 534 1 1
0 4 534 1 1
0 3 535 1 1
0 6 535 1 1
0 1 535 1 1
0 4 535 1 1
0 7 535 1 1
0 7 536 1 1
0 5 536 1 1
0 6 536 1 1
0 1 536 1 1
0 2 536 1 1
0 7 537 1 1
0 2 537 1 1
0 1 537 1 1
0 6 537 1 1
0 5 537 1 1
0 7 538 1 1
0 4 538 1 1
0 1 538 1 1
0 6 538 1 1
0 3 538 1 1
0 4 539 1 1
0 7 539 1 1
0 2 539 1 1
0 5 539 1 1
0 3 539 1 1
0 3 540 1 1
0 5 540 1 1
0 2 540 1 1
0 7 540 1 1
0 4 540 1 1
0 3 541 1 1
0 6 541 1 1
0 1 541 1 1
0 4 541 1 1
0 7 541 1 1
0 7 542 1 1
0 5 542 1 1
0 6 542 1 1
0 1 542 1 1
0 2 542 1 1
0 7 543 1 1
0 2 543 1 1
0 1 543 1 1
0 6 543 1 1
0 5 543 1 1
0 7 544 1 1
0 4 544 1 1
0 1 544 1 1
0 6 544 1 1
0 3 544 1 1
0 4 545 1 1
0 7 545 1 1
0 2 545 1 1
0 5 545 1 1
0 3 545 1 1
0 3 546 1 1
0 5 546 1 1
0 2 546 1 1
0 7 546 1 1
0 4 546 1 1
0 3 547 1 1
0 6 547 1 1
0 1 547 1 1
0 4 547 1 1
0 7 547 1 1
0 7 548 1 1
0 5 548 1 1
0 6 548 1 1
0 1 548 1 1
0 2 548 1 1
0 7 549 1 1
0 2 549 1 1
0 1 549 1 1
0 6 549 1 1
0 5 549 1 1
0 7 550 1 1
0 4 550 1 1
0 1 550 1 1
0 6 550 1 1
0 3 550 1 1
0 4 551 1 1
0 7 551 1 1
0 2 551 1 1
0 5 551 1 1
0 3 551 1 1
0 3 552 1 1
0 5 552 1 1
0 2 552 1 1
0 7 552 1 1
0 4 552 1 1
0 3 553 1 1
0 6 553 1 1
0 1 553 1 1
0 4 553 1 1
0 7 553 1 1
0 7 554 1 1
0 5 554 1 1
0 6 554 1 1
0 1 554 1 1
0 2 554 1 1
0 7 555 1 1
0 2 555 1 1
0 1 555 1 1
0 6 555 1 1
0 5 555 1 1
0 7 556 1 1
0 4 556 1 1
0 1 556 1 1
0 6 556 1 1
0 3 556 1 1
0 4 557 1 1
0 7 557 1 1
0 2 557 1 1
0 5 557 1 1
0 3 557 1 1
0 3 558 1 1
0 5 558 1 1
0 2 558 1 1
0 7 558 1 1
0 4 558 1 1
0 3 559 1 1
0 6 559 1 1
0 1 559 1 1
0 4 559 1 1
0 7 559 1 1
0 7 560 1 1
0 5 560 1 1
0 6 560 1 1
0 1 560 1 1
0 2 560 1 1
0 7 561 1 1
0 2 561 1 1
0 1 561 1 1
0 6 561 1 1
0 5 561 1 1
0 7 562 1 1
0 4 562 1 1
0 1 562 1 1
0 6 562 1 1
0 3 562 1 1
0 4 563 1 1
0 7 563 1 1
0 2 563 1 1
0 5 563 1 1
0 3 563 1 1
0 3 564 1 1
0 5 564 1 1
0 2 564 1 1
0 7 564 1 1
0 4 564 1 1
0 3 565 1 1
0 6 565 1 1
0 1 565 1 1
0 4 565 1 1
0 7 565 1 1
0 7 566 1 1
0 5 566 1 1
0 6 566 1 1
0 1 566 1 1
0 2 566 1 1
0 7 567 1 1
0 2 567 1 1
0 1 567 1 1
0 6 567 1 1
0 5 567 1 1
0 7 568 1 1
0 4 568 1 1
0 1 568 1 1
0 6 568 1 1
0 3 568 1 1
0 4 569 1 1
0 7 569 1 1
0 2 569 1 1
0 5 569 1 1
0 3 569 1 1
0 3 570 1 1
0 5 570 1 1
0 2 570 1 1
0 7 570 1 1
0 4 570 1 1
0 3 571 1 1
0 6 571 1 1
0 1 571 1 1
0 4 571 1 1
0 7 571 1 1
0 7 572 1 1
0 5 572 1 1
0 6 572 1 1
0 1 572 1 1
0 2 572 1 1
0 7 573 1 1
0 2 573 1 1
0 1 573 1 1
0 6 573 1 1
0 5 573 1 1
0 7 574 1 1
0 4 574 1 1
0 1 574 1 1
0 6 574 1 1
0 3 574 1 1
0 4 575 1 1
0 7 575 1 1
0 2 575 1 1
0 5 575 1 1
0 3 575 1 1
0 3 576 1 1
0 5 576 1 1
0 2 576 1 1
0 7 576 1 1
0 4 576 1 1
0 3 577 1 1
0 6 577 1 1
0 1 577 1 1
0 4 577 1 1
0 7 577 1 1
0 7 578 1 1
0 5 578 1 1
0 6 578 1 1
0 1 578 1 1
0 2 578 1 1
0 7 579 1 1
0 2 579 1 1
0 1 579 1 1
0 6 579 1 1
0 5 579 1 1
0 7 580 1 1
0 4 580 1 1
0 1 580 1 1
0 6 580 1 1
0 3 580 1 1
0 4 581 1 1
0 7 581 1 1
0 2 581 1 1
0 5 581 1 1
0 3 581 1 1
0 3 582 1 1
0 5 582 1 1
0 2 582 1 1
0 7 582 1 1
0 4 582 1 1
0 3 583 1 1
0 6 583 1 1
0 1 583 1 1
0 4 583 1 1
0 7 583 1 1
0 7 584 1 1
0 5 584 1 1
0 6 584 1 1
0 1 584 1 1
0 2 584 1 1
0 7 585 1 1
0 2 585 1 1
0 1 585 1 1
0 6 585 1 1
0 5 585 1 1
0 7 586 1 1
0 4 586 1 1
0 1 586 1 1
0 6 586 1 1
0 3 586 1 1
0 4 587 1 1
0 7 587 1 1
0 2 587 1 1
0 5 587 1 1
0 3 587 1 1
0 3 588 1 1
0 5 588 1 1
0 2 588 1 1
0 7 588 1 1
0 4 588 1 1
0 3 589 1 1
0 6 589 1 1
0 1 589 1 1
0 4 589 1 1
0 7 589 1 1
0 7 590 1 1
0 5 590 1 1
0 6 590 1 1
0 1 590 1 1
0 2 590 1 1
0 7 591 1 1
0 2 591 1 1
0 1 591 1 1
0 6 591 1 1
0 5 591 1 1
0 7 592 1 1
0 4 592 1 1
0 1 592 1 1
0 6 592 1 1
0 3 592 1 1
0 4 593 1 1
0 7 593 1 1
0 2 593 1 1
0 5 593 1 1
0 3 593 1 1
0 3 594 1 1
0 5 594 1 1
0 2 594 1 1
0 7 594 1 1
0 4 594 1 1
0 3 595 1 1
0 6 595 1 1
0 1 595 1 1
0 4 595 1 1
0 7 595 1 1
0 7 596 1 1
0 5 596 1 1
0 6 596 1 1
0 1 596 1 1
0 2 596 1 1
0 7 597 1 1
0 2 597 1 1
0 1 597 1 1
0 6 597 1 1
0 5 597 1 1
0 7 598 1 1
0 4 598 1 1
0 1 598 1 1
0 6 598 1 1
0 3 598 1 1
0 4 599 1 1
0 7 599 1 1
0 2 599 1 1
0 5 599 1 1
0 3 599 1 1
