0 3 0 1 1
0 5 0 1 1
0 2 0 1 1
0 5 1 1 1
0 1 1 1 1
0 4 1 1 1
0 5 2 1 1
0 4 2 1 1
0 1 2 1 1
0 3 3 1 1
0 5 3 1 1
0 2 3 1 1
0 5 4 1 1
0 1 4 1 1
0 4 4 1 1
0 5 5 1 1
0 4 5 1 1
0 1 5 1 1
0 3 6 1 1
0 5 6 1 1
0 2 6 1 1
0 5 7 1 1
0 1 7 1 1
0 4 7 1 1
0 5 8 1 1
0 4 8 1 1
0 1 8 1 1
0 3 9 1 1
0 5 9 1 1
0 2 9 1 1
0 5 10 1 1
0 1 10 1 1
0 4 10 1 1
0 5 11 1 1
0 4 11 1 1
0 1 11 1 1
0 3 12 1 1
0 5 12 1 1
0 2 12 1 1
0 5 13 1 1
0 1 13 1 1
0 4 13 1 1
0 5 14 1 1
0 4 14 1 1
0 1 14 1 1
0 3 15 1 1
0 5 15 1 1
0 2 15 1 1
0 5 16 1 1
0 1 16 1 1
0 4 16 1 1
0 5 17 1 1
0 4 17 1 1
0 1 17 1 1
0 3 18 1 1
0 5 18 1 1
0 2 18 1 1
0 5 19 1 1
0 1 19 1 1
0 4 19 1 1
0 5 20 1 1
0 4 20 1 1
0 1 20 1 1
0 3 21 1 1
0 5 21 1 1
0 2 21 1 1
0 5 22 1 1
0 1 22 1 1
0 4 22 1 1
0 5 23 1 1
0 4 23 1 1
0 1 23 1 1
0 3 24 1 1
0 5 24 1 1
0 2 24 1 1
0 5 25 1 1
0 1 25 1 1
0 4 25 1 1
0 5 26 1 1
0 4 26 1 1
0 1 26 1 1
0 3 27 1 1
0 5 27 1 1
0 2 27 1 1
0 5 28 1 1
0 1 28 1 1
0 4 28 1 1
0 5 29 1 1
0 4 29 1 1
0 1 29 1 1
0 3 30 1 1
0 5 30 1 1
0 2 30 1 1
0 5 31 1 1
0 1 31 1 1
0 4 31 1 1
0 5 32 1 1
0 4 32 1 1
0 1 32 1 1
0 3 33 1 1
0 5 33 1 1
0 2 33 1 1
0 5 34 1 1
0 1 34 1 1
0 4 34 1 1
0 5 35 1 1
0 4 35 1 1
0 1 35 1 1
0 3 36 1 1
0 5 36 1 1
0 2 36 1 1
0 5 37 1 1
0 1 37 1 1
0 4 37 1 1
0 5 38 1 1
0 4 38 1 1
0 1 38 1 1
0 3 39 1 1
0 5 39 1 1
0 2 39 1 1
0 5 40 1 1
0 1 40 1 1
0 4 40 1 1
0 5 41 1 1
0 4 41 1 1
0 1 41 1 1
0 3 42 1 1
0 5 42 1 1
0 2 42 1 1
0 5 43 1 1
0 1 43 1 1
0 4 43 1 1
0 5 44 1 1
0 4 44 1 1
0 1 44 1 1
0 3 45 1 1
0 5 45 1 1
0 2 45 1 1
0 5 46 1 1
0 1 46 1 1
0 4 46 1 1
0 5 47 1 1
0 4 47 1 1
0 1 47 1 1
0 3 48 1 1
0 5 48 1 1
0 2 48 1 1
0 5 49 1 1
0 1 49 1 1
0 4 49 1 1
0 5 50 1 1
0 4 50 1 1
0 1 50 1 1
0 3 51 1 1
0 5 51 1 1
0 2 51 1 1
0 5 52 1 1
0 1 52 1 1
0 4 52 1 1
0 5 53 1 1
0 4 53 1 1
0 1 53 1 1
0 3 54 1 1
0 5 54 1 1
0 2 54 1 1
0 5 55 1 1
0 1 55 1 1
0 4 55 1 1
0 5 56 1 1
0 4 56 1 1
0 1 56 1 1
0 3 57 1 1
0 5 57 1 1
0 2 57 1 1
0 5 58 1 1
0 1 58 1 1
0 4 58 1 1
0 5 59 1 1
0 4 59 1 1
0 1 59 1 1
0 3 60 1 1
0 5 60 1 1
0 2 60 1 1
0 5 61 1 1
0 1 61 1 1
0 4 61 1 1
0 5 62 1 1
0 4 62 1 1
0 1 62 1 1
0 3 63 1 1
0 5 63 1 1
0 2 63 1 1
0 5 64 1 1
0 1 64 1 1
0 4 64 1 1
0 5 65 1 1
0 4 65 1 1
0 1 65 1 1
0 3 66 1 1
0 5 66 1 1
0 2 66 1 1
0 5 67 1 1
0 1 67 1 1
0 4 67 1 1
0 5 68 1 1
0 4 68 1 1
0 1 68 1 1
0 3 69 1 1
0 5 69 1 1
0 2 69 1 1
0 5 70 1 1
0 1 70 1 1
0 4 70 1 1
0 5 71 1 1
0 4 71 1 1
0 1 71 1 1
0 3 72 1 1
0 5 72 1 1
0 2 72 1 1
0 5 73 1 1
0 1 73 1 1
0 4 73 1 1
0 5 74 1 1
0 4 74 1 1
0 1 74 1 1
0 3 75 1 1
0 5 75 1 1
0 2 75 1 1
0 5 76 1 1
0 1 76 1 1
0 4 76 1 1
0 5 77 1 1
0 4 77 1 1
0 1 77 1 1
0 3 78 1 1
0 5 78 1 1
0 2 78 1 1
0 5 79 1 1
0 1 79 1 1
0 4 79 1 1
0 5 80 1 1
0 4 80 1 1
0 1 80 1 1
0 3 81 1 1
0 5 81 1 1
0 2 81 1 1
0 5 82 1 1
0 1 82 1 1
0 4 82 1 1
0 5 83 1 1
0 4 83 1 1
0 1 83 1 1
0 3 84 1 1
0 5 84 1 1
0 2 84 1 1
0 5 85 1 1
0 1 85 1 1
0 4 85 1 1
0 5 86 1 1
0 4 86 1 1
0 1 86 1 1
0 3 87 1 1
0 5 87 1 1
0 2 87 1 1
0 5 88 1 1
0 1 88 1 1
0 4 88 1 1
0 5 89 1 1
0 4 89 1 1
0 1 89 1 1
0 3 90 1 1
0 5 90 1 1
0 2 90 1 1
0 5 91 1 1
0 1 91 1 1
0 4 91 1 1
0 5 92 1 1
0 4 92 1 1
0 1 92 1 1
0 3 93 1 1
0 5 93 1 1
0 2 93 1 1
0 5 94 1 1
0 1 94 1 1
0 4 94 1 1
0 5 95 1 1
0 4 95 1 1
0 1 95 1 1
0 3 96 1 1
0 5 96 1 1
0 2 96 1 1
0 5 97 1 1
0 1 97 1 1
0 4 97 1 1
0 5 98 1 1
0 4 98 1 1
0 1 98 1 1
0 3 99 1 1
0 5 99 1 1
0 2 99 1 1
0 5 100 1 1
0 1 100 1 1
0 4 100 1 1
0 5 101 1 1
0 4 101 1 1
0 1 101 1 1
0 3 102 1 1
0 5 102 1 1
0 2 102 1 1
0 5 103 1 1
0 1 103 1 1
0 4 103 1 1
0 5 104 1 1
0 4 104 1 1
0 1 104 1 1
0 3 105 1 1
0 5 105 1 1
0 2 105 1 1
0 5 106 1 1
0 1 106 1 1
0 4 106 1 1
0 5 107 1 1
0 4 107 1 1
0 1 107 1 1
0 3 108 1 1
0 5 108 1 1
0 2 108 1 1
0 5 109 1 1
0 1 109 1 1
0 4 109 1 1
0 5 110 1 1
0 4 110 1 1
0 1 110 1 1
0 3 111 1 1
0 5 111 1 1
0 2 111 1 1
0 5 112 1 1
0 1 112 1 1
0 4 112 1 1
0 5 113 1 1
0 4 113 1 1
0 1 113 1 1
0 3 114 1 1
0 5 114 1 1
0 2 114 1 1
0 5 115 1 1
0 1 115 1 1
0 4 115 1 1
0 5 116 1 1
0 4 116 1 1
0 1 116 1 1
0 3 117 1 1
0 5 117 1 1
0 2 117 1 1
0 5 118 1 1
0 1 118 1 1
0 4 118 1 1
0 5 119 1 1
0 4 119 1 1
0 1 119 1 1
0 3 120 1 1
0 5 120 1 1
0 2 120 1 1
0 5 121 1 1
0 1 121 1 1
0 4 121 1 1
0 5 122 1 1
0 4 122 1 1
0 1 122 1 1
0 3 123 1 1
0 5 123 1 1
0 2 123 1 1
0 5 124 1 1
0 1 124 1 1
0 4 124 1 1
0 5 125 1 1
0 4 125 1 1
0 1 125 1 1
0 3 126 1 1
0 5 126 1 1
0 2 126 1 1
0 5 127 1 1
0 1 127 1 1
0 4 127 1 1
0 5 128 1 1
0 4 128 1 1
0 1 128 1 1
0 3 129 1 1
0 5 129 1 1
0 2 129 1 1
0 5 130 1 1
0 1 130 1 1
0 4 130 1 1
0 5 131 1 1
0 4 131 1 1
0 1 131 1 1
0 3 132 1 1
0 5 132 1 1
0 2 132 1 1
0 5 133 1 1
0 1 133 1 1
0 4 133 1 1
0 5 134 1 1
0 4 134 1 1
0 1 134 1 1
0 3 135 1 1
0 5 135 1 1
0 2 135 1 1
0 5 136 1 1
0 1 136 1 1
0 4 136 1 1
0 5 137 1 1
0 4 137 1 1
0 1 137 1 1
0 3 138 1 1
0 5 138 1 1
0 2 138 1 1
0 5 139 1 1
0 1 139 1 1
0 4 139 1 1
0 5 140 1 1
0 4 140 1 1
0 1 140 1 1
0 3 141 1 1
0 5 141 1 1
0 2 141 1 1
0 5 142 1 1
0 1 142 1 1
0 4 142 1 1
0 5 143 1 1
0 4 143 1 1
0 1 143 1 1
0 3 144 1 1
0 5 144 1 1
0 2 144 1 1
0 5 145 1 1
0 1 145 1 1
0 4 145 1 1
0 5 146 1 1
0 4 146 1 1
0 1 146 1 1
0 3 147 1 1
0 5 147 1 1
0 2 147 1 1
0 5 148 1 1
0 1 148 1 1
0 4 148 1 1
0 5 149 1 1
0 4 149 1 1
0 1 149 1 1
0 3 150 1 1
0 5 150 1 1
0 2 150 1 1
0 5 151 1 1
0 1 151 1 1
0 4 151 1 1
0 5 152 1 1
0 4 152 1 1
0 1 152 1 1
0 3 153 1 1
0 5 153 1 1
0 2 153 1 1
0 5 154 1 1
0 1 154 1 1
0 4 154 1 1
0 5 155 1 1
0 4 155 1 1
0 1 155 1 1
0 3 156 1 1
0 5 156 1 1
0 2 156 1 1
0 5 157 1 1
0 1 157 1 1
0 4 157 1 1
0 5 158 1 1
0 4 158 1 1
0 1 158 1 1
0 3 159 1 1
0 5 159 1 1
0 2 159 1 1
0 5 160 1 1
0 1 160 1 1
0 4 160 1 1
0 5 161 1 1
0 4 161 1 1
0 1 161 1 1
0 3 162 1 1
0 5 162 1 1
0 2 162 1 1
0 5 163 1 1
0 1 163 1 1
0 4 163 1 1
0 5 164 1 1
0 4 164 1 1
0 1 164 1 1
0 3 165 1 1
0 5 165 1 1
0 2 165 1 1
0 5 166 1 1
0 1 166 1 1
0 4 166 1 1
0 5 167 1 1
0 4 167 1 1
0 1 167 1 1
0 3 168 1 1
0 5 168 1 1
0 2 168 1 1
0 5 169 1 1
0 1 169 1 1
0 4 169 1 1
0 5 170 1 1
0 4 170 1 1
0 1 170 1 1
0 3 171 1 1
0 5 171 1 1
0 2 171 1 1
0 5 172 1 1
0 1 172 1 1
0 4 172 1 1
0 5 173 1 1
0 4 173 1 1
0 1 173 1 1
0 3 174 1 1
0 5 174 1 1
0 2 174 1 1
0 5 175 1 1
0 1 175 1 1
0 4 175 1 1
0 5 176 1 1
0 4 176 1 1
0 1 176 1 1
0 3 177 1 1
0 5 177 1 1
0 2 177 1 1
0 5 178 1 1
0 1 178 1 1
0 4 178 1 1
0 5 179 1 1
0 4 179 1 1
0 1 179 1 1
0 3 180 1 1
0 5 180 1 1
0 2 180 1 1
0 5 181 1 1
0 1 181 1 1
0 4 181 1 1
0 5 182 1 1
0 4 182 1 1
0 1 182 1 1
0 3 183 1 1
0 5 183 1 1
0 2 183 1 1
0 5 184 1 1
0 1 184 1 1
0 4 184 1 1
0 5 185 1 1
0 4 185 1 1
0 1 185 1 1
0 3 186 1 1
0 5 186 1 1
0 2 186 1 1
0 5 187 1 1
0 1 187 1 1
0 4 187 1 1
0 5 188 1 1
0 4 188 1 1
0 1 188 1 1
0 3 189 1 1
0 5 189 1 1
0 2 189 1 1
0 5 190 1 1
0 1 190 1 1
0 4 190 1 1
0 5 191 1 1
0 4 191 1 1
0 1 191 1 1
0 3 192 1 1
0 5 192 1 1
0 2 192 1 1
0 5 193 1 1
0 1 193 1 1
0 4 193 1 1
0 5 194 1 1
0 4 194 1 1
0 1 194 1 1
0 3 195 1 1
0 5 195 1 1
0 2 195 1 1
0 5 196 1 1
0 1 196 1 1
0 4 196 1 1
0 5 197 1 1
0 4 197 1 1
0 1 197 1 1
0 3 198 1 1
0 5 198 1 1
0 2 198 1 1
0 5 199 1 1
0 1 199 1 1
0 4 199 1 1
0 5 200 1 1
0 4 200 1 1
0 1 200 1 1
0 3 201 1 1
0 5 201 1 1
0 2 201 1 1
0 5 202 1 1
0 1 202 1 1
0 4 202 1 1
0 5 203 1 1
0 4 203 1 1
0 1 203 1 1
0 3 204 1 1
0 5 204 1 1
0 2 204 1 1
0 5 205 1 1
0 1 205 1 1
0 4 205 1 1
0 5 206 1 1
0 4 206 1 1
0 1 206 1 1
0 3 207 1 1
0 5 207 1 1
0 2 207 1 1
0 5 208 1 1
0 1 208 1 1
0 4 208 1 1
0 5 209 1 1
0 4 209 1 1
0 1 209 1 1
0 3 210 1 1
0 5 210 1 1
0 2 210 1 1
0 5 211 1 1
0 1 211 1 1
0 4 211 1 1
0 5 212 1 1
0 4 212 1 1
0 1 212 1 1
0 3 213 1 1
0 5 213 1 1
0 2 213 1 1
0 5 214 1 1
0 1 214 1 1
0 4 214 1 1
0 5 215 1 1
0 4 215 1 1
0 1 215 1 1
0 3 216 1 1
0 5 216 1 1
0 2 216 1 1
0 5 217 1 1
0 1 217 1 1
0 4 217 1 1
0 5 218 1 1
0 4 218 1 1
0 1 218 1 1
0 3 219 1 1
0 5 219 1 1
0 2 219 1 1
0 5 220 1 1
0 1 220 1 1
0 4 220 1 1
0 5 221 1 1
0 4 221 1 1
0 1 221 1 1
0 3 222 1 1
0 5 222 1 1
0 2 222 1 1
0 5 223 1 1
0 1 223 1 1
0 4 223 1 1
0 5 224 1 1
0 4 224 1 1
0 1 224 1 1
0 3 225 1 1
0 5 225 1 1
0 2 225 1 1
0 5 226 1 1
0 1 226 1 1
0 4 226 1 1
0 5 227 1 1
0 4 227 1 1
0 1 227 1 1
0 3 228 1 1
0 5 228 1 1
0 2 228 1 1
0 5 229 1 1
0 1 229 1 1
0 4 229 1 1
0 5 230 1 1
0 4 230 1 1
0 1 230 1 1
0 3 231 1 1
0 5 231 1 1
0 2 231 1 1
0 5 232 1 1
0 1 232 1 1
0 4 232 1 1
0 5 233 1 1
0 4 233 1 1
0 1 233 1 1
0 3 234 1 1
0 5 234 1 1
0 2 234 1 1
0 5 235 1 1
0 1 235 1 1
0 4 235 1 1
0 5 236 1 1
0 4 236 1 1
0 1 236 1 1
0 3 237 1 1
0 5 237 1 1
0 2 237 1 1
0 5 238 1 1
0 1 238 1 1
0 4 238 1 1
0 5 239 1 1
0 4 239 1 1
0 1 239 1 1
0 3 240 1 1
0 5 240 1 1
0 2 240 1 1
0 5 241 1 1
0 1 241 1 1
0 4 241 1 1
0 5 242 1 1
0 4 242 1 1
0 1 242 1 1
0 3 243 1 1
0 5 243 1 1
0 2 243 1 1
0 5 244 1 1
0 1 244 1 1
0 4 244 1 1
0 5 245 1 1
0 4 245 1 1
0 1 245 1 1
0 3 246 1 1
0 5 246 1 1
0 2 246 1 1
0 5 247 1 1
0 1 247 1 1
0 4 247 1 1
0 5 248 1 1
0 4 248 1 1
0 1 248 1 1
0 3 249 1 1
0 5 249 1 1
0 2 249 1 1
0 5 250 1 1
0 1 250 1 1
0 4 250 1 1
0 5 251 1 1
0 4 251 1 1
0 1 251 1 1
0 3 252 1 1
0 5 252 1 1
0 2 252 1 1
0 5 253 1 1
0 1 253 1 1
0 4 253 1 1
0 5 254 1 1
0 4 254 1 1
0 1 254 1 1
0 3 255 1 1
0 5 255 1 1
0 2 255 1 1
0 5 256 1 1
0 1 256 1 1
0 4 256 1 1
0 5 257 1 1
0 4 257 1 1
0 1 257 1 1
0 3 258 1 1
0 5 258 1 1
0 2 258 1 1
0 5 259 1 1
0 1 259 1 1
0 4 259 1 1
0 5 260 1 1
0 4 260 1 1
0 1 260 1 1
0 3 261 1 1
0 5 261 1 1
0 2 261 1 1
0 5 262 1 1
0 1 262 1 1
0 4 262 1 1
0 5 263 1 1
0 4 263 1 1
0 1 263 1 1
0 3 264 1 1
0 5 264 1 1
0 2 264 1 1
0 5 265 1 1
0 1 265 1 1
0 4 265 1 1
0 5 266 1 1
0 4 266 1 1
0 1 266 1 1
0 3 267 1 1
0 5 267 1 1
0 2 267 1 1
0 5 268 1 1
0 1 268 1 1
0 4 268 1 1
0 5 269 1 1
0 4 269 1 1
0 1 269 1 1
0 3 270 1 1
0 5 270 1 1
0 2 270 1 1
0 5 271 1 1
0 1 271 1 1
0 4 271 1 1
0 5 272 1 1
0 4 272 1 1
0 1 272 1 1
0 3 273 1 1
0 5 273 1 1
0 2 273 1 1
0 5 274 1 1
0 1 274 1 1
0 4 274 1 1
0 5 275 1 1
0 4 275 1 1
0 1 275 1 1
0 3 276 1 1
0 5 276 1 1
0 2 276 1 1
0 5 277 1 1
0 1 277 1 1
0 4 277 1 1
0 5 278 1 1
0 4 278 1 1
0 1 278 1 1
0 3 279 1 1
0 5 279 1 1
0 2 279 1 1
0 5 280 1 1
0 1 280 1 1
0 4 280 1 1
0 5 281 1 1
0 4 281 1 1
0 1 281 1 1
0 3 282 1 1
0 5 282 1 1
0 2 282 1 1
0 5 283 1 1
0 1 283 1 1
0 4 283 1 1
0 5 284 1 1
0 4 284 1 1
0 1 284 1 1
0 3 285 1 1
0 5 285 1 1
0 2 285 1 1
0 5 286 1 1
0 1 286 1 1
0 4 286 1 1
0 5 287 1 1
0 4 287 1 1
0 1 287 1 1
0 3 288 1 1
0 5 288 1 1
0 2 288 1 1
0 5 289 1 1
0 1 289 1 1
0 4 289 1 1
0 5 290 1 1
0 4 290 1 1
0 1 290 1 1
0 3 291 1 1
0 5 291 1 1
0 2 291 1 1
0 5 292 1 1
0 1 292 1 1
0 4 292 1 1
0 5 293 1 1
0 4 293 1 1
0 1 293 1 1
0 3 294 1 1
0 5 294 1 1
0 2 294 1 1
0 5 295 1 1
0 1 295 1 1
0 4 295 1 1
0 5 296 1 1
0 4 296 1 1
0 1 296 1 1
0 3 297 1 1
0 5 297 1 1
0 2 297 1 1
0 5 298 1 1
0 1 298 1 1
0 4 298 1 1
0 5 299 1 1
0 4 299 1 1
0 1 299 1 1
