0 6 0 1 1
0 4 4 1 1
0 1 1 1 1
0 5 5 1 1
0 2 2 1 1
0 3 1 1 1
0 6 1 1 1
0 1 1 1 1
0 4 1 1 1
0 7 1 1 1
0 2 0 1 1
0 4 5 1 1
0 3 2 1 1
0 1 1 1 1
0 6 3 1 1
0 6 3 1 1
0 4 7 1 1
0 1 4 1 1
0 5 8 1 1
0 2 5 1 1
0 3 4 1 1
0 6 4 1 1
0 1 4 1 1
0 4 4 1 1
0 7 4 1 1
0 2 3 1 1
0 4 8 1 1
0 3 5 1 1
0 1 4 1 1
0 6 6 1 1
0 6 6 1 1
0 4 10 1 1
0 1 7 1 1
0 5 11 1 1
0 2 8 1 1
0 3 7 1 1
0 6 7 1 1
0 1 7 1 1
0 4 7 1 1
0 7 7 1 1
0 2 6 1 1
0 4 11 1 1
0 3 8 1 1
0 1 7 1 1
0 6 9 1 1
0 6 9 1 1
0 4 13 1 1
0 1 10 1 1
0 5 14 1 1
0 2 11 1 1
0 3 10 1 1
0 6 10 1 1
0 1 10 1 1
0 4 10 1 1
0 7 10 1 1
0 2 9 1 1
0 4 14 1 1
0 3 11 1 1
0 1 10 1 1
0 6 12 1 1
0 6 12 1 1
0 4 16 1 1
0 1 13 1 1
0 5 17 1 1
0 2 14 1 1
0 3 13 1 1
0 6 13 1 1
0 1 13 1 1
0 4 13 1 1
0 7 13 1 1
0 2 12 1 1
0 4 17 1 1
0 3 14 1 1
0 1 13 1 1
0 6 15 1 1
0 6 15 1 1
0 4 19 1 1
0 1 16 1 1
0 5 20 1 1
0 2 17 1 1
0 3 16 1 1
0 6 16 1 1
0 1 16 1 1
0 4 16 1 1
0 7 16 1 1
0 2 15 1 1
0 4 20 1 1
0 3 17 1 1
0 1 16 1 1
0 6 18 1 1
0 6 18 1 1
0 4 22 1 1
0 1 19 1 1
0 5 23 1 1
0 2 20 1 1
0 3 19 1 1
0 6 19 1 1
0 1 19 1 1
0 4 19 1 1
0 7 19 1 1
0 2 18 1 1
0 4 23 1 1
0 3 20 1 1
0 1 19 1 1
0 6 21 1 1
0 6 21 1 1
0 4 25 1 1
0 1 22 1 1
0 5 26 1 1
0 2 23 1 1
0 3 22 1 1
0 6 22 1 1
0 1 22 1 1
0 4 22 1 1
0 7 22 1 1
0 2 21 1 1
0 4 26 1 1
0 3 23 1 1
0 1 22 1 1
0 6 24 1 1
0 6 24 1 1
0 4 28 1 1
0 1 25 1 1
0 5 29 1 1
0 2 26 1 1
0 3 25 1 1
0 6 25 1 1
0 1 25 1 1
0 4 25 1 1
0 7 25 1 1
0 2 24 1 1
0 4 29 1 1
0 3 26 1 1
0 1 25 1 1
0 6 27 1 1
0 6 27 1 1
0 4 31 1 1
0 1 28 1 1
0 5 32 1 1
0 2 29 1 1
0 3 28 1 1
0 6 28 1 1
0 1 28 1 1
0 4 28 1 1
0 7 28 1 1
0 2 27 1 1
0 4 32 1 1
0 3 29 1 1
0 1 28 1 1
0 6 30 1 1
0 6 30 1 1
0 4 34 1 1
0 1 31 1 1
0 5 35 1 1
0 2 32 1 1
0 3 31 1 1
0 6 31 1 1
0 1 31 1 1
0 4 31 1 1
0 7 31 1 1
0 2 30 1 1
0 4 35 1 1
0 3 32 1 1
0 1 31 1 1
0 6 33 1 1
0 6 33 1 1
0 4 37 1 1
0 1 34 1 1
0 5 38 1 1
0 2 35 1 1
0 3 34 1 1
0 6 34 1 1
0 1 34 1 1
0 4 34 1 1
0 7 34 1 1
0 2 33 1 1
0 4 38 1 1
0 3 35 1 1
0 1 34 1 1
0 6 36 1 1
0 6 36 1 1
0 4 40 1 1
0 1 37 1 1
0 5 41 1 1
0 2 38 1 1
0 3 37 1 1
0 6 37 1 1
0 1 37 1 1
0 4 37 1 1
0 7 37 1 1
0 2 36 1 1
0 4 41 1 1
0 3 38 1 1
0 1 37 1 1
0 6 39 1 1
0 6 39 1 1
0 4 43 1 1
0 1 40 1 1
0 5 44 1 1
0 2 41 1 1
0 3 40 1 1
0 6 40 1 1
0 1 40 1 1
0 4 40 1 1
0 7 40 1 1
0 2 39 1 1
0 4 44 1 1
0 3 41 1 1
0 1 40 1 1
0 6 42 1 1
0 6 42 1 1
0 4 46 1 1
0 1 43 1 1
0 5 47 1 1
0 2 44 1 1
0 3 43 1 1
0 6 43 1 1
0 1 43 1 1
0 4 43 1 1
0 7 43 1 1
0 2 42 1 1
0 4 47 1 1
0 3 44 1 1
0 1 43 1 1
0 6 45 1 1
0 6 45 1 1
0 4 49 1 1
0 1 46 1 1
0 5 50 1 1
0 2 47 1 1
0 3 46 1 1
0 6 46 1 1
0 1 46 1 1
0 4 46 1 1
0 7 46 1 1
0 2 45 1 1
0 4 50 1 1
0 3 47 1 1
0 1 46 1 1
0 6 48 1 1
0 6 48 1 1
0 4 52 1 1
0 1 49 1 1
0 5 53 1 1
0 2 50 1 1
0 3 49 1 1
0 6 49 1 1
0 1 49 1 1
0 4 49 1 1
0 7 49 1 1
0 2 48 1 1
0 4 53 1 1
0 3 50 1 1
0 1 49 1 1
0 6 51 1 1
0 6 51 1 1
0 4 55 1 1
0 1 52 1 1
0 5 56 1 1
0 2 53 1 1
0 3 52 1 1
0 6 52 1 1
0 1 52 1 1
0 4 52 1 1
0 7 52 1 1
0 2 51 1 1
0 4 56 1 1
0 3 53 1 1
0 1 52 1 1
0 6 54 1 1
0 6 54 1 1
0 4 58 1 1
0 1 55 1 1
0 5 59 1 1
0 2 56 1 1
0 3 55 1 1
0 6 55 1 1
0 1 55 1 1
0 4 55 1 1
0 7 55 1 1
0 2 54 1 1
0 4 59 1 1
0 3 56 1 1
0 1 55 1 1
0 6 57 1 1
0 6 57 1 1
0 4 61 1 1
0 1 58 1 1
0 5 62 1 1
0 2 59 1 1
0 3 58 1 1
0 6 58 1 1
0 1 58 1 1
0 4 58 1 1
0 7 58 1 1
0 2 57 1 1
0 4 62 1 1
0 3 59 1 1
0 1 58 1 1
0 6 60 1 1
0 6 60 1 1
0 4 64 1 1
0 1 61 1 1
0 5 65 1 1
0 2 62 1 1
0 3 61 1 1
0 6 61 1 1
0 1 61 1 1
0 4 61 1 1
0 7 61 1 1
0 2 60 1 1
0 4 65 1 1
0 3 62 1 1
0 1 61 1 1
0 6 63 1 1
0 6 63 1 1
0 4 67 1 1
0 1 64 1 1
0 5 68 1 1
0 2 65 1 1
0 3 64 1 1
0 6 64 1 1
0 1 64 1 1
0 4 64 1 1
0 7 64 1 1
0 2 63 1 1
0 4 68 1 1
0 3 65 1 1
0 1 64 1 1
0 6 66 1 1
0 6 66 1 1
0 4 70 1 1
0 1 67 1 1
0 5 71 1 1
0 2 68 1 1
0 3 67 1 1
0 6 67 1 1
0 1 67 1 1
0 4 67 1 1
0 7 67 1 1
0 2 66 1 1
0 4 71 1 1
0 3 68 1 1
0 1 67 1 1
0 6 69 1 1
0 6 69 1 1
0 4 73 1 1
0 1 70 1 1
0 5 74 1 1
0 2 71 1 1
0 3 70 1 1
0 6 70 1 1
0 1 70 1 1
0 4 70 1 1
0 7 70 1 1
0 2 69 1 1
0 4 74 1 1
0 3 71 1 1
0 1 70 1 1
0 6 72 1 1
0 6 72 1 1
0 4 76 1 1
0 1 73 1 1
0 5 77 1 1
0 2 74 1 1
0 3 73 1 1
0 6 73 1 1
0 1 73 1 1
0 4 73 1 1
0 7 73 1 1
0 2 72 1 1
0 4 77 1 1
0 3 74 1 1
0 1 73 1 1
0 6 75 1 1
0 6 75 1 1
0 4 79 1 1
0 1 76 1 1
0 5 80 1 1
0 2 77 1 1
0 3 76 1 1
0 6 76 1 1
0 1 76 1 1
0 4 76 1 1
0 7 76 1 1
0 2 75 1 1
0 4 80 1 1
0 3 77 1 1
0 1 76 1 1
0 6 78 1 1
0 6 78 1 1
0 4 82 1 1
0 1 79 1 1
0 5 83 1 1
0 2 80 1 1
0 3 79 1 1
0 6 79 1 1
0 1 79 1 1
0 4 79 1 1
0 7 79 1 1
0 2 78 1 1
0 4 83 1 1
0 3 80 1 1
0 1 79 1 1
0 6 81 1 1
0 6 81 1 1
0 4 85 1 1
0 1 82 1 1
0 5 86 1 1
0 2 83 1 1
0 3 82 1 1
0 6 82 1 1
0 1 82 1 1
0 4 82 1 1
0 7 82 1 1
0 2 81 1 1
0 4 86 1 1
0 3 83 1 1
0 1 82 1 1
0 6 84 1 1
0 6 84 1 1
0 4 88 1 1
0 1 85 1 1
0 5 89 1 1
0 2 86 1 1
0 3 85 1 1
0 6 85 1 1
0 1 85 1 1
0 4 85 1 1
0 7 85 1 1
0 2 84 1 1
0 4 89 1 1
0 3 86 1 1
0 1 85 1 1
0 6 87 1 1
0 6 87 1 1
0 4 91 1 1
0 1 88 1 1
0 5 92 1 1
0 2 89 1 1
0 3 88 1 1
0 6 88 1 1
0 1 88 1 1
0 4 88 1 1
0 7 88 1 1
0 2 87 1 1
0 4 92 1 1
0 3 89 1 1
0 1 88 1 1
0 6 90 1 1
0 6 90 1 1
0 4 94 1 1
0 1 91 1 1
0 5 95 1 1
0 2 92 1 1
0 3 91 1 1
0 6 91 1 1
0 1 91 1 1
0 4 91 1 1
0 7 91 1 1
0 2 90 1 1
0 4 95 1 1
0 3 92 1 1
0 1 91 1 1
0 6 93 1 1
0 6 93 1 1
0 4 97 1 1
0 1 94 1 1
0 5 98 1 1
0 2 95 1 1
0 3 94 1 1
0 6 94 1 1
0 1 94 1 1
0 4 94 1 1
0 7 94 1 1
0 2 93 1 1
0 4 98 1 1
0 3 95 1 1
0 1 94 1 1
0 6 96 1 1
0 6 96 1 1
0 4 100 1 1
0 1 97 1 1
0 5 101 1 1
0 2 98 1 1
0 3 97 1 1
0 6 97 1 1
0 1 97 1 1
0 4 97 1 1
0 7 97 1 1
0 2 96 1 1
0 4 101 1 1
0 3 98 1 1
0 1 97 1 1
0 6 99 1 1
0 6 99 1 1
0 4 103 1 1
0 1 100 1 1
0 5 104 1 1
0 2 101 1 1
0 3 100 1 1
0 6 100 1 1
0 1 100 1 1
0 4 100 1 1
0 7 100 1 1
0 2 99 1 1
0 4 104 1 1
0 3 101 1 1
0 1 100 1 1
0 6 102 1 1
0 6 102 1 1
0 4 106 1 1
0 1 103 1 1
0 5 107 1 1
0 2 104 1 1
0 3 103 1 1
0 6 103 1 1
0 1 103 1 1
0 4 103 1 1
0 7 103 1 1
0 2 102 1 1
0 4 107 1 1
0 3 104 1 1
0 1 103 1 1
0 6 105 1 1
0 6 105 1 1
0 4 109 1 1
0 1 106 1 1
0 5 110 1 1
0 2 107 1 1
0 3 106 1 1
0 6 106 1 1
0 1 106 1 1
0 4 106 1 1
0 7 106 1 1
0 2 105 1 1
0 4 110 1 1
0 3 107 1 1
0 1 106 1 1
0 6 108 1 1
0 6 108 1 1
0 4 112 1 1
0 1 109 1 1
0 5 113 1 1
0 2 110 1 1
0 3 109 1 1
0 6 109 1 1
0 1 109 1 1
0 4 109 1 1
0 7 109 1 1
0 2 108 1 1
0 4 113 1 1
0 3 110 1 1
0 1 109 1 1
0 6 111 1 1
0 6 111 1 1
0 4 115 1 1
0 1 112 1 1
0 5 116 1 1
0 2 113 1 1
0 3 112 1 1
0 6 112 1 1
0 1 112 1 1
0 4 112 1 1
0 7 112 1 1
0 2 111 1 1
0 4 116 1 1
0 3 113 1 1
0 1 112 1 1
0 6 114 1 1
0 6 114 1 1
0 4 118 1 1
0 1 115 1 1
0 5 119 1 1
0 2 116 1 1
0 3 115 1 1
0 6 115 1 1
0 1 115 1 1
0 4 115 1 1
0 7 115 1 1
0 2 114 1 1
0 4 119 1 1
0 3 116 1 1
0 1 115 1 1
0 6 117 1 1
0 6 117 1 1
0 4 121 1 1
0 1 118 1 1
0 5 122 1 1
0 2 119 1 1
0 3 118 1 1
0 6 118 1 1
0 1 118 1 1
0 4 118 1 1
0 7 118 1 1
0 2 117 1 1
0 4 122 1 1
0 3 119 1 1
0 1 118 1 1
0 6 120 1 1
0 6 120 1 1
0 4 124 1 1
0 1 121 1 1
0 5 125 1 1
0 2 122 1 1
0 3 121 1 1
0 6 121 1 1
0 1 121 1 1
0 4 121 1 1
0 7 121 1 1
0 2 120 1 1
0 4 125 1 1
0 3 122 1 1
0 1 121 1 1
0 6 123 1 1
0 6 123 1 1
0 4 127 1 1
0 1 124 1 1
0 5 128 1 1
0 2 125 1 1
0 3 124 1 1
0 6 124 1 1
0 1 124 1 1
0 4 124 1 1
0 7 124 1 1
0 2 123 1 1
0 4 128 1 1
0 3 125 1 1
0 1 124 1 1
0 6 126 1 1
0 6 126 1 1
0 4 130 1 1
0 1 127 1 1
0 5 131 1 1
0 2 128 1 1
0 3 127 1 1
0 6 127 1 1
0 1 127 1 1
0 4 127 1 1
0 7 127 1 1
0 2 126 1 1
0 4 131 1 1
0 3 128 1 1
0 1 127 1 1
0 6 129 1 1
0 6 129 1 1
0 4 133 1 1
0 1 130 1 1
0 5 134 1 1
0 2 131 1 1
0 3 130 1 1
0 6 130 1 1
0 1 130 1 1
0 4 130 1 1
0 7 130 1 1
0 2 129 1 1
0 4 134 1 1
0 3 131 1 1
0 1 130 1 1
0 6 132 1 1
0 6 132 1 1
0 4 136 1 1
0 1 133 1 1
0 5 137 1 1
0 2 134 1 1
0 3 133 1 1
0 6 133 1 1
0 1 133 1 1
0 4 133 1 1
0 7 133 1 1
0 2 132 1 1
0 4 137 1 1
0 3 134 1 1
0 1 133 1 1
0 6 135 1 1
0 6 135 1 1
0 4 139 1 1
0 1 136 1 1
0 5 140 1 1
0 2 137 1 1
0 3 136 1 1
0 6 136 1 1
0 1 136 1 1
0 4 136 1 1
0 7 136 1 1
0 2 135 1 1
0 4 140 1 1
0 3 137 1 1
0 1 136 1 1
0 6 138 1 1
0 6 138 1 1
0 4 142 1 1
0 1 139 1 1
0 5 143 1 1
0 2 140 1 1
0 3 139 1 1
0 6 139 1 1
0 1 139 1 1
0 4 139 1 1
0 7 139 1 1
0 2 138 1 1
0 4 143 1 1
0 3 140 1 1
0 1 139 1 1
0 6 141 1 1
0 6 141 1 1
0 4 145 1 1
0 1 142 1 1
0 5 146 1 1
0 2 143 1 1
0 3 142 1 1
0 6 142 1 1
0 1 142 1 1
0 4 142 1 1
0 7 142 1 1
0 2 141 1 1
0 4 146 1 1
0 3 143 1 1
0 1 142 1 1
0 6 144 1 1
0 6 144 1 1
0 4 148 1 1
0 1 145 1 1
0 5 149 1 1
0 2 146 1 1
0 3 145 1 1
0 6 145 1 1
0 1 145 1 1
0 4 145 1 1
0 7 145 1 1
0 2 144 1 1
0 4 149 1 1
0 3 146 1 1
0 1 145 1 1
0 6 147 1 1
0 6 147 1 1
0 4 151 1 1
0 1 148 1 1
0 5 152 1 1
0 2 149 1 1
0 3 148 1 1
0 6 148 1 1
0 1 148 1 1
0 4 148 1 1
0 7 148 1 1
0 2 147 1 1
0 4 152 1 1
0 3 149 1 1
0 1 148 1 1
0 6 150 1 1
0 6 150 1 1
0 4 154 1 1
0 1 151 1 1
0 5 155 1 1
0 2 152 1 1
0 3 151 1 1
0 6 151 1 1
0 1 151 1 1
0 4 151 1 1
0 7 151 1 1
0 2 150 1 1
0 4 155 1 1
0 3 152 1 1
0 1 151 1 1
0 6 153 1 1
0 6 153 1 1
0 4 157 1 1
0 1 154 1 1
0 5 158 1 1
0 2 155 1 1
0 3 154 1 1
0 6 154 1 1
0 1 154 1 1
0 4 154 1 1
0 7 154 1 1
0 2 153 1 1
0 4 158 1 1
0 3 155 1 1
0 1 154 1 1
0 6 156 1 1
0 6 156 1 1
0 4 160 1 1
0 1 157 1 1
0 5 161 1 1
0 2 158 1 1
0 3 157 1 1
0 6 157 1 1
0 1 157 1 1
0 4 157 1 1
0 7 157 1 1
0 2 156 1 1
0 4 161 1 1
0 3 158 1 1
0 1 157 1 1
0 6 159 1 1
0 6 159 1 1
0 4 163 1 1
0 1 160 1 1
0 5 164 1 1
0 2 161 1 1
0 3 160 1 1
0 6 160 1 1
0 1 160 1 1
0 4 160 1 1
0 7 160 1 1
0 2 159 1 1
0 4 164 1 1
0 3 161 1 1
0 1 160 1 1
0 6 162 1 1
0 6 162 1 1
0 4 166 1 1
0 1 163 1 1
0 5 167 1 1
0 2 164 1 1
0 3 163 1 1
0 6 163 1 1
0 1 163 1 1
0 4 163 1 1
0 7 163 1 1
0 2 162 1 1
0 4 167 1 1
0 3 164 1 1
0 1 163 1 1
0 6 165 1 1
0 6 165 1 1
0 4 169 1 1
0 1 166 1 1
0 5 170 1 1
0 2 167 1 1
0 3 166 1 1
0 6 166 1 1
0 1 166 1 1
0 4 166 1 1
0 7 166 1 1
0 2 165 1 1
0 4 170 1 1
0 3 167 1 1
0 1 166 1 1
0 6 168 1 1
0 6 168 1 1
0 4 172 1 1
0 1 169 1 1
0 5 173 1 1
0 2 170 1 1
0 3 169 1 1
0 6 169 1 1
0 1 169 1 1
0 4 169 1 1
0 7 169 1 1
0 2 168 1 1
0 4 173 1 1
0 3 170 1 1
0 1 169 1 1
0 6 171 1 1
0 6 171 1 1
0 4 175 1 1
0 1 172 1 1
0 5 176 1 1
0 2 173 1 1
0 3 172 1 1
0 6 172 1 1
0 1 172 1 1
0 4 172 1 1
0 7 172 1 1
0 2 171 1 1
0 4 176 1 1
0 3 173 1 1
0 1 172 1 1
0 6 174 1 1
0 6 174 1 1
0 4 178 1 1
0 1 175 1 1
0 5 179 1 1
0 2 176 1 1
0 3 175 1 1
0 6 175 1 1
0 1 175 1 1
0 4 175 1 1
0 7 175 1 1
0 2 174 1 1
0 4 179 1 1
0 3 176 1 1
0 1 175 1 1
0 6 177 1 1
0 6 177 1 1
0 4 181 1 1
0 1 178 1 1
0 5 182 1 1
0 2 179 1 1
0 3 178 1 1
0 6 178 1 1
0 1 178 1 1
0 4 178 1 1
0 7 178 1 1
0 2 177 1 1
0 4 182 1 1
0 3 179 1 1
0 1 178 1 1
0 6 180 1 1
0 6 180 1 1
0 4 184 1 1
0 1 181 1 1
0 5 185 1 1
0 2 182 1 1
0 3 181 1 1
0 6 181 1 1
0 1 181 1 1
0 4 181 1 1
0 7 181 1 1
0 2 180 1 1
0 4 185 1 1
0 3 182 1 1
0 1 181 1 1
0 6 183 1 1
0 6 183 1 1
0 4 187 1 1
0 1 184 1 1
0 5 188 1 1
0 2 185 1 1
0 3 184 1 1
0 6 184 1 1
0 1 184 1 1
0 4 184 1 1
0 7 184 1 1
0 2 183 1 1
0 4 188 1 1
0 3 185 1 1
0 1 184 1 1
0 6 186 1 1
0 6 186 1 1
0 4 190 1 1
0 1 187 1 1
0 5 191 1 1
0 2 188 1 1
0 3 187 1 1
0 6 187 1 1
0 1 187 1 1
0 4 187 1 1
0 7 187 1 1
0 2 186 1 1
0 4 191 1 1
0 3 188 1 1
0 1 187 1 1
0 6 189 1 1
0 6 189 1 1
0 4 193 1 1
0 1 190 1 1
0 5 194 1 1
0 2 191 1 1
0 3 190 1 1
0 6 190 1 1
0 1 190 1 1
0 4 190 1 1
0 7 190 1 1
0 2 189 1 1
0 4 194 1 1
0 3 191 1 1
0 1 190 1 1
0 6 192 1 1
0 6 192 1 1
0 4 196 1 1
0 1 193 1 1
0 5 197 1 1
0 2 194 1 1
0 3 193 1 1
0 6 193 1 1
0 1 193 1 1
0 4 193 1 1
0 7 193 1 1
0 2 192 1 1
0 4 197 1 1
0 3 194 1 1
0 1 193 1 1
0 6 195 1 1
0 6 195 1 1
0 4 199 1 1
0 1 196 1 1
0 5 200 1 1
0 2 197 1 1
0 3 196 1 1
0 6 196 1 1
0 1 196 1 1
0 4 196 1 1
0 7 196 1 1
0 2 195 1 1
0 4 200 1 1
0 3 197 1 1
0 1 196 1 1
0 6 198 1 1
0 6 198 1 1
0 4 202 1 1
0 1 199 1 1
0 5 203 1 1
0 2 200 1 1
0 3 199 1 1
0 6 199 1 1
0 1 199 1 1
0 4 199 1 1
0 7 199 1 1
0 2 198 1 1
0 4 203 1 1
0 3 200 1 1
0 1 199 1 1
0 6 201 1 1
0 6 201 1 1
0 4 205 1 1
0 1 202 1 1
0 5 206 1 1
0 2 203 1 1
0 3 202 1 1
0 6 202 1 1
0 1 202 1 1
0 4 202 1 1
0 7 202 1 1
0 2 201 1 1
0 4 206 1 1
0 3 203 1 1
0 1 202 1 1
0 6 204 1 1
0 6 204 1 1
0 4 208 1 1
0 1 205 1 1
0 5 209 1 1
0 2 206 1 1
0 3 205 1 1
0 6 205 1 1
0 1 205 1 1
0 4 205 1 1
0 7 205 1 1
0 2 204 1 1
0 4 209 1 1
0 3 206 1 1
0 1 205 1 1
0 6 207 1 1
0 6 207 1 1
0 4 211 1 1
0 1 208 1 1
0 5 212 1 1
0 2 209 1 1
0 3 208 1 1
0 6 208 1 1
0 1 208 1 1
0 4 208 1 1
0 7 208 1 1
0 2 207 1 1
0 4 212 1 1
0 3 209 1 1
0 1 208 1 1
0 6 210 1 1
0 6 210 1 1
0 4 214 1 1
0 1 211 1 1
0 5 215 1 1
0 2 212 1 1
0 3 211 1 1
0 6 211 1 1
0 1 211 1 1
0 4 211 1 1
0 7 211 1 1
0 2 210 1 1
0 4 215 1 1
0 3 212 1 1
0 1 211 1 1
0 6 213 1 1
0 6 213 1 1
0 4 217 1 1
0 1 214 1 1
0 5 218 1 1
0 2 215 1 1
0 3 214 1 1
0 6 214 1 1
0 1 214 1 1
0 4 214 1 1
0 7 214 1 1
0 2 213 1 1
0 4 218 1 1
0 3 215 1 1
0 1 214 1 1
0 6 216 1 1
0 6 216 1 1
0 4 220 1 1
0 1 217 1 1
0 5 221 1 1
0 2 218 1 1
0 3 217 1 1
0 6 217 1 1
0 1 217 1 1
0 4 217 1 1
0 7 217 1 1
0 2 216 1 1
0 4 221 1 1
0 3 218 1 1
0 1 217 1 1
0 6 219 1 1
0 6 219 1 1
0 4 223 1 1
0 1 220 1 1
0 5 224 1 1
0 2 221 1 1
0 3 220 1 1
0 6 220 1 1
0 1 220 1 1
0 4 220 1 1
0 7 220 1 1
0 2 219 1 1
0 4 224 1 1
0 3 221 1 1
0 1 220 1 1
0 6 222 1 1
0 6 222 1 1
0 4 226 1 1
0 1 223 1 1
0 5 227 1 1
0 2 224 1 1
0 3 223 1 1
0 6 223 1 1
0 1 223 1 1
0 4 223 1 1
0 7 223 1 1
0 2 222 1 1
0 4 227 1 1
0 3 224 1 1
0 1 223 1 1
0 6 225 1 1
0 6 225 1 1
0 4 229 1 1
0 1 226 1 1
0 5 230 1 1
0 2 227 1 1
0 3 226 1 1
0 6 226 1 1
0 1 226 1 1
0 4 226 1 1
0 7 226 1 1
0 2 225 1 1
0 4 230 1 1
0 3 227 1 1
0 1 226 1 1
0 6 228 1 1
0 6 228 1 1
0 4 232 1 1
0 1 229 1 1
0 5 233 1 1
0 2 230 1 1
0 3 229 1 1
0 6 229 1 1
0 1 229 1 1
0 4 229 1 1
0 7 229 1 1
0 2 228 1 1
0 4 233 1 1
0 3 230 1 1
0 1 229 1 1
0 6 231 1 1
0 6 231 1 1
0 4 235 1 1
0 1 232 1 1
0 5 236 1 1
0 2 233 1 1
0 3 232 1 1
0 6 232 1 1
0 1 232 1 1
0 4 232 1 1
0 7 232 1 1
0 2 231 1 1
0 4 236 1 1
0 3 233 1 1
0 1 232 1 1
0 6 234 1 1
0 6 234 1 1
0 4 238 1 1
0 1 235 1 1
0 5 239 1 1
0 2 236 1 1
0 3 235 1 1
0 6 235 1 1
0 1 235 1 1
0 4 235 1 1
0 7 235 1 1
0 2 234 1 1
0 4 239 1 1
0 3 236 1 1
0 1 235 1 1
0 6 237 1 1
0 6 237 1 1
0 4 241 1 1
0 1 238 1 1
0 5 242 1 1
0 2 239 1 1
0 3 238 1 1
0 6 238 1 1
0 1 238 1 1
0 4 238 1 1
0 7 238 1 1
0 2 237 1 1
0 4 242 1 1
0 3 239 1 1
0 1 238 1 1
0 6 240 1 1
0 6 240 1 1
0 4 244 1 1
0 1 241 1 1
0 5 245 1 1
0 2 242 1 1
0 3 241 1 1
0 6 241 1 1
0 1 241 1 1
0 4 241 1 1
0 7 241 1 1
0 2 240 1 1
0 4 245 1 1
0 3 242 1 1
0 1 241 1 1
0 6 243 1 1
0 6 243 1 1
0 4 247 1 1
0 1 244 1 1
0 5 248 1 1
0 2 245 1 1
0 3 244 1 1
0 6 244 1 1
0 1 244 1 1
0 4 244 1 1
0 7 244 1 1
0 2 243 1 1
0 4 248 1 1
0 3 245 1 1
0 1 244 1 1
0 6 246 1 1
0 6 246 1 1
0 4 250 1 1
0 1 247 1 1
0 5 251 1 1
0 2 248 1 1
0 3 247 1 1
0 6 247 1 1
0 1 247 1 1
0 4 247 1 1
0 7 247 1 1
0 2 246 1 1
0 4 251 1 1
0 3 248 1 1
0 1 247 1 1
0 6 249 1 1
0 6 249 1 1
0 4 253 1 1
0 1 250 1 1
0 5 254 1 1
0 2 251 1 1
0 3 250 1 1
0 6 250 1 1
0 1 250 1 1
0 4 250 1 1
0 7 250 1 1
0 2 249 1 1
0 4 254 1 1
0 3 251 1 1
0 1 250 1 1
0 6 252 1 1
0 6 252 1 1
0 4 256 1 1
0 1 253 1 1
0 5 257 1 1
0 2 254 1 1
0 3 253 1 1
0 6 253 1 1
0 1 253 1 1
0 4 253 1 1
0 7 253 1 1
0 2 252 1 1
0 4 257 1 1
0 3 254 1 1
0 1 253 1 1
0 6 255 1 1
0 6 255 1 1
0 4 259 1 1
0 1 256 1 1
0 5 260 1 1
0 2 257 1 1
0 3 256 1 1
0 6 256 1 1
0 1 256 1 1
0 4 256 1 1
0 7 256 1 1
0 2 255 1 1
0 4 260 1 1
0 3 257 1 1
0 1 256 1 1
0 6 258 1 1
0 6 258 1 1
0 4 262 1 1
0 1 259 1 1
0 5 263 1 1
0 2 260 1 1
0 3 259 1 1
0 6 259 1 1
0 1 259 1 1
0 4 259 1 1
0 7 259 1 1
0 2 258 1 1
0 4 263 1 1
0 3 260 1 1
0 1 259 1 1
0 6 261 1 1
0 6 261 1 1
0 4 265 1 1
0 1 262 1 1
0 5 266 1 1
0 2 263 1 1
0 3 262 1 1
0 6 262 1 1
0 1 262 1 1
0 4 262 1 1
0 7 262 1 1
0 2 261 1 1
0 4 266 1 1
0 3 263 1 1
0 1 262 1 1
0 6 264 1 1
0 6 264 1 1
0 4 268 1 1
0 1 265 1 1
0 5 269 1 1
0 2 266 1 1
0 3 265 1 1
0 6 265 1 1
0 1 265 1 1
0 4 265 1 1
0 7 265 1 1
0 2 264 1 1
0 4 269 1 1
0 3 266 1 1
0 1 265 1 1
0 6 267 1 1
0 6 267 1 1
0 4 271 1 1
0 1 268 1 1
0 5 272 1 1
0 2 269 1 1
0 3 268 1 1
0 6 268 1 1
0 1 268 1 1
0 4 268 1 1
0 7 268 1 1
0 2 267 1 1
0 4 272 1 1
0 3 269 1 1
0 1 268 1 1
0 6 270 1 1
0 6 270 1 1
0 4 274 1 1
0 1 271 1 1
0 5 275 1 1
0 2 272 1 1
0 3 271 1 1
0 6 271 1 1
0 1 271 1 1
0 4 271 1 1
0 7 271 1 1
0 2 270 1 1
0 4 275 1 1
0 3 272 1 1
0 1 271 1 1
0 6 273 1 1
0 6 273 1 1
0 4 277 1 1
0 1 274 1 1
0 5 278 1 1
0 2 275 1 1
0 3 274 1 1
0 6 274 1 1
0 1 274 1 1
0 4 274 1 1
0 7 274 1 1
0 2 273 1 1
0 4 278 1 1
0 3 275 1 1
0 1 274 1 1
0 6 276 1 1
0 6 276 1 1
0 4 280 1 1
0 1 277 1 1
0 5 281 1 1
0 2 278 1 1
0 3 277 1 1
0 6 277 1 1
0 1 277 1 1
0 4 277 1 1
0 7 277 1 1
0 2 276 1 1
0 4 281 1 1
0 3 278 1 1
0 1 277 1 1
0 6 279 1 1
0 6 279 1 1
0 4 283 1 1
0 1 280 1 1
0 5 284 1 1
0 2 281 1 1
0 3 280 1 1
0 6 280 1 1
0 1 280 1 1
0 4 280 1 1
0 7 280 1 1
0 2 279 1 1
0 4 284 1 1
0 3 281 1 1
0 1 280 1 1
0 6 282 1 1
0 6 282 1 1
0 4 286 1 1
0 1 283 1 1
0 5 287 1 1
0 2 284 1 1
0 3 283 1 1
0 6 283 1 1
0 1 283 1 1
0 4 283 1 1
0 7 283 1 1
0 2 282 1 1
0 4 287 1 1
0 3 284 1 1
0 1 283 1 1
0 6 285 1 1
0 6 285 1 1
0 4 289 1 1
0 1 286 1 1
0 5 290 1 1
0 2 287 1 1
0 3 286 1 1
0 6 286 1 1
0 1 286 1 1
0 4 286 1 1
0 7 286 1 1
0 2 285 1 1
0 4 290 1 1
0 3 287 1 1
0 1 286 1 1
0 6 288 1 1
0 6 288 1 1
0 4 292 1 1
0 1 289 1 1
0 5 293 1 1
0 2 290 1 1
0 3 289 1 1
0 6 289 1 1
0 1 289 1 1
0 4 289 1 1
0 7 289 1 1
0 2 288 1 1
0 4 293 1 1
0 3 290 1 1
0 1 289 1 1
0 6 291 1 1
0 6 291 1 1
0 4 295 1 1
0 1 292 1 1
0 5 296 1 1
0 2 293 1 1
0 3 292 1 1
0 6 292 1 1
0 1 292 1 1
0 4 292 1 1
0 7 292 1 1
0 2 291 1 1
0 4 296 1 1
0 3 293 1 1
0 1 292 1 1
0 6 294 1 1
0 6 294 1 1
0 4 298 1 1
0 1 295 1 1
0 5 299 1 1
0 2 296 1 1
0 3 295 1 1
0 6 295 1 1
0 1 295 1 1
0 4 295 1 1
0 7 295 1 1
0 2 294 1 1
0 4 299 1 1
0 3 296 1 1
0 1 295 1 1
0 6 297 1 1
0 6 297 1 1
0 4 301 1 1
0 1 298 1 1
0 5 302 1 1
0 2 299 1 1
0 3 298 1 1
0 6 298 1 1
0 1 298 1 1
0 4 298 1 1
0 7 298 1 1
0 2 297 1 1
0 4 302 1 1
0 3 299 1 1
0 1 298 1 1
0 6 300 1 1
