0 3 0 1 1
0 5 0 1 1
0 2 0 1 1
0 7 0 1 1
0 4 0 1 1
0 3 1 1 1
0 6 1 1 1
0 1 1 1 1
0 4 1 1 1
0 7 1 1 1
0 7 2 1 1
0 5 2 1 1
0 6 2 1 1
0 1 2 1 1
0 2 2 1 1
0 3 3 1 1
0 5 3 1 1
0 2 3 1 1
0 7 3 1 1
0 4 3 1 1
0 3 4 1 1
0 6 4 1 1
0 1 4 1 1
0 4 4 1 1
0 7 4 1 1
0 7 5 1 1
0 5 5 1 1
0 6 5 1 1
0 1 5 1 1
0 2 5 1 1
0 3 6 1 1
0 5 6 1 1
0 2 6 1 1
0 7 6 1 1
0 4 6 1 1
0 3 7 1 1
0 6 7 1 1
0 1 7 1 1
0 4 7 1 1
0 7 7 1 1
0 7 8 1 1
0 5 8 1 1
0 6 8 1 1
0 1 8 1 1
0 2 8 1 1
0 3 9 1 1
0 5 9 1 1
0 2 9 1 1
0 7 9 1 1
0 4 9 1 1
0 3 10 1 1
0 6 10 1 1
0 1 10 1 1
0 4 10 1 1
0 7 10 1 1
0 7 11 1 1
0 5 11 1 1
0 6 11 1 1
0 1 11 1 1
0 2 11 1 1
0 3 12 1 1
0 5 12 1 1
0 2 12 1 1
0 7 12 1 1
0 4 12 1 1
0 3 13 1 1
0 6 13 1 1
0 1 13 1 1
0 4 13 1 1
0 7 13 1 1
0 7 14 1 1
0 5 14 1 1
0 6 14 1 1
0 1 14 1 1
0 2 14 1 1
0 3 15 1 1
0 5 15 1 1
0 2 15 1 1
0 7 15 1 1
0 4 15 1 1
0 3 16 1 1
0 6 16 1 1
0 1 16 1 1
0 4 16 1 1
0 7 16 1 1
0 7 17 1 1
0 5 17 1 1
0 6 17 1 1
0 1 17 1 1
0 2 17 1 1
0 3 18 1 1
0 5 18 1 1
0 2 18 1 1
0 7 18 1 1
0 4 18 1 1
0 3 19 1 1
0 6 19 1 1
0 1 19 1 1
0 4 19 1 1
0 7 19 1 1
0 7 20 1 1
0 5 20 1 1
0 6 20 1 1
0 1 20 1 1
0 2 20 1 1
0 3 21 1 1
0 5 21 1 1
0 2 21 1 1
0 7 21 1 1
0 4 21 1 1
0 3 22 1 1
0 6 22 1 1
0 1 22 1 1
0 4 22 1 1
0 7 22 1 1
0 7 23 1 1
0 5 23 1 1
0 6 23 1 1
0 1 23 1 1
0 2 23 1 1
0 3 24 1 1
0 5 24 1 1
0 2 24 1 1
0 7 24 1 1
0 4 24 1 1
0 3 25 1 1
0 6 25 1 1
0 1 25 1 1
0 4 25 1 1
0 7 25 1 1
0 7 26 1 1
0 5 26 1 1
0 6 26 1 1
0 1 26 1 1
0 2 26 1 1
0 3 27 1 1
0 5 27 1 1
0 2 27 1 1
0 7 27 1 1
0 4 27 1 1
0 3 28 1 1
0 6 28 1 1
0 1 28 1 1
0 4 28 1 1
0 7 28 1 1
0 7 29 1 1
0 5 29 1 1
0 6 29 1 1
0 1 29 1 1
0 2 29 1 1
0 3 30 1 1
0 5 30 1 1
0 2 30 1 1
0 7 30 1 1
0 4 30 1 1
0 3 31 1 1
0 6 31 1 1
0 1 31 1 1
0 4 31 1 1
0 7 31 1 1
0 7 32 1 1
0 5 32 1 1
0 6 32 1 1
0 1 32 1 1
0 2 32 1 1
0 3 33 1 1
0 5 33 1 1
0 2 33 1 1
0 7 33 1 1
0 4 33 1 1
0 3 34 1 1
0 6 34 1 1
0 1 34 1 1
0 4 34 1 1
0 7 34 1 1
0 7 35 1 1
0 5 35 1 1
0 6 35 1 1
0 1 35 1 1
0 2 35 1 1
0 3 36 1 1
0 5 36 1 1
0 2 36 1 1
0 7 36 1 1
0 4 36 1 1
0 3 37 1 1
0 6 37 1 1
0 1 37 1 1
0 4 37 1 1
0 7 37 1 1
0 7 38 1 1
0 5 38 1 1
0 6 38 1 1
0 1 38 1 1
0 2 38 1 1
0 3 39 1 1
0 5 39 1 1
0 2 39 1 1
0 7 39 1 1
0 4 39 1 1
0 3 40 1 1
0 6 40 1 1
0 1 40 1 1
0 4 40 1 1
0 7 40 1 1
0 7 41 1 1
0 5 41 1 1
0 6 41 1 1
0 1 41 1 1
0 2 41 1 1
0 3 42 1 1
0 5 42 1 1
0 2 42 1 1
0 7 42 1 1
0 4 42 1 1
0 3 43 1 1
0 6 43 1 1
0 1 43 1 1
0 4 43 1 1
0 7 43 1 1
0 7 44 1 1
0 5 44 1 1
0 6 44 1 1
0 1 44 1 1
0 2 44 1 1
0 3 45 1 1
0 5 45 1 1
0 2 45 1 1
0 7 45 1 1
0 4 45 1 1
0 3 46 1 1
0 6 46 1 1
0 1 46 1 1
0 4 46 1 1
0 7 46 1 1
0 7 47 1 1
0 5 47 1 1
0 6 47 1 1
0 1 47 1 1
0 2 47 1 1
0 3 48 1 1
0 5 48 1 1
0 2 48 1 1
0 7 48 1 1
0 4 48 1 1
0 3 49 1 1
0 6 49 1 1
0 1 49 1 1
0 4 49 1 1
0 7 49 1 1
0 7 50 1 1
0 5 50 1 1
0 6 50 1 1
0 1 50 1 1
0 2 50 1 1
0 3 51 1 1
0 5 51 1 1
0 2 51 1 1
0 7 51 1 1
0 4 51 1 1
0 3 52 1 1
0 6 52 1 1
0 1 52 1 1
0 4 52 1 1
0 7 52 1 1
0 7 53 1 1
0 5 53 1 1
0 6 53 1 1
0 1 53 1 1
0 2 53 1 1
0 3 54 1 1
0 5 54 1 1
0 2 54 1 1
0 7 54 1 1
0 4 54 1 1
0 3 55 1 1
0 6 55 1 1
0 1 55 1 1
0 4 55 1 1
0 7 55 1 1
0 7 56 1 1
0 5 56 1 1
0 6 56 1 1
0 1 56 1 1
0 2 56 1 1
0 3 57 1 1
0 5 57 1 1
0 2 57 1 1
0 7 57 1 1
0 4 57 1 1
0 3 58 1 1
0 6 58 1 1
0 1 58 1 1
0 4 58 1 1
0 7 58 1 1
0 7 59 1 1
0 5 59 1 1
0 6 59 1 1
0 1 59 1 1
0 2 59 1 1
0 3 60 1 1
0 5 60 1 1
0 2 60 1 1
0 7 60 1 1
0 4 60 1 1
0 3 61 1 1
0 6 61 1 1
0 1 61 1 1
0 4 61 1 1
0 7 61 1 1
0 7 62 1 1
0 5 62 1 1
0 6 62 1 1
0 1 62 1 1
0 2 62 1 1
0 3 63 1 1
0 5 63 1 1
0 2 63 1 1
0 7 63 1 1
0 4 63 1 1
0 3 64 1 1
0 6 64 1 1
0 1 64 1 1
0 4 64 1 1
0 7 64 1 1
0 7 65 1 1
0 5 65 1 1
0 6 65 1 1
0 1 65 1 1
0 2 65 1 1
0 3 66 1 1
0 5 66 1 1
0 2 66 1 1
0 7 66 1 1
0 4 66 1 1
0 3 67 1 1
0 6 67 1 1
0 1 67 1 1
0 4 67 1 1
0 7 67 1 1
0 7 68 1 1
0 5 68 1 1
0 6 68 1 1
0 1 68 1 1
0 2 68 1 1
0 3 69 1 1
0 5 69 1 1
0 2 69 1 1
0 7 69 1 1
0 4 69 1 1
0 3 70 1 1
0 6 70 1 1
0 1 70 1 1
0 4 70 1 1
0 7 70 1 1
0 7 71 1 1
0 5 71 1 1
0 6 71 1 1
0 1 71 1 1
0 2 71 1 1
0 3 72 1 1
0 5 72 1 1
0 2 72 1 1
0 7 72 1 1
0 4 72 1 1
0 3 73 1 1
0 6 73 1 1
0 1 73 1 1
0 4 73 1 1
0 7 73 1 1
0 7 74 1 1
0 5 74 1 1
0 6 74 1 1
0 1 74 1 1
0 2 74 1 1
0 3 75 1 1
0 5 75 1 1
0 2 75 1 1
0 7 75 1 1
0 4 75 1 1
0 3 76 1 1
0 6 76 1 1
0 1 76 1 1
0 4 76 1 1
0 7 76 1 1
0 7 77 1 1
0 5 77 1 1
0 6 77 1 1
0 1 77 1 1
0 2 77 1 1
0 3 78 1 1
0 5 78 1 1
0 2 78 1 1
0 7 78 1 1
0 4 78 1 1
0 3 79 1 1
0 6 79 1 1
0 1 79 1 1
0 4 79 1 1
0 7 79 1 1
0 7 80 1 1
0 5 80 1 1
0 6 80 1 1
0 1 80 1 1
0 2 80 1 1
0 3 81 1 1
0 5 81 1 1
0 2 81 1 1
0 7 81 1 1
0 4 81 1 1
0 3 82 1 1
0 6 82 1 1
0 1 82 1 1
0 4 82 1 1
0 7 82 1 1
0 7 83 1 1
0 5 83 1 1
0 6 83 1 1
0 1 83 1 1
0 2 83 1 1
0 3 84 1 1
0 5 84 1 1
0 2 84 1 1
0 7 84 1 1
0 4 84 1 1
0 3 85 1 1
0 6 85 1 1
0 1 85 1 1
0 4 85 1 1
0 7 85 1 1
0 7 86 1 1
0 5 86 1 1
0 6 86 1 1
0 1 86 1 1
0 2 86 1 1
0 3 87 1 1
0 5 87 1 1
0 2 87 1 1
0 7 87 1 1
0 4 87 1 1
0 3 88 1 1
0 6 88 1 1
0 1 88 1 1
0 4 88 1 1
0 7 88 1 1
0 7 89 1 1
0 5 89 1 1
0 6 89 1 1
0 1 89 1 1
0 2 89 1 1
0 3 90 1 1
0 5 90 1 1
0 2 90 1 1
0 7 90 1 1
0 4 90 1 1
0 3 91 1 1
0 6 91 1 1
0 1 91 1 1
0 4 91 1 1
0 7 91 1 1
0 7 92 1 1
0 5 92 1 1
0 6 92 1 1
0 1 92 1 1
0 2 92 1 1
0 3 93 1 1
0 5 93 1 1
0 2 93 1 1
0 7 93 1 1
0 4 93 1 1
0 3 94 1 1
0 6 94 1 1
0 1 94 1 1
0 4 94 1 1
0 7 94 1 1
0 7 95 1 1
0 5 95 1 1
0 6 95 1 1
0 1 95 1 1
0 2 95 1 1
0 3 96 1 1
0 5 96 1 1
0 2 96 1 1
0 7 96 1 1
0 4 96 1 1
0 3 97 1 1
0 6 97 1 1
0 1 97 1 1
0 4 97 1 1
0 7 97 1 1
0 7 98 1 1
0 5 98 1 1
0 6 98 1 1
0 1 98 1 1
0 2 98 1 1
0 3 99 1 1
0 5 99 1 1
0 2 99 1 1
0 7 99 1 1
0 4 99 1 1
0 3 100 1 1
0 6 100 1 1
0 1 100 1 1
0 4 100 1 1
0 7 100 1 1
0 7 101 1 1
0 5 101 1 1
0 6 101 1 1
0 1 101 1 1
0 2 101 1 1
0 3 102 1 1
0 5 102 1 1
0 2 102 1 1
0 7 102 1 1
0 4 102 1 1
0 3 103 1 1
0 6 103 1 1
0 1 103 1 1
0 4 103 1 1
0 7 103 1 1
0 7 104 1 1
0 5 104 1 1
0 6 104 1 1
0 1 104 1 1
0 2 104 1 1
0 3 105 1 1
0 5 105 1 1
0 2 105 1 1
0 7 105 1 1
0 4 105 1 1
0 3 106 1 1
0 6 106 1 1
0 1 106 1 1
0 4 106 1 1
0 7 106 1 1
0 7 107 1 1
0 5 107 1 1
0 6 107 1 1
0 1 107 1 1
0 2 107 1 1
0 3 108 1 1
0 5 108 1 1
0 2 108 1 1
0 7 108 1 1
0 4 108 1 1
0 3 109 1 1
0 6 109 1 1
0 1 109 1 1
0 4 109 1 1
0 7 109 1 1
0 7 110 1 1
0 5 110 1 1
0 6 110 1 1
0 1 110 1 1
0 2 110 1 1
0 3 111 1 1
0 5 111 1 1
0 2 111 1 1
0 7 111 1 1
0 4 111 1 1
0 3 112 1 1
0 6 112 1 1
0 1 112 1 1
0 4 112 1 1
0 7 112 1 1
0 7 113 1 1
0 5 113 1 1
0 6 113 1 1
0 1 113 1 1
0 2 113 1 1
0 3 114 1 1
0 5 114 1 1
0 2 114 1 1
0 7 114 1 1
0 4 114 1 1
0 3 115 1 1
0 6 115 1 1
0 1 115 1 1
0 4 115 1 1
0 7 115 1 1
0 7 116 1 1
0 5 116 1 1
0 6 116 1 1
0 1 116 1 1
0 2 116 1 1
0 3 117 1 1
0 5 117 1 1
0 2 117 1 1
0 7 117 1 1
0 4 117 1 1
0 3 118 1 1
0 6 118 1 1
0 1 118 1 1
0 4 118 1 1
0 7 118 1 1
0 7 119 1 1
0 5 119 1 1
0 6 119 1 1
0 1 119 1 1
0 2 119 1 1
0 3 120 1 1
0 5 120 1 1
0 2 120 1 1
0 7 120 1 1
0 4 120 1 1
0 3 121 1 1
0 6 121 1 1
0 1 121 1 1
0 4 121 1 1
0 7 121 1 1
0 7 122 1 1
0 5 122 1 1
0 6 122 1 1
0 1 122 1 1
0 2 122 1 1
0 3 123 1 1
0 5 123 1 1
0 2 123 1 1
0 7 123 1 1
0 4 123 1 1
0 3 124 1 1
0 6 124 1 1
0 1 124 1 1
0 4 124 1 1
0 7 124 1 1
0 7 125 1 1
0 5 125 1 1
0 6 125 1 1
0 1 125 1 1
0 2 125 1 1
0 3 126 1 1
0 5 126 1 1
0 2 126 1 1
0 7 126 1 1
0 4 126 1 1
0 3 127 1 1
0 6 127 1 1
0 1 127 1 1
0 4 127 1 1
0 7 127 1 1
0 7 128 1 1
0 5 128 1 1
0 6 128 1 1
0 1 128 1 1
0 2 128 1 1
0 3 129 1 1
0 5 129 1 1
0 2 129 1 1
0 7 129 1 1
0 4 129 1 1
0 3 130 1 1
0 6 130 1 1
0 1 130 1 1
0 4 130 1 1
0 7 130 1 1
0 7 131 1 1
0 5 131 1 1
0 6 131 1 1
0 1 131 1 1
0 2 131 1 1
0 3 132 1 1
0 5 132 1 1
0 2 132 1 1
0 7 132 1 1
0 4 132 1 1
0 3 133 1 1
0 6 133 1 1
0 1 133 1 1
0 4 133 1 1
0 7 133 1 1
0 7 134 1 1
0 5 134 1 1
0 6 134 1 1
0 1 134 1 1
0 2 134 1 1
0 3 135 1 1
0 5 135 1 1
0 2 135 1 1
0 7 135 1 1
0 4 135 1 1
0 3 136 1 1
0 6 136 1 1
0 1 136 1 1
0 4 136 1 1
0 7 136 1 1
0 7 137 1 1
0 5 137 1 1
0 6 137 1 1
0 1 137 1 1
0 2 137 1 1
0 3 138 1 1
0 5 138 1 1
0 2 138 1 1
0 7 138 1 1
0 4 138 1 1
0 3 139 1 1
0 6 139 1 1
0 1 139 1 1
0 4 139 1 1
0 7 139 1 1
0 7 140 1 1
0 5 140 1 1
0 6 140 1 1
0 1 140 1 1
0 2 140 1 1
0 3 141 1 1
0 5 141 1 1
0 2 141 1 1
0 7 141 1 1
0 4 141 1 1
0 3 142 1 1
0 6 142 1 1
0 1 142 1 1
0 4 142 1 1
0 7 142 1 1
0 7 143 1 1
0 5 143 1 1
0 6 143 1 1
0 1 143 1 1
0 2 143 1 1
0 3 144 1 1
0 5 144 1 1
0 2 144 1 1
0 7 144 1 1
0 4 144 1 1
0 3 145 1 1
0 6 145 1 1
0 1 145 1 1
0 4 145 1 1
0 7 145 1 1
0 7 146 1 1
0 5 146 1 1
0 6 146 1 1
0 1 146 1 1
0 2 146 1 1
0 3 147 1 1
0 5 147 1 1
0 2 147 1 1
0 7 147 1 1
0 4 147 1 1
0 3 148 1 1
0 6 148 1 1
0 1 148 1 1
0 4 148 1 1
0 7 148 1 1
0 7 149 1 1
0 5 149 1 1
0 6 149 1 1
0 1 149 1 1
0 2 149 1 1
0 3 150 1 1
0 5 150 1 1
0 2 150 1 1
0 7 150 1 1
0 4 150 1 1
0 3 151 1 1
0 6 151 1 1
0 1 151 1 1
0 4 151 1 1
0 7 151 1 1
0 7 152 1 1
0 5 152 1 1
0 6 152 1 1
0 1 152 1 1
0 2 152 1 1
0 3 153 1 1
0 5 153 1 1
0 2 153 1 1
0 7 153 1 1
0 4 153 1 1
0 3 154 1 1
0 6 154 1 1
0 1 154 1 1
0 4 154 1 1
0 7 154 1 1
0 7 155 1 1
0 5 155 1 1
0 6 155 1 1
0 1 155 1 1
0 2 155 1 1
0 3 156 1 1
0 5 156 1 1
0 2 156 1 1
0 7 156 1 1
0 4 156 1 1
0 3 157 1 1
0 6 157 1 1
0 1 157 1 1
0 4 157 1 1
0 7 157 1 1
0 7 158 1 1
0 5 158 1 1
0 6 158 1 1
0 1 158 1 1
0 2 158 1 1
0 3 159 1 1
0 5 159 1 1
0 2 159 1 1
0 7 159 1 1
0 4 159 1 1
0 3 160 1 1
0 6 160 1 1
0 1 160 1 1
0 4 160 1 1
0 7 160 1 1
0 7 161 1 1
0 5 161 1 1
0 6 161 1 1
0 1 161 1 1
0 2 161 1 1
0 3 162 1 1
0 5 162 1 1
0 2 162 1 1
0 7 162 1 1
0 4 162 1 1
0 3 163 1 1
0 6 163 1 1
0 1 163 1 1
0 4 163 1 1
0 7 163 1 1
0 7 164 1 1
0 5 164 1 1
0 6 164 1 1
0 1 164 1 1
0 2 164 1 1
0 3 165 1 1
0 5 165 1 1
0 2 165 1 1
0 7 165 1 1
0 4 165 1 1
0 3 166 1 1
0 6 166 1 1
0 1 166 1 1
0 4 166 1 1
0 7 166 1 1
0 7 167 1 1
0 5 167 1 1
0 6 167 1 1
0 1 167 1 1
0 2 167 1 1
0 3 168 1 1
0 5 168 1 1
0 2 168 1 1
0 7 168 1 1
0 4 168 1 1
0 3 169 1 1
0 6 169 1 1
0 1 169 1 1
0 4 169 1 1
0 7 169 1 1
0 7 170 1 1
0 5 170 1 1
0 6 170 1 1
0 1 170 1 1
0 2 170 1 1
0 3 171 1 1
0 5 171 1 1
0 2 171 1 1
0 7 171 1 1
0 4 171 1 1
0 3 172 1 1
0 6 172 1 1
0 1 172 1 1
0 4 172 1 1
0 7 172 1 1
0 7 173 1 1
0 5 173 1 1
0 6 173 1 1
0 1 173 1 1
0 2 173 1 1
0 3 174 1 1
0 5 174 1 1
0 2 174 1 1
0 7 174 1 1
0 4 174 1 1
0 3 175 1 1
0 6 175 1 1
0 1 175 1 1
0 4 175 1 1
0 7 175 1 1
0 7 176 1 1
0 5 176 1 1
0 6 176 1 1
0 1 176 1 1
0 2 176 1 1
0 3 177 1 1
0 5 177 1 1
0 2 177 1 1
0 7 177 1 1
0 4 177 1 1
0 3 178 1 1
0 6 178 1 1
0 1 178 1 1
0 4 178 1 1
0 7 178 1 1
0 7 179 1 1
0 5 179 1 1
0 6 179 1 1
0 1 179 1 1
0 2 179 1 1
0 3 180 1 1
0 5 180 1 1
0 2 180 1 1
0 7 180 1 1
0 4 180 1 1
0 3 181 1 1
0 6 181 1 1
0 1 181 1 1
0 4 181 1 1
0 7 181 1 1
0 7 182 1 1
0 5 182 1 1
0 6 182 1 1
0 1 182 1 1
0 2 182 1 1
0 3 183 1 1
0 5 183 1 1
0 2 183 1 1
0 7 183 1 1
0 4 183 1 1
0 3 184 1 1
0 6 184 1 1
0 1 184 1 1
0 4 184 1 1
0 7 184 1 1
0 7 185 1 1
0 5 185 1 1
0 6 185 1 1
0 1 185 1 1
0 2 185 1 1
0 3 186 1 1
0 5 186 1 1
0 2 186 1 1
0 7 186 1 1
0 4 186 1 1
0 3 187 1 1
0 6 187 1 1
0 1 187 1 1
0 4 187 1 1
0 7 187 1 1
0 7 188 1 1
0 5 188 1 1
0 6 188 1 1
0 1 188 1 1
0 2 188 1 1
0 3 189 1 1
0 5 189 1 1
0 2 189 1 1
0 7 189 1 1
0 4 189 1 1
0 3 190 1 1
0 6 190 1 1
0 1 190 1 1
0 4 190 1 1
0 7 190 1 1
0 7 191 1 1
0 5 191 1 1
0 6 191 1 1
0 1 191 1 1
0 2 191 1 1
0 3 192 1 1
0 5 192 1 1
0 2 192 1 1
0 7 192 1 1
0 4 192 1 1
0 3 193 1 1
0 6 193 1 1
0 1 193 1 1
0 4 193 1 1
0 7 193 1 1
0 7 194 1 1
0 5 194 1 1
0 6 194 1 1
0 1 194 1 1
0 2 194 1 1
0 3 195 1 1
0 5 195 1 1
0 2 195 1 1
0 7 195 1 1
0 4 195 1 1
0 3 196 1 1
0 6 196 1 1
0 1 196 1 1
0 4 196 1 1
0 7 196 1 1
0 7 197 1 1
0 5 197 1 1
0 6 197 1 1
0 1 197 1 1
0 2 197 1 1
0 3 198 1 1
0 5 198 1 1
0 2 198 1 1
0 7 198 1 1
0 4 198 1 1
0 3 199 1 1
0 6 199 1 1
0 1 199 1 1
0 4 199 1 1
0 7 199 1 1
0 7 200 1 1
0 5 200 1 1
0 6 200 1 1
0 1 200 1 1
0 2 200 1 1
0 3 201 1 1
0 5 201 1 1
0 2 201 1 1
0 7 201 1 1
0 4 201 1 1
0 3 202 1 1
0 6 202 1 1
0 1 202 1 1
0 4 202 1 1
0 7 202 1 1
0 7 203 1 1
0 5 203 1 1
0 6 203 1 1
0 1 203 1 1
0 2 203 1 1
0 3 204 1 1
0 5 204 1 1
0 2 204 1 1
0 7 204 1 1
0 4 204 1 1
0 3 205 1 1
0 6 205 1 1
0 1 205 1 1
0 4 205 1 1
0 7 205 1 1
0 7 206 1 1
0 5 206 1 1
0 6 206 1 1
0 1 206 1 1
0 2 206 1 1
0 3 207 1 1
0 5 207 1 1
0 2 207 1 1
0 7 207 1 1
0 4 207 1 1
0 3 208 1 1
0 6 208 1 1
0 1 208 1 1
0 4 208 1 1
0 7 208 1 1
0 7 209 1 1
0 5 209 1 1
0 6 209 1 1
0 1 209 1 1
0 2 209 1 1
0 3 210 1 1
0 5 210 1 1
0 2 210 1 1
0 7 210 1 1
0 4 210 1 1
0 3 211 1 1
0 6 211 1 1
0 1 211 1 1
0 4 211 1 1
0 7 211 1 1
0 7 212 1 1
0 5 212 1 1
0 6 212 1 1
0 1 212 1 1
0 2 212 1 1
0 3 213 1 1
0 5 213 1 1
0 2 213 1 1
0 7 213 1 1
0 4 213 1 1
0 3 214 1 1
0 6 214 1 1
0 1 214 1 1
0 4 214 1 1
0 7 214 1 1
0 7 215 1 1
0 5 215 1 1
0 6 215 1 1
0 1 215 1 1
0 2 215 1 1
0 3 216 1 1
0 5 216 1 1
0 2 216 1 1
0 7 216 1 1
0 4 216 1 1
0 3 217 1 1
0 6 217 1 1
0 1 217 1 1
0 4 217 1 1
0 7 217 1 1
0 7 218 1 1
0 5 218 1 1
0 6 218 1 1
0 1 218 1 1
0 2 218 1 1
0 3 219 1 1
0 5 219 1 1
0 2 219 1 1
0 7 219 1 1
0 4 219 1 1
0 3 220 1 1
0 6 220 1 1
0 1 220 1 1
0 4 220 1 1
0 7 220 1 1
0 7 221 1 1
0 5 221 1 1
0 6 221 1 1
0 1 221 1 1
0 2 221 1 1
0 3 222 1 1
0 5 222 1 1
0 2 222 1 1
0 7 222 1 1
0 4 222 1 1
0 3 223 1 1
0 6 223 1 1
0 1 223 1 1
0 4 223 1 1
0 7 223 1 1
0 7 224 1 1
0 5 224 1 1
0 6 224 1 1
0 1 224 1 1
0 2 224 1 1
0 3 225 1 1
0 5 225 1 1
0 2 225 1 1
0 7 225 1 1
0 4 225 1 1
0 3 226 1 1
0 6 226 1 1
0 1 226 1 1
0 4 226 1 1
0 7 226 1 1
0 7 227 1 1
0 5 227 1 1
0 6 227 1 1
0 1 227 1 1
0 2 227 1 1
0 3 228 1 1
0 5 228 1 1
0 2 228 1 1
0 7 228 1 1
0 4 228 1 1
0 3 229 1 1
0 6 229 1 1
0 1 229 1 1
0 4 229 1 1
0 7 229 1 1
0 7 230 1 1
0 5 230 1 1
0 6 230 1 1
0 1 230 1 1
0 2 230 1 1
0 3 231 1 1
0 5 231 1 1
0 2 231 1 1
0 7 231 1 1
0 4 231 1 1
0 3 232 1 1
0 6 232 1 1
0 1 232 1 1
0 4 232 1 1
0 7 232 1 1
0 7 233 1 1
0 5 233 1 1
0 6 233 1 1
0 1 233 1 1
0 2 233 1 1
0 3 234 1 1
0 5 234 1 1
0 2 234 1 1
0 7 234 1 1
0 4 234 1 1
0 3 235 1 1
0 6 235 1 1
0 1 235 1 1
0 4 235 1 1
0 7 235 1 1
0 7 236 1 1
0 5 236 1 1
0 6 236 1 1
0 1 236 1 1
0 2 236 1 1
0 3 237 1 1
0 5 237 1 1
0 2 237 1 1
0 7 237 1 1
0 4 237 1 1
0 3 238 1 1
0 6 238 1 1
0 1 238 1 1
0 4 238 1 1
0 7 238 1 1
0 7 239 1 1
0 5 239 1 1
0 6 239 1 1
0 1 239 1 1
0 2 239 1 1
0 3 240 1 1
0 5 240 1 1
0 2 240 1 1
0 7 240 1 1
0 4 240 1 1
0 3 241 1 1
0 6 241 1 1
0 1 241 1 1
0 4 241 1 1
0 7 241 1 1
0 7 242 1 1
0 5 242 1 1
0 6 242 1 1
0 1 242 1 1
0 2 242 1 1
0 3 243 1 1
0 5 243 1 1
0 2 243 1 1
0 7 243 1 1
0 4 243 1 1
0 3 244 1 1
0 6 244 1 1
0 1 244 1 1
0 4 244 1 1
0 7 244 1 1
0 7 245 1 1
0 5 245 1 1
0 6 245 1 1
0 1 245 1 1
0 2 245 1 1
0 3 246 1 1
0 5 246 1 1
0 2 246 1 1
0 7 246 1 1
0 4 246 1 1
0 3 247 1 1
0 6 247 1 1
0 1 247 1 1
0 4 247 1 1
0 7 247 1 1
0 7 248 1 1
0 5 248 1 1
0 6 248 1 1
0 1 248 1 1
0 2 248 1 1
0 3 249 1 1
0 5 249 1 1
0 2 249 1 1
0 7 249 1 1
0 4 249 1 1
0 3 250 1 1
0 6 250 1 1
0 1 250 1 1
0 4 250 1 1
0 7 250 1 1
0 7 251 1 1
0 5 251 1 1
0 6 251 1 1
0 1 251 1 1
0 2 251 1 1
0 3 252 1 1
0 5 252 1 1
0 2 252 1 1
0 7 252 1 1
0 4 252 1 1
0 3 253 1 1
0 6 253 1 1
0 1 253 1 1
0 4 253 1 1
0 7 253 1 1
0 7 254 1 1
0 5 254 1 1
0 6 254 1 1
0 1 254 1 1
0 2 254 1 1
0 3 255 1 1
0 5 255 1 1
0 2 255 1 1
0 7 255 1 1
0 4 255 1 1
0 3 256 1 1
0 6 256 1 1
0 1 256 1 1
0 4 256 1 1
0 7 256 1 1
0 7 257 1 1
0 5 257 1 1
0 6 257 1 1
0 1 257 1 1
0 2 257 1 1
0 3 258 1 1
0 5 258 1 1
0 2 258 1 1
0 7 258 1 1
0 4 258 1 1
0 3 259 1 1
0 6 259 1 1
0 1 259 1 1
0 4 259 1 1
0 7 259 1 1
0 7 260 1 1
0 5 260 1 1
0 6 260 1 1
0 1 260 1 1
0 2 260 1 1
0 3 261 1 1
0 5 261 1 1
0 2 261 1 1
0 7 261 1 1
0 4 261 1 1
0 3 262 1 1
0 6 262 1 1
0 1 262 1 1
0 4 262 1 1
0 7 262 1 1
0 7 263 1 1
0 5 263 1 1
0 6 263 1 1
0 1 263 1 1
0 2 263 1 1
0 3 264 1 1
0 5 264 1 1
0 2 264 1 1
0 7 264 1 1
0 4 264 1 1
0 3 265 1 1
0 6 265 1 1
0 1 265 1 1
0 4 265 1 1
0 7 265 1 1
0 7 266 1 1
0 5 266 1 1
0 6 266 1 1
0 1 266 1 1
0 2 266 1 1
0 3 267 1 1
0 5 267 1 1
0 2 267 1 1
0 7 267 1 1
0 4 267 1 1
0 3 268 1 1
0 6 268 1 1
0 1 268 1 1
0 4 268 1 1
0 7 268 1 1
0 7 269 1 1
0 5 269 1 1
0 6 269 1 1
0 1 269 1 1
0 2 269 1 1
0 3 270 1 1
0 5 270 1 1
0 2 270 1 1
0 7 270 1 1
0 4 270 1 1
0 3 271 1 1
0 6 271 1 1
0 1 271 1 1
0 4 271 1 1
0 7 271 1 1
0 7 272 1 1
0 5 272 1 1
0 6 272 1 1
0 1 272 1 1
0 2 272 1 1
0 3 273 1 1
0 5 273 1 1
0 2 273 1 1
0 7 273 1 1
0 4 273 1 1
0 3 274 1 1
0 6 274 1 1
0 1 274 1 1
0 4 274 1 1
0 7 274 1 1
0 7 275 1 1
0 5 275 1 1
0 6 275 1 1
0 1 275 1 1
0 2 275 1 1
0 3 276 1 1
0 5 276 1 1
0 2 276 1 1
0 7 276 1 1
0 4 276 1 1
0 3 277 1 1
0 6 277 1 1
0 1 277 1 1
0 4 277 1 1
0 7 277 1 1
0 7 278 1 1
0 5 278 1 1
0 6 278 1 1
0 1 278 1 1
0 2 278 1 1
0 3 279 1 1
0 5 279 1 1
0 2 279 1 1
0 7 279 1 1
0 4 279 1 1
0 3 280 1 1
0 6 280 1 1
0 1 280 1 1
0 4 280 1 1
0 7 280 1 1
0 7 281 1 1
0 5 281 1 1
0 6 281 1 1
0 1 281 1 1
0 2 281 1 1
0 3 282 1 1
0 5 282 1 1
0 2 282 1 1
0 7 282 1 1
0 4 282 1 1
0 3 283 1 1
0 6 283 1 1
0 1 283 1 1
0 4 283 1 1
0 7 283 1 1
0 7 284 1 1
0 5 284 1 1
0 6 284 1 1
0 1 284 1 1
0 2 284 1 1
0 3 285 1 1
0 5 285 1 1
0 2 285 1 1
0 7 285 1 1
0 4 285 1 1
0 3 286 1 1
0 6 286 1 1
0 1 286 1 1
0 4 286 1 1
0 7 286 1 1
0 7 287 1 1
0 5 287 1 1
0 6 287 1 1
0 1 287 1 1
0 2 287 1 1
0 3 288 1 1
0 5 288 1 1
0 2 288 1 1
0 7 288 1 1
0 4 288 1 1
0 3 289 1 1
0 6 289 1 1
0 1 289 1 1
0 4 289 1 1
0 7 289 1 1
0 7 290 1 1
0 5 290 1 1
0 6 290 1 1
0 1 290 1 1
0 2 290 1 1
0 3 291 1 1
0 5 291 1 1
0 2 291 1 1
0 7 291 1 1
0 4 291 1 1
0 3 292 1 1
0 6 292 1 1
0 1 292 1 1
0 4 292 1 1
0 7 292 1 1
0 7 293 1 1
0 5 293 1 1
0 6 293 1 1
0 1 293 1 1
0 2 293 1 1
0 3 294 1 1
0 5 294 1 1
0 2 294 1 1
0 7 294 1 1
0 4 294 1 1
0 3 295 1 1
0 6 295 1 1
0 1 295 1 1
0 4 295 1 1
0 7 295 1 1
0 7 296 1 1
0 5 296 1 1
0 6 296 1 1
0 1 296 1 1
0 2 296 1 1
0 3 297 1 1
0 5 297 1 1
0 2 297 1 1
0 7 297 1 1
0 4 297 1 1
0 3 298 1 1
0 6 298 1 1
0 1 298 1 1
0 4 298 1 1
0 7 298 1 1
0 7 299 1 1
0 5 299 1 1
0 6 299 1 1
0 1 299 1 1
0 2 299 1 1
