0 3 0 1 1
0 5 0 1 1
0 2 0 1 1
0 7 0 1 1
0 4 0 1 1
0 3 1 1 1
0 6 1 1 1
0 1 1 1 1
0 4 1 1 1
0 7 1 1 1
0 7 2 1 1
0 5 2 1 1
0 6 2 1 1
0 1 2 1 1
0 2 2 1 1
0 7 3 1 1
0 2 3 1 1
0 1 3 1 1
0 6 3 1 1
0 5 3 1 1
0 3 4 1 1
0 5 4 1 1
0 2 4 1 1
0 7 4 1 1
0 4 4 1 1
0 3 5 1 1
0 6 5 1 1
0 1 5 1 1
0 4 5 1 1
0 7 5 1 1
0 7 6 1 1
0 5 6 1 1
0 6 6 1 1
0 1 6 1 1
0 2 6 1 1
0 7 7 1 1
0 2 7 1 1
0 1 7 1 1
0 6 7 1 1
0 5 7 1 1
0 3 8 1 1
0 5 8 1 1
0 2 8 1 1
0 7 8 1 1
0 4 8 1 1
0 3 9 1 1
0 6 9 1 1
0 1 9 1 1
0 4 9 1 1
0 7 9 1 1
0 7 10 1 1
0 5 10 1 1
0 6 10 1 1
0 1 10 1 1
0 2 10 1 1
0 7 11 1 1
0 2 11 1 1
0 1 11 1 1
0 6 11 1 1
0 5 11 1 1
0 3 12 1 1
0 5 12 1 1
0 2 12 1 1
0 7 12 1 1
0 4 12 1 1
0 3 13 1 1
0 6 13 1 1
0 1 13 1 1
0 4 13 1 1
0 7 13 1 1
0 7 14 1 1
0 5 14 1 1
0 6 14 1 1
0 1 14 1 1
0 2 14 1 1
0 7 15 1 1
0 2 15 1 1
0 1 15 1 1
0 6 15 1 1
0 5 15 1 1
0 3 16 1 1
0 5 16 1 1
0 2 16 1 1
0 7 16 1 1
0 4 16 1 1
0 3 17 1 1
0 6 17 1 1
0 1 17 1 1
0 4 17 1 1
0 7 17 1 1
0 7 18 1 1
0 5 18 1 1
0 6 18 1 1
0 1 18 1 1
0 2 18 1 1
0 7 19 1 1
0 2 19 1 1
0 1 19 1 1
0 6 19 1 1
0 5 19 1 1
0 3 20 1 1
0 5 20 1 1
0 2 20 1 1
0 7 20 1 1
0 4 20 1 1
0 3 21 1 1
0 6 21 1 1
0 1 21 1 1
0 4 21 1 1
0 7 21 1 1
0 7 22 1 1
0 5 22 1 1
0 6 22 1 1
0 1 22 1 1
0 2 22 1 1
0 7 23 1 1
0 2 23 1 1
0 1 23 1 1
0 6 23 1 1
0 5 23 1 1
0 3 24 1 1
0 5 24 1 1
0 2 24 1 1
0 7 24 1 1
0 4 24 1 1
0 3 25 1 1
0 6 25 1 1
0 1 25 1 1
0 4 25 1 1
0 7 25 1 1
0 7 26 1 1
0 5 26 1 1
0 6 26 1 1
0 1 26 1 1
0 2 26 1 1
0 7 27 1 1
0 2 27 1 1
0 1 27 1 1
0 6 27 1 1
0 5 27 1 1
0 3 28 1 1
0 5 28 1 1
0 2 28 1 1
0 7 28 1 1
0 4 28 1 1
0 3 29 1 1
0 6 29 1 1
0 1 29 1 1
0 4 29 1 1
0 7 29 1 1
0 7 30 1 1
0 5 30 1 1
0 6 30 1 1
0 1 30 1 1
0 2 30 1 1
0 7 31 1 1
0 2 31 1 1
0 1 31 1 1
0 6 31 1 1
0 5 31 1 1
0 3 32 1 1
0 5 32 1 1
0 2 32 1 1
0 7 32 1 1
0 4 32 1 1
0 3 33 1 1
0 6 33 1 1
0 1 33 1 1
0 4 33 1 1
0 7 33 1 1
0 7 34 1 1
0 5 34 1 1
0 6 34 1 1
0 1 34 1 1
0 2 34 1 1
0 7 35 1 1
0 2 35 1 1
0 1 35 1 1
0 6 35 1 1
0 5 35 1 1
0 3 36 1 1
0 5 36 1 1
0 2 36 1 1
0 7 36 1 1
0 4 36 1 1
0 3 37 1 1
0 6 37 1 1
0 1 37 1 1
0 4 37 1 1
0 7 37 1 1
0 7 38 1 1
0 5 38 1 1
0 6 38 1 1
0 1 38 1 1
0 2 38 1 1
0 7 39 1 1
0 2 39 1 1
0 1 39 1 1
0 6 39 1 1
0 5 39 1 1
0 3 40 1 1
0 5 40 1 1
0 2 40 1 1
0 7 40 1 1
0 4 40 1 1
0 3 41 1 1
0 6 41 1 1
0 1 41 1 1
0 4 41 1 1
0 7 41 1 1
0 7 42 1 1
0 5 42 1 1
0 6 42 1 1
0 1 42 1 1
0 2 42 1 1
0 7 43 1 1
0 2 43 1 1
0 1 43 1 1
0 6 43 1 1
0 5 43 1 1
0 3 44 1 1
0 5 44 1 1
0 2 44 1 1
0 7 44 1 1
0 4 44 1 1
0 3 45 1 1
0 6 45 1 1
0 1 45 1 1
0 4 45 1 1
0 7 45 1 1
0 7 46 1 1
0 5 46 1 1
0 6 46 1 1
0 1 46 1 1
0 2 46 1 1
0 7 47 1 1
0 2 47 1 1
0 1 47 1 1
0 6 47 1 1
0 5 47 1 1
0 3 48 1 1
0 5 48 1 1
0 2 48 1 1
0 7 48 1 1
0 4 48 1 1
0 3 49 1 1
0 6 49 1 1
0 1 49 1 1
0 4 49 1 1
0 7 49 1 1
0 7 50 1 1
0 5 50 1 1
0 6 50 1 1
0 1 50 1 1
0 2 50 1 1
0 7 51 1 1
0 2 51 1 1
0 1 51 1 1
0 6 51 1 1
0 5 51 1 1
0 3 52 1 1
0 5 52 1 1
0 2 52 1 1
0 7 52 1 1
0 4 52 1 1
0 3 53 1 1
0 6 53 1 1
0 1 53 1 1
0 4 53 1 1
0 7 53 1 1
0 7 54 1 1
0 5 54 1 1
0 6 54 1 1
0 1 54 1 1
0 2 54 1 1
0 7 55 1 1
0 2 55 1 1
0 1 55 1 1
0 6 55 1 1
0 5 55 1 1
0 3 56 1 1
0 5 56 1 1
0 2 56 1 1
0 7 56 1 1
0 4 56 1 1
0 3 57 1 1
0 6 57 1 1
0 1 57 1 1
0 4 57 1 1
0 7 57 1 1
0 7 58 1 1
0 5 58 1 1
0 6 58 1 1
0 1 58 1 1
0 2 58 1 1
0 7 59 1 1
0 2 59 1 1
0 1 59 1 1
0 6 59 1 1
0 5 59 1 1
0 3 60 1 1
0 5 60 1 1
0 2 60 1 1
0 7 60 1 1
0 4 60 1 1
0 3 61 1 1
0 6 61 1 1
0 1 61 1 1
0 4 61 1 1
0 7 61 1 1
0 7 62 1 1
0 5 62 1 1
0 6 62 1 1
0 1 62 1 1
0 2 62 1 1
0 7 63 1 1
0 2 63 1 1
0 1 63 1 1
0 6 63 1 1
0 5 63 1 1
0 3 64 1 1
0 5 64 1 1
0 2 64 1 1
0 7 64 1 1
0 4 64 1 1
0 3 65 1 1
0 6 65 1 1
0 1 65 1 1
0 4 65 1 1
0 7 65 1 1
0 7 66 1 1
0 5 66 1 1
0 6 66 1 1
0 1 66 1 1
0 2 66 1 1
0 7 67 1 1
0 2 67 1 1
0 1 67 1 1
0 6 67 1 1
0 5 67 1 1
0 3 68 1 1
0 5 68 1 1
0 2 68 1 1
0 7 68 1 1
0 4 68 1 1
0 3 69 1 1
0 6 69 1 1
0 1 69 1 1
0 4 69 1 1
0 7 69 1 1
0 7 70 1 1
0 5 70 1 1
0 6 70 1 1
0 1 70 1 1
0 2 70 1 1
0 7 71 1 1
0 2 71 1 1
0 1 71 1 1
0 6 71 1 1
0 5 71 1 1
0 3 72 1 1
0 5 72 1 1
0 2 72 1 1
0 7 72 1 1
0 4 72 1 1
0 3 73 1 1
0 6 73 1 1
0 1 73 1 1
0 4 73 1 1
0 7 73 1 1
0 7 74 1 1
0 5 74 1 1
0 6 74 1 1
0 1 74 1 1
0 2 74 1 1
0 7 75 1 1
0 2 75 1 1
0 1 75 1 1
0 6 75 1 1
0 5 75 1 1
0 3 76 1 1
0 5 76 1 1
0 2 76 1 1
0 7 76 1 1
0 4 76 1 1
0 3 77 1 1
0 6 77 1 1
0 1 77 1 1
0 4 77 1 1
0 7 77 1 1
0 7 78 1 1
0 5 78 1 1
0 6 78 1 1
0 1 78 1 1
0 2 78 1 1
0 7 79 1 1
0 2 79 1 1
0 1 79 1 1
0 6 79 1 1
0 5 79 1 1
0 3 80 1 1
0 5 80 1 1
0 2 80 1 1
0 7 80 1 1
0 4 80 1 1
0 3 81 1 1
0 6 81 1 1
0 1 81 1 1
0 4 81 1 1
0 7 81 1 1
0 7 82 1 1
0 5 82 1 1
0 6 82 1 1
0 1 82 1 1
0 2 82 1 1
0 7 83 1 1
0 2 83 1 1
0 1 83 1 1
0 6 83 1 1
0 5 83 1 1
0 3 84 1 1
0 5 84 1 1
0 2 84 1 1
0 7 84 1 1
0 4 84 1 1
0 3 85 1 1
0 6 85 1 1
0 1 85 1 1
0 4 85 1 1
0 7 85 1 1
0 7 86 1 1
0 5 86 1 1
0 6 86 1 1
0 1 86 1 1
0 2 86 1 1
0 7 87 1 1
0 2 87 1 1
0 1 87 1 1
0 6 87 1 1
0 5 87 1 1
0 3 88 1 1
0 5 88 1 1
0 2 88 1 1
0 7 88 1 1
0 4 88 1 1
0 3 89 1 1
0 6 89 1 1
0 1 89 1 1
0 4 89 1 1
0 7 89 1 1
0 7 90 1 1
0 5 90 1 1
0 6 90 1 1
0 1 90 1 1
0 2 90 1 1
0 7 91 1 1
0 2 91 1 1
0 1 91 1 1
0 6 91 1 1
0 5 91 1 1
0 3 92 1 1
0 5 92 1 1
0 2 92 1 1
0 7 92 1 1
0 4 92 1 1
0 3 93 1 1
0 6 93 1 1
0 1 93 1 1
0 4 93 1 1
0 7 93 1 1
0 7 94 1 1
0 5 94 1 1
0 6 94 1 1
0 1 94 1 1
0 2 94 1 1
0 7 95 1 1
0 2 95 1 1
0 1 95 1 1
0 6 95 1 1
0 5 95 1 1
0 3 96 1 1
0 5 96 1 1
0 2 96 1 1
0 7 96 1 1
0 4 96 1 1
0 3 97 1 1
0 6 97 1 1
0 1 97 1 1
0 4 97 1 1
0 7 97 1 1
0 7 98 1 1
0 5 98 1 1
0 6 98 1 1
0 1 98 1 1
0 2 98 1 1
0 7 99 1 1
0 2 99 1 1
0 1 99 1 1
0 6 99 1 1
0 5 99 1 1
0 3 100 1 1
0 5 100 1 1
0 2 100 1 1
0 7 100 1 1
0 4 100 1 1
0 3 101 1 1
0 6 101 1 1
0 1 101 1 1
0 4 101 1 1
0 7 101 1 1
0 7 102 1 1
0 5 102 1 1
0 6 102 1 1
0 1 102 1 1
0 2 102 1 1
0 7 103 1 1
0 2 103 1 1
0 1 103 1 1
0 6 103 1 1
0 5 103 1 1
0 3 104 1 1
0 5 104 1 1
0 2 104 1 1
0 7 104 1 1
0 4 104 1 1
0 3 105 1 1
0 6 105 1 1
0 1 105 1 1
0 4 105 1 1
0 7 105 1 1
0 7 106 1 1
0 5 106 1 1
0 6 106 1 1
0 1 106 1 1
0 2 106 1 1
0 7 107 1 1
0 2 107 1 1
0 1 107 1 1
0 6 107 1 1
0 5 107 1 1
0 3 108 1 1
0 5 108 1 1
0 2 108 1 1
0 7 108 1 1
0 4 108 1 1
0 3 109 1 1
0 6 109 1 1
0 1 109 1 1
0 4 109 1 1
0 7 109 1 1
0 7 110 1 1
0 5 110 1 1
0 6 110 1 1
0 1 110 1 1
0 2 110 1 1
0 7 111 1 1
0 2 111 1 1
0 1 111 1 1
0 6 111 1 1
0 5 111 1 1
0 3 112 1 1
0 5 112 1 1
0 2 112 1 1
0 7 112 1 1
0 4 112 1 1
0 3 113 1 1
0 6 113 1 1
0 1 113 1 1
0 4 113 1 1
0 7 113 1 1
0 7 114 1 1
0 5 114 1 1
0 6 114 1 1
0 1 114 1 1
0 2 114 1 1
0 7 115 1 1
0 2 115 1 1
0 1 115 1 1
0 6 115 1 1
0 5 115 1 1
0 3 116 1 1
0 5 116 1 1
0 2 116 1 1
0 7 116 1 1
0 4 116 1 1
0 3 117 1 1
0 6 117 1 1
0 1 117 1 1
0 4 117 1 1
0 7 117 1 1
0 7 118 1 1
0 5 118 1 1
0 6 118 1 1
0 1 118 1 1
0 2 118 1 1
0 7 119 1 1
0 2 119 1 1
0 1 119 1 1
0 6 119 1 1
0 5 119 1 1
0 3 120 1 1
0 5 120 1 1
0 2 120 1 1
0 7 120 1 1
0 4 120 1 1
0 3 121 1 1
0 6 121 1 1
0 1 121 1 1
0 4 121 1 1
0 7 121 1 1
0 7 122 1 1
0 5 122 1 1
0 6 122 1 1
0 1 122 1 1
0 2 122 1 1
0 7 123 1 1
0 2 123 1 1
0 1 123 1 1
0 6 123 1 1
0 5 123 1 1
0 3 124 1 1
0 5 124 1 1
0 2 124 1 1
0 7 124 1 1
0 4 124 1 1
0 3 125 1 1
0 6 125 1 1
0 1 125 1 1
0 4 125 1 1
0 7 125 1 1
0 7 126 1 1
0 5 126 1 1
0 6 126 1 1
0 1 126 1 1
0 2 126 1 1
0 7 127 1 1
0 2 127 1 1
0 1 127 1 1
0 6 127 1 1
0 5 127 1 1
0 3 128 1 1
0 5 128 1 1
0 2 128 1 1
0 7 128 1 1
0 4 128 1 1
0 3 129 1 1
0 6 129 1 1
0 1 129 1 1
0 4 129 1 1
0 7 129 1 1
0 7 130 1 1
0 5 130 1 1
0 6 130 1 1
0 1 130 1 1
0 2 130 1 1
0 7 131 1 1
0 2 131 1 1
0 1 131 1 1
0 6 131 1 1
0 5 131 1 1
0 3 132 1 1
0 5 132 1 1
0 2 132 1 1
0 7 132 1 1
0 4 132 1 1
0 3 133 1 1
0 6 133 1 1
0 1 133 1 1
0 4 133 1 1
0 7 133 1 1
0 7 134 1 1
0 5 134 1 1
0 6 134 1 1
0 1 134 1 1
0 2 134 1 1
0 7 135 1 1
0 2 135 1 1
0 1 135 1 1
0 6 135 1 1
0 5 135 1 1
0 3 136 1 1
0 5 136 1 1
0 2 136 1 1
0 7 136 1 1
0 4 136 1 1
0 3 137 1 1
0 6 137 1 1
0 1 137 1 1
0 4 137 1 1
0 7 137 1 1
0 7 138 1 1
0 5 138 1 1
0 6 138 1 1
0 1 138 1 1
0 2 138 1 1
0 7 139 1 1
0 2 139 1 1
0 1 139 1 1
0 6 139 1 1
0 5 139 1 1
0 3 140 1 1
0 5 140 1 1
0 2 140 1 1
0 7 140 1 1
0 4 140 1 1
0 3 141 1 1
0 6 141 1 1
0 1 141 1 1
0 4 141 1 1
0 7 141 1 1
0 7 142 1 1
0 5 142 1 1
0 6 142 1 1
0 1 142 1 1
0 2 142 1 1
0 7 143 1 1
0 2 143 1 1
0 1 143 1 1
0 6 143 1 1
0 5 143 1 1
0 3 144 1 1
0 5 144 1 1
0 2 144 1 1
0 7 144 1 1
0 4 144 1 1
0 3 145 1 1
0 6 145 1 1
0 1 145 1 1
0 4 145 1 1
0 7 145 1 1
0 7 146 1 1
0 5 146 1 1
0 6 146 1 1
0 1 146 1 1
0 2 146 1 1
0 7 147 1 1
0 2 147 1 1
0 1 147 1 1
0 6 147 1 1
0 5 147 1 1
0 3 148 1 1
0 5 148 1 1
0 2 148 1 1
0 7 148 1 1
0 4 148 1 1
0 3 149 1 1
0 6 149 1 1
0 1 149 1 1
0 4 149 1 1
0 7 149 1 1
0 7 150 1 1
0 5 150 1 1
0 6 150 1 1
0 1 150 1 1
0 2 150 1 1
0 7 151 1 1
0 2 151 1 1
0 1 151 1 1
0 6 151 1 1
0 5 151 1 1
0 3 152 1 1
0 5 152 1 1
0 2 152 1 1
0 7 152 1 1
0 4 152 1 1
0 3 153 1 1
0 6 153 1 1
0 1 153 1 1
0 4 153 1 1
0 7 153 1 1
0 7 154 1 1
0 5 154 1 1
0 6 154 1 1
0 1 154 1 1
0 2 154 1 1
0 7 155 1 1
0 2 155 1 1
0 1 155 1 1
0 6 155 1 1
0 5 155 1 1
0 3 156 1 1
0 5 156 1 1
0 2 156 1 1
0 7 156 1 1
0 4 156 1 1
0 3 157 1 1
0 6 157 1 1
0 1 157 1 1
0 4 157 1 1
0 7 157 1 1
0 7 158 1 1
0 5 158 1 1
0 6 158 1 1
0 1 158 1 1
0 2 158 1 1
0 7 159 1 1
0 2 159 1 1
0 1 159 1 1
0 6 159 1 1
0 5 159 1 1
0 3 160 1 1
0 5 160 1 1
0 2 160 1 1
0 7 160 1 1
0 4 160 1 1
0 3 161 1 1
0 6 161 1 1
0 1 161 1 1
0 4 161 1 1
0 7 161 1 1
0 7 162 1 1
0 5 162 1 1
0 6 162 1 1
0 1 162 1 1
0 2 162 1 1
0 7 163 1 1
0 2 163 1 1
0 1 163 1 1
0 6 163 1 1
0 5 163 1 1
0 3 164 1 1
0 5 164 1 1
0 2 164 1 1
0 7 164 1 1
0 4 164 1 1
0 3 165 1 1
0 6 165 1 1
0 1 165 1 1
0 4 165 1 1
0 7 165 1 1
0 7 166 1 1
0 5 166 1 1
0 6 166 1 1
0 1 166 1 1
0 2 166 1 1
0 7 167 1 1
0 2 167 1 1
0 1 167 1 1
0 6 167 1 1
0 5 167 1 1
0 3 168 1 1
0 5 168 1 1
0 2 168 1 1
0 7 168 1 1
0 4 168 1 1
0 3 169 1 1
0 6 169 1 1
0 1 169 1 1
0 4 169 1 1
0 7 169 1 1
0 7 170 1 1
0 5 170 1 1
0 6 170 1 1
0 1 170 1 1
0 2 170 1 1
0 7 171 1 1
0 2 171 1 1
0 1 171 1 1
0 6 171 1 1
0 5 171 1 1
0 3 172 1 1
0 5 172 1 1
0 2 172 1 1
0 7 172 1 1
0 4 172 1 1
0 3 173 1 1
0 6 173 1 1
0 1 173 1 1
0 4 173 1 1
0 7 173 1 1
0 7 174 1 1
0 5 174 1 1
0 6 174 1 1
0 1 174 1 1
0 2 174 1 1
0 7 175 1 1
0 2 175 1 1
0 1 175 1 1
0 6 175 1 1
0 5 175 1 1
0 3 176 1 1
0 5 176 1 1
0 2 176 1 1
0 7 176 1 1
0 4 176 1 1
0 3 177 1 1
0 6 177 1 1
0 1 177 1 1
0 4 177 1 1
0 7 177 1 1
0 7 178 1 1
0 5 178 1 1
0 6 178 1 1
0 1 178 1 1
0 2 178 1 1
0 7 179 1 1
0 2 179 1 1
0 1 179 1 1
0 6 179 1 1
0 5 179 1 1
0 3 180 1 1
0 5 180 1 1
0 2 180 1 1
0 7 180 1 1
0 4 180 1 1
0 3 181 1 1
0 6 181 1 1
0 1 181 1 1
0 4 181 1 1
0 7 181 1 1
0 7 182 1 1
0 5 182 1 1
0 6 182 1 1
0 1 182 1 1
0 2 182 1 1
0 7 183 1 1
0 2 183 1 1
0 1 183 1 1
0 6 183 1 1
0 5 183 1 1
0 3 184 1 1
0 5 184 1 1
0 2 184 1 1
0 7 184 1 1
0 4 184 1 1
0 3 185 1 1
0 6 185 1 1
0 1 185 1 1
0 4 185 1 1
0 7 185 1 1
0 7 186 1 1
0 5 186 1 1
0 6 186 1 1
0 1 186 1 1
0 2 186 1 1
0 7 187 1 1
0 2 187 1 1
0 1 187 1 1
0 6 187 1 1
0 5 187 1 1
0 3 188 1 1
0 5 188 1 1
0 2 188 1 1
0 7 188 1 1
0 4 188 1 1
0 3 189 1 1
0 6 189 1 1
0 1 189 1 1
0 4 189 1 1
0 7 189 1 1
0 7 190 1 1
0 5 190 1 1
0 6 190 1 1
0 1 190 1 1
0 2 190 1 1
0 7 191 1 1
0 2 191 1 1
0 1 191 1 1
0 6 191 1 1
0 5 191 1 1
0 3 192 1 1
0 5 192 1 1
0 2 192 1 1
0 7 192 1 1
0 4 192 1 1
0 3 193 1 1
0 6 193 1 1
0 1 193 1 1
0 4 193 1 1
0 7 193 1 1
0 7 194 1 1
0 5 194 1 1
0 6 194 1 1
0 1 194 1 1
0 2 194 1 1
0 7 195 1 1
0 2 195 1 1
0 1 195 1 1
0 6 195 1 1
0 5 195 1 1
0 3 196 1 1
0 5 196 1 1
0 2 196 1 1
0 7 196 1 1
0 4 196 1 1
0 3 197 1 1
0 6 197 1 1
0 1 197 1 1
0 4 197 1 1
0 7 197 1 1
0 7 198 1 1
0 5 198 1 1
0 6 198 1 1
0 1 198 1 1
0 2 198 1 1
0 7 199 1 1
0 2 199 1 1
0 1 199 1 1
0 6 199 1 1
0 5 199 1 1
0 3 200 1 1
0 5 200 1 1
0 2 200 1 1
0 7 200 1 1
0 4 200 1 1
0 3 201 1 1
0 6 201 1 1
0 1 201 1 1
0 4 201 1 1
0 7 201 1 1
0 7 202 1 1
0 5 202 1 1
0 6 202 1 1
0 1 202 1 1
0 2 202 1 1
0 7 203 1 1
0 2 203 1 1
0 1 203 1 1
0 6 203 1 1
0 5 203 1 1
0 3 204 1 1
0 5 204 1 1
0 2 204 1 1
0 7 204 1 1
0 4 204 1 1
0 3 205 1 1
0 6 205 1 1
0 1 205 1 1
0 4 205 1 1
0 7 205 1 1
0 7 206 1 1
0 5 206 1 1
0 6 206 1 1
0 1 206 1 1
0 2 206 1 1
0 7 207 1 1
0 2 207 1 1
0 1 207 1 1
0 6 207 1 1
0 5 207 1 1
0 3 208 1 1
0 5 208 1 1
0 2 208 1 1
0 7 208 1 1
0 4 208 1 1
0 3 209 1 1
0 6 209 1 1
0 1 209 1 1
0 4 209 1 1
0 7 209 1 1
0 7 210 1 1
0 5 210 1 1
0 6 210 1 1
0 1 210 1 1
0 2 210 1 1
0 7 211 1 1
0 2 211 1 1
0 1 211 1 1
0 6 211 1 1
0 5 211 1 1
0 3 212 1 1
0 5 212 1 1
0 2 212 1 1
0 7 212 1 1
0 4 212 1 1
0 3 213 1 1
0 6 213 1 1
0 1 213 1 1
0 4 213 1 1
0 7 213 1 1
0 7 214 1 1
0 5 214 1 1
0 6 214 1 1
0 1 214 1 1
0 2 214 1 1
0 7 215 1 1
0 2 215 1 1
0 1 215 1 1
0 6 215 1 1
0 5 215 1 1
0 3 216 1 1
0 5 216 1 1
0 2 216 1 1
0 7 216 1 1
0 4 216 1 1
0 3 217 1 1
0 6 217 1 1
0 1 217 1 1
0 4 217 1 1
0 7 217 1 1
0 7 218 1 1
0 5 218 1 1
0 6 218 1 1
0 1 218 1 1
0 2 218 1 1
0 7 219 1 1
0 2 219 1 1
0 1 219 1 1
0 6 219 1 1
0 5 219 1 1
0 3 220 1 1
0 5 220 1 1
0 2 220 1 1
0 7 220 1 1
0 4 220 1 1
0 3 221 1 1
0 6 221 1 1
0 1 221 1 1
0 4 221 1 1
0 7 221 1 1
0 7 222 1 1
0 5 222 1 1
0 6 222 1 1
0 1 222 1 1
0 2 222 1 1
0 7 223 1 1
0 2 223 1 1
0 1 223 1 1
0 6 223 1 1
0 5 223 1 1
0 3 224 1 1
0 5 224 1 1
0 2 224 1 1
0 7 224 1 1
0 4 224 1 1
0 3 225 1 1
0 6 225 1 1
0 1 225 1 1
0 4 225 1 1
0 7 225 1 1
0 7 226 1 1
0 5 226 1 1
0 6 226 1 1
0 1 226 1 1
0 2 226 1 1
0 7 227 1 1
0 2 227 1 1
0 1 227 1 1
0 6 227 1 1
0 5 227 1 1
0 3 228 1 1
0 5 228 1 1
0 2 228 1 1
0 7 228 1 1
0 4 228 1 1
0 3 229 1 1
0 6 229 1 1
0 1 229 1 1
0 4 229 1 1
0 7 229 1 1
0 7 230 1 1
0 5 230 1 1
0 6 230 1 1
0 1 230 1 1
0 2 230 1 1
0 7 231 1 1
0 2 231 1 1
0 1 231 1 1
0 6 231 1 1
0 5 231 1 1
0 3 232 1 1
0 5 232 1 1
0 2 232 1 1
0 7 232 1 1
0 4 232 1 1
0 3 233 1 1
0 6 233 1 1
0 1 233 1 1
0 4 233 1 1
0 7 233 1 1
0 7 234 1 1
0 5 234 1 1
0 6 234 1 1
0 1 234 1 1
0 2 234 1 1
0 7 235 1 1
0 2 235 1 1
0 1 235 1 1
0 6 235 1 1
0 5 235 1 1
0 3 236 1 1
0 5 236 1 1
0 2 236 1 1
0 7 236 1 1
0 4 236 1 1
0 3 237 1 1
0 6 237 1 1
0 1 237 1 1
0 4 237 1 1
0 7 237 1 1
0 7 238 1 1
0 5 238 1 1
0 6 238 1 1
0 1 238 1 1
0 2 238 1 1
0 7 239 1 1
0 2 239 1 1
0 1 239 1 1
0 6 239 1 1
0 5 239 1 1
0 3 240 1 1
0 5 240 1 1
0 2 240 1 1
0 7 240 1 1
0 4 240 1 1
0 3 241 1 1
0 6 241 1 1
0 1 241 1 1
0 4 241 1 1
0 7 241 1 1
0 7 242 1 1
0 5 242 1 1
0 6 242 1 1
0 1 242 1 1
0 2 242 1 1
0 7 243 1 1
0 2 243 1 1
0 1 243 1 1
0 6 243 1 1
0 5 243 1 1
0 3 244 1 1
0 5 244 1 1
0 2 244 1 1
0 7 244 1 1
0 4 244 1 1
0 3 245 1 1
0 6 245 1 1
0 1 245 1 1
0 4 245 1 1
0 7 245 1 1
0 7 246 1 1
0 5 246 1 1
0 6 246 1 1
0 1 246 1 1
0 2 246 1 1
0 7 247 1 1
0 2 247 1 1
0 1 247 1 1
0 6 247 1 1
0 5 247 1 1
0 3 248 1 1
0 5 248 1 1
0 2 248 1 1
0 7 248 1 1
0 4 248 1 1
0 3 249 1 1
0 6 249 1 1
0 1 249 1 1
0 4 249 1 1
0 7 249 1 1
0 7 250 1 1
0 5 250 1 1
0 6 250 1 1
0 1 250 1 1
0 2 250 1 1
0 7 251 1 1
0 2 251 1 1
0 1 251 1 1
0 6 251 1 1
0 5 251 1 1
0 3 252 1 1
0 5 252 1 1
0 2 252 1 1
0 7 252 1 1
0 4 252 1 1
0 3 253 1 1
0 6 253 1 1
0 1 253 1 1
0 4 253 1 1
0 7 253 1 1
0 7 254 1 1
0 5 254 1 1
0 6 254 1 1
0 1 254 1 1
0 2 254 1 1
0 7 255 1 1
0 2 255 1 1
0 1 255 1 1
0 6 255 1 1
0 5 255 1 1
0 3 256 1 1
0 5 256 1 1
0 2 256 1 1
0 7 256 1 1
0 4 256 1 1
0 3 257 1 1
0 6 257 1 1
0 1 257 1 1
0 4 257 1 1
0 7 257 1 1
0 7 258 1 1
0 5 258 1 1
0 6 258 1 1
0 1 258 1 1
0 2 258 1 1
0 7 259 1 1
0 2 259 1 1
0 1 259 1 1
0 6 259 1 1
0 5 259 1 1
0 3 260 1 1
0 5 260 1 1
0 2 260 1 1
0 7 260 1 1
0 4 260 1 1
0 3 261 1 1
0 6 261 1 1
0 1 261 1 1
0 4 261 1 1
0 7 261 1 1
0 7 262 1 1
0 5 262 1 1
0 6 262 1 1
0 1 262 1 1
0 2 262 1 1
0 7 263 1 1
0 2 263 1 1
0 1 263 1 1
0 6 263 1 1
0 5 263 1 1
0 3 264 1 1
0 5 264 1 1
0 2 264 1 1
0 7 264 1 1
0 4 264 1 1
0 3 265 1 1
0 6 265 1 1
0 1 265 1 1
0 4 265 1 1
0 7 265 1 1
0 7 266 1 1
0 5 266 1 1
0 6 266 1 1
0 1 266 1 1
0 2 266 1 1
0 7 267 1 1
0 2 267 1 1
0 1 267 1 1
0 6 267 1 1
0 5 267 1 1
0 3 268 1 1
0 5 268 1 1
0 2 268 1 1
0 7 268 1 1
0 4 268 1 1
0 3 269 1 1
0 6 269 1 1
0 1 269 1 1
0 4 269 1 1
0 7 269 1 1
0 7 270 1 1
0 5 270 1 1
0 6 270 1 1
0 1 270 1 1
0 2 270 1 1
0 7 271 1 1
0 2 271 1 1
0 1 271 1 1
0 6 271 1 1
0 5 271 1 1
0 3 272 1 1
0 5 272 1 1
0 2 272 1 1
0 7 272 1 1
0 4 272 1 1
0 3 273 1 1
0 6 273 1 1
0 1 273 1 1
0 4 273 1 1
0 7 273 1 1
0 7 274 1 1
0 5 274 1 1
0 6 274 1 1
0 1 274 1 1
0 2 274 1 1
0 7 275 1 1
0 2 275 1 1
0 1 275 1 1
0 6 275 1 1
0 5 275 1 1
0 3 276 1 1
0 5 276 1 1
0 2 276 1 1
0 7 276 1 1
0 4 276 1 1
0 3 277 1 1
0 6 277 1 1
0 1 277 1 1
0 4 277 1 1
0 7 277 1 1
0 7 278 1 1
0 5 278 1 1
0 6 278 1 1
0 1 278 1 1
0 2 278 1 1
0 7 279 1 1
0 2 279 1 1
0 1 279 1 1
0 6 279 1 1
0 5 279 1 1
0 3 280 1 1
0 5 280 1 1
0 2 280 1 1
0 7 280 1 1
0 4 280 1 1
0 3 281 1 1
0 6 281 1 1
0 1 281 1 1
0 4 281 1 1
0 7 281 1 1
0 7 282 1 1
0 5 282 1 1
0 6 282 1 1
0 1 282 1 1
0 2 282 1 1
0 7 283 1 1
0 2 283 1 1
0 1 283 1 1
0 6 283 1 1
0 5 283 1 1
0 3 284 1 1
0 5 284 1 1
0 2 284 1 1
0 7 284 1 1
0 4 284 1 1
0 3 285 1 1
0 6 285 1 1
0 1 285 1 1
0 4 285 1 1
0 7 285 1 1
0 7 286 1 1
0 5 286 1 1
0 6 286 1 1
0 1 286 1 1
0 2 286 1 1
0 7 287 1 1
0 2 287 1 1
0 1 287 1 1
0 6 287 1 1
0 5 287 1 1
0 3 288 1 1
0 5 288 1 1
0 2 288 1 1
0 7 288 1 1
0 4 288 1 1
0 3 289 1 1
0 6 289 1 1
0 1 289 1 1
0 4 289 1 1
0 7 289 1 1
0 7 290 1 1
0 5 290 1 1
0 6 290 1 1
0 1 290 1 1
0 2 290 1 1
0 7 291 1 1
0 2 291 1 1
0 1 291 1 1
0 6 291 1 1
0 5 291 1 1
0 3 292 1 1
0 5 292 1 1
0 2 292 1 1
0 7 292 1 1
0 4 292 1 1
0 3 293 1 1
0 6 293 1 1
0 1 293 1 1
0 4 293 1 1
0 7 293 1 1
0 7 294 1 1
0 5 294 1 1
0 6 294 1 1
0 1 294 1 1
0 2 294 1 1
0 7 295 1 1
0 2 295 1 1
0 1 295 1 1
0 6 295 1 1
0 5 295 1 1
0 3 296 1 1
0 5 296 1 1
0 2 296 1 1
0 7 296 1 1
0 4 296 1 1
0 3 297 1 1
0 6 297 1 1
0 1 297 1 1
0 4 297 1 1
0 7 297 1 1
0 7 298 1 1
0 5 298 1 1
0 6 298 1 1
0 1 298 1 1
0 2 298 1 1
0 7 299 1 1
0 2 299 1 1
0 1 299 1 1
0 6 299 1 1
0 5 299 1 1
0 3 300 1 1
0 5 300 1 1
0 2 300 1 1
0 7 300 1 1
0 4 300 1 1
0 3 301 1 1
0 6 301 1 1
0 1 301 1 1
0 4 301 1 1
0 7 301 1 1
0 7 302 1 1
0 5 302 1 1
0 6 302 1 1
0 1 302 1 1
0 2 302 1 1
0 7 303 1 1
0 2 303 1 1
0 1 303 1 1
0 6 303 1 1
0 5 303 1 1
0 3 304 1 1
0 5 304 1 1
0 2 304 1 1
0 7 304 1 1
0 4 304 1 1
0 3 305 1 1
0 6 305 1 1
0 1 305 1 1
0 4 305 1 1
0 7 305 1 1
0 7 306 1 1
0 5 306 1 1
0 6 306 1 1
0 1 306 1 1
0 2 306 1 1
0 7 307 1 1
0 2 307 1 1
0 1 307 1 1
0 6 307 1 1
0 5 307 1 1
0 3 308 1 1
0 5 308 1 1
0 2 308 1 1
0 7 308 1 1
0 4 308 1 1
0 3 309 1 1
0 6 309 1 1
0 1 309 1 1
0 4 309 1 1
0 7 309 1 1
0 7 310 1 1
0 5 310 1 1
0 6 310 1 1
0 1 310 1 1
0 2 310 1 1
0 7 311 1 1
0 2 311 1 1
0 1 311 1 1
0 6 311 1 1
0 5 311 1 1
0 3 312 1 1
0 5 312 1 1
0 2 312 1 1
0 7 312 1 1
0 4 312 1 1
0 3 313 1 1
0 6 313 1 1
0 1 313 1 1
0 4 313 1 1
0 7 313 1 1
0 7 314 1 1
0 5 314 1 1
0 6 314 1 1
0 1 314 1 1
0 2 314 1 1
0 7 315 1 1
0 2 315 1 1
0 1 315 1 1
0 6 315 1 1
0 5 315 1 1
0 3 316 1 1
0 5 316 1 1
0 2 316 1 1
0 7 316 1 1
0 4 316 1 1
0 3 317 1 1
0 6 317 1 1
0 1 317 1 1
0 4 317 1 1
0 7 317 1 1
0 7 318 1 1
0 5 318 1 1
0 6 318 1 1
0 1 318 1 1
0 2 318 1 1
0 7 319 1 1
0 2 319 1 1
0 1 319 1 1
0 6 319 1 1
0 5 319 1 1
0 3 320 1 1
0 5 320 1 1
0 2 320 1 1
0 7 320 1 1
0 4 320 1 1
0 3 321 1 1
0 6 321 1 1
0 1 321 1 1
0 4 321 1 1
0 7 321 1 1
0 7 322 1 1
0 5 322 1 1
0 6 322 1 1
0 1 322 1 1
0 2 322 1 1
0 7 323 1 1
0 2 323 1 1
0 1 323 1 1
0 6 323 1 1
0 5 323 1 1
0 3 324 1 1
0 5 324 1 1
0 2 324 1 1
0 7 324 1 1
0 4 324 1 1
0 3 325 1 1
0 6 325 1 1
0 1 325 1 1
0 4 325 1 1
0 7 325 1 1
0 7 326 1 1
0 5 326 1 1
0 6 326 1 1
0 1 326 1 1
0 2 326 1 1
0 7 327 1 1
0 2 327 1 1
0 1 327 1 1
0 6 327 1 1
0 5 327 1 1
0 3 328 1 1
0 5 328 1 1
0 2 328 1 1
0 7 328 1 1
0 4 328 1 1
0 3 329 1 1
0 6 329 1 1
0 1 329 1 1
0 4 329 1 1
0 7 329 1 1
0 7 330 1 1
0 5 330 1 1
0 6 330 1 1
0 1 330 1 1
0 2 330 1 1
0 7 331 1 1
0 2 331 1 1
0 1 331 1 1
0 6 331 1 1
0 5 331 1 1
0 3 332 1 1
0 5 332 1 1
0 2 332 1 1
0 7 332 1 1
0 4 332 1 1
0 3 333 1 1
0 6 333 1 1
0 1 333 1 1
0 4 333 1 1
0 7 333 1 1
0 7 334 1 1
0 5 334 1 1
0 6 334 1 1
0 1 334 1 1
0 2 334 1 1
0 7 335 1 1
0 2 335 1 1
0 1 335 1 1
0 6 335 1 1
0 5 335 1 1
0 3 336 1 1
0 5 336 1 1
0 2 336 1 1
0 7 336 1 1
0 4 336 1 1
0 3 337 1 1
0 6 337 1 1
0 1 337 1 1
0 4 337 1 1
0 7 337 1 1
0 7 338 1 1
0 5 338 1 1
0 6 338 1 1
0 1 338 1 1
0 2 338 1 1
0 7 339 1 1
0 2 339 1 1
0 1 339 1 1
0 6 339 1 1
0 5 339 1 1
0 3 340 1 1
0 5 340 1 1
0 2 340 1 1
0 7 340 1 1
0 4 340 1 1
0 3 341 1 1
0 6 341 1 1
0 1 341 1 1
0 4 341 1 1
0 7 341 1 1
0 7 342 1 1
0 5 342 1 1
0 6 342 1 1
0 1 342 1 1
0 2 342 1 1
0 7 343 1 1
0 2 343 1 1
0 1 343 1 1
0 6 343 1 1
0 5 343 1 1
0 3 344 1 1
0 5 344 1 1
0 2 344 1 1
0 7 344 1 1
0 4 344 1 1
0 3 345 1 1
0 6 345 1 1
0 1 345 1 1
0 4 345 1 1
0 7 345 1 1
0 7 346 1 1
0 5 346 1 1
0 6 346 1 1
0 1 346 1 1
0 2 346 1 1
0 7 347 1 1
0 2 347 1 1
0 1 347 1 1
0 6 347 1 1
0 5 347 1 1
0 3 348 1 1
0 5 348 1 1
0 2 348 1 1
0 7 348 1 1
0 4 348 1 1
0 3 349 1 1
0 6 349 1 1
0 1 349 1 1
0 4 349 1 1
0 7 349 1 1
0 7 350 1 1
0 5 350 1 1
0 6 350 1 1
0 1 350 1 1
0 2 350 1 1
0 7 351 1 1
0 2 351 1 1
0 1 351 1 1
0 6 351 1 1
0 5 351 1 1
0 3 352 1 1
0 5 352 1 1
0 2 352 1 1
0 7 352 1 1
0 4 352 1 1
0 3 353 1 1
0 6 353 1 1
0 1 353 1 1
0 4 353 1 1
0 7 353 1 1
0 7 354 1 1
0 5 354 1 1
0 6 354 1 1
0 1 354 1 1
0 2 354 1 1
0 7 355 1 1
0 2 355 1 1
0 1 355 1 1
0 6 355 1 1
0 5 355 1 1
0 3 356 1 1
0 5 356 1 1
0 2 356 1 1
0 7 356 1 1
0 4 356 1 1
0 3 357 1 1
0 6 357 1 1
0 1 357 1 1
0 4 357 1 1
0 7 357 1 1
0 7 358 1 1
0 5 358 1 1
0 6 358 1 1
0 1 358 1 1
0 2 358 1 1
0 7 359 1 1
0 2 359 1 1
0 1 359 1 1
0 6 359 1 1
0 5 359 1 1
0 3 360 1 1
0 5 360 1 1
0 2 360 1 1
0 7 360 1 1
0 4 360 1 1
0 3 361 1 1
0 6 361 1 1
0 1 361 1 1
0 4 361 1 1
0 7 361 1 1
0 7 362 1 1
0 5 362 1 1
0 6 362 1 1
0 1 362 1 1
0 2 362 1 1
0 7 363 1 1
0 2 363 1 1
0 1 363 1 1
0 6 363 1 1
0 5 363 1 1
0 3 364 1 1
0 5 364 1 1
0 2 364 1 1
0 7 364 1 1
0 4 364 1 1
0 3 365 1 1
0 6 365 1 1
0 1 365 1 1
0 4 365 1 1
0 7 365 1 1
0 7 366 1 1
0 5 366 1 1
0 6 366 1 1
0 1 366 1 1
0 2 366 1 1
0 7 367 1 1
0 2 367 1 1
0 1 367 1 1
0 6 367 1 1
0 5 367 1 1
0 3 368 1 1
0 5 368 1 1
0 2 368 1 1
0 7 368 1 1
0 4 368 1 1
0 3 369 1 1
0 6 369 1 1
0 1 369 1 1
0 4 369 1 1
0 7 369 1 1
0 7 370 1 1
0 5 370 1 1
0 6 370 1 1
0 1 370 1 1
0 2 370 1 1
0 7 371 1 1
0 2 371 1 1
0 1 371 1 1
0 6 371 1 1
0 5 371 1 1
0 3 372 1 1
0 5 372 1 1
0 2 372 1 1
0 7 372 1 1
0 4 372 1 1
0 3 373 1 1
0 6 373 1 1
0 1 373 1 1
0 4 373 1 1
0 7 373 1 1
0 7 374 1 1
0 5 374 1 1
0 6 374 1 1
0 1 374 1 1
0 2 374 1 1
0 7 375 1 1
0 2 375 1 1
0 1 375 1 1
0 6 375 1 1
0 5 375 1 1
0 3 376 1 1
0 5 376 1 1
0 2 376 1 1
0 7 376 1 1
0 4 376 1 1
0 3 377 1 1
0 6 377 1 1
0 1 377 1 1
0 4 377 1 1
0 7 377 1 1
0 7 378 1 1
0 5 378 1 1
0 6 378 1 1
0 1 378 1 1
0 2 378 1 1
0 7 379 1 1
0 2 379 1 1
0 1 379 1 1
0 6 379 1 1
0 5 379 1 1
0 3 380 1 1
0 5 380 1 1
0 2 380 1 1
0 7 380 1 1
0 4 380 1 1
0 3 381 1 1
0 6 381 1 1
0 1 381 1 1
0 4 381 1 1
0 7 381 1 1
0 7 382 1 1
0 5 382 1 1
0 6 382 1 1
0 1 382 1 1
0 2 382 1 1
0 7 383 1 1
0 2 383 1 1
0 1 383 1 1
0 6 383 1 1
0 5 383 1 1
0 3 384 1 1
0 5 384 1 1
0 2 384 1 1
0 7 384 1 1
0 4 384 1 1
0 3 385 1 1
0 6 385 1 1
0 1 385 1 1
0 4 385 1 1
0 7 385 1 1
0 7 386 1 1
0 5 386 1 1
0 6 386 1 1
0 1 386 1 1
0 2 386 1 1
0 7 387 1 1
0 2 387 1 1
0 1 387 1 1
0 6 387 1 1
0 5 387 1 1
0 3 388 1 1
0 5 388 1 1
0 2 388 1 1
0 7 388 1 1
0 4 388 1 1
0 3 389 1 1
0 6 389 1 1
0 1 389 1 1
0 4 389 1 1
0 7 389 1 1
0 7 390 1 1
0 5 390 1 1
0 6 390 1 1
0 1 390 1 1
0 2 390 1 1
0 7 391 1 1
0 2 391 1 1
0 1 391 1 1
0 6 391 1 1
0 5 391 1 1
0 3 392 1 1
0 5 392 1 1
0 2 392 1 1
0 7 392 1 1
0 4 392 1 1
0 3 393 1 1
0 6 393 1 1
0 1 393 1 1
0 4 393 1 1
0 7 393 1 1
0 7 394 1 1
0 5 394 1 1
0 6 394 1 1
0 1 394 1 1
0 2 394 1 1
0 7 395 1 1
0 2 395 1 1
0 1 395 1 1
0 6 395 1 1
0 5 395 1 1
0 3 396 1 1
0 5 396 1 1
0 2 396 1 1
0 7 396 1 1
0 4 396 1 1
0 3 397 1 1
0 6 397 1 1
0 1 397 1 1
0 4 397 1 1
0 7 397 1 1
0 7 398 1 1
0 5 398 1 1
0 6 398 1 1
0 1 398 1 1
0 2 398 1 1
0 7 399 1 1
0 2 399 1 1
0 1 399 1 1
0 6 399 1 1
0 5 399 1 1
