0 4 0 1 1
0 1 1 1 1
0 3 3 1 1
0 5 1 1 1
0 1 1 1 1
0 4 1 1 1
0 2 0 1 1
0 3 2 1 1
0 1 1 1 1
0 4 3 1 1
0 1 4 1 1
0 3 6 1 1
0 5 4 1 1
0 1 4 1 1
0 4 4 1 1
0 2 3 1 1
0 3 5 1 1
0 1 4 1 1
0 4 6 1 1
0 1 7 1 1
0 3 9 1 1
0 5 7 1 1
0 1 7 1 1
0 4 7 1 1
0 2 6 1 1
0 3 8 1 1
0 1 7 1 1
0 4 9 1 1
0 1 10 1 1
0 3 12 1 1
0 5 10 1 1
0 1 10 1 1
0 4 10 1 1
0 2 9 1 1
0 3 11 1 1
0 1 10 1 1
0 4 12 1 1
0 1 13 1 1
0 3 15 1 1
0 5 13 1 1
0 1 13 1 1
0 4 13 1 1
0 2 12 1 1
0 3 14 1 1
0 1 13 1 1
0 4 15 1 1
0 1 16 1 1
0 3 18 1 1
0 5 16 1 1
0 1 16 1 1
0 4 16 1 1
0 2 15 1 1
0 3 17 1 1
0 1 16 1 1
0 4 18 1 1
0 1 19 1 1
0 3 21 1 1
0 5 19 1 1
0 1 19 1 1
0 4 19 1 1
0 2 18 1 1
0 3 20 1 1
0 1 19 1 1
0 4 21 1 1
0 1 22 1 1
0 3 24 1 1
0 5 22 1 1
0 1 22 1 1
0 4 22 1 1
0 2 21 1 1
0 3 23 1 1
0 1 22 1 1
0 4 24 1 1
0 1 25 1 1
0 3 27 1 1
0 5 25 1 1
0 1 25 1 1
0 4 25 1 1
0 2 24 1 1
0 3 26 1 1
0 1 25 1 1
0 4 27 1 1
0 1 28 1 1
0 3 30 1 1
0 5 28 1 1
0 1 28 1 1
0 4 28 1 1
0 2 27 1 1
0 3 29 1 1
0 1 28 1 1
0 4 30 1 1
0 1 31 1 1
0 3 33 1 1
0 5 31 1 1
0 1 31 1 1
0 4 31 1 1
0 2 30 1 1
0 3 32 1 1
0 1 31 1 1
0 4 33 1 1
0 1 34 1 1
0 3 36 1 1
0 5 34 1 1
0 1 34 1 1
0 4 34 1 1
0 2 33 1 1
0 3 35 1 1
0 1 34 1 1
0 4 36 1 1
0 1 37 1 1
0 3 39 1 1
0 5 37 1 1
0 1 37 1 1
0 4 37 1 1
0 2 36 1 1
0 3 38 1 1
0 1 37 1 1
0 4 39 1 1
0 1 40 1 1
0 3 42 1 1
0 5 40 1 1
0 1 40 1 1
0 4 40 1 1
0 2 39 1 1
0 3 41 1 1
0 1 40 1 1
0 4 42 1 1
0 1 43 1 1
0 3 45 1 1
0 5 43 1 1
0 1 43 1 1
0 4 43 1 1
0 2 42 1 1
0 3 44 1 1
0 1 43 1 1
0 4 45 1 1
0 1 46 1 1
0 3 48 1 1
0 5 46 1 1
0 1 46 1 1
0 4 46 1 1
0 2 45 1 1
0 3 47 1 1
0 1 46 1 1
0 4 48 1 1
0 1 49 1 1
0 3 51 1 1
0 5 49 1 1
0 1 49 1 1
0 4 49 1 1
0 2 48 1 1
0 3 50 1 1
0 1 49 1 1
0 4 51 1 1
0 1 52 1 1
0 3 54 1 1
0 5 52 1 1
0 1 52 1 1
0 4 52 1 1
0 2 51 1 1
0 3 53 1 1
0 1 52 1 1
0 4 54 1 1
0 1 55 1 1
0 3 57 1 1
0 5 55 1 1
0 1 55 1 1
0 4 55 1 1
0 2 54 1 1
0 3 56 1 1
0 1 55 1 1
0 4 57 1 1
0 1 58 1 1
0 3 60 1 1
0 5 58 1 1
0 1 58 1 1
0 4 58 1 1
0 2 57 1 1
0 3 59 1 1
0 1 58 1 1
0 4 60 1 1
0 1 61 1 1
0 3 63 1 1
0 5 61 1 1
0 1 61 1 1
0 4 61 1 1
0 2 60 1 1
0 3 62 1 1
0 1 61 1 1
0 4 63 1 1
0 1 64 1 1
0 3 66 1 1
0 5 64 1 1
0 1 64 1 1
0 4 64 1 1
0 2 63 1 1
0 3 65 1 1
0 1 64 1 1
0 4 66 1 1
0 1 67 1 1
0 3 69 1 1
0 5 67 1 1
0 1 67 1 1
0 4 67 1 1
0 2 66 1 1
0 3 68 1 1
0 1 67 1 1
0 4 69 1 1
0 1 70 1 1
0 3 72 1 1
0 5 70 1 1
0 1 70 1 1
0 4 70 1 1
0 2 69 1 1
0 3 71 1 1
0 1 70 1 1
0 4 72 1 1
0 1 73 1 1
0 3 75 1 1
0 5 73 1 1
0 1 73 1 1
0 4 73 1 1
0 2 72 1 1
0 3 74 1 1
0 1 73 1 1
0 4 75 1 1
0 1 76 1 1
0 3 78 1 1
0 5 76 1 1
0 1 76 1 1
0 4 76 1 1
0 2 75 1 1
0 3 77 1 1
0 1 76 1 1
0 4 78 1 1
0 1 79 1 1
0 3 81 1 1
0 5 79 1 1
0 1 79 1 1
0 4 79 1 1
0 2 78 1 1
0 3 80 1 1
0 1 79 1 1
0 4 81 1 1
0 1 82 1 1
0 3 84 1 1
0 5 82 1 1
0 1 82 1 1
0 4 82 1 1
0 2 81 1 1
0 3 83 1 1
0 1 82 1 1
0 4 84 1 1
0 1 85 1 1
0 3 87 1 1
0 5 85 1 1
0 1 85 1 1
0 4 85 1 1
0 2 84 1 1
0 3 86 1 1
0 1 85 1 1
0 4 87 1 1
0 1 88 1 1
0 3 90 1 1
0 5 88 1 1
0 1 88 1 1
0 4 88 1 1
0 2 87 1 1
0 3 89 1 1
0 1 88 1 1
0 4 90 1 1
0 1 91 1 1
0 3 93 1 1
0 5 91 1 1
0 1 91 1 1
0 4 91 1 1
0 2 90 1 1
0 3 92 1 1
0 1 91 1 1
0 4 93 1 1
0 1 94 1 1
0 3 96 1 1
0 5 94 1 1
0 1 94 1 1
0 4 94 1 1
0 2 93 1 1
0 3 95 1 1
0 1 94 1 1
0 4 96 1 1
0 1 97 1 1
0 3 99 1 1
0 5 97 1 1
0 1 97 1 1
0 4 97 1 1
0 2 96 1 1
0 3 98 1 1
0 1 97 1 1
0 4 99 1 1
0 1 100 1 1
0 3 102 1 1
0 5 100 1 1
0 1 100 1 1
0 4 100 1 1
0 2 99 1 1
0 3 101 1 1
0 1 100 1 1
0 4 102 1 1
0 1 103 1 1
0 3 105 1 1
0 5 103 1 1
0 1 103 1 1
0 4 103 1 1
0 2 102 1 1
0 3 104 1 1
0 1 103 1 1
0 4 105 1 1
0 1 106 1 1
0 3 108 1 1
0 5 106 1 1
0 1 106 1 1
0 4 106 1 1
0 2 105 1 1
0 3 107 1 1
0 1 106 1 1
0 4 108 1 1
0 1 109 1 1
0 3 111 1 1
0 5 109 1 1
0 1 109 1 1
0 4 109 1 1
0 2 108 1 1
0 3 110 1 1
0 1 109 1 1
0 4 111 1 1
0 1 112 1 1
0 3 114 1 1
0 5 112 1 1
0 1 112 1 1
0 4 112 1 1
0 2 111 1 1
0 3 113 1 1
0 1 112 1 1
0 4 114 1 1
0 1 115 1 1
0 3 117 1 1
0 5 115 1 1
0 1 115 1 1
0 4 115 1 1
0 2 114 1 1
0 3 116 1 1
0 1 115 1 1
0 4 117 1 1
0 1 118 1 1
0 3 120 1 1
0 5 118 1 1
0 1 118 1 1
0 4 118 1 1
0 2 117 1 1
0 3 119 1 1
0 1 118 1 1
0 4 120 1 1
0 1 121 1 1
0 3 123 1 1
0 5 121 1 1
0 1 121 1 1
0 4 121 1 1
0 2 120 1 1
0 3 122 1 1
0 1 121 1 1
0 4 123 1 1
0 1 124 1 1
0 3 126 1 1
0 5 124 1 1
0 1 124 1 1
0 4 124 1 1
0 2 123 1 1
0 3 125 1 1
0 1 124 1 1
0 4 126 1 1
0 1 127 1 1
0 3 129 1 1
0 5 127 1 1
0 1 127 1 1
0 4 127 1 1
0 2 126 1 1
0 3 128 1 1
0 1 127 1 1
0 4 129 1 1
0 1 130 1 1
0 3 132 1 1
0 5 130 1 1
0 1 130 1 1
0 4 130 1 1
0 2 129 1 1
0 3 131 1 1
0 1 130 1 1
0 4 132 1 1
0 1 133 1 1
0 3 135 1 1
0 5 133 1 1
0 1 133 1 1
0 4 133 1 1
0 2 132 1 1
0 3 134 1 1
0 1 133 1 1
0 4 135 1 1
0 1 136 1 1
0 3 138 1 1
0 5 136 1 1
0 1 136 1 1
0 4 136 1 1
0 2 135 1 1
0 3 137 1 1
0 1 136 1 1
0 4 138 1 1
0 1 139 1 1
0 3 141 1 1
0 5 139 1 1
0 1 139 1 1
0 4 139 1 1
0 2 138 1 1
0 3 140 1 1
0 1 139 1 1
0 4 141 1 1
0 1 142 1 1
0 3 144 1 1
0 5 142 1 1
0 1 142 1 1
0 4 142 1 1
0 2 141 1 1
0 3 143 1 1
0 1 142 1 1
0 4 144 1 1
0 1 145 1 1
0 3 147 1 1
0 5 145 1 1
0 1 145 1 1
0 4 145 1 1
0 2 144 1 1
0 3 146 1 1
0 1 145 1 1
0 4 147 1 1
0 1 148 1 1
0 3 150 1 1
0 5 148 1 1
0 1 148 1 1
0 4 148 1 1
0 2 147 1 1
0 3 149 1 1
0 1 148 1 1
0 4 150 1 1
0 1 151 1 1
0 3 153 1 1
0 5 151 1 1
0 1 151 1 1
0 4 151 1 1
0 2 150 1 1
0 3 152 1 1
0 1 151 1 1
0 4 153 1 1
0 1 154 1 1
0 3 156 1 1
0 5 154 1 1
0 1 154 1 1
0 4 154 1 1
0 2 153 1 1
0 3 155 1 1
0 1 154 1 1
0 4 156 1 1
0 1 157 1 1
0 3 159 1 1
0 5 157 1 1
0 1 157 1 1
0 4 157 1 1
0 2 156 1 1
0 3 158 1 1
0 1 157 1 1
0 4 159 1 1
0 1 160 1 1
0 3 162 1 1
0 5 160 1 1
0 1 160 1 1
0 4 160 1 1
0 2 159 1 1
0 3 161 1 1
0 1 160 1 1
0 4 162 1 1
0 1 163 1 1
0 3 165 1 1
0 5 163 1 1
0 1 163 1 1
0 4 163 1 1
0 2 162 1 1
0 3 164 1 1
0 1 163 1 1
0 4 165 1 1
0 1 166 1 1
0 3 168 1 1
0 5 166 1 1
0 1 166 1 1
0 4 166 1 1
0 2 165 1 1
0 3 167 1 1
0 1 166 1 1
0 4 168 1 1
0 1 169 1 1
0 3 171 1 1
0 5 169 1 1
0 1 169 1 1
0 4 169 1 1
0 2 168 1 1
0 3 170 1 1
0 1 169 1 1
0 4 171 1 1
0 1 172 1 1
0 3 174 1 1
0 5 172 1 1
0 1 172 1 1
0 4 172 1 1
0 2 171 1 1
0 3 173 1 1
0 1 172 1 1
0 4 174 1 1
0 1 175 1 1
0 3 177 1 1
0 5 175 1 1
0 1 175 1 1
0 4 175 1 1
0 2 174 1 1
0 3 176 1 1
0 1 175 1 1
0 4 177 1 1
0 1 178 1 1
0 3 180 1 1
0 5 178 1 1
0 1 178 1 1
0 4 178 1 1
0 2 177 1 1
0 3 179 1 1
0 1 178 1 1
0 4 180 1 1
0 1 181 1 1
0 3 183 1 1
0 5 181 1 1
0 1 181 1 1
0 4 181 1 1
0 2 180 1 1
0 3 182 1 1
0 1 181 1 1
0 4 183 1 1
0 1 184 1 1
0 3 186 1 1
0 5 184 1 1
0 1 184 1 1
0 4 184 1 1
0 2 183 1 1
0 3 185 1 1
0 1 184 1 1
0 4 186 1 1
0 1 187 1 1
0 3 189 1 1
0 5 187 1 1
0 1 187 1 1
0 4 187 1 1
0 2 186 1 1
0 3 188 1 1
0 1 187 1 1
0 4 189 1 1
0 1 190 1 1
0 3 192 1 1
0 5 190 1 1
0 1 190 1 1
0 4 190 1 1
0 2 189 1 1
0 3 191 1 1
0 1 190 1 1
0 4 192 1 1
0 1 193 1 1
0 3 195 1 1
0 5 193 1 1
0 1 193 1 1
0 4 193 1 1
0 2 192 1 1
0 3 194 1 1
0 1 193 1 1
0 4 195 1 1
0 1 196 1 1
0 3 198 1 1
0 5 196 1 1
0 1 196 1 1
0 4 196 1 1
0 2 195 1 1
0 3 197 1 1
0 1 196 1 1
0 4 198 1 1
0 1 199 1 1
0 3 201 1 1
0 5 199 1 1
0 1 199 1 1
0 4 199 1 1
0 2 198 1 1
0 3 200 1 1
0 1 199 1 1
0 4 201 1 1
0 1 202 1 1
0 3 204 1 1
0 5 202 1 1
0 1 202 1 1
0 4 202 1 1
0 2 201 1 1
0 3 203 1 1
0 1 202 1 1
0 4 204 1 1
0 1 205 1 1
0 3 207 1 1
0 5 205 1 1
0 1 205 1 1
0 4 205 1 1
0 2 204 1 1
0 3 206 1 1
0 1 205 1 1
0 4 207 1 1
0 1 208 1 1
0 3 210 1 1
0 5 208 1 1
0 1 208 1 1
0 4 208 1 1
0 2 207 1 1
0 3 209 1 1
0 1 208 1 1
0 4 210 1 1
0 1 211 1 1
0 3 213 1 1
0 5 211 1 1
0 1 211 1 1
0 4 211 1 1
0 2 210 1 1
0 3 212 1 1
0 1 211 1 1
0 4 213 1 1
0 1 214 1 1
0 3 216 1 1
0 5 214 1 1
0 1 214 1 1
0 4 214 1 1
0 2 213 1 1
0 3 215 1 1
0 1 214 1 1
0 4 216 1 1
0 1 217 1 1
0 3 219 1 1
0 5 217 1 1
0 1 217 1 1
0 4 217 1 1
0 2 216 1 1
0 3 218 1 1
0 1 217 1 1
0 4 219 1 1
0 1 220 1 1
0 3 222 1 1
0 5 220 1 1
0 1 220 1 1
0 4 220 1 1
0 2 219 1 1
0 3 221 1 1
0 1 220 1 1
0 4 222 1 1
0 1 223 1 1
0 3 225 1 1
0 5 223 1 1
0 1 223 1 1
0 4 223 1 1
0 2 222 1 1
0 3 224 1 1
0 1 223 1 1
0 4 225 1 1
0 1 226 1 1
0 3 228 1 1
0 5 226 1 1
0 1 226 1 1
0 4 226 1 1
0 2 225 1 1
0 3 227 1 1
0 1 226 1 1
0 4 228 1 1
0 1 229 1 1
0 3 231 1 1
0 5 229 1 1
0 1 229 1 1
0 4 229 1 1
0 2 228 1 1
0 3 230 1 1
0 1 229 1 1
0 4 231 1 1
0 1 232 1 1
0 3 234 1 1
0 5 232 1 1
0 1 232 1 1
0 4 232 1 1
0 2 231 1 1
0 3 233 1 1
0 1 232 1 1
0 4 234 1 1
0 1 235 1 1
0 3 237 1 1
0 5 235 1 1
0 1 235 1 1
0 4 235 1 1
0 2 234 1 1
0 3 236 1 1
0 1 235 1 1
0 4 237 1 1
0 1 238 1 1
0 3 240 1 1
0 5 238 1 1
0 1 238 1 1
0 4 238 1 1
0 2 237 1 1
0 3 239 1 1
0 1 238 1 1
0 4 240 1 1
0 1 241 1 1
0 3 243 1 1
0 5 241 1 1
0 1 241 1 1
0 4 241 1 1
0 2 240 1 1
0 3 242 1 1
0 1 241 1 1
0 4 243 1 1
0 1 244 1 1
0 3 246 1 1
0 5 244 1 1
0 1 244 1 1
0 4 244 1 1
0 2 243 1 1
0 3 245 1 1
0 1 244 1 1
0 4 246 1 1
0 1 247 1 1
0 3 249 1 1
0 5 247 1 1
0 1 247 1 1
0 4 247 1 1
0 2 246 1 1
0 3 248 1 1
0 1 247 1 1
0 4 249 1 1
0 1 250 1 1
0 3 252 1 1
0 5 250 1 1
0 1 250 1 1
0 4 250 1 1
0 2 249 1 1
0 3 251 1 1
0 1 250 1 1
0 4 252 1 1
0 1 253 1 1
0 3 255 1 1
0 5 253 1 1
0 1 253 1 1
0 4 253 1 1
0 2 252 1 1
0 3 254 1 1
0 1 253 1 1
0 4 255 1 1
0 1 256 1 1
0 3 258 1 1
0 5 256 1 1
0 1 256 1 1
0 4 256 1 1
0 2 255 1 1
0 3 257 1 1
0 1 256 1 1
0 4 258 1 1
0 1 259 1 1
0 3 261 1 1
0 5 259 1 1
0 1 259 1 1
0 4 259 1 1
0 2 258 1 1
0 3 260 1 1
0 1 259 1 1
0 4 261 1 1
0 1 262 1 1
0 3 264 1 1
0 5 262 1 1
0 1 262 1 1
0 4 262 1 1
0 2 261 1 1
0 3 263 1 1
0 1 262 1 1
0 4 264 1 1
0 1 265 1 1
0 3 267 1 1
0 5 265 1 1
0 1 265 1 1
0 4 265 1 1
0 2 264 1 1
0 3 266 1 1
0 1 265 1 1
0 4 267 1 1
0 1 268 1 1
0 3 270 1 1
0 5 268 1 1
0 1 268 1 1
0 4 268 1 1
0 2 267 1 1
0 3 269 1 1
0 1 268 1 1
0 4 270 1 1
0 1 271 1 1
0 3 273 1 1
0 5 271 1 1
0 1 271 1 1
0 4 271 1 1
0 2 270 1 1
0 3 272 1 1
0 1 271 1 1
0 4 273 1 1
0 1 274 1 1
0 3 276 1 1
0 5 274 1 1
0 1 274 1 1
0 4 274 1 1
0 2 273 1 1
0 3 275 1 1
0 1 274 1 1
0 4 276 1 1
0 1 277 1 1
0 3 279 1 1
0 5 277 1 1
0 1 277 1 1
0 4 277 1 1
0 2 276 1 1
0 3 278 1 1
0 1 277 1 1
0 4 279 1 1
0 1 280 1 1
0 3 282 1 1
0 5 280 1 1
0 1 280 1 1
0 4 280 1 1
0 2 279 1 1
0 3 281 1 1
0 1 280 1 1
0 4 282 1 1
0 1 283 1 1
0 3 285 1 1
0 5 283 1 1
0 1 283 1 1
0 4 283 1 1
0 2 282 1 1
0 3 284 1 1
0 1 283 1 1
0 4 285 1 1
0 1 286 1 1
0 3 288 1 1
0 5 286 1 1
0 1 286 1 1
0 4 286 1 1
0 2 285 1 1
0 3 287 1 1
0 1 286 1 1
0 4 288 1 1
0 1 289 1 1
0 3 291 1 1
0 5 289 1 1
0 1 289 1 1
0 4 289 1 1
0 2 288 1 1
0 3 290 1 1
0 1 289 1 1
0 4 291 1 1
0 1 292 1 1
0 3 294 1 1
0 5 292 1 1
0 1 292 1 1
0 4 292 1 1
0 2 291 1 1
0 3 293 1 1
0 1 292 1 1
0 4 294 1 1
0 1 295 1 1
0 3 297 1 1
0 5 295 1 1
0 1 295 1 1
0 4 295 1 1
0 2 294 1 1
0 3 296 1 1
0 1 295 1 1
0 4 297 1 1
0 1 298 1 1
0 3 300 1 1
0 5 298 1 1
0 1 298 1 1
0 4 298 1 1
0 2 297 1 1
0 3 299 1 1
0 1 298 1 1
