0 6 0 1 1
0 2 3 1 1
0 3 2 1 1
0 4 1 1 1
0 6 1 1 1
0 2 4 1 1
0 3 3 1 1
0 4 2 1 1
0 6 2 1 1
0 2 5 1 1
0 3 4 1 1
0 4 3 1 1
0 6 3 1 1
0 2 6 1 1
0 3 5 1 1
0 4 4 1 1
0 6 4 1 1
0 2 7 1 1
0 3 6 1 1
0 4 5 1 1
0 6 5 1 1
0 2 8 1 1
0 3 7 1 1
0 4 6 1 1
0 6 6 1 1
0 2 9 1 1
0 3 8 1 1
0 4 7 1 1
0 6 7 1 1
0 2 10 1 1
0 3 9 1 1
0 4 8 1 1
0 6 8 1 1
0 2 11 1 1
0 3 10 1 1
0 4 9 1 1
0 6 9 1 1
0 2 12 1 1
0 3 11 1 1
0 4 10 1 1
0 6 10 1 1
0 2 13 1 1
0 3 12 1 1
0 4 11 1 1
0 6 11 1 1
0 2 14 1 1
0 3 13 1 1
0 4 12 1 1
0 6 12 1 1
0 2 15 1 1
0 3 14 1 1
0 4 13 1 1
0 6 13 1 1
0 2 16 1 1
0 3 15 1 1
0 4 14 1 1
0 6 14 1 1
0 2 17 1 1
0 3 16 1 1
0 4 15 1 1
0 6 15 1 1
0 2 18 1 1
0 3 17 1 1
0 4 16 1 1
0 6 16 1 1
0 2 19 1 1
0 3 18 1 1
0 4 17 1 1
0 6 17 1 1
0 2 20 1 1
0 3 19 1 1
0 4 18 1 1
0 6 18 1 1
0 2 21 1 1
0 3 20 1 1
0 4 19 1 1
0 6 19 1 1
0 2 22 1 1
0 3 21 1 1
0 4 20 1 1
0 6 20 1 1
0 2 23 1 1
0 3 22 1 1
0 4 21 1 1
0 6 21 1 1
0 2 24 1 1
0 3 23 1 1
0 4 22 1 1
0 6 22 1 1
0 2 25 1 1
0 3 24 1 1
0 4 23 1 1
0 6 23 1 1
0 2 26 1 1
0 3 25 1 1
0 4 24 1 1
0 6 24 1 1
0 2 27 1 1
0 3 26 1 1
0 4 25 1 1
0 6 25 1 1
0 2 28 1 1
0 3 27 1 1
0 4 26 1 1
0 6 26 1 1
0 2 29 1 1
0 3 28 1 1
0 4 27 1 1
0 6 27 1 1
0 2 30 1 1
0 3 29 1 1
0 4 28 1 1
0 6 28 1 1
0 2 31 1 1
0 3 30 1 1
0 4 29 1 1
0 6 29 1 1
0 2 32 1 1
0 3 31 1 1
0 4 30 1 1
0 6 30 1 1
0 2 33 1 1
0 3 32 1 1
0 4 31 1 1
0 6 31 1 1
0 2 34 1 1
0 3 33 1 1
0 4 32 1 1
0 6 32 1 1
0 2 35 1 1
0 3 34 1 1
0 4 33 1 1
0 6 33 1 1
0 2 36 1 1
0 3 35 1 1
0 4 34 1 1
0 6 34 1 1
0 2 37 1 1
0 3 36 1 1
0 4 35 1 1
0 6 35 1 1
0 2 38 1 1
0 3 37 1 1
0 4 36 1 1
0 6 36 1 1
0 2 39 1 1
0 3 38 1 1
0 4 37 1 1
0 6 37 1 1
0 2 40 1 1
0 3 39 1 1
0 4 38 1 1
0 6 38 1 1
0 2 41 1 1
0 3 40 1 1
0 4 39 1 1
0 6 39 1 1
0 2 42 1 1
0 3 41 1 1
0 4 40 1 1
0 6 40 1 1
0 2 43 1 1
0 3 42 1 1
0 4 41 1 1
0 6 41 1 1
0 2 44 1 1
0 3 43 1 1
0 4 42 1 1
0 6 42 1 1
0 2 45 1 1
0 3 44 1 1
0 4 43 1 1
0 6 43 1 1
0 2 46 1 1
0 3 45 1 1
0 4 44 1 1
0 6 44 1 1
0 2 47 1 1
0 3 46 1 1
0 4 45 1 1
0 6 45 1 1
0 2 48 1 1
0 3 47 1 1
0 4 46 1 1
0 6 46 1 1
0 2 49 1 1
0 3 48 1 1
0 4 47 1 1
0 6 47 1 1
0 2 50 1 1
0 3 49 1 1
0 4 48 1 1
0 6 48 1 1
0 2 51 1 1
0 3 50 1 1
0 4 49 1 1
0 6 49 1 1
0 2 52 1 1
0 3 51 1 1
0 4 50 1 1
0 6 50 1 1
0 2 53 1 1
0 3 52 1 1
0 4 51 1 1
0 6 51 1 1
0 2 54 1 1
0 3 53 1 1
0 4 52 1 1
0 6 52 1 1
0 2 55 1 1
0 3 54 1 1
0 4 53 1 1
0 6 53 1 1
0 2 56 1 1
0 3 55 1 1
0 4 54 1 1
0 6 54 1 1
0 2 57 1 1
0 3 56 1 1
0 4 55 1 1
0 6 55 1 1
0 2 58 1 1
0 3 57 1 1
0 4 56 1 1
0 6 56 1 1
0 2 59 1 1
0 3 58 1 1
0 4 57 1 1
0 6 57 1 1
0 2 60 1 1
0 3 59 1 1
0 4 58 1 1
0 6 58 1 1
0 2 61 1 1
0 3 60 1 1
0 4 59 1 1
0 6 59 1 1
0 2 62 1 1
0 3 61 1 1
0 4 60 1 1
0 6 60 1 1
0 2 63 1 1
0 3 62 1 1
0 4 61 1 1
0 6 61 1 1
0 2 64 1 1
0 3 63 1 1
0 4 62 1 1
0 6 62 1 1
0 2 65 1 1
0 3 64 1 1
0 4 63 1 1
0 6 63 1 1
0 2 66 1 1
0 3 65 1 1
0 4 64 1 1
0 6 64 1 1
0 2 67 1 1
0 3 66 1 1
0 4 65 1 1
0 6 65 1 1
0 2 68 1 1
0 3 67 1 1
0 4 66 1 1
0 6 66 1 1
0 2 69 1 1
0 3 68 1 1
0 4 67 1 1
0 6 67 1 1
0 2 70 1 1
0 3 69 1 1
0 4 68 1 1
0 6 68 1 1
0 2 71 1 1
0 3 70 1 1
0 4 69 1 1
0 6 69 1 1
0 2 72 1 1
0 3 71 1 1
0 4 70 1 1
0 6 70 1 1
0 2 73 1 1
0 3 72 1 1
0 4 71 1 1
0 6 71 1 1
0 2 74 1 1
0 3 73 1 1
0 4 72 1 1
0 6 72 1 1
0 2 75 1 1
0 3 74 1 1
0 4 73 1 1
0 6 73 1 1
0 2 76 1 1
0 3 75 1 1
0 4 74 1 1
0 6 74 1 1
0 2 77 1 1
0 3 76 1 1
0 4 75 1 1
0 6 75 1 1
0 2 78 1 1
0 3 77 1 1
0 4 76 1 1
0 6 76 1 1
0 2 79 1 1
0 3 78 1 1
0 4 77 1 1
0 6 77 1 1
0 2 80 1 1
0 3 79 1 1
0 4 78 1 1
0 6 78 1 1
0 2 81 1 1
0 3 80 1 1
0 4 79 1 1
0 6 79 1 1
0 2 82 1 1
0 3 81 1 1
0 4 80 1 1
0 6 80 1 1
0 2 83 1 1
0 3 82 1 1
0 4 81 1 1
0 6 81 1 1
0 2 84 1 1
0 3 83 1 1
0 4 82 1 1
0 6 82 1 1
0 2 85 1 1
0 3 84 1 1
0 4 83 1 1
0 6 83 1 1
0 2 86 1 1
0 3 85 1 1
0 4 84 1 1
0 6 84 1 1
0 2 87 1 1
0 3 86 1 1
0 4 85 1 1
0 6 85 1 1
0 2 88 1 1
0 3 87 1 1
0 4 86 1 1
0 6 86 1 1
0 2 89 1 1
0 3 88 1 1
0 4 87 1 1
0 6 87 1 1
0 2 90 1 1
0 3 89 1 1
0 4 88 1 1
0 6 88 1 1
0 2 91 1 1
0 3 90 1 1
0 4 89 1 1
0 6 89 1 1
0 2 92 1 1
0 3 91 1 1
0 4 90 1 1
0 6 90 1 1
0 2 93 1 1
0 3 92 1 1
0 4 91 1 1
0 6 91 1 1
0 2 94 1 1
0 3 93 1 1
0 4 92 1 1
0 6 92 1 1
0 2 95 1 1
0 3 94 1 1
0 4 93 1 1
0 6 93 1 1
0 2 96 1 1
0 3 95 1 1
0 4 94 1 1
0 6 94 1 1
0 2 97 1 1
0 3 96 1 1
0 4 95 1 1
0 6 95 1 1
0 2 98 1 1
0 3 97 1 1
0 4 96 1 1
0 6 96 1 1
0 2 99 1 1
0 3 98 1 1
0 4 97 1 1
0 6 97 1 1
0 2 100 1 1
0 3 99 1 1
0 4 98 1 1
0 6 98 1 1
0 2 101 1 1
0 3 100 1 1
0 4 99 1 1
0 6 99 1 1
0 2 102 1 1
0 3 101 1 1
0 4 100 1 1
