0 7 6 1 1
0 9 4 1 1
0 12 1 1 1
0 14 0 1 1
0 2 11 1 1
0 6 7 1 1
0 10 3 1 1
0 5 8 1 1
0 11 2 1 1
0 4 9 1 1
0 3 10 1 1
0 8 5 1 1
0 2 1 1 1
0 3 1 1 1
0 12 1 1 1
0 4 1 1 1
0 5 1 1 1
0 8 1 1 1
0 6 1 1 1
0 9 1 1 1
0 7 1 1 1
0 10 1 1 1
0 11 1 1 1
0 1 1 1 1
0 4 6 1 1
0 7 9 1 1
0 6 8 1 1
0 8 10 1 1
0 12 1 1 1
0 1 3 1 1
0 9 11 1 1
0 11 0 1 1
0 5 7 1 1
0 13 2 1 1
0 2 4 1 1
0 3 5 1 1
0 7 9 1 1
0 9 7 1 1
0 12 4 1 1
0 14 3 1 1
0 2 14 1 1
0 6 10 1 1
0 10 6 1 1
0 5 11 1 1
0 11 5 1 1
0 4 12 1 1
0 3 13 1 1
0 8 8 1 1
0 2 4 1 1
0 3 4 1 1
0 12 4 1 1
0 4 4 1 1
0 5 4 1 1
0 8 4 1 1
0 6 4 1 1
0 9 4 1 1
0 7 4 1 1
0 10 4 1 1
0 11 4 1 1
0 1 4 1 1
0 4 9 1 1
0 7 12 1 1
0 6 11 1 1
0 8 13 1 1
0 12 4 1 1
0 1 6 1 1
0 9 14 1 1
0 11 3 1 1
0 5 10 1 1
0 13 5 1 1
0 2 7 1 1
0 3 8 1 1
0 7 12 1 1
0 9 10 1 1
0 12 7 1 1
0 14 6 1 1
0 2 17 1 1
0 6 13 1 1
0 10 9 1 1
0 5 14 1 1
0 11 8 1 1
0 4 15 1 1
0 3 16 1 1
0 8 11 1 1
0 2 7 1 1
0 3 7 1 1
0 12 7 1 1
0 4 7 1 1
0 5 7 1 1
0 8 7 1 1
0 6 7 1 1
0 9 7 1 1
0 7 7 1 1
0 10 7 1 1
0 11 7 1 1
0 1 7 1 1
0 4 12 1 1
0 7 15 1 1
0 6 14 1 1
0 8 16 1 1
0 12 7 1 1
0 1 9 1 1
0 9 17 1 1
0 11 6 1 1
0 5 13 1 1
0 13 8 1 1
0 2 10 1 1
0 3 11 1 1
0 7 15 1 1
0 9 13 1 1
0 12 10 1 1
0 14 9 1 1
0 2 20 1 1
0 6 16 1 1
0 10 12 1 1
0 5 17 1 1
0 11 11 1 1
0 4 18 1 1
0 3 19 1 1
0 8 14 1 1
0 2 10 1 1
0 3 10 1 1
0 12 10 1 1
0 4 10 1 1
0 5 10 1 1
0 8 10 1 1
0 6 10 1 1
0 9 10 1 1
0 7 10 1 1
0 10 10 1 1
0 11 10 1 1
0 1 10 1 1
0 4 15 1 1
0 7 18 1 1
0 6 17 1 1
0 8 19 1 1
0 12 10 1 1
0 1 12 1 1
0 9 20 1 1
0 11 9 1 1
0 5 16 1 1
0 13 11 1 1
0 2 13 1 1
0 3 14 1 1
0 7 18 1 1
0 9 16 1 1
0 12 13 1 1
0 14 12 1 1
0 2 23 1 1
0 6 19 1 1
0 10 15 1 1
0 5 20 1 1
0 11 14 1 1
0 4 21 1 1
0 3 22 1 1
0 8 17 1 1
0 2 13 1 1
0 3 13 1 1
0 12 13 1 1
0 4 13 1 1
0 5 13 1 1
0 8 13 1 1
0 6 13 1 1
0 9 13 1 1
0 7 13 1 1
0 10 13 1 1
0 11 13 1 1
0 1 13 1 1
0 4 18 1 1
0 7 21 1 1
0 6 20 1 1
0 8 22 1 1
0 12 13 1 1
0 1 15 1 1
0 9 23 1 1
0 11 12 1 1
0 5 19 1 1
0 13 14 1 1
0 2 16 1 1
0 3 17 1 1
0 7 21 1 1
0 9 19 1 1
0 12 16 1 1
0 14 15 1 1
0 2 26 1 1
0 6 22 1 1
0 10 18 1 1
0 5 23 1 1
0 11 17 1 1
0 4 24 1 1
0 3 25 1 1
0 8 20 1 1
0 2 16 1 1
0 3 16 1 1
0 12 16 1 1
0 4 16 1 1
0 5 16 1 1
0 8 16 1 1
0 6 16 1 1
0 9 16 1 1
0 7 16 1 1
0 10 16 1 1
0 11 16 1 1
0 1 16 1 1
0 4 21 1 1
0 7 24 1 1
0 6 23 1 1
0 8 25 1 1
0 12 16 1 1
0 1 18 1 1
0 9 26 1 1
0 11 15 1 1
0 5 22 1 1
0 13 17 1 1
0 2 19 1 1
0 3 20 1 1
0 7 24 1 1
0 9 22 1 1
0 12 19 1 1
0 14 18 1 1
0 2 29 1 1
0 6 25 1 1
0 10 21 1 1
0 5 26 1 1
0 11 20 1 1
0 4 27 1 1
0 3 28 1 1
0 8 23 1 1
0 2 19 1 1
0 3 19 1 1
0 12 19 1 1
0 4 19 1 1
0 5 19 1 1
0 8 19 1 1
0 6 19 1 1
0 9 19 1 1
0 7 19 1 1
0 10 19 1 1
0 11 19 1 1
0 1 19 1 1
0 4 24 1 1
0 7 27 1 1
0 6 26 1 1
0 8 28 1 1
0 12 19 1 1
0 1 21 1 1
0 9 29 1 1
0 11 18 1 1
0 5 25 1 1
0 13 20 1 1
0 2 22 1 1
0 3 23 1 1
0 7 27 1 1
0 9 25 1 1
0 12 22 1 1
0 14 21 1 1
0 2 32 1 1
0 6 28 1 1
0 10 24 1 1
0 5 29 1 1
0 11 23 1 1
0 4 30 1 1
0 3 31 1 1
0 8 26 1 1
0 2 22 1 1
0 3 22 1 1
0 12 22 1 1
0 4 22 1 1
0 5 22 1 1
0 8 22 1 1
0 6 22 1 1
0 9 22 1 1
0 7 22 1 1
0 10 22 1 1
0 11 22 1 1
0 1 22 1 1
0 4 27 1 1
0 7 30 1 1
0 6 29 1 1
0 8 31 1 1
0 12 22 1 1
0 1 24 1 1
0 9 32 1 1
0 11 21 1 1
0 5 28 1 1
0 13 23 1 1
0 2 25 1 1
0 3 26 1 1
0 7 30 1 1
0 9 28 1 1
0 12 25 1 1
0 14 24 1 1
0 2 35 1 1
0 6 31 1 1
0 10 27 1 1
0 5 32 1 1
0 11 26 1 1
0 4 33 1 1
0 3 34 1 1
0 8 29 1 1
0 2 25 1 1
0 3 25 1 1
0 12 25 1 1
0 4 25 1 1
0 5 25 1 1
0 8 25 1 1
0 6 25 1 1
0 9 25 1 1
0 7 25 1 1
0 10 25 1 1
0 11 25 1 1
0 1 25 1 1
0 4 30 1 1
0 7 33 1 1
0 6 32 1 1
0 8 34 1 1
0 12 25 1 1
0 1 27 1 1
0 9 35 1 1
0 11 24 1 1
0 5 31 1 1
0 13 26 1 1
0 2 28 1 1
0 3 29 1 1
0 7 33 1 1
0 9 31 1 1
0 12 28 1 1
0 14 27 1 1
0 2 38 1 1
0 6 34 1 1
0 10 30 1 1
0 5 35 1 1
0 11 29 1 1
0 4 36 1 1
0 3 37 1 1
0 8 32 1 1
0 2 28 1 1
0 3 28 1 1
0 12 28 1 1
0 4 28 1 1
0 5 28 1 1
0 8 28 1 1
0 6 28 1 1
0 9 28 1 1
0 7 28 1 1
0 10 28 1 1
0 11 28 1 1
0 1 28 1 1
0 4 33 1 1
0 7 36 1 1
0 6 35 1 1
0 8 37 1 1
0 12 28 1 1
0 1 30 1 1
0 9 38 1 1
0 11 27 1 1
0 5 34 1 1
0 13 29 1 1
0 2 31 1 1
0 3 32 1 1
0 7 36 1 1
0 9 34 1 1
0 12 31 1 1
0 14 30 1 1
0 2 41 1 1
0 6 37 1 1
0 10 33 1 1
0 5 38 1 1
0 11 32 1 1
0 4 39 1 1
0 3 40 1 1
0 8 35 1 1
0 2 31 1 1
0 3 31 1 1
0 12 31 1 1
0 4 31 1 1
0 5 31 1 1
0 8 31 1 1
0 6 31 1 1
0 9 31 1 1
0 7 31 1 1
0 10 31 1 1
0 11 31 1 1
0 1 31 1 1
0 4 36 1 1
0 7 39 1 1
0 6 38 1 1
0 8 40 1 1
0 12 31 1 1
0 1 33 1 1
0 9 41 1 1
0 11 30 1 1
0 5 37 1 1
0 13 32 1 1
0 2 34 1 1
0 3 35 1 1
0 7 39 1 1
0 9 37 1 1
0 12 34 1 1
0 14 33 1 1
0 2 44 1 1
0 6 40 1 1
0 10 36 1 1
0 5 41 1 1
0 11 35 1 1
0 4 42 1 1
0 3 43 1 1
0 8 38 1 1
0 2 34 1 1
0 3 34 1 1
0 12 34 1 1
0 4 34 1 1
0 5 34 1 1
0 8 34 1 1
0 6 34 1 1
0 9 34 1 1
0 7 34 1 1
0 10 34 1 1
0 11 34 1 1
0 1 34 1 1
0 4 39 1 1
0 7 42 1 1
0 6 41 1 1
0 8 43 1 1
0 12 34 1 1
0 1 36 1 1
0 9 44 1 1
0 11 33 1 1
0 5 40 1 1
0 13 35 1 1
0 2 37 1 1
0 3 38 1 1
0 7 42 1 1
0 9 40 1 1
0 12 37 1 1
0 14 36 1 1
0 2 47 1 1
0 6 43 1 1
0 10 39 1 1
0 5 44 1 1
0 11 38 1 1
0 4 45 1 1
0 3 46 1 1
0 8 41 1 1
0 2 37 1 1
0 3 37 1 1
0 12 37 1 1
0 4 37 1 1
0 5 37 1 1
0 8 37 1 1
0 6 37 1 1
0 9 37 1 1
0 7 37 1 1
0 10 37 1 1
0 11 37 1 1
0 1 37 1 1
0 4 42 1 1
0 7 45 1 1
0 6 44 1 1
0 8 46 1 1
0 12 37 1 1
0 1 39 1 1
0 9 47 1 1
0 11 36 1 1
0 5 43 1 1
0 13 38 1 1
0 2 40 1 1
0 3 41 1 1
0 7 45 1 1
0 9 43 1 1
0 12 40 1 1
0 14 39 1 1
0 2 50 1 1
0 6 46 1 1
0 10 42 1 1
0 5 47 1 1
0 11 41 1 1
0 4 48 1 1
0 3 49 1 1
0 8 44 1 1
0 2 40 1 1
0 3 40 1 1
0 12 40 1 1
0 4 40 1 1
0 5 40 1 1
0 8 40 1 1
0 6 40 1 1
0 9 40 1 1
0 7 40 1 1
0 10 40 1 1
0 11 40 1 1
0 1 40 1 1
0 4 45 1 1
0 7 48 1 1
0 6 47 1 1
0 8 49 1 1
0 12 40 1 1
0 1 42 1 1
0 9 50 1 1
0 11 39 1 1
0 5 46 1 1
0 13 41 1 1
0 2 43 1 1
0 3 44 1 1
0 7 48 1 1
0 9 46 1 1
0 12 43 1 1
0 14 42 1 1
0 2 53 1 1
0 6 49 1 1
0 10 45 1 1
0 5 50 1 1
0 11 44 1 1
0 4 51 1 1
0 3 52 1 1
0 8 47 1 1
0 2 43 1 1
0 3 43 1 1
0 12 43 1 1
0 4 43 1 1
0 5 43 1 1
0 8 43 1 1
0 6 43 1 1
0 9 43 1 1
0 7 43 1 1
0 10 43 1 1
0 11 43 1 1
0 1 43 1 1
0 4 48 1 1
0 7 51 1 1
0 6 50 1 1
0 8 52 1 1
0 12 43 1 1
0 1 45 1 1
0 9 53 1 1
0 11 42 1 1
0 5 49 1 1
0 13 44 1 1
0 2 46 1 1
0 3 47 1 1
0 7 51 1 1
0 9 49 1 1
0 12 46 1 1
0 14 45 1 1
0 2 56 1 1
0 6 52 1 1
0 10 48 1 1
0 5 53 1 1
0 11 47 1 1
0 4 54 1 1
0 3 55 1 1
0 8 50 1 1
0 2 46 1 1
0 3 46 1 1
0 12 46 1 1
0 4 46 1 1
0 5 46 1 1
0 8 46 1 1
0 6 46 1 1
0 9 46 1 1
0 7 46 1 1
0 10 46 1 1
0 11 46 1 1
0 1 46 1 1
0 4 51 1 1
0 7 54 1 1
0 6 53 1 1
0 8 55 1 1
0 12 46 1 1
0 1 48 1 1
0 9 56 1 1
0 11 45 1 1
0 5 52 1 1
0 13 47 1 1
0 2 49 1 1
0 3 50 1 1
0 7 54 1 1
0 9 52 1 1
0 12 49 1 1
0 14 48 1 1
0 2 59 1 1
0 6 55 1 1
0 10 51 1 1
0 5 56 1 1
0 11 50 1 1
0 4 57 1 1
0 3 58 1 1
0 8 53 1 1
0 2 49 1 1
0 3 49 1 1
0 12 49 1 1
0 4 49 1 1
0 5 49 1 1
0 8 49 1 1
0 6 49 1 1
0 9 49 1 1
0 7 49 1 1
0 10 49 1 1
0 11 49 1 1
0 1 49 1 1
0 4 54 1 1
0 7 57 1 1
0 6 56 1 1
0 8 58 1 1
0 12 49 1 1
0 1 51 1 1
0 9 59 1 1
0 11 48 1 1
0 5 55 1 1
0 13 50 1 1
0 2 52 1 1
0 3 53 1 1
0 7 57 1 1
0 9 55 1 1
0 12 52 1 1
0 14 51 1 1
0 2 62 1 1
0 6 58 1 1
0 10 54 1 1
0 5 59 1 1
0 11 53 1 1
0 4 60 1 1
0 3 61 1 1
0 8 56 1 1
0 2 52 1 1
0 3 52 1 1
0 12 52 1 1
0 4 52 1 1
0 5 52 1 1
0 8 52 1 1
0 6 52 1 1
0 9 52 1 1
0 7 52 1 1
0 10 52 1 1
0 11 52 1 1
0 1 52 1 1
0 4 57 1 1
0 7 60 1 1
0 6 59 1 1
0 8 61 1 1
0 12 52 1 1
0 1 54 1 1
0 9 62 1 1
0 11 51 1 1
0 5 58 1 1
0 13 53 1 1
0 2 55 1 1
0 3 56 1 1
0 7 60 1 1
0 9 58 1 1
0 12 55 1 1
0 14 54 1 1
0 2 65 1 1
0 6 61 1 1
0 10 57 1 1
0 5 62 1 1
0 11 56 1 1
0 4 63 1 1
0 3 64 1 1
0 8 59 1 1
0 2 55 1 1
0 3 55 1 1
0 12 55 1 1
0 4 55 1 1
0 5 55 1 1
0 8 55 1 1
0 6 55 1 1
0 9 55 1 1
0 7 55 1 1
0 10 55 1 1
0 11 55 1 1
0 1 55 1 1
0 4 60 1 1
0 7 63 1 1
0 6 62 1 1
0 8 64 1 1
0 12 55 1 1
0 1 57 1 1
0 9 65 1 1
0 11 54 1 1
0 5 61 1 1
0 13 56 1 1
0 2 58 1 1
0 3 59 1 1
0 7 63 1 1
0 9 61 1 1
0 12 58 1 1
0 14 57 1 1
0 2 68 1 1
0 6 64 1 1
0 10 60 1 1
0 5 65 1 1
0 11 59 1 1
0 4 66 1 1
0 3 67 1 1
0 8 62 1 1
0 2 58 1 1
0 3 58 1 1
0 12 58 1 1
0 4 58 1 1
0 5 58 1 1
0 8 58 1 1
0 6 58 1 1
0 9 58 1 1
0 7 58 1 1
0 10 58 1 1
0 11 58 1 1
0 1 58 1 1
0 4 63 1 1
0 7 66 1 1
0 6 65 1 1
0 8 67 1 1
0 12 58 1 1
0 1 60 1 1
0 9 68 1 1
0 11 57 1 1
0 5 64 1 1
0 13 59 1 1
0 2 61 1 1
0 3 62 1 1
0 7 66 1 1
0 9 64 1 1
0 12 61 1 1
0 14 60 1 1
0 2 71 1 1
0 6 67 1 1
0 10 63 1 1
0 5 68 1 1
0 11 62 1 1
0 4 69 1 1
0 3 70 1 1
0 8 65 1 1
0 2 61 1 1
0 3 61 1 1
0 12 61 1 1
0 4 61 1 1
0 5 61 1 1
0 8 61 1 1
0 6 61 1 1
0 9 61 1 1
0 7 61 1 1
0 10 61 1 1
0 11 61 1 1
0 1 61 1 1
0 4 66 1 1
0 7 69 1 1
0 6 68 1 1
0 8 70 1 1
0 12 61 1 1
0 1 63 1 1
0 9 71 1 1
0 11 60 1 1
0 5 67 1 1
0 13 62 1 1
0 2 64 1 1
0 3 65 1 1
0 7 69 1 1
0 9 67 1 1
0 12 64 1 1
0 14 63 1 1
0 2 74 1 1
0 6 70 1 1
0 10 66 1 1
0 5 71 1 1
0 11 65 1 1
0 4 72 1 1
0 3 73 1 1
0 8 68 1 1
0 2 64 1 1
0 3 64 1 1
0 12 64 1 1
0 4 64 1 1
0 5 64 1 1
0 8 64 1 1
0 6 64 1 1
0 9 64 1 1
0 7 64 1 1
0 10 64 1 1
0 11 64 1 1
0 1 64 1 1
0 4 69 1 1
0 7 72 1 1
0 6 71 1 1
0 8 73 1 1
0 12 64 1 1
0 1 66 1 1
0 9 74 1 1
0 11 63 1 1
0 5 70 1 1
0 13 65 1 1
0 2 67 1 1
0 3 68 1 1
0 7 72 1 1
0 9 70 1 1
0 12 67 1 1
0 14 66 1 1
0 2 77 1 1
0 6 73 1 1
0 10 69 1 1
0 5 74 1 1
0 11 68 1 1
0 4 75 1 1
0 3 76 1 1
0 8 71 1 1
0 2 67 1 1
0 3 67 1 1
0 12 67 1 1
0 4 67 1 1
0 5 67 1 1
0 8 67 1 1
0 6 67 1 1
0 9 67 1 1
0 7 67 1 1
0 10 67 1 1
0 11 67 1 1
0 1 67 1 1
0 4 72 1 1
0 7 75 1 1
0 6 74 1 1
0 8 76 1 1
0 12 67 1 1
0 1 69 1 1
0 9 77 1 1
0 11 66 1 1
0 5 73 1 1
0 13 68 1 1
0 2 70 1 1
0 3 71 1 1
0 7 75 1 1
0 9 73 1 1
0 12 70 1 1
0 14 69 1 1
0 2 80 1 1
0 6 76 1 1
0 10 72 1 1
0 5 77 1 1
0 11 71 1 1
0 4 78 1 1
0 3 79 1 1
0 8 74 1 1
0 2 70 1 1
0 3 70 1 1
0 12 70 1 1
0 4 70 1 1
0 5 70 1 1
0 8 70 1 1
0 6 70 1 1
0 9 70 1 1
0 7 70 1 1
0 10 70 1 1
0 11 70 1 1
0 1 70 1 1
0 4 75 1 1
0 7 78 1 1
0 6 77 1 1
0 8 79 1 1
0 12 70 1 1
0 1 72 1 1
0 9 80 1 1
0 11 69 1 1
0 5 76 1 1
0 13 71 1 1
0 2 73 1 1
0 3 74 1 1
0 7 78 1 1
0 9 76 1 1
0 12 73 1 1
0 14 72 1 1
0 2 83 1 1
0 6 79 1 1
0 10 75 1 1
0 5 80 1 1
0 11 74 1 1
0 4 81 1 1
0 3 82 1 1
0 8 77 1 1
0 2 73 1 1
0 3 73 1 1
0 12 73 1 1
0 4 73 1 1
0 5 73 1 1
0 8 73 1 1
0 6 73 1 1
0 9 73 1 1
0 7 73 1 1
0 10 73 1 1
0 11 73 1 1
0 1 73 1 1
0 4 78 1 1
0 7 81 1 1
0 6 80 1 1
0 8 82 1 1
0 12 73 1 1
0 1 75 1 1
0 9 83 1 1
0 11 72 1 1
0 5 79 1 1
0 13 74 1 1
0 2 76 1 1
0 3 77 1 1
0 7 81 1 1
0 9 79 1 1
0 12 76 1 1
0 14 75 1 1
0 2 86 1 1
0 6 82 1 1
0 10 78 1 1
0 5 83 1 1
0 11 77 1 1
0 4 84 1 1
0 3 85 1 1
0 8 80 1 1
0 2 76 1 1
0 3 76 1 1
0 12 76 1 1
0 4 76 1 1
0 5 76 1 1
0 8 76 1 1
0 6 76 1 1
0 9 76 1 1
0 7 76 1 1
0 10 76 1 1
0 11 76 1 1
0 1 76 1 1
0 4 81 1 1
0 7 84 1 1
0 6 83 1 1
0 8 85 1 1
0 12 76 1 1
0 1 78 1 1
0 9 86 1 1
0 11 75 1 1
0 5 82 1 1
0 13 77 1 1
0 2 79 1 1
0 3 80 1 1
0 7 84 1 1
0 9 82 1 1
0 12 79 1 1
0 14 78 1 1
0 2 89 1 1
0 6 85 1 1
0 10 81 1 1
0 5 86 1 1
0 11 80 1 1
0 4 87 1 1
0 3 88 1 1
0 8 83 1 1
0 2 79 1 1
0 3 79 1 1
0 12 79 1 1
0 4 79 1 1
0 5 79 1 1
0 8 79 1 1
0 6 79 1 1
0 9 79 1 1
0 7 79 1 1
0 10 79 1 1
0 11 79 1 1
0 1 79 1 1
0 4 84 1 1
0 7 87 1 1
0 6 86 1 1
0 8 88 1 1
0 12 79 1 1
0 1 81 1 1
0 9 89 1 1
0 11 78 1 1
0 5 85 1 1
0 13 80 1 1
0 2 82 1 1
0 3 83 1 1
0 7 87 1 1
0 9 85 1 1
0 12 82 1 1
0 14 81 1 1
0 2 92 1 1
0 6 88 1 1
0 10 84 1 1
0 5 89 1 1
0 11 83 1 1
0 4 90 1 1
0 3 91 1 1
0 8 86 1 1
0 2 82 1 1
0 3 82 1 1
0 12 82 1 1
0 4 82 1 1
0 5 82 1 1
0 8 82 1 1
0 6 82 1 1
0 9 82 1 1
0 7 82 1 1
0 10 82 1 1
0 11 82 1 1
0 1 82 1 1
0 4 87 1 1
0 7 90 1 1
0 6 89 1 1
0 8 91 1 1
0 12 82 1 1
0 1 84 1 1
0 9 92 1 1
0 11 81 1 1
0 5 88 1 1
0 13 83 1 1
0 2 85 1 1
0 3 86 1 1
0 7 90 1 1
0 9 88 1 1
0 12 85 1 1
0 14 84 1 1
0 2 95 1 1
0 6 91 1 1
0 10 87 1 1
0 5 92 1 1
0 11 86 1 1
0 4 93 1 1
0 3 94 1 1
0 8 89 1 1
0 2 85 1 1
0 3 85 1 1
0 12 85 1 1
0 4 85 1 1
0 5 85 1 1
0 8 85 1 1
0 6 85 1 1
0 9 85 1 1
0 7 85 1 1
0 10 85 1 1
0 11 85 1 1
0 1 85 1 1
0 4 90 1 1
0 7 93 1 1
0 6 92 1 1
0 8 94 1 1
0 12 85 1 1
0 1 87 1 1
0 9 95 1 1
0 11 84 1 1
0 5 91 1 1
0 13 86 1 1
0 2 88 1 1
0 3 89 1 1
0 7 93 1 1
0 9 91 1 1
0 12 88 1 1
0 14 87 1 1
0 2 98 1 1
0 6 94 1 1
0 10 90 1 1
0 5 95 1 1
0 11 89 1 1
0 4 96 1 1
0 3 97 1 1
0 8 92 1 1
0 2 88 1 1
0 3 88 1 1
0 12 88 1 1
0 4 88 1 1
0 5 88 1 1
0 8 88 1 1
0 6 88 1 1
0 9 88 1 1
0 7 88 1 1
0 10 88 1 1
0 11 88 1 1
0 1 88 1 1
0 4 93 1 1
0 7 96 1 1
0 6 95 1 1
0 8 97 1 1
0 12 88 1 1
0 1 90 1 1
0 9 98 1 1
0 11 87 1 1
0 5 94 1 1
0 13 89 1 1
0 2 91 1 1
0 3 92 1 1
0 7 96 1 1
0 9 94 1 1
0 12 91 1 1
0 14 90 1 1
0 2 101 1 1
0 6 97 1 1
0 10 93 1 1
0 5 98 1 1
0 11 92 1 1
0 4 99 1 1
0 3 100 1 1
0 8 95 1 1
0 2 91 1 1
0 3 91 1 1
0 12 91 1 1
0 4 91 1 1
0 5 91 1 1
0 8 91 1 1
0 6 91 1 1
0 9 91 1 1
0 7 91 1 1
0 10 91 1 1
0 11 91 1 1
0 1 91 1 1
0 4 96 1 1
0 7 99 1 1
0 6 98 1 1
0 8 100 1 1
0 12 91 1 1
0 1 93 1 1
0 9 101 1 1
0 11 90 1 1
0 5 97 1 1
0 13 92 1 1
0 2 94 1 1
0 3 95 1 1
0 7 99 1 1
0 9 97 1 1
0 12 94 1 1
0 14 93 1 1
0 2 104 1 1
0 6 100 1 1
0 10 96 1 1
0 5 101 1 1
0 11 95 1 1
0 4 102 1 1
0 3 103 1 1
0 8 98 1 1
0 2 94 1 1
0 3 94 1 1
0 12 94 1 1
0 4 94 1 1
0 5 94 1 1
0 8 94 1 1
0 6 94 1 1
0 9 94 1 1
0 7 94 1 1
0 10 94 1 1
0 11 94 1 1
0 1 94 1 1
0 4 99 1 1
0 7 102 1 1
0 6 101 1 1
0 8 103 1 1
0 12 94 1 1
0 1 96 1 1
0 9 104 1 1
0 11 93 1 1
0 5 100 1 1
0 13 95 1 1
0 2 97 1 1
0 3 98 1 1
0 7 102 1 1
0 9 100 1 1
0 12 97 1 1
0 14 96 1 1
0 2 107 1 1
0 6 103 1 1
0 10 99 1 1
0 5 104 1 1
0 11 98 1 1
0 4 105 1 1
0 3 106 1 1
0 8 101 1 1
0 2 97 1 1
0 3 97 1 1
0 12 97 1 1
0 4 97 1 1
0 5 97 1 1
0 8 97 1 1
0 6 97 1 1
0 9 97 1 1
0 7 97 1 1
0 10 97 1 1
0 11 97 1 1
0 1 97 1 1
0 4 102 1 1
0 7 105 1 1
0 6 104 1 1
0 8 106 1 1
0 12 97 1 1
0 1 99 1 1
0 9 107 1 1
0 11 96 1 1
0 5 103 1 1
0 13 98 1 1
0 2 100 1 1
0 3 101 1 1
0 7 105 1 1
0 9 103 1 1
0 12 100 1 1
0 14 99 1 1
0 2 110 1 1
0 6 106 1 1
0 10 102 1 1
0 5 107 1 1
0 11 101 1 1
0 4 108 1 1
0 3 109 1 1
0 8 104 1 1
0 2 100 1 1
0 3 100 1 1
0 12 100 1 1
0 4 100 1 1
0 5 100 1 1
0 8 100 1 1
0 6 100 1 1
0 9 100 1 1
0 7 100 1 1
0 10 100 1 1
0 11 100 1 1
0 1 100 1 1
0 4 105 1 1
0 7 108 1 1
0 6 107 1 1
0 8 109 1 1
0 12 100 1 1
0 1 102 1 1
0 9 110 1 1
0 11 99 1 1
0 5 106 1 1
0 13 101 1 1
0 2 103 1 1
0 3 104 1 1
0 7 108 1 1
0 9 106 1 1
0 12 103 1 1
0 14 102 1 1
0 2 113 1 1
0 6 109 1 1
0 10 105 1 1
0 5 110 1 1
0 11 104 1 1
0 4 111 1 1
0 3 112 1 1
0 8 107 1 1
0 2 103 1 1
0 3 103 1 1
0 12 103 1 1
0 4 103 1 1
0 5 103 1 1
0 8 103 1 1
0 6 103 1 1
0 9 103 1 1
0 7 103 1 1
0 10 103 1 1
0 11 103 1 1
0 1 103 1 1
0 4 108 1 1
0 7 111 1 1
0 6 110 1 1
0 8 112 1 1
0 12 103 1 1
0 1 105 1 1
0 9 113 1 1
0 11 102 1 1
0 5 109 1 1
0 13 104 1 1
0 2 106 1 1
0 3 107 1 1
0 7 111 1 1
0 9 109 1 1
0 12 106 1 1
0 14 105 1 1
0 2 116 1 1
0 6 112 1 1
0 10 108 1 1
0 5 113 1 1
0 11 107 1 1
0 4 114 1 1
0 3 115 1 1
0 8 110 1 1
0 2 106 1 1
0 3 106 1 1
0 12 106 1 1
0 4 106 1 1
0 5 106 1 1
0 8 106 1 1
0 6 106 1 1
0 9 106 1 1
0 7 106 1 1
0 10 106 1 1
0 11 106 1 1
0 1 106 1 1
0 4 111 1 1
0 7 114 1 1
0 6 113 1 1
0 8 115 1 1
0 12 106 1 1
0 1 108 1 1
0 9 116 1 1
0 11 105 1 1
0 5 112 1 1
0 13 107 1 1
0 2 109 1 1
0 3 110 1 1
0 7 114 1 1
0 9 112 1 1
0 12 109 1 1
0 14 108 1 1
0 2 119 1 1
0 6 115 1 1
0 10 111 1 1
0 5 116 1 1
0 11 110 1 1
0 4 117 1 1
0 3 118 1 1
0 8 113 1 1
0 2 109 1 1
0 3 109 1 1
0 12 109 1 1
0 4 109 1 1
0 5 109 1 1
0 8 109 1 1
0 6 109 1 1
0 9 109 1 1
0 7 109 1 1
0 10 109 1 1
0 11 109 1 1
0 1 109 1 1
0 4 114 1 1
0 7 117 1 1
0 6 116 1 1
0 8 118 1 1
0 12 109 1 1
0 1 111 1 1
0 9 119 1 1
0 11 108 1 1
0 5 115 1 1
0 13 110 1 1
0 2 112 1 1
0 3 113 1 1
0 7 117 1 1
0 9 115 1 1
0 12 112 1 1
0 14 111 1 1
0 2 122 1 1
0 6 118 1 1
0 10 114 1 1
0 5 119 1 1
0 11 113 1 1
0 4 120 1 1
0 3 121 1 1
0 8 116 1 1
0 2 112 1 1
0 3 112 1 1
0 12 112 1 1
0 4 112 1 1
0 5 112 1 1
0 8 112 1 1
0 6 112 1 1
0 9 112 1 1
0 7 112 1 1
0 10 112 1 1
0 11 112 1 1
0 1 112 1 1
0 4 117 1 1
0 7 120 1 1
0 6 119 1 1
0 8 121 1 1
0 12 112 1 1
0 1 114 1 1
0 9 122 1 1
0 11 111 1 1
0 5 118 1 1
0 13 113 1 1
0 2 115 1 1
0 3 116 1 1
0 7 120 1 1
0 9 118 1 1
0 12 115 1 1
0 14 114 1 1
0 2 125 1 1
0 6 121 1 1
0 10 117 1 1
0 5 122 1 1
0 11 116 1 1
0 4 123 1 1
0 3 124 1 1
0 8 119 1 1
0 2 115 1 1
0 3 115 1 1
0 12 115 1 1
0 4 115 1 1
0 5 115 1 1
0 8 115 1 1
0 6 115 1 1
0 9 115 1 1
0 7 115 1 1
0 10 115 1 1
0 11 115 1 1
0 1 115 1 1
0 4 120 1 1
0 7 123 1 1
0 6 122 1 1
0 8 124 1 1
0 12 115 1 1
0 1 117 1 1
0 9 125 1 1
0 11 114 1 1
0 5 121 1 1
0 13 116 1 1
0 2 118 1 1
0 3 119 1 1
0 7 123 1 1
0 9 121 1 1
0 12 118 1 1
0 14 117 1 1
0 2 128 1 1
0 6 124 1 1
0 10 120 1 1
0 5 125 1 1
0 11 119 1 1
0 4 126 1 1
0 3 127 1 1
0 8 122 1 1
0 2 118 1 1
0 3 118 1 1
0 12 118 1 1
0 4 118 1 1
0 5 118 1 1
0 8 118 1 1
0 6 118 1 1
0 9 118 1 1
0 7 118 1 1
0 10 118 1 1
0 11 118 1 1
0 1 118 1 1
0 4 123 1 1
0 7 126 1 1
0 6 125 1 1
0 8 127 1 1
0 12 118 1 1
0 1 120 1 1
0 9 128 1 1
0 11 117 1 1
0 5 124 1 1
0 13 119 1 1
0 2 121 1 1
0 3 122 1 1
0 7 126 1 1
0 9 124 1 1
0 12 121 1 1
0 14 120 1 1
0 2 131 1 1
0 6 127 1 1
0 10 123 1 1
0 5 128 1 1
0 11 122 1 1
0 4 129 1 1
0 3 130 1 1
0 8 125 1 1
0 2 121 1 1
0 3 121 1 1
0 12 121 1 1
0 4 121 1 1
0 5 121 1 1
0 8 121 1 1
0 6 121 1 1
0 9 121 1 1
0 7 121 1 1
0 10 121 1 1
0 11 121 1 1
0 1 121 1 1
0 4 126 1 1
0 7 129 1 1
0 6 128 1 1
0 8 130 1 1
0 12 121 1 1
0 1 123 1 1
0 9 131 1 1
0 11 120 1 1
0 5 127 1 1
0 13 122 1 1
0 2 124 1 1
0 3 125 1 1
0 7 129 1 1
0 9 127 1 1
0 12 124 1 1
0 14 123 1 1
0 2 134 1 1
0 6 130 1 1
0 10 126 1 1
0 5 131 1 1
0 11 125 1 1
0 4 132 1 1
0 3 133 1 1
0 8 128 1 1
0 2 124 1 1
0 3 124 1 1
0 12 124 1 1
0 4 124 1 1
0 5 124 1 1
0 8 124 1 1
0 6 124 1 1
0 9 124 1 1
0 7 124 1 1
0 10 124 1 1
0 11 124 1 1
0 1 124 1 1
0 4 129 1 1
0 7 132 1 1
0 6 131 1 1
0 8 133 1 1
0 12 124 1 1
0 1 126 1 1
0 9 134 1 1
0 11 123 1 1
0 5 130 1 1
0 13 125 1 1
0 2 127 1 1
0 3 128 1 1
0 7 132 1 1
0 9 130 1 1
0 12 127 1 1
0 14 126 1 1
0 2 137 1 1
0 6 133 1 1
0 10 129 1 1
0 5 134 1 1
0 11 128 1 1
0 4 135 1 1
0 3 136 1 1
0 8 131 1 1
0 2 127 1 1
0 3 127 1 1
0 12 127 1 1
0 4 127 1 1
0 5 127 1 1
0 8 127 1 1
0 6 127 1 1
0 9 127 1 1
0 7 127 1 1
0 10 127 1 1
0 11 127 1 1
0 1 127 1 1
0 4 132 1 1
0 7 135 1 1
0 6 134 1 1
0 8 136 1 1
0 12 127 1 1
0 1 129 1 1
0 9 137 1 1
0 11 126 1 1
0 5 133 1 1
0 13 128 1 1
0 2 130 1 1
0 3 131 1 1
0 7 135 1 1
0 9 133 1 1
0 12 130 1 1
0 14 129 1 1
0 2 140 1 1
0 6 136 1 1
0 10 132 1 1
0 5 137 1 1
0 11 131 1 1
0 4 138 1 1
0 3 139 1 1
0 8 134 1 1
0 2 130 1 1
0 3 130 1 1
0 12 130 1 1
0 4 130 1 1
0 5 130 1 1
0 8 130 1 1
0 6 130 1 1
0 9 130 1 1
0 7 130 1 1
0 10 130 1 1
0 11 130 1 1
0 1 130 1 1
0 4 135 1 1
0 7 138 1 1
0 6 137 1 1
0 8 139 1 1
0 12 130 1 1
0 1 132 1 1
0 9 140 1 1
0 11 129 1 1
0 5 136 1 1
0 13 131 1 1
0 2 133 1 1
0 3 134 1 1
0 7 138 1 1
0 9 136 1 1
0 12 133 1 1
0 14 132 1 1
0 2 143 1 1
0 6 139 1 1
0 10 135 1 1
0 5 140 1 1
0 11 134 1 1
0 4 141 1 1
0 3 142 1 1
0 8 137 1 1
0 2 133 1 1
0 3 133 1 1
0 12 133 1 1
0 4 133 1 1
0 5 133 1 1
0 8 133 1 1
0 6 133 1 1
0 9 133 1 1
0 7 133 1 1
0 10 133 1 1
0 11 133 1 1
0 1 133 1 1
0 4 138 1 1
0 7 141 1 1
0 6 140 1 1
0 8 142 1 1
0 12 133 1 1
0 1 135 1 1
0 9 143 1 1
0 11 132 1 1
0 5 139 1 1
0 13 134 1 1
0 2 136 1 1
0 3 137 1 1
0 7 141 1 1
0 9 139 1 1
0 12 136 1 1
0 14 135 1 1
0 2 146 1 1
0 6 142 1 1
0 10 138 1 1
0 5 143 1 1
0 11 137 1 1
0 4 144 1 1
0 3 145 1 1
0 8 140 1 1
0 2 136 1 1
0 3 136 1 1
0 12 136 1 1
0 4 136 1 1
0 5 136 1 1
0 8 136 1 1
0 6 136 1 1
0 9 136 1 1
0 7 136 1 1
0 10 136 1 1
0 11 136 1 1
0 1 136 1 1
0 4 141 1 1
0 7 144 1 1
0 6 143 1 1
0 8 145 1 1
0 12 136 1 1
0 1 138 1 1
0 9 146 1 1
0 11 135 1 1
0 5 142 1 1
0 13 137 1 1
0 2 139 1 1
0 3 140 1 1
0 7 144 1 1
0 9 142 1 1
0 12 139 1 1
0 14 138 1 1
0 2 149 1 1
0 6 145 1 1
0 10 141 1 1
0 5 146 1 1
0 11 140 1 1
0 4 147 1 1
0 3 148 1 1
0 8 143 1 1
0 2 139 1 1
0 3 139 1 1
0 12 139 1 1
0 4 139 1 1
0 5 139 1 1
0 8 139 1 1
0 6 139 1 1
0 9 139 1 1
0 7 139 1 1
0 10 139 1 1
0 11 139 1 1
0 1 139 1 1
0 4 144 1 1
0 7 147 1 1
0 6 146 1 1
0 8 148 1 1
0 12 139 1 1
0 1 141 1 1
0 9 149 1 1
0 11 138 1 1
0 5 145 1 1
0 13 140 1 1
0 2 142 1 1
0 3 143 1 1
0 7 147 1 1
0 9 145 1 1
0 12 142 1 1
0 14 141 1 1
0 2 152 1 1
0 6 148 1 1
0 10 144 1 1
0 5 149 1 1
0 11 143 1 1
0 4 150 1 1
0 3 151 1 1
0 8 146 1 1
0 2 142 1 1
0 3 142 1 1
0 12 142 1 1
0 4 142 1 1
0 5 142 1 1
0 8 142 1 1
0 6 142 1 1
0 9 142 1 1
0 7 142 1 1
0 10 142 1 1
0 11 142 1 1
0 1 142 1 1
0 4 147 1 1
0 7 150 1 1
0 6 149 1 1
0 8 151 1 1
0 12 142 1 1
0 1 144 1 1
0 9 152 1 1
0 11 141 1 1
0 5 148 1 1
0 13 143 1 1
0 2 145 1 1
0 3 146 1 1
0 7 150 1 1
0 9 148 1 1
0 12 145 1 1
0 14 144 1 1
0 2 155 1 1
0 6 151 1 1
0 10 147 1 1
0 5 152 1 1
0 11 146 1 1
0 4 153 1 1
0 3 154 1 1
0 8 149 1 1
0 2 145 1 1
0 3 145 1 1
0 12 145 1 1
0 4 145 1 1
0 5 145 1 1
0 8 145 1 1
0 6 145 1 1
0 9 145 1 1
0 7 145 1 1
0 10 145 1 1
0 11 145 1 1
0 1 145 1 1
0 4 150 1 1
0 7 153 1 1
0 6 152 1 1
0 8 154 1 1
0 12 145 1 1
0 1 147 1 1
0 9 155 1 1
0 11 144 1 1
0 5 151 1 1
0 13 146 1 1
0 2 148 1 1
0 3 149 1 1
0 7 153 1 1
0 9 151 1 1
0 12 148 1 1
0 14 147 1 1
0 2 158 1 1
0 6 154 1 1
0 10 150 1 1
0 5 155 1 1
0 11 149 1 1
0 4 156 1 1
0 3 157 1 1
0 8 152 1 1
0 2 148 1 1
0 3 148 1 1
0 12 148 1 1
0 4 148 1 1
0 5 148 1 1
0 8 148 1 1
0 6 148 1 1
0 9 148 1 1
0 7 148 1 1
0 10 148 1 1
0 11 148 1 1
0 1 148 1 1
0 4 153 1 1
0 7 156 1 1
0 6 155 1 1
0 8 157 1 1
0 12 148 1 1
0 1 150 1 1
0 9 158 1 1
0 11 147 1 1
0 5 154 1 1
0 13 149 1 1
0 2 151 1 1
0 3 152 1 1
0 7 156 1 1
0 9 154 1 1
0 12 151 1 1
0 14 150 1 1
0 2 161 1 1
0 6 157 1 1
0 10 153 1 1
0 5 158 1 1
0 11 152 1 1
0 4 159 1 1
0 3 160 1 1
0 8 155 1 1
0 2 151 1 1
0 3 151 1 1
0 12 151 1 1
0 4 151 1 1
0 5 151 1 1
0 8 151 1 1
0 6 151 1 1
0 9 151 1 1
0 7 151 1 1
0 10 151 1 1
0 11 151 1 1
0 1 151 1 1
0 4 156 1 1
0 7 159 1 1
0 6 158 1 1
0 8 160 1 1
0 12 151 1 1
0 1 153 1 1
0 9 161 1 1
0 11 150 1 1
0 5 157 1 1
0 13 152 1 1
0 2 154 1 1
0 3 155 1 1
0 7 159 1 1
0 9 157 1 1
0 12 154 1 1
0 14 153 1 1
0 2 164 1 1
0 6 160 1 1
0 10 156 1 1
0 5 161 1 1
0 11 155 1 1
0 4 162 1 1
0 3 163 1 1
0 8 158 1 1
0 2 154 1 1
0 3 154 1 1
0 12 154 1 1
0 4 154 1 1
0 5 154 1 1
0 8 154 1 1
0 6 154 1 1
0 9 154 1 1
0 7 154 1 1
0 10 154 1 1
0 11 154 1 1
0 1 154 1 1
0 4 159 1 1
0 7 162 1 1
0 6 161 1 1
0 8 163 1 1
0 12 154 1 1
0 1 156 1 1
0 9 164 1 1
0 11 153 1 1
0 5 160 1 1
0 13 155 1 1
0 2 157 1 1
0 3 158 1 1
0 7 162 1 1
0 9 160 1 1
0 12 157 1 1
0 14 156 1 1
0 2 167 1 1
0 6 163 1 1
0 10 159 1 1
0 5 164 1 1
0 11 158 1 1
0 4 165 1 1
0 3 166 1 1
0 8 161 1 1
0 2 157 1 1
0 3 157 1 1
0 12 157 1 1
0 4 157 1 1
0 5 157 1 1
0 8 157 1 1
0 6 157 1 1
0 9 157 1 1
0 7 157 1 1
0 10 157 1 1
0 11 157 1 1
0 1 157 1 1
0 4 162 1 1
0 7 165 1 1
0 6 164 1 1
0 8 166 1 1
0 12 157 1 1
0 1 159 1 1
0 9 167 1 1
0 11 156 1 1
0 5 163 1 1
0 13 158 1 1
0 2 160 1 1
0 3 161 1 1
0 7 165 1 1
0 9 163 1 1
0 12 160 1 1
0 14 159 1 1
0 2 170 1 1
0 6 166 1 1
0 10 162 1 1
0 5 167 1 1
0 11 161 1 1
0 4 168 1 1
0 3 169 1 1
0 8 164 1 1
0 2 160 1 1
0 3 160 1 1
0 12 160 1 1
0 4 160 1 1
0 5 160 1 1
0 8 160 1 1
0 6 160 1 1
0 9 160 1 1
0 7 160 1 1
0 10 160 1 1
0 11 160 1 1
0 1 160 1 1
0 4 165 1 1
0 7 168 1 1
0 6 167 1 1
0 8 169 1 1
0 12 160 1 1
0 1 162 1 1
0 9 170 1 1
0 11 159 1 1
0 5 166 1 1
0 13 161 1 1
0 2 163 1 1
0 3 164 1 1
0 7 168 1 1
0 9 166 1 1
0 12 163 1 1
0 14 162 1 1
0 2 173 1 1
0 6 169 1 1
0 10 165 1 1
0 5 170 1 1
0 11 164 1 1
0 4 171 1 1
0 3 172 1 1
0 8 167 1 1
0 2 163 1 1
0 3 163 1 1
0 12 163 1 1
0 4 163 1 1
0 5 163 1 1
0 8 163 1 1
0 6 163 1 1
0 9 163 1 1
0 7 163 1 1
0 10 163 1 1
0 11 163 1 1
0 1 163 1 1
0 4 168 1 1
0 7 171 1 1
0 6 170 1 1
0 8 172 1 1
0 12 163 1 1
0 1 165 1 1
0 9 173 1 1
0 11 162 1 1
0 5 169 1 1
0 13 164 1 1
0 2 166 1 1
0 3 167 1 1
0 7 171 1 1
0 9 169 1 1
0 12 166 1 1
0 14 165 1 1
0 2 176 1 1
0 6 172 1 1
0 10 168 1 1
0 5 173 1 1
0 11 167 1 1
0 4 174 1 1
0 3 175 1 1
0 8 170 1 1
0 2 166 1 1
0 3 166 1 1
0 12 166 1 1
0 4 166 1 1
0 5 166 1 1
0 8 166 1 1
0 6 166 1 1
0 9 166 1 1
0 7 166 1 1
0 10 166 1 1
0 11 166 1 1
0 1 166 1 1
0 4 171 1 1
0 7 174 1 1
0 6 173 1 1
0 8 175 1 1
0 12 166 1 1
0 1 168 1 1
0 9 176 1 1
0 11 165 1 1
0 5 172 1 1
0 13 167 1 1
0 2 169 1 1
0 3 170 1 1
0 7 174 1 1
0 9 172 1 1
0 12 169 1 1
0 14 168 1 1
0 2 179 1 1
0 6 175 1 1
0 10 171 1 1
0 5 176 1 1
0 11 170 1 1
0 4 177 1 1
0 3 178 1 1
0 8 173 1 1
0 2 169 1 1
0 3 169 1 1
0 12 169 1 1
0 4 169 1 1
0 5 169 1 1
0 8 169 1 1
0 6 169 1 1
0 9 169 1 1
0 7 169 1 1
0 10 169 1 1
0 11 169 1 1
0 1 169 1 1
0 4 174 1 1
0 7 177 1 1
0 6 176 1 1
0 8 178 1 1
0 12 169 1 1
0 1 171 1 1
0 9 179 1 1
0 11 168 1 1
0 5 175 1 1
0 13 170 1 1
0 2 172 1 1
0 3 173 1 1
0 7 177 1 1
0 9 175 1 1
0 12 172 1 1
0 14 171 1 1
0 2 182 1 1
0 6 178 1 1
0 10 174 1 1
0 5 179 1 1
0 11 173 1 1
0 4 180 1 1
0 3 181 1 1
0 8 176 1 1
0 2 172 1 1
0 3 172 1 1
0 12 172 1 1
0 4 172 1 1
0 5 172 1 1
0 8 172 1 1
0 6 172 1 1
0 9 172 1 1
0 7 172 1 1
0 10 172 1 1
0 11 172 1 1
0 1 172 1 1
0 4 177 1 1
0 7 180 1 1
0 6 179 1 1
0 8 181 1 1
0 12 172 1 1
0 1 174 1 1
0 9 182 1 1
0 11 171 1 1
0 5 178 1 1
0 13 173 1 1
0 2 175 1 1
0 3 176 1 1
0 7 180 1 1
0 9 178 1 1
0 12 175 1 1
0 14 174 1 1
0 2 185 1 1
0 6 181 1 1
0 10 177 1 1
0 5 182 1 1
0 11 176 1 1
0 4 183 1 1
0 3 184 1 1
0 8 179 1 1
0 2 175 1 1
0 3 175 1 1
0 12 175 1 1
0 4 175 1 1
0 5 175 1 1
0 8 175 1 1
0 6 175 1 1
0 9 175 1 1
0 7 175 1 1
0 10 175 1 1
0 11 175 1 1
0 1 175 1 1
0 4 180 1 1
0 7 183 1 1
0 6 182 1 1
0 8 184 1 1
0 12 175 1 1
0 1 177 1 1
0 9 185 1 1
0 11 174 1 1
0 5 181 1 1
0 13 176 1 1
0 2 178 1 1
0 3 179 1 1
0 7 183 1 1
0 9 181 1 1
0 12 178 1 1
0 14 177 1 1
0 2 188 1 1
0 6 184 1 1
0 10 180 1 1
0 5 185 1 1
0 11 179 1 1
0 4 186 1 1
0 3 187 1 1
0 8 182 1 1
0 2 178 1 1
0 3 178 1 1
0 12 178 1 1
0 4 178 1 1
0 5 178 1 1
0 8 178 1 1
0 6 178 1 1
0 9 178 1 1
0 7 178 1 1
0 10 178 1 1
0 11 178 1 1
0 1 178 1 1
0 4 183 1 1
0 7 186 1 1
0 6 185 1 1
0 8 187 1 1
0 12 178 1 1
0 1 180 1 1
0 9 188 1 1
0 11 177 1 1
0 5 184 1 1
0 13 179 1 1
0 2 181 1 1
0 3 182 1 1
0 7 186 1 1
0 9 184 1 1
0 12 181 1 1
0 14 180 1 1
0 2 191 1 1
0 6 187 1 1
0 10 183 1 1
0 5 188 1 1
0 11 182 1 1
0 4 189 1 1
0 3 190 1 1
0 8 185 1 1
0 2 181 1 1
0 3 181 1 1
0 12 181 1 1
0 4 181 1 1
0 5 181 1 1
0 8 181 1 1
0 6 181 1 1
0 9 181 1 1
0 7 181 1 1
0 10 181 1 1
0 11 181 1 1
0 1 181 1 1
0 4 186 1 1
0 7 189 1 1
0 6 188 1 1
0 8 190 1 1
0 12 181 1 1
0 1 183 1 1
0 9 191 1 1
0 11 180 1 1
0 5 187 1 1
0 13 182 1 1
0 2 184 1 1
0 3 185 1 1
0 7 189 1 1
0 9 187 1 1
0 12 184 1 1
0 14 183 1 1
0 2 194 1 1
0 6 190 1 1
0 10 186 1 1
0 5 191 1 1
0 11 185 1 1
0 4 192 1 1
0 3 193 1 1
0 8 188 1 1
0 2 184 1 1
0 3 184 1 1
0 12 184 1 1
0 4 184 1 1
0 5 184 1 1
0 8 184 1 1
0 6 184 1 1
0 9 184 1 1
0 7 184 1 1
0 10 184 1 1
0 11 184 1 1
0 1 184 1 1
0 4 189 1 1
0 7 192 1 1
0 6 191 1 1
0 8 193 1 1
0 12 184 1 1
0 1 186 1 1
0 9 194 1 1
0 11 183 1 1
0 5 190 1 1
0 13 185 1 1
0 2 187 1 1
0 3 188 1 1
0 7 192 1 1
0 9 190 1 1
0 12 187 1 1
0 14 186 1 1
0 2 197 1 1
0 6 193 1 1
0 10 189 1 1
0 5 194 1 1
0 11 188 1 1
0 4 195 1 1
0 3 196 1 1
0 8 191 1 1
0 2 187 1 1
0 3 187 1 1
0 12 187 1 1
0 4 187 1 1
0 5 187 1 1
0 8 187 1 1
0 6 187 1 1
0 9 187 1 1
0 7 187 1 1
0 10 187 1 1
0 11 187 1 1
0 1 187 1 1
0 4 192 1 1
0 7 195 1 1
0 6 194 1 1
0 8 196 1 1
0 12 187 1 1
0 1 189 1 1
0 9 197 1 1
0 11 186 1 1
0 5 193 1 1
0 13 188 1 1
0 2 190 1 1
0 3 191 1 1
0 7 195 1 1
0 9 193 1 1
0 12 190 1 1
0 14 189 1 1
0 2 200 1 1
0 6 196 1 1
0 10 192 1 1
0 5 197 1 1
0 11 191 1 1
0 4 198 1 1
0 3 199 1 1
0 8 194 1 1
0 2 190 1 1
0 3 190 1 1
0 12 190 1 1
0 4 190 1 1
0 5 190 1 1
0 8 190 1 1
0 6 190 1 1
0 9 190 1 1
0 7 190 1 1
0 10 190 1 1
0 11 190 1 1
0 1 190 1 1
0 4 195 1 1
0 7 198 1 1
0 6 197 1 1
0 8 199 1 1
0 12 190 1 1
0 1 192 1 1
0 9 200 1 1
0 11 189 1 1
0 5 196 1 1
0 13 191 1 1
0 2 193 1 1
0 3 194 1 1
0 7 198 1 1
0 9 196 1 1
0 12 193 1 1
0 14 192 1 1
0 2 203 1 1
0 6 199 1 1
0 10 195 1 1
0 5 200 1 1
0 11 194 1 1
0 4 201 1 1
0 3 202 1 1
0 8 197 1 1
0 2 193 1 1
0 3 193 1 1
0 12 193 1 1
0 4 193 1 1
0 5 193 1 1
0 8 193 1 1
0 6 193 1 1
0 9 193 1 1
0 7 193 1 1
0 10 193 1 1
0 11 193 1 1
0 1 193 1 1
0 4 198 1 1
0 7 201 1 1
0 6 200 1 1
0 8 202 1 1
0 12 193 1 1
0 1 195 1 1
0 9 203 1 1
0 11 192 1 1
0 5 199 1 1
0 13 194 1 1
0 2 196 1 1
0 3 197 1 1
0 7 201 1 1
0 9 199 1 1
0 12 196 1 1
0 14 195 1 1
0 2 206 1 1
0 6 202 1 1
0 10 198 1 1
0 5 203 1 1
0 11 197 1 1
0 4 204 1 1
0 3 205 1 1
0 8 200 1 1
0 2 196 1 1
0 3 196 1 1
0 12 196 1 1
0 4 196 1 1
0 5 196 1 1
0 8 196 1 1
0 6 196 1 1
0 9 196 1 1
0 7 196 1 1
0 10 196 1 1
0 11 196 1 1
0 1 196 1 1
0 4 201 1 1
0 7 204 1 1
0 6 203 1 1
0 8 205 1 1
0 12 196 1 1
0 1 198 1 1
0 9 206 1 1
0 11 195 1 1
0 5 202 1 1
0 13 197 1 1
0 2 199 1 1
0 3 200 1 1
0 7 204 1 1
0 9 202 1 1
0 12 199 1 1
0 14 198 1 1
0 2 209 1 1
0 6 205 1 1
0 10 201 1 1
0 5 206 1 1
0 11 200 1 1
0 4 207 1 1
0 3 208 1 1
0 8 203 1 1
0 2 199 1 1
0 3 199 1 1
0 12 199 1 1
0 4 199 1 1
0 5 199 1 1
0 8 199 1 1
0 6 199 1 1
0 9 199 1 1
0 7 199 1 1
0 10 199 1 1
0 11 199 1 1
0 1 199 1 1
0 4 204 1 1
0 7 207 1 1
0 6 206 1 1
0 8 208 1 1
0 12 199 1 1
0 1 201 1 1
0 9 209 1 1
0 11 198 1 1
0 5 205 1 1
0 13 200 1 1
0 2 202 1 1
0 3 203 1 1
0 7 207 1 1
0 9 205 1 1
0 12 202 1 1
0 14 201 1 1
0 2 212 1 1
0 6 208 1 1
0 10 204 1 1
0 5 209 1 1
0 11 203 1 1
0 4 210 1 1
0 3 211 1 1
0 8 206 1 1
0 2 202 1 1
0 3 202 1 1
0 12 202 1 1
0 4 202 1 1
0 5 202 1 1
0 8 202 1 1
0 6 202 1 1
0 9 202 1 1
0 7 202 1 1
0 10 202 1 1
0 11 202 1 1
0 1 202 1 1
0 4 207 1 1
0 7 210 1 1
0 6 209 1 1
0 8 211 1 1
0 12 202 1 1
0 1 204 1 1
0 9 212 1 1
0 11 201 1 1
0 5 208 1 1
0 13 203 1 1
0 2 205 1 1
0 3 206 1 1
0 7 210 1 1
0 9 208 1 1
0 12 205 1 1
0 14 204 1 1
0 2 215 1 1
0 6 211 1 1
0 10 207 1 1
0 5 212 1 1
0 11 206 1 1
0 4 213 1 1
0 3 214 1 1
0 8 209 1 1
0 2 205 1 1
0 3 205 1 1
0 12 205 1 1
0 4 205 1 1
0 5 205 1 1
0 8 205 1 1
0 6 205 1 1
0 9 205 1 1
0 7 205 1 1
0 10 205 1 1
0 11 205 1 1
0 1 205 1 1
0 4 210 1 1
0 7 213 1 1
0 6 212 1 1
0 8 214 1 1
0 12 205 1 1
0 1 207 1 1
0 9 215 1 1
0 11 204 1 1
0 5 211 1 1
0 13 206 1 1
0 2 208 1 1
0 3 209 1 1
0 7 213 1 1
0 9 211 1 1
0 12 208 1 1
0 14 207 1 1
0 2 218 1 1
0 6 214 1 1
0 10 210 1 1
0 5 215 1 1
0 11 209 1 1
0 4 216 1 1
0 3 217 1 1
0 8 212 1 1
0 2 208 1 1
0 3 208 1 1
0 12 208 1 1
0 4 208 1 1
0 5 208 1 1
0 8 208 1 1
0 6 208 1 1
0 9 208 1 1
0 7 208 1 1
0 10 208 1 1
0 11 208 1 1
0 1 208 1 1
0 4 213 1 1
0 7 216 1 1
0 6 215 1 1
0 8 217 1 1
0 12 208 1 1
0 1 210 1 1
0 9 218 1 1
0 11 207 1 1
0 5 214 1 1
0 13 209 1 1
0 2 211 1 1
0 3 212 1 1
0 7 216 1 1
0 9 214 1 1
0 12 211 1 1
0 14 210 1 1
0 2 221 1 1
0 6 217 1 1
0 10 213 1 1
0 5 218 1 1
0 11 212 1 1
0 4 219 1 1
0 3 220 1 1
0 8 215 1 1
0 2 211 1 1
0 3 211 1 1
0 12 211 1 1
0 4 211 1 1
0 5 211 1 1
0 8 211 1 1
0 6 211 1 1
0 9 211 1 1
0 7 211 1 1
0 10 211 1 1
0 11 211 1 1
0 1 211 1 1
0 4 216 1 1
0 7 219 1 1
0 6 218 1 1
0 8 220 1 1
0 12 211 1 1
0 1 213 1 1
0 9 221 1 1
0 11 210 1 1
0 5 217 1 1
0 13 212 1 1
0 2 214 1 1
0 3 215 1 1
0 7 219 1 1
0 9 217 1 1
0 12 214 1 1
0 14 213 1 1
0 2 224 1 1
0 6 220 1 1
0 10 216 1 1
0 5 221 1 1
0 11 215 1 1
0 4 222 1 1
0 3 223 1 1
0 8 218 1 1
0 2 214 1 1
0 3 214 1 1
0 12 214 1 1
0 4 214 1 1
0 5 214 1 1
0 8 214 1 1
0 6 214 1 1
0 9 214 1 1
0 7 214 1 1
0 10 214 1 1
0 11 214 1 1
0 1 214 1 1
0 4 219 1 1
0 7 222 1 1
0 6 221 1 1
0 8 223 1 1
0 12 214 1 1
0 1 216 1 1
0 9 224 1 1
0 11 213 1 1
0 5 220 1 1
0 13 215 1 1
0 2 217 1 1
0 3 218 1 1
0 7 222 1 1
0 9 220 1 1
0 12 217 1 1
0 14 216 1 1
0 2 227 1 1
0 6 223 1 1
0 10 219 1 1
0 5 224 1 1
0 11 218 1 1
0 4 225 1 1
0 3 226 1 1
0 8 221 1 1
0 2 217 1 1
0 3 217 1 1
0 12 217 1 1
0 4 217 1 1
0 5 217 1 1
0 8 217 1 1
0 6 217 1 1
0 9 217 1 1
0 7 217 1 1
0 10 217 1 1
0 11 217 1 1
0 1 217 1 1
0 4 222 1 1
0 7 225 1 1
0 6 224 1 1
0 8 226 1 1
0 12 217 1 1
0 1 219 1 1
0 9 227 1 1
0 11 216 1 1
0 5 223 1 1
0 13 218 1 1
0 2 220 1 1
0 3 221 1 1
0 7 225 1 1
0 9 223 1 1
0 12 220 1 1
0 14 219 1 1
0 2 230 1 1
0 6 226 1 1
0 10 222 1 1
0 5 227 1 1
0 11 221 1 1
0 4 228 1 1
0 3 229 1 1
0 8 224 1 1
0 2 220 1 1
0 3 220 1 1
0 12 220 1 1
0 4 220 1 1
0 5 220 1 1
0 8 220 1 1
0 6 220 1 1
0 9 220 1 1
0 7 220 1 1
0 10 220 1 1
0 11 220 1 1
0 1 220 1 1
0 4 225 1 1
0 7 228 1 1
0 6 227 1 1
0 8 229 1 1
0 12 220 1 1
0 1 222 1 1
0 9 230 1 1
0 11 219 1 1
0 5 226 1 1
0 13 221 1 1
0 2 223 1 1
0 3 224 1 1
0 7 228 1 1
0 9 226 1 1
0 12 223 1 1
0 14 222 1 1
0 2 233 1 1
0 6 229 1 1
0 10 225 1 1
0 5 230 1 1
0 11 224 1 1
0 4 231 1 1
0 3 232 1 1
0 8 227 1 1
0 2 223 1 1
0 3 223 1 1
0 12 223 1 1
0 4 223 1 1
0 5 223 1 1
0 8 223 1 1
0 6 223 1 1
0 9 223 1 1
0 7 223 1 1
0 10 223 1 1
0 11 223 1 1
0 1 223 1 1
0 4 228 1 1
0 7 231 1 1
0 6 230 1 1
0 8 232 1 1
0 12 223 1 1
0 1 225 1 1
0 9 233 1 1
0 11 222 1 1
0 5 229 1 1
0 13 224 1 1
0 2 226 1 1
0 3 227 1 1
0 7 231 1 1
0 9 229 1 1
0 12 226 1 1
0 14 225 1 1
0 2 236 1 1
0 6 232 1 1
0 10 228 1 1
0 5 233 1 1
0 11 227 1 1
0 4 234 1 1
0 3 235 1 1
0 8 230 1 1
0 2 226 1 1
0 3 226 1 1
0 12 226 1 1
0 4 226 1 1
0 5 226 1 1
0 8 226 1 1
0 6 226 1 1
0 9 226 1 1
0 7 226 1 1
0 10 226 1 1
0 11 226 1 1
0 1 226 1 1
0 4 231 1 1
0 7 234 1 1
0 6 233 1 1
0 8 235 1 1
0 12 226 1 1
0 1 228 1 1
0 9 236 1 1
0 11 225 1 1
0 5 232 1 1
0 13 227 1 1
0 2 229 1 1
0 3 230 1 1
0 7 234 1 1
0 9 232 1 1
0 12 229 1 1
0 14 228 1 1
0 2 239 1 1
0 6 235 1 1
0 10 231 1 1
0 5 236 1 1
0 11 230 1 1
0 4 237 1 1
0 3 238 1 1
0 8 233 1 1
0 2 229 1 1
0 3 229 1 1
0 12 229 1 1
0 4 229 1 1
0 5 229 1 1
0 8 229 1 1
0 6 229 1 1
0 9 229 1 1
0 7 229 1 1
0 10 229 1 1
0 11 229 1 1
0 1 229 1 1
0 4 234 1 1
0 7 237 1 1
0 6 236 1 1
0 8 238 1 1
0 12 229 1 1
0 1 231 1 1
0 9 239 1 1
0 11 228 1 1
0 5 235 1 1
0 13 230 1 1
0 2 232 1 1
0 3 233 1 1
0 7 237 1 1
0 9 235 1 1
0 12 232 1 1
0 14 231 1 1
0 2 242 1 1
0 6 238 1 1
0 10 234 1 1
0 5 239 1 1
0 11 233 1 1
0 4 240 1 1
0 3 241 1 1
0 8 236 1 1
0 2 232 1 1
0 3 232 1 1
0 12 232 1 1
0 4 232 1 1
0 5 232 1 1
0 8 232 1 1
0 6 232 1 1
0 9 232 1 1
0 7 232 1 1
0 10 232 1 1
0 11 232 1 1
0 1 232 1 1
0 4 237 1 1
0 7 240 1 1
0 6 239 1 1
0 8 241 1 1
0 12 232 1 1
0 1 234 1 1
0 9 242 1 1
0 11 231 1 1
0 5 238 1 1
0 13 233 1 1
0 2 235 1 1
0 3 236 1 1
0 7 240 1 1
0 9 238 1 1
0 12 235 1 1
0 14 234 1 1
0 2 245 1 1
0 6 241 1 1
0 10 237 1 1
0 5 242 1 1
0 11 236 1 1
0 4 243 1 1
0 3 244 1 1
0 8 239 1 1
0 2 235 1 1
0 3 235 1 1
0 12 235 1 1
0 4 235 1 1
0 5 235 1 1
0 8 235 1 1
0 6 235 1 1
0 9 235 1 1
0 7 235 1 1
0 10 235 1 1
0 11 235 1 1
0 1 235 1 1
0 4 240 1 1
0 7 243 1 1
0 6 242 1 1
0 8 244 1 1
0 12 235 1 1
0 1 237 1 1
0 9 245 1 1
0 11 234 1 1
0 5 241 1 1
0 13 236 1 1
0 2 238 1 1
0 3 239 1 1
0 7 243 1 1
0 9 241 1 1
0 12 238 1 1
0 14 237 1 1
0 2 248 1 1
0 6 244 1 1
0 10 240 1 1
0 5 245 1 1
0 11 239 1 1
0 4 246 1 1
0 3 247 1 1
0 8 242 1 1
0 2 238 1 1
0 3 238 1 1
0 12 238 1 1
0 4 238 1 1
0 5 238 1 1
0 8 238 1 1
0 6 238 1 1
0 9 238 1 1
0 7 238 1 1
0 10 238 1 1
0 11 238 1 1
0 1 238 1 1
0 4 243 1 1
0 7 246 1 1
0 6 245 1 1
0 8 247 1 1
0 12 238 1 1
0 1 240 1 1
0 9 248 1 1
0 11 237 1 1
0 5 244 1 1
0 13 239 1 1
0 2 241 1 1
0 3 242 1 1
0 7 246 1 1
0 9 244 1 1
0 12 241 1 1
0 14 240 1 1
0 2 251 1 1
0 6 247 1 1
0 10 243 1 1
0 5 248 1 1
0 11 242 1 1
0 4 249 1 1
0 3 250 1 1
0 8 245 1 1
0 2 241 1 1
0 3 241 1 1
0 12 241 1 1
0 4 241 1 1
0 5 241 1 1
0 8 241 1 1
0 6 241 1 1
0 9 241 1 1
0 7 241 1 1
0 10 241 1 1
0 11 241 1 1
0 1 241 1 1
0 4 246 1 1
0 7 249 1 1
0 6 248 1 1
0 8 250 1 1
0 12 241 1 1
0 1 243 1 1
0 9 251 1 1
0 11 240 1 1
0 5 247 1 1
0 13 242 1 1
0 2 244 1 1
0 3 245 1 1
0 7 249 1 1
0 9 247 1 1
0 12 244 1 1
0 14 243 1 1
0 2 254 1 1
0 6 250 1 1
0 10 246 1 1
0 5 251 1 1
0 11 245 1 1
0 4 252 1 1
0 3 253 1 1
0 8 248 1 1
0 2 244 1 1
0 3 244 1 1
0 12 244 1 1
0 4 244 1 1
0 5 244 1 1
0 8 244 1 1
0 6 244 1 1
0 9 244 1 1
0 7 244 1 1
0 10 244 1 1
0 11 244 1 1
0 1 244 1 1
0 4 249 1 1
0 7 252 1 1
0 6 251 1 1
0 8 253 1 1
0 12 244 1 1
0 1 246 1 1
0 9 254 1 1
0 11 243 1 1
0 5 250 1 1
0 13 245 1 1
0 2 247 1 1
0 3 248 1 1
0 7 252 1 1
0 9 250 1 1
0 12 247 1 1
0 14 246 1 1
0 2 257 1 1
0 6 253 1 1
0 10 249 1 1
0 5 254 1 1
0 11 248 1 1
0 4 255 1 1
0 3 256 1 1
0 8 251 1 1
0 2 247 1 1
0 3 247 1 1
0 12 247 1 1
0 4 247 1 1
0 5 247 1 1
0 8 247 1 1
0 6 247 1 1
0 9 247 1 1
0 7 247 1 1
0 10 247 1 1
0 11 247 1 1
0 1 247 1 1
0 4 252 1 1
0 7 255 1 1
0 6 254 1 1
0 8 256 1 1
0 12 247 1 1
0 1 249 1 1
0 9 257 1 1
0 11 246 1 1
0 5 253 1 1
0 13 248 1 1
0 2 250 1 1
0 3 251 1 1
0 7 255 1 1
0 9 253 1 1
0 12 250 1 1
0 14 249 1 1
0 2 260 1 1
0 6 256 1 1
0 10 252 1 1
0 5 257 1 1
0 11 251 1 1
0 4 258 1 1
0 3 259 1 1
0 8 254 1 1
0 2 250 1 1
0 3 250 1 1
0 12 250 1 1
0 4 250 1 1
0 5 250 1 1
0 8 250 1 1
0 6 250 1 1
0 9 250 1 1
0 7 250 1 1
0 10 250 1 1
0 11 250 1 1
0 1 250 1 1
0 4 255 1 1
0 7 258 1 1
0 6 257 1 1
0 8 259 1 1
0 12 250 1 1
0 1 252 1 1
0 9 260 1 1
0 11 249 1 1
0 5 256 1 1
0 13 251 1 1
0 2 253 1 1
0 3 254 1 1
0 7 258 1 1
0 9 256 1 1
0 12 253 1 1
0 14 252 1 1
0 2 263 1 1
0 6 259 1 1
0 10 255 1 1
0 5 260 1 1
0 11 254 1 1
0 4 261 1 1
0 3 262 1 1
0 8 257 1 1
0 2 253 1 1
0 3 253 1 1
0 12 253 1 1
0 4 253 1 1
0 5 253 1 1
0 8 253 1 1
0 6 253 1 1
0 9 253 1 1
0 7 253 1 1
0 10 253 1 1
0 11 253 1 1
0 1 253 1 1
0 4 258 1 1
0 7 261 1 1
0 6 260 1 1
0 8 262 1 1
0 12 253 1 1
0 1 255 1 1
0 9 263 1 1
0 11 252 1 1
0 5 259 1 1
0 13 254 1 1
0 2 256 1 1
0 3 257 1 1
0 7 261 1 1
0 9 259 1 1
0 12 256 1 1
0 14 255 1 1
0 2 266 1 1
0 6 262 1 1
0 10 258 1 1
0 5 263 1 1
0 11 257 1 1
0 4 264 1 1
0 3 265 1 1
0 8 260 1 1
0 2 256 1 1
0 3 256 1 1
0 12 256 1 1
0 4 256 1 1
0 5 256 1 1
0 8 256 1 1
0 6 256 1 1
0 9 256 1 1
0 7 256 1 1
0 10 256 1 1
0 11 256 1 1
0 1 256 1 1
0 4 261 1 1
0 7 264 1 1
0 6 263 1 1
0 8 265 1 1
0 12 256 1 1
0 1 258 1 1
0 9 266 1 1
0 11 255 1 1
0 5 262 1 1
0 13 257 1 1
0 2 259 1 1
0 3 260 1 1
0 7 264 1 1
0 9 262 1 1
0 12 259 1 1
0 14 258 1 1
0 2 269 1 1
0 6 265 1 1
0 10 261 1 1
0 5 266 1 1
0 11 260 1 1
0 4 267 1 1
0 3 268 1 1
0 8 263 1 1
0 2 259 1 1
0 3 259 1 1
0 12 259 1 1
0 4 259 1 1
0 5 259 1 1
0 8 259 1 1
0 6 259 1 1
0 9 259 1 1
0 7 259 1 1
0 10 259 1 1
0 11 259 1 1
0 1 259 1 1
0 4 264 1 1
0 7 267 1 1
0 6 266 1 1
0 8 268 1 1
0 12 259 1 1
0 1 261 1 1
0 9 269 1 1
0 11 258 1 1
0 5 265 1 1
0 13 260 1 1
0 2 262 1 1
0 3 263 1 1
0 7 267 1 1
0 9 265 1 1
0 12 262 1 1
0 14 261 1 1
0 2 272 1 1
0 6 268 1 1
0 10 264 1 1
0 5 269 1 1
0 11 263 1 1
0 4 270 1 1
0 3 271 1 1
0 8 266 1 1
0 2 262 1 1
0 3 262 1 1
0 12 262 1 1
0 4 262 1 1
0 5 262 1 1
0 8 262 1 1
0 6 262 1 1
0 9 262 1 1
0 7 262 1 1
0 10 262 1 1
0 11 262 1 1
0 1 262 1 1
0 4 267 1 1
0 7 270 1 1
0 6 269 1 1
0 8 271 1 1
0 12 262 1 1
0 1 264 1 1
0 9 272 1 1
0 11 261 1 1
0 5 268 1 1
0 13 263 1 1
0 2 265 1 1
0 3 266 1 1
0 7 270 1 1
0 9 268 1 1
0 12 265 1 1
0 14 264 1 1
0 2 275 1 1
0 6 271 1 1
0 10 267 1 1
0 5 272 1 1
0 11 266 1 1
0 4 273 1 1
0 3 274 1 1
0 8 269 1 1
0 2 265 1 1
0 3 265 1 1
0 12 265 1 1
0 4 265 1 1
0 5 265 1 1
0 8 265 1 1
0 6 265 1 1
0 9 265 1 1
0 7 265 1 1
0 10 265 1 1
0 11 265 1 1
0 1 265 1 1
0 4 270 1 1
0 7 273 1 1
0 6 272 1 1
0 8 274 1 1
0 12 265 1 1
0 1 267 1 1
0 9 275 1 1
0 11 264 1 1
0 5 271 1 1
0 13 266 1 1
0 2 268 1 1
0 3 269 1 1
0 7 273 1 1
0 9 271 1 1
0 12 268 1 1
0 14 267 1 1
0 2 278 1 1
0 6 274 1 1
0 10 270 1 1
0 5 275 1 1
0 11 269 1 1
0 4 276 1 1
0 3 277 1 1
0 8 272 1 1
0 2 268 1 1
0 3 268 1 1
0 12 268 1 1
0 4 268 1 1
0 5 268 1 1
0 8 268 1 1
0 6 268 1 1
0 9 268 1 1
0 7 268 1 1
0 10 268 1 1
0 11 268 1 1
0 1 268 1 1
0 4 273 1 1
0 7 276 1 1
0 6 275 1 1
0 8 277 1 1
0 12 268 1 1
0 1 270 1 1
0 9 278 1 1
0 11 267 1 1
0 5 274 1 1
0 13 269 1 1
0 2 271 1 1
0 3 272 1 1
0 7 276 1 1
0 9 274 1 1
0 12 271 1 1
0 14 270 1 1
0 2 281 1 1
0 6 277 1 1
0 10 273 1 1
0 5 278 1 1
0 11 272 1 1
0 4 279 1 1
0 3 280 1 1
0 8 275 1 1
0 2 271 1 1
0 3 271 1 1
0 12 271 1 1
0 4 271 1 1
0 5 271 1 1
0 8 271 1 1
0 6 271 1 1
0 9 271 1 1
0 7 271 1 1
0 10 271 1 1
0 11 271 1 1
0 1 271 1 1
0 4 276 1 1
0 7 279 1 1
0 6 278 1 1
0 8 280 1 1
0 12 271 1 1
0 1 273 1 1
0 9 281 1 1
0 11 270 1 1
0 5 277 1 1
0 13 272 1 1
0 2 274 1 1
0 3 275 1 1
0 7 279 1 1
0 9 277 1 1
0 12 274 1 1
0 14 273 1 1
0 2 284 1 1
0 6 280 1 1
0 10 276 1 1
0 5 281 1 1
0 11 275 1 1
0 4 282 1 1
0 3 283 1 1
0 8 278 1 1
0 2 274 1 1
0 3 274 1 1
0 12 274 1 1
0 4 274 1 1
0 5 274 1 1
0 8 274 1 1
0 6 274 1 1
0 9 274 1 1
0 7 274 1 1
0 10 274 1 1
0 11 274 1 1
0 1 274 1 1
0 4 279 1 1
0 7 282 1 1
0 6 281 1 1
0 8 283 1 1
0 12 274 1 1
0 1 276 1 1
0 9 284 1 1
0 11 273 1 1
0 5 280 1 1
0 13 275 1 1
0 2 277 1 1
0 3 278 1 1
0 7 282 1 1
0 9 280 1 1
0 12 277 1 1
0 14 276 1 1
0 2 287 1 1
0 6 283 1 1
0 10 279 1 1
0 5 284 1 1
0 11 278 1 1
0 4 285 1 1
0 3 286 1 1
0 8 281 1 1
0 2 277 1 1
0 3 277 1 1
0 12 277 1 1
0 4 277 1 1
0 5 277 1 1
0 8 277 1 1
0 6 277 1 1
0 9 277 1 1
0 7 277 1 1
0 10 277 1 1
0 11 277 1 1
0 1 277 1 1
0 4 282 1 1
0 7 285 1 1
0 6 284 1 1
0 8 286 1 1
0 12 277 1 1
0 1 279 1 1
0 9 287 1 1
0 11 276 1 1
0 5 283 1 1
0 13 278 1 1
0 2 280 1 1
0 3 281 1 1
0 7 285 1 1
0 9 283 1 1
0 12 280 1 1
0 14 279 1 1
0 2 290 1 1
0 6 286 1 1
0 10 282 1 1
0 5 287 1 1
0 11 281 1 1
0 4 288 1 1
0 3 289 1 1
0 8 284 1 1
0 2 280 1 1
0 3 280 1 1
0 12 280 1 1
0 4 280 1 1
0 5 280 1 1
0 8 280 1 1
0 6 280 1 1
0 9 280 1 1
0 7 280 1 1
0 10 280 1 1
0 11 280 1 1
0 1 280 1 1
0 4 285 1 1
0 7 288 1 1
0 6 287 1 1
0 8 289 1 1
0 12 280 1 1
0 1 282 1 1
0 9 290 1 1
0 11 279 1 1
0 5 286 1 1
0 13 281 1 1
0 2 283 1 1
0 3 284 1 1
0 7 288 1 1
0 9 286 1 1
0 12 283 1 1
0 14 282 1 1
0 2 293 1 1
0 6 289 1 1
0 10 285 1 1
0 5 290 1 1
0 11 284 1 1
0 4 291 1 1
0 3 292 1 1
0 8 287 1 1
0 2 283 1 1
0 3 283 1 1
0 12 283 1 1
0 4 283 1 1
0 5 283 1 1
0 8 283 1 1
0 6 283 1 1
0 9 283 1 1
0 7 283 1 1
0 10 283 1 1
0 11 283 1 1
0 1 283 1 1
0 4 288 1 1
0 7 291 1 1
0 6 290 1 1
0 8 292 1 1
0 12 283 1 1
0 1 285 1 1
0 9 293 1 1
0 11 282 1 1
0 5 289 1 1
0 13 284 1 1
0 2 286 1 1
0 3 287 1 1
0 7 291 1 1
0 9 289 1 1
0 12 286 1 1
0 14 285 1 1
0 2 296 1 1
0 6 292 1 1
0 10 288 1 1
0 5 293 1 1
0 11 287 1 1
0 4 294 1 1
0 3 295 1 1
0 8 290 1 1
0 2 286 1 1
0 3 286 1 1
0 12 286 1 1
0 4 286 1 1
0 5 286 1 1
0 8 286 1 1
0 6 286 1 1
0 9 286 1 1
0 7 286 1 1
0 10 286 1 1
0 11 286 1 1
0 1 286 1 1
0 4 291 1 1
0 7 294 1 1
0 6 293 1 1
0 8 295 1 1
0 12 286 1 1
0 1 288 1 1
0 9 296 1 1
0 11 285 1 1
0 5 292 1 1
0 13 287 1 1
0 2 289 1 1
0 3 290 1 1
0 7 294 1 1
0 9 292 1 1
0 12 289 1 1
0 14 288 1 1
0 2 299 1 1
0 6 295 1 1
0 10 291 1 1
0 5 296 1 1
0 11 290 1 1
0 4 297 1 1
0 3 298 1 1
0 8 293 1 1
0 2 289 1 1
0 3 289 1 1
0 12 289 1 1
0 4 289 1 1
0 5 289 1 1
0 8 289 1 1
0 6 289 1 1
0 9 289 1 1
0 7 289 1 1
0 10 289 1 1
0 11 289 1 1
0 1 289 1 1
0 4 294 1 1
0 7 297 1 1
0 6 296 1 1
0 8 298 1 1
0 12 289 1 1
0 1 291 1 1
0 9 299 1 1
0 11 288 1 1
0 5 295 1 1
0 13 290 1 1
0 2 292 1 1
0 3 293 1 1
0 7 297 1 1
0 9 295 1 1
0 12 292 1 1
0 14 291 1 1
0 2 302 1 1
0 6 298 1 1
0 10 294 1 1
0 5 299 1 1
0 11 293 1 1
0 4 300 1 1
0 3 301 1 1
0 8 296 1 1
0 2 292 1 1
0 3 292 1 1
0 12 292 1 1
0 4 292 1 1
0 5 292 1 1
0 8 292 1 1
0 6 292 1 1
0 9 292 1 1
0 7 292 1 1
0 10 292 1 1
0 11 292 1 1
0 1 292 1 1
0 4 297 1 1
0 7 300 1 1
0 6 299 1 1
0 8 301 1 1
0 12 292 1 1
0 1 294 1 1
0 9 302 1 1
0 11 291 1 1
0 5 298 1 1
0 13 293 1 1
0 2 295 1 1
0 3 296 1 1
0 7 300 1 1
0 9 298 1 1
0 12 295 1 1
0 14 294 1 1
0 2 305 1 1
0 6 301 1 1
0 10 297 1 1
0 5 302 1 1
0 11 296 1 1
0 4 303 1 1
0 3 304 1 1
0 8 299 1 1
0 2 295 1 1
0 3 295 1 1
0 12 295 1 1
0 4 295 1 1
0 5 295 1 1
0 8 295 1 1
0 6 295 1 1
0 9 295 1 1
0 7 295 1 1
0 10 295 1 1
0 11 295 1 1
0 1 295 1 1
0 4 300 1 1
0 7 303 1 1
0 6 302 1 1
0 8 304 1 1
0 12 295 1 1
0 1 297 1 1
0 9 305 1 1
0 11 294 1 1
0 5 301 1 1
0 13 296 1 1
0 2 298 1 1
0 3 299 1 1
0 7 303 1 1
0 9 301 1 1
0 12 298 1 1
0 14 297 1 1
0 2 308 1 1
0 6 304 1 1
0 10 300 1 1
0 5 305 1 1
0 11 299 1 1
0 4 306 1 1
0 3 307 1 1
0 8 302 1 1
0 2 298 1 1
0 3 298 1 1
0 12 298 1 1
0 4 298 1 1
0 5 298 1 1
0 8 298 1 1
0 6 298 1 1
0 9 298 1 1
0 7 298 1 1
0 10 298 1 1
0 11 298 1 1
0 1 298 1 1
0 4 303 1 1
0 7 306 1 1
0 6 305 1 1
0 8 307 1 1
0 12 298 1 1
0 1 300 1 1
0 9 308 1 1
0 11 297 1 1
0 5 304 1 1
0 13 299 1 1
0 2 301 1 1
0 3 302 1 1
