0 3 3 1 1
0 5 5 1 1
0 6 6 1 1
0 4 4 1 1
0 7 7 1 1
0 9 9 1 1
0 12 0 1 1
0 8 8 1 1
0 2 2 1 1
0 1 1 1 1
0 2 1 1 1
0 3 1 1 1
0 4 1 1 1
0 5 1 1 1
0 8 1 1 1
0 6 1 1 1
0 9 1 1 1
0 7 1 1 1
0 10 1 1 1
0 1 1 1 1
0 7 6 1 1
0 9 4 1 1
0 6 7 1 1
0 10 3 1 1
0 11 2 1 1
0 1 1 1 1
0 4 9 1 1
0 5 8 1 1
0 2 0 1 1
0 8 5 1 1
0 12 3 1 1
0 2 5 1 1
0 5 8 1 1
0 10 2 1 1
0 3 6 1 1
0 4 7 1 1
0 9 1 1 1
0 6 9 1 1
0 8 0 1 1
0 1 4 1 1
0 10 4 1 1
0 7 4 1 1
0 9 4 1 1
0 6 4 1 1
0 8 4 1 1
0 5 4 1 1
0 4 4 1 1
0 3 4 1 1
0 2 4 1 1
0 1 4 1 1
0 2 3 1 1
0 11 5 1 1
0 9 7 1 1
0 10 6 1 1
0 4 1 1 1
0 8 8 1 1
0 5 0 1 1
0 3 2 1 1
0 1 4 1 1
0 7 9 1 1
0 7 2 1 1
0 9 4 1 1
0 2 8 1 1
0 10 5 1 1
0 1 7 1 1
0 3 9 1 1
0 8 3 1 1
0 6 1 1 1
0 5 0 1 1
0 12 6 1 1
0 3 10 1 1
0 5 12 1 1
0 6 13 1 1
0 4 11 1 1
0 7 14 1 1
0 9 16 1 1
0 12 7 1 1
0 8 15 1 1
0 2 9 1 1
0 1 8 1 1
0 2 8 1 1
0 3 8 1 1
0 4 8 1 1
0 5 8 1 1
0 8 8 1 1
0 6 8 1 1
0 9 8 1 1
0 7 8 1 1
0 10 8 1 1
0 1 8 1 1
0 7 13 1 1
0 9 11 1 1
0 6 14 1 1
0 10 10 1 1
0 11 9 1 1
0 1 8 1 1
0 4 16 1 1
0 5 15 1 1
0 2 7 1 1
0 8 12 1 1
0 12 10 1 1
0 2 12 1 1
0 5 15 1 1
0 10 9 1 1
0 3 13 1 1
0 4 14 1 1
0 9 8 1 1
0 6 16 1 1
0 8 7 1 1
0 1 11 1 1
0 10 11 1 1
0 7 11 1 1
0 9 11 1 1
0 6 11 1 1
0 8 11 1 1
0 5 11 1 1
0 4 11 1 1
0 3 11 1 1
0 2 11 1 1
0 1 11 1 1
0 2 10 1 1
0 11 12 1 1
0 9 14 1 1
0 10 13 1 1
0 4 8 1 1
0 8 15 1 1
0 5 7 1 1
0 3 9 1 1
0 1 11 1 1
0 7 16 1 1
0 7 9 1 1
0 9 11 1 1
0 2 15 1 1
0 10 12 1 1
0 1 14 1 1
0 3 16 1 1
0 8 10 1 1
0 6 8 1 1
0 5 7 1 1
0 12 13 1 1
0 3 17 1 1
0 5 19 1 1
0 6 20 1 1
0 4 18 1 1
0 7 21 1 1
0 9 23 1 1
0 12 14 1 1
0 8 22 1 1
0 2 16 1 1
0 1 15 1 1
0 2 15 1 1
0 3 15 1 1
0 4 15 1 1
0 5 15 1 1
0 8 15 1 1
0 6 15 1 1
0 9 15 1 1
0 7 15 1 1
0 10 15 1 1
0 1 15 1 1
0 7 20 1 1
0 9 18 1 1
0 6 21 1 1
0 10 17 1 1
0 11 16 1 1
0 1 15 1 1
0 4 23 1 1
0 5 22 1 1
0 2 14 1 1
0 8 19 1 1
0 12 17 1 1
0 2 19 1 1
0 5 22 1 1
0 10 16 1 1
0 3 20 1 1
0 4 21 1 1
0 9 15 1 1
0 6 23 1 1
0 8 14 1 1
0 1 18 1 1
0 10 18 1 1
0 7 18 1 1
0 9 18 1 1
0 6 18 1 1
0 8 18 1 1
0 5 18 1 1
0 4 18 1 1
0 3 18 1 1
0 2 18 1 1
0 1 18 1 1
0 2 17 1 1
0 11 19 1 1
0 9 21 1 1
0 10 20 1 1
0 4 15 1 1
0 8 22 1 1
0 5 14 1 1
0 3 16 1 1
0 1 18 1 1
0 7 23 1 1
0 7 16 1 1
0 9 18 1 1
0 2 22 1 1
0 10 19 1 1
0 1 21 1 1
0 3 23 1 1
0 8 17 1 1
0 6 15 1 1
0 5 14 1 1
0 12 20 1 1
0 3 24 1 1
0 5 26 1 1
0 6 27 1 1
0 4 25 1 1
0 7 28 1 1
0 9 30 1 1
0 12 21 1 1
0 8 29 1 1
0 2 23 1 1
0 1 22 1 1
0 2 22 1 1
0 3 22 1 1
0 4 22 1 1
0 5 22 1 1
0 8 22 1 1
0 6 22 1 1
0 9 22 1 1
0 7 22 1 1
0 10 22 1 1
0 1 22 1 1
0 7 27 1 1
0 9 25 1 1
0 6 28 1 1
0 10 24 1 1
0 11 23 1 1
0 1 22 1 1
0 4 30 1 1
0 5 29 1 1
0 2 21 1 1
0 8 26 1 1
0 12 24 1 1
0 2 26 1 1
0 5 29 1 1
0 10 23 1 1
0 3 27 1 1
0 4 28 1 1
0 9 22 1 1
0 6 30 1 1
0 8 21 1 1
0 1 25 1 1
0 10 25 1 1
0 7 25 1 1
0 9 25 1 1
0 6 25 1 1
0 8 25 1 1
0 5 25 1 1
0 4 25 1 1
0 3 25 1 1
0 2 25 1 1
0 1 25 1 1
0 2 24 1 1
0 11 26 1 1
0 9 28 1 1
0 10 27 1 1
0 4 22 1 1
0 8 29 1 1
0 5 21 1 1
0 3 23 1 1
0 1 25 1 1
0 7 30 1 1
0 7 23 1 1
0 9 25 1 1
0 2 29 1 1
0 10 26 1 1
0 1 28 1 1
0 3 30 1 1
0 8 24 1 1
0 6 22 1 1
0 5 21 1 1
0 12 27 1 1
0 3 31 1 1
0 5 33 1 1
0 6 34 1 1
0 4 32 1 1
0 7 35 1 1
0 9 37 1 1
0 12 28 1 1
0 8 36 1 1
0 2 30 1 1
0 1 29 1 1
0 2 29 1 1
0 3 29 1 1
0 4 29 1 1
0 5 29 1 1
0 8 29 1 1
0 6 29 1 1
0 9 29 1 1
0 7 29 1 1
0 10 29 1 1
0 1 29 1 1
0 7 34 1 1
0 9 32 1 1
0 6 35 1 1
0 10 31 1 1
0 11 30 1 1
0 1 29 1 1
0 4 37 1 1
0 5 36 1 1
0 2 28 1 1
0 8 33 1 1
0 12 31 1 1
0 2 33 1 1
0 5 36 1 1
0 10 30 1 1
0 3 34 1 1
0 4 35 1 1
0 9 29 1 1
0 6 37 1 1
0 8 28 1 1
0 1 32 1 1
0 10 32 1 1
0 7 32 1 1
0 9 32 1 1
0 6 32 1 1
0 8 32 1 1
0 5 32 1 1
0 4 32 1 1
0 3 32 1 1
0 2 32 1 1
0 1 32 1 1
0 2 31 1 1
0 11 33 1 1
0 9 35 1 1
0 10 34 1 1
0 4 29 1 1
0 8 36 1 1
0 5 28 1 1
0 3 30 1 1
0 1 32 1 1
0 7 37 1 1
0 7 30 1 1
0 9 32 1 1
0 2 36 1 1
0 10 33 1 1
0 1 35 1 1
0 3 37 1 1
0 8 31 1 1
0 6 29 1 1
0 5 28 1 1
0 12 34 1 1
0 3 38 1 1
0 5 40 1 1
0 6 41 1 1
0 4 39 1 1
0 7 42 1 1
0 9 44 1 1
0 12 35 1 1
0 8 43 1 1
0 2 37 1 1
0 1 36 1 1
0 2 36 1 1
0 3 36 1 1
0 4 36 1 1
0 5 36 1 1
0 8 36 1 1
0 6 36 1 1
0 9 36 1 1
0 7 36 1 1
0 10 36 1 1
0 1 36 1 1
0 7 41 1 1
0 9 39 1 1
0 6 42 1 1
0 10 38 1 1
0 11 37 1 1
0 1 36 1 1
0 4 44 1 1
0 5 43 1 1
0 2 35 1 1
0 8 40 1 1
0 12 38 1 1
0 2 40 1 1
0 5 43 1 1
0 10 37 1 1
0 3 41 1 1
0 4 42 1 1
0 9 36 1 1
0 6 44 1 1
0 8 35 1 1
0 1 39 1 1
0 10 39 1 1
0 7 39 1 1
0 9 39 1 1
0 6 39 1 1
0 8 39 1 1
0 5 39 1 1
0 4 39 1 1
0 3 39 1 1
0 2 39 1 1
0 1 39 1 1
0 2 38 1 1
0 11 40 1 1
0 9 42 1 1
0 10 41 1 1
0 4 36 1 1
0 8 43 1 1
0 5 35 1 1
0 3 37 1 1
0 1 39 1 1
0 7 44 1 1
0 7 37 1 1
0 9 39 1 1
0 2 43 1 1
0 10 40 1 1
0 1 42 1 1
0 3 44 1 1
0 8 38 1 1
0 6 36 1 1
0 5 35 1 1
0 12 41 1 1
0 3 45 1 1
0 5 47 1 1
0 6 48 1 1
0 4 46 1 1
0 7 49 1 1
0 9 51 1 1
0 12 42 1 1
0 8 50 1 1
0 2 44 1 1
0 1 43 1 1
0 2 43 1 1
0 3 43 1 1
0 4 43 1 1
0 5 43 1 1
0 8 43 1 1
0 6 43 1 1
0 9 43 1 1
0 7 43 1 1
0 10 43 1 1
0 1 43 1 1
0 7 48 1 1
0 9 46 1 1
0 6 49 1 1
0 10 45 1 1
0 11 44 1 1
0 1 43 1 1
0 4 51 1 1
0 5 50 1 1
0 2 42 1 1
0 8 47 1 1
0 12 45 1 1
0 2 47 1 1
0 5 50 1 1
0 10 44 1 1
0 3 48 1 1
0 4 49 1 1
0 9 43 1 1
0 6 51 1 1
0 8 42 1 1
0 1 46 1 1
0 10 46 1 1
0 7 46 1 1
0 9 46 1 1
0 6 46 1 1
0 8 46 1 1
0 5 46 1 1
0 4 46 1 1
0 3 46 1 1
0 2 46 1 1
0 1 46 1 1
0 2 45 1 1
0 11 47 1 1
0 9 49 1 1
0 10 48 1 1
0 4 43 1 1
0 8 50 1 1
0 5 42 1 1
0 3 44 1 1
0 1 46 1 1
0 7 51 1 1
0 7 44 1 1
0 9 46 1 1
0 2 50 1 1
0 10 47 1 1
0 1 49 1 1
0 3 51 1 1
0 8 45 1 1
0 6 43 1 1
0 5 42 1 1
0 12 48 1 1
0 3 52 1 1
0 5 54 1 1
0 6 55 1 1
0 4 53 1 1
0 7 56 1 1
0 9 58 1 1
0 12 49 1 1
0 8 57 1 1
0 2 51 1 1
0 1 50 1 1
0 2 50 1 1
0 3 50 1 1
0 4 50 1 1
0 5 50 1 1
0 8 50 1 1
0 6 50 1 1
0 9 50 1 1
0 7 50 1 1
0 10 50 1 1
0 1 50 1 1
0 7 55 1 1
0 9 53 1 1
0 6 56 1 1
0 10 52 1 1
0 11 51 1 1
0 1 50 1 1
0 4 58 1 1
0 5 57 1 1
0 2 49 1 1
0 8 54 1 1
0 12 52 1 1
0 2 54 1 1
0 5 57 1 1
0 10 51 1 1
0 3 55 1 1
0 4 56 1 1
0 9 50 1 1
0 6 58 1 1
0 8 49 1 1
0 1 53 1 1
0 10 53 1 1
0 7 53 1 1
0 9 53 1 1
0 6 53 1 1
0 8 53 1 1
0 5 53 1 1
0 4 53 1 1
0 3 53 1 1
0 2 53 1 1
0 1 53 1 1
0 2 52 1 1
0 11 54 1 1
0 9 56 1 1
0 10 55 1 1
0 4 50 1 1
0 8 57 1 1
0 5 49 1 1
0 3 51 1 1
0 1 53 1 1
0 7 58 1 1
0 7 51 1 1
0 9 53 1 1
0 2 57 1 1
0 10 54 1 1
0 1 56 1 1
0 3 58 1 1
0 8 52 1 1
0 6 50 1 1
0 5 49 1 1
0 12 55 1 1
0 3 59 1 1
0 5 61 1 1
0 6 62 1 1
0 4 60 1 1
0 7 63 1 1
0 9 65 1 1
0 12 56 1 1
0 8 64 1 1
0 2 58 1 1
0 1 57 1 1
0 2 57 1 1
0 3 57 1 1
0 4 57 1 1
0 5 57 1 1
0 8 57 1 1
0 6 57 1 1
0 9 57 1 1
0 7 57 1 1
0 10 57 1 1
0 1 57 1 1
0 7 62 1 1
0 9 60 1 1
0 6 63 1 1
0 10 59 1 1
0 11 58 1 1
0 1 57 1 1
0 4 65 1 1
0 5 64 1 1
0 2 56 1 1
0 8 61 1 1
0 12 59 1 1
0 2 61 1 1
0 5 64 1 1
0 10 58 1 1
0 3 62 1 1
0 4 63 1 1
0 9 57 1 1
0 6 65 1 1
0 8 56 1 1
0 1 60 1 1
0 10 60 1 1
0 7 60 1 1
0 9 60 1 1
0 6 60 1 1
0 8 60 1 1
0 5 60 1 1
0 4 60 1 1
0 3 60 1 1
0 2 60 1 1
0 1 60 1 1
0 2 59 1 1
0 11 61 1 1
0 9 63 1 1
0 10 62 1 1
0 4 57 1 1
0 8 64 1 1
0 5 56 1 1
0 3 58 1 1
0 1 60 1 1
0 7 65 1 1
0 7 58 1 1
0 9 60 1 1
0 2 64 1 1
0 10 61 1 1
0 1 63 1 1
0 3 65 1 1
0 8 59 1 1
0 6 57 1 1
0 5 56 1 1
0 12 62 1 1
0 3 66 1 1
0 5 68 1 1
0 6 69 1 1
0 4 67 1 1
0 7 70 1 1
0 9 72 1 1
0 12 63 1 1
0 8 71 1 1
0 2 65 1 1
0 1 64 1 1
0 2 64 1 1
0 3 64 1 1
0 4 64 1 1
0 5 64 1 1
0 8 64 1 1
0 6 64 1 1
0 9 64 1 1
0 7 64 1 1
0 10 64 1 1
0 1 64 1 1
0 7 69 1 1
0 9 67 1 1
0 6 70 1 1
0 10 66 1 1
0 11 65 1 1
0 1 64 1 1
0 4 72 1 1
0 5 71 1 1
0 2 63 1 1
0 8 68 1 1
0 12 66 1 1
0 2 68 1 1
0 5 71 1 1
0 10 65 1 1
0 3 69 1 1
0 4 70 1 1
0 9 64 1 1
0 6 72 1 1
0 8 63 1 1
0 1 67 1 1
0 10 67 1 1
0 7 67 1 1
0 9 67 1 1
0 6 67 1 1
0 8 67 1 1
0 5 67 1 1
0 4 67 1 1
0 3 67 1 1
0 2 67 1 1
0 1 67 1 1
0 2 66 1 1
0 11 68 1 1
0 9 70 1 1
0 10 69 1 1
0 4 64 1 1
0 8 71 1 1
0 5 63 1 1
0 3 65 1 1
0 1 67 1 1
0 7 72 1 1
0 7 65 1 1
0 9 67 1 1
0 2 71 1 1
0 10 68 1 1
0 1 70 1 1
0 3 72 1 1
0 8 66 1 1
0 6 64 1 1
0 5 63 1 1
0 12 69 1 1
0 3 73 1 1
0 5 75 1 1
0 6 76 1 1
0 4 74 1 1
0 7 77 1 1
0 9 79 1 1
0 12 70 1 1
0 8 78 1 1
0 2 72 1 1
0 1 71 1 1
0 2 71 1 1
0 3 71 1 1
0 4 71 1 1
0 5 71 1 1
0 8 71 1 1
0 6 71 1 1
0 9 71 1 1
0 7 71 1 1
0 10 71 1 1
0 1 71 1 1
0 7 76 1 1
0 9 74 1 1
0 6 77 1 1
0 10 73 1 1
0 11 72 1 1
0 1 71 1 1
0 4 79 1 1
0 5 78 1 1
0 2 70 1 1
0 8 75 1 1
0 12 73 1 1
0 2 75 1 1
0 5 78 1 1
0 10 72 1 1
0 3 76 1 1
0 4 77 1 1
0 9 71 1 1
0 6 79 1 1
0 8 70 1 1
0 1 74 1 1
0 10 74 1 1
0 7 74 1 1
0 9 74 1 1
0 6 74 1 1
0 8 74 1 1
0 5 74 1 1
0 4 74 1 1
0 3 74 1 1
0 2 74 1 1
0 1 74 1 1
0 2 73 1 1
0 11 75 1 1
0 9 77 1 1
0 10 76 1 1
0 4 71 1 1
0 8 78 1 1
0 5 70 1 1
0 3 72 1 1
0 1 74 1 1
0 7 79 1 1
0 7 72 1 1
0 9 74 1 1
0 2 78 1 1
0 10 75 1 1
0 1 77 1 1
0 3 79 1 1
0 8 73 1 1
0 6 71 1 1
0 5 70 1 1
0 12 76 1 1
0 3 80 1 1
0 5 82 1 1
0 6 83 1 1
0 4 81 1 1
0 7 84 1 1
0 9 86 1 1
0 12 77 1 1
0 8 85 1 1
0 2 79 1 1
0 1 78 1 1
0 2 78 1 1
0 3 78 1 1
0 4 78 1 1
0 5 78 1 1
0 8 78 1 1
0 6 78 1 1
0 9 78 1 1
0 7 78 1 1
0 10 78 1 1
0 1 78 1 1
0 7 83 1 1
0 9 81 1 1
0 6 84 1 1
0 10 80 1 1
0 11 79 1 1
0 1 78 1 1
0 4 86 1 1
0 5 85 1 1
0 2 77 1 1
0 8 82 1 1
0 12 80 1 1
0 2 82 1 1
0 5 85 1 1
0 10 79 1 1
0 3 83 1 1
0 4 84 1 1
0 9 78 1 1
0 6 86 1 1
0 8 77 1 1
0 1 81 1 1
0 10 81 1 1
0 7 81 1 1
0 9 81 1 1
0 6 81 1 1
0 8 81 1 1
0 5 81 1 1
0 4 81 1 1
0 3 81 1 1
0 2 81 1 1
0 1 81 1 1
0 2 80 1 1
0 11 82 1 1
0 9 84 1 1
0 10 83 1 1
0 4 78 1 1
0 8 85 1 1
0 5 77 1 1
0 3 79 1 1
0 1 81 1 1
0 7 86 1 1
0 7 79 1 1
0 9 81 1 1
0 2 85 1 1
0 10 82 1 1
0 1 84 1 1
0 3 86 1 1
0 8 80 1 1
0 6 78 1 1
0 5 77 1 1
0 12 83 1 1
0 3 87 1 1
0 5 89 1 1
0 6 90 1 1
0 4 88 1 1
0 7 91 1 1
0 9 93 1 1
0 12 84 1 1
0 8 92 1 1
0 2 86 1 1
0 1 85 1 1
0 2 85 1 1
0 3 85 1 1
0 4 85 1 1
0 5 85 1 1
0 8 85 1 1
0 6 85 1 1
0 9 85 1 1
0 7 85 1 1
0 10 85 1 1
0 1 85 1 1
0 7 90 1 1
0 9 88 1 1
0 6 91 1 1
0 10 87 1 1
0 11 86 1 1
0 1 85 1 1
0 4 93 1 1
0 5 92 1 1
0 2 84 1 1
0 8 89 1 1
0 12 87 1 1
0 2 89 1 1
0 5 92 1 1
0 10 86 1 1
0 3 90 1 1
0 4 91 1 1
0 9 85 1 1
0 6 93 1 1
0 8 84 1 1
0 1 88 1 1
0 10 88 1 1
0 7 88 1 1
0 9 88 1 1
0 6 88 1 1
0 8 88 1 1
0 5 88 1 1
0 4 88 1 1
0 3 88 1 1
0 2 88 1 1
0 1 88 1 1
0 2 87 1 1
0 11 89 1 1
0 9 91 1 1
0 10 90 1 1
0 4 85 1 1
0 8 92 1 1
0 5 84 1 1
0 3 86 1 1
0 1 88 1 1
0 7 93 1 1
0 7 86 1 1
0 9 88 1 1
0 2 92 1 1
0 10 89 1 1
0 1 91 1 1
0 3 93 1 1
0 8 87 1 1
0 6 85 1 1
0 5 84 1 1
0 12 90 1 1
0 3 94 1 1
0 5 96 1 1
0 6 97 1 1
0 4 95 1 1
0 7 98 1 1
0 9 100 1 1
0 12 91 1 1
0 8 99 1 1
0 2 93 1 1
0 1 92 1 1
0 2 92 1 1
0 3 92 1 1
0 4 92 1 1
0 5 92 1 1
0 8 92 1 1
0 6 92 1 1
0 9 92 1 1
0 7 92 1 1
0 10 92 1 1
0 1 92 1 1
0 7 97 1 1
0 9 95 1 1
0 6 98 1 1
0 10 94 1 1
0 11 93 1 1
0 1 92 1 1
0 4 100 1 1
0 5 99 1 1
0 2 91 1 1
0 8 96 1 1
0 12 94 1 1
0 2 96 1 1
0 5 99 1 1
0 10 93 1 1
0 3 97 1 1
0 4 98 1 1
0 9 92 1 1
0 6 100 1 1
0 8 91 1 1
0 1 95 1 1
0 10 95 1 1
0 7 95 1 1
0 9 95 1 1
0 6 95 1 1
0 8 95 1 1
0 5 95 1 1
0 4 95 1 1
0 3 95 1 1
0 2 95 1 1
0 1 95 1 1
0 2 94 1 1
0 11 96 1 1
0 9 98 1 1
0 10 97 1 1
0 4 92 1 1
0 8 99 1 1
0 5 91 1 1
0 3 93 1 1
0 1 95 1 1
0 7 100 1 1
0 7 93 1 1
0 9 95 1 1
0 2 99 1 1
0 10 96 1 1
0 1 98 1 1
0 3 100 1 1
0 8 94 1 1
0 6 92 1 1
0 5 91 1 1
0 12 97 1 1
0 3 101 1 1
0 5 103 1 1
0 6 104 1 1
0 4 102 1 1
0 7 105 1 1
0 9 107 1 1
0 12 98 1 1
0 8 106 1 1
0 2 100 1 1
0 1 99 1 1
0 2 99 1 1
0 3 99 1 1
0 4 99 1 1
0 5 99 1 1
0 8 99 1 1
0 6 99 1 1
0 9 99 1 1
0 7 99 1 1
0 10 99 1 1
0 1 99 1 1
0 7 104 1 1
0 9 102 1 1
0 6 105 1 1
0 10 101 1 1
0 11 100 1 1
0 1 99 1 1
0 4 107 1 1
0 5 106 1 1
0 2 98 1 1
0 8 103 1 1
0 12 101 1 1
0 2 103 1 1
0 5 106 1 1
0 10 100 1 1
0 3 104 1 1
0 4 105 1 1
0 9 99 1 1
0 6 107 1 1
0 8 98 1 1
0 1 102 1 1
0 10 102 1 1
0 7 102 1 1
0 9 102 1 1
0 6 102 1 1
0 8 102 1 1
0 5 102 1 1
0 4 102 1 1
0 3 102 1 1
0 2 102 1 1
0 1 102 1 1
0 2 101 1 1
0 11 103 1 1
0 9 105 1 1
0 10 104 1 1
0 4 99 1 1
0 8 106 1 1
0 5 98 1 1
0 3 100 1 1
0 1 102 1 1
0 7 107 1 1
0 7 100 1 1
0 9 102 1 1
0 2 106 1 1
0 10 103 1 1
0 1 105 1 1
0 3 107 1 1
0 8 101 1 1
0 6 99 1 1
0 5 98 1 1
0 12 104 1 1
0 3 108 1 1
0 5 110 1 1
0 6 111 1 1
0 4 109 1 1
0 7 112 1 1
0 9 114 1 1
0 12 105 1 1
0 8 113 1 1
0 2 107 1 1
0 1 106 1 1
0 2 106 1 1
0 3 106 1 1
0 4 106 1 1
0 5 106 1 1
0 8 106 1 1
0 6 106 1 1
0 9 106 1 1
0 7 106 1 1
0 10 106 1 1
0 1 106 1 1
0 7 111 1 1
0 9 109 1 1
0 6 112 1 1
0 10 108 1 1
0 11 107 1 1
0 1 106 1 1
0 4 114 1 1
0 5 113 1 1
0 2 105 1 1
0 8 110 1 1
0 12 108 1 1
0 2 110 1 1
0 5 113 1 1
0 10 107 1 1
0 3 111 1 1
0 4 112 1 1
0 9 106 1 1
0 6 114 1 1
0 8 105 1 1
0 1 109 1 1
0 10 109 1 1
0 7 109 1 1
0 9 109 1 1
0 6 109 1 1
0 8 109 1 1
0 5 109 1 1
0 4 109 1 1
0 3 109 1 1
0 2 109 1 1
0 1 109 1 1
0 2 108 1 1
0 11 110 1 1
0 9 112 1 1
0 10 111 1 1
0 4 106 1 1
0 8 113 1 1
0 5 105 1 1
0 3 107 1 1
0 1 109 1 1
0 7 114 1 1
0 7 107 1 1
0 9 109 1 1
0 2 113 1 1
0 10 110 1 1
0 1 112 1 1
0 3 114 1 1
0 8 108 1 1
0 6 106 1 1
0 5 105 1 1
0 12 111 1 1
0 3 115 1 1
0 5 117 1 1
0 6 118 1 1
0 4 116 1 1
0 7 119 1 1
0 9 121 1 1
0 12 112 1 1
0 8 120 1 1
0 2 114 1 1
0 1 113 1 1
0 2 113 1 1
0 3 113 1 1
0 4 113 1 1
0 5 113 1 1
0 8 113 1 1
0 6 113 1 1
0 9 113 1 1
0 7 113 1 1
0 10 113 1 1
0 1 113 1 1
0 7 118 1 1
0 9 116 1 1
0 6 119 1 1
0 10 115 1 1
0 11 114 1 1
0 1 113 1 1
0 4 121 1 1
0 5 120 1 1
0 2 112 1 1
0 8 117 1 1
0 12 115 1 1
0 2 117 1 1
0 5 120 1 1
0 10 114 1 1
0 3 118 1 1
0 4 119 1 1
0 9 113 1 1
0 6 121 1 1
0 8 112 1 1
0 1 116 1 1
0 10 116 1 1
0 7 116 1 1
0 9 116 1 1
0 6 116 1 1
0 8 116 1 1
0 5 116 1 1
0 4 116 1 1
0 3 116 1 1
0 2 116 1 1
0 1 116 1 1
0 2 115 1 1
0 11 117 1 1
0 9 119 1 1
0 10 118 1 1
0 4 113 1 1
0 8 120 1 1
0 5 112 1 1
0 3 114 1 1
0 1 116 1 1
0 7 121 1 1
0 7 114 1 1
0 9 116 1 1
0 2 120 1 1
0 10 117 1 1
0 1 119 1 1
0 3 121 1 1
0 8 115 1 1
0 6 113 1 1
0 5 112 1 1
0 12 118 1 1
0 3 122 1 1
0 5 124 1 1
0 6 125 1 1
0 4 123 1 1
0 7 126 1 1
0 9 128 1 1
0 12 119 1 1
0 8 127 1 1
0 2 121 1 1
0 1 120 1 1
0 2 120 1 1
0 3 120 1 1
0 4 120 1 1
0 5 120 1 1
0 8 120 1 1
0 6 120 1 1
0 9 120 1 1
0 7 120 1 1
0 10 120 1 1
0 1 120 1 1
0 7 125 1 1
0 9 123 1 1
0 6 126 1 1
0 10 122 1 1
0 11 121 1 1
0 1 120 1 1
0 4 128 1 1
0 5 127 1 1
0 2 119 1 1
0 8 124 1 1
0 12 122 1 1
0 2 124 1 1
0 5 127 1 1
0 10 121 1 1
0 3 125 1 1
0 4 126 1 1
0 9 120 1 1
0 6 128 1 1
0 8 119 1 1
0 1 123 1 1
0 10 123 1 1
0 7 123 1 1
0 9 123 1 1
0 6 123 1 1
0 8 123 1 1
0 5 123 1 1
0 4 123 1 1
0 3 123 1 1
0 2 123 1 1
0 1 123 1 1
0 2 122 1 1
0 11 124 1 1
0 9 126 1 1
0 10 125 1 1
0 4 120 1 1
0 8 127 1 1
0 5 119 1 1
0 3 121 1 1
0 1 123 1 1
0 7 128 1 1
0 7 121 1 1
0 9 123 1 1
0 2 127 1 1
0 10 124 1 1
0 1 126 1 1
0 3 128 1 1
0 8 122 1 1
0 6 120 1 1
0 5 119 1 1
0 12 125 1 1
0 3 129 1 1
0 5 131 1 1
0 6 132 1 1
0 4 130 1 1
0 7 133 1 1
0 9 135 1 1
0 12 126 1 1
0 8 134 1 1
0 2 128 1 1
0 1 127 1 1
0 2 127 1 1
0 3 127 1 1
0 4 127 1 1
0 5 127 1 1
0 8 127 1 1
0 6 127 1 1
0 9 127 1 1
0 7 127 1 1
0 10 127 1 1
0 1 127 1 1
0 7 132 1 1
0 9 130 1 1
0 6 133 1 1
0 10 129 1 1
0 11 128 1 1
0 1 127 1 1
0 4 135 1 1
0 5 134 1 1
0 2 126 1 1
0 8 131 1 1
0 12 129 1 1
0 2 131 1 1
0 5 134 1 1
0 10 128 1 1
0 3 132 1 1
0 4 133 1 1
0 9 127 1 1
0 6 135 1 1
0 8 126 1 1
0 1 130 1 1
0 10 130 1 1
0 7 130 1 1
0 9 130 1 1
0 6 130 1 1
0 8 130 1 1
0 5 130 1 1
0 4 130 1 1
0 3 130 1 1
0 2 130 1 1
0 1 130 1 1
0 2 129 1 1
0 11 131 1 1
0 9 133 1 1
0 10 132 1 1
0 4 127 1 1
0 8 134 1 1
0 5 126 1 1
0 3 128 1 1
0 1 130 1 1
0 7 135 1 1
0 7 128 1 1
0 9 130 1 1
0 2 134 1 1
0 10 131 1 1
0 1 133 1 1
0 3 135 1 1
0 8 129 1 1
0 6 127 1 1
0 5 126 1 1
0 12 132 1 1
0 3 136 1 1
0 5 138 1 1
0 6 139 1 1
0 4 137 1 1
0 7 140 1 1
0 9 142 1 1
0 12 133 1 1
0 8 141 1 1
0 2 135 1 1
0 1 134 1 1
0 2 134 1 1
0 3 134 1 1
0 4 134 1 1
0 5 134 1 1
0 8 134 1 1
0 6 134 1 1
0 9 134 1 1
0 7 134 1 1
0 10 134 1 1
0 1 134 1 1
0 7 139 1 1
0 9 137 1 1
0 6 140 1 1
0 10 136 1 1
0 11 135 1 1
0 1 134 1 1
0 4 142 1 1
0 5 141 1 1
0 2 133 1 1
0 8 138 1 1
0 12 136 1 1
0 2 138 1 1
0 5 141 1 1
0 10 135 1 1
0 3 139 1 1
0 4 140 1 1
0 9 134 1 1
0 6 142 1 1
0 8 133 1 1
0 1 137 1 1
0 10 137 1 1
0 7 137 1 1
0 9 137 1 1
0 6 137 1 1
0 8 137 1 1
0 5 137 1 1
0 4 137 1 1
0 3 137 1 1
0 2 137 1 1
0 1 137 1 1
0 2 136 1 1
0 11 138 1 1
0 9 140 1 1
0 10 139 1 1
0 4 134 1 1
0 8 141 1 1
0 5 133 1 1
0 3 135 1 1
0 1 137 1 1
0 7 142 1 1
0 7 135 1 1
0 9 137 1 1
0 2 141 1 1
0 10 138 1 1
0 1 140 1 1
0 3 142 1 1
0 8 136 1 1
0 6 134 1 1
0 5 133 1 1
0 12 139 1 1
0 3 143 1 1
0 5 145 1 1
0 6 146 1 1
0 4 144 1 1
0 7 147 1 1
0 9 149 1 1
0 12 140 1 1
0 8 148 1 1
0 2 142 1 1
0 1 141 1 1
0 2 141 1 1
0 3 141 1 1
0 4 141 1 1
0 5 141 1 1
0 8 141 1 1
0 6 141 1 1
0 9 141 1 1
0 7 141 1 1
0 10 141 1 1
0 1 141 1 1
0 7 146 1 1
0 9 144 1 1
0 6 147 1 1
0 10 143 1 1
0 11 142 1 1
0 1 141 1 1
0 4 149 1 1
0 5 148 1 1
0 2 140 1 1
0 8 145 1 1
0 12 143 1 1
0 2 145 1 1
0 5 148 1 1
0 10 142 1 1
0 3 146 1 1
0 4 147 1 1
0 9 141 1 1
0 6 149 1 1
0 8 140 1 1
0 1 144 1 1
0 10 144 1 1
0 7 144 1 1
0 9 144 1 1
0 6 144 1 1
0 8 144 1 1
0 5 144 1 1
0 4 144 1 1
0 3 144 1 1
0 2 144 1 1
0 1 144 1 1
0 2 143 1 1
0 11 145 1 1
0 9 147 1 1
0 10 146 1 1
0 4 141 1 1
0 8 148 1 1
0 5 140 1 1
0 3 142 1 1
0 1 144 1 1
0 7 149 1 1
0 7 142 1 1
0 9 144 1 1
0 2 148 1 1
0 10 145 1 1
0 1 147 1 1
0 3 149 1 1
0 8 143 1 1
0 6 141 1 1
0 5 140 1 1
0 12 146 1 1
0 3 150 1 1
0 5 152 1 1
0 6 153 1 1
0 4 151 1 1
0 7 154 1 1
0 9 156 1 1
0 12 147 1 1
0 8 155 1 1
0 2 149 1 1
0 1 148 1 1
0 2 148 1 1
0 3 148 1 1
0 4 148 1 1
0 5 148 1 1
0 8 148 1 1
0 6 148 1 1
0 9 148 1 1
0 7 148 1 1
0 10 148 1 1
0 1 148 1 1
0 7 153 1 1
0 9 151 1 1
0 6 154 1 1
0 10 150 1 1
0 11 149 1 1
0 1 148 1 1
0 4 156 1 1
0 5 155 1 1
0 2 147 1 1
0 8 152 1 1
0 12 150 1 1
0 2 152 1 1
0 5 155 1 1
0 10 149 1 1
0 3 153 1 1
0 4 154 1 1
0 9 148 1 1
0 6 156 1 1
0 8 147 1 1
0 1 151 1 1
0 10 151 1 1
0 7 151 1 1
0 9 151 1 1
0 6 151 1 1
0 8 151 1 1
0 5 151 1 1
0 4 151 1 1
0 3 151 1 1
0 2 151 1 1
0 1 151 1 1
0 2 150 1 1
0 11 152 1 1
0 9 154 1 1
0 10 153 1 1
0 4 148 1 1
0 8 155 1 1
0 5 147 1 1
0 3 149 1 1
0 1 151 1 1
0 7 156 1 1
0 7 149 1 1
0 9 151 1 1
0 2 155 1 1
0 10 152 1 1
0 1 154 1 1
0 3 156 1 1
0 8 150 1 1
0 6 148 1 1
0 5 147 1 1
0 12 153 1 1
0 3 157 1 1
0 5 159 1 1
0 6 160 1 1
0 4 158 1 1
0 7 161 1 1
0 9 163 1 1
0 12 154 1 1
0 8 162 1 1
0 2 156 1 1
0 1 155 1 1
0 2 155 1 1
0 3 155 1 1
0 4 155 1 1
0 5 155 1 1
0 8 155 1 1
0 6 155 1 1
0 9 155 1 1
0 7 155 1 1
0 10 155 1 1
0 1 155 1 1
0 7 160 1 1
0 9 158 1 1
0 6 161 1 1
0 10 157 1 1
0 11 156 1 1
0 1 155 1 1
0 4 163 1 1
0 5 162 1 1
0 2 154 1 1
0 8 159 1 1
0 12 157 1 1
0 2 159 1 1
0 5 162 1 1
0 10 156 1 1
0 3 160 1 1
0 4 161 1 1
0 9 155 1 1
0 6 163 1 1
0 8 154 1 1
0 1 158 1 1
0 10 158 1 1
0 7 158 1 1
0 9 158 1 1
0 6 158 1 1
0 8 158 1 1
0 5 158 1 1
0 4 158 1 1
0 3 158 1 1
0 2 158 1 1
0 1 158 1 1
0 2 157 1 1
0 11 159 1 1
0 9 161 1 1
0 10 160 1 1
0 4 155 1 1
0 8 162 1 1
0 5 154 1 1
0 3 156 1 1
0 1 158 1 1
0 7 163 1 1
0 7 156 1 1
0 9 158 1 1
0 2 162 1 1
0 10 159 1 1
0 1 161 1 1
0 3 163 1 1
0 8 157 1 1
0 6 155 1 1
0 5 154 1 1
0 12 160 1 1
0 3 164 1 1
0 5 166 1 1
0 6 167 1 1
0 4 165 1 1
0 7 168 1 1
0 9 170 1 1
0 12 161 1 1
0 8 169 1 1
0 2 163 1 1
0 1 162 1 1
0 2 162 1 1
0 3 162 1 1
0 4 162 1 1
0 5 162 1 1
0 8 162 1 1
0 6 162 1 1
0 9 162 1 1
0 7 162 1 1
0 10 162 1 1
0 1 162 1 1
0 7 167 1 1
0 9 165 1 1
0 6 168 1 1
0 10 164 1 1
0 11 163 1 1
0 1 162 1 1
0 4 170 1 1
0 5 169 1 1
0 2 161 1 1
0 8 166 1 1
0 12 164 1 1
0 2 166 1 1
0 5 169 1 1
0 10 163 1 1
0 3 167 1 1
0 4 168 1 1
0 9 162 1 1
0 6 170 1 1
0 8 161 1 1
0 1 165 1 1
0 10 165 1 1
0 7 165 1 1
0 9 165 1 1
0 6 165 1 1
0 8 165 1 1
0 5 165 1 1
0 4 165 1 1
0 3 165 1 1
0 2 165 1 1
0 1 165 1 1
0 2 164 1 1
0 11 166 1 1
0 9 168 1 1
0 10 167 1 1
0 4 162 1 1
0 8 169 1 1
0 5 161 1 1
0 3 163 1 1
0 1 165 1 1
0 7 170 1 1
0 7 163 1 1
0 9 165 1 1
0 2 169 1 1
0 10 166 1 1
0 1 168 1 1
0 3 170 1 1
0 8 164 1 1
0 6 162 1 1
0 5 161 1 1
0 12 167 1 1
0 3 171 1 1
0 5 173 1 1
0 6 174 1 1
0 4 172 1 1
0 7 175 1 1
0 9 177 1 1
0 12 168 1 1
0 8 176 1 1
0 2 170 1 1
0 1 169 1 1
0 2 169 1 1
0 3 169 1 1
0 4 169 1 1
0 5 169 1 1
0 8 169 1 1
0 6 169 1 1
0 9 169 1 1
0 7 169 1 1
0 10 169 1 1
0 1 169 1 1
0 7 174 1 1
0 9 172 1 1
0 6 175 1 1
0 10 171 1 1
0 11 170 1 1
0 1 169 1 1
0 4 177 1 1
0 5 176 1 1
0 2 168 1 1
0 8 173 1 1
0 12 171 1 1
0 2 173 1 1
0 5 176 1 1
0 10 170 1 1
0 3 174 1 1
0 4 175 1 1
0 9 169 1 1
0 6 177 1 1
0 8 168 1 1
0 1 172 1 1
0 10 172 1 1
0 7 172 1 1
0 9 172 1 1
0 6 172 1 1
0 8 172 1 1
0 5 172 1 1
0 4 172 1 1
0 3 172 1 1
0 2 172 1 1
0 1 172 1 1
0 2 171 1 1
0 11 173 1 1
0 9 175 1 1
0 10 174 1 1
0 4 169 1 1
0 8 176 1 1
0 5 168 1 1
0 3 170 1 1
0 1 172 1 1
0 7 177 1 1
0 7 170 1 1
0 9 172 1 1
0 2 176 1 1
0 10 173 1 1
0 1 175 1 1
0 3 177 1 1
0 8 171 1 1
0 6 169 1 1
0 5 168 1 1
0 12 174 1 1
0 3 178 1 1
0 5 180 1 1
0 6 181 1 1
0 4 179 1 1
0 7 182 1 1
0 9 184 1 1
0 12 175 1 1
0 8 183 1 1
0 2 177 1 1
0 1 176 1 1
0 2 176 1 1
0 3 176 1 1
0 4 176 1 1
0 5 176 1 1
0 8 176 1 1
0 6 176 1 1
0 9 176 1 1
0 7 176 1 1
0 10 176 1 1
0 1 176 1 1
0 7 181 1 1
0 9 179 1 1
0 6 182 1 1
0 10 178 1 1
0 11 177 1 1
0 1 176 1 1
0 4 184 1 1
0 5 183 1 1
0 2 175 1 1
0 8 180 1 1
0 12 178 1 1
0 2 180 1 1
0 5 183 1 1
0 10 177 1 1
0 3 181 1 1
0 4 182 1 1
0 9 176 1 1
0 6 184 1 1
0 8 175 1 1
0 1 179 1 1
0 10 179 1 1
0 7 179 1 1
0 9 179 1 1
0 6 179 1 1
0 8 179 1 1
0 5 179 1 1
0 4 179 1 1
0 3 179 1 1
0 2 179 1 1
0 1 179 1 1
0 2 178 1 1
0 11 180 1 1
0 9 182 1 1
0 10 181 1 1
0 4 176 1 1
0 8 183 1 1
0 5 175 1 1
0 3 177 1 1
0 1 179 1 1
0 7 184 1 1
0 7 177 1 1
0 9 179 1 1
0 2 183 1 1
0 10 180 1 1
0 1 182 1 1
0 3 184 1 1
0 8 178 1 1
0 6 176 1 1
0 5 175 1 1
0 12 181 1 1
0 3 185 1 1
0 5 187 1 1
0 6 188 1 1
0 4 186 1 1
0 7 189 1 1
0 9 191 1 1
0 12 182 1 1
0 8 190 1 1
0 2 184 1 1
0 1 183 1 1
0 2 183 1 1
0 3 183 1 1
0 4 183 1 1
0 5 183 1 1
0 8 183 1 1
0 6 183 1 1
0 9 183 1 1
0 7 183 1 1
0 10 183 1 1
0 1 183 1 1
0 7 188 1 1
0 9 186 1 1
0 6 189 1 1
0 10 185 1 1
0 11 184 1 1
0 1 183 1 1
0 4 191 1 1
0 5 190 1 1
0 2 182 1 1
0 8 187 1 1
0 12 185 1 1
0 2 187 1 1
0 5 190 1 1
0 10 184 1 1
0 3 188 1 1
0 4 189 1 1
0 9 183 1 1
0 6 191 1 1
0 8 182 1 1
0 1 186 1 1
0 10 186 1 1
0 7 186 1 1
0 9 186 1 1
0 6 186 1 1
0 8 186 1 1
0 5 186 1 1
0 4 186 1 1
0 3 186 1 1
0 2 186 1 1
0 1 186 1 1
0 2 185 1 1
0 11 187 1 1
0 9 189 1 1
0 10 188 1 1
0 4 183 1 1
0 8 190 1 1
0 5 182 1 1
0 3 184 1 1
0 1 186 1 1
0 7 191 1 1
0 7 184 1 1
0 9 186 1 1
0 2 190 1 1
0 10 187 1 1
0 1 189 1 1
0 3 191 1 1
0 8 185 1 1
0 6 183 1 1
0 5 182 1 1
0 12 188 1 1
0 3 192 1 1
0 5 194 1 1
0 6 195 1 1
0 4 193 1 1
0 7 196 1 1
0 9 198 1 1
0 12 189 1 1
0 8 197 1 1
0 2 191 1 1
0 1 190 1 1
0 2 190 1 1
0 3 190 1 1
0 4 190 1 1
0 5 190 1 1
0 8 190 1 1
0 6 190 1 1
0 9 190 1 1
0 7 190 1 1
0 10 190 1 1
0 1 190 1 1
0 7 195 1 1
0 9 193 1 1
0 6 196 1 1
0 10 192 1 1
0 11 191 1 1
0 1 190 1 1
0 4 198 1 1
0 5 197 1 1
0 2 189 1 1
0 8 194 1 1
0 12 192 1 1
0 2 194 1 1
0 5 197 1 1
0 10 191 1 1
0 3 195 1 1
0 4 196 1 1
0 9 190 1 1
0 6 198 1 1
0 8 189 1 1
0 1 193 1 1
0 10 193 1 1
0 7 193 1 1
0 9 193 1 1
0 6 193 1 1
0 8 193 1 1
0 5 193 1 1
0 4 193 1 1
0 3 193 1 1
0 2 193 1 1
0 1 193 1 1
0 2 192 1 1
0 11 194 1 1
0 9 196 1 1
0 10 195 1 1
0 4 190 1 1
0 8 197 1 1
0 5 189 1 1
0 3 191 1 1
0 1 193 1 1
0 7 198 1 1
0 7 191 1 1
0 9 193 1 1
0 2 197 1 1
0 10 194 1 1
0 1 196 1 1
0 3 198 1 1
0 8 192 1 1
0 6 190 1 1
0 5 189 1 1
0 12 195 1 1
0 3 199 1 1
0 5 201 1 1
0 6 202 1 1
0 4 200 1 1
0 7 203 1 1
0 9 205 1 1
0 12 196 1 1
0 8 204 1 1
0 2 198 1 1
0 1 197 1 1
0 2 197 1 1
0 3 197 1 1
0 4 197 1 1
0 5 197 1 1
0 8 197 1 1
0 6 197 1 1
0 9 197 1 1
0 7 197 1 1
0 10 197 1 1
0 1 197 1 1
0 7 202 1 1
0 9 200 1 1
0 6 203 1 1
0 10 199 1 1
0 11 198 1 1
0 1 197 1 1
0 4 205 1 1
0 5 204 1 1
0 2 196 1 1
0 8 201 1 1
0 12 199 1 1
0 2 201 1 1
0 5 204 1 1
0 10 198 1 1
0 3 202 1 1
0 4 203 1 1
0 9 197 1 1
0 6 205 1 1
0 8 196 1 1
0 1 200 1 1
0 10 200 1 1
0 7 200 1 1
0 9 200 1 1
0 6 200 1 1
0 8 200 1 1
0 5 200 1 1
0 4 200 1 1
0 3 200 1 1
0 2 200 1 1
0 1 200 1 1
0 2 199 1 1
0 11 201 1 1
0 9 203 1 1
0 10 202 1 1
0 4 197 1 1
0 8 204 1 1
0 5 196 1 1
0 3 198 1 1
0 1 200 1 1
0 7 205 1 1
0 7 198 1 1
0 9 200 1 1
0 2 204 1 1
0 10 201 1 1
0 1 203 1 1
0 3 205 1 1
0 8 199 1 1
0 6 197 1 1
0 5 196 1 1
0 12 202 1 1
0 3 206 1 1
0 5 208 1 1
0 6 209 1 1
0 4 207 1 1
0 7 210 1 1
0 9 212 1 1
0 12 203 1 1
0 8 211 1 1
0 2 205 1 1
0 1 204 1 1
0 2 204 1 1
0 3 204 1 1
0 4 204 1 1
0 5 204 1 1
0 8 204 1 1
0 6 204 1 1
0 9 204 1 1
0 7 204 1 1
0 10 204 1 1
0 1 204 1 1
0 7 209 1 1
0 9 207 1 1
0 6 210 1 1
0 10 206 1 1
0 11 205 1 1
0 1 204 1 1
0 4 212 1 1
0 5 211 1 1
0 2 203 1 1
0 8 208 1 1
0 12 206 1 1
0 2 208 1 1
0 5 211 1 1
0 10 205 1 1
0 3 209 1 1
0 4 210 1 1
0 9 204 1 1
0 6 212 1 1
0 8 203 1 1
0 1 207 1 1
0 10 207 1 1
0 7 207 1 1
0 9 207 1 1
0 6 207 1 1
0 8 207 1 1
0 5 207 1 1
0 4 207 1 1
0 3 207 1 1
0 2 207 1 1
0 1 207 1 1
0 2 206 1 1
0 11 208 1 1
0 9 210 1 1
0 10 209 1 1
0 4 204 1 1
0 8 211 1 1
0 5 203 1 1
0 3 205 1 1
0 1 207 1 1
0 7 212 1 1
0 7 205 1 1
0 9 207 1 1
0 2 211 1 1
0 10 208 1 1
0 1 210 1 1
0 3 212 1 1
0 8 206 1 1
0 6 204 1 1
0 5 203 1 1
0 12 209 1 1
0 3 213 1 1
0 5 215 1 1
0 6 216 1 1
0 4 214 1 1
0 7 217 1 1
0 9 219 1 1
0 12 210 1 1
0 8 218 1 1
0 2 212 1 1
0 1 211 1 1
0 2 211 1 1
0 3 211 1 1
0 4 211 1 1
0 5 211 1 1
0 8 211 1 1
0 6 211 1 1
0 9 211 1 1
0 7 211 1 1
0 10 211 1 1
0 1 211 1 1
0 7 216 1 1
0 9 214 1 1
0 6 217 1 1
0 10 213 1 1
0 11 212 1 1
0 1 211 1 1
0 4 219 1 1
0 5 218 1 1
0 2 210 1 1
0 8 215 1 1
0 12 213 1 1
0 2 215 1 1
0 5 218 1 1
0 10 212 1 1
0 3 216 1 1
0 4 217 1 1
0 9 211 1 1
0 6 219 1 1
0 8 210 1 1
0 1 214 1 1
0 10 214 1 1
0 7 214 1 1
0 9 214 1 1
0 6 214 1 1
0 8 214 1 1
0 5 214 1 1
0 4 214 1 1
0 3 214 1 1
0 2 214 1 1
0 1 214 1 1
0 2 213 1 1
0 11 215 1 1
0 9 217 1 1
0 10 216 1 1
0 4 211 1 1
0 8 218 1 1
0 5 210 1 1
0 3 212 1 1
0 1 214 1 1
0 7 219 1 1
0 7 212 1 1
0 9 214 1 1
0 2 218 1 1
0 10 215 1 1
0 1 217 1 1
0 3 219 1 1
0 8 213 1 1
0 6 211 1 1
0 5 210 1 1
0 12 216 1 1
0 3 220 1 1
0 5 222 1 1
0 6 223 1 1
0 4 221 1 1
0 7 224 1 1
0 9 226 1 1
0 12 217 1 1
0 8 225 1 1
0 2 219 1 1
0 1 218 1 1
0 2 218 1 1
0 3 218 1 1
0 4 218 1 1
0 5 218 1 1
0 8 218 1 1
0 6 218 1 1
0 9 218 1 1
0 7 218 1 1
0 10 218 1 1
0 1 218 1 1
0 7 223 1 1
0 9 221 1 1
0 6 224 1 1
0 10 220 1 1
0 11 219 1 1
0 1 218 1 1
0 4 226 1 1
0 5 225 1 1
0 2 217 1 1
0 8 222 1 1
0 12 220 1 1
0 2 222 1 1
0 5 225 1 1
0 10 219 1 1
0 3 223 1 1
0 4 224 1 1
0 9 218 1 1
0 6 226 1 1
0 8 217 1 1
0 1 221 1 1
0 10 221 1 1
0 7 221 1 1
0 9 221 1 1
0 6 221 1 1
0 8 221 1 1
0 5 221 1 1
0 4 221 1 1
0 3 221 1 1
0 2 221 1 1
0 1 221 1 1
0 2 220 1 1
0 11 222 1 1
0 9 224 1 1
0 10 223 1 1
0 4 218 1 1
0 8 225 1 1
0 5 217 1 1
0 3 219 1 1
0 1 221 1 1
0 7 226 1 1
0 7 219 1 1
0 9 221 1 1
0 2 225 1 1
0 10 222 1 1
0 1 224 1 1
0 3 226 1 1
0 8 220 1 1
0 6 218 1 1
0 5 217 1 1
0 12 223 1 1
0 3 227 1 1
0 5 229 1 1
0 6 230 1 1
0 4 228 1 1
0 7 231 1 1
0 9 233 1 1
0 12 224 1 1
0 8 232 1 1
0 2 226 1 1
0 1 225 1 1
0 2 225 1 1
0 3 225 1 1
0 4 225 1 1
0 5 225 1 1
0 8 225 1 1
0 6 225 1 1
0 9 225 1 1
0 7 225 1 1
0 10 225 1 1
0 1 225 1 1
0 7 230 1 1
0 9 228 1 1
0 6 231 1 1
0 10 227 1 1
0 11 226 1 1
0 1 225 1 1
0 4 233 1 1
0 5 232 1 1
0 2 224 1 1
0 8 229 1 1
0 12 227 1 1
0 2 229 1 1
0 5 232 1 1
0 10 226 1 1
0 3 230 1 1
0 4 231 1 1
0 9 225 1 1
0 6 233 1 1
0 8 224 1 1
0 1 228 1 1
0 10 228 1 1
0 7 228 1 1
0 9 228 1 1
0 6 228 1 1
0 8 228 1 1
0 5 228 1 1
0 4 228 1 1
0 3 228 1 1
0 2 228 1 1
0 1 228 1 1
0 2 227 1 1
0 11 229 1 1
0 9 231 1 1
0 10 230 1 1
0 4 225 1 1
0 8 232 1 1
0 5 224 1 1
0 3 226 1 1
0 1 228 1 1
0 7 233 1 1
0 7 226 1 1
0 9 228 1 1
0 2 232 1 1
0 10 229 1 1
0 1 231 1 1
0 3 233 1 1
0 8 227 1 1
0 6 225 1 1
0 5 224 1 1
0 12 230 1 1
0 3 234 1 1
0 5 236 1 1
0 6 237 1 1
0 4 235 1 1
0 7 238 1 1
0 9 240 1 1
0 12 231 1 1
0 8 239 1 1
0 2 233 1 1
0 1 232 1 1
0 2 232 1 1
0 3 232 1 1
0 4 232 1 1
0 5 232 1 1
0 8 232 1 1
0 6 232 1 1
0 9 232 1 1
0 7 232 1 1
0 10 232 1 1
0 1 232 1 1
0 7 237 1 1
0 9 235 1 1
0 6 238 1 1
0 10 234 1 1
0 11 233 1 1
0 1 232 1 1
0 4 240 1 1
0 5 239 1 1
0 2 231 1 1
0 8 236 1 1
0 12 234 1 1
0 2 236 1 1
0 5 239 1 1
0 10 233 1 1
0 3 237 1 1
0 4 238 1 1
0 9 232 1 1
0 6 240 1 1
0 8 231 1 1
0 1 235 1 1
0 10 235 1 1
0 7 235 1 1
0 9 235 1 1
0 6 235 1 1
0 8 235 1 1
0 5 235 1 1
0 4 235 1 1
0 3 235 1 1
0 2 235 1 1
0 1 235 1 1
0 2 234 1 1
0 11 236 1 1
0 9 238 1 1
0 10 237 1 1
0 4 232 1 1
0 8 239 1 1
0 5 231 1 1
0 3 233 1 1
0 1 235 1 1
0 7 240 1 1
0 7 233 1 1
0 9 235 1 1
0 2 239 1 1
0 10 236 1 1
0 1 238 1 1
0 3 240 1 1
0 8 234 1 1
0 6 232 1 1
0 5 231 1 1
0 12 237 1 1
0 3 241 1 1
0 5 243 1 1
0 6 244 1 1
0 4 242 1 1
0 7 245 1 1
0 9 247 1 1
0 12 238 1 1
0 8 246 1 1
0 2 240 1 1
0 1 239 1 1
0 2 239 1 1
0 3 239 1 1
0 4 239 1 1
0 5 239 1 1
0 8 239 1 1
0 6 239 1 1
0 9 239 1 1
0 7 239 1 1
0 10 239 1 1
0 1 239 1 1
0 7 244 1 1
0 9 242 1 1
0 6 245 1 1
0 10 241 1 1
0 11 240 1 1
0 1 239 1 1
0 4 247 1 1
0 5 246 1 1
0 2 238 1 1
0 8 243 1 1
0 12 241 1 1
0 2 243 1 1
0 5 246 1 1
0 10 240 1 1
0 3 244 1 1
0 4 245 1 1
0 9 239 1 1
0 6 247 1 1
0 8 238 1 1
0 1 242 1 1
0 10 242 1 1
0 7 242 1 1
0 9 242 1 1
0 6 242 1 1
0 8 242 1 1
0 5 242 1 1
0 4 242 1 1
0 3 242 1 1
0 2 242 1 1
0 1 242 1 1
0 2 241 1 1
0 11 243 1 1
0 9 245 1 1
0 10 244 1 1
0 4 239 1 1
0 8 246 1 1
0 5 238 1 1
0 3 240 1 1
0 1 242 1 1
0 7 247 1 1
0 7 240 1 1
0 9 242 1 1
0 2 246 1 1
0 10 243 1 1
0 1 245 1 1
0 3 247 1 1
0 8 241 1 1
0 6 239 1 1
0 5 238 1 1
0 12 244 1 1
0 3 248 1 1
0 5 250 1 1
0 6 251 1 1
0 4 249 1 1
0 7 252 1 1
0 9 254 1 1
0 12 245 1 1
0 8 253 1 1
0 2 247 1 1
0 1 246 1 1
0 2 246 1 1
0 3 246 1 1
0 4 246 1 1
0 5 246 1 1
0 8 246 1 1
0 6 246 1 1
0 9 246 1 1
0 7 246 1 1
0 10 246 1 1
0 1 246 1 1
0 7 251 1 1
0 9 249 1 1
0 6 252 1 1
0 10 248 1 1
0 11 247 1 1
0 1 246 1 1
0 4 254 1 1
0 5 253 1 1
0 2 245 1 1
0 8 250 1 1
0 12 248 1 1
0 2 250 1 1
0 5 253 1 1
0 10 247 1 1
0 3 251 1 1
0 4 252 1 1
0 9 246 1 1
0 6 254 1 1
0 8 245 1 1
0 1 249 1 1
0 10 249 1 1
0 7 249 1 1
0 9 249 1 1
0 6 249 1 1
0 8 249 1 1
0 5 249 1 1
0 4 249 1 1
0 3 249 1 1
0 2 249 1 1
0 1 249 1 1
0 2 248 1 1
0 11 250 1 1
0 9 252 1 1
0 10 251 1 1
0 4 246 1 1
0 8 253 1 1
0 5 245 1 1
0 3 247 1 1
0 1 249 1 1
0 7 254 1 1
0 7 247 1 1
0 9 249 1 1
0 2 253 1 1
0 10 250 1 1
0 1 252 1 1
0 3 254 1 1
0 8 248 1 1
0 6 246 1 1
0 5 245 1 1
0 12 251 1 1
0 3 255 1 1
0 5 257 1 1
0 6 258 1 1
0 4 256 1 1
0 7 259 1 1
0 9 261 1 1
0 12 252 1 1
0 8 260 1 1
0 2 254 1 1
0 1 253 1 1
0 2 253 1 1
0 3 253 1 1
0 4 253 1 1
0 5 253 1 1
0 8 253 1 1
0 6 253 1 1
0 9 253 1 1
0 7 253 1 1
0 10 253 1 1
0 1 253 1 1
0 7 258 1 1
0 9 256 1 1
0 6 259 1 1
0 10 255 1 1
0 11 254 1 1
0 1 253 1 1
0 4 261 1 1
0 5 260 1 1
0 2 252 1 1
0 8 257 1 1
0 12 255 1 1
0 2 257 1 1
0 5 260 1 1
0 10 254 1 1
0 3 258 1 1
0 4 259 1 1
0 9 253 1 1
0 6 261 1 1
0 8 252 1 1
0 1 256 1 1
0 10 256 1 1
0 7 256 1 1
0 9 256 1 1
0 6 256 1 1
0 8 256 1 1
0 5 256 1 1
0 4 256 1 1
0 3 256 1 1
0 2 256 1 1
0 1 256 1 1
0 2 255 1 1
0 11 257 1 1
0 9 259 1 1
0 10 258 1 1
0 4 253 1 1
0 8 260 1 1
0 5 252 1 1
0 3 254 1 1
0 1 256 1 1
0 7 261 1 1
0 7 254 1 1
0 9 256 1 1
0 2 260 1 1
0 10 257 1 1
0 1 259 1 1
0 3 261 1 1
0 8 255 1 1
0 6 253 1 1
0 5 252 1 1
0 12 258 1 1
0 3 262 1 1
0 5 264 1 1
0 6 265 1 1
0 4 263 1 1
0 7 266 1 1
0 9 268 1 1
0 12 259 1 1
0 8 267 1 1
0 2 261 1 1
0 1 260 1 1
0 2 260 1 1
0 3 260 1 1
0 4 260 1 1
0 5 260 1 1
0 8 260 1 1
0 6 260 1 1
0 9 260 1 1
0 7 260 1 1
0 10 260 1 1
0 1 260 1 1
0 7 265 1 1
0 9 263 1 1
0 6 266 1 1
0 10 262 1 1
0 11 261 1 1
0 1 260 1 1
0 4 268 1 1
0 5 267 1 1
0 2 259 1 1
0 8 264 1 1
0 12 262 1 1
0 2 264 1 1
0 5 267 1 1
0 10 261 1 1
0 3 265 1 1
0 4 266 1 1
0 9 260 1 1
0 6 268 1 1
0 8 259 1 1
0 1 263 1 1
0 10 263 1 1
0 7 263 1 1
0 9 263 1 1
0 6 263 1 1
0 8 263 1 1
0 5 263 1 1
0 4 263 1 1
0 3 263 1 1
0 2 263 1 1
0 1 263 1 1
0 2 262 1 1
0 11 264 1 1
0 9 266 1 1
0 10 265 1 1
0 4 260 1 1
0 8 267 1 1
0 5 259 1 1
0 3 261 1 1
0 1 263 1 1
0 7 268 1 1
0 7 261 1 1
0 9 263 1 1
0 2 267 1 1
0 10 264 1 1
0 1 266 1 1
0 3 268 1 1
0 8 262 1 1
0 6 260 1 1
0 5 259 1 1
0 12 265 1 1
0 3 269 1 1
0 5 271 1 1
0 6 272 1 1
0 4 270 1 1
0 7 273 1 1
0 9 275 1 1
0 12 266 1 1
0 8 274 1 1
0 2 268 1 1
0 1 267 1 1
0 2 267 1 1
0 3 267 1 1
0 4 267 1 1
0 5 267 1 1
0 8 267 1 1
0 6 267 1 1
0 9 267 1 1
0 7 267 1 1
0 10 267 1 1
0 1 267 1 1
0 7 272 1 1
0 9 270 1 1
0 6 273 1 1
0 10 269 1 1
0 11 268 1 1
0 1 267 1 1
0 4 275 1 1
0 5 274 1 1
0 2 266 1 1
0 8 271 1 1
0 12 269 1 1
0 2 271 1 1
0 5 274 1 1
0 10 268 1 1
0 3 272 1 1
0 4 273 1 1
0 9 267 1 1
0 6 275 1 1
0 8 266 1 1
0 1 270 1 1
0 10 270 1 1
0 7 270 1 1
0 9 270 1 1
0 6 270 1 1
0 8 270 1 1
0 5 270 1 1
0 4 270 1 1
0 3 270 1 1
0 2 270 1 1
0 1 270 1 1
0 2 269 1 1
0 11 271 1 1
0 9 273 1 1
0 10 272 1 1
0 4 267 1 1
0 8 274 1 1
0 5 266 1 1
0 3 268 1 1
0 1 270 1 1
0 7 275 1 1
0 7 268 1 1
0 9 270 1 1
0 2 274 1 1
0 10 271 1 1
0 1 273 1 1
0 3 275 1 1
0 8 269 1 1
0 6 267 1 1
0 5 266 1 1
0 12 272 1 1
0 3 276 1 1
0 5 278 1 1
0 6 279 1 1
0 4 277 1 1
0 7 280 1 1
0 9 282 1 1
0 12 273 1 1
0 8 281 1 1
0 2 275 1 1
0 1 274 1 1
0 2 274 1 1
0 3 274 1 1
0 4 274 1 1
0 5 274 1 1
0 8 274 1 1
0 6 274 1 1
0 9 274 1 1
0 7 274 1 1
0 10 274 1 1
0 1 274 1 1
0 7 279 1 1
0 9 277 1 1
0 6 280 1 1
0 10 276 1 1
0 11 275 1 1
0 1 274 1 1
0 4 282 1 1
0 5 281 1 1
0 2 273 1 1
0 8 278 1 1
0 12 276 1 1
0 2 278 1 1
0 5 281 1 1
0 10 275 1 1
0 3 279 1 1
0 4 280 1 1
0 9 274 1 1
0 6 282 1 1
0 8 273 1 1
0 1 277 1 1
0 10 277 1 1
0 7 277 1 1
0 9 277 1 1
0 6 277 1 1
0 8 277 1 1
0 5 277 1 1
0 4 277 1 1
0 3 277 1 1
0 2 277 1 1
0 1 277 1 1
0 2 276 1 1
0 11 278 1 1
0 9 280 1 1
0 10 279 1 1
0 4 274 1 1
0 8 281 1 1
0 5 273 1 1
0 3 275 1 1
0 1 277 1 1
0 7 282 1 1
0 7 275 1 1
0 9 277 1 1
0 2 281 1 1
0 10 278 1 1
0 1 280 1 1
0 3 282 1 1
0 8 276 1 1
0 6 274 1 1
0 5 273 1 1
0 12 279 1 1
0 3 283 1 1
0 5 285 1 1
0 6 286 1 1
0 4 284 1 1
0 7 287 1 1
0 9 289 1 1
0 12 280 1 1
0 8 288 1 1
0 2 282 1 1
0 1 281 1 1
0 2 281 1 1
0 3 281 1 1
0 4 281 1 1
0 5 281 1 1
0 8 281 1 1
0 6 281 1 1
0 9 281 1 1
0 7 281 1 1
0 10 281 1 1
0 1 281 1 1
0 7 286 1 1
0 9 284 1 1
0 6 287 1 1
0 10 283 1 1
0 11 282 1 1
0 1 281 1 1
0 4 289 1 1
0 5 288 1 1
0 2 280 1 1
0 8 285 1 1
0 12 283 1 1
0 2 285 1 1
0 5 288 1 1
0 10 282 1 1
0 3 286 1 1
0 4 287 1 1
0 9 281 1 1
0 6 289 1 1
0 8 280 1 1
0 1 284 1 1
0 10 284 1 1
0 7 284 1 1
0 9 284 1 1
0 6 284 1 1
0 8 284 1 1
0 5 284 1 1
0 4 284 1 1
0 3 284 1 1
0 2 284 1 1
0 1 284 1 1
0 2 283 1 1
0 11 285 1 1
0 9 287 1 1
0 10 286 1 1
0 4 281 1 1
0 8 288 1 1
0 5 280 1 1
0 3 282 1 1
0 1 284 1 1
0 7 289 1 1
0 7 282 1 1
0 9 284 1 1
0 2 288 1 1
0 10 285 1 1
0 1 287 1 1
0 3 289 1 1
0 8 283 1 1
0 6 281 1 1
0 5 280 1 1
0 12 286 1 1
0 3 290 1 1
0 5 292 1 1
0 6 293 1 1
0 4 291 1 1
0 7 294 1 1
0 9 296 1 1
0 12 287 1 1
0 8 295 1 1
0 2 289 1 1
0 1 288 1 1
0 2 288 1 1
0 3 288 1 1
0 4 288 1 1
0 5 288 1 1
0 8 288 1 1
0 6 288 1 1
0 9 288 1 1
0 7 288 1 1
0 10 288 1 1
0 1 288 1 1
0 7 293 1 1
0 9 291 1 1
0 6 294 1 1
0 10 290 1 1
0 11 289 1 1
0 1 288 1 1
0 4 296 1 1
0 5 295 1 1
0 2 287 1 1
0 8 292 1 1
0 12 290 1 1
0 2 292 1 1
0 5 295 1 1
0 10 289 1 1
0 3 293 1 1
0 4 294 1 1
0 9 288 1 1
0 6 296 1 1
0 8 287 1 1
0 1 291 1 1
0 10 291 1 1
0 7 291 1 1
0 9 291 1 1
0 6 291 1 1
0 8 291 1 1
0 5 291 1 1
0 4 291 1 1
0 3 291 1 1
0 2 291 1 1
0 1 291 1 1
0 2 290 1 1
0 11 292 1 1
0 9 294 1 1
0 10 293 1 1
0 4 288 1 1
0 8 295 1 1
0 5 287 1 1
0 3 289 1 1
0 1 291 1 1
0 7 296 1 1
0 7 289 1 1
0 9 291 1 1
0 2 295 1 1
0 10 292 1 1
0 1 294 1 1
0 3 296 1 1
0 8 290 1 1
0 6 288 1 1
0 5 287 1 1
0 12 293 1 1
0 3 297 1 1
0 5 299 1 1
0 6 300 1 1
0 4 298 1 1
0 7 301 1 1
0 9 303 1 1
0 12 294 1 1
0 8 302 1 1
0 2 296 1 1
0 1 295 1 1
0 2 295 1 1
0 3 295 1 1
0 4 295 1 1
0 5 295 1 1
0 8 295 1 1
0 6 295 1 1
0 9 295 1 1
0 7 295 1 1
0 10 295 1 1
0 1 295 1 1
0 7 300 1 1
0 9 298 1 1
0 6 301 1 1
0 10 297 1 1
0 11 296 1 1
0 1 295 1 1
0 4 303 1 1
0 5 302 1 1
0 2 294 1 1
0 8 299 1 1
0 12 297 1 1
0 2 299 1 1
0 5 302 1 1
0 10 296 1 1
0 3 300 1 1
0 4 301 1 1
0 9 295 1 1
0 6 303 1 1
0 8 294 1 1
0 1 298 1 1
0 10 298 1 1
0 7 298 1 1
0 9 298 1 1
0 6 298 1 1
0 8 298 1 1
0 5 298 1 1
0 4 298 1 1
0 3 298 1 1
0 2 298 1 1
0 1 298 1 1
0 2 297 1 1
0 11 299 1 1
0 9 301 1 1
0 10 300 1 1
0 4 295 1 1
0 8 302 1 1
0 5 294 1 1
0 3 296 1 1
0 1 298 1 1
0 7 303 1 1
0 7 296 1 1
0 9 298 1 1
0 2 302 1 1
0 10 299 1 1
0 1 301 1 1
0 3 303 1 1
0 8 297 1 1
0 6 295 1 1
0 5 294 1 1
0 12 300 1 1
0 3 304 1 1
0 5 306 1 1
0 6 307 1 1
0 4 305 1 1
0 7 308 1 1
0 9 310 1 1
0 12 301 1 1
0 8 309 1 1
0 2 303 1 1
0 1 302 1 1
0 2 302 1 1
0 3 302 1 1
0 4 302 1 1
0 5 302 1 1
0 8 302 1 1
0 6 302 1 1
0 9 302 1 1
0 7 302 1 1
0 10 302 1 1
0 1 302 1 1
0 7 307 1 1
0 9 305 1 1
0 6 308 1 1
0 10 304 1 1
0 11 303 1 1
0 1 302 1 1
0 4 310 1 1
0 5 309 1 1
0 2 301 1 1
0 8 306 1 1
0 12 304 1 1
0 2 306 1 1
0 5 309 1 1
0 10 303 1 1
0 3 307 1 1
0 4 308 1 1
0 9 302 1 1
0 6 310 1 1
0 8 301 1 1
0 1 305 1 1
0 10 305 1 1
0 7 305 1 1
0 9 305 1 1
0 6 305 1 1
0 8 305 1 1
0 5 305 1 1
0 4 305 1 1
0 3 305 1 1
0 2 305 1 1
0 1 305 1 1
0 2 304 1 1
0 11 306 1 1
0 9 308 1 1
0 10 307 1 1
0 4 302 1 1
0 8 309 1 1
0 5 301 1 1
0 3 303 1 1
0 1 305 1 1
0 7 310 1 1
0 7 303 1 1
0 9 305 1 1
0 2 309 1 1
0 10 306 1 1
0 1 308 1 1
0 3 310 1 1
0 8 304 1 1
0 6 302 1 1
0 5 301 1 1
0 12 307 1 1
0 3 311 1 1
0 5 313 1 1
0 6 314 1 1
0 4 312 1 1
0 7 315 1 1
0 9 317 1 1
0 12 308 1 1
0 8 316 1 1
0 2 310 1 1
0 1 309 1 1
0 2 309 1 1
0 3 309 1 1
0 4 309 1 1
0 5 309 1 1
0 8 309 1 1
0 6 309 1 1
0 9 309 1 1
0 7 309 1 1
0 10 309 1 1
0 1 309 1 1
0 7 314 1 1
0 9 312 1 1
0 6 315 1 1
0 10 311 1 1
0 11 310 1 1
0 1 309 1 1
0 4 317 1 1
0 5 316 1 1
0 2 308 1 1
0 8 313 1 1
0 12 311 1 1
0 2 313 1 1
0 5 316 1 1
0 10 310 1 1
0 3 314 1 1
0 4 315 1 1
0 9 309 1 1
0 6 317 1 1
0 8 308 1 1
0 1 312 1 1
0 10 312 1 1
0 7 312 1 1
0 9 312 1 1
0 6 312 1 1
0 8 312 1 1
0 5 312 1 1
0 4 312 1 1
0 3 312 1 1
0 2 312 1 1
0 1 312 1 1
0 2 311 1 1
0 11 313 1 1
0 9 315 1 1
0 10 314 1 1
0 4 309 1 1
0 8 316 1 1
0 5 308 1 1
0 3 310 1 1
0 1 312 1 1
0 7 317 1 1
0 7 310 1 1
0 9 312 1 1
0 2 316 1 1
0 10 313 1 1
0 1 315 1 1
0 3 317 1 1
0 8 311 1 1
0 6 309 1 1
0 5 308 1 1
0 12 314 1 1
0 3 318 1 1
0 5 320 1 1
0 6 321 1 1
0 4 319 1 1
0 7 322 1 1
0 9 324 1 1
0 12 315 1 1
0 8 323 1 1
0 2 317 1 1
0 1 316 1 1
0 2 316 1 1
0 3 316 1 1
0 4 316 1 1
0 5 316 1 1
0 8 316 1 1
0 6 316 1 1
0 9 316 1 1
0 7 316 1 1
0 10 316 1 1
0 1 316 1 1
0 7 321 1 1
0 9 319 1 1
0 6 322 1 1
0 10 318 1 1
0 11 317 1 1
0 1 316 1 1
0 4 324 1 1
0 5 323 1 1
0 2 315 1 1
0 8 320 1 1
0 12 318 1 1
0 2 320 1 1
0 5 323 1 1
0 10 317 1 1
0 3 321 1 1
0 4 322 1 1
0 9 316 1 1
0 6 324 1 1
0 8 315 1 1
0 1 319 1 1
0 10 319 1 1
0 7 319 1 1
0 9 319 1 1
0 6 319 1 1
0 8 319 1 1
0 5 319 1 1
0 4 319 1 1
0 3 319 1 1
0 2 319 1 1
0 1 319 1 1
0 2 318 1 1
0 11 320 1 1
0 9 322 1 1
0 10 321 1 1
0 4 316 1 1
0 8 323 1 1
0 5 315 1 1
0 3 317 1 1
0 1 319 1 1
0 7 324 1 1
0 7 317 1 1
0 9 319 1 1
0 2 323 1 1
0 10 320 1 1
0 1 322 1 1
0 3 324 1 1
0 8 318 1 1
0 6 316 1 1
0 5 315 1 1
0 12 321 1 1
0 3 325 1 1
0 5 327 1 1
0 6 328 1 1
0 4 326 1 1
0 7 329 1 1
0 9 331 1 1
0 12 322 1 1
0 8 330 1 1
0 2 324 1 1
0 1 323 1 1
0 2 323 1 1
0 3 323 1 1
0 4 323 1 1
0 5 323 1 1
0 8 323 1 1
0 6 323 1 1
0 9 323 1 1
0 7 323 1 1
0 10 323 1 1
0 1 323 1 1
0 7 328 1 1
0 9 326 1 1
0 6 329 1 1
0 10 325 1 1
0 11 324 1 1
0 1 323 1 1
0 4 331 1 1
0 5 330 1 1
0 2 322 1 1
0 8 327 1 1
0 12 325 1 1
0 2 327 1 1
0 5 330 1 1
0 10 324 1 1
0 3 328 1 1
0 4 329 1 1
0 9 323 1 1
0 6 331 1 1
0 8 322 1 1
0 1 326 1 1
0 10 326 1 1
0 7 326 1 1
0 9 326 1 1
0 6 326 1 1
0 8 326 1 1
0 5 326 1 1
0 4 326 1 1
0 3 326 1 1
0 2 326 1 1
0 1 326 1 1
0 2 325 1 1
0 11 327 1 1
0 9 329 1 1
0 10 328 1 1
0 4 323 1 1
0 8 330 1 1
0 5 322 1 1
0 3 324 1 1
0 1 326 1 1
0 7 331 1 1
0 7 324 1 1
0 9 326 1 1
0 2 330 1 1
0 10 327 1 1
0 1 329 1 1
0 3 331 1 1
0 8 325 1 1
0 6 323 1 1
0 5 322 1 1
0 12 328 1 1
0 3 332 1 1
0 5 334 1 1
0 6 335 1 1
0 4 333 1 1
0 7 336 1 1
0 9 338 1 1
0 12 329 1 1
0 8 337 1 1
0 2 331 1 1
0 1 330 1 1
0 2 330 1 1
0 3 330 1 1
0 4 330 1 1
0 5 330 1 1
0 8 330 1 1
0 6 330 1 1
0 9 330 1 1
0 7 330 1 1
0 10 330 1 1
0 1 330 1 1
0 7 335 1 1
0 9 333 1 1
0 6 336 1 1
0 10 332 1 1
0 11 331 1 1
0 1 330 1 1
0 4 338 1 1
0 5 337 1 1
0 2 329 1 1
0 8 334 1 1
0 12 332 1 1
0 2 334 1 1
0 5 337 1 1
0 10 331 1 1
0 3 335 1 1
0 4 336 1 1
0 9 330 1 1
0 6 338 1 1
0 8 329 1 1
0 1 333 1 1
0 10 333 1 1
0 7 333 1 1
0 9 333 1 1
0 6 333 1 1
0 8 333 1 1
0 5 333 1 1
0 4 333 1 1
0 3 333 1 1
0 2 333 1 1
0 1 333 1 1
0 2 332 1 1
0 11 334 1 1
0 9 336 1 1
0 10 335 1 1
0 4 330 1 1
0 8 337 1 1
0 5 329 1 1
0 3 331 1 1
0 1 333 1 1
0 7 338 1 1
0 7 331 1 1
0 9 333 1 1
0 2 337 1 1
0 10 334 1 1
0 1 336 1 1
0 3 338 1 1
0 8 332 1 1
0 6 330 1 1
0 5 329 1 1
0 12 335 1 1
0 3 339 1 1
0 5 341 1 1
0 6 342 1 1
0 4 340 1 1
0 7 343 1 1
0 9 345 1 1
0 12 336 1 1
0 8 344 1 1
0 2 338 1 1
0 1 337 1 1
0 2 337 1 1
0 3 337 1 1
0 4 337 1 1
0 5 337 1 1
0 8 337 1 1
0 6 337 1 1
0 9 337 1 1
0 7 337 1 1
0 10 337 1 1
0 1 337 1 1
0 7 342 1 1
0 9 340 1 1
0 6 343 1 1
0 10 339 1 1
0 11 338 1 1
0 1 337 1 1
0 4 345 1 1
0 5 344 1 1
0 2 336 1 1
0 8 341 1 1
0 12 339 1 1
0 2 341 1 1
0 5 344 1 1
0 10 338 1 1
0 3 342 1 1
0 4 343 1 1
0 9 337 1 1
0 6 345 1 1
0 8 336 1 1
0 1 340 1 1
0 10 340 1 1
0 7 340 1 1
0 9 340 1 1
0 6 340 1 1
0 8 340 1 1
0 5 340 1 1
0 4 340 1 1
0 3 340 1 1
0 2 340 1 1
0 1 340 1 1
0 2 339 1 1
0 11 341 1 1
0 9 343 1 1
0 10 342 1 1
0 4 337 1 1
0 8 344 1 1
0 5 336 1 1
0 3 338 1 1
0 1 340 1 1
0 7 345 1 1
0 7 338 1 1
0 9 340 1 1
0 2 344 1 1
0 10 341 1 1
0 1 343 1 1
0 3 345 1 1
0 8 339 1 1
0 6 337 1 1
0 5 336 1 1
0 12 342 1 1
0 3 346 1 1
0 5 348 1 1
0 6 349 1 1
0 4 347 1 1
0 7 350 1 1
0 9 352 1 1
0 12 343 1 1
0 8 351 1 1
0 2 345 1 1
0 1 344 1 1
0 2 344 1 1
0 3 344 1 1
0 4 344 1 1
0 5 344 1 1
0 8 344 1 1
0 6 344 1 1
0 9 344 1 1
0 7 344 1 1
0 10 344 1 1
0 1 344 1 1
0 7 349 1 1
0 9 347 1 1
0 6 350 1 1
0 10 346 1 1
0 11 345 1 1
0 1 344 1 1
0 4 352 1 1
0 5 351 1 1
0 2 343 1 1
0 8 348 1 1
0 12 346 1 1
0 2 348 1 1
0 5 351 1 1
0 10 345 1 1
0 3 349 1 1
0 4 350 1 1
0 9 344 1 1
0 6 352 1 1
0 8 343 1 1
0 1 347 1 1
0 10 347 1 1
0 7 347 1 1
0 9 347 1 1
0 6 347 1 1
0 8 347 1 1
0 5 347 1 1
0 4 347 1 1
0 3 347 1 1
0 2 347 1 1
0 1 347 1 1
0 2 346 1 1
0 11 348 1 1
0 9 350 1 1
0 10 349 1 1
0 4 344 1 1
0 8 351 1 1
0 5 343 1 1
0 3 345 1 1
0 1 347 1 1
0 7 352 1 1
0 7 345 1 1
0 9 347 1 1
0 2 351 1 1
0 10 348 1 1
0 1 350 1 1
0 3 352 1 1
0 8 346 1 1
0 6 344 1 1
0 5 343 1 1
0 12 349 1 1
0 3 353 1 1
0 5 355 1 1
0 6 356 1 1
0 4 354 1 1
0 7 357 1 1
0 9 359 1 1
0 12 350 1 1
0 8 358 1 1
0 2 352 1 1
0 1 351 1 1
0 2 351 1 1
0 3 351 1 1
0 4 351 1 1
0 5 351 1 1
0 8 351 1 1
0 6 351 1 1
0 9 351 1 1
0 7 351 1 1
0 10 351 1 1
0 1 351 1 1
0 7 356 1 1
0 9 354 1 1
0 6 357 1 1
0 10 353 1 1
0 11 352 1 1
0 1 351 1 1
0 4 359 1 1
0 5 358 1 1
0 2 350 1 1
0 8 355 1 1
0 12 353 1 1
0 2 355 1 1
0 5 358 1 1
0 10 352 1 1
0 3 356 1 1
0 4 357 1 1
0 9 351 1 1
0 6 359 1 1
0 8 350 1 1
0 1 354 1 1
0 10 354 1 1
0 7 354 1 1
0 9 354 1 1
0 6 354 1 1
0 8 354 1 1
0 5 354 1 1
0 4 354 1 1
0 3 354 1 1
0 2 354 1 1
0 1 354 1 1
0 2 353 1 1
0 11 355 1 1
0 9 357 1 1
0 10 356 1 1
0 4 351 1 1
0 8 358 1 1
0 5 350 1 1
0 3 352 1 1
0 1 354 1 1
0 7 359 1 1
0 7 352 1 1
0 9 354 1 1
0 2 358 1 1
0 10 355 1 1
0 1 357 1 1
0 3 359 1 1
0 8 353 1 1
0 6 351 1 1
0 5 350 1 1
0 12 356 1 1
0 3 360 1 1
0 5 362 1 1
0 6 363 1 1
0 4 361 1 1
0 7 364 1 1
0 9 366 1 1
0 12 357 1 1
0 8 365 1 1
0 2 359 1 1
0 1 358 1 1
0 2 358 1 1
0 3 358 1 1
0 4 358 1 1
0 5 358 1 1
0 8 358 1 1
0 6 358 1 1
0 9 358 1 1
0 7 358 1 1
0 10 358 1 1
0 1 358 1 1
0 7 363 1 1
0 9 361 1 1
0 6 364 1 1
0 10 360 1 1
0 11 359 1 1
0 1 358 1 1
0 4 366 1 1
0 5 365 1 1
0 2 357 1 1
0 8 362 1 1
0 12 360 1 1
0 2 362 1 1
0 5 365 1 1
0 10 359 1 1
0 3 363 1 1
0 4 364 1 1
0 9 358 1 1
0 6 366 1 1
0 8 357 1 1
0 1 361 1 1
0 10 361 1 1
0 7 361 1 1
0 9 361 1 1
0 6 361 1 1
0 8 361 1 1
0 5 361 1 1
0 4 361 1 1
0 3 361 1 1
0 2 361 1 1
0 1 361 1 1
0 2 360 1 1
0 11 362 1 1
0 9 364 1 1
0 10 363 1 1
0 4 358 1 1
0 8 365 1 1
0 5 357 1 1
0 3 359 1 1
0 1 361 1 1
0 7 366 1 1
0 7 359 1 1
0 9 361 1 1
0 2 365 1 1
0 10 362 1 1
0 1 364 1 1
0 3 366 1 1
0 8 360 1 1
0 6 358 1 1
0 5 357 1 1
0 12 363 1 1
0 3 367 1 1
0 5 369 1 1
0 6 370 1 1
0 4 368 1 1
0 7 371 1 1
0 9 373 1 1
0 12 364 1 1
0 8 372 1 1
0 2 366 1 1
0 1 365 1 1
0 2 365 1 1
0 3 365 1 1
0 4 365 1 1
0 5 365 1 1
0 8 365 1 1
0 6 365 1 1
0 9 365 1 1
0 7 365 1 1
0 10 365 1 1
0 1 365 1 1
0 7 370 1 1
0 9 368 1 1
0 6 371 1 1
0 10 367 1 1
0 11 366 1 1
0 1 365 1 1
0 4 373 1 1
0 5 372 1 1
0 2 364 1 1
0 8 369 1 1
0 12 367 1 1
0 2 369 1 1
0 5 372 1 1
0 10 366 1 1
0 3 370 1 1
0 4 371 1 1
0 9 365 1 1
0 6 373 1 1
0 8 364 1 1
0 1 368 1 1
0 10 368 1 1
0 7 368 1 1
0 9 368 1 1
0 6 368 1 1
0 8 368 1 1
0 5 368 1 1
0 4 368 1 1
0 3 368 1 1
0 2 368 1 1
0 1 368 1 1
0 2 367 1 1
0 11 369 1 1
0 9 371 1 1
0 10 370 1 1
0 4 365 1 1
0 8 372 1 1
0 5 364 1 1
0 3 366 1 1
0 1 368 1 1
0 7 373 1 1
0 7 366 1 1
0 9 368 1 1
0 2 372 1 1
0 10 369 1 1
0 1 371 1 1
0 3 373 1 1
0 8 367 1 1
0 6 365 1 1
0 5 364 1 1
0 12 370 1 1
0 3 374 1 1
0 5 376 1 1
0 6 377 1 1
0 4 375 1 1
0 7 378 1 1
0 9 380 1 1
0 12 371 1 1
0 8 379 1 1
0 2 373 1 1
0 1 372 1 1
0 2 372 1 1
0 3 372 1 1
0 4 372 1 1
0 5 372 1 1
0 8 372 1 1
0 6 372 1 1
0 9 372 1 1
0 7 372 1 1
0 10 372 1 1
0 1 372 1 1
0 7 377 1 1
0 9 375 1 1
0 6 378 1 1
0 10 374 1 1
0 11 373 1 1
0 1 372 1 1
0 4 380 1 1
0 5 379 1 1
0 2 371 1 1
0 8 376 1 1
0 12 374 1 1
0 2 376 1 1
0 5 379 1 1
0 10 373 1 1
0 3 377 1 1
0 4 378 1 1
0 9 372 1 1
0 6 380 1 1
0 8 371 1 1
0 1 375 1 1
0 10 375 1 1
0 7 375 1 1
0 9 375 1 1
0 6 375 1 1
0 8 375 1 1
0 5 375 1 1
0 4 375 1 1
0 3 375 1 1
0 2 375 1 1
0 1 375 1 1
0 2 374 1 1
0 11 376 1 1
0 9 378 1 1
0 10 377 1 1
0 4 372 1 1
0 8 379 1 1
0 5 371 1 1
0 3 373 1 1
0 1 375 1 1
0 7 380 1 1
0 7 373 1 1
0 9 375 1 1
0 2 379 1 1
0 10 376 1 1
0 1 378 1 1
0 3 380 1 1
0 8 374 1 1
0 6 372 1 1
0 5 371 1 1
0 12 377 1 1
0 3 381 1 1
0 5 383 1 1
0 6 384 1 1
0 4 382 1 1
0 7 385 1 1
0 9 387 1 1
0 12 378 1 1
0 8 386 1 1
0 2 380 1 1
0 1 379 1 1
0 2 379 1 1
0 3 379 1 1
0 4 379 1 1
0 5 379 1 1
0 8 379 1 1
0 6 379 1 1
0 9 379 1 1
0 7 379 1 1
0 10 379 1 1
0 1 379 1 1
0 7 384 1 1
0 9 382 1 1
0 6 385 1 1
0 10 381 1 1
0 11 380 1 1
0 1 379 1 1
0 4 387 1 1
0 5 386 1 1
0 2 378 1 1
0 8 383 1 1
0 12 381 1 1
0 2 383 1 1
0 5 386 1 1
0 10 380 1 1
0 3 384 1 1
0 4 385 1 1
0 9 379 1 1
0 6 387 1 1
0 8 378 1 1
0 1 382 1 1
0 10 382 1 1
0 7 382 1 1
0 9 382 1 1
0 6 382 1 1
0 8 382 1 1
0 5 382 1 1
0 4 382 1 1
0 3 382 1 1
0 2 382 1 1
0 1 382 1 1
0 2 381 1 1
0 11 383 1 1
0 9 385 1 1
0 10 384 1 1
0 4 379 1 1
0 8 386 1 1
0 5 378 1 1
0 3 380 1 1
0 1 382 1 1
0 7 387 1 1
0 7 380 1 1
0 9 382 1 1
0 2 386 1 1
0 10 383 1 1
0 1 385 1 1
0 3 387 1 1
0 8 381 1 1
0 6 379 1 1
0 5 378 1 1
0 12 384 1 1
0 3 388 1 1
0 5 390 1 1
0 6 391 1 1
0 4 389 1 1
0 7 392 1 1
0 9 394 1 1
0 12 385 1 1
0 8 393 1 1
0 2 387 1 1
0 1 386 1 1
0 2 386 1 1
0 3 386 1 1
0 4 386 1 1
0 5 386 1 1
0 8 386 1 1
0 6 386 1 1
0 9 386 1 1
0 7 386 1 1
0 10 386 1 1
0 1 386 1 1
0 7 391 1 1
0 9 389 1 1
0 6 392 1 1
0 10 388 1 1
0 11 387 1 1
0 1 386 1 1
0 4 394 1 1
0 5 393 1 1
0 2 385 1 1
0 8 390 1 1
0 12 388 1 1
0 2 390 1 1
0 5 393 1 1
0 10 387 1 1
0 3 391 1 1
0 4 392 1 1
0 9 386 1 1
0 6 394 1 1
0 8 385 1 1
0 1 389 1 1
0 10 389 1 1
0 7 389 1 1
0 9 389 1 1
0 6 389 1 1
0 8 389 1 1
0 5 389 1 1
0 4 389 1 1
0 3 389 1 1
0 2 389 1 1
0 1 389 1 1
0 2 388 1 1
0 11 390 1 1
0 9 392 1 1
0 10 391 1 1
0 4 386 1 1
0 8 393 1 1
0 5 385 1 1
0 3 387 1 1
0 1 389 1 1
0 7 394 1 1
0 7 387 1 1
0 9 389 1 1
0 2 393 1 1
0 10 390 1 1
0 1 392 1 1
0 3 394 1 1
0 8 388 1 1
0 6 386 1 1
0 5 385 1 1
0 12 391 1 1
0 3 395 1 1
0 5 397 1 1
0 6 398 1 1
0 4 396 1 1
0 7 399 1 1
0 9 401 1 1
0 12 392 1 1
0 8 400 1 1
0 2 394 1 1
0 1 393 1 1
0 2 393 1 1
0 3 393 1 1
0 4 393 1 1
0 5 393 1 1
0 8 393 1 1
0 6 393 1 1
0 9 393 1 1
0 7 393 1 1
0 10 393 1 1
0 1 393 1 1
0 7 398 1 1
0 9 396 1 1
0 6 399 1 1
0 10 395 1 1
0 11 394 1 1
0 1 393 1 1
0 4 401 1 1
0 5 400 1 1
0 2 392 1 1
0 8 397 1 1
0 12 395 1 1
0 2 397 1 1
0 5 400 1 1
0 10 394 1 1
0 3 398 1 1
0 4 399 1 1
0 9 393 1 1
0 6 401 1 1
0 8 392 1 1
0 1 396 1 1
0 10 396 1 1
0 7 396 1 1
0 9 396 1 1
0 6 396 1 1
0 8 396 1 1
0 5 396 1 1
0 4 396 1 1
0 3 396 1 1
0 2 396 1 1
0 1 396 1 1
0 2 395 1 1
0 11 397 1 1
0 9 399 1 1
0 10 398 1 1
0 4 393 1 1
0 8 400 1 1
0 5 392 1 1
0 3 394 1 1
0 1 396 1 1
0 7 401 1 1
0 7 394 1 1
0 9 396 1 1
0 2 400 1 1
0 10 397 1 1
0 1 399 1 1
0 3 401 1 1
0 8 395 1 1
0 6 393 1 1
0 5 392 1 1
0 12 398 1 1
0 3 402 1 1
0 5 404 1 1
0 6 405 1 1
0 4 403 1 1
0 7 406 1 1
0 9 408 1 1
0 12 399 1 1
0 8 407 1 1
0 2 401 1 1
0 1 400 1 1
0 2 400 1 1
0 3 400 1 1
0 4 400 1 1
0 5 400 1 1
0 8 400 1 1
0 6 400 1 1
0 9 400 1 1
0 7 400 1 1
0 10 400 1 1
0 1 400 1 1
0 7 405 1 1
0 9 403 1 1
0 6 406 1 1
0 10 402 1 1
0 11 401 1 1
0 1 400 1 1
0 4 408 1 1
0 5 407 1 1
0 2 399 1 1
0 8 404 1 1
0 12 402 1 1
0 2 404 1 1
0 5 407 1 1
0 10 401 1 1
0 3 405 1 1
0 4 406 1 1
0 9 400 1 1
0 6 408 1 1
0 8 399 1 1
0 1 403 1 1
0 10 403 1 1
0 7 403 1 1
0 9 403 1 1
0 6 403 1 1
0 8 403 1 1
0 5 403 1 1
0 4 403 1 1
0 3 403 1 1
0 2 403 1 1
0 1 403 1 1
0 2 402 1 1
0 11 404 1 1
0 9 406 1 1
0 10 405 1 1
0 4 400 1 1
0 8 407 1 1
0 5 399 1 1
0 3 401 1 1
0 1 403 1 1
0 7 408 1 1
0 7 401 1 1
0 9 403 1 1
0 2 407 1 1
0 10 404 1 1
0 1 406 1 1
0 3 408 1 1
0 8 402 1 1
0 6 400 1 1
0 5 399 1 1
0 12 405 1 1
0 3 409 1 1
0 5 411 1 1
0 6 412 1 1
0 4 410 1 1
0 7 413 1 1
0 9 415 1 1
0 12 406 1 1
0 8 414 1 1
0 2 408 1 1
0 1 407 1 1
0 2 407 1 1
0 3 407 1 1
0 4 407 1 1
0 5 407 1 1
0 8 407 1 1
0 6 407 1 1
0 9 407 1 1
0 7 407 1 1
0 10 407 1 1
0 1 407 1 1
0 7 412 1 1
0 9 410 1 1
0 6 413 1 1
0 10 409 1 1
0 11 408 1 1
0 1 407 1 1
0 4 415 1 1
0 5 414 1 1
0 2 406 1 1
0 8 411 1 1
0 12 409 1 1
0 2 411 1 1
0 5 414 1 1
0 10 408 1 1
0 3 412 1 1
0 4 413 1 1
0 9 407 1 1
0 6 415 1 1
0 8 406 1 1
0 1 410 1 1
0 10 410 1 1
0 7 410 1 1
0 9 410 1 1
0 6 410 1 1
0 8 410 1 1
0 5 410 1 1
0 4 410 1 1
0 3 410 1 1
0 2 410 1 1
0 1 410 1 1
0 2 409 1 1
0 11 411 1 1
0 9 413 1 1
0 10 412 1 1
0 4 407 1 1
0 8 414 1 1
0 5 406 1 1
0 3 408 1 1
0 1 410 1 1
0 7 415 1 1
0 7 408 1 1
0 9 410 1 1
0 2 414 1 1
0 10 411 1 1
0 1 413 1 1
0 3 415 1 1
0 8 409 1 1
0 6 407 1 1
0 5 406 1 1
0 12 412 1 1
0 3 416 1 1
0 5 418 1 1
0 6 419 1 1
0 4 417 1 1
0 7 420 1 1
0 9 422 1 1
0 12 413 1 1
0 8 421 1 1
0 2 415 1 1
0 1 414 1 1
0 2 414 1 1
0 3 414 1 1
0 4 414 1 1
0 5 414 1 1
0 8 414 1 1
0 6 414 1 1
0 9 414 1 1
0 7 414 1 1
0 10 414 1 1
0 1 414 1 1
0 7 419 1 1
0 9 417 1 1
0 6 420 1 1
0 10 416 1 1
0 11 415 1 1
0 1 414 1 1
0 4 422 1 1
0 5 421 1 1
0 2 413 1 1
0 8 418 1 1
0 12 416 1 1
0 2 418 1 1
0 5 421 1 1
0 10 415 1 1
0 3 419 1 1
0 4 420 1 1
0 9 414 1 1
0 6 422 1 1
0 8 413 1 1
0 1 417 1 1
0 10 417 1 1
0 7 417 1 1
0 9 417 1 1
0 6 417 1 1
0 8 417 1 1
0 5 417 1 1
0 4 417 1 1
0 3 417 1 1
0 2 417 1 1
0 1 417 1 1
0 2 416 1 1
0 11 418 1 1
0 9 420 1 1
0 10 419 1 1
0 4 414 1 1
0 8 421 1 1
0 5 413 1 1
0 3 415 1 1
0 1 417 1 1
0 7 422 1 1
0 7 415 1 1
0 9 417 1 1
0 2 421 1 1
0 10 418 1 1
0 1 420 1 1
0 3 422 1 1
0 8 416 1 1
0 6 414 1 1
0 5 413 1 1
0 12 419 1 1
0 3 423 1 1
0 5 425 1 1
0 6 426 1 1
0 4 424 1 1
0 7 427 1 1
0 9 429 1 1
0 12 420 1 1
0 8 428 1 1
0 2 422 1 1
0 1 421 1 1
0 2 421 1 1
0 3 421 1 1
0 4 421 1 1
0 5 421 1 1
0 8 421 1 1
0 6 421 1 1
0 9 421 1 1
0 7 421 1 1
0 10 421 1 1
0 1 421 1 1
0 7 426 1 1
0 9 424 1 1
0 6 427 1 1
0 10 423 1 1
0 11 422 1 1
0 1 421 1 1
0 4 429 1 1
0 5 428 1 1
0 2 420 1 1
0 8 425 1 1
0 12 423 1 1
0 2 425 1 1
0 5 428 1 1
0 10 422 1 1
0 3 426 1 1
0 4 427 1 1
0 9 421 1 1
0 6 429 1 1
0 8 420 1 1
0 1 424 1 1
0 10 424 1 1
0 7 424 1 1
0 9 424 1 1
0 6 424 1 1
0 8 424 1 1
0 5 424 1 1
0 4 424 1 1
0 3 424 1 1
0 2 424 1 1
0 1 424 1 1
0 2 423 1 1
0 11 425 1 1
0 9 427 1 1
0 10 426 1 1
0 4 421 1 1
0 8 428 1 1
0 5 420 1 1
0 3 422 1 1
0 1 424 1 1
0 7 429 1 1
0 7 422 1 1
0 9 424 1 1
0 2 428 1 1
0 10 425 1 1
0 1 427 1 1
0 3 429 1 1
0 8 423 1 1
0 6 421 1 1
0 5 420 1 1
0 12 426 1 1
0 3 430 1 1
0 5 432 1 1
0 6 433 1 1
0 4 431 1 1
0 7 434 1 1
0 9 436 1 1
0 12 427 1 1
0 8 435 1 1
0 2 429 1 1
0 1 428 1 1
0 2 428 1 1
0 3 428 1 1
0 4 428 1 1
0 5 428 1 1
0 8 428 1 1
0 6 428 1 1
0 9 428 1 1
0 7 428 1 1
0 10 428 1 1
0 1 428 1 1
0 7 433 1 1
0 9 431 1 1
0 6 434 1 1
0 10 430 1 1
0 11 429 1 1
0 1 428 1 1
0 4 436 1 1
0 5 435 1 1
0 2 427 1 1
0 8 432 1 1
0 12 430 1 1
0 2 432 1 1
0 5 435 1 1
0 10 429 1 1
0 3 433 1 1
0 4 434 1 1
0 9 428 1 1
0 6 436 1 1
0 8 427 1 1
0 1 431 1 1
0 10 431 1 1
0 7 431 1 1
0 9 431 1 1
0 6 431 1 1
0 8 431 1 1
0 5 431 1 1
0 4 431 1 1
0 3 431 1 1
0 2 431 1 1
0 1 431 1 1
0 2 430 1 1
0 11 432 1 1
0 9 434 1 1
0 10 433 1 1
0 4 428 1 1
0 8 435 1 1
0 5 427 1 1
0 3 429 1 1
0 1 431 1 1
0 7 436 1 1
0 7 429 1 1
0 9 431 1 1
0 2 435 1 1
0 10 432 1 1
0 1 434 1 1
0 3 436 1 1
0 8 430 1 1
0 6 428 1 1
0 5 427 1 1
0 12 433 1 1
0 3 437 1 1
0 5 439 1 1
0 6 440 1 1
0 4 438 1 1
0 7 441 1 1
0 9 443 1 1
0 12 434 1 1
0 8 442 1 1
0 2 436 1 1
0 1 435 1 1
0 2 435 1 1
0 3 435 1 1
0 4 435 1 1
0 5 435 1 1
0 8 435 1 1
0 6 435 1 1
0 9 435 1 1
0 7 435 1 1
0 10 435 1 1
0 1 435 1 1
0 7 440 1 1
0 9 438 1 1
0 6 441 1 1
0 10 437 1 1
0 11 436 1 1
0 1 435 1 1
0 4 443 1 1
0 5 442 1 1
0 2 434 1 1
0 8 439 1 1
0 12 437 1 1
0 2 439 1 1
0 5 442 1 1
0 10 436 1 1
0 3 440 1 1
0 4 441 1 1
0 9 435 1 1
0 6 443 1 1
0 8 434 1 1
0 1 438 1 1
0 10 438 1 1
0 7 438 1 1
0 9 438 1 1
0 6 438 1 1
0 8 438 1 1
0 5 438 1 1
0 4 438 1 1
0 3 438 1 1
0 2 438 1 1
0 1 438 1 1
0 2 437 1 1
0 11 439 1 1
0 9 441 1 1
0 10 440 1 1
0 4 435 1 1
0 8 442 1 1
0 5 434 1 1
0 3 436 1 1
0 1 438 1 1
0 7 443 1 1
0 7 436 1 1
0 9 438 1 1
0 2 442 1 1
0 10 439 1 1
0 1 441 1 1
0 3 443 1 1
0 8 437 1 1
0 6 435 1 1
0 5 434 1 1
0 12 440 1 1
0 3 444 1 1
0 5 446 1 1
0 6 447 1 1
0 4 445 1 1
0 7 448 1 1
0 9 450 1 1
0 12 441 1 1
0 8 449 1 1
0 2 443 1 1
0 1 442 1 1
0 2 442 1 1
0 3 442 1 1
0 4 442 1 1
0 5 442 1 1
0 8 442 1 1
0 6 442 1 1
0 9 442 1 1
0 7 442 1 1
0 10 442 1 1
0 1 442 1 1
0 7 447 1 1
0 9 445 1 1
0 6 448 1 1
0 10 444 1 1
0 11 443 1 1
0 1 442 1 1
0 4 450 1 1
0 5 449 1 1
0 2 441 1 1
0 8 446 1 1
0 12 444 1 1
0 2 446 1 1
0 5 449 1 1
0 10 443 1 1
0 3 447 1 1
0 4 448 1 1
0 9 442 1 1
0 6 450 1 1
0 8 441 1 1
0 1 445 1 1
0 10 445 1 1
0 7 445 1 1
0 9 445 1 1
0 6 445 1 1
0 8 445 1 1
0 5 445 1 1
0 4 445 1 1
0 3 445 1 1
0 2 445 1 1
0 1 445 1 1
0 2 444 1 1
0 11 446 1 1
0 9 448 1 1
0 10 447 1 1
0 4 442 1 1
0 8 449 1 1
0 5 441 1 1
0 3 443 1 1
0 1 445 1 1
0 7 450 1 1
0 7 443 1 1
0 9 445 1 1
0 2 449 1 1
0 10 446 1 1
0 1 448 1 1
0 3 450 1 1
0 8 444 1 1
0 6 442 1 1
0 5 441 1 1
0 12 447 1 1
0 3 451 1 1
0 5 453 1 1
0 6 454 1 1
0 4 452 1 1
0 7 455 1 1
0 9 457 1 1
0 12 448 1 1
0 8 456 1 1
0 2 450 1 1
0 1 449 1 1
0 2 449 1 1
0 3 449 1 1
0 4 449 1 1
0 5 449 1 1
0 8 449 1 1
0 6 449 1 1
0 9 449 1 1
0 7 449 1 1
0 10 449 1 1
0 1 449 1 1
0 7 454 1 1
0 9 452 1 1
0 6 455 1 1
0 10 451 1 1
0 11 450 1 1
0 1 449 1 1
0 4 457 1 1
0 5 456 1 1
0 2 448 1 1
0 8 453 1 1
0 12 451 1 1
0 2 453 1 1
0 5 456 1 1
0 10 450 1 1
0 3 454 1 1
0 4 455 1 1
0 9 449 1 1
0 6 457 1 1
0 8 448 1 1
0 1 452 1 1
0 10 452 1 1
0 7 452 1 1
0 9 452 1 1
0 6 452 1 1
0 8 452 1 1
0 5 452 1 1
0 4 452 1 1
0 3 452 1 1
0 2 452 1 1
0 1 452 1 1
0 2 451 1 1
0 11 453 1 1
0 9 455 1 1
0 10 454 1 1
0 4 449 1 1
0 8 456 1 1
0 5 448 1 1
0 3 450 1 1
0 1 452 1 1
0 7 457 1 1
0 7 450 1 1
0 9 452 1 1
0 2 456 1 1
0 10 453 1 1
0 1 455 1 1
0 3 457 1 1
0 8 451 1 1
0 6 449 1 1
0 5 448 1 1
0 12 454 1 1
0 3 458 1 1
0 5 460 1 1
0 6 461 1 1
0 4 459 1 1
0 7 462 1 1
0 9 464 1 1
0 12 455 1 1
0 8 463 1 1
0 2 457 1 1
0 1 456 1 1
0 2 456 1 1
0 3 456 1 1
0 4 456 1 1
0 5 456 1 1
0 8 456 1 1
0 6 456 1 1
0 9 456 1 1
0 7 456 1 1
0 10 456 1 1
0 1 456 1 1
0 7 461 1 1
0 9 459 1 1
0 6 462 1 1
0 10 458 1 1
0 11 457 1 1
0 1 456 1 1
0 4 464 1 1
0 5 463 1 1
0 2 455 1 1
0 8 460 1 1
0 12 458 1 1
0 2 460 1 1
0 5 463 1 1
0 10 457 1 1
0 3 461 1 1
0 4 462 1 1
0 9 456 1 1
0 6 464 1 1
0 8 455 1 1
0 1 459 1 1
0 10 459 1 1
0 7 459 1 1
0 9 459 1 1
0 6 459 1 1
0 8 459 1 1
0 5 459 1 1
0 4 459 1 1
0 3 459 1 1
0 2 459 1 1
0 1 459 1 1
0 2 458 1 1
0 11 460 1 1
0 9 462 1 1
0 10 461 1 1
0 4 456 1 1
0 8 463 1 1
0 5 455 1 1
0 3 457 1 1
0 1 459 1 1
0 7 464 1 1
0 7 457 1 1
0 9 459 1 1
0 2 463 1 1
0 10 460 1 1
0 1 462 1 1
0 3 464 1 1
0 8 458 1 1
0 6 456 1 1
0 5 455 1 1
0 12 461 1 1
0 3 465 1 1
0 5 467 1 1
0 6 468 1 1
0 4 466 1 1
0 7 469 1 1
0 9 471 1 1
0 12 462 1 1
0 8 470 1 1
0 2 464 1 1
0 1 463 1 1
0 2 463 1 1
0 3 463 1 1
0 4 463 1 1
0 5 463 1 1
0 8 463 1 1
0 6 463 1 1
0 9 463 1 1
0 7 463 1 1
0 10 463 1 1
0 1 463 1 1
0 7 468 1 1
0 9 466 1 1
0 6 469 1 1
0 10 465 1 1
0 11 464 1 1
0 1 463 1 1
0 4 471 1 1
0 5 470 1 1
0 2 462 1 1
0 8 467 1 1
0 12 465 1 1
0 2 467 1 1
0 5 470 1 1
0 10 464 1 1
0 3 468 1 1
0 4 469 1 1
0 9 463 1 1
0 6 471 1 1
0 8 462 1 1
0 1 466 1 1
0 10 466 1 1
0 7 466 1 1
0 9 466 1 1
0 6 466 1 1
0 8 466 1 1
0 5 466 1 1
0 4 466 1 1
0 3 466 1 1
0 2 466 1 1
0 1 466 1 1
0 2 465 1 1
0 11 467 1 1
0 9 469 1 1
0 10 468 1 1
0 4 463 1 1
0 8 470 1 1
0 5 462 1 1
0 3 464 1 1
0 1 466 1 1
0 7 471 1 1
0 7 464 1 1
0 9 466 1 1
0 2 470 1 1
0 10 467 1 1
0 1 469 1 1
0 3 471 1 1
0 8 465 1 1
0 6 463 1 1
0 5 462 1 1
0 12 468 1 1
0 3 472 1 1
0 5 474 1 1
0 6 475 1 1
0 4 473 1 1
0 7 476 1 1
0 9 478 1 1
0 12 469 1 1
0 8 477 1 1
0 2 471 1 1
0 1 470 1 1
0 2 470 1 1
0 3 470 1 1
0 4 470 1 1
0 5 470 1 1
0 8 470 1 1
0 6 470 1 1
0 9 470 1 1
0 7 470 1 1
0 10 470 1 1
0 1 470 1 1
0 7 475 1 1
0 9 473 1 1
0 6 476 1 1
0 10 472 1 1
0 11 471 1 1
0 1 470 1 1
0 4 478 1 1
0 5 477 1 1
0 2 469 1 1
0 8 474 1 1
0 12 472 1 1
0 2 474 1 1
0 5 477 1 1
0 10 471 1 1
0 3 475 1 1
0 4 476 1 1
0 9 470 1 1
0 6 478 1 1
0 8 469 1 1
0 1 473 1 1
0 10 473 1 1
0 7 473 1 1
0 9 473 1 1
0 6 473 1 1
0 8 473 1 1
0 5 473 1 1
0 4 473 1 1
0 3 473 1 1
0 2 473 1 1
0 1 473 1 1
0 2 472 1 1
0 11 474 1 1
0 9 476 1 1
0 10 475 1 1
0 4 470 1 1
0 8 477 1 1
0 5 469 1 1
0 3 471 1 1
0 1 473 1 1
0 7 478 1 1
0 7 471 1 1
0 9 473 1 1
0 2 477 1 1
0 10 474 1 1
0 1 476 1 1
0 3 478 1 1
0 8 472 1 1
0 6 470 1 1
0 5 469 1 1
0 12 475 1 1
0 3 479 1 1
0 5 481 1 1
0 6 482 1 1
0 4 480 1 1
0 7 483 1 1
0 9 485 1 1
0 12 476 1 1
0 8 484 1 1
0 2 478 1 1
0 1 477 1 1
0 2 477 1 1
0 3 477 1 1
0 4 477 1 1
0 5 477 1 1
0 8 477 1 1
0 6 477 1 1
0 9 477 1 1
0 7 477 1 1
0 10 477 1 1
0 1 477 1 1
0 7 482 1 1
0 9 480 1 1
0 6 483 1 1
0 10 479 1 1
0 11 478 1 1
0 1 477 1 1
0 4 485 1 1
0 5 484 1 1
0 2 476 1 1
0 8 481 1 1
0 12 479 1 1
0 2 481 1 1
0 5 484 1 1
0 10 478 1 1
0 3 482 1 1
0 4 483 1 1
0 9 477 1 1
0 6 485 1 1
0 8 476 1 1
0 1 480 1 1
0 10 480 1 1
0 7 480 1 1
0 9 480 1 1
0 6 480 1 1
0 8 480 1 1
0 5 480 1 1
0 4 480 1 1
0 3 480 1 1
0 2 480 1 1
0 1 480 1 1
0 2 479 1 1
0 11 481 1 1
0 9 483 1 1
0 10 482 1 1
0 4 477 1 1
0 8 484 1 1
0 5 476 1 1
0 3 478 1 1
0 1 480 1 1
0 7 485 1 1
0 7 478 1 1
0 9 480 1 1
0 2 484 1 1
0 10 481 1 1
0 1 483 1 1
0 3 485 1 1
0 8 479 1 1
0 6 477 1 1
0 5 476 1 1
0 12 482 1 1
0 3 486 1 1
0 5 488 1 1
0 6 489 1 1
0 4 487 1 1
0 7 490 1 1
0 9 492 1 1
0 12 483 1 1
0 8 491 1 1
0 2 485 1 1
0 1 484 1 1
0 2 484 1 1
0 3 484 1 1
0 4 484 1 1
0 5 484 1 1
0 8 484 1 1
0 6 484 1 1
0 9 484 1 1
0 7 484 1 1
0 10 484 1 1
0 1 484 1 1
0 7 489 1 1
0 9 487 1 1
0 6 490 1 1
0 10 486 1 1
0 11 485 1 1
0 1 484 1 1
0 4 492 1 1
0 5 491 1 1
0 2 483 1 1
0 8 488 1 1
0 12 486 1 1
0 2 488 1 1
0 5 491 1 1
0 10 485 1 1
0 3 489 1 1
0 4 490 1 1
0 9 484 1 1
0 6 492 1 1
0 8 483 1 1
0 1 487 1 1
0 10 487 1 1
0 7 487 1 1
0 9 487 1 1
0 6 487 1 1
0 8 487 1 1
0 5 487 1 1
0 4 487 1 1
0 3 487 1 1
0 2 487 1 1
0 1 487 1 1
0 2 486 1 1
0 11 488 1 1
0 9 490 1 1
0 10 489 1 1
0 4 484 1 1
0 8 491 1 1
0 5 483 1 1
0 3 485 1 1
0 1 487 1 1
0 7 492 1 1
0 7 485 1 1
0 9 487 1 1
0 2 491 1 1
0 10 488 1 1
0 1 490 1 1
0 3 492 1 1
0 8 486 1 1
0 6 484 1 1
0 5 483 1 1
0 12 489 1 1
0 3 493 1 1
0 5 495 1 1
0 6 496 1 1
0 4 494 1 1
0 7 497 1 1
0 9 499 1 1
0 12 490 1 1
0 8 498 1 1
0 2 492 1 1
0 1 491 1 1
0 2 491 1 1
0 3 491 1 1
0 4 491 1 1
0 5 491 1 1
0 8 491 1 1
0 6 491 1 1
0 9 491 1 1
0 7 491 1 1
0 10 491 1 1
0 1 491 1 1
0 7 496 1 1
0 9 494 1 1
0 6 497 1 1
0 10 493 1 1
0 11 492 1 1
0 1 491 1 1
0 4 499 1 1
0 5 498 1 1
0 2 490 1 1
0 8 495 1 1
0 12 493 1 1
0 2 495 1 1
0 5 498 1 1
0 10 492 1 1
0 3 496 1 1
0 4 497 1 1
0 9 491 1 1
0 6 499 1 1
0 8 490 1 1
0 1 494 1 1
0 10 494 1 1
0 7 494 1 1
0 9 494 1 1
0 6 494 1 1
0 8 494 1 1
0 5 494 1 1
0 4 494 1 1
0 3 494 1 1
0 2 494 1 1
0 1 494 1 1
0 2 493 1 1
0 11 495 1 1
0 9 497 1 1
0 10 496 1 1
0 4 491 1 1
0 8 498 1 1
0 5 490 1 1
0 3 492 1 1
0 1 494 1 1
0 7 499 1 1
0 7 492 1 1
0 9 494 1 1
0 2 498 1 1
0 10 495 1 1
0 1 497 1 1
0 3 499 1 1
0 8 493 1 1
0 6 491 1 1
0 5 490 1 1
0 12 496 1 1
0 3 500 1 1
0 5 502 1 1
0 6 503 1 1
0 4 501 1 1
0 7 504 1 1
0 9 506 1 1
0 12 497 1 1
0 8 505 1 1
0 2 499 1 1
0 1 498 1 1
0 2 498 1 1
0 3 498 1 1
0 4 498 1 1
0 5 498 1 1
0 8 498 1 1
0 6 498 1 1
0 9 498 1 1
0 7 498 1 1
0 10 498 1 1
0 1 498 1 1
0 7 503 1 1
0 9 501 1 1
0 6 504 1 1
0 10 500 1 1
0 11 499 1 1
0 1 498 1 1
0 4 506 1 1
0 5 505 1 1
0 2 497 1 1
0 8 502 1 1
0 12 500 1 1
0 2 502 1 1
0 5 505 1 1
0 10 499 1 1
0 3 503 1 1
0 4 504 1 1
0 9 498 1 1
0 6 506 1 1
0 8 497 1 1
0 1 501 1 1
0 10 501 1 1
0 7 501 1 1
0 9 501 1 1
0 6 501 1 1
0 8 501 1 1
0 5 501 1 1
0 4 501 1 1
0 3 501 1 1
0 2 501 1 1
0 1 501 1 1
0 2 500 1 1
0 11 502 1 1
0 9 504 1 1
0 10 503 1 1
0 4 498 1 1
0 8 505 1 1
0 5 497 1 1
0 3 499 1 1
0 1 501 1 1
0 7 506 1 1
0 7 499 1 1
0 9 501 1 1
0 2 505 1 1
0 10 502 1 1
0 1 504 1 1
0 3 506 1 1
0 8 500 1 1
0 6 498 1 1
0 5 497 1 1
0 12 503 1 1
0 3 507 1 1
0 5 509 1 1
0 6 510 1 1
0 4 508 1 1
0 7 511 1 1
0 9 513 1 1
0 12 504 1 1
0 8 512 1 1
0 2 506 1 1
0 1 505 1 1
0 2 505 1 1
0 3 505 1 1
0 4 505 1 1
0 5 505 1 1
0 8 505 1 1
0 6 505 1 1
0 9 505 1 1
0 7 505 1 1
0 10 505 1 1
0 1 505 1 1
0 7 510 1 1
0 9 508 1 1
0 6 511 1 1
0 10 507 1 1
0 11 506 1 1
0 1 505 1 1
0 4 513 1 1
0 5 512 1 1
0 2 504 1 1
0 8 509 1 1
0 12 507 1 1
0 2 509 1 1
0 5 512 1 1
0 10 506 1 1
0 3 510 1 1
0 4 511 1 1
0 9 505 1 1
0 6 513 1 1
0 8 504 1 1
0 1 508 1 1
0 10 508 1 1
0 7 508 1 1
0 9 508 1 1
0 6 508 1 1
0 8 508 1 1
0 5 508 1 1
0 4 508 1 1
0 3 508 1 1
0 2 508 1 1
0 1 508 1 1
0 2 507 1 1
0 11 509 1 1
0 9 511 1 1
0 10 510 1 1
0 4 505 1 1
0 8 512 1 1
0 5 504 1 1
0 3 506 1 1
0 1 508 1 1
0 7 513 1 1
0 7 506 1 1
0 9 508 1 1
0 2 512 1 1
0 10 509 1 1
0 1 511 1 1
0 3 513 1 1
0 8 507 1 1
0 6 505 1 1
0 5 504 1 1
0 12 510 1 1
0 3 514 1 1
0 5 516 1 1
0 6 517 1 1
0 4 515 1 1
0 7 518 1 1
0 9 520 1 1
0 12 511 1 1
0 8 519 1 1
0 2 513 1 1
0 1 512 1 1
0 2 512 1 1
0 3 512 1 1
0 4 512 1 1
0 5 512 1 1
0 8 512 1 1
0 6 512 1 1
0 9 512 1 1
0 7 512 1 1
0 10 512 1 1
0 1 512 1 1
0 7 517 1 1
0 9 515 1 1
0 6 518 1 1
0 10 514 1 1
0 11 513 1 1
0 1 512 1 1
0 4 520 1 1
0 5 519 1 1
0 2 511 1 1
0 8 516 1 1
0 12 514 1 1
0 2 516 1 1
0 5 519 1 1
0 10 513 1 1
0 3 517 1 1
0 4 518 1 1
0 9 512 1 1
0 6 520 1 1
0 8 511 1 1
0 1 515 1 1
0 10 515 1 1
0 7 515 1 1
0 9 515 1 1
0 6 515 1 1
0 8 515 1 1
0 5 515 1 1
0 4 515 1 1
0 3 515 1 1
0 2 515 1 1
0 1 515 1 1
0 2 514 1 1
0 11 516 1 1
0 9 518 1 1
0 10 517 1 1
0 4 512 1 1
0 8 519 1 1
0 5 511 1 1
0 3 513 1 1
0 1 515 1 1
0 7 520 1 1
0 7 513 1 1
0 9 515 1 1
0 2 519 1 1
0 10 516 1 1
0 1 518 1 1
0 3 520 1 1
0 8 514 1 1
0 6 512 1 1
0 5 511 1 1
0 12 517 1 1
0 3 521 1 1
0 5 523 1 1
0 6 524 1 1
0 4 522 1 1
0 7 525 1 1
0 9 527 1 1
0 12 518 1 1
0 8 526 1 1
0 2 520 1 1
0 1 519 1 1
0 2 519 1 1
0 3 519 1 1
0 4 519 1 1
0 5 519 1 1
0 8 519 1 1
0 6 519 1 1
0 9 519 1 1
0 7 519 1 1
0 10 519 1 1
0 1 519 1 1
0 7 524 1 1
0 9 522 1 1
0 6 525 1 1
0 10 521 1 1
0 11 520 1 1
0 1 519 1 1
0 4 527 1 1
0 5 526 1 1
0 2 518 1 1
0 8 523 1 1
0 12 521 1 1
0 2 523 1 1
0 5 526 1 1
0 10 520 1 1
0 3 524 1 1
0 4 525 1 1
0 9 519 1 1
0 6 527 1 1
0 8 518 1 1
0 1 522 1 1
0 10 522 1 1
0 7 522 1 1
0 9 522 1 1
0 6 522 1 1
0 8 522 1 1
0 5 522 1 1
0 4 522 1 1
0 3 522 1 1
0 2 522 1 1
0 1 522 1 1
0 2 521 1 1
0 11 523 1 1
0 9 525 1 1
0 10 524 1 1
0 4 519 1 1
0 8 526 1 1
0 5 518 1 1
0 3 520 1 1
0 1 522 1 1
0 7 527 1 1
0 7 520 1 1
0 9 522 1 1
0 2 526 1 1
0 10 523 1 1
0 1 525 1 1
0 3 527 1 1
0 8 521 1 1
0 6 519 1 1
0 5 518 1 1
0 12 524 1 1
0 3 528 1 1
0 5 530 1 1
0 6 531 1 1
0 4 529 1 1
0 7 532 1 1
0 9 534 1 1
0 12 525 1 1
0 8 533 1 1
0 2 527 1 1
0 1 526 1 1
0 2 526 1 1
0 3 526 1 1
0 4 526 1 1
0 5 526 1 1
0 8 526 1 1
0 6 526 1 1
0 9 526 1 1
0 7 526 1 1
0 10 526 1 1
0 1 526 1 1
0 7 531 1 1
0 9 529 1 1
0 6 532 1 1
0 10 528 1 1
0 11 527 1 1
0 1 526 1 1
0 4 534 1 1
0 5 533 1 1
0 2 525 1 1
0 8 530 1 1
0 12 528 1 1
0 2 530 1 1
0 5 533 1 1
0 10 527 1 1
0 3 531 1 1
0 4 532 1 1
0 9 526 1 1
0 6 534 1 1
0 8 525 1 1
0 1 529 1 1
0 10 529 1 1
0 7 529 1 1
0 9 529 1 1
0 6 529 1 1
0 8 529 1 1
0 5 529 1 1
0 4 529 1 1
0 3 529 1 1
0 2 529 1 1
0 1 529 1 1
0 2 528 1 1
0 11 530 1 1
0 9 532 1 1
0 10 531 1 1
0 4 526 1 1
0 8 533 1 1
0 5 525 1 1
0 3 527 1 1
0 1 529 1 1
0 7 534 1 1
0 7 527 1 1
0 9 529 1 1
0 2 533 1 1
0 10 530 1 1
0 1 532 1 1
0 3 534 1 1
0 8 528 1 1
0 6 526 1 1
0 5 525 1 1
0 12 531 1 1
0 3 535 1 1
0 5 537 1 1
0 6 538 1 1
0 4 536 1 1
0 7 539 1 1
0 9 541 1 1
0 12 532 1 1
0 8 540 1 1
0 2 534 1 1
0 1 533 1 1
0 2 533 1 1
0 3 533 1 1
0 4 533 1 1
0 5 533 1 1
0 8 533 1 1
0 6 533 1 1
0 9 533 1 1
0 7 533 1 1
0 10 533 1 1
0 1 533 1 1
0 7 538 1 1
0 9 536 1 1
0 6 539 1 1
0 10 535 1 1
0 11 534 1 1
0 1 533 1 1
0 4 541 1 1
0 5 540 1 1
0 2 532 1 1
0 8 537 1 1
0 12 535 1 1
0 2 537 1 1
0 5 540 1 1
0 10 534 1 1
0 3 538 1 1
0 4 539 1 1
0 9 533 1 1
0 6 541 1 1
0 8 532 1 1
0 1 536 1 1
0 10 536 1 1
0 7 536 1 1
0 9 536 1 1
0 6 536 1 1
0 8 536 1 1
0 5 536 1 1
0 4 536 1 1
0 3 536 1 1
0 2 536 1 1
0 1 536 1 1
0 2 535 1 1
0 11 537 1 1
0 9 539 1 1
0 10 538 1 1
0 4 533 1 1
0 8 540 1 1
0 5 532 1 1
0 3 534 1 1
0 1 536 1 1
0 7 541 1 1
0 7 534 1 1
0 9 536 1 1
0 2 540 1 1
0 10 537 1 1
0 1 539 1 1
0 3 541 1 1
0 8 535 1 1
0 6 533 1 1
0 5 532 1 1
0 12 538 1 1
0 3 542 1 1
0 5 544 1 1
0 6 545 1 1
0 4 543 1 1
0 7 546 1 1
0 9 548 1 1
0 12 539 1 1
0 8 547 1 1
0 2 541 1 1
0 1 540 1 1
0 2 540 1 1
0 3 540 1 1
0 4 540 1 1
0 5 540 1 1
0 8 540 1 1
0 6 540 1 1
0 9 540 1 1
0 7 540 1 1
0 10 540 1 1
0 1 540 1 1
0 7 545 1 1
0 9 543 1 1
0 6 546 1 1
0 10 542 1 1
0 11 541 1 1
0 1 540 1 1
0 4 548 1 1
0 5 547 1 1
0 2 539 1 1
0 8 544 1 1
0 12 542 1 1
0 2 544 1 1
0 5 547 1 1
0 10 541 1 1
0 3 545 1 1
0 4 546 1 1
0 9 540 1 1
0 6 548 1 1
0 8 539 1 1
0 1 543 1 1
0 10 543 1 1
0 7 543 1 1
0 9 543 1 1
0 6 543 1 1
0 8 543 1 1
0 5 543 1 1
0 4 543 1 1
0 3 543 1 1
0 2 543 1 1
0 1 543 1 1
0 2 542 1 1
0 11 544 1 1
0 9 546 1 1
0 10 545 1 1
0 4 540 1 1
0 8 547 1 1
0 5 539 1 1
0 3 541 1 1
0 1 543 1 1
0 7 548 1 1
0 7 541 1 1
0 9 543 1 1
0 2 547 1 1
0 10 544 1 1
0 1 546 1 1
0 3 548 1 1
0 8 542 1 1
0 6 540 1 1
0 5 539 1 1
0 12 545 1 1
0 3 549 1 1
0 5 551 1 1
0 6 552 1 1
0 4 550 1 1
0 7 553 1 1
0 9 555 1 1
0 12 546 1 1
0 8 554 1 1
0 2 548 1 1
0 1 547 1 1
0 2 547 1 1
0 3 547 1 1
0 4 547 1 1
0 5 547 1 1
0 8 547 1 1
0 6 547 1 1
0 9 547 1 1
0 7 547 1 1
0 10 547 1 1
0 1 547 1 1
0 7 552 1 1
0 9 550 1 1
0 6 553 1 1
0 10 549 1 1
0 11 548 1 1
0 1 547 1 1
0 4 555 1 1
0 5 554 1 1
0 2 546 1 1
0 8 551 1 1
0 12 549 1 1
0 2 551 1 1
0 5 554 1 1
0 10 548 1 1
0 3 552 1 1
0 4 553 1 1
0 9 547 1 1
0 6 555 1 1
0 8 546 1 1
0 1 550 1 1
0 10 550 1 1
0 7 550 1 1
0 9 550 1 1
0 6 550 1 1
0 8 550 1 1
0 5 550 1 1
0 4 550 1 1
0 3 550 1 1
0 2 550 1 1
0 1 550 1 1
0 2 549 1 1
0 11 551 1 1
0 9 553 1 1
0 10 552 1 1
0 4 547 1 1
0 8 554 1 1
0 5 546 1 1
0 3 548 1 1
0 1 550 1 1
0 7 555 1 1
0 7 548 1 1
0 9 550 1 1
0 2 554 1 1
0 10 551 1 1
0 1 553 1 1
0 3 555 1 1
0 8 549 1 1
0 6 547 1 1
0 5 546 1 1
0 12 552 1 1
0 3 556 1 1
0 5 558 1 1
0 6 559 1 1
0 4 557 1 1
0 7 560 1 1
0 9 562 1 1
0 12 553 1 1
0 8 561 1 1
0 2 555 1 1
0 1 554 1 1
0 2 554 1 1
0 3 554 1 1
0 4 554 1 1
0 5 554 1 1
0 8 554 1 1
0 6 554 1 1
0 9 554 1 1
0 7 554 1 1
0 10 554 1 1
0 1 554 1 1
0 7 559 1 1
0 9 557 1 1
0 6 560 1 1
0 10 556 1 1
0 11 555 1 1
0 1 554 1 1
0 4 562 1 1
0 5 561 1 1
0 2 553 1 1
0 8 558 1 1
0 12 556 1 1
0 2 558 1 1
0 5 561 1 1
0 10 555 1 1
0 3 559 1 1
0 4 560 1 1
0 9 554 1 1
0 6 562 1 1
0 8 553 1 1
0 1 557 1 1
0 10 557 1 1
0 7 557 1 1
0 9 557 1 1
0 6 557 1 1
0 8 557 1 1
0 5 557 1 1
0 4 557 1 1
0 3 557 1 1
0 2 557 1 1
0 1 557 1 1
0 2 556 1 1
0 11 558 1 1
0 9 560 1 1
0 10 559 1 1
0 4 554 1 1
0 8 561 1 1
0 5 553 1 1
0 3 555 1 1
0 1 557 1 1
0 7 562 1 1
0 7 555 1 1
0 9 557 1 1
0 2 561 1 1
0 10 558 1 1
0 1 560 1 1
0 3 562 1 1
0 8 556 1 1
0 6 554 1 1
0 5 553 1 1
0 12 559 1 1
0 3 563 1 1
0 5 565 1 1
0 6 566 1 1
0 4 564 1 1
0 7 567 1 1
0 9 569 1 1
0 12 560 1 1
0 8 568 1 1
0 2 562 1 1
0 1 561 1 1
0 2 561 1 1
0 3 561 1 1
0 4 561 1 1
0 5 561 1 1
0 8 561 1 1
0 6 561 1 1
0 9 561 1 1
0 7 561 1 1
0 10 561 1 1
0 1 561 1 1
0 7 566 1 1
0 9 564 1 1
0 6 567 1 1
0 10 563 1 1
0 11 562 1 1
0 1 561 1 1
0 4 569 1 1
0 5 568 1 1
0 2 560 1 1
0 8 565 1 1
0 12 563 1 1
0 2 565 1 1
0 5 568 1 1
0 10 562 1 1
0 3 566 1 1
0 4 567 1 1
0 9 561 1 1
0 6 569 1 1
0 8 560 1 1
0 1 564 1 1
0 10 564 1 1
0 7 564 1 1
0 9 564 1 1
0 6 564 1 1
0 8 564 1 1
0 5 564 1 1
0 4 564 1 1
0 3 564 1 1
0 2 564 1 1
0 1 564 1 1
0 2 563 1 1
0 11 565 1 1
0 9 567 1 1
0 10 566 1 1
0 4 561 1 1
0 8 568 1 1
0 5 560 1 1
0 3 562 1 1
0 1 564 1 1
0 7 569 1 1
0 7 562 1 1
0 9 564 1 1
0 2 568 1 1
0 10 565 1 1
0 1 567 1 1
0 3 569 1 1
0 8 563 1 1
0 6 561 1 1
0 5 560 1 1
0 12 566 1 1
0 3 570 1 1
0 5 572 1 1
0 6 573 1 1
0 4 571 1 1
0 7 574 1 1
0 9 576 1 1
0 12 567 1 1
0 8 575 1 1
0 2 569 1 1
0 1 568 1 1
0 2 568 1 1
0 3 568 1 1
0 4 568 1 1
0 5 568 1 1
0 8 568 1 1
0 6 568 1 1
0 9 568 1 1
0 7 568 1 1
0 10 568 1 1
0 1 568 1 1
0 7 573 1 1
0 9 571 1 1
0 6 574 1 1
0 10 570 1 1
0 11 569 1 1
0 1 568 1 1
0 4 576 1 1
0 5 575 1 1
0 2 567 1 1
0 8 572 1 1
0 12 570 1 1
0 2 572 1 1
0 5 575 1 1
0 10 569 1 1
0 3 573 1 1
0 4 574 1 1
0 9 568 1 1
0 6 576 1 1
0 8 567 1 1
0 1 571 1 1
0 10 571 1 1
0 7 571 1 1
0 9 571 1 1
0 6 571 1 1
0 8 571 1 1
0 5 571 1 1
0 4 571 1 1
0 3 571 1 1
0 2 571 1 1
0 1 571 1 1
0 2 570 1 1
0 11 572 1 1
0 9 574 1 1
0 10 573 1 1
0 4 568 1 1
0 8 575 1 1
0 5 567 1 1
0 3 569 1 1
0 1 571 1 1
0 7 576 1 1
0 7 569 1 1
0 9 571 1 1
0 2 575 1 1
0 10 572 1 1
0 1 574 1 1
0 3 576 1 1
0 8 570 1 1
0 6 568 1 1
0 5 567 1 1
0 12 573 1 1
0 3 577 1 1
0 5 579 1 1
0 6 580 1 1
0 4 578 1 1
0 7 581 1 1
0 9 583 1 1
0 12 574 1 1
0 8 582 1 1
0 2 576 1 1
0 1 575 1 1
0 2 575 1 1
0 3 575 1 1
0 4 575 1 1
0 5 575 1 1
0 8 575 1 1
0 6 575 1 1
0 9 575 1 1
0 7 575 1 1
0 10 575 1 1
0 1 575 1 1
0 7 580 1 1
0 9 578 1 1
0 6 581 1 1
0 10 577 1 1
0 11 576 1 1
0 1 575 1 1
0 4 583 1 1
0 5 582 1 1
0 2 574 1 1
0 8 579 1 1
0 12 577 1 1
0 2 579 1 1
0 5 582 1 1
0 10 576 1 1
0 3 580 1 1
0 4 581 1 1
0 9 575 1 1
0 6 583 1 1
0 8 574 1 1
0 1 578 1 1
0 10 578 1 1
0 7 578 1 1
0 9 578 1 1
0 6 578 1 1
0 8 578 1 1
0 5 578 1 1
0 4 578 1 1
0 3 578 1 1
0 2 578 1 1
0 1 578 1 1
0 2 577 1 1
0 11 579 1 1
0 9 581 1 1
0 10 580 1 1
0 4 575 1 1
0 8 582 1 1
0 5 574 1 1
0 3 576 1 1
0 1 578 1 1
0 7 583 1 1
0 7 576 1 1
0 9 578 1 1
0 2 582 1 1
0 10 579 1 1
0 1 581 1 1
0 3 583 1 1
0 8 577 1 1
0 6 575 1 1
0 5 574 1 1
0 12 580 1 1
0 3 584 1 1
0 5 586 1 1
0 6 587 1 1
0 4 585 1 1
0 7 588 1 1
0 9 590 1 1
0 12 581 1 1
0 8 589 1 1
0 2 583 1 1
0 1 582 1 1
0 2 582 1 1
0 3 582 1 1
0 4 582 1 1
0 5 582 1 1
0 8 582 1 1
0 6 582 1 1
0 9 582 1 1
0 7 582 1 1
0 10 582 1 1
0 1 582 1 1
0 7 587 1 1
0 9 585 1 1
0 6 588 1 1
0 10 584 1 1
0 11 583 1 1
0 1 582 1 1
0 4 590 1 1
0 5 589 1 1
0 2 581 1 1
0 8 586 1 1
0 12 584 1 1
0 2 586 1 1
0 5 589 1 1
0 10 583 1 1
0 3 587 1 1
0 4 588 1 1
0 9 582 1 1
0 6 590 1 1
0 8 581 1 1
0 1 585 1 1
0 10 585 1 1
0 7 585 1 1
0 9 585 1 1
0 6 585 1 1
0 8 585 1 1
0 5 585 1 1
0 4 585 1 1
0 3 585 1 1
0 2 585 1 1
0 1 585 1 1
0 2 584 1 1
0 11 586 1 1
0 9 588 1 1
0 10 587 1 1
0 4 582 1 1
0 8 589 1 1
0 5 581 1 1
0 3 583 1 1
0 1 585 1 1
0 7 590 1 1
0 7 583 1 1
0 9 585 1 1
0 2 589 1 1
0 10 586 1 1
0 1 588 1 1
0 3 590 1 1
0 8 584 1 1
0 6 582 1 1
0 5 581 1 1
0 12 587 1 1
0 3 591 1 1
0 5 593 1 1
0 6 594 1 1
0 4 592 1 1
0 7 595 1 1
0 9 597 1 1
0 12 588 1 1
0 8 596 1 1
0 2 590 1 1
0 1 589 1 1
0 2 589 1 1
0 3 589 1 1
0 4 589 1 1
0 5 589 1 1
0 8 589 1 1
0 6 589 1 1
0 9 589 1 1
0 7 589 1 1
0 10 589 1 1
0 1 589 1 1
0 7 594 1 1
0 9 592 1 1
0 6 595 1 1
0 10 591 1 1
0 11 590 1 1
0 1 589 1 1
0 4 597 1 1
0 5 596 1 1
0 2 588 1 1
0 8 593 1 1
0 12 591 1 1
0 2 593 1 1
0 5 596 1 1
0 10 590 1 1
0 3 594 1 1
0 4 595 1 1
0 9 589 1 1
0 6 597 1 1
0 8 588 1 1
0 1 592 1 1
0 10 592 1 1
0 7 592 1 1
0 9 592 1 1
0 6 592 1 1
0 8 592 1 1
0 5 592 1 1
0 4 592 1 1
0 3 592 1 1
0 2 592 1 1
0 1 592 1 1
0 2 591 1 1
0 11 593 1 1
0 9 595 1 1
0 10 594 1 1
0 4 589 1 1
0 8 596 1 1
0 5 588 1 1
0 3 590 1 1
0 1 592 1 1
0 7 597 1 1
0 7 590 1 1
0 9 592 1 1
0 2 596 1 1
0 10 593 1 1
0 1 595 1 1
0 3 597 1 1
0 8 591 1 1
0 6 589 1 1
0 5 588 1 1
0 12 594 1 1
0 3 598 1 1
0 5 600 1 1
0 6 601 1 1
0 4 599 1 1
0 7 602 1 1
0 9 604 1 1
0 12 595 1 1
0 8 603 1 1
0 2 597 1 1
0 1 596 1 1
0 2 596 1 1
0 3 596 1 1
0 4 596 1 1
0 5 596 1 1
0 8 596 1 1
0 6 596 1 1
0 9 596 1 1
0 7 596 1 1
0 10 596 1 1
0 1 596 1 1
0 7 601 1 1
0 9 599 1 1
0 6 602 1 1
0 10 598 1 1
0 11 597 1 1
0 1 596 1 1
0 4 604 1 1
0 5 603 1 1
0 2 595 1 1
0 8 600 1 1
0 12 598 1 1
0 2 600 1 1
0 5 603 1 1
0 10 597 1 1
0 3 601 1 1
0 4 602 1 1
0 9 596 1 1
0 6 604 1 1
0 8 595 1 1
0 1 599 1 1
0 10 599 1 1
0 7 599 1 1
0 9 599 1 1
0 6 599 1 1
0 8 599 1 1
0 5 599 1 1
0 4 599 1 1
0 3 599 1 1
0 2 599 1 1
0 1 599 1 1
0 2 598 1 1
0 11 600 1 1
0 9 602 1 1
0 10 601 1 1
0 4 596 1 1
0 8 603 1 1
0 5 595 1 1
0 3 597 1 1
0 1 599 1 1
0 7 604 1 1
0 7 597 1 1
0 9 599 1 1
0 2 603 1 1
0 10 600 1 1
0 1 602 1 1
0 3 604 1 1
0 8 598 1 1
0 6 596 1 1
0 5 595 1 1
0 12 601 1 1
0 3 605 1 1
0 5 607 1 1
0 6 608 1 1
0 4 606 1 1
0 7 609 1 1
0 9 611 1 1
0 12 602 1 1
0 8 610 1 1
0 2 604 1 1
0 1 603 1 1
0 2 603 1 1
0 3 603 1 1
0 4 603 1 1
0 5 603 1 1
0 8 603 1 1
0 6 603 1 1
0 9 603 1 1
0 7 603 1 1
0 10 603 1 1
0 1 603 1 1
0 7 608 1 1
0 9 606 1 1
0 6 609 1 1
0 10 605 1 1
0 11 604 1 1
0 1 603 1 1
0 4 611 1 1
0 5 610 1 1
0 2 602 1 1
0 8 607 1 1
0 12 605 1 1
0 2 607 1 1
0 5 610 1 1
0 10 604 1 1
0 3 608 1 1
0 4 609 1 1
0 9 603 1 1
0 6 611 1 1
0 8 602 1 1
0 1 606 1 1
0 10 606 1 1
0 7 606 1 1
0 9 606 1 1
0 6 606 1 1
0 8 606 1 1
0 5 606 1 1
0 4 606 1 1
0 3 606 1 1
0 2 606 1 1
0 1 606 1 1
0 2 605 1 1
0 11 607 1 1
0 9 609 1 1
0 10 608 1 1
0 4 603 1 1
0 8 610 1 1
0 5 602 1 1
0 3 604 1 1
0 1 606 1 1
0 7 611 1 1
0 7 604 1 1
0 9 606 1 1
0 2 610 1 1
0 10 607 1 1
0 1 609 1 1
0 3 611 1 1
0 8 605 1 1
0 6 603 1 1
0 5 602 1 1
0 12 608 1 1
0 3 612 1 1
0 5 614 1 1
0 6 615 1 1
0 4 613 1 1
0 7 616 1 1
0 9 618 1 1
0 12 609 1 1
0 8 617 1 1
0 2 611 1 1
0 1 610 1 1
0 2 610 1 1
0 3 610 1 1
0 4 610 1 1
0 5 610 1 1
0 8 610 1 1
0 6 610 1 1
0 9 610 1 1
0 7 610 1 1
0 10 610 1 1
0 1 610 1 1
0 7 615 1 1
0 9 613 1 1
0 6 616 1 1
0 10 612 1 1
0 11 611 1 1
0 1 610 1 1
0 4 618 1 1
0 5 617 1 1
0 2 609 1 1
0 8 614 1 1
0 12 612 1 1
0 2 614 1 1
0 5 617 1 1
0 10 611 1 1
0 3 615 1 1
0 4 616 1 1
0 9 610 1 1
0 6 618 1 1
0 8 609 1 1
0 1 613 1 1
0 10 613 1 1
0 7 613 1 1
0 9 613 1 1
0 6 613 1 1
0 8 613 1 1
0 5 613 1 1
0 4 613 1 1
0 3 613 1 1
0 2 613 1 1
0 1 613 1 1
0 2 612 1 1
0 11 614 1 1
0 9 616 1 1
0 10 615 1 1
0 4 610 1 1
0 8 617 1 1
0 5 609 1 1
0 3 611 1 1
0 1 613 1 1
0 7 618 1 1
0 7 611 1 1
0 9 613 1 1
0 2 617 1 1
0 10 614 1 1
0 1 616 1 1
0 3 618 1 1
0 8 612 1 1
0 6 610 1 1
0 5 609 1 1
0 12 615 1 1
0 3 619 1 1
0 5 621 1 1
0 6 622 1 1
0 4 620 1 1
0 7 623 1 1
0 9 625 1 1
0 12 616 1 1
0 8 624 1 1
0 2 618 1 1
0 1 617 1 1
0 2 617 1 1
0 3 617 1 1
0 4 617 1 1
0 5 617 1 1
0 8 617 1 1
0 6 617 1 1
0 9 617 1 1
0 7 617 1 1
0 10 617 1 1
0 1 617 1 1
0 7 622 1 1
0 9 620 1 1
0 6 623 1 1
0 10 619 1 1
0 11 618 1 1
0 1 617 1 1
0 4 625 1 1
0 5 624 1 1
0 2 616 1 1
0 8 621 1 1
0 12 619 1 1
0 2 621 1 1
0 5 624 1 1
0 10 618 1 1
0 3 622 1 1
0 4 623 1 1
0 9 617 1 1
0 6 625 1 1
0 8 616 1 1
0 1 620 1 1
0 10 620 1 1
0 7 620 1 1
0 9 620 1 1
0 6 620 1 1
0 8 620 1 1
0 5 620 1 1
0 4 620 1 1
0 3 620 1 1
0 2 620 1 1
0 1 620 1 1
0 2 619 1 1
0 11 621 1 1
0 9 623 1 1
0 10 622 1 1
0 4 617 1 1
0 8 624 1 1
0 5 616 1 1
0 3 618 1 1
0 1 620 1 1
0 7 625 1 1
0 7 618 1 1
0 9 620 1 1
0 2 624 1 1
0 10 621 1 1
0 1 623 1 1
0 3 625 1 1
0 8 619 1 1
0 6 617 1 1
0 5 616 1 1
0 12 622 1 1
0 3 626 1 1
0 5 628 1 1
0 6 629 1 1
0 4 627 1 1
0 7 630 1 1
0 9 632 1 1
0 12 623 1 1
0 8 631 1 1
0 2 625 1 1
0 1 624 1 1
0 2 624 1 1
0 3 624 1 1
0 4 624 1 1
0 5 624 1 1
0 8 624 1 1
0 6 624 1 1
0 9 624 1 1
0 7 624 1 1
0 10 624 1 1
0 1 624 1 1
0 7 629 1 1
0 9 627 1 1
0 6 630 1 1
0 10 626 1 1
0 11 625 1 1
0 1 624 1 1
0 4 632 1 1
0 5 631 1 1
0 2 623 1 1
0 8 628 1 1
0 12 626 1 1
0 2 628 1 1
0 5 631 1 1
0 10 625 1 1
0 3 629 1 1
0 4 630 1 1
0 9 624 1 1
0 6 632 1 1
0 8 623 1 1
0 1 627 1 1
0 10 627 1 1
0 7 627 1 1
0 9 627 1 1
0 6 627 1 1
0 8 627 1 1
0 5 627 1 1
0 4 627 1 1
0 3 627 1 1
0 2 627 1 1
0 1 627 1 1
0 2 626 1 1
0 11 628 1 1
0 9 630 1 1
0 10 629 1 1
0 4 624 1 1
0 8 631 1 1
0 5 623 1 1
0 3 625 1 1
0 1 627 1 1
0 7 632 1 1
0 7 625 1 1
0 9 627 1 1
0 2 631 1 1
0 10 628 1 1
0 1 630 1 1
0 3 632 1 1
0 8 626 1 1
0 6 624 1 1
0 5 623 1 1
0 12 629 1 1
0 3 633 1 1
0 5 635 1 1
0 6 636 1 1
0 4 634 1 1
0 7 637 1 1
0 9 639 1 1
0 12 630 1 1
0 8 638 1 1
0 2 632 1 1
0 1 631 1 1
0 2 631 1 1
0 3 631 1 1
0 4 631 1 1
0 5 631 1 1
0 8 631 1 1
0 6 631 1 1
0 9 631 1 1
0 7 631 1 1
0 10 631 1 1
0 1 631 1 1
0 7 636 1 1
0 9 634 1 1
0 6 637 1 1
0 10 633 1 1
0 11 632 1 1
0 1 631 1 1
0 4 639 1 1
0 5 638 1 1
0 2 630 1 1
0 8 635 1 1
0 12 633 1 1
0 2 635 1 1
0 5 638 1 1
0 10 632 1 1
0 3 636 1 1
0 4 637 1 1
0 9 631 1 1
0 6 639 1 1
0 8 630 1 1
0 1 634 1 1
0 10 634 1 1
0 7 634 1 1
0 9 634 1 1
0 6 634 1 1
0 8 634 1 1
0 5 634 1 1
0 4 634 1 1
0 3 634 1 1
0 2 634 1 1
0 1 634 1 1
0 2 633 1 1
0 11 635 1 1
0 9 637 1 1
0 10 636 1 1
0 4 631 1 1
0 8 638 1 1
0 5 630 1 1
0 3 632 1 1
0 1 634 1 1
0 7 639 1 1
0 7 632 1 1
0 9 634 1 1
0 2 638 1 1
0 10 635 1 1
0 1 637 1 1
0 3 639 1 1
0 8 633 1 1
0 6 631 1 1
0 5 630 1 1
0 12 636 1 1
0 3 640 1 1
0 5 642 1 1
0 6 643 1 1
0 4 641 1 1
0 7 644 1 1
0 9 646 1 1
0 12 637 1 1
0 8 645 1 1
0 2 639 1 1
0 1 638 1 1
0 2 638 1 1
0 3 638 1 1
0 4 638 1 1
0 5 638 1 1
0 8 638 1 1
0 6 638 1 1
0 9 638 1 1
0 7 638 1 1
0 10 638 1 1
0 1 638 1 1
0 7 643 1 1
0 9 641 1 1
0 6 644 1 1
0 10 640 1 1
0 11 639 1 1
0 1 638 1 1
0 4 646 1 1
0 5 645 1 1
0 2 637 1 1
0 8 642 1 1
0 12 640 1 1
0 2 642 1 1
0 5 645 1 1
0 10 639 1 1
0 3 643 1 1
0 4 644 1 1
0 9 638 1 1
0 6 646 1 1
0 8 637 1 1
0 1 641 1 1
0 10 641 1 1
0 7 641 1 1
0 9 641 1 1
0 6 641 1 1
0 8 641 1 1
0 5 641 1 1
0 4 641 1 1
0 3 641 1 1
0 2 641 1 1
0 1 641 1 1
0 2 640 1 1
0 11 642 1 1
0 9 644 1 1
0 10 643 1 1
0 4 638 1 1
0 8 645 1 1
0 5 637 1 1
0 3 639 1 1
0 1 641 1 1
0 7 646 1 1
0 7 639 1 1
0 9 641 1 1
0 2 645 1 1
0 10 642 1 1
0 1 644 1 1
0 3 646 1 1
0 8 640 1 1
0 6 638 1 1
0 5 637 1 1
0 12 643 1 1
0 3 647 1 1
0 5 649 1 1
0 6 650 1 1
0 4 648 1 1
0 7 651 1 1
0 9 653 1 1
0 12 644 1 1
0 8 652 1 1
0 2 646 1 1
0 1 645 1 1
0 2 645 1 1
0 3 645 1 1
0 4 645 1 1
0 5 645 1 1
0 8 645 1 1
0 6 645 1 1
0 9 645 1 1
0 7 645 1 1
0 10 645 1 1
0 1 645 1 1
0 7 650 1 1
0 9 648 1 1
0 6 651 1 1
0 10 647 1 1
0 11 646 1 1
0 1 645 1 1
0 4 653 1 1
0 5 652 1 1
0 2 644 1 1
0 8 649 1 1
0 12 647 1 1
0 2 649 1 1
0 5 652 1 1
0 10 646 1 1
0 3 650 1 1
0 4 651 1 1
0 9 645 1 1
0 6 653 1 1
0 8 644 1 1
0 1 648 1 1
0 10 648 1 1
0 7 648 1 1
0 9 648 1 1
0 6 648 1 1
0 8 648 1 1
0 5 648 1 1
0 4 648 1 1
0 3 648 1 1
0 2 648 1 1
0 1 648 1 1
0 2 647 1 1
0 11 649 1 1
0 9 651 1 1
0 10 650 1 1
0 4 645 1 1
0 8 652 1 1
0 5 644 1 1
0 3 646 1 1
0 1 648 1 1
0 7 653 1 1
0 7 646 1 1
0 9 648 1 1
0 2 652 1 1
0 10 649 1 1
0 1 651 1 1
0 3 653 1 1
0 8 647 1 1
0 6 645 1 1
0 5 644 1 1
0 12 650 1 1
0 3 654 1 1
0 5 656 1 1
0 6 657 1 1
0 4 655 1 1
0 7 658 1 1
0 9 660 1 1
0 12 651 1 1
0 8 659 1 1
0 2 653 1 1
0 1 652 1 1
0 2 652 1 1
0 3 652 1 1
0 4 652 1 1
0 5 652 1 1
0 8 652 1 1
0 6 652 1 1
0 9 652 1 1
0 7 652 1 1
0 10 652 1 1
0 1 652 1 1
0 7 657 1 1
0 9 655 1 1
0 6 658 1 1
0 10 654 1 1
0 11 653 1 1
0 1 652 1 1
0 4 660 1 1
0 5 659 1 1
0 2 651 1 1
0 8 656 1 1
0 12 654 1 1
0 2 656 1 1
0 5 659 1 1
0 10 653 1 1
0 3 657 1 1
0 4 658 1 1
0 9 652 1 1
0 6 660 1 1
0 8 651 1 1
0 1 655 1 1
0 10 655 1 1
0 7 655 1 1
0 9 655 1 1
0 6 655 1 1
0 8 655 1 1
0 5 655 1 1
0 4 655 1 1
0 3 655 1 1
0 2 655 1 1
0 1 655 1 1
0 2 654 1 1
0 11 656 1 1
0 9 658 1 1
0 10 657 1 1
0 4 652 1 1
0 8 659 1 1
0 5 651 1 1
0 3 653 1 1
0 1 655 1 1
0 7 660 1 1
0 7 653 1 1
0 9 655 1 1
0 2 659 1 1
0 10 656 1 1
0 1 658 1 1
0 3 660 1 1
0 8 654 1 1
0 6 652 1 1
0 5 651 1 1
0 12 657 1 1
0 3 661 1 1
0 5 663 1 1
0 6 664 1 1
0 4 662 1 1
0 7 665 1 1
0 9 667 1 1
0 12 658 1 1
0 8 666 1 1
0 2 660 1 1
0 1 659 1 1
0 2 659 1 1
0 3 659 1 1
0 4 659 1 1
0 5 659 1 1
0 8 659 1 1
0 6 659 1 1
0 9 659 1 1
0 7 659 1 1
0 10 659 1 1
0 1 659 1 1
0 7 664 1 1
0 9 662 1 1
0 6 665 1 1
0 10 661 1 1
0 11 660 1 1
0 1 659 1 1
0 4 667 1 1
0 5 666 1 1
0 2 658 1 1
0 8 663 1 1
0 12 661 1 1
0 2 663 1 1
0 5 666 1 1
0 10 660 1 1
0 3 664 1 1
0 4 665 1 1
0 9 659 1 1
0 6 667 1 1
0 8 658 1 1
0 1 662 1 1
0 10 662 1 1
0 7 662 1 1
0 9 662 1 1
0 6 662 1 1
0 8 662 1 1
0 5 662 1 1
0 4 662 1 1
0 3 662 1 1
0 2 662 1 1
0 1 662 1 1
0 2 661 1 1
0 11 663 1 1
0 9 665 1 1
0 10 664 1 1
0 4 659 1 1
0 8 666 1 1
0 5 658 1 1
0 3 660 1 1
0 1 662 1 1
0 7 667 1 1
0 7 660 1 1
0 9 662 1 1
0 2 666 1 1
0 10 663 1 1
0 1 665 1 1
0 3 667 1 1
0 8 661 1 1
0 6 659 1 1
0 5 658 1 1
0 12 664 1 1
0 3 668 1 1
0 5 670 1 1
0 6 671 1 1
0 4 669 1 1
0 7 672 1 1
0 9 674 1 1
0 12 665 1 1
0 8 673 1 1
0 2 667 1 1
0 1 666 1 1
0 2 666 1 1
0 3 666 1 1
0 4 666 1 1
0 5 666 1 1
0 8 666 1 1
0 6 666 1 1
0 9 666 1 1
0 7 666 1 1
0 10 666 1 1
0 1 666 1 1
0 7 671 1 1
0 9 669 1 1
0 6 672 1 1
0 10 668 1 1
0 11 667 1 1
0 1 666 1 1
0 4 674 1 1
0 5 673 1 1
0 2 665 1 1
0 8 670 1 1
0 12 668 1 1
0 2 670 1 1
0 5 673 1 1
0 10 667 1 1
0 3 671 1 1
0 4 672 1 1
0 9 666 1 1
0 6 674 1 1
0 8 665 1 1
0 1 669 1 1
0 10 669 1 1
0 7 669 1 1
0 9 669 1 1
0 6 669 1 1
0 8 669 1 1
0 5 669 1 1
0 4 669 1 1
0 3 669 1 1
0 2 669 1 1
0 1 669 1 1
0 2 668 1 1
0 11 670 1 1
0 9 672 1 1
0 10 671 1 1
0 4 666 1 1
0 8 673 1 1
0 5 665 1 1
0 3 667 1 1
0 1 669 1 1
0 7 674 1 1
0 7 667 1 1
0 9 669 1 1
0 2 673 1 1
0 10 670 1 1
0 1 672 1 1
0 3 674 1 1
0 8 668 1 1
0 6 666 1 1
0 5 665 1 1
0 12 671 1 1
0 3 675 1 1
0 5 677 1 1
0 6 678 1 1
0 4 676 1 1
0 7 679 1 1
0 9 681 1 1
0 12 672 1 1
0 8 680 1 1
0 2 674 1 1
0 1 673 1 1
0 2 673 1 1
0 3 673 1 1
0 4 673 1 1
0 5 673 1 1
0 8 673 1 1
0 6 673 1 1
0 9 673 1 1
0 7 673 1 1
0 10 673 1 1
0 1 673 1 1
0 7 678 1 1
0 9 676 1 1
0 6 679 1 1
0 10 675 1 1
0 11 674 1 1
0 1 673 1 1
0 4 681 1 1
0 5 680 1 1
0 2 672 1 1
0 8 677 1 1
0 12 675 1 1
0 2 677 1 1
0 5 680 1 1
0 10 674 1 1
0 3 678 1 1
0 4 679 1 1
0 9 673 1 1
0 6 681 1 1
0 8 672 1 1
0 1 676 1 1
0 10 676 1 1
0 7 676 1 1
0 9 676 1 1
0 6 676 1 1
0 8 676 1 1
0 5 676 1 1
0 4 676 1 1
0 3 676 1 1
0 2 676 1 1
0 1 676 1 1
0 2 675 1 1
0 11 677 1 1
0 9 679 1 1
0 10 678 1 1
0 4 673 1 1
0 8 680 1 1
0 5 672 1 1
0 3 674 1 1
0 1 676 1 1
0 7 681 1 1
0 7 674 1 1
0 9 676 1 1
0 2 680 1 1
0 10 677 1 1
0 1 679 1 1
0 3 681 1 1
0 8 675 1 1
0 6 673 1 1
0 5 672 1 1
0 12 678 1 1
0 3 682 1 1
0 5 684 1 1
0 6 685 1 1
0 4 683 1 1
0 7 686 1 1
0 9 688 1 1
0 12 679 1 1
0 8 687 1 1
0 2 681 1 1
0 1 680 1 1
0 2 680 1 1
0 3 680 1 1
0 4 680 1 1
0 5 680 1 1
0 8 680 1 1
0 6 680 1 1
0 9 680 1 1
0 7 680 1 1
0 10 680 1 1
0 1 680 1 1
0 7 685 1 1
0 9 683 1 1
0 6 686 1 1
0 10 682 1 1
0 11 681 1 1
0 1 680 1 1
0 4 688 1 1
0 5 687 1 1
0 2 679 1 1
0 8 684 1 1
0 12 682 1 1
0 2 684 1 1
0 5 687 1 1
0 10 681 1 1
0 3 685 1 1
0 4 686 1 1
0 9 680 1 1
0 6 688 1 1
0 8 679 1 1
0 1 683 1 1
0 10 683 1 1
0 7 683 1 1
0 9 683 1 1
0 6 683 1 1
0 8 683 1 1
0 5 683 1 1
0 4 683 1 1
0 3 683 1 1
0 2 683 1 1
0 1 683 1 1
0 2 682 1 1
0 11 684 1 1
0 9 686 1 1
0 10 685 1 1
0 4 680 1 1
0 8 687 1 1
0 5 679 1 1
0 3 681 1 1
0 1 683 1 1
0 7 688 1 1
0 7 681 1 1
0 9 683 1 1
0 2 687 1 1
0 10 684 1 1
0 1 686 1 1
0 3 688 1 1
0 8 682 1 1
0 6 680 1 1
0 5 679 1 1
0 12 685 1 1
0 3 689 1 1
0 5 691 1 1
0 6 692 1 1
0 4 690 1 1
0 7 693 1 1
0 9 695 1 1
0 12 686 1 1
0 8 694 1 1
0 2 688 1 1
0 1 687 1 1
0 2 687 1 1
0 3 687 1 1
0 4 687 1 1
0 5 687 1 1
0 8 687 1 1
0 6 687 1 1
0 9 687 1 1
0 7 687 1 1
0 10 687 1 1
0 1 687 1 1
0 7 692 1 1
0 9 690 1 1
0 6 693 1 1
0 10 689 1 1
0 11 688 1 1
0 1 687 1 1
0 4 695 1 1
0 5 694 1 1
0 2 686 1 1
0 8 691 1 1
0 12 689 1 1
0 2 691 1 1
0 5 694 1 1
0 10 688 1 1
0 3 692 1 1
0 4 693 1 1
0 9 687 1 1
0 6 695 1 1
0 8 686 1 1
0 1 690 1 1
0 10 690 1 1
0 7 690 1 1
0 9 690 1 1
0 6 690 1 1
0 8 690 1 1
0 5 690 1 1
0 4 690 1 1
0 3 690 1 1
0 2 690 1 1
0 1 690 1 1
0 2 689 1 1
0 11 691 1 1
0 9 693 1 1
0 10 692 1 1
0 4 687 1 1
0 8 694 1 1
0 5 686 1 1
0 3 688 1 1
0 1 690 1 1
0 7 695 1 1
0 7 688 1 1
0 9 690 1 1
0 2 694 1 1
0 10 691 1 1
0 1 693 1 1
0 3 695 1 1
0 8 689 1 1
0 6 687 1 1
0 5 686 1 1
0 12 692 1 1
0 3 696 1 1
0 5 698 1 1
0 6 699 1 1
0 4 697 1 1
0 7 700 1 1
0 9 702 1 1
0 12 693 1 1
0 8 701 1 1
0 2 695 1 1
0 1 694 1 1
0 2 694 1 1
0 3 694 1 1
0 4 694 1 1
0 5 694 1 1
0 8 694 1 1
0 6 694 1 1
0 9 694 1 1
0 7 694 1 1
0 10 694 1 1
0 1 694 1 1
0 7 699 1 1
0 9 697 1 1
0 6 700 1 1
0 10 696 1 1
0 11 695 1 1
0 1 694 1 1
0 4 702 1 1
0 5 701 1 1
0 2 693 1 1
0 8 698 1 1
0 12 696 1 1
0 2 698 1 1
0 5 701 1 1
0 10 695 1 1
0 3 699 1 1
0 4 700 1 1
0 9 694 1 1
0 6 702 1 1
0 8 693 1 1
0 1 697 1 1
0 10 697 1 1
0 7 697 1 1
0 9 697 1 1
0 6 697 1 1
0 8 697 1 1
0 5 697 1 1
0 4 697 1 1
0 3 697 1 1
0 2 697 1 1
0 1 697 1 1
0 2 696 1 1
0 11 698 1 1
0 9 700 1 1
0 10 699 1 1
0 4 694 1 1
0 8 701 1 1
0 5 693 1 1
0 3 695 1 1
0 1 697 1 1
0 7 702 1 1
0 7 695 1 1
0 9 697 1 1
0 2 701 1 1
0 10 698 1 1
0 1 700 1 1
0 3 702 1 1
0 8 696 1 1
0 6 694 1 1
0 5 693 1 1
0 12 699 1 1
