0 2 5 1 1
0 6 1 1 1
0 3 4 1 1
0 5 2 1 1
0 8 0 1 1
0 4 3 1 1
0 2 1 1 1
0 3 1 1 1
0 4 1 1 1
0 5 1 1 1
0 6 1 1 1
0 1 1 1 1
0 7 2 1 1
0 1 3 1 1
0 5 0 1 1
0 6 1 1 1
0 2 4 1 1
0 3 5 1 1
0 2 1 1 1
0 6 4 1 1
0 5 5 1 1
0 1 2 1 1
0 8 3 1 1
0 3 0 1 1
0 2 9 1 1
0 6 5 1 1
0 3 8 1 1
0 5 6 1 1
0 8 4 1 1
0 4 7 1 1
0 2 5 1 1
0 3 5 1 1
0 4 5 1 1
0 5 5 1 1
0 6 5 1 1
0 1 5 1 1
0 7 6 1 1
0 1 7 1 1
0 5 4 1 1
0 6 5 1 1
0 2 8 1 1
0 3 9 1 1
0 2 5 1 1
0 6 8 1 1
0 5 9 1 1
0 1 6 1 1
0 8 7 1 1
0 3 4 1 1
0 2 13 1 1
0 6 9 1 1
0 3 12 1 1
0 5 10 1 1
0 8 8 1 1
0 4 11 1 1
0 2 9 1 1
0 3 9 1 1
0 4 9 1 1
0 5 9 1 1
0 6 9 1 1
0 1 9 1 1
0 7 10 1 1
0 1 11 1 1
0 5 8 1 1
0 6 9 1 1
0 2 12 1 1
0 3 13 1 1
0 2 9 1 1
0 6 12 1 1
0 5 13 1 1
0 1 10 1 1
0 8 11 1 1
0 3 8 1 1
0 2 17 1 1
0 6 13 1 1
0 3 16 1 1
0 5 14 1 1
0 8 12 1 1
0 4 15 1 1
0 2 13 1 1
0 3 13 1 1
0 4 13 1 1
0 5 13 1 1
0 6 13 1 1
0 1 13 1 1
0 7 14 1 1
0 1 15 1 1
0 5 12 1 1
0 6 13 1 1
0 2 16 1 1
0 3 17 1 1
0 2 13 1 1
0 6 16 1 1
0 5 17 1 1
0 1 14 1 1
0 8 15 1 1
0 3 12 1 1
0 2 21 1 1
0 6 17 1 1
0 3 20 1 1
0 5 18 1 1
0 8 16 1 1
0 4 19 1 1
0 2 17 1 1
0 3 17 1 1
0 4 17 1 1
0 5 17 1 1
0 6 17 1 1
0 1 17 1 1
0 7 18 1 1
0 1 19 1 1
0 5 16 1 1
0 6 17 1 1
0 2 20 1 1
0 3 21 1 1
0 2 17 1 1
0 6 20 1 1
0 5 21 1 1
0 1 18 1 1
0 8 19 1 1
0 3 16 1 1
0 2 25 1 1
0 6 21 1 1
0 3 24 1 1
0 5 22 1 1
0 8 20 1 1
0 4 23 1 1
0 2 21 1 1
0 3 21 1 1
0 4 21 1 1
0 5 21 1 1
0 6 21 1 1
0 1 21 1 1
0 7 22 1 1
0 1 23 1 1
0 5 20 1 1
0 6 21 1 1
0 2 24 1 1
0 3 25 1 1
0 2 21 1 1
0 6 24 1 1
0 5 25 1 1
0 1 22 1 1
0 8 23 1 1
0 3 20 1 1
0 2 29 1 1
0 6 25 1 1
0 3 28 1 1
0 5 26 1 1
0 8 24 1 1
0 4 27 1 1
0 2 25 1 1
0 3 25 1 1
0 4 25 1 1
0 5 25 1 1
0 6 25 1 1
0 1 25 1 1
0 7 26 1 1
0 1 27 1 1
0 5 24 1 1
0 6 25 1 1
0 2 28 1 1
0 3 29 1 1
0 2 25 1 1
0 6 28 1 1
0 5 29 1 1
0 1 26 1 1
0 8 27 1 1
0 3 24 1 1
0 2 33 1 1
0 6 29 1 1
0 3 32 1 1
0 5 30 1 1
0 8 28 1 1
0 4 31 1 1
0 2 29 1 1
0 3 29 1 1
0 4 29 1 1
0 5 29 1 1
0 6 29 1 1
0 1 29 1 1
0 7 30 1 1
0 1 31 1 1
0 5 28 1 1
0 6 29 1 1
0 2 32 1 1
0 3 33 1 1
0 2 29 1 1
0 6 32 1 1
0 5 33 1 1
0 1 30 1 1
0 8 31 1 1
0 3 28 1 1
0 2 37 1 1
0 6 33 1 1
0 3 36 1 1
0 5 34 1 1
0 8 32 1 1
0 4 35 1 1
0 2 33 1 1
0 3 33 1 1
0 4 33 1 1
0 5 33 1 1
0 6 33 1 1
0 1 33 1 1
0 7 34 1 1
0 1 35 1 1
0 5 32 1 1
0 6 33 1 1
0 2 36 1 1
0 3 37 1 1
0 2 33 1 1
0 6 36 1 1
0 5 37 1 1
0 1 34 1 1
0 8 35 1 1
0 3 32 1 1
0 2 41 1 1
0 6 37 1 1
0 3 40 1 1
0 5 38 1 1
0 8 36 1 1
0 4 39 1 1
0 2 37 1 1
0 3 37 1 1
0 4 37 1 1
0 5 37 1 1
0 6 37 1 1
0 1 37 1 1
0 7 38 1 1
0 1 39 1 1
0 5 36 1 1
0 6 37 1 1
0 2 40 1 1
0 3 41 1 1
0 2 37 1 1
0 6 40 1 1
0 5 41 1 1
0 1 38 1 1
0 8 39 1 1
0 3 36 1 1
0 2 45 1 1
0 6 41 1 1
0 3 44 1 1
0 5 42 1 1
0 8 40 1 1
0 4 43 1 1
0 2 41 1 1
0 3 41 1 1
0 4 41 1 1
0 5 41 1 1
0 6 41 1 1
0 1 41 1 1
0 7 42 1 1
0 1 43 1 1
0 5 40 1 1
0 6 41 1 1
0 2 44 1 1
0 3 45 1 1
0 2 41 1 1
0 6 44 1 1
0 5 45 1 1
0 1 42 1 1
0 8 43 1 1
0 3 40 1 1
0 2 49 1 1
0 6 45 1 1
0 3 48 1 1
0 5 46 1 1
0 8 44 1 1
0 4 47 1 1
0 2 45 1 1
0 3 45 1 1
0 4 45 1 1
0 5 45 1 1
0 6 45 1 1
0 1 45 1 1
0 7 46 1 1
0 1 47 1 1
0 5 44 1 1
0 6 45 1 1
0 2 48 1 1
0 3 49 1 1
0 2 45 1 1
0 6 48 1 1
0 5 49 1 1
0 1 46 1 1
0 8 47 1 1
0 3 44 1 1
0 2 53 1 1
0 6 49 1 1
0 3 52 1 1
0 5 50 1 1
0 8 48 1 1
0 4 51 1 1
0 2 49 1 1
0 3 49 1 1
0 4 49 1 1
0 5 49 1 1
0 6 49 1 1
0 1 49 1 1
0 7 50 1 1
0 1 51 1 1
0 5 48 1 1
0 6 49 1 1
0 2 52 1 1
0 3 53 1 1
0 2 49 1 1
0 6 52 1 1
0 5 53 1 1
0 1 50 1 1
0 8 51 1 1
0 3 48 1 1
0 2 57 1 1
0 6 53 1 1
0 3 56 1 1
0 5 54 1 1
0 8 52 1 1
0 4 55 1 1
0 2 53 1 1
0 3 53 1 1
0 4 53 1 1
0 5 53 1 1
0 6 53 1 1
0 1 53 1 1
0 7 54 1 1
0 1 55 1 1
0 5 52 1 1
0 6 53 1 1
0 2 56 1 1
0 3 57 1 1
0 2 53 1 1
0 6 56 1 1
0 5 57 1 1
0 1 54 1 1
0 8 55 1 1
0 3 52 1 1
0 2 61 1 1
0 6 57 1 1
0 3 60 1 1
0 5 58 1 1
0 8 56 1 1
0 4 59 1 1
0 2 57 1 1
0 3 57 1 1
0 4 57 1 1
0 5 57 1 1
0 6 57 1 1
0 1 57 1 1
0 7 58 1 1
0 1 59 1 1
0 5 56 1 1
0 6 57 1 1
0 2 60 1 1
0 3 61 1 1
0 2 57 1 1
0 6 60 1 1
0 5 61 1 1
0 1 58 1 1
0 8 59 1 1
0 3 56 1 1
0 2 65 1 1
0 6 61 1 1
0 3 64 1 1
0 5 62 1 1
0 8 60 1 1
0 4 63 1 1
0 2 61 1 1
0 3 61 1 1
0 4 61 1 1
0 5 61 1 1
0 6 61 1 1
0 1 61 1 1
0 7 62 1 1
0 1 63 1 1
0 5 60 1 1
0 6 61 1 1
0 2 64 1 1
0 3 65 1 1
0 2 61 1 1
0 6 64 1 1
0 5 65 1 1
0 1 62 1 1
0 8 63 1 1
0 3 60 1 1
0 2 69 1 1
0 6 65 1 1
0 3 68 1 1
0 5 66 1 1
0 8 64 1 1
0 4 67 1 1
0 2 65 1 1
0 3 65 1 1
0 4 65 1 1
0 5 65 1 1
0 6 65 1 1
0 1 65 1 1
0 7 66 1 1
0 1 67 1 1
0 5 64 1 1
0 6 65 1 1
0 2 68 1 1
0 3 69 1 1
0 2 65 1 1
0 6 68 1 1
0 5 69 1 1
0 1 66 1 1
0 8 67 1 1
0 3 64 1 1
0 2 73 1 1
0 6 69 1 1
0 3 72 1 1
0 5 70 1 1
0 8 68 1 1
0 4 71 1 1
0 2 69 1 1
0 3 69 1 1
0 4 69 1 1
0 5 69 1 1
0 6 69 1 1
0 1 69 1 1
0 7 70 1 1
0 1 71 1 1
0 5 68 1 1
0 6 69 1 1
0 2 72 1 1
0 3 73 1 1
0 2 69 1 1
0 6 72 1 1
0 5 73 1 1
0 1 70 1 1
0 8 71 1 1
0 3 68 1 1
0 2 77 1 1
0 6 73 1 1
0 3 76 1 1
0 5 74 1 1
0 8 72 1 1
0 4 75 1 1
0 2 73 1 1
0 3 73 1 1
0 4 73 1 1
0 5 73 1 1
0 6 73 1 1
0 1 73 1 1
0 7 74 1 1
0 1 75 1 1
0 5 72 1 1
0 6 73 1 1
0 2 76 1 1
0 3 77 1 1
0 2 73 1 1
0 6 76 1 1
0 5 77 1 1
0 1 74 1 1
0 8 75 1 1
0 3 72 1 1
0 2 81 1 1
0 6 77 1 1
0 3 80 1 1
0 5 78 1 1
0 8 76 1 1
0 4 79 1 1
0 2 77 1 1
0 3 77 1 1
0 4 77 1 1
0 5 77 1 1
0 6 77 1 1
0 1 77 1 1
0 7 78 1 1
0 1 79 1 1
0 5 76 1 1
0 6 77 1 1
0 2 80 1 1
0 3 81 1 1
0 2 77 1 1
0 6 80 1 1
0 5 81 1 1
0 1 78 1 1
0 8 79 1 1
0 3 76 1 1
0 2 85 1 1
0 6 81 1 1
0 3 84 1 1
0 5 82 1 1
0 8 80 1 1
0 4 83 1 1
0 2 81 1 1
0 3 81 1 1
0 4 81 1 1
0 5 81 1 1
0 6 81 1 1
0 1 81 1 1
0 7 82 1 1
0 1 83 1 1
0 5 80 1 1
0 6 81 1 1
0 2 84 1 1
0 3 85 1 1
0 2 81 1 1
0 6 84 1 1
0 5 85 1 1
0 1 82 1 1
0 8 83 1 1
0 3 80 1 1
0 2 89 1 1
0 6 85 1 1
0 3 88 1 1
0 5 86 1 1
0 8 84 1 1
0 4 87 1 1
0 2 85 1 1
0 3 85 1 1
0 4 85 1 1
0 5 85 1 1
0 6 85 1 1
0 1 85 1 1
0 7 86 1 1
0 1 87 1 1
0 5 84 1 1
0 6 85 1 1
0 2 88 1 1
0 3 89 1 1
0 2 85 1 1
0 6 88 1 1
0 5 89 1 1
0 1 86 1 1
0 8 87 1 1
0 3 84 1 1
0 2 93 1 1
0 6 89 1 1
0 3 92 1 1
0 5 90 1 1
0 8 88 1 1
0 4 91 1 1
0 2 89 1 1
0 3 89 1 1
0 4 89 1 1
0 5 89 1 1
0 6 89 1 1
0 1 89 1 1
0 7 90 1 1
0 1 91 1 1
0 5 88 1 1
0 6 89 1 1
0 2 92 1 1
0 3 93 1 1
0 2 89 1 1
0 6 92 1 1
0 5 93 1 1
0 1 90 1 1
0 8 91 1 1
0 3 88 1 1
0 2 97 1 1
0 6 93 1 1
0 3 96 1 1
0 5 94 1 1
0 8 92 1 1
0 4 95 1 1
0 2 93 1 1
0 3 93 1 1
0 4 93 1 1
0 5 93 1 1
0 6 93 1 1
0 1 93 1 1
0 7 94 1 1
0 1 95 1 1
0 5 92 1 1
0 6 93 1 1
0 2 96 1 1
0 3 97 1 1
0 2 93 1 1
0 6 96 1 1
0 5 97 1 1
0 1 94 1 1
0 8 95 1 1
0 3 92 1 1
0 2 101 1 1
0 6 97 1 1
0 3 100 1 1
0 5 98 1 1
0 8 96 1 1
0 4 99 1 1
0 2 97 1 1
0 3 97 1 1
0 4 97 1 1
0 5 97 1 1
0 6 97 1 1
0 1 97 1 1
0 7 98 1 1
0 1 99 1 1
0 5 96 1 1
0 6 97 1 1
0 2 100 1 1
0 3 101 1 1
0 2 97 1 1
0 6 100 1 1
0 5 101 1 1
0 1 98 1 1
0 8 99 1 1
0 3 96 1 1
0 2 105 1 1
0 6 101 1 1
0 3 104 1 1
0 5 102 1 1
0 8 100 1 1
0 4 103 1 1
0 2 101 1 1
0 3 101 1 1
0 4 101 1 1
0 5 101 1 1
0 6 101 1 1
0 1 101 1 1
0 7 102 1 1
0 1 103 1 1
0 5 100 1 1
0 6 101 1 1
0 2 104 1 1
0 3 105 1 1
0 2 101 1 1
0 6 104 1 1
0 5 105 1 1
0 1 102 1 1
0 8 103 1 1
0 3 100 1 1
0 2 109 1 1
0 6 105 1 1
0 3 108 1 1
0 5 106 1 1
0 8 104 1 1
0 4 107 1 1
0 2 105 1 1
0 3 105 1 1
0 4 105 1 1
0 5 105 1 1
0 6 105 1 1
0 1 105 1 1
0 7 106 1 1
0 1 107 1 1
0 5 104 1 1
0 6 105 1 1
0 2 108 1 1
0 3 109 1 1
0 2 105 1 1
0 6 108 1 1
0 5 109 1 1
0 1 106 1 1
0 8 107 1 1
0 3 104 1 1
0 2 113 1 1
0 6 109 1 1
0 3 112 1 1
0 5 110 1 1
0 8 108 1 1
0 4 111 1 1
0 2 109 1 1
0 3 109 1 1
0 4 109 1 1
0 5 109 1 1
0 6 109 1 1
0 1 109 1 1
0 7 110 1 1
0 1 111 1 1
0 5 108 1 1
0 6 109 1 1
0 2 112 1 1
0 3 113 1 1
0 2 109 1 1
0 6 112 1 1
0 5 113 1 1
0 1 110 1 1
0 8 111 1 1
0 3 108 1 1
0 2 117 1 1
0 6 113 1 1
0 3 116 1 1
0 5 114 1 1
0 8 112 1 1
0 4 115 1 1
0 2 113 1 1
0 3 113 1 1
0 4 113 1 1
0 5 113 1 1
0 6 113 1 1
0 1 113 1 1
0 7 114 1 1
0 1 115 1 1
0 5 112 1 1
0 6 113 1 1
0 2 116 1 1
0 3 117 1 1
0 2 113 1 1
0 6 116 1 1
0 5 117 1 1
0 1 114 1 1
0 8 115 1 1
0 3 112 1 1
0 2 121 1 1
0 6 117 1 1
0 3 120 1 1
0 5 118 1 1
0 8 116 1 1
0 4 119 1 1
0 2 117 1 1
0 3 117 1 1
0 4 117 1 1
0 5 117 1 1
0 6 117 1 1
0 1 117 1 1
0 7 118 1 1
0 1 119 1 1
0 5 116 1 1
0 6 117 1 1
0 2 120 1 1
0 3 121 1 1
0 2 117 1 1
0 6 120 1 1
0 5 121 1 1
0 1 118 1 1
0 8 119 1 1
0 3 116 1 1
0 2 125 1 1
0 6 121 1 1
0 3 124 1 1
0 5 122 1 1
0 8 120 1 1
0 4 123 1 1
0 2 121 1 1
0 3 121 1 1
0 4 121 1 1
0 5 121 1 1
0 6 121 1 1
0 1 121 1 1
0 7 122 1 1
0 1 123 1 1
0 5 120 1 1
0 6 121 1 1
0 2 124 1 1
0 3 125 1 1
0 2 121 1 1
0 6 124 1 1
0 5 125 1 1
0 1 122 1 1
0 8 123 1 1
0 3 120 1 1
0 2 129 1 1
0 6 125 1 1
0 3 128 1 1
0 5 126 1 1
0 8 124 1 1
0 4 127 1 1
0 2 125 1 1
0 3 125 1 1
0 4 125 1 1
0 5 125 1 1
0 6 125 1 1
0 1 125 1 1
0 7 126 1 1
0 1 127 1 1
0 5 124 1 1
0 6 125 1 1
0 2 128 1 1
0 3 129 1 1
0 2 125 1 1
0 6 128 1 1
0 5 129 1 1
0 1 126 1 1
0 8 127 1 1
0 3 124 1 1
0 2 133 1 1
0 6 129 1 1
0 3 132 1 1
0 5 130 1 1
0 8 128 1 1
0 4 131 1 1
0 2 129 1 1
0 3 129 1 1
0 4 129 1 1
0 5 129 1 1
0 6 129 1 1
0 1 129 1 1
0 7 130 1 1
0 1 131 1 1
0 5 128 1 1
0 6 129 1 1
0 2 132 1 1
0 3 133 1 1
0 2 129 1 1
0 6 132 1 1
0 5 133 1 1
0 1 130 1 1
0 8 131 1 1
0 3 128 1 1
0 2 137 1 1
0 6 133 1 1
0 3 136 1 1
0 5 134 1 1
0 8 132 1 1
0 4 135 1 1
0 2 133 1 1
0 3 133 1 1
0 4 133 1 1
0 5 133 1 1
0 6 133 1 1
0 1 133 1 1
0 7 134 1 1
0 1 135 1 1
0 5 132 1 1
0 6 133 1 1
0 2 136 1 1
0 3 137 1 1
0 2 133 1 1
0 6 136 1 1
0 5 137 1 1
0 1 134 1 1
0 8 135 1 1
0 3 132 1 1
0 2 141 1 1
0 6 137 1 1
0 3 140 1 1
0 5 138 1 1
0 8 136 1 1
0 4 139 1 1
0 2 137 1 1
0 3 137 1 1
0 4 137 1 1
0 5 137 1 1
0 6 137 1 1
0 1 137 1 1
0 7 138 1 1
0 1 139 1 1
0 5 136 1 1
0 6 137 1 1
0 2 140 1 1
0 3 141 1 1
0 2 137 1 1
0 6 140 1 1
0 5 141 1 1
0 1 138 1 1
0 8 139 1 1
0 3 136 1 1
0 2 145 1 1
0 6 141 1 1
0 3 144 1 1
0 5 142 1 1
0 8 140 1 1
0 4 143 1 1
0 2 141 1 1
0 3 141 1 1
0 4 141 1 1
0 5 141 1 1
0 6 141 1 1
0 1 141 1 1
0 7 142 1 1
0 1 143 1 1
0 5 140 1 1
0 6 141 1 1
0 2 144 1 1
0 3 145 1 1
0 2 141 1 1
0 6 144 1 1
0 5 145 1 1
0 1 142 1 1
0 8 143 1 1
0 3 140 1 1
0 2 149 1 1
0 6 145 1 1
0 3 148 1 1
0 5 146 1 1
0 8 144 1 1
0 4 147 1 1
0 2 145 1 1
0 3 145 1 1
0 4 145 1 1
0 5 145 1 1
0 6 145 1 1
0 1 145 1 1
0 7 146 1 1
0 1 147 1 1
0 5 144 1 1
0 6 145 1 1
0 2 148 1 1
0 3 149 1 1
0 2 145 1 1
0 6 148 1 1
0 5 149 1 1
0 1 146 1 1
0 8 147 1 1
0 3 144 1 1
0 2 153 1 1
0 6 149 1 1
0 3 152 1 1
0 5 150 1 1
0 8 148 1 1
0 4 151 1 1
0 2 149 1 1
0 3 149 1 1
0 4 149 1 1
0 5 149 1 1
0 6 149 1 1
0 1 149 1 1
0 7 150 1 1
0 1 151 1 1
0 5 148 1 1
0 6 149 1 1
0 2 152 1 1
0 3 153 1 1
0 2 149 1 1
0 6 152 1 1
0 5 153 1 1
0 1 150 1 1
0 8 151 1 1
0 3 148 1 1
0 2 157 1 1
0 6 153 1 1
0 3 156 1 1
0 5 154 1 1
0 8 152 1 1
0 4 155 1 1
0 2 153 1 1
0 3 153 1 1
0 4 153 1 1
0 5 153 1 1
0 6 153 1 1
0 1 153 1 1
0 7 154 1 1
0 1 155 1 1
0 5 152 1 1
0 6 153 1 1
0 2 156 1 1
0 3 157 1 1
0 2 153 1 1
0 6 156 1 1
0 5 157 1 1
0 1 154 1 1
0 8 155 1 1
0 3 152 1 1
0 2 161 1 1
0 6 157 1 1
0 3 160 1 1
0 5 158 1 1
0 8 156 1 1
0 4 159 1 1
0 2 157 1 1
0 3 157 1 1
0 4 157 1 1
0 5 157 1 1
0 6 157 1 1
0 1 157 1 1
0 7 158 1 1
0 1 159 1 1
0 5 156 1 1
0 6 157 1 1
0 2 160 1 1
0 3 161 1 1
0 2 157 1 1
0 6 160 1 1
0 5 161 1 1
0 1 158 1 1
0 8 159 1 1
0 3 156 1 1
0 2 165 1 1
0 6 161 1 1
0 3 164 1 1
0 5 162 1 1
0 8 160 1 1
0 4 163 1 1
0 2 161 1 1
0 3 161 1 1
0 4 161 1 1
0 5 161 1 1
0 6 161 1 1
0 1 161 1 1
0 7 162 1 1
0 1 163 1 1
0 5 160 1 1
0 6 161 1 1
0 2 164 1 1
0 3 165 1 1
0 2 161 1 1
0 6 164 1 1
0 5 165 1 1
0 1 162 1 1
0 8 163 1 1
0 3 160 1 1
0 2 169 1 1
0 6 165 1 1
0 3 168 1 1
0 5 166 1 1
0 8 164 1 1
0 4 167 1 1
0 2 165 1 1
0 3 165 1 1
0 4 165 1 1
0 5 165 1 1
0 6 165 1 1
0 1 165 1 1
0 7 166 1 1
0 1 167 1 1
0 5 164 1 1
0 6 165 1 1
0 2 168 1 1
0 3 169 1 1
0 2 165 1 1
0 6 168 1 1
0 5 169 1 1
0 1 166 1 1
0 8 167 1 1
0 3 164 1 1
0 2 173 1 1
0 6 169 1 1
0 3 172 1 1
0 5 170 1 1
0 8 168 1 1
0 4 171 1 1
0 2 169 1 1
0 3 169 1 1
0 4 169 1 1
0 5 169 1 1
0 6 169 1 1
0 1 169 1 1
0 7 170 1 1
0 1 171 1 1
0 5 168 1 1
0 6 169 1 1
0 2 172 1 1
0 3 173 1 1
0 2 169 1 1
0 6 172 1 1
0 5 173 1 1
0 1 170 1 1
0 8 171 1 1
0 3 168 1 1
0 2 177 1 1
0 6 173 1 1
0 3 176 1 1
0 5 174 1 1
0 8 172 1 1
0 4 175 1 1
0 2 173 1 1
0 3 173 1 1
0 4 173 1 1
0 5 173 1 1
0 6 173 1 1
0 1 173 1 1
0 7 174 1 1
0 1 175 1 1
0 5 172 1 1
0 6 173 1 1
0 2 176 1 1
0 3 177 1 1
0 2 173 1 1
0 6 176 1 1
0 5 177 1 1
0 1 174 1 1
0 8 175 1 1
0 3 172 1 1
0 2 181 1 1
0 6 177 1 1
0 3 180 1 1
0 5 178 1 1
0 8 176 1 1
0 4 179 1 1
0 2 177 1 1
0 3 177 1 1
0 4 177 1 1
0 5 177 1 1
0 6 177 1 1
0 1 177 1 1
0 7 178 1 1
0 1 179 1 1
0 5 176 1 1
0 6 177 1 1
0 2 180 1 1
0 3 181 1 1
0 2 177 1 1
0 6 180 1 1
0 5 181 1 1
0 1 178 1 1
0 8 179 1 1
0 3 176 1 1
0 2 185 1 1
0 6 181 1 1
0 3 184 1 1
0 5 182 1 1
0 8 180 1 1
0 4 183 1 1
0 2 181 1 1
0 3 181 1 1
0 4 181 1 1
0 5 181 1 1
0 6 181 1 1
0 1 181 1 1
0 7 182 1 1
0 1 183 1 1
0 5 180 1 1
0 6 181 1 1
0 2 184 1 1
0 3 185 1 1
0 2 181 1 1
0 6 184 1 1
0 5 185 1 1
0 1 182 1 1
0 8 183 1 1
0 3 180 1 1
0 2 189 1 1
0 6 185 1 1
0 3 188 1 1
0 5 186 1 1
0 8 184 1 1
0 4 187 1 1
0 2 185 1 1
0 3 185 1 1
0 4 185 1 1
0 5 185 1 1
0 6 185 1 1
0 1 185 1 1
0 7 186 1 1
0 1 187 1 1
0 5 184 1 1
0 6 185 1 1
0 2 188 1 1
0 3 189 1 1
0 2 185 1 1
0 6 188 1 1
0 5 189 1 1
0 1 186 1 1
0 8 187 1 1
0 3 184 1 1
0 2 193 1 1
0 6 189 1 1
0 3 192 1 1
0 5 190 1 1
0 8 188 1 1
0 4 191 1 1
0 2 189 1 1
0 3 189 1 1
0 4 189 1 1
0 5 189 1 1
0 6 189 1 1
0 1 189 1 1
0 7 190 1 1
0 1 191 1 1
0 5 188 1 1
0 6 189 1 1
0 2 192 1 1
0 3 193 1 1
0 2 189 1 1
0 6 192 1 1
0 5 193 1 1
0 1 190 1 1
0 8 191 1 1
0 3 188 1 1
0 2 197 1 1
0 6 193 1 1
0 3 196 1 1
0 5 194 1 1
0 8 192 1 1
0 4 195 1 1
0 2 193 1 1
0 3 193 1 1
0 4 193 1 1
0 5 193 1 1
0 6 193 1 1
0 1 193 1 1
0 7 194 1 1
0 1 195 1 1
0 5 192 1 1
0 6 193 1 1
0 2 196 1 1
0 3 197 1 1
0 2 193 1 1
0 6 196 1 1
0 5 197 1 1
0 1 194 1 1
0 8 195 1 1
0 3 192 1 1
0 2 201 1 1
0 6 197 1 1
0 3 200 1 1
0 5 198 1 1
0 8 196 1 1
0 4 199 1 1
0 2 197 1 1
0 3 197 1 1
0 4 197 1 1
0 5 197 1 1
0 6 197 1 1
0 1 197 1 1
0 7 198 1 1
0 1 199 1 1
0 5 196 1 1
0 6 197 1 1
0 2 200 1 1
0 3 201 1 1
0 2 197 1 1
0 6 200 1 1
0 5 201 1 1
0 1 198 1 1
0 8 199 1 1
0 3 196 1 1
0 2 205 1 1
0 6 201 1 1
0 3 204 1 1
0 5 202 1 1
0 8 200 1 1
0 4 203 1 1
0 2 201 1 1
0 3 201 1 1
0 4 201 1 1
0 5 201 1 1
0 6 201 1 1
0 1 201 1 1
0 7 202 1 1
0 1 203 1 1
0 5 200 1 1
0 6 201 1 1
0 2 204 1 1
0 3 205 1 1
0 2 201 1 1
0 6 204 1 1
0 5 205 1 1
0 1 202 1 1
0 8 203 1 1
0 3 200 1 1
0 2 209 1 1
0 6 205 1 1
0 3 208 1 1
0 5 206 1 1
0 8 204 1 1
0 4 207 1 1
0 2 205 1 1
0 3 205 1 1
0 4 205 1 1
0 5 205 1 1
0 6 205 1 1
0 1 205 1 1
0 7 206 1 1
0 1 207 1 1
0 5 204 1 1
0 6 205 1 1
0 2 208 1 1
0 3 209 1 1
0 2 205 1 1
0 6 208 1 1
0 5 209 1 1
0 1 206 1 1
0 8 207 1 1
0 3 204 1 1
0 2 213 1 1
0 6 209 1 1
0 3 212 1 1
0 5 210 1 1
0 8 208 1 1
0 4 211 1 1
0 2 209 1 1
0 3 209 1 1
0 4 209 1 1
0 5 209 1 1
0 6 209 1 1
0 1 209 1 1
0 7 210 1 1
0 1 211 1 1
0 5 208 1 1
0 6 209 1 1
0 2 212 1 1
0 3 213 1 1
0 2 209 1 1
0 6 212 1 1
0 5 213 1 1
0 1 210 1 1
0 8 211 1 1
0 3 208 1 1
0 2 217 1 1
0 6 213 1 1
0 3 216 1 1
0 5 214 1 1
0 8 212 1 1
0 4 215 1 1
0 2 213 1 1
0 3 213 1 1
0 4 213 1 1
0 5 213 1 1
0 6 213 1 1
0 1 213 1 1
0 7 214 1 1
0 1 215 1 1
0 5 212 1 1
0 6 213 1 1
0 2 216 1 1
0 3 217 1 1
0 2 213 1 1
0 6 216 1 1
0 5 217 1 1
0 1 214 1 1
0 8 215 1 1
0 3 212 1 1
0 2 221 1 1
0 6 217 1 1
0 3 220 1 1
0 5 218 1 1
0 8 216 1 1
0 4 219 1 1
0 2 217 1 1
0 3 217 1 1
0 4 217 1 1
0 5 217 1 1
0 6 217 1 1
0 1 217 1 1
0 7 218 1 1
0 1 219 1 1
0 5 216 1 1
0 6 217 1 1
0 2 220 1 1
0 3 221 1 1
0 2 217 1 1
0 6 220 1 1
0 5 221 1 1
0 1 218 1 1
0 8 219 1 1
0 3 216 1 1
0 2 225 1 1
0 6 221 1 1
0 3 224 1 1
0 5 222 1 1
0 8 220 1 1
0 4 223 1 1
0 2 221 1 1
0 3 221 1 1
0 4 221 1 1
0 5 221 1 1
0 6 221 1 1
0 1 221 1 1
0 7 222 1 1
0 1 223 1 1
0 5 220 1 1
0 6 221 1 1
0 2 224 1 1
0 3 225 1 1
0 2 221 1 1
0 6 224 1 1
0 5 225 1 1
0 1 222 1 1
0 8 223 1 1
0 3 220 1 1
0 2 229 1 1
0 6 225 1 1
0 3 228 1 1
0 5 226 1 1
0 8 224 1 1
0 4 227 1 1
0 2 225 1 1
0 3 225 1 1
0 4 225 1 1
0 5 225 1 1
0 6 225 1 1
0 1 225 1 1
0 7 226 1 1
0 1 227 1 1
0 5 224 1 1
0 6 225 1 1
0 2 228 1 1
0 3 229 1 1
0 2 225 1 1
0 6 228 1 1
0 5 229 1 1
0 1 226 1 1
0 8 227 1 1
0 3 224 1 1
0 2 233 1 1
0 6 229 1 1
0 3 232 1 1
0 5 230 1 1
0 8 228 1 1
0 4 231 1 1
0 2 229 1 1
0 3 229 1 1
0 4 229 1 1
0 5 229 1 1
0 6 229 1 1
0 1 229 1 1
0 7 230 1 1
0 1 231 1 1
0 5 228 1 1
0 6 229 1 1
0 2 232 1 1
0 3 233 1 1
0 2 229 1 1
0 6 232 1 1
0 5 233 1 1
0 1 230 1 1
0 8 231 1 1
0 3 228 1 1
0 2 237 1 1
0 6 233 1 1
0 3 236 1 1
0 5 234 1 1
0 8 232 1 1
0 4 235 1 1
0 2 233 1 1
0 3 233 1 1
0 4 233 1 1
0 5 233 1 1
0 6 233 1 1
0 1 233 1 1
0 7 234 1 1
0 1 235 1 1
0 5 232 1 1
0 6 233 1 1
0 2 236 1 1
0 3 237 1 1
0 2 233 1 1
0 6 236 1 1
0 5 237 1 1
0 1 234 1 1
0 8 235 1 1
0 3 232 1 1
0 2 241 1 1
0 6 237 1 1
0 3 240 1 1
0 5 238 1 1
0 8 236 1 1
0 4 239 1 1
0 2 237 1 1
0 3 237 1 1
0 4 237 1 1
0 5 237 1 1
0 6 237 1 1
0 1 237 1 1
0 7 238 1 1
0 1 239 1 1
0 5 236 1 1
0 6 237 1 1
0 2 240 1 1
0 3 241 1 1
0 2 237 1 1
0 6 240 1 1
0 5 241 1 1
0 1 238 1 1
0 8 239 1 1
0 3 236 1 1
0 2 245 1 1
0 6 241 1 1
0 3 244 1 1
0 5 242 1 1
0 8 240 1 1
0 4 243 1 1
0 2 241 1 1
0 3 241 1 1
0 4 241 1 1
0 5 241 1 1
0 6 241 1 1
0 1 241 1 1
0 7 242 1 1
0 1 243 1 1
0 5 240 1 1
0 6 241 1 1
0 2 244 1 1
0 3 245 1 1
0 2 241 1 1
0 6 244 1 1
0 5 245 1 1
0 1 242 1 1
0 8 243 1 1
0 3 240 1 1
0 2 249 1 1
0 6 245 1 1
0 3 248 1 1
0 5 246 1 1
0 8 244 1 1
0 4 247 1 1
0 2 245 1 1
0 3 245 1 1
0 4 245 1 1
0 5 245 1 1
0 6 245 1 1
0 1 245 1 1
0 7 246 1 1
0 1 247 1 1
0 5 244 1 1
0 6 245 1 1
0 2 248 1 1
0 3 249 1 1
0 2 245 1 1
0 6 248 1 1
0 5 249 1 1
0 1 246 1 1
0 8 247 1 1
0 3 244 1 1
0 2 253 1 1
0 6 249 1 1
0 3 252 1 1
0 5 250 1 1
0 8 248 1 1
0 4 251 1 1
0 2 249 1 1
0 3 249 1 1
0 4 249 1 1
0 5 249 1 1
0 6 249 1 1
0 1 249 1 1
0 7 250 1 1
0 1 251 1 1
0 5 248 1 1
0 6 249 1 1
0 2 252 1 1
0 3 253 1 1
0 2 249 1 1
0 6 252 1 1
0 5 253 1 1
0 1 250 1 1
0 8 251 1 1
0 3 248 1 1
0 2 257 1 1
0 6 253 1 1
0 3 256 1 1
0 5 254 1 1
0 8 252 1 1
0 4 255 1 1
0 2 253 1 1
0 3 253 1 1
0 4 253 1 1
0 5 253 1 1
0 6 253 1 1
0 1 253 1 1
0 7 254 1 1
0 1 255 1 1
0 5 252 1 1
0 6 253 1 1
0 2 256 1 1
0 3 257 1 1
0 2 253 1 1
0 6 256 1 1
0 5 257 1 1
0 1 254 1 1
0 8 255 1 1
0 3 252 1 1
0 2 261 1 1
0 6 257 1 1
0 3 260 1 1
0 5 258 1 1
0 8 256 1 1
0 4 259 1 1
0 2 257 1 1
0 3 257 1 1
0 4 257 1 1
0 5 257 1 1
0 6 257 1 1
0 1 257 1 1
0 7 258 1 1
0 1 259 1 1
0 5 256 1 1
0 6 257 1 1
0 2 260 1 1
0 3 261 1 1
0 2 257 1 1
0 6 260 1 1
0 5 261 1 1
0 1 258 1 1
0 8 259 1 1
0 3 256 1 1
0 2 265 1 1
0 6 261 1 1
0 3 264 1 1
0 5 262 1 1
0 8 260 1 1
0 4 263 1 1
0 2 261 1 1
0 3 261 1 1
0 4 261 1 1
0 5 261 1 1
0 6 261 1 1
0 1 261 1 1
0 7 262 1 1
0 1 263 1 1
0 5 260 1 1
0 6 261 1 1
0 2 264 1 1
0 3 265 1 1
0 2 261 1 1
0 6 264 1 1
0 5 265 1 1
0 1 262 1 1
0 8 263 1 1
0 3 260 1 1
0 2 269 1 1
0 6 265 1 1
0 3 268 1 1
0 5 266 1 1
0 8 264 1 1
0 4 267 1 1
0 2 265 1 1
0 3 265 1 1
0 4 265 1 1
0 5 265 1 1
0 6 265 1 1
0 1 265 1 1
0 7 266 1 1
0 1 267 1 1
0 5 264 1 1
0 6 265 1 1
0 2 268 1 1
0 3 269 1 1
0 2 265 1 1
0 6 268 1 1
0 5 269 1 1
0 1 266 1 1
0 8 267 1 1
0 3 264 1 1
0 2 273 1 1
0 6 269 1 1
0 3 272 1 1
0 5 270 1 1
0 8 268 1 1
0 4 271 1 1
0 2 269 1 1
0 3 269 1 1
0 4 269 1 1
0 5 269 1 1
0 6 269 1 1
0 1 269 1 1
0 7 270 1 1
0 1 271 1 1
0 5 268 1 1
0 6 269 1 1
0 2 272 1 1
0 3 273 1 1
0 2 269 1 1
0 6 272 1 1
0 5 273 1 1
0 1 270 1 1
0 8 271 1 1
0 3 268 1 1
0 2 277 1 1
0 6 273 1 1
0 3 276 1 1
0 5 274 1 1
0 8 272 1 1
0 4 275 1 1
0 2 273 1 1
0 3 273 1 1
0 4 273 1 1
0 5 273 1 1
0 6 273 1 1
0 1 273 1 1
0 7 274 1 1
0 1 275 1 1
0 5 272 1 1
0 6 273 1 1
0 2 276 1 1
0 3 277 1 1
0 2 273 1 1
0 6 276 1 1
0 5 277 1 1
0 1 274 1 1
0 8 275 1 1
0 3 272 1 1
0 2 281 1 1
0 6 277 1 1
0 3 280 1 1
0 5 278 1 1
0 8 276 1 1
0 4 279 1 1
0 2 277 1 1
0 3 277 1 1
0 4 277 1 1
0 5 277 1 1
0 6 277 1 1
0 1 277 1 1
0 7 278 1 1
0 1 279 1 1
0 5 276 1 1
0 6 277 1 1
0 2 280 1 1
0 3 281 1 1
0 2 277 1 1
0 6 280 1 1
0 5 281 1 1
0 1 278 1 1
0 8 279 1 1
0 3 276 1 1
0 2 285 1 1
0 6 281 1 1
0 3 284 1 1
0 5 282 1 1
0 8 280 1 1
0 4 283 1 1
0 2 281 1 1
0 3 281 1 1
0 4 281 1 1
0 5 281 1 1
0 6 281 1 1
0 1 281 1 1
0 7 282 1 1
0 1 283 1 1
0 5 280 1 1
0 6 281 1 1
0 2 284 1 1
0 3 285 1 1
0 2 281 1 1
0 6 284 1 1
0 5 285 1 1
0 1 282 1 1
0 8 283 1 1
0 3 280 1 1
0 2 289 1 1
0 6 285 1 1
0 3 288 1 1
0 5 286 1 1
0 8 284 1 1
0 4 287 1 1
0 2 285 1 1
0 3 285 1 1
0 4 285 1 1
0 5 285 1 1
0 6 285 1 1
0 1 285 1 1
0 7 286 1 1
0 1 287 1 1
0 5 284 1 1
0 6 285 1 1
0 2 288 1 1
0 3 289 1 1
0 2 285 1 1
0 6 288 1 1
0 5 289 1 1
0 1 286 1 1
0 8 287 1 1
0 3 284 1 1
0 2 293 1 1
0 6 289 1 1
0 3 292 1 1
0 5 290 1 1
0 8 288 1 1
0 4 291 1 1
0 2 289 1 1
0 3 289 1 1
0 4 289 1 1
0 5 289 1 1
0 6 289 1 1
0 1 289 1 1
0 7 290 1 1
0 1 291 1 1
0 5 288 1 1
0 6 289 1 1
0 2 292 1 1
0 3 293 1 1
0 2 289 1 1
0 6 292 1 1
0 5 293 1 1
0 1 290 1 1
0 8 291 1 1
0 3 288 1 1
0 2 297 1 1
0 6 293 1 1
0 3 296 1 1
0 5 294 1 1
0 8 292 1 1
0 4 295 1 1
0 2 293 1 1
0 3 293 1 1
0 4 293 1 1
0 5 293 1 1
0 6 293 1 1
0 1 293 1 1
0 7 294 1 1
0 1 295 1 1
0 5 292 1 1
0 6 293 1 1
0 2 296 1 1
0 3 297 1 1
0 2 293 1 1
0 6 296 1 1
0 5 297 1 1
0 1 294 1 1
0 8 295 1 1
0 3 292 1 1
0 2 301 1 1
0 6 297 1 1
0 3 300 1 1
0 5 298 1 1
0 8 296 1 1
0 4 299 1 1
0 2 297 1 1
0 3 297 1 1
0 4 297 1 1
0 5 297 1 1
0 6 297 1 1
0 1 297 1 1
0 7 298 1 1
0 1 299 1 1
0 5 296 1 1
0 6 297 1 1
0 2 300 1 1
0 3 301 1 1
0 2 297 1 1
0 6 300 1 1
0 5 301 1 1
0 1 298 1 1
0 8 299 1 1
0 3 296 1 1
0 2 305 1 1
0 6 301 1 1
0 3 304 1 1
0 5 302 1 1
0 8 300 1 1
0 4 303 1 1
0 2 301 1 1
0 3 301 1 1
0 4 301 1 1
0 5 301 1 1
0 6 301 1 1
0 1 301 1 1
0 7 302 1 1
0 1 303 1 1
0 5 300 1 1
0 6 301 1 1
0 2 304 1 1
0 3 305 1 1
0 2 301 1 1
0 6 304 1 1
0 5 305 1 1
0 1 302 1 1
0 8 303 1 1
0 3 300 1 1
0 2 309 1 1
0 6 305 1 1
0 3 308 1 1
0 5 306 1 1
0 8 304 1 1
0 4 307 1 1
0 2 305 1 1
0 3 305 1 1
0 4 305 1 1
0 5 305 1 1
0 6 305 1 1
0 1 305 1 1
0 7 306 1 1
0 1 307 1 1
0 5 304 1 1
0 6 305 1 1
0 2 308 1 1
0 3 309 1 1
0 2 305 1 1
0 6 308 1 1
0 5 309 1 1
0 1 306 1 1
0 8 307 1 1
0 3 304 1 1
0 2 313 1 1
0 6 309 1 1
0 3 312 1 1
0 5 310 1 1
0 8 308 1 1
0 4 311 1 1
0 2 309 1 1
0 3 309 1 1
0 4 309 1 1
0 5 309 1 1
0 6 309 1 1
0 1 309 1 1
0 7 310 1 1
0 1 311 1 1
0 5 308 1 1
0 6 309 1 1
0 2 312 1 1
0 3 313 1 1
0 2 309 1 1
0 6 312 1 1
0 5 313 1 1
0 1 310 1 1
0 8 311 1 1
0 3 308 1 1
0 2 317 1 1
0 6 313 1 1
0 3 316 1 1
0 5 314 1 1
0 8 312 1 1
0 4 315 1 1
0 2 313 1 1
0 3 313 1 1
0 4 313 1 1
0 5 313 1 1
0 6 313 1 1
0 1 313 1 1
0 7 314 1 1
0 1 315 1 1
0 5 312 1 1
0 6 313 1 1
0 2 316 1 1
0 3 317 1 1
0 2 313 1 1
0 6 316 1 1
0 5 317 1 1
0 1 314 1 1
0 8 315 1 1
0 3 312 1 1
0 2 321 1 1
0 6 317 1 1
0 3 320 1 1
0 5 318 1 1
0 8 316 1 1
0 4 319 1 1
0 2 317 1 1
0 3 317 1 1
0 4 317 1 1
0 5 317 1 1
0 6 317 1 1
0 1 317 1 1
0 7 318 1 1
0 1 319 1 1
0 5 316 1 1
0 6 317 1 1
0 2 320 1 1
0 3 321 1 1
0 2 317 1 1
0 6 320 1 1
0 5 321 1 1
0 1 318 1 1
0 8 319 1 1
0 3 316 1 1
0 2 325 1 1
0 6 321 1 1
0 3 324 1 1
0 5 322 1 1
0 8 320 1 1
0 4 323 1 1
0 2 321 1 1
0 3 321 1 1
0 4 321 1 1
0 5 321 1 1
0 6 321 1 1
0 1 321 1 1
0 7 322 1 1
0 1 323 1 1
0 5 320 1 1
0 6 321 1 1
0 2 324 1 1
0 3 325 1 1
0 2 321 1 1
0 6 324 1 1
0 5 325 1 1
0 1 322 1 1
0 8 323 1 1
0 3 320 1 1
0 2 329 1 1
0 6 325 1 1
0 3 328 1 1
0 5 326 1 1
0 8 324 1 1
0 4 327 1 1
0 2 325 1 1
0 3 325 1 1
0 4 325 1 1
0 5 325 1 1
0 6 325 1 1
0 1 325 1 1
0 7 326 1 1
0 1 327 1 1
0 5 324 1 1
0 6 325 1 1
0 2 328 1 1
0 3 329 1 1
0 2 325 1 1
0 6 328 1 1
0 5 329 1 1
0 1 326 1 1
0 8 327 1 1
0 3 324 1 1
0 2 333 1 1
0 6 329 1 1
0 3 332 1 1
0 5 330 1 1
0 8 328 1 1
0 4 331 1 1
0 2 329 1 1
0 3 329 1 1
0 4 329 1 1
0 5 329 1 1
0 6 329 1 1
0 1 329 1 1
0 7 330 1 1
0 1 331 1 1
0 5 328 1 1
0 6 329 1 1
0 2 332 1 1
0 3 333 1 1
0 2 329 1 1
0 6 332 1 1
0 5 333 1 1
0 1 330 1 1
0 8 331 1 1
0 3 328 1 1
0 2 337 1 1
0 6 333 1 1
0 3 336 1 1
0 5 334 1 1
0 8 332 1 1
0 4 335 1 1
0 2 333 1 1
0 3 333 1 1
0 4 333 1 1
0 5 333 1 1
0 6 333 1 1
0 1 333 1 1
0 7 334 1 1
0 1 335 1 1
0 5 332 1 1
0 6 333 1 1
0 2 336 1 1
0 3 337 1 1
0 2 333 1 1
0 6 336 1 1
0 5 337 1 1
0 1 334 1 1
0 8 335 1 1
0 3 332 1 1
0 2 341 1 1
0 6 337 1 1
0 3 340 1 1
0 5 338 1 1
0 8 336 1 1
0 4 339 1 1
0 2 337 1 1
0 3 337 1 1
0 4 337 1 1
0 5 337 1 1
0 6 337 1 1
0 1 337 1 1
0 7 338 1 1
0 1 339 1 1
0 5 336 1 1
0 6 337 1 1
0 2 340 1 1
0 3 341 1 1
0 2 337 1 1
0 6 340 1 1
0 5 341 1 1
0 1 338 1 1
0 8 339 1 1
0 3 336 1 1
0 2 345 1 1
0 6 341 1 1
0 3 344 1 1
0 5 342 1 1
0 8 340 1 1
0 4 343 1 1
0 2 341 1 1
0 3 341 1 1
0 4 341 1 1
0 5 341 1 1
0 6 341 1 1
0 1 341 1 1
0 7 342 1 1
0 1 343 1 1
0 5 340 1 1
0 6 341 1 1
0 2 344 1 1
0 3 345 1 1
0 2 341 1 1
0 6 344 1 1
0 5 345 1 1
0 1 342 1 1
0 8 343 1 1
0 3 340 1 1
0 2 349 1 1
0 6 345 1 1
0 3 348 1 1
0 5 346 1 1
0 8 344 1 1
0 4 347 1 1
0 2 345 1 1
0 3 345 1 1
0 4 345 1 1
0 5 345 1 1
0 6 345 1 1
0 1 345 1 1
0 7 346 1 1
0 1 347 1 1
0 5 344 1 1
0 6 345 1 1
0 2 348 1 1
0 3 349 1 1
0 2 345 1 1
0 6 348 1 1
0 5 349 1 1
0 1 346 1 1
0 8 347 1 1
0 3 344 1 1
0 2 353 1 1
0 6 349 1 1
0 3 352 1 1
0 5 350 1 1
0 8 348 1 1
0 4 351 1 1
0 2 349 1 1
0 3 349 1 1
0 4 349 1 1
0 5 349 1 1
0 6 349 1 1
0 1 349 1 1
0 7 350 1 1
0 1 351 1 1
0 5 348 1 1
0 6 349 1 1
0 2 352 1 1
0 3 353 1 1
0 2 349 1 1
0 6 352 1 1
0 5 353 1 1
0 1 350 1 1
0 8 351 1 1
0 3 348 1 1
0 2 357 1 1
0 6 353 1 1
0 3 356 1 1
0 5 354 1 1
0 8 352 1 1
0 4 355 1 1
0 2 353 1 1
0 3 353 1 1
0 4 353 1 1
0 5 353 1 1
0 6 353 1 1
0 1 353 1 1
0 7 354 1 1
0 1 355 1 1
0 5 352 1 1
0 6 353 1 1
0 2 356 1 1
0 3 357 1 1
0 2 353 1 1
0 6 356 1 1
0 5 357 1 1
0 1 354 1 1
0 8 355 1 1
0 3 352 1 1
0 2 361 1 1
0 6 357 1 1
0 3 360 1 1
0 5 358 1 1
0 8 356 1 1
0 4 359 1 1
0 2 357 1 1
0 3 357 1 1
0 4 357 1 1
0 5 357 1 1
0 6 357 1 1
0 1 357 1 1
0 7 358 1 1
0 1 359 1 1
0 5 356 1 1
0 6 357 1 1
0 2 360 1 1
0 3 361 1 1
0 2 357 1 1
0 6 360 1 1
0 5 361 1 1
0 1 358 1 1
0 8 359 1 1
0 3 356 1 1
0 2 365 1 1
0 6 361 1 1
0 3 364 1 1
0 5 362 1 1
0 8 360 1 1
0 4 363 1 1
0 2 361 1 1
0 3 361 1 1
0 4 361 1 1
0 5 361 1 1
0 6 361 1 1
0 1 361 1 1
0 7 362 1 1
0 1 363 1 1
0 5 360 1 1
0 6 361 1 1
0 2 364 1 1
0 3 365 1 1
0 2 361 1 1
0 6 364 1 1
0 5 365 1 1
0 1 362 1 1
0 8 363 1 1
0 3 360 1 1
0 2 369 1 1
0 6 365 1 1
0 3 368 1 1
0 5 366 1 1
0 8 364 1 1
0 4 367 1 1
0 2 365 1 1
0 3 365 1 1
0 4 365 1 1
0 5 365 1 1
0 6 365 1 1
0 1 365 1 1
0 7 366 1 1
0 1 367 1 1
0 5 364 1 1
0 6 365 1 1
0 2 368 1 1
0 3 369 1 1
0 2 365 1 1
0 6 368 1 1
0 5 369 1 1
0 1 366 1 1
0 8 367 1 1
0 3 364 1 1
0 2 373 1 1
0 6 369 1 1
0 3 372 1 1
0 5 370 1 1
0 8 368 1 1
0 4 371 1 1
0 2 369 1 1
0 3 369 1 1
0 4 369 1 1
0 5 369 1 1
0 6 369 1 1
0 1 369 1 1
0 7 370 1 1
0 1 371 1 1
0 5 368 1 1
0 6 369 1 1
0 2 372 1 1
0 3 373 1 1
0 2 369 1 1
0 6 372 1 1
0 5 373 1 1
0 1 370 1 1
0 8 371 1 1
0 3 368 1 1
0 2 377 1 1
0 6 373 1 1
0 3 376 1 1
0 5 374 1 1
0 8 372 1 1
0 4 375 1 1
0 2 373 1 1
0 3 373 1 1
0 4 373 1 1
0 5 373 1 1
0 6 373 1 1
0 1 373 1 1
0 7 374 1 1
0 1 375 1 1
0 5 372 1 1
0 6 373 1 1
0 2 376 1 1
0 3 377 1 1
0 2 373 1 1
0 6 376 1 1
0 5 377 1 1
0 1 374 1 1
0 8 375 1 1
0 3 372 1 1
0 2 381 1 1
0 6 377 1 1
0 3 380 1 1
0 5 378 1 1
0 8 376 1 1
0 4 379 1 1
0 2 377 1 1
0 3 377 1 1
0 4 377 1 1
0 5 377 1 1
0 6 377 1 1
0 1 377 1 1
0 7 378 1 1
0 1 379 1 1
0 5 376 1 1
0 6 377 1 1
0 2 380 1 1
0 3 381 1 1
0 2 377 1 1
0 6 380 1 1
0 5 381 1 1
0 1 378 1 1
0 8 379 1 1
0 3 376 1 1
0 2 385 1 1
0 6 381 1 1
0 3 384 1 1
0 5 382 1 1
0 8 380 1 1
0 4 383 1 1
0 2 381 1 1
0 3 381 1 1
0 4 381 1 1
0 5 381 1 1
0 6 381 1 1
0 1 381 1 1
0 7 382 1 1
0 1 383 1 1
0 5 380 1 1
0 6 381 1 1
0 2 384 1 1
0 3 385 1 1
0 2 381 1 1
0 6 384 1 1
0 5 385 1 1
0 1 382 1 1
0 8 383 1 1
0 3 380 1 1
0 2 389 1 1
0 6 385 1 1
0 3 388 1 1
0 5 386 1 1
0 8 384 1 1
0 4 387 1 1
0 2 385 1 1
0 3 385 1 1
0 4 385 1 1
0 5 385 1 1
0 6 385 1 1
0 1 385 1 1
0 7 386 1 1
0 1 387 1 1
0 5 384 1 1
0 6 385 1 1
0 2 388 1 1
0 3 389 1 1
0 2 385 1 1
0 6 388 1 1
0 5 389 1 1
0 1 386 1 1
0 8 387 1 1
0 3 384 1 1
0 2 393 1 1
0 6 389 1 1
0 3 392 1 1
0 5 390 1 1
0 8 388 1 1
0 4 391 1 1
0 2 389 1 1
0 3 389 1 1
0 4 389 1 1
0 5 389 1 1
0 6 389 1 1
0 1 389 1 1
0 7 390 1 1
0 1 391 1 1
0 5 388 1 1
0 6 389 1 1
0 2 392 1 1
0 3 393 1 1
0 2 389 1 1
0 6 392 1 1
0 5 393 1 1
0 1 390 1 1
0 8 391 1 1
0 3 388 1 1
0 2 397 1 1
0 6 393 1 1
0 3 396 1 1
0 5 394 1 1
0 8 392 1 1
0 4 395 1 1
0 2 393 1 1
0 3 393 1 1
0 4 393 1 1
0 5 393 1 1
0 6 393 1 1
0 1 393 1 1
0 7 394 1 1
0 1 395 1 1
0 5 392 1 1
0 6 393 1 1
0 2 396 1 1
0 3 397 1 1
0 2 393 1 1
0 6 396 1 1
0 5 397 1 1
0 1 394 1 1
0 8 395 1 1
0 3 392 1 1
0 2 401 1 1
0 6 397 1 1
0 3 400 1 1
0 5 398 1 1
0 8 396 1 1
0 4 399 1 1
0 2 397 1 1
0 3 397 1 1
0 4 397 1 1
0 5 397 1 1
0 6 397 1 1
0 1 397 1 1
0 7 398 1 1
0 1 399 1 1
0 5 396 1 1
0 6 397 1 1
0 2 400 1 1
0 3 401 1 1
0 2 397 1 1
0 6 400 1 1
0 5 401 1 1
0 1 398 1 1
0 8 399 1 1
0 3 396 1 1
