0 6 0 1 1
0 3 3 1 1
0 1 1 1 1
0 2 2 1 1
0 2 1 1 1
0 3 1 1 1
0 1 1 1 1
0 4 1 1 1
0 2 0 1 1
0 5 2 1 1
0 4 3 1 1
0 1 1 1 1
0 3 1 1 1
0 2 0 1 1
0 6 3 1 1
0 4 2 1 1
0 6 4 1 1
0 3 7 1 1
0 1 5 1 1
0 2 6 1 1
0 2 5 1 1
0 3 5 1 1
0 1 5 1 1
0 4 5 1 1
0 2 4 1 1
0 5 6 1 1
0 4 7 1 1
0 1 5 1 1
0 3 5 1 1
0 2 4 1 1
0 6 7 1 1
0 4 6 1 1
0 6 8 1 1
0 3 11 1 1
0 1 9 1 1
0 2 10 1 1
0 2 9 1 1
0 3 9 1 1
0 1 9 1 1
0 4 9 1 1
0 2 8 1 1
0 5 10 1 1
0 4 11 1 1
0 1 9 1 1
0 3 9 1 1
0 2 8 1 1
0 6 11 1 1
0 4 10 1 1
0 6 12 1 1
0 3 15 1 1
0 1 13 1 1
0 2 14 1 1
0 2 13 1 1
0 3 13 1 1
0 1 13 1 1
0 4 13 1 1
0 2 12 1 1
0 5 14 1 1
0 4 15 1 1
0 1 13 1 1
0 3 13 1 1
0 2 12 1 1
0 6 15 1 1
0 4 14 1 1
0 6 16 1 1
0 3 19 1 1
0 1 17 1 1
0 2 18 1 1
0 2 17 1 1
0 3 17 1 1
0 1 17 1 1
0 4 17 1 1
0 2 16 1 1
0 5 18 1 1
0 4 19 1 1
0 1 17 1 1
0 3 17 1 1
0 2 16 1 1
0 6 19 1 1
0 4 18 1 1
0 6 20 1 1
0 3 23 1 1
0 1 21 1 1
0 2 22 1 1
0 2 21 1 1
0 3 21 1 1
0 1 21 1 1
0 4 21 1 1
0 2 20 1 1
0 5 22 1 1
0 4 23 1 1
0 1 21 1 1
0 3 21 1 1
0 2 20 1 1
0 6 23 1 1
0 4 22 1 1
0 6 24 1 1
0 3 27 1 1
0 1 25 1 1
0 2 26 1 1
0 2 25 1 1
0 3 25 1 1
0 1 25 1 1
0 4 25 1 1
0 2 24 1 1
0 5 26 1 1
0 4 27 1 1
0 1 25 1 1
0 3 25 1 1
0 2 24 1 1
0 6 27 1 1
0 4 26 1 1
0 6 28 1 1
0 3 31 1 1
0 1 29 1 1
0 2 30 1 1
0 2 29 1 1
0 3 29 1 1
0 1 29 1 1
0 4 29 1 1
0 2 28 1 1
0 5 30 1 1
0 4 31 1 1
0 1 29 1 1
0 3 29 1 1
0 2 28 1 1
0 6 31 1 1
0 4 30 1 1
0 6 32 1 1
0 3 35 1 1
0 1 33 1 1
0 2 34 1 1
0 2 33 1 1
0 3 33 1 1
0 1 33 1 1
0 4 33 1 1
0 2 32 1 1
0 5 34 1 1
0 4 35 1 1
0 1 33 1 1
0 3 33 1 1
0 2 32 1 1
0 6 35 1 1
0 4 34 1 1
0 6 36 1 1
0 3 39 1 1
0 1 37 1 1
0 2 38 1 1
0 2 37 1 1
0 3 37 1 1
0 1 37 1 1
0 4 37 1 1
0 2 36 1 1
0 5 38 1 1
0 4 39 1 1
0 1 37 1 1
0 3 37 1 1
0 2 36 1 1
0 6 39 1 1
0 4 38 1 1
0 6 40 1 1
0 3 43 1 1
0 1 41 1 1
0 2 42 1 1
0 2 41 1 1
0 3 41 1 1
0 1 41 1 1
0 4 41 1 1
0 2 40 1 1
0 5 42 1 1
0 4 43 1 1
0 1 41 1 1
0 3 41 1 1
0 2 40 1 1
0 6 43 1 1
0 4 42 1 1
0 6 44 1 1
0 3 47 1 1
0 1 45 1 1
0 2 46 1 1
0 2 45 1 1
0 3 45 1 1
0 1 45 1 1
0 4 45 1 1
0 2 44 1 1
0 5 46 1 1
0 4 47 1 1
0 1 45 1 1
0 3 45 1 1
0 2 44 1 1
0 6 47 1 1
0 4 46 1 1
0 6 48 1 1
0 3 51 1 1
0 1 49 1 1
0 2 50 1 1
0 2 49 1 1
0 3 49 1 1
0 1 49 1 1
0 4 49 1 1
0 2 48 1 1
0 5 50 1 1
0 4 51 1 1
0 1 49 1 1
0 3 49 1 1
0 2 48 1 1
0 6 51 1 1
0 4 50 1 1
0 6 52 1 1
0 3 55 1 1
0 1 53 1 1
0 2 54 1 1
0 2 53 1 1
0 3 53 1 1
0 1 53 1 1
0 4 53 1 1
0 2 52 1 1
0 5 54 1 1
0 4 55 1 1
0 1 53 1 1
0 3 53 1 1
0 2 52 1 1
0 6 55 1 1
0 4 54 1 1
0 6 56 1 1
0 3 59 1 1
0 1 57 1 1
0 2 58 1 1
0 2 57 1 1
0 3 57 1 1
0 1 57 1 1
0 4 57 1 1
0 2 56 1 1
0 5 58 1 1
0 4 59 1 1
0 1 57 1 1
0 3 57 1 1
0 2 56 1 1
0 6 59 1 1
0 4 58 1 1
0 6 60 1 1
0 3 63 1 1
0 1 61 1 1
0 2 62 1 1
0 2 61 1 1
0 3 61 1 1
0 1 61 1 1
0 4 61 1 1
0 2 60 1 1
0 5 62 1 1
0 4 63 1 1
0 1 61 1 1
0 3 61 1 1
0 2 60 1 1
0 6 63 1 1
0 4 62 1 1
0 6 64 1 1
0 3 67 1 1
0 1 65 1 1
0 2 66 1 1
0 2 65 1 1
0 3 65 1 1
0 1 65 1 1
0 4 65 1 1
0 2 64 1 1
0 5 66 1 1
0 4 67 1 1
0 1 65 1 1
0 3 65 1 1
0 2 64 1 1
0 6 67 1 1
0 4 66 1 1
0 6 68 1 1
0 3 71 1 1
0 1 69 1 1
0 2 70 1 1
0 2 69 1 1
0 3 69 1 1
0 1 69 1 1
0 4 69 1 1
0 2 68 1 1
0 5 70 1 1
0 4 71 1 1
0 1 69 1 1
0 3 69 1 1
0 2 68 1 1
0 6 71 1 1
0 4 70 1 1
0 6 72 1 1
0 3 75 1 1
0 1 73 1 1
0 2 74 1 1
0 2 73 1 1
0 3 73 1 1
0 1 73 1 1
0 4 73 1 1
0 2 72 1 1
0 5 74 1 1
0 4 75 1 1
0 1 73 1 1
0 3 73 1 1
0 2 72 1 1
0 6 75 1 1
0 4 74 1 1
0 6 76 1 1
0 3 79 1 1
0 1 77 1 1
0 2 78 1 1
0 2 77 1 1
0 3 77 1 1
0 1 77 1 1
0 4 77 1 1
0 2 76 1 1
0 5 78 1 1
0 4 79 1 1
0 1 77 1 1
0 3 77 1 1
0 2 76 1 1
0 6 79 1 1
0 4 78 1 1
0 6 80 1 1
0 3 83 1 1
0 1 81 1 1
0 2 82 1 1
0 2 81 1 1
0 3 81 1 1
0 1 81 1 1
0 4 81 1 1
0 2 80 1 1
0 5 82 1 1
0 4 83 1 1
0 1 81 1 1
0 3 81 1 1
0 2 80 1 1
0 6 83 1 1
0 4 82 1 1
0 6 84 1 1
0 3 87 1 1
0 1 85 1 1
0 2 86 1 1
0 2 85 1 1
0 3 85 1 1
0 1 85 1 1
0 4 85 1 1
0 2 84 1 1
0 5 86 1 1
0 4 87 1 1
0 1 85 1 1
0 3 85 1 1
0 2 84 1 1
0 6 87 1 1
0 4 86 1 1
0 6 88 1 1
0 3 91 1 1
0 1 89 1 1
0 2 90 1 1
0 2 89 1 1
0 3 89 1 1
0 1 89 1 1
0 4 89 1 1
0 2 88 1 1
0 5 90 1 1
0 4 91 1 1
0 1 89 1 1
0 3 89 1 1
0 2 88 1 1
0 6 91 1 1
0 4 90 1 1
0 6 92 1 1
0 3 95 1 1
0 1 93 1 1
0 2 94 1 1
0 2 93 1 1
0 3 93 1 1
0 1 93 1 1
0 4 93 1 1
0 2 92 1 1
0 5 94 1 1
0 4 95 1 1
0 1 93 1 1
0 3 93 1 1
0 2 92 1 1
0 6 95 1 1
0 4 94 1 1
0 6 96 1 1
0 3 99 1 1
0 1 97 1 1
0 2 98 1 1
0 2 97 1 1
0 3 97 1 1
0 1 97 1 1
0 4 97 1 1
0 2 96 1 1
0 5 98 1 1
0 4 99 1 1
0 1 97 1 1
0 3 97 1 1
0 2 96 1 1
0 6 99 1 1
0 4 98 1 1
0 6 100 1 1
0 3 103 1 1
0 1 101 1 1
0 2 102 1 1
0 2 101 1 1
0 3 101 1 1
0 1 101 1 1
0 4 101 1 1
0 2 100 1 1
0 5 102 1 1
0 4 103 1 1
0 1 101 1 1
0 3 101 1 1
0 2 100 1 1
0 6 103 1 1
0 4 102 1 1
0 6 104 1 1
0 3 107 1 1
0 1 105 1 1
0 2 106 1 1
0 2 105 1 1
0 3 105 1 1
0 1 105 1 1
0 4 105 1 1
0 2 104 1 1
0 5 106 1 1
0 4 107 1 1
0 1 105 1 1
0 3 105 1 1
0 2 104 1 1
0 6 107 1 1
0 4 106 1 1
0 6 108 1 1
0 3 111 1 1
0 1 109 1 1
0 2 110 1 1
0 2 109 1 1
0 3 109 1 1
0 1 109 1 1
0 4 109 1 1
0 2 108 1 1
0 5 110 1 1
0 4 111 1 1
0 1 109 1 1
0 3 109 1 1
0 2 108 1 1
0 6 111 1 1
0 4 110 1 1
0 6 112 1 1
0 3 115 1 1
0 1 113 1 1
0 2 114 1 1
0 2 113 1 1
0 3 113 1 1
0 1 113 1 1
0 4 113 1 1
0 2 112 1 1
0 5 114 1 1
0 4 115 1 1
0 1 113 1 1
0 3 113 1 1
0 2 112 1 1
0 6 115 1 1
0 4 114 1 1
0 6 116 1 1
0 3 119 1 1
0 1 117 1 1
0 2 118 1 1
0 2 117 1 1
0 3 117 1 1
0 1 117 1 1
0 4 117 1 1
0 2 116 1 1
0 5 118 1 1
0 4 119 1 1
0 1 117 1 1
0 3 117 1 1
0 2 116 1 1
0 6 119 1 1
0 4 118 1 1
0 6 120 1 1
0 3 123 1 1
0 1 121 1 1
0 2 122 1 1
0 2 121 1 1
0 3 121 1 1
0 1 121 1 1
0 4 121 1 1
0 2 120 1 1
0 5 122 1 1
0 4 123 1 1
0 1 121 1 1
0 3 121 1 1
0 2 120 1 1
0 6 123 1 1
0 4 122 1 1
0 6 124 1 1
0 3 127 1 1
0 1 125 1 1
0 2 126 1 1
0 2 125 1 1
0 3 125 1 1
0 1 125 1 1
0 4 125 1 1
0 2 124 1 1
0 5 126 1 1
0 4 127 1 1
0 1 125 1 1
0 3 125 1 1
0 2 124 1 1
0 6 127 1 1
0 4 126 1 1
0 6 128 1 1
0 3 131 1 1
0 1 129 1 1
0 2 130 1 1
0 2 129 1 1
0 3 129 1 1
0 1 129 1 1
0 4 129 1 1
0 2 128 1 1
0 5 130 1 1
0 4 131 1 1
0 1 129 1 1
0 3 129 1 1
0 2 128 1 1
0 6 131 1 1
0 4 130 1 1
0 6 132 1 1
0 3 135 1 1
0 1 133 1 1
0 2 134 1 1
0 2 133 1 1
0 3 133 1 1
0 1 133 1 1
0 4 133 1 1
0 2 132 1 1
0 5 134 1 1
0 4 135 1 1
0 1 133 1 1
0 3 133 1 1
0 2 132 1 1
0 6 135 1 1
0 4 134 1 1
0 6 136 1 1
0 3 139 1 1
0 1 137 1 1
0 2 138 1 1
0 2 137 1 1
0 3 137 1 1
0 1 137 1 1
0 4 137 1 1
0 2 136 1 1
0 5 138 1 1
0 4 139 1 1
0 1 137 1 1
0 3 137 1 1
0 2 136 1 1
0 6 139 1 1
0 4 138 1 1
0 6 140 1 1
0 3 143 1 1
0 1 141 1 1
0 2 142 1 1
0 2 141 1 1
0 3 141 1 1
0 1 141 1 1
0 4 141 1 1
0 2 140 1 1
0 5 142 1 1
0 4 143 1 1
0 1 141 1 1
0 3 141 1 1
0 2 140 1 1
0 6 143 1 1
0 4 142 1 1
0 6 144 1 1
0 3 147 1 1
0 1 145 1 1
0 2 146 1 1
0 2 145 1 1
0 3 145 1 1
0 1 145 1 1
0 4 145 1 1
0 2 144 1 1
0 5 146 1 1
0 4 147 1 1
0 1 145 1 1
0 3 145 1 1
0 2 144 1 1
0 6 147 1 1
0 4 146 1 1
0 6 148 1 1
0 3 151 1 1
0 1 149 1 1
0 2 150 1 1
0 2 149 1 1
0 3 149 1 1
0 1 149 1 1
0 4 149 1 1
0 2 148 1 1
0 5 150 1 1
0 4 151 1 1
0 1 149 1 1
0 3 149 1 1
0 2 148 1 1
0 6 151 1 1
0 4 150 1 1
0 6 152 1 1
0 3 155 1 1
0 1 153 1 1
0 2 154 1 1
0 2 153 1 1
0 3 153 1 1
0 1 153 1 1
0 4 153 1 1
0 2 152 1 1
0 5 154 1 1
0 4 155 1 1
0 1 153 1 1
0 3 153 1 1
0 2 152 1 1
0 6 155 1 1
0 4 154 1 1
0 6 156 1 1
0 3 159 1 1
0 1 157 1 1
0 2 158 1 1
0 2 157 1 1
0 3 157 1 1
0 1 157 1 1
0 4 157 1 1
0 2 156 1 1
0 5 158 1 1
0 4 159 1 1
0 1 157 1 1
0 3 157 1 1
0 2 156 1 1
0 6 159 1 1
0 4 158 1 1
0 6 160 1 1
0 3 163 1 1
0 1 161 1 1
0 2 162 1 1
0 2 161 1 1
0 3 161 1 1
0 1 161 1 1
0 4 161 1 1
0 2 160 1 1
0 5 162 1 1
0 4 163 1 1
0 1 161 1 1
0 3 161 1 1
0 2 160 1 1
0 6 163 1 1
0 4 162 1 1
0 6 164 1 1
0 3 167 1 1
0 1 165 1 1
0 2 166 1 1
0 2 165 1 1
0 3 165 1 1
0 1 165 1 1
0 4 165 1 1
0 2 164 1 1
0 5 166 1 1
0 4 167 1 1
0 1 165 1 1
0 3 165 1 1
0 2 164 1 1
0 6 167 1 1
0 4 166 1 1
0 6 168 1 1
0 3 171 1 1
0 1 169 1 1
0 2 170 1 1
0 2 169 1 1
0 3 169 1 1
0 1 169 1 1
0 4 169 1 1
0 2 168 1 1
0 5 170 1 1
0 4 171 1 1
0 1 169 1 1
0 3 169 1 1
0 2 168 1 1
0 6 171 1 1
0 4 170 1 1
0 6 172 1 1
0 3 175 1 1
0 1 173 1 1
0 2 174 1 1
0 2 173 1 1
0 3 173 1 1
0 1 173 1 1
0 4 173 1 1
0 2 172 1 1
0 5 174 1 1
0 4 175 1 1
0 1 173 1 1
0 3 173 1 1
0 2 172 1 1
0 6 175 1 1
0 4 174 1 1
0 6 176 1 1
0 3 179 1 1
0 1 177 1 1
0 2 178 1 1
0 2 177 1 1
0 3 177 1 1
0 1 177 1 1
0 4 177 1 1
0 2 176 1 1
0 5 178 1 1
0 4 179 1 1
0 1 177 1 1
0 3 177 1 1
0 2 176 1 1
0 6 179 1 1
0 4 178 1 1
0 6 180 1 1
0 3 183 1 1
0 1 181 1 1
0 2 182 1 1
0 2 181 1 1
0 3 181 1 1
0 1 181 1 1
0 4 181 1 1
0 2 180 1 1
0 5 182 1 1
0 4 183 1 1
0 1 181 1 1
0 3 181 1 1
0 2 180 1 1
0 6 183 1 1
0 4 182 1 1
0 6 184 1 1
0 3 187 1 1
0 1 185 1 1
0 2 186 1 1
0 2 185 1 1
0 3 185 1 1
0 1 185 1 1
0 4 185 1 1
0 2 184 1 1
0 5 186 1 1
0 4 187 1 1
0 1 185 1 1
0 3 185 1 1
0 2 184 1 1
0 6 187 1 1
0 4 186 1 1
0 6 188 1 1
0 3 191 1 1
0 1 189 1 1
0 2 190 1 1
0 2 189 1 1
0 3 189 1 1
0 1 189 1 1
0 4 189 1 1
0 2 188 1 1
0 5 190 1 1
0 4 191 1 1
0 1 189 1 1
0 3 189 1 1
0 2 188 1 1
0 6 191 1 1
0 4 190 1 1
0 6 192 1 1
0 3 195 1 1
0 1 193 1 1
0 2 194 1 1
0 2 193 1 1
0 3 193 1 1
0 1 193 1 1
0 4 193 1 1
0 2 192 1 1
0 5 194 1 1
0 4 195 1 1
0 1 193 1 1
0 3 193 1 1
0 2 192 1 1
0 6 195 1 1
0 4 194 1 1
0 6 196 1 1
0 3 199 1 1
0 1 197 1 1
0 2 198 1 1
0 2 197 1 1
0 3 197 1 1
0 1 197 1 1
0 4 197 1 1
0 2 196 1 1
0 5 198 1 1
0 4 199 1 1
0 1 197 1 1
0 3 197 1 1
0 2 196 1 1
0 6 199 1 1
0 4 198 1 1
0 6 200 1 1
0 3 203 1 1
0 1 201 1 1
0 2 202 1 1
0 2 201 1 1
0 3 201 1 1
0 1 201 1 1
0 4 201 1 1
0 2 200 1 1
0 5 202 1 1
0 4 203 1 1
0 1 201 1 1
0 3 201 1 1
0 2 200 1 1
0 6 203 1 1
0 4 202 1 1
0 6 204 1 1
0 3 207 1 1
0 1 205 1 1
0 2 206 1 1
0 2 205 1 1
0 3 205 1 1
0 1 205 1 1
0 4 205 1 1
0 2 204 1 1
0 5 206 1 1
0 4 207 1 1
0 1 205 1 1
0 3 205 1 1
0 2 204 1 1
0 6 207 1 1
0 4 206 1 1
0 6 208 1 1
0 3 211 1 1
0 1 209 1 1
0 2 210 1 1
0 2 209 1 1
0 3 209 1 1
0 1 209 1 1
0 4 209 1 1
0 2 208 1 1
0 5 210 1 1
0 4 211 1 1
0 1 209 1 1
0 3 209 1 1
0 2 208 1 1
0 6 211 1 1
0 4 210 1 1
0 6 212 1 1
0 3 215 1 1
0 1 213 1 1
0 2 214 1 1
0 2 213 1 1
0 3 213 1 1
0 1 213 1 1
0 4 213 1 1
0 2 212 1 1
0 5 214 1 1
0 4 215 1 1
0 1 213 1 1
0 3 213 1 1
0 2 212 1 1
0 6 215 1 1
0 4 214 1 1
0 6 216 1 1
0 3 219 1 1
0 1 217 1 1
0 2 218 1 1
0 2 217 1 1
0 3 217 1 1
0 1 217 1 1
0 4 217 1 1
0 2 216 1 1
0 5 218 1 1
0 4 219 1 1
0 1 217 1 1
0 3 217 1 1
0 2 216 1 1
0 6 219 1 1
0 4 218 1 1
0 6 220 1 1
0 3 223 1 1
0 1 221 1 1
0 2 222 1 1
0 2 221 1 1
0 3 221 1 1
0 1 221 1 1
0 4 221 1 1
0 2 220 1 1
0 5 222 1 1
0 4 223 1 1
0 1 221 1 1
0 3 221 1 1
0 2 220 1 1
0 6 223 1 1
0 4 222 1 1
0 6 224 1 1
0 3 227 1 1
0 1 225 1 1
0 2 226 1 1
0 2 225 1 1
0 3 225 1 1
0 1 225 1 1
0 4 225 1 1
0 2 224 1 1
0 5 226 1 1
0 4 227 1 1
0 1 225 1 1
0 3 225 1 1
0 2 224 1 1
0 6 227 1 1
0 4 226 1 1
0 6 228 1 1
0 3 231 1 1
0 1 229 1 1
0 2 230 1 1
0 2 229 1 1
0 3 229 1 1
0 1 229 1 1
0 4 229 1 1
0 2 228 1 1
0 5 230 1 1
0 4 231 1 1
0 1 229 1 1
0 3 229 1 1
0 2 228 1 1
0 6 231 1 1
0 4 230 1 1
0 6 232 1 1
0 3 235 1 1
0 1 233 1 1
0 2 234 1 1
0 2 233 1 1
0 3 233 1 1
0 1 233 1 1
0 4 233 1 1
0 2 232 1 1
0 5 234 1 1
0 4 235 1 1
0 1 233 1 1
0 3 233 1 1
0 2 232 1 1
0 6 235 1 1
0 4 234 1 1
0 6 236 1 1
0 3 239 1 1
0 1 237 1 1
0 2 238 1 1
0 2 237 1 1
0 3 237 1 1
0 1 237 1 1
0 4 237 1 1
0 2 236 1 1
0 5 238 1 1
0 4 239 1 1
0 1 237 1 1
0 3 237 1 1
0 2 236 1 1
0 6 239 1 1
0 4 238 1 1
0 6 240 1 1
0 3 243 1 1
0 1 241 1 1
0 2 242 1 1
0 2 241 1 1
0 3 241 1 1
0 1 241 1 1
0 4 241 1 1
0 2 240 1 1
0 5 242 1 1
0 4 243 1 1
0 1 241 1 1
0 3 241 1 1
0 2 240 1 1
0 6 243 1 1
0 4 242 1 1
0 6 244 1 1
0 3 247 1 1
0 1 245 1 1
0 2 246 1 1
0 2 245 1 1
0 3 245 1 1
0 1 245 1 1
0 4 245 1 1
0 2 244 1 1
0 5 246 1 1
0 4 247 1 1
0 1 245 1 1
0 3 245 1 1
0 2 244 1 1
0 6 247 1 1
0 4 246 1 1
0 6 248 1 1
0 3 251 1 1
0 1 249 1 1
0 2 250 1 1
0 2 249 1 1
0 3 249 1 1
0 1 249 1 1
0 4 249 1 1
0 2 248 1 1
0 5 250 1 1
0 4 251 1 1
0 1 249 1 1
0 3 249 1 1
0 2 248 1 1
0 6 251 1 1
0 4 250 1 1
0 6 252 1 1
0 3 255 1 1
0 1 253 1 1
0 2 254 1 1
0 2 253 1 1
0 3 253 1 1
0 1 253 1 1
0 4 253 1 1
0 2 252 1 1
0 5 254 1 1
0 4 255 1 1
0 1 253 1 1
0 3 253 1 1
0 2 252 1 1
0 6 255 1 1
0 4 254 1 1
0 6 256 1 1
0 3 259 1 1
0 1 257 1 1
0 2 258 1 1
0 2 257 1 1
0 3 257 1 1
0 1 257 1 1
0 4 257 1 1
0 2 256 1 1
0 5 258 1 1
0 4 259 1 1
0 1 257 1 1
0 3 257 1 1
0 2 256 1 1
0 6 259 1 1
0 4 258 1 1
0 6 260 1 1
0 3 263 1 1
0 1 261 1 1
0 2 262 1 1
0 2 261 1 1
0 3 261 1 1
0 1 261 1 1
0 4 261 1 1
0 2 260 1 1
0 5 262 1 1
0 4 263 1 1
0 1 261 1 1
0 3 261 1 1
0 2 260 1 1
0 6 263 1 1
0 4 262 1 1
0 6 264 1 1
0 3 267 1 1
0 1 265 1 1
0 2 266 1 1
0 2 265 1 1
0 3 265 1 1
0 1 265 1 1
0 4 265 1 1
0 2 264 1 1
0 5 266 1 1
0 4 267 1 1
0 1 265 1 1
0 3 265 1 1
0 2 264 1 1
0 6 267 1 1
0 4 266 1 1
0 6 268 1 1
0 3 271 1 1
0 1 269 1 1
0 2 270 1 1
0 2 269 1 1
0 3 269 1 1
0 1 269 1 1
0 4 269 1 1
0 2 268 1 1
0 5 270 1 1
0 4 271 1 1
0 1 269 1 1
0 3 269 1 1
0 2 268 1 1
0 6 271 1 1
0 4 270 1 1
0 6 272 1 1
0 3 275 1 1
0 1 273 1 1
0 2 274 1 1
0 2 273 1 1
0 3 273 1 1
0 1 273 1 1
0 4 273 1 1
0 2 272 1 1
0 5 274 1 1
0 4 275 1 1
0 1 273 1 1
0 3 273 1 1
0 2 272 1 1
0 6 275 1 1
0 4 274 1 1
0 6 276 1 1
0 3 279 1 1
0 1 277 1 1
0 2 278 1 1
0 2 277 1 1
0 3 277 1 1
0 1 277 1 1
0 4 277 1 1
0 2 276 1 1
0 5 278 1 1
0 4 279 1 1
0 1 277 1 1
0 3 277 1 1
0 2 276 1 1
0 6 279 1 1
0 4 278 1 1
0 6 280 1 1
0 3 283 1 1
0 1 281 1 1
0 2 282 1 1
0 2 281 1 1
0 3 281 1 1
0 1 281 1 1
0 4 281 1 1
0 2 280 1 1
0 5 282 1 1
0 4 283 1 1
0 1 281 1 1
0 3 281 1 1
0 2 280 1 1
0 6 283 1 1
0 4 282 1 1
0 6 284 1 1
0 3 287 1 1
0 1 285 1 1
0 2 286 1 1
0 2 285 1 1
0 3 285 1 1
0 1 285 1 1
0 4 285 1 1
0 2 284 1 1
0 5 286 1 1
0 4 287 1 1
0 1 285 1 1
0 3 285 1 1
0 2 284 1 1
0 6 287 1 1
0 4 286 1 1
0 6 288 1 1
0 3 291 1 1
0 1 289 1 1
0 2 290 1 1
0 2 289 1 1
0 3 289 1 1
0 1 289 1 1
0 4 289 1 1
0 2 288 1 1
0 5 290 1 1
0 4 291 1 1
0 1 289 1 1
0 3 289 1 1
0 2 288 1 1
0 6 291 1 1
0 4 290 1 1
0 6 292 1 1
0 3 295 1 1
0 1 293 1 1
0 2 294 1 1
0 2 293 1 1
0 3 293 1 1
0 1 293 1 1
0 4 293 1 1
0 2 292 1 1
0 5 294 1 1
0 4 295 1 1
0 1 293 1 1
0 3 293 1 1
0 2 292 1 1
0 6 295 1 1
0 4 294 1 1
0 6 296 1 1
0 3 299 1 1
0 1 297 1 1
0 2 298 1 1
0 2 297 1 1
0 3 297 1 1
0 1 297 1 1
0 4 297 1 1
0 2 296 1 1
0 5 298 1 1
0 4 299 1 1
0 1 297 1 1
0 3 297 1 1
0 2 296 1 1
0 6 299 1 1
0 4 298 1 1
0 6 300 1 1
0 3 303 1 1
0 1 301 1 1
0 2 302 1 1
0 2 301 1 1
0 3 301 1 1
0 1 301 1 1
0 4 301 1 1
0 2 300 1 1
0 5 302 1 1
0 4 303 1 1
0 1 301 1 1
0 3 301 1 1
0 2 300 1 1
0 6 303 1 1
0 4 302 1 1
0 6 304 1 1
0 3 307 1 1
0 1 305 1 1
0 2 306 1 1
0 2 305 1 1
0 3 305 1 1
0 1 305 1 1
0 4 305 1 1
0 2 304 1 1
0 5 306 1 1
0 4 307 1 1
0 1 305 1 1
0 3 305 1 1
0 2 304 1 1
0 6 307 1 1
0 4 306 1 1
0 6 308 1 1
0 3 311 1 1
0 1 309 1 1
0 2 310 1 1
0 2 309 1 1
0 3 309 1 1
0 1 309 1 1
0 4 309 1 1
0 2 308 1 1
0 5 310 1 1
0 4 311 1 1
0 1 309 1 1
0 3 309 1 1
0 2 308 1 1
0 6 311 1 1
0 4 310 1 1
0 6 312 1 1
0 3 315 1 1
0 1 313 1 1
0 2 314 1 1
0 2 313 1 1
0 3 313 1 1
0 1 313 1 1
0 4 313 1 1
0 2 312 1 1
0 5 314 1 1
0 4 315 1 1
0 1 313 1 1
0 3 313 1 1
0 2 312 1 1
0 6 315 1 1
0 4 314 1 1
0 6 316 1 1
0 3 319 1 1
0 1 317 1 1
0 2 318 1 1
0 2 317 1 1
0 3 317 1 1
0 1 317 1 1
0 4 317 1 1
0 2 316 1 1
0 5 318 1 1
0 4 319 1 1
0 1 317 1 1
0 3 317 1 1
0 2 316 1 1
0 6 319 1 1
0 4 318 1 1
0 6 320 1 1
0 3 323 1 1
0 1 321 1 1
0 2 322 1 1
0 2 321 1 1
0 3 321 1 1
0 1 321 1 1
0 4 321 1 1
0 2 320 1 1
0 5 322 1 1
0 4 323 1 1
0 1 321 1 1
0 3 321 1 1
0 2 320 1 1
0 6 323 1 1
0 4 322 1 1
0 6 324 1 1
0 3 327 1 1
0 1 325 1 1
0 2 326 1 1
0 2 325 1 1
0 3 325 1 1
0 1 325 1 1
0 4 325 1 1
0 2 324 1 1
0 5 326 1 1
0 4 327 1 1
0 1 325 1 1
0 3 325 1 1
0 2 324 1 1
0 6 327 1 1
0 4 326 1 1
0 6 328 1 1
0 3 331 1 1
0 1 329 1 1
0 2 330 1 1
0 2 329 1 1
0 3 329 1 1
0 1 329 1 1
0 4 329 1 1
0 2 328 1 1
0 5 330 1 1
0 4 331 1 1
0 1 329 1 1
0 3 329 1 1
0 2 328 1 1
0 6 331 1 1
0 4 330 1 1
0 6 332 1 1
0 3 335 1 1
0 1 333 1 1
0 2 334 1 1
0 2 333 1 1
0 3 333 1 1
0 1 333 1 1
0 4 333 1 1
0 2 332 1 1
0 5 334 1 1
0 4 335 1 1
0 1 333 1 1
0 3 333 1 1
0 2 332 1 1
0 6 335 1 1
0 4 334 1 1
0 6 336 1 1
0 3 339 1 1
0 1 337 1 1
0 2 338 1 1
0 2 337 1 1
0 3 337 1 1
0 1 337 1 1
0 4 337 1 1
0 2 336 1 1
0 5 338 1 1
0 4 339 1 1
0 1 337 1 1
0 3 337 1 1
0 2 336 1 1
0 6 339 1 1
0 4 338 1 1
0 6 340 1 1
0 3 343 1 1
0 1 341 1 1
0 2 342 1 1
0 2 341 1 1
0 3 341 1 1
0 1 341 1 1
0 4 341 1 1
0 2 340 1 1
0 5 342 1 1
0 4 343 1 1
0 1 341 1 1
0 3 341 1 1
0 2 340 1 1
0 6 343 1 1
0 4 342 1 1
0 6 344 1 1
0 3 347 1 1
0 1 345 1 1
0 2 346 1 1
0 2 345 1 1
0 3 345 1 1
0 1 345 1 1
0 4 345 1 1
0 2 344 1 1
0 5 346 1 1
0 4 347 1 1
0 1 345 1 1
0 3 345 1 1
0 2 344 1 1
0 6 347 1 1
0 4 346 1 1
0 6 348 1 1
0 3 351 1 1
0 1 349 1 1
0 2 350 1 1
0 2 349 1 1
0 3 349 1 1
0 1 349 1 1
0 4 349 1 1
0 2 348 1 1
0 5 350 1 1
0 4 351 1 1
0 1 349 1 1
0 3 349 1 1
0 2 348 1 1
0 6 351 1 1
0 4 350 1 1
0 6 352 1 1
0 3 355 1 1
0 1 353 1 1
0 2 354 1 1
0 2 353 1 1
0 3 353 1 1
0 1 353 1 1
0 4 353 1 1
0 2 352 1 1
0 5 354 1 1
0 4 355 1 1
0 1 353 1 1
0 3 353 1 1
0 2 352 1 1
0 6 355 1 1
0 4 354 1 1
0 6 356 1 1
0 3 359 1 1
0 1 357 1 1
0 2 358 1 1
0 2 357 1 1
0 3 357 1 1
0 1 357 1 1
0 4 357 1 1
0 2 356 1 1
0 5 358 1 1
0 4 359 1 1
0 1 357 1 1
0 3 357 1 1
0 2 356 1 1
0 6 359 1 1
0 4 358 1 1
0 6 360 1 1
0 3 363 1 1
0 1 361 1 1
0 2 362 1 1
0 2 361 1 1
0 3 361 1 1
0 1 361 1 1
0 4 361 1 1
0 2 360 1 1
0 5 362 1 1
0 4 363 1 1
0 1 361 1 1
0 3 361 1 1
0 2 360 1 1
0 6 363 1 1
0 4 362 1 1
0 6 364 1 1
0 3 367 1 1
0 1 365 1 1
0 2 366 1 1
0 2 365 1 1
0 3 365 1 1
0 1 365 1 1
0 4 365 1 1
0 2 364 1 1
0 5 366 1 1
0 4 367 1 1
0 1 365 1 1
0 3 365 1 1
0 2 364 1 1
0 6 367 1 1
0 4 366 1 1
0 6 368 1 1
0 3 371 1 1
0 1 369 1 1
0 2 370 1 1
0 2 369 1 1
0 3 369 1 1
0 1 369 1 1
0 4 369 1 1
0 2 368 1 1
0 5 370 1 1
0 4 371 1 1
0 1 369 1 1
0 3 369 1 1
0 2 368 1 1
0 6 371 1 1
0 4 370 1 1
0 6 372 1 1
0 3 375 1 1
0 1 373 1 1
0 2 374 1 1
0 2 373 1 1
0 3 373 1 1
0 1 373 1 1
0 4 373 1 1
0 2 372 1 1
0 5 374 1 1
0 4 375 1 1
0 1 373 1 1
0 3 373 1 1
0 2 372 1 1
0 6 375 1 1
0 4 374 1 1
0 6 376 1 1
0 3 379 1 1
0 1 377 1 1
0 2 378 1 1
0 2 377 1 1
0 3 377 1 1
0 1 377 1 1
0 4 377 1 1
0 2 376 1 1
0 5 378 1 1
0 4 379 1 1
0 1 377 1 1
0 3 377 1 1
0 2 376 1 1
0 6 379 1 1
0 4 378 1 1
0 6 380 1 1
0 3 383 1 1
0 1 381 1 1
0 2 382 1 1
0 2 381 1 1
0 3 381 1 1
0 1 381 1 1
0 4 381 1 1
0 2 380 1 1
0 5 382 1 1
0 4 383 1 1
0 1 381 1 1
0 3 381 1 1
0 2 380 1 1
0 6 383 1 1
0 4 382 1 1
0 6 384 1 1
0 3 387 1 1
0 1 385 1 1
0 2 386 1 1
0 2 385 1 1
0 3 385 1 1
0 1 385 1 1
0 4 385 1 1
0 2 384 1 1
0 5 386 1 1
0 4 387 1 1
0 1 385 1 1
0 3 385 1 1
0 2 384 1 1
0 6 387 1 1
0 4 386 1 1
0 6 388 1 1
0 3 391 1 1
0 1 389 1 1
0 2 390 1 1
0 2 389 1 1
0 3 389 1 1
0 1 389 1 1
0 4 389 1 1
0 2 388 1 1
0 5 390 1 1
0 4 391 1 1
0 1 389 1 1
0 3 389 1 1
0 2 388 1 1
0 6 391 1 1
0 4 390 1 1
0 6 392 1 1
0 3 395 1 1
0 1 393 1 1
0 2 394 1 1
0 2 393 1 1
0 3 393 1 1
0 1 393 1 1
0 4 393 1 1
0 2 392 1 1
0 5 394 1 1
0 4 395 1 1
0 1 393 1 1
0 3 393 1 1
0 2 392 1 1
0 6 395 1 1
0 4 394 1 1
0 6 396 1 1
0 3 399 1 1
0 1 397 1 1
0 2 398 1 1
0 2 397 1 1
0 3 397 1 1
0 1 397 1 1
0 4 397 1 1
0 2 396 1 1
0 5 398 1 1
0 4 399 1 1
0 1 397 1 1
0 3 397 1 1
0 2 396 1 1
0 6 399 1 1
0 4 398 1 1
