0 2 5 1 1
0 6 1 1 1
0 3 4 1 1
0 5 2 1 1
0 8 0 1 1
0 4 3 1 1
0 2 1 1 1
0 3 1 1 1
0 4 1 1 1
0 5 1 1 1
0 6 1 1 1
0 1 1 1 1
0 7 2 1 1
0 1 3 1 1
0 5 0 1 1
0 6 1 1 1
0 2 4 1 1
0 3 5 1 1
0 2 1 1 1
0 6 4 1 1
0 5 5 1 1
0 1 2 1 1
0 8 3 1 1
0 3 0 1 1
0 6 4 1 1
0 5 4 1 1
0 4 4 1 1
0 3 4 1 1
0 2 4 1 1
0 1 4 1 1
0 2 10 1 1
0 6 6 1 1
0 3 9 1 1
0 5 7 1 1
0 8 5 1 1
0 4 8 1 1
0 2 6 1 1
0 3 6 1 1
0 4 6 1 1
0 5 6 1 1
0 6 6 1 1
0 1 6 1 1
0 7 7 1 1
0 1 8 1 1
0 5 5 1 1
0 6 6 1 1
0 2 9 1 1
0 3 10 1 1
0 2 6 1 1
0 6 9 1 1
0 5 10 1 1
0 1 7 1 1
0 8 8 1 1
0 3 5 1 1
0 6 9 1 1
0 5 9 1 1
0 4 9 1 1
0 3 9 1 1
0 2 9 1 1
0 1 9 1 1
0 2 15 1 1
0 6 11 1 1
0 3 14 1 1
0 5 12 1 1
0 8 10 1 1
0 4 13 1 1
0 2 11 1 1
0 3 11 1 1
0 4 11 1 1
0 5 11 1 1
0 6 11 1 1
0 1 11 1 1
0 7 12 1 1
0 1 13 1 1
0 5 10 1 1
0 6 11 1 1
0 2 14 1 1
0 3 15 1 1
0 2 11 1 1
0 6 14 1 1
0 5 15 1 1
0 1 12 1 1
0 8 13 1 1
0 3 10 1 1
0 6 14 1 1
0 5 14 1 1
0 4 14 1 1
0 3 14 1 1
0 2 14 1 1
0 1 14 1 1
0 2 20 1 1
0 6 16 1 1
0 3 19 1 1
0 5 17 1 1
0 8 15 1 1
0 4 18 1 1
0 2 16 1 1
0 3 16 1 1
0 4 16 1 1
0 5 16 1 1
0 6 16 1 1
0 1 16 1 1
0 7 17 1 1
0 1 18 1 1
0 5 15 1 1
0 6 16 1 1
0 2 19 1 1
0 3 20 1 1
0 2 16 1 1
0 6 19 1 1
0 5 20 1 1
0 1 17 1 1
0 8 18 1 1
0 3 15 1 1
0 6 19 1 1
0 5 19 1 1
0 4 19 1 1
0 3 19 1 1
0 2 19 1 1
0 1 19 1 1
0 2 25 1 1
0 6 21 1 1
0 3 24 1 1
0 5 22 1 1
0 8 20 1 1
0 4 23 1 1
0 2 21 1 1
0 3 21 1 1
0 4 21 1 1
0 5 21 1 1
0 6 21 1 1
0 1 21 1 1
0 7 22 1 1
0 1 23 1 1
0 5 20 1 1
0 6 21 1 1
0 2 24 1 1
0 3 25 1 1
0 2 21 1 1
0 6 24 1 1
0 5 25 1 1
0 1 22 1 1
0 8 23 1 1
0 3 20 1 1
0 6 24 1 1
0 5 24 1 1
0 4 24 1 1
0 3 24 1 1
0 2 24 1 1
0 1 24 1 1
0 2 30 1 1
0 6 26 1 1
0 3 29 1 1
0 5 27 1 1
0 8 25 1 1
0 4 28 1 1
0 2 26 1 1
0 3 26 1 1
0 4 26 1 1
0 5 26 1 1
0 6 26 1 1
0 1 26 1 1
0 7 27 1 1
0 1 28 1 1
0 5 25 1 1
0 6 26 1 1
0 2 29 1 1
0 3 30 1 1
0 2 26 1 1
0 6 29 1 1
0 5 30 1 1
0 1 27 1 1
0 8 28 1 1
0 3 25 1 1
0 6 29 1 1
0 5 29 1 1
0 4 29 1 1
0 3 29 1 1
0 2 29 1 1
0 1 29 1 1
0 2 35 1 1
0 6 31 1 1
0 3 34 1 1
0 5 32 1 1
0 8 30 1 1
0 4 33 1 1
0 2 31 1 1
0 3 31 1 1
0 4 31 1 1
0 5 31 1 1
0 6 31 1 1
0 1 31 1 1
0 7 32 1 1
0 1 33 1 1
0 5 30 1 1
0 6 31 1 1
0 2 34 1 1
0 3 35 1 1
0 2 31 1 1
0 6 34 1 1
0 5 35 1 1
0 1 32 1 1
0 8 33 1 1
0 3 30 1 1
0 6 34 1 1
0 5 34 1 1
0 4 34 1 1
0 3 34 1 1
0 2 34 1 1
0 1 34 1 1
0 2 40 1 1
0 6 36 1 1
0 3 39 1 1
0 5 37 1 1
0 8 35 1 1
0 4 38 1 1
0 2 36 1 1
0 3 36 1 1
0 4 36 1 1
0 5 36 1 1
0 6 36 1 1
0 1 36 1 1
0 7 37 1 1
0 1 38 1 1
0 5 35 1 1
0 6 36 1 1
0 2 39 1 1
0 3 40 1 1
0 2 36 1 1
0 6 39 1 1
0 5 40 1 1
0 1 37 1 1
0 8 38 1 1
0 3 35 1 1
0 6 39 1 1
0 5 39 1 1
0 4 39 1 1
0 3 39 1 1
0 2 39 1 1
0 1 39 1 1
0 2 45 1 1
0 6 41 1 1
0 3 44 1 1
0 5 42 1 1
0 8 40 1 1
0 4 43 1 1
0 2 41 1 1
0 3 41 1 1
0 4 41 1 1
0 5 41 1 1
0 6 41 1 1
0 1 41 1 1
0 7 42 1 1
0 1 43 1 1
0 5 40 1 1
0 6 41 1 1
0 2 44 1 1
0 3 45 1 1
0 2 41 1 1
0 6 44 1 1
0 5 45 1 1
0 1 42 1 1
0 8 43 1 1
0 3 40 1 1
0 6 44 1 1
0 5 44 1 1
0 4 44 1 1
0 3 44 1 1
0 2 44 1 1
0 1 44 1 1
0 2 50 1 1
0 6 46 1 1
0 3 49 1 1
0 5 47 1 1
0 8 45 1 1
0 4 48 1 1
0 2 46 1 1
0 3 46 1 1
0 4 46 1 1
0 5 46 1 1
0 6 46 1 1
0 1 46 1 1
0 7 47 1 1
0 1 48 1 1
0 5 45 1 1
0 6 46 1 1
0 2 49 1 1
0 3 50 1 1
0 2 46 1 1
0 6 49 1 1
0 5 50 1 1
0 1 47 1 1
0 8 48 1 1
0 3 45 1 1
0 6 49 1 1
0 5 49 1 1
0 4 49 1 1
0 3 49 1 1
0 2 49 1 1
0 1 49 1 1
0 2 55 1 1
0 6 51 1 1
0 3 54 1 1
0 5 52 1 1
0 8 50 1 1
0 4 53 1 1
0 2 51 1 1
0 3 51 1 1
0 4 51 1 1
0 5 51 1 1
0 6 51 1 1
0 1 51 1 1
0 7 52 1 1
0 1 53 1 1
0 5 50 1 1
0 6 51 1 1
0 2 54 1 1
0 3 55 1 1
0 2 51 1 1
0 6 54 1 1
0 5 55 1 1
0 1 52 1 1
0 8 53 1 1
0 3 50 1 1
0 6 54 1 1
0 5 54 1 1
0 4 54 1 1
0 3 54 1 1
0 2 54 1 1
0 1 54 1 1
0 2 60 1 1
0 6 56 1 1
0 3 59 1 1
0 5 57 1 1
0 8 55 1 1
0 4 58 1 1
0 2 56 1 1
0 3 56 1 1
0 4 56 1 1
0 5 56 1 1
0 6 56 1 1
0 1 56 1 1
0 7 57 1 1
0 1 58 1 1
0 5 55 1 1
0 6 56 1 1
0 2 59 1 1
0 3 60 1 1
0 2 56 1 1
0 6 59 1 1
0 5 60 1 1
0 1 57 1 1
0 8 58 1 1
0 3 55 1 1
0 6 59 1 1
0 5 59 1 1
0 4 59 1 1
0 3 59 1 1
0 2 59 1 1
0 1 59 1 1
0 2 65 1 1
0 6 61 1 1
0 3 64 1 1
0 5 62 1 1
0 8 60 1 1
0 4 63 1 1
0 2 61 1 1
0 3 61 1 1
0 4 61 1 1
0 5 61 1 1
0 6 61 1 1
0 1 61 1 1
0 7 62 1 1
0 1 63 1 1
0 5 60 1 1
0 6 61 1 1
0 2 64 1 1
0 3 65 1 1
0 2 61 1 1
0 6 64 1 1
0 5 65 1 1
0 1 62 1 1
0 8 63 1 1
0 3 60 1 1
0 6 64 1 1
0 5 64 1 1
0 4 64 1 1
0 3 64 1 1
0 2 64 1 1
0 1 64 1 1
0 2 70 1 1
0 6 66 1 1
0 3 69 1 1
0 5 67 1 1
0 8 65 1 1
0 4 68 1 1
0 2 66 1 1
0 3 66 1 1
0 4 66 1 1
0 5 66 1 1
0 6 66 1 1
0 1 66 1 1
0 7 67 1 1
0 1 68 1 1
0 5 65 1 1
0 6 66 1 1
0 2 69 1 1
0 3 70 1 1
0 2 66 1 1
0 6 69 1 1
0 5 70 1 1
0 1 67 1 1
0 8 68 1 1
0 3 65 1 1
0 6 69 1 1
0 5 69 1 1
0 4 69 1 1
0 3 69 1 1
0 2 69 1 1
0 1 69 1 1
0 2 75 1 1
0 6 71 1 1
0 3 74 1 1
0 5 72 1 1
0 8 70 1 1
0 4 73 1 1
0 2 71 1 1
0 3 71 1 1
0 4 71 1 1
0 5 71 1 1
0 6 71 1 1
0 1 71 1 1
0 7 72 1 1
0 1 73 1 1
0 5 70 1 1
0 6 71 1 1
0 2 74 1 1
0 3 75 1 1
0 2 71 1 1
0 6 74 1 1
0 5 75 1 1
0 1 72 1 1
0 8 73 1 1
0 3 70 1 1
0 6 74 1 1
0 5 74 1 1
0 4 74 1 1
0 3 74 1 1
0 2 74 1 1
0 1 74 1 1
0 2 80 1 1
0 6 76 1 1
0 3 79 1 1
0 5 77 1 1
0 8 75 1 1
0 4 78 1 1
0 2 76 1 1
0 3 76 1 1
0 4 76 1 1
0 5 76 1 1
0 6 76 1 1
0 1 76 1 1
0 7 77 1 1
0 1 78 1 1
0 5 75 1 1
0 6 76 1 1
0 2 79 1 1
0 3 80 1 1
0 2 76 1 1
0 6 79 1 1
0 5 80 1 1
0 1 77 1 1
0 8 78 1 1
0 3 75 1 1
0 6 79 1 1
0 5 79 1 1
0 4 79 1 1
0 3 79 1 1
0 2 79 1 1
0 1 79 1 1
0 2 85 1 1
0 6 81 1 1
0 3 84 1 1
0 5 82 1 1
0 8 80 1 1
0 4 83 1 1
0 2 81 1 1
0 3 81 1 1
0 4 81 1 1
0 5 81 1 1
0 6 81 1 1
0 1 81 1 1
0 7 82 1 1
0 1 83 1 1
0 5 80 1 1
0 6 81 1 1
0 2 84 1 1
0 3 85 1 1
0 2 81 1 1
0 6 84 1 1
0 5 85 1 1
0 1 82 1 1
0 8 83 1 1
0 3 80 1 1
0 6 84 1 1
0 5 84 1 1
0 4 84 1 1
0 3 84 1 1
0 2 84 1 1
0 1 84 1 1
0 2 90 1 1
0 6 86 1 1
0 3 89 1 1
0 5 87 1 1
0 8 85 1 1
0 4 88 1 1
0 2 86 1 1
0 3 86 1 1
0 4 86 1 1
0 5 86 1 1
0 6 86 1 1
0 1 86 1 1
0 7 87 1 1
0 1 88 1 1
0 5 85 1 1
0 6 86 1 1
0 2 89 1 1
0 3 90 1 1
0 2 86 1 1
0 6 89 1 1
0 5 90 1 1
0 1 87 1 1
0 8 88 1 1
0 3 85 1 1
0 6 89 1 1
0 5 89 1 1
0 4 89 1 1
0 3 89 1 1
0 2 89 1 1
0 1 89 1 1
0 2 95 1 1
0 6 91 1 1
0 3 94 1 1
0 5 92 1 1
0 8 90 1 1
0 4 93 1 1
0 2 91 1 1
0 3 91 1 1
0 4 91 1 1
0 5 91 1 1
0 6 91 1 1
0 1 91 1 1
0 7 92 1 1
0 1 93 1 1
0 5 90 1 1
0 6 91 1 1
0 2 94 1 1
0 3 95 1 1
0 2 91 1 1
0 6 94 1 1
0 5 95 1 1
0 1 92 1 1
0 8 93 1 1
0 3 90 1 1
0 6 94 1 1
0 5 94 1 1
0 4 94 1 1
0 3 94 1 1
0 2 94 1 1
0 1 94 1 1
0 2 100 1 1
0 6 96 1 1
0 3 99 1 1
0 5 97 1 1
0 8 95 1 1
0 4 98 1 1
0 2 96 1 1
0 3 96 1 1
0 4 96 1 1
0 5 96 1 1
0 6 96 1 1
0 1 96 1 1
0 7 97 1 1
0 1 98 1 1
0 5 95 1 1
0 6 96 1 1
0 2 99 1 1
0 3 100 1 1
0 2 96 1 1
0 6 99 1 1
0 5 100 1 1
0 1 97 1 1
0 8 98 1 1
0 3 95 1 1
0 6 99 1 1
0 5 99 1 1
0 4 99 1 1
0 3 99 1 1
0 2 99 1 1
0 1 99 1 1
0 2 105 1 1
0 6 101 1 1
0 3 104 1 1
0 5 102 1 1
0 8 100 1 1
0 4 103 1 1
0 2 101 1 1
0 3 101 1 1
0 4 101 1 1
0 5 101 1 1
0 6 101 1 1
0 1 101 1 1
0 7 102 1 1
0 1 103 1 1
0 5 100 1 1
0 6 101 1 1
0 2 104 1 1
0 3 105 1 1
0 2 101 1 1
0 6 104 1 1
0 5 105 1 1
0 1 102 1 1
0 8 103 1 1
0 3 100 1 1
0 6 104 1 1
0 5 104 1 1
0 4 104 1 1
0 3 104 1 1
0 2 104 1 1
0 1 104 1 1
0 2 110 1 1
0 6 106 1 1
0 3 109 1 1
0 5 107 1 1
0 8 105 1 1
0 4 108 1 1
0 2 106 1 1
0 3 106 1 1
0 4 106 1 1
0 5 106 1 1
0 6 106 1 1
0 1 106 1 1
0 7 107 1 1
0 1 108 1 1
0 5 105 1 1
0 6 106 1 1
0 2 109 1 1
0 3 110 1 1
0 2 106 1 1
0 6 109 1 1
0 5 110 1 1
0 1 107 1 1
0 8 108 1 1
0 3 105 1 1
0 6 109 1 1
0 5 109 1 1
0 4 109 1 1
0 3 109 1 1
0 2 109 1 1
0 1 109 1 1
0 2 115 1 1
0 6 111 1 1
0 3 114 1 1
0 5 112 1 1
0 8 110 1 1
0 4 113 1 1
0 2 111 1 1
0 3 111 1 1
0 4 111 1 1
0 5 111 1 1
0 6 111 1 1
0 1 111 1 1
0 7 112 1 1
0 1 113 1 1
0 5 110 1 1
0 6 111 1 1
0 2 114 1 1
0 3 115 1 1
0 2 111 1 1
0 6 114 1 1
0 5 115 1 1
0 1 112 1 1
0 8 113 1 1
0 3 110 1 1
0 6 114 1 1
0 5 114 1 1
0 4 114 1 1
0 3 114 1 1
0 2 114 1 1
0 1 114 1 1
0 2 120 1 1
0 6 116 1 1
0 3 119 1 1
0 5 117 1 1
0 8 115 1 1
0 4 118 1 1
0 2 116 1 1
0 3 116 1 1
0 4 116 1 1
0 5 116 1 1
0 6 116 1 1
0 1 116 1 1
0 7 117 1 1
0 1 118 1 1
0 5 115 1 1
0 6 116 1 1
0 2 119 1 1
0 3 120 1 1
0 2 116 1 1
0 6 119 1 1
0 5 120 1 1
0 1 117 1 1
0 8 118 1 1
0 3 115 1 1
0 6 119 1 1
0 5 119 1 1
0 4 119 1 1
0 3 119 1 1
0 2 119 1 1
0 1 119 1 1
0 2 125 1 1
0 6 121 1 1
0 3 124 1 1
0 5 122 1 1
0 8 120 1 1
0 4 123 1 1
0 2 121 1 1
0 3 121 1 1
0 4 121 1 1
0 5 121 1 1
0 6 121 1 1
0 1 121 1 1
0 7 122 1 1
0 1 123 1 1
0 5 120 1 1
0 6 121 1 1
0 2 124 1 1
0 3 125 1 1
0 2 121 1 1
0 6 124 1 1
0 5 125 1 1
0 1 122 1 1
0 8 123 1 1
0 3 120 1 1
0 6 124 1 1
0 5 124 1 1
0 4 124 1 1
0 3 124 1 1
0 2 124 1 1
0 1 124 1 1
0 2 130 1 1
0 6 126 1 1
0 3 129 1 1
0 5 127 1 1
0 8 125 1 1
0 4 128 1 1
0 2 126 1 1
0 3 126 1 1
0 4 126 1 1
0 5 126 1 1
0 6 126 1 1
0 1 126 1 1
0 7 127 1 1
0 1 128 1 1
0 5 125 1 1
0 6 126 1 1
0 2 129 1 1
0 3 130 1 1
0 2 126 1 1
0 6 129 1 1
0 5 130 1 1
0 1 127 1 1
0 8 128 1 1
0 3 125 1 1
0 6 129 1 1
0 5 129 1 1
0 4 129 1 1
0 3 129 1 1
0 2 129 1 1
0 1 129 1 1
0 2 135 1 1
0 6 131 1 1
0 3 134 1 1
0 5 132 1 1
0 8 130 1 1
0 4 133 1 1
0 2 131 1 1
0 3 131 1 1
0 4 131 1 1
0 5 131 1 1
0 6 131 1 1
0 1 131 1 1
0 7 132 1 1
0 1 133 1 1
0 5 130 1 1
0 6 131 1 1
0 2 134 1 1
0 3 135 1 1
0 2 131 1 1
0 6 134 1 1
0 5 135 1 1
0 1 132 1 1
0 8 133 1 1
0 3 130 1 1
0 6 134 1 1
0 5 134 1 1
0 4 134 1 1
0 3 134 1 1
0 2 134 1 1
0 1 134 1 1
0 2 140 1 1
0 6 136 1 1
0 3 139 1 1
0 5 137 1 1
0 8 135 1 1
0 4 138 1 1
0 2 136 1 1
0 3 136 1 1
0 4 136 1 1
0 5 136 1 1
0 6 136 1 1
0 1 136 1 1
0 7 137 1 1
0 1 138 1 1
0 5 135 1 1
0 6 136 1 1
0 2 139 1 1
0 3 140 1 1
0 2 136 1 1
0 6 139 1 1
0 5 140 1 1
0 1 137 1 1
0 8 138 1 1
0 3 135 1 1
0 6 139 1 1
0 5 139 1 1
0 4 139 1 1
0 3 139 1 1
0 2 139 1 1
0 1 139 1 1
0 2 145 1 1
0 6 141 1 1
0 3 144 1 1
0 5 142 1 1
0 8 140 1 1
0 4 143 1 1
0 2 141 1 1
0 3 141 1 1
0 4 141 1 1
0 5 141 1 1
0 6 141 1 1
0 1 141 1 1
0 7 142 1 1
0 1 143 1 1
0 5 140 1 1
0 6 141 1 1
0 2 144 1 1
0 3 145 1 1
0 2 141 1 1
0 6 144 1 1
0 5 145 1 1
0 1 142 1 1
0 8 143 1 1
0 3 140 1 1
0 6 144 1 1
0 5 144 1 1
0 4 144 1 1
0 3 144 1 1
0 2 144 1 1
0 1 144 1 1
0 2 150 1 1
0 6 146 1 1
0 3 149 1 1
0 5 147 1 1
0 8 145 1 1
0 4 148 1 1
0 2 146 1 1
0 3 146 1 1
0 4 146 1 1
0 5 146 1 1
0 6 146 1 1
0 1 146 1 1
0 7 147 1 1
0 1 148 1 1
0 5 145 1 1
0 6 146 1 1
0 2 149 1 1
0 3 150 1 1
0 2 146 1 1
0 6 149 1 1
0 5 150 1 1
0 1 147 1 1
0 8 148 1 1
0 3 145 1 1
0 6 149 1 1
0 5 149 1 1
0 4 149 1 1
0 3 149 1 1
0 2 149 1 1
0 1 149 1 1
0 2 155 1 1
0 6 151 1 1
0 3 154 1 1
0 5 152 1 1
0 8 150 1 1
0 4 153 1 1
0 2 151 1 1
0 3 151 1 1
0 4 151 1 1
0 5 151 1 1
0 6 151 1 1
0 1 151 1 1
0 7 152 1 1
0 1 153 1 1
0 5 150 1 1
0 6 151 1 1
0 2 154 1 1
0 3 155 1 1
0 2 151 1 1
0 6 154 1 1
0 5 155 1 1
0 1 152 1 1
0 8 153 1 1
0 3 150 1 1
0 6 154 1 1
0 5 154 1 1
0 4 154 1 1
0 3 154 1 1
0 2 154 1 1
0 1 154 1 1
0 2 160 1 1
0 6 156 1 1
0 3 159 1 1
0 5 157 1 1
0 8 155 1 1
0 4 158 1 1
0 2 156 1 1
0 3 156 1 1
0 4 156 1 1
0 5 156 1 1
0 6 156 1 1
0 1 156 1 1
0 7 157 1 1
0 1 158 1 1
0 5 155 1 1
0 6 156 1 1
0 2 159 1 1
0 3 160 1 1
0 2 156 1 1
0 6 159 1 1
0 5 160 1 1
0 1 157 1 1
0 8 158 1 1
0 3 155 1 1
0 6 159 1 1
0 5 159 1 1
0 4 159 1 1
0 3 159 1 1
0 2 159 1 1
0 1 159 1 1
0 2 165 1 1
0 6 161 1 1
0 3 164 1 1
0 5 162 1 1
0 8 160 1 1
0 4 163 1 1
0 2 161 1 1
0 3 161 1 1
0 4 161 1 1
0 5 161 1 1
0 6 161 1 1
0 1 161 1 1
0 7 162 1 1
0 1 163 1 1
0 5 160 1 1
0 6 161 1 1
0 2 164 1 1
0 3 165 1 1
0 2 161 1 1
0 6 164 1 1
0 5 165 1 1
0 1 162 1 1
0 8 163 1 1
0 3 160 1 1
0 6 164 1 1
0 5 164 1 1
0 4 164 1 1
0 3 164 1 1
0 2 164 1 1
0 1 164 1 1
0 2 170 1 1
0 6 166 1 1
0 3 169 1 1
0 5 167 1 1
0 8 165 1 1
0 4 168 1 1
0 2 166 1 1
0 3 166 1 1
0 4 166 1 1
0 5 166 1 1
0 6 166 1 1
0 1 166 1 1
0 7 167 1 1
0 1 168 1 1
0 5 165 1 1
0 6 166 1 1
0 2 169 1 1
0 3 170 1 1
0 2 166 1 1
0 6 169 1 1
0 5 170 1 1
0 1 167 1 1
0 8 168 1 1
0 3 165 1 1
0 6 169 1 1
0 5 169 1 1
0 4 169 1 1
0 3 169 1 1
0 2 169 1 1
0 1 169 1 1
0 2 175 1 1
0 6 171 1 1
0 3 174 1 1
0 5 172 1 1
0 8 170 1 1
0 4 173 1 1
0 2 171 1 1
0 3 171 1 1
0 4 171 1 1
0 5 171 1 1
0 6 171 1 1
0 1 171 1 1
0 7 172 1 1
0 1 173 1 1
0 5 170 1 1
0 6 171 1 1
0 2 174 1 1
0 3 175 1 1
0 2 171 1 1
0 6 174 1 1
0 5 175 1 1
0 1 172 1 1
0 8 173 1 1
0 3 170 1 1
0 6 174 1 1
0 5 174 1 1
0 4 174 1 1
0 3 174 1 1
0 2 174 1 1
0 1 174 1 1
0 2 180 1 1
0 6 176 1 1
0 3 179 1 1
0 5 177 1 1
0 8 175 1 1
0 4 178 1 1
0 2 176 1 1
0 3 176 1 1
0 4 176 1 1
0 5 176 1 1
0 6 176 1 1
0 1 176 1 1
0 7 177 1 1
0 1 178 1 1
0 5 175 1 1
0 6 176 1 1
0 2 179 1 1
0 3 180 1 1
0 2 176 1 1
0 6 179 1 1
0 5 180 1 1
0 1 177 1 1
0 8 178 1 1
0 3 175 1 1
0 6 179 1 1
0 5 179 1 1
0 4 179 1 1
0 3 179 1 1
0 2 179 1 1
0 1 179 1 1
0 2 185 1 1
0 6 181 1 1
0 3 184 1 1
0 5 182 1 1
0 8 180 1 1
0 4 183 1 1
0 2 181 1 1
0 3 181 1 1
0 4 181 1 1
0 5 181 1 1
0 6 181 1 1
0 1 181 1 1
0 7 182 1 1
0 1 183 1 1
0 5 180 1 1
0 6 181 1 1
0 2 184 1 1
0 3 185 1 1
0 2 181 1 1
0 6 184 1 1
0 5 185 1 1
0 1 182 1 1
0 8 183 1 1
0 3 180 1 1
0 6 184 1 1
0 5 184 1 1
0 4 184 1 1
0 3 184 1 1
0 2 184 1 1
0 1 184 1 1
0 2 190 1 1
0 6 186 1 1
0 3 189 1 1
0 5 187 1 1
0 8 185 1 1
0 4 188 1 1
0 2 186 1 1
0 3 186 1 1
0 4 186 1 1
0 5 186 1 1
0 6 186 1 1
0 1 186 1 1
0 7 187 1 1
0 1 188 1 1
0 5 185 1 1
0 6 186 1 1
0 2 189 1 1
0 3 190 1 1
0 2 186 1 1
0 6 189 1 1
0 5 190 1 1
0 1 187 1 1
0 8 188 1 1
0 3 185 1 1
0 6 189 1 1
0 5 189 1 1
0 4 189 1 1
0 3 189 1 1
0 2 189 1 1
0 1 189 1 1
0 2 195 1 1
0 6 191 1 1
0 3 194 1 1
0 5 192 1 1
0 8 190 1 1
0 4 193 1 1
0 2 191 1 1
0 3 191 1 1
0 4 191 1 1
0 5 191 1 1
0 6 191 1 1
0 1 191 1 1
0 7 192 1 1
0 1 193 1 1
0 5 190 1 1
0 6 191 1 1
0 2 194 1 1
0 3 195 1 1
0 2 191 1 1
0 6 194 1 1
0 5 195 1 1
0 1 192 1 1
0 8 193 1 1
0 3 190 1 1
0 6 194 1 1
0 5 194 1 1
0 4 194 1 1
0 3 194 1 1
0 2 194 1 1
0 1 194 1 1
0 2 200 1 1
0 6 196 1 1
0 3 199 1 1
0 5 197 1 1
0 8 195 1 1
0 4 198 1 1
0 2 196 1 1
0 3 196 1 1
0 4 196 1 1
0 5 196 1 1
0 6 196 1 1
0 1 196 1 1
0 7 197 1 1
0 1 198 1 1
0 5 195 1 1
0 6 196 1 1
0 2 199 1 1
0 3 200 1 1
0 2 196 1 1
0 6 199 1 1
0 5 200 1 1
0 1 197 1 1
0 8 198 1 1
0 3 195 1 1
0 6 199 1 1
0 5 199 1 1
0 4 199 1 1
0 3 199 1 1
0 2 199 1 1
0 1 199 1 1
0 2 205 1 1
0 6 201 1 1
0 3 204 1 1
0 5 202 1 1
0 8 200 1 1
0 4 203 1 1
0 2 201 1 1
0 3 201 1 1
0 4 201 1 1
0 5 201 1 1
0 6 201 1 1
0 1 201 1 1
0 7 202 1 1
0 1 203 1 1
0 5 200 1 1
0 6 201 1 1
0 2 204 1 1
0 3 205 1 1
0 2 201 1 1
0 6 204 1 1
0 5 205 1 1
0 1 202 1 1
0 8 203 1 1
0 3 200 1 1
0 6 204 1 1
0 5 204 1 1
0 4 204 1 1
0 3 204 1 1
0 2 204 1 1
0 1 204 1 1
0 2 210 1 1
0 6 206 1 1
0 3 209 1 1
0 5 207 1 1
0 8 205 1 1
0 4 208 1 1
0 2 206 1 1
0 3 206 1 1
0 4 206 1 1
0 5 206 1 1
0 6 206 1 1
0 1 206 1 1
0 7 207 1 1
0 1 208 1 1
0 5 205 1 1
0 6 206 1 1
0 2 209 1 1
0 3 210 1 1
0 2 206 1 1
0 6 209 1 1
0 5 210 1 1
0 1 207 1 1
0 8 208 1 1
0 3 205 1 1
0 6 209 1 1
0 5 209 1 1
0 4 209 1 1
0 3 209 1 1
0 2 209 1 1
0 1 209 1 1
0 2 215 1 1
0 6 211 1 1
0 3 214 1 1
0 5 212 1 1
0 8 210 1 1
0 4 213 1 1
0 2 211 1 1
0 3 211 1 1
0 4 211 1 1
0 5 211 1 1
0 6 211 1 1
0 1 211 1 1
0 7 212 1 1
0 1 213 1 1
0 5 210 1 1
0 6 211 1 1
0 2 214 1 1
0 3 215 1 1
0 2 211 1 1
0 6 214 1 1
0 5 215 1 1
0 1 212 1 1
0 8 213 1 1
0 3 210 1 1
0 6 214 1 1
0 5 214 1 1
0 4 214 1 1
0 3 214 1 1
0 2 214 1 1
0 1 214 1 1
0 2 220 1 1
0 6 216 1 1
0 3 219 1 1
0 5 217 1 1
0 8 215 1 1
0 4 218 1 1
0 2 216 1 1
0 3 216 1 1
0 4 216 1 1
0 5 216 1 1
0 6 216 1 1
0 1 216 1 1
0 7 217 1 1
0 1 218 1 1
0 5 215 1 1
0 6 216 1 1
0 2 219 1 1
0 3 220 1 1
0 2 216 1 1
0 6 219 1 1
0 5 220 1 1
0 1 217 1 1
0 8 218 1 1
0 3 215 1 1
0 6 219 1 1
0 5 219 1 1
0 4 219 1 1
0 3 219 1 1
0 2 219 1 1
0 1 219 1 1
0 2 225 1 1
0 6 221 1 1
0 3 224 1 1
0 5 222 1 1
0 8 220 1 1
0 4 223 1 1
0 2 221 1 1
0 3 221 1 1
0 4 221 1 1
0 5 221 1 1
0 6 221 1 1
0 1 221 1 1
0 7 222 1 1
0 1 223 1 1
0 5 220 1 1
0 6 221 1 1
0 2 224 1 1
0 3 225 1 1
0 2 221 1 1
0 6 224 1 1
0 5 225 1 1
0 1 222 1 1
0 8 223 1 1
0 3 220 1 1
0 6 224 1 1
0 5 224 1 1
0 4 224 1 1
0 3 224 1 1
0 2 224 1 1
0 1 224 1 1
0 2 230 1 1
0 6 226 1 1
0 3 229 1 1
0 5 227 1 1
0 8 225 1 1
0 4 228 1 1
0 2 226 1 1
0 3 226 1 1
0 4 226 1 1
0 5 226 1 1
0 6 226 1 1
0 1 226 1 1
0 7 227 1 1
0 1 228 1 1
0 5 225 1 1
0 6 226 1 1
0 2 229 1 1
0 3 230 1 1
0 2 226 1 1
0 6 229 1 1
0 5 230 1 1
0 1 227 1 1
0 8 228 1 1
0 3 225 1 1
0 6 229 1 1
0 5 229 1 1
0 4 229 1 1
0 3 229 1 1
0 2 229 1 1
0 1 229 1 1
0 2 235 1 1
0 6 231 1 1
0 3 234 1 1
0 5 232 1 1
0 8 230 1 1
0 4 233 1 1
0 2 231 1 1
0 3 231 1 1
0 4 231 1 1
0 5 231 1 1
0 6 231 1 1
0 1 231 1 1
0 7 232 1 1
0 1 233 1 1
0 5 230 1 1
0 6 231 1 1
0 2 234 1 1
0 3 235 1 1
0 2 231 1 1
0 6 234 1 1
0 5 235 1 1
0 1 232 1 1
0 8 233 1 1
0 3 230 1 1
0 6 234 1 1
0 5 234 1 1
0 4 234 1 1
0 3 234 1 1
0 2 234 1 1
0 1 234 1 1
0 2 240 1 1
0 6 236 1 1
0 3 239 1 1
0 5 237 1 1
0 8 235 1 1
0 4 238 1 1
0 2 236 1 1
0 3 236 1 1
0 4 236 1 1
0 5 236 1 1
0 6 236 1 1
0 1 236 1 1
0 7 237 1 1
0 1 238 1 1
0 5 235 1 1
0 6 236 1 1
0 2 239 1 1
0 3 240 1 1
0 2 236 1 1
0 6 239 1 1
0 5 240 1 1
0 1 237 1 1
0 8 238 1 1
0 3 235 1 1
0 6 239 1 1
0 5 239 1 1
0 4 239 1 1
0 3 239 1 1
0 2 239 1 1
0 1 239 1 1
0 2 245 1 1
0 6 241 1 1
0 3 244 1 1
0 5 242 1 1
0 8 240 1 1
0 4 243 1 1
0 2 241 1 1
0 3 241 1 1
0 4 241 1 1
0 5 241 1 1
0 6 241 1 1
0 1 241 1 1
0 7 242 1 1
0 1 243 1 1
0 5 240 1 1
0 6 241 1 1
0 2 244 1 1
0 3 245 1 1
0 2 241 1 1
0 6 244 1 1
0 5 245 1 1
0 1 242 1 1
0 8 243 1 1
0 3 240 1 1
0 6 244 1 1
0 5 244 1 1
0 4 244 1 1
0 3 244 1 1
0 2 244 1 1
0 1 244 1 1
0 2 250 1 1
0 6 246 1 1
0 3 249 1 1
0 5 247 1 1
0 8 245 1 1
0 4 248 1 1
0 2 246 1 1
0 3 246 1 1
0 4 246 1 1
0 5 246 1 1
0 6 246 1 1
0 1 246 1 1
0 7 247 1 1
0 1 248 1 1
0 5 245 1 1
0 6 246 1 1
0 2 249 1 1
0 3 250 1 1
0 2 246 1 1
0 6 249 1 1
0 5 250 1 1
0 1 247 1 1
0 8 248 1 1
0 3 245 1 1
0 6 249 1 1
0 5 249 1 1
0 4 249 1 1
0 3 249 1 1
0 2 249 1 1
0 1 249 1 1
0 2 255 1 1
0 6 251 1 1
0 3 254 1 1
0 5 252 1 1
0 8 250 1 1
0 4 253 1 1
0 2 251 1 1
0 3 251 1 1
0 4 251 1 1
0 5 251 1 1
0 6 251 1 1
0 1 251 1 1
0 7 252 1 1
0 1 253 1 1
0 5 250 1 1
0 6 251 1 1
0 2 254 1 1
0 3 255 1 1
0 2 251 1 1
0 6 254 1 1
0 5 255 1 1
0 1 252 1 1
0 8 253 1 1
0 3 250 1 1
0 6 254 1 1
0 5 254 1 1
0 4 254 1 1
0 3 254 1 1
0 2 254 1 1
0 1 254 1 1
0 2 260 1 1
0 6 256 1 1
0 3 259 1 1
0 5 257 1 1
0 8 255 1 1
0 4 258 1 1
0 2 256 1 1
0 3 256 1 1
0 4 256 1 1
0 5 256 1 1
0 6 256 1 1
0 1 256 1 1
0 7 257 1 1
0 1 258 1 1
0 5 255 1 1
0 6 256 1 1
0 2 259 1 1
0 3 260 1 1
0 2 256 1 1
0 6 259 1 1
0 5 260 1 1
0 1 257 1 1
0 8 258 1 1
0 3 255 1 1
0 6 259 1 1
0 5 259 1 1
0 4 259 1 1
0 3 259 1 1
0 2 259 1 1
0 1 259 1 1
0 2 265 1 1
0 6 261 1 1
0 3 264 1 1
0 5 262 1 1
0 8 260 1 1
0 4 263 1 1
0 2 261 1 1
0 3 261 1 1
0 4 261 1 1
0 5 261 1 1
0 6 261 1 1
0 1 261 1 1
0 7 262 1 1
0 1 263 1 1
0 5 260 1 1
0 6 261 1 1
0 2 264 1 1
0 3 265 1 1
0 2 261 1 1
0 6 264 1 1
0 5 265 1 1
0 1 262 1 1
0 8 263 1 1
0 3 260 1 1
0 6 264 1 1
0 5 264 1 1
0 4 264 1 1
0 3 264 1 1
0 2 264 1 1
0 1 264 1 1
0 2 270 1 1
0 6 266 1 1
0 3 269 1 1
0 5 267 1 1
0 8 265 1 1
0 4 268 1 1
0 2 266 1 1
0 3 266 1 1
0 4 266 1 1
0 5 266 1 1
0 6 266 1 1
0 1 266 1 1
0 7 267 1 1
0 1 268 1 1
0 5 265 1 1
0 6 266 1 1
0 2 269 1 1
0 3 270 1 1
0 2 266 1 1
0 6 269 1 1
0 5 270 1 1
0 1 267 1 1
0 8 268 1 1
0 3 265 1 1
0 6 269 1 1
0 5 269 1 1
0 4 269 1 1
0 3 269 1 1
0 2 269 1 1
0 1 269 1 1
0 2 275 1 1
0 6 271 1 1
0 3 274 1 1
0 5 272 1 1
0 8 270 1 1
0 4 273 1 1
0 2 271 1 1
0 3 271 1 1
0 4 271 1 1
0 5 271 1 1
0 6 271 1 1
0 1 271 1 1
0 7 272 1 1
0 1 273 1 1
0 5 270 1 1
0 6 271 1 1
0 2 274 1 1
0 3 275 1 1
0 2 271 1 1
0 6 274 1 1
0 5 275 1 1
0 1 272 1 1
0 8 273 1 1
0 3 270 1 1
0 6 274 1 1
0 5 274 1 1
0 4 274 1 1
0 3 274 1 1
0 2 274 1 1
0 1 274 1 1
0 2 280 1 1
0 6 276 1 1
0 3 279 1 1
0 5 277 1 1
0 8 275 1 1
0 4 278 1 1
0 2 276 1 1
0 3 276 1 1
0 4 276 1 1
0 5 276 1 1
0 6 276 1 1
0 1 276 1 1
0 7 277 1 1
0 1 278 1 1
0 5 275 1 1
0 6 276 1 1
0 2 279 1 1
0 3 280 1 1
0 2 276 1 1
0 6 279 1 1
0 5 280 1 1
0 1 277 1 1
0 8 278 1 1
0 3 275 1 1
0 6 279 1 1
0 5 279 1 1
0 4 279 1 1
0 3 279 1 1
0 2 279 1 1
0 1 279 1 1
0 2 285 1 1
0 6 281 1 1
0 3 284 1 1
0 5 282 1 1
0 8 280 1 1
0 4 283 1 1
0 2 281 1 1
0 3 281 1 1
0 4 281 1 1
0 5 281 1 1
0 6 281 1 1
0 1 281 1 1
0 7 282 1 1
0 1 283 1 1
0 5 280 1 1
0 6 281 1 1
0 2 284 1 1
0 3 285 1 1
0 2 281 1 1
0 6 284 1 1
0 5 285 1 1
0 1 282 1 1
0 8 283 1 1
0 3 280 1 1
0 6 284 1 1
0 5 284 1 1
0 4 284 1 1
0 3 284 1 1
0 2 284 1 1
0 1 284 1 1
0 2 290 1 1
0 6 286 1 1
0 3 289 1 1
0 5 287 1 1
0 8 285 1 1
0 4 288 1 1
0 2 286 1 1
0 3 286 1 1
0 4 286 1 1
0 5 286 1 1
0 6 286 1 1
0 1 286 1 1
0 7 287 1 1
0 1 288 1 1
0 5 285 1 1
0 6 286 1 1
0 2 289 1 1
0 3 290 1 1
0 2 286 1 1
0 6 289 1 1
0 5 290 1 1
0 1 287 1 1
0 8 288 1 1
0 3 285 1 1
0 6 289 1 1
0 5 289 1 1
0 4 289 1 1
0 3 289 1 1
0 2 289 1 1
0 1 289 1 1
0 2 295 1 1
0 6 291 1 1
0 3 294 1 1
0 5 292 1 1
0 8 290 1 1
0 4 293 1 1
0 2 291 1 1
0 3 291 1 1
0 4 291 1 1
0 5 291 1 1
0 6 291 1 1
0 1 291 1 1
0 7 292 1 1
0 1 293 1 1
0 5 290 1 1
0 6 291 1 1
0 2 294 1 1
0 3 295 1 1
0 2 291 1 1
0 6 294 1 1
0 5 295 1 1
0 1 292 1 1
0 8 293 1 1
0 3 290 1 1
0 6 294 1 1
0 5 294 1 1
0 4 294 1 1
0 3 294 1 1
0 2 294 1 1
0 1 294 1 1
0 2 300 1 1
0 6 296 1 1
0 3 299 1 1
0 5 297 1 1
0 8 295 1 1
0 4 298 1 1
0 2 296 1 1
0 3 296 1 1
0 4 296 1 1
0 5 296 1 1
0 6 296 1 1
0 1 296 1 1
0 7 297 1 1
0 1 298 1 1
0 5 295 1 1
0 6 296 1 1
0 2 299 1 1
0 3 300 1 1
0 2 296 1 1
0 6 299 1 1
0 5 300 1 1
0 1 297 1 1
0 8 298 1 1
0 3 295 1 1
0 6 299 1 1
0 5 299 1 1
0 4 299 1 1
0 3 299 1 1
0 2 299 1 1
0 1 299 1 1
0 2 305 1 1
0 6 301 1 1
0 3 304 1 1
0 5 302 1 1
0 8 300 1 1
0 4 303 1 1
0 2 301 1 1
0 3 301 1 1
0 4 301 1 1
0 5 301 1 1
0 6 301 1 1
0 1 301 1 1
0 7 302 1 1
0 1 303 1 1
0 5 300 1 1
0 6 301 1 1
0 2 304 1 1
0 3 305 1 1
0 2 301 1 1
0 6 304 1 1
0 5 305 1 1
0 1 302 1 1
0 8 303 1 1
0 3 300 1 1
0 6 304 1 1
0 5 304 1 1
0 4 304 1 1
0 3 304 1 1
0 2 304 1 1
0 1 304 1 1
0 2 310 1 1
0 6 306 1 1
0 3 309 1 1
0 5 307 1 1
0 8 305 1 1
0 4 308 1 1
0 2 306 1 1
0 3 306 1 1
0 4 306 1 1
0 5 306 1 1
0 6 306 1 1
0 1 306 1 1
0 7 307 1 1
0 1 308 1 1
0 5 305 1 1
0 6 306 1 1
0 2 309 1 1
0 3 310 1 1
0 2 306 1 1
0 6 309 1 1
0 5 310 1 1
0 1 307 1 1
0 8 308 1 1
0 3 305 1 1
0 6 309 1 1
0 5 309 1 1
0 4 309 1 1
0 3 309 1 1
0 2 309 1 1
0 1 309 1 1
0 2 315 1 1
0 6 311 1 1
0 3 314 1 1
0 5 312 1 1
0 8 310 1 1
0 4 313 1 1
0 2 311 1 1
0 3 311 1 1
0 4 311 1 1
0 5 311 1 1
0 6 311 1 1
0 1 311 1 1
0 7 312 1 1
0 1 313 1 1
0 5 310 1 1
0 6 311 1 1
0 2 314 1 1
0 3 315 1 1
0 2 311 1 1
0 6 314 1 1
0 5 315 1 1
0 1 312 1 1
0 8 313 1 1
0 3 310 1 1
0 6 314 1 1
0 5 314 1 1
0 4 314 1 1
0 3 314 1 1
0 2 314 1 1
0 1 314 1 1
0 2 320 1 1
0 6 316 1 1
0 3 319 1 1
0 5 317 1 1
0 8 315 1 1
0 4 318 1 1
0 2 316 1 1
0 3 316 1 1
0 4 316 1 1
0 5 316 1 1
0 6 316 1 1
0 1 316 1 1
0 7 317 1 1
0 1 318 1 1
0 5 315 1 1
0 6 316 1 1
0 2 319 1 1
0 3 320 1 1
0 2 316 1 1
0 6 319 1 1
0 5 320 1 1
0 1 317 1 1
0 8 318 1 1
0 3 315 1 1
0 6 319 1 1
0 5 319 1 1
0 4 319 1 1
0 3 319 1 1
0 2 319 1 1
0 1 319 1 1
0 2 325 1 1
0 6 321 1 1
0 3 324 1 1
0 5 322 1 1
0 8 320 1 1
0 4 323 1 1
0 2 321 1 1
0 3 321 1 1
0 4 321 1 1
0 5 321 1 1
0 6 321 1 1
0 1 321 1 1
0 7 322 1 1
0 1 323 1 1
0 5 320 1 1
0 6 321 1 1
0 2 324 1 1
0 3 325 1 1
0 2 321 1 1
0 6 324 1 1
0 5 325 1 1
0 1 322 1 1
0 8 323 1 1
0 3 320 1 1
0 6 324 1 1
0 5 324 1 1
0 4 324 1 1
0 3 324 1 1
0 2 324 1 1
0 1 324 1 1
0 2 330 1 1
0 6 326 1 1
0 3 329 1 1
0 5 327 1 1
0 8 325 1 1
0 4 328 1 1
0 2 326 1 1
0 3 326 1 1
0 4 326 1 1
0 5 326 1 1
0 6 326 1 1
0 1 326 1 1
0 7 327 1 1
0 1 328 1 1
0 5 325 1 1
0 6 326 1 1
0 2 329 1 1
0 3 330 1 1
0 2 326 1 1
0 6 329 1 1
0 5 330 1 1
0 1 327 1 1
0 8 328 1 1
0 3 325 1 1
0 6 329 1 1
0 5 329 1 1
0 4 329 1 1
0 3 329 1 1
0 2 329 1 1
0 1 329 1 1
0 2 335 1 1
0 6 331 1 1
0 3 334 1 1
0 5 332 1 1
0 8 330 1 1
0 4 333 1 1
0 2 331 1 1
0 3 331 1 1
0 4 331 1 1
0 5 331 1 1
0 6 331 1 1
0 1 331 1 1
0 7 332 1 1
0 1 333 1 1
0 5 330 1 1
0 6 331 1 1
0 2 334 1 1
0 3 335 1 1
0 2 331 1 1
0 6 334 1 1
0 5 335 1 1
0 1 332 1 1
0 8 333 1 1
0 3 330 1 1
0 6 334 1 1
0 5 334 1 1
0 4 334 1 1
0 3 334 1 1
0 2 334 1 1
0 1 334 1 1
0 2 340 1 1
0 6 336 1 1
0 3 339 1 1
0 5 337 1 1
0 8 335 1 1
0 4 338 1 1
0 2 336 1 1
0 3 336 1 1
0 4 336 1 1
0 5 336 1 1
0 6 336 1 1
0 1 336 1 1
0 7 337 1 1
0 1 338 1 1
0 5 335 1 1
0 6 336 1 1
0 2 339 1 1
0 3 340 1 1
0 2 336 1 1
0 6 339 1 1
0 5 340 1 1
0 1 337 1 1
0 8 338 1 1
0 3 335 1 1
0 6 339 1 1
0 5 339 1 1
0 4 339 1 1
0 3 339 1 1
0 2 339 1 1
0 1 339 1 1
0 2 345 1 1
0 6 341 1 1
0 3 344 1 1
0 5 342 1 1
0 8 340 1 1
0 4 343 1 1
0 2 341 1 1
0 3 341 1 1
0 4 341 1 1
0 5 341 1 1
0 6 341 1 1
0 1 341 1 1
0 7 342 1 1
0 1 343 1 1
0 5 340 1 1
0 6 341 1 1
0 2 344 1 1
0 3 345 1 1
0 2 341 1 1
0 6 344 1 1
0 5 345 1 1
0 1 342 1 1
0 8 343 1 1
0 3 340 1 1
0 6 344 1 1
0 5 344 1 1
0 4 344 1 1
0 3 344 1 1
0 2 344 1 1
0 1 344 1 1
0 2 350 1 1
0 6 346 1 1
0 3 349 1 1
0 5 347 1 1
0 8 345 1 1
0 4 348 1 1
0 2 346 1 1
0 3 346 1 1
0 4 346 1 1
0 5 346 1 1
0 6 346 1 1
0 1 346 1 1
0 7 347 1 1
0 1 348 1 1
0 5 345 1 1
0 6 346 1 1
0 2 349 1 1
0 3 350 1 1
0 2 346 1 1
0 6 349 1 1
0 5 350 1 1
0 1 347 1 1
0 8 348 1 1
0 3 345 1 1
0 6 349 1 1
0 5 349 1 1
0 4 349 1 1
0 3 349 1 1
0 2 349 1 1
0 1 349 1 1
0 2 355 1 1
0 6 351 1 1
0 3 354 1 1
0 5 352 1 1
0 8 350 1 1
0 4 353 1 1
0 2 351 1 1
0 3 351 1 1
0 4 351 1 1
0 5 351 1 1
0 6 351 1 1
0 1 351 1 1
0 7 352 1 1
0 1 353 1 1
0 5 350 1 1
0 6 351 1 1
0 2 354 1 1
0 3 355 1 1
0 2 351 1 1
0 6 354 1 1
0 5 355 1 1
0 1 352 1 1
0 8 353 1 1
0 3 350 1 1
0 6 354 1 1
0 5 354 1 1
0 4 354 1 1
0 3 354 1 1
0 2 354 1 1
0 1 354 1 1
0 2 360 1 1
0 6 356 1 1
0 3 359 1 1
0 5 357 1 1
0 8 355 1 1
0 4 358 1 1
0 2 356 1 1
0 3 356 1 1
0 4 356 1 1
0 5 356 1 1
0 6 356 1 1
0 1 356 1 1
0 7 357 1 1
0 1 358 1 1
0 5 355 1 1
0 6 356 1 1
0 2 359 1 1
0 3 360 1 1
0 2 356 1 1
0 6 359 1 1
0 5 360 1 1
0 1 357 1 1
0 8 358 1 1
0 3 355 1 1
0 6 359 1 1
0 5 359 1 1
0 4 359 1 1
0 3 359 1 1
0 2 359 1 1
0 1 359 1 1
0 2 365 1 1
0 6 361 1 1
0 3 364 1 1
0 5 362 1 1
0 8 360 1 1
0 4 363 1 1
0 2 361 1 1
0 3 361 1 1
0 4 361 1 1
0 5 361 1 1
0 6 361 1 1
0 1 361 1 1
0 7 362 1 1
0 1 363 1 1
0 5 360 1 1
0 6 361 1 1
0 2 364 1 1
0 3 365 1 1
0 2 361 1 1
0 6 364 1 1
0 5 365 1 1
0 1 362 1 1
0 8 363 1 1
0 3 360 1 1
0 6 364 1 1
0 5 364 1 1
0 4 364 1 1
0 3 364 1 1
0 2 364 1 1
0 1 364 1 1
0 2 370 1 1
0 6 366 1 1
0 3 369 1 1
0 5 367 1 1
0 8 365 1 1
0 4 368 1 1
0 2 366 1 1
0 3 366 1 1
0 4 366 1 1
0 5 366 1 1
0 6 366 1 1
0 1 366 1 1
0 7 367 1 1
0 1 368 1 1
0 5 365 1 1
0 6 366 1 1
0 2 369 1 1
0 3 370 1 1
0 2 366 1 1
0 6 369 1 1
0 5 370 1 1
0 1 367 1 1
0 8 368 1 1
0 3 365 1 1
0 6 369 1 1
0 5 369 1 1
0 4 369 1 1
0 3 369 1 1
0 2 369 1 1
0 1 369 1 1
0 2 375 1 1
0 6 371 1 1
0 3 374 1 1
0 5 372 1 1
0 8 370 1 1
0 4 373 1 1
0 2 371 1 1
0 3 371 1 1
0 4 371 1 1
0 5 371 1 1
0 6 371 1 1
0 1 371 1 1
0 7 372 1 1
0 1 373 1 1
0 5 370 1 1
0 6 371 1 1
0 2 374 1 1
0 3 375 1 1
0 2 371 1 1
0 6 374 1 1
0 5 375 1 1
0 1 372 1 1
0 8 373 1 1
0 3 370 1 1
0 6 374 1 1
0 5 374 1 1
0 4 374 1 1
0 3 374 1 1
0 2 374 1 1
0 1 374 1 1
0 2 380 1 1
0 6 376 1 1
0 3 379 1 1
0 5 377 1 1
0 8 375 1 1
0 4 378 1 1
0 2 376 1 1
0 3 376 1 1
0 4 376 1 1
0 5 376 1 1
0 6 376 1 1
0 1 376 1 1
0 7 377 1 1
0 1 378 1 1
0 5 375 1 1
0 6 376 1 1
0 2 379 1 1
0 3 380 1 1
0 2 376 1 1
0 6 379 1 1
0 5 380 1 1
0 1 377 1 1
0 8 378 1 1
0 3 375 1 1
0 6 379 1 1
0 5 379 1 1
0 4 379 1 1
0 3 379 1 1
0 2 379 1 1
0 1 379 1 1
0 2 385 1 1
0 6 381 1 1
0 3 384 1 1
0 5 382 1 1
0 8 380 1 1
0 4 383 1 1
0 2 381 1 1
0 3 381 1 1
0 4 381 1 1
0 5 381 1 1
0 6 381 1 1
0 1 381 1 1
0 7 382 1 1
0 1 383 1 1
0 5 380 1 1
0 6 381 1 1
0 2 384 1 1
0 3 385 1 1
0 2 381 1 1
0 6 384 1 1
0 5 385 1 1
0 1 382 1 1
0 8 383 1 1
0 3 380 1 1
0 6 384 1 1
0 5 384 1 1
0 4 384 1 1
0 3 384 1 1
0 2 384 1 1
0 1 384 1 1
0 2 390 1 1
0 6 386 1 1
0 3 389 1 1
0 5 387 1 1
0 8 385 1 1
0 4 388 1 1
0 2 386 1 1
0 3 386 1 1
0 4 386 1 1
0 5 386 1 1
0 6 386 1 1
0 1 386 1 1
0 7 387 1 1
0 1 388 1 1
0 5 385 1 1
0 6 386 1 1
0 2 389 1 1
0 3 390 1 1
0 2 386 1 1
0 6 389 1 1
0 5 390 1 1
0 1 387 1 1
0 8 388 1 1
0 3 385 1 1
0 6 389 1 1
0 5 389 1 1
0 4 389 1 1
0 3 389 1 1
0 2 389 1 1
0 1 389 1 1
0 2 395 1 1
0 6 391 1 1
0 3 394 1 1
0 5 392 1 1
0 8 390 1 1
0 4 393 1 1
0 2 391 1 1
0 3 391 1 1
0 4 391 1 1
0 5 391 1 1
0 6 391 1 1
0 1 391 1 1
0 7 392 1 1
0 1 393 1 1
0 5 390 1 1
0 6 391 1 1
0 2 394 1 1
0 3 395 1 1
0 2 391 1 1
0 6 394 1 1
0 5 395 1 1
0 1 392 1 1
0 8 393 1 1
0 3 390 1 1
0 6 394 1 1
0 5 394 1 1
0 4 394 1 1
0 3 394 1 1
0 2 394 1 1
0 1 394 1 1
0 2 400 1 1
0 6 396 1 1
0 3 399 1 1
0 5 397 1 1
0 8 395 1 1
0 4 398 1 1
0 2 396 1 1
0 3 396 1 1
0 4 396 1 1
0 5 396 1 1
0 6 396 1 1
0 1 396 1 1
0 7 397 1 1
0 1 398 1 1
0 5 395 1 1
0 6 396 1 1
0 2 399 1 1
0 3 400 1 1
0 2 396 1 1
0 6 399 1 1
0 5 400 1 1
0 1 397 1 1
0 8 398 1 1
0 3 395 1 1
0 6 399 1 1
0 5 399 1 1
0 4 399 1 1
0 3 399 1 1
0 2 399 1 1
0 1 399 1 1
0 2 405 1 1
0 6 401 1 1
0 3 404 1 1
0 5 402 1 1
0 8 400 1 1
0 4 403 1 1
0 2 401 1 1
0 3 401 1 1
0 4 401 1 1
0 5 401 1 1
0 6 401 1 1
0 1 401 1 1
0 7 402 1 1
0 1 403 1 1
0 5 400 1 1
0 6 401 1 1
0 2 404 1 1
0 3 405 1 1
0 2 401 1 1
0 6 404 1 1
0 5 405 1 1
0 1 402 1 1
0 8 403 1 1
0 3 400 1 1
0 6 404 1 1
0 5 404 1 1
0 4 404 1 1
0 3 404 1 1
0 2 404 1 1
0 1 404 1 1
0 2 410 1 1
0 6 406 1 1
0 3 409 1 1
0 5 407 1 1
0 8 405 1 1
0 4 408 1 1
0 2 406 1 1
0 3 406 1 1
0 4 406 1 1
0 5 406 1 1
0 6 406 1 1
0 1 406 1 1
0 7 407 1 1
0 1 408 1 1
0 5 405 1 1
0 6 406 1 1
0 2 409 1 1
0 3 410 1 1
0 2 406 1 1
0 6 409 1 1
0 5 410 1 1
0 1 407 1 1
0 8 408 1 1
0 3 405 1 1
0 6 409 1 1
0 5 409 1 1
0 4 409 1 1
0 3 409 1 1
0 2 409 1 1
0 1 409 1 1
0 2 415 1 1
0 6 411 1 1
0 3 414 1 1
0 5 412 1 1
0 8 410 1 1
0 4 413 1 1
0 2 411 1 1
0 3 411 1 1
0 4 411 1 1
0 5 411 1 1
0 6 411 1 1
0 1 411 1 1
0 7 412 1 1
0 1 413 1 1
0 5 410 1 1
0 6 411 1 1
0 2 414 1 1
0 3 415 1 1
0 2 411 1 1
0 6 414 1 1
0 5 415 1 1
0 1 412 1 1
0 8 413 1 1
0 3 410 1 1
0 6 414 1 1
0 5 414 1 1
0 4 414 1 1
0 3 414 1 1
0 2 414 1 1
0 1 414 1 1
0 2 420 1 1
0 6 416 1 1
0 3 419 1 1
0 5 417 1 1
0 8 415 1 1
0 4 418 1 1
0 2 416 1 1
0 3 416 1 1
0 4 416 1 1
0 5 416 1 1
0 6 416 1 1
0 1 416 1 1
0 7 417 1 1
0 1 418 1 1
0 5 415 1 1
0 6 416 1 1
0 2 419 1 1
0 3 420 1 1
0 2 416 1 1
0 6 419 1 1
0 5 420 1 1
0 1 417 1 1
0 8 418 1 1
0 3 415 1 1
0 6 419 1 1
0 5 419 1 1
0 4 419 1 1
0 3 419 1 1
0 2 419 1 1
0 1 419 1 1
0 2 425 1 1
0 6 421 1 1
0 3 424 1 1
0 5 422 1 1
0 8 420 1 1
0 4 423 1 1
0 2 421 1 1
0 3 421 1 1
0 4 421 1 1
0 5 421 1 1
0 6 421 1 1
0 1 421 1 1
0 7 422 1 1
0 1 423 1 1
0 5 420 1 1
0 6 421 1 1
0 2 424 1 1
0 3 425 1 1
0 2 421 1 1
0 6 424 1 1
0 5 425 1 1
0 1 422 1 1
0 8 423 1 1
0 3 420 1 1
0 6 424 1 1
0 5 424 1 1
0 4 424 1 1
0 3 424 1 1
0 2 424 1 1
0 1 424 1 1
0 2 430 1 1
0 6 426 1 1
0 3 429 1 1
0 5 427 1 1
0 8 425 1 1
0 4 428 1 1
0 2 426 1 1
0 3 426 1 1
0 4 426 1 1
0 5 426 1 1
0 6 426 1 1
0 1 426 1 1
0 7 427 1 1
0 1 428 1 1
0 5 425 1 1
0 6 426 1 1
0 2 429 1 1
0 3 430 1 1
0 2 426 1 1
0 6 429 1 1
0 5 430 1 1
0 1 427 1 1
0 8 428 1 1
0 3 425 1 1
0 6 429 1 1
0 5 429 1 1
0 4 429 1 1
0 3 429 1 1
0 2 429 1 1
0 1 429 1 1
0 2 435 1 1
0 6 431 1 1
0 3 434 1 1
0 5 432 1 1
0 8 430 1 1
0 4 433 1 1
0 2 431 1 1
0 3 431 1 1
0 4 431 1 1
0 5 431 1 1
0 6 431 1 1
0 1 431 1 1
0 7 432 1 1
0 1 433 1 1
0 5 430 1 1
0 6 431 1 1
0 2 434 1 1
0 3 435 1 1
0 2 431 1 1
0 6 434 1 1
0 5 435 1 1
0 1 432 1 1
0 8 433 1 1
0 3 430 1 1
0 6 434 1 1
0 5 434 1 1
0 4 434 1 1
0 3 434 1 1
0 2 434 1 1
0 1 434 1 1
0 2 440 1 1
0 6 436 1 1
0 3 439 1 1
0 5 437 1 1
0 8 435 1 1
0 4 438 1 1
0 2 436 1 1
0 3 436 1 1
0 4 436 1 1
0 5 436 1 1
0 6 436 1 1
0 1 436 1 1
0 7 437 1 1
0 1 438 1 1
0 5 435 1 1
0 6 436 1 1
0 2 439 1 1
0 3 440 1 1
0 2 436 1 1
0 6 439 1 1
0 5 440 1 1
0 1 437 1 1
0 8 438 1 1
0 3 435 1 1
0 6 439 1 1
0 5 439 1 1
0 4 439 1 1
0 3 439 1 1
0 2 439 1 1
0 1 439 1 1
0 2 445 1 1
0 6 441 1 1
0 3 444 1 1
0 5 442 1 1
0 8 440 1 1
0 4 443 1 1
0 2 441 1 1
0 3 441 1 1
0 4 441 1 1
0 5 441 1 1
0 6 441 1 1
0 1 441 1 1
0 7 442 1 1
0 1 443 1 1
0 5 440 1 1
0 6 441 1 1
0 2 444 1 1
0 3 445 1 1
0 2 441 1 1
0 6 444 1 1
0 5 445 1 1
0 1 442 1 1
0 8 443 1 1
0 3 440 1 1
0 6 444 1 1
0 5 444 1 1
0 4 444 1 1
0 3 444 1 1
0 2 444 1 1
0 1 444 1 1
0 2 450 1 1
0 6 446 1 1
0 3 449 1 1
0 5 447 1 1
0 8 445 1 1
0 4 448 1 1
0 2 446 1 1
0 3 446 1 1
0 4 446 1 1
0 5 446 1 1
0 6 446 1 1
0 1 446 1 1
0 7 447 1 1
0 1 448 1 1
0 5 445 1 1
0 6 446 1 1
0 2 449 1 1
0 3 450 1 1
0 2 446 1 1
0 6 449 1 1
0 5 450 1 1
0 1 447 1 1
0 8 448 1 1
0 3 445 1 1
0 6 449 1 1
0 5 449 1 1
0 4 449 1 1
0 3 449 1 1
0 2 449 1 1
0 1 449 1 1
0 2 455 1 1
0 6 451 1 1
0 3 454 1 1
0 5 452 1 1
0 8 450 1 1
0 4 453 1 1
0 2 451 1 1
0 3 451 1 1
0 4 451 1 1
0 5 451 1 1
0 6 451 1 1
0 1 451 1 1
0 7 452 1 1
0 1 453 1 1
0 5 450 1 1
0 6 451 1 1
0 2 454 1 1
0 3 455 1 1
0 2 451 1 1
0 6 454 1 1
0 5 455 1 1
0 1 452 1 1
0 8 453 1 1
0 3 450 1 1
0 6 454 1 1
0 5 454 1 1
0 4 454 1 1
0 3 454 1 1
0 2 454 1 1
0 1 454 1 1
0 2 460 1 1
0 6 456 1 1
0 3 459 1 1
0 5 457 1 1
0 8 455 1 1
0 4 458 1 1
0 2 456 1 1
0 3 456 1 1
0 4 456 1 1
0 5 456 1 1
0 6 456 1 1
0 1 456 1 1
0 7 457 1 1
0 1 458 1 1
0 5 455 1 1
0 6 456 1 1
0 2 459 1 1
0 3 460 1 1
0 2 456 1 1
0 6 459 1 1
0 5 460 1 1
0 1 457 1 1
0 8 458 1 1
0 3 455 1 1
0 6 459 1 1
0 5 459 1 1
0 4 459 1 1
0 3 459 1 1
0 2 459 1 1
0 1 459 1 1
0 2 465 1 1
0 6 461 1 1
0 3 464 1 1
0 5 462 1 1
0 8 460 1 1
0 4 463 1 1
0 2 461 1 1
0 3 461 1 1
0 4 461 1 1
0 5 461 1 1
0 6 461 1 1
0 1 461 1 1
0 7 462 1 1
0 1 463 1 1
0 5 460 1 1
0 6 461 1 1
0 2 464 1 1
0 3 465 1 1
0 2 461 1 1
0 6 464 1 1
0 5 465 1 1
0 1 462 1 1
0 8 463 1 1
0 3 460 1 1
0 6 464 1 1
0 5 464 1 1
0 4 464 1 1
0 3 464 1 1
0 2 464 1 1
0 1 464 1 1
0 2 470 1 1
0 6 466 1 1
0 3 469 1 1
0 5 467 1 1
0 8 465 1 1
0 4 468 1 1
0 2 466 1 1
0 3 466 1 1
0 4 466 1 1
0 5 466 1 1
0 6 466 1 1
0 1 466 1 1
0 7 467 1 1
0 1 468 1 1
0 5 465 1 1
0 6 466 1 1
0 2 469 1 1
0 3 470 1 1
0 2 466 1 1
0 6 469 1 1
0 5 470 1 1
0 1 467 1 1
0 8 468 1 1
0 3 465 1 1
0 6 469 1 1
0 5 469 1 1
0 4 469 1 1
0 3 469 1 1
0 2 469 1 1
0 1 469 1 1
0 2 475 1 1
0 6 471 1 1
0 3 474 1 1
0 5 472 1 1
0 8 470 1 1
0 4 473 1 1
0 2 471 1 1
0 3 471 1 1
0 4 471 1 1
0 5 471 1 1
0 6 471 1 1
0 1 471 1 1
0 7 472 1 1
0 1 473 1 1
0 5 470 1 1
0 6 471 1 1
0 2 474 1 1
0 3 475 1 1
0 2 471 1 1
0 6 474 1 1
0 5 475 1 1
0 1 472 1 1
0 8 473 1 1
0 3 470 1 1
0 6 474 1 1
0 5 474 1 1
0 4 474 1 1
0 3 474 1 1
0 2 474 1 1
0 1 474 1 1
0 2 480 1 1
0 6 476 1 1
0 3 479 1 1
0 5 477 1 1
0 8 475 1 1
0 4 478 1 1
0 2 476 1 1
0 3 476 1 1
0 4 476 1 1
0 5 476 1 1
0 6 476 1 1
0 1 476 1 1
0 7 477 1 1
0 1 478 1 1
0 5 475 1 1
0 6 476 1 1
0 2 479 1 1
0 3 480 1 1
0 2 476 1 1
0 6 479 1 1
0 5 480 1 1
0 1 477 1 1
0 8 478 1 1
0 3 475 1 1
0 6 479 1 1
0 5 479 1 1
0 4 479 1 1
0 3 479 1 1
0 2 479 1 1
0 1 479 1 1
0 2 485 1 1
0 6 481 1 1
0 3 484 1 1
0 5 482 1 1
0 8 480 1 1
0 4 483 1 1
0 2 481 1 1
0 3 481 1 1
0 4 481 1 1
0 5 481 1 1
0 6 481 1 1
0 1 481 1 1
0 7 482 1 1
0 1 483 1 1
0 5 480 1 1
0 6 481 1 1
0 2 484 1 1
0 3 485 1 1
0 2 481 1 1
0 6 484 1 1
0 5 485 1 1
0 1 482 1 1
0 8 483 1 1
0 3 480 1 1
0 6 484 1 1
0 5 484 1 1
0 4 484 1 1
0 3 484 1 1
0 2 484 1 1
0 1 484 1 1
0 2 490 1 1
0 6 486 1 1
0 3 489 1 1
0 5 487 1 1
0 8 485 1 1
0 4 488 1 1
0 2 486 1 1
0 3 486 1 1
0 4 486 1 1
0 5 486 1 1
0 6 486 1 1
0 1 486 1 1
0 7 487 1 1
0 1 488 1 1
0 5 485 1 1
0 6 486 1 1
0 2 489 1 1
0 3 490 1 1
0 2 486 1 1
0 6 489 1 1
0 5 490 1 1
0 1 487 1 1
0 8 488 1 1
0 3 485 1 1
0 6 489 1 1
0 5 489 1 1
0 4 489 1 1
0 3 489 1 1
0 2 489 1 1
0 1 489 1 1
0 2 495 1 1
0 6 491 1 1
0 3 494 1 1
0 5 492 1 1
0 8 490 1 1
0 4 493 1 1
0 2 491 1 1
0 3 491 1 1
0 4 491 1 1
0 5 491 1 1
0 6 491 1 1
0 1 491 1 1
0 7 492 1 1
0 1 493 1 1
0 5 490 1 1
0 6 491 1 1
0 2 494 1 1
0 3 495 1 1
0 2 491 1 1
0 6 494 1 1
0 5 495 1 1
0 1 492 1 1
0 8 493 1 1
0 3 490 1 1
0 6 494 1 1
0 5 494 1 1
0 4 494 1 1
0 3 494 1 1
0 2 494 1 1
0 1 494 1 1
0 2 500 1 1
0 6 496 1 1
0 3 499 1 1
0 5 497 1 1
0 8 495 1 1
0 4 498 1 1
0 2 496 1 1
0 3 496 1 1
0 4 496 1 1
0 5 496 1 1
0 6 496 1 1
0 1 496 1 1
0 7 497 1 1
0 1 498 1 1
0 5 495 1 1
0 6 496 1 1
0 2 499 1 1
0 3 500 1 1
0 2 496 1 1
0 6 499 1 1
0 5 500 1 1
0 1 497 1 1
0 8 498 1 1
0 3 495 1 1
0 6 499 1 1
0 5 499 1 1
0 4 499 1 1
0 3 499 1 1
0 2 499 1 1
0 1 499 1 1
