0 3 3 1 1
0 5 5 1 1
0 4 4 1 1
0 2 2 1 1
0 8 0 1 1
0 1 1 1 1
0 2 1 1 1
0 3 1 1 1
0 4 1 1 1
0 5 1 1 1
0 6 1 1 1
0 1 1 1 1
0 7 2 1 1
0 4 5 1 1
0 5 4 1 1
0 1 1 1 1
0 6 3 1 1
0 2 0 1 1
0 6 2 1 1
0 2 5 1 1
0 8 3 1 1
0 5 1 1 1
0 4 0 1 1
0 1 4 1 1
0 6 4 1 1
0 5 4 1 1
0 4 4 1 1
0 3 4 1 1
0 2 4 1 1
0 1 4 1 1
0 2 3 1 1
0 7 5 1 1
0 4 1 1 1
0 5 0 1 1
0 3 2 1 1
0 1 4 1 1
0 3 9 1 1
0 5 11 1 1
0 4 10 1 1
0 2 8 1 1
0 8 6 1 1
0 1 7 1 1
0 2 7 1 1
0 3 7 1 1
0 4 7 1 1
0 5 7 1 1
0 6 7 1 1
0 1 7 1 1
0 7 8 1 1
0 4 11 1 1
0 5 10 1 1
0 1 7 1 1
0 6 9 1 1
0 2 6 1 1
0 6 8 1 1
0 2 11 1 1
0 8 9 1 1
0 5 7 1 1
0 4 6 1 1
0 1 10 1 1
0 6 10 1 1
0 5 10 1 1
0 4 10 1 1
0 3 10 1 1
0 2 10 1 1
0 1 10 1 1
0 2 9 1 1
0 7 11 1 1
0 4 7 1 1
0 5 6 1 1
0 3 8 1 1
0 1 10 1 1
0 3 15 1 1
0 5 17 1 1
0 4 16 1 1
0 2 14 1 1
0 8 12 1 1
0 1 13 1 1
0 2 13 1 1
0 3 13 1 1
0 4 13 1 1
0 5 13 1 1
0 6 13 1 1
0 1 13 1 1
0 7 14 1 1
0 4 17 1 1
0 5 16 1 1
0 1 13 1 1
0 6 15 1 1
0 2 12 1 1
0 6 14 1 1
0 2 17 1 1
0 8 15 1 1
0 5 13 1 1
0 4 12 1 1
0 1 16 1 1
0 6 16 1 1
0 5 16 1 1
0 4 16 1 1
0 3 16 1 1
0 2 16 1 1
0 1 16 1 1
0 2 15 1 1
0 7 17 1 1
0 4 13 1 1
0 5 12 1 1
0 3 14 1 1
0 1 16 1 1
0 3 21 1 1
0 5 23 1 1
0 4 22 1 1
0 2 20 1 1
0 8 18 1 1
0 1 19 1 1
0 2 19 1 1
0 3 19 1 1
0 4 19 1 1
0 5 19 1 1
0 6 19 1 1
0 1 19 1 1
0 7 20 1 1
0 4 23 1 1
0 5 22 1 1
0 1 19 1 1
0 6 21 1 1
0 2 18 1 1
0 6 20 1 1
0 2 23 1 1
0 8 21 1 1
0 5 19 1 1
0 4 18 1 1
0 1 22 1 1
0 6 22 1 1
0 5 22 1 1
0 4 22 1 1
0 3 22 1 1
0 2 22 1 1
0 1 22 1 1
0 2 21 1 1
0 7 23 1 1
0 4 19 1 1
0 5 18 1 1
0 3 20 1 1
0 1 22 1 1
0 3 27 1 1
0 5 29 1 1
0 4 28 1 1
0 2 26 1 1
0 8 24 1 1
0 1 25 1 1
0 2 25 1 1
0 3 25 1 1
0 4 25 1 1
0 5 25 1 1
0 6 25 1 1
0 1 25 1 1
0 7 26 1 1
0 4 29 1 1
0 5 28 1 1
0 1 25 1 1
0 6 27 1 1
0 2 24 1 1
0 6 26 1 1
0 2 29 1 1
0 8 27 1 1
0 5 25 1 1
0 4 24 1 1
0 1 28 1 1
0 6 28 1 1
0 5 28 1 1
0 4 28 1 1
0 3 28 1 1
0 2 28 1 1
0 1 28 1 1
0 2 27 1 1
0 7 29 1 1
0 4 25 1 1
0 5 24 1 1
0 3 26 1 1
0 1 28 1 1
0 3 33 1 1
0 5 35 1 1
0 4 34 1 1
0 2 32 1 1
0 8 30 1 1
0 1 31 1 1
0 2 31 1 1
0 3 31 1 1
0 4 31 1 1
0 5 31 1 1
0 6 31 1 1
0 1 31 1 1
0 7 32 1 1
0 4 35 1 1
0 5 34 1 1
0 1 31 1 1
0 6 33 1 1
0 2 30 1 1
0 6 32 1 1
0 2 35 1 1
0 8 33 1 1
0 5 31 1 1
0 4 30 1 1
0 1 34 1 1
0 6 34 1 1
0 5 34 1 1
0 4 34 1 1
0 3 34 1 1
0 2 34 1 1
0 1 34 1 1
0 2 33 1 1
0 7 35 1 1
0 4 31 1 1
0 5 30 1 1
0 3 32 1 1
0 1 34 1 1
0 3 39 1 1
0 5 41 1 1
0 4 40 1 1
0 2 38 1 1
0 8 36 1 1
0 1 37 1 1
0 2 37 1 1
0 3 37 1 1
0 4 37 1 1
0 5 37 1 1
0 6 37 1 1
0 1 37 1 1
0 7 38 1 1
0 4 41 1 1
0 5 40 1 1
0 1 37 1 1
0 6 39 1 1
0 2 36 1 1
0 6 38 1 1
0 2 41 1 1
0 8 39 1 1
0 5 37 1 1
0 4 36 1 1
0 1 40 1 1
0 6 40 1 1
0 5 40 1 1
0 4 40 1 1
0 3 40 1 1
0 2 40 1 1
0 1 40 1 1
0 2 39 1 1
0 7 41 1 1
0 4 37 1 1
0 5 36 1 1
0 3 38 1 1
0 1 40 1 1
0 3 45 1 1
0 5 47 1 1
0 4 46 1 1
0 2 44 1 1
0 8 42 1 1
0 1 43 1 1
0 2 43 1 1
0 3 43 1 1
0 4 43 1 1
0 5 43 1 1
0 6 43 1 1
0 1 43 1 1
0 7 44 1 1
0 4 47 1 1
0 5 46 1 1
0 1 43 1 1
0 6 45 1 1
0 2 42 1 1
0 6 44 1 1
0 2 47 1 1
0 8 45 1 1
0 5 43 1 1
0 4 42 1 1
0 1 46 1 1
0 6 46 1 1
0 5 46 1 1
0 4 46 1 1
0 3 46 1 1
0 2 46 1 1
0 1 46 1 1
0 2 45 1 1
0 7 47 1 1
0 4 43 1 1
0 5 42 1 1
0 3 44 1 1
0 1 46 1 1
0 3 51 1 1
0 5 53 1 1
0 4 52 1 1
0 2 50 1 1
0 8 48 1 1
0 1 49 1 1
0 2 49 1 1
0 3 49 1 1
0 4 49 1 1
0 5 49 1 1
0 6 49 1 1
0 1 49 1 1
0 7 50 1 1
0 4 53 1 1
0 5 52 1 1
0 1 49 1 1
0 6 51 1 1
0 2 48 1 1
0 6 50 1 1
0 2 53 1 1
0 8 51 1 1
0 5 49 1 1
0 4 48 1 1
0 1 52 1 1
0 6 52 1 1
0 5 52 1 1
0 4 52 1 1
0 3 52 1 1
0 2 52 1 1
0 1 52 1 1
0 2 51 1 1
0 7 53 1 1
0 4 49 1 1
0 5 48 1 1
0 3 50 1 1
0 1 52 1 1
0 3 57 1 1
0 5 59 1 1
0 4 58 1 1
0 2 56 1 1
0 8 54 1 1
0 1 55 1 1
0 2 55 1 1
0 3 55 1 1
0 4 55 1 1
0 5 55 1 1
0 6 55 1 1
0 1 55 1 1
0 7 56 1 1
0 4 59 1 1
0 5 58 1 1
0 1 55 1 1
0 6 57 1 1
0 2 54 1 1
0 6 56 1 1
0 2 59 1 1
0 8 57 1 1
0 5 55 1 1
0 4 54 1 1
0 1 58 1 1
0 6 58 1 1
0 5 58 1 1
0 4 58 1 1
0 3 58 1 1
0 2 58 1 1
0 1 58 1 1
0 2 57 1 1
0 7 59 1 1
0 4 55 1 1
0 5 54 1 1
0 3 56 1 1
0 1 58 1 1
0 3 63 1 1
0 5 65 1 1
0 4 64 1 1
0 2 62 1 1
0 8 60 1 1
0 1 61 1 1
0 2 61 1 1
0 3 61 1 1
0 4 61 1 1
0 5 61 1 1
0 6 61 1 1
0 1 61 1 1
0 7 62 1 1
0 4 65 1 1
0 5 64 1 1
0 1 61 1 1
0 6 63 1 1
0 2 60 1 1
0 6 62 1 1
0 2 65 1 1
0 8 63 1 1
0 5 61 1 1
0 4 60 1 1
0 1 64 1 1
0 6 64 1 1
0 5 64 1 1
0 4 64 1 1
0 3 64 1 1
0 2 64 1 1
0 1 64 1 1
0 2 63 1 1
0 7 65 1 1
0 4 61 1 1
0 5 60 1 1
0 3 62 1 1
0 1 64 1 1
0 3 69 1 1
0 5 71 1 1
0 4 70 1 1
0 2 68 1 1
0 8 66 1 1
0 1 67 1 1
0 2 67 1 1
0 3 67 1 1
0 4 67 1 1
0 5 67 1 1
0 6 67 1 1
0 1 67 1 1
0 7 68 1 1
0 4 71 1 1
0 5 70 1 1
0 1 67 1 1
0 6 69 1 1
0 2 66 1 1
0 6 68 1 1
0 2 71 1 1
0 8 69 1 1
0 5 67 1 1
0 4 66 1 1
0 1 70 1 1
0 6 70 1 1
0 5 70 1 1
0 4 70 1 1
0 3 70 1 1
0 2 70 1 1
0 1 70 1 1
0 2 69 1 1
0 7 71 1 1
0 4 67 1 1
0 5 66 1 1
0 3 68 1 1
0 1 70 1 1
0 3 75 1 1
0 5 77 1 1
0 4 76 1 1
0 2 74 1 1
0 8 72 1 1
0 1 73 1 1
0 2 73 1 1
0 3 73 1 1
0 4 73 1 1
0 5 73 1 1
0 6 73 1 1
0 1 73 1 1
0 7 74 1 1
0 4 77 1 1
0 5 76 1 1
0 1 73 1 1
0 6 75 1 1
0 2 72 1 1
0 6 74 1 1
0 2 77 1 1
0 8 75 1 1
0 5 73 1 1
0 4 72 1 1
0 1 76 1 1
0 6 76 1 1
0 5 76 1 1
0 4 76 1 1
0 3 76 1 1
0 2 76 1 1
0 1 76 1 1
0 2 75 1 1
0 7 77 1 1
0 4 73 1 1
0 5 72 1 1
0 3 74 1 1
0 1 76 1 1
0 3 81 1 1
0 5 83 1 1
0 4 82 1 1
0 2 80 1 1
0 8 78 1 1
0 1 79 1 1
0 2 79 1 1
0 3 79 1 1
0 4 79 1 1
0 5 79 1 1
0 6 79 1 1
0 1 79 1 1
0 7 80 1 1
0 4 83 1 1
0 5 82 1 1
0 1 79 1 1
0 6 81 1 1
0 2 78 1 1
0 6 80 1 1
0 2 83 1 1
0 8 81 1 1
0 5 79 1 1
0 4 78 1 1
0 1 82 1 1
0 6 82 1 1
0 5 82 1 1
0 4 82 1 1
0 3 82 1 1
0 2 82 1 1
0 1 82 1 1
0 2 81 1 1
0 7 83 1 1
0 4 79 1 1
0 5 78 1 1
0 3 80 1 1
0 1 82 1 1
0 3 87 1 1
0 5 89 1 1
0 4 88 1 1
0 2 86 1 1
0 8 84 1 1
0 1 85 1 1
0 2 85 1 1
0 3 85 1 1
0 4 85 1 1
0 5 85 1 1
0 6 85 1 1
0 1 85 1 1
0 7 86 1 1
0 4 89 1 1
0 5 88 1 1
0 1 85 1 1
0 6 87 1 1
0 2 84 1 1
0 6 86 1 1
0 2 89 1 1
0 8 87 1 1
0 5 85 1 1
0 4 84 1 1
0 1 88 1 1
0 6 88 1 1
0 5 88 1 1
0 4 88 1 1
0 3 88 1 1
0 2 88 1 1
0 1 88 1 1
0 2 87 1 1
0 7 89 1 1
0 4 85 1 1
0 5 84 1 1
0 3 86 1 1
0 1 88 1 1
0 3 93 1 1
0 5 95 1 1
0 4 94 1 1
0 2 92 1 1
0 8 90 1 1
0 1 91 1 1
0 2 91 1 1
0 3 91 1 1
0 4 91 1 1
0 5 91 1 1
0 6 91 1 1
0 1 91 1 1
0 7 92 1 1
0 4 95 1 1
0 5 94 1 1
0 1 91 1 1
0 6 93 1 1
0 2 90 1 1
0 6 92 1 1
0 2 95 1 1
0 8 93 1 1
0 5 91 1 1
0 4 90 1 1
0 1 94 1 1
0 6 94 1 1
0 5 94 1 1
0 4 94 1 1
0 3 94 1 1
0 2 94 1 1
0 1 94 1 1
0 2 93 1 1
0 7 95 1 1
0 4 91 1 1
0 5 90 1 1
0 3 92 1 1
0 1 94 1 1
0 3 99 1 1
0 5 101 1 1
0 4 100 1 1
0 2 98 1 1
0 8 96 1 1
0 1 97 1 1
0 2 97 1 1
0 3 97 1 1
0 4 97 1 1
0 5 97 1 1
0 6 97 1 1
0 1 97 1 1
0 7 98 1 1
0 4 101 1 1
0 5 100 1 1
0 1 97 1 1
0 6 99 1 1
0 2 96 1 1
0 6 98 1 1
0 2 101 1 1
0 8 99 1 1
0 5 97 1 1
0 4 96 1 1
0 1 100 1 1
0 6 100 1 1
0 5 100 1 1
0 4 100 1 1
0 3 100 1 1
0 2 100 1 1
0 1 100 1 1
0 2 99 1 1
0 7 101 1 1
0 4 97 1 1
0 5 96 1 1
0 3 98 1 1
0 1 100 1 1
0 3 105 1 1
0 5 107 1 1
0 4 106 1 1
0 2 104 1 1
0 8 102 1 1
0 1 103 1 1
0 2 103 1 1
0 3 103 1 1
0 4 103 1 1
0 5 103 1 1
0 6 103 1 1
0 1 103 1 1
0 7 104 1 1
0 4 107 1 1
0 5 106 1 1
0 1 103 1 1
0 6 105 1 1
0 2 102 1 1
0 6 104 1 1
0 2 107 1 1
0 8 105 1 1
0 5 103 1 1
0 4 102 1 1
0 1 106 1 1
0 6 106 1 1
0 5 106 1 1
0 4 106 1 1
0 3 106 1 1
0 2 106 1 1
0 1 106 1 1
0 2 105 1 1
0 7 107 1 1
0 4 103 1 1
0 5 102 1 1
0 3 104 1 1
0 1 106 1 1
0 3 111 1 1
0 5 113 1 1
0 4 112 1 1
0 2 110 1 1
0 8 108 1 1
0 1 109 1 1
0 2 109 1 1
0 3 109 1 1
0 4 109 1 1
0 5 109 1 1
0 6 109 1 1
0 1 109 1 1
0 7 110 1 1
0 4 113 1 1
0 5 112 1 1
0 1 109 1 1
0 6 111 1 1
0 2 108 1 1
0 6 110 1 1
0 2 113 1 1
0 8 111 1 1
0 5 109 1 1
0 4 108 1 1
0 1 112 1 1
0 6 112 1 1
0 5 112 1 1
0 4 112 1 1
0 3 112 1 1
0 2 112 1 1
0 1 112 1 1
0 2 111 1 1
0 7 113 1 1
0 4 109 1 1
0 5 108 1 1
0 3 110 1 1
0 1 112 1 1
0 3 117 1 1
0 5 119 1 1
0 4 118 1 1
0 2 116 1 1
0 8 114 1 1
0 1 115 1 1
0 2 115 1 1
0 3 115 1 1
0 4 115 1 1
0 5 115 1 1
0 6 115 1 1
0 1 115 1 1
0 7 116 1 1
0 4 119 1 1
0 5 118 1 1
0 1 115 1 1
0 6 117 1 1
0 2 114 1 1
0 6 116 1 1
0 2 119 1 1
0 8 117 1 1
0 5 115 1 1
0 4 114 1 1
0 1 118 1 1
0 6 118 1 1
0 5 118 1 1
0 4 118 1 1
0 3 118 1 1
0 2 118 1 1
0 1 118 1 1
0 2 117 1 1
0 7 119 1 1
0 4 115 1 1
0 5 114 1 1
0 3 116 1 1
0 1 118 1 1
0 3 123 1 1
0 5 125 1 1
0 4 124 1 1
0 2 122 1 1
0 8 120 1 1
0 1 121 1 1
0 2 121 1 1
0 3 121 1 1
0 4 121 1 1
0 5 121 1 1
0 6 121 1 1
0 1 121 1 1
0 7 122 1 1
0 4 125 1 1
0 5 124 1 1
0 1 121 1 1
0 6 123 1 1
0 2 120 1 1
0 6 122 1 1
0 2 125 1 1
0 8 123 1 1
0 5 121 1 1
0 4 120 1 1
0 1 124 1 1
0 6 124 1 1
0 5 124 1 1
0 4 124 1 1
0 3 124 1 1
0 2 124 1 1
0 1 124 1 1
0 2 123 1 1
0 7 125 1 1
0 4 121 1 1
0 5 120 1 1
0 3 122 1 1
0 1 124 1 1
0 3 129 1 1
0 5 131 1 1
0 4 130 1 1
0 2 128 1 1
0 8 126 1 1
0 1 127 1 1
0 2 127 1 1
0 3 127 1 1
0 4 127 1 1
0 5 127 1 1
0 6 127 1 1
0 1 127 1 1
0 7 128 1 1
0 4 131 1 1
0 5 130 1 1
0 1 127 1 1
0 6 129 1 1
0 2 126 1 1
0 6 128 1 1
0 2 131 1 1
0 8 129 1 1
0 5 127 1 1
0 4 126 1 1
0 1 130 1 1
0 6 130 1 1
0 5 130 1 1
0 4 130 1 1
0 3 130 1 1
0 2 130 1 1
0 1 130 1 1
0 2 129 1 1
0 7 131 1 1
0 4 127 1 1
0 5 126 1 1
0 3 128 1 1
0 1 130 1 1
0 3 135 1 1
0 5 137 1 1
0 4 136 1 1
0 2 134 1 1
0 8 132 1 1
0 1 133 1 1
0 2 133 1 1
0 3 133 1 1
0 4 133 1 1
0 5 133 1 1
0 6 133 1 1
0 1 133 1 1
0 7 134 1 1
0 4 137 1 1
0 5 136 1 1
0 1 133 1 1
0 6 135 1 1
0 2 132 1 1
0 6 134 1 1
0 2 137 1 1
0 8 135 1 1
0 5 133 1 1
0 4 132 1 1
0 1 136 1 1
0 6 136 1 1
0 5 136 1 1
0 4 136 1 1
0 3 136 1 1
0 2 136 1 1
0 1 136 1 1
0 2 135 1 1
0 7 137 1 1
0 4 133 1 1
0 5 132 1 1
0 3 134 1 1
0 1 136 1 1
0 3 141 1 1
0 5 143 1 1
0 4 142 1 1
0 2 140 1 1
0 8 138 1 1
0 1 139 1 1
0 2 139 1 1
0 3 139 1 1
0 4 139 1 1
0 5 139 1 1
0 6 139 1 1
0 1 139 1 1
0 7 140 1 1
0 4 143 1 1
0 5 142 1 1
0 1 139 1 1
0 6 141 1 1
0 2 138 1 1
0 6 140 1 1
0 2 143 1 1
0 8 141 1 1
0 5 139 1 1
0 4 138 1 1
0 1 142 1 1
0 6 142 1 1
0 5 142 1 1
0 4 142 1 1
0 3 142 1 1
0 2 142 1 1
0 1 142 1 1
0 2 141 1 1
0 7 143 1 1
0 4 139 1 1
0 5 138 1 1
0 3 140 1 1
0 1 142 1 1
0 3 147 1 1
0 5 149 1 1
0 4 148 1 1
0 2 146 1 1
0 8 144 1 1
0 1 145 1 1
0 2 145 1 1
0 3 145 1 1
0 4 145 1 1
0 5 145 1 1
0 6 145 1 1
0 1 145 1 1
0 7 146 1 1
0 4 149 1 1
0 5 148 1 1
0 1 145 1 1
0 6 147 1 1
0 2 144 1 1
0 6 146 1 1
0 2 149 1 1
0 8 147 1 1
0 5 145 1 1
0 4 144 1 1
0 1 148 1 1
0 6 148 1 1
0 5 148 1 1
0 4 148 1 1
0 3 148 1 1
0 2 148 1 1
0 1 148 1 1
0 2 147 1 1
0 7 149 1 1
0 4 145 1 1
0 5 144 1 1
0 3 146 1 1
0 1 148 1 1
0 3 153 1 1
0 5 155 1 1
0 4 154 1 1
0 2 152 1 1
0 8 150 1 1
0 1 151 1 1
0 2 151 1 1
0 3 151 1 1
0 4 151 1 1
0 5 151 1 1
0 6 151 1 1
0 1 151 1 1
0 7 152 1 1
0 4 155 1 1
0 5 154 1 1
0 1 151 1 1
0 6 153 1 1
0 2 150 1 1
0 6 152 1 1
0 2 155 1 1
0 8 153 1 1
0 5 151 1 1
0 4 150 1 1
0 1 154 1 1
0 6 154 1 1
0 5 154 1 1
0 4 154 1 1
0 3 154 1 1
0 2 154 1 1
0 1 154 1 1
0 2 153 1 1
0 7 155 1 1
0 4 151 1 1
0 5 150 1 1
0 3 152 1 1
0 1 154 1 1
0 3 159 1 1
0 5 161 1 1
0 4 160 1 1
0 2 158 1 1
0 8 156 1 1
0 1 157 1 1
0 2 157 1 1
0 3 157 1 1
0 4 157 1 1
0 5 157 1 1
0 6 157 1 1
0 1 157 1 1
0 7 158 1 1
0 4 161 1 1
0 5 160 1 1
0 1 157 1 1
0 6 159 1 1
0 2 156 1 1
0 6 158 1 1
0 2 161 1 1
0 8 159 1 1
0 5 157 1 1
0 4 156 1 1
0 1 160 1 1
0 6 160 1 1
0 5 160 1 1
0 4 160 1 1
0 3 160 1 1
0 2 160 1 1
0 1 160 1 1
0 2 159 1 1
0 7 161 1 1
0 4 157 1 1
0 5 156 1 1
0 3 158 1 1
0 1 160 1 1
0 3 165 1 1
0 5 167 1 1
0 4 166 1 1
0 2 164 1 1
0 8 162 1 1
0 1 163 1 1
0 2 163 1 1
0 3 163 1 1
0 4 163 1 1
0 5 163 1 1
0 6 163 1 1
0 1 163 1 1
0 7 164 1 1
0 4 167 1 1
0 5 166 1 1
0 1 163 1 1
0 6 165 1 1
0 2 162 1 1
0 6 164 1 1
0 2 167 1 1
0 8 165 1 1
0 5 163 1 1
0 4 162 1 1
0 1 166 1 1
0 6 166 1 1
0 5 166 1 1
0 4 166 1 1
0 3 166 1 1
0 2 166 1 1
0 1 166 1 1
0 2 165 1 1
0 7 167 1 1
0 4 163 1 1
0 5 162 1 1
0 3 164 1 1
0 1 166 1 1
0 3 171 1 1
0 5 173 1 1
0 4 172 1 1
0 2 170 1 1
0 8 168 1 1
0 1 169 1 1
0 2 169 1 1
0 3 169 1 1
0 4 169 1 1
0 5 169 1 1
0 6 169 1 1
0 1 169 1 1
0 7 170 1 1
0 4 173 1 1
0 5 172 1 1
0 1 169 1 1
0 6 171 1 1
0 2 168 1 1
0 6 170 1 1
0 2 173 1 1
0 8 171 1 1
0 5 169 1 1
0 4 168 1 1
0 1 172 1 1
0 6 172 1 1
0 5 172 1 1
0 4 172 1 1
0 3 172 1 1
0 2 172 1 1
0 1 172 1 1
0 2 171 1 1
0 7 173 1 1
0 4 169 1 1
0 5 168 1 1
0 3 170 1 1
0 1 172 1 1
0 3 177 1 1
0 5 179 1 1
0 4 178 1 1
0 2 176 1 1
0 8 174 1 1
0 1 175 1 1
0 2 175 1 1
0 3 175 1 1
0 4 175 1 1
0 5 175 1 1
0 6 175 1 1
0 1 175 1 1
0 7 176 1 1
0 4 179 1 1
0 5 178 1 1
0 1 175 1 1
0 6 177 1 1
0 2 174 1 1
0 6 176 1 1
0 2 179 1 1
0 8 177 1 1
0 5 175 1 1
0 4 174 1 1
0 1 178 1 1
0 6 178 1 1
0 5 178 1 1
0 4 178 1 1
0 3 178 1 1
0 2 178 1 1
0 1 178 1 1
0 2 177 1 1
0 7 179 1 1
0 4 175 1 1
0 5 174 1 1
0 3 176 1 1
0 1 178 1 1
0 3 183 1 1
0 5 185 1 1
0 4 184 1 1
0 2 182 1 1
0 8 180 1 1
0 1 181 1 1
0 2 181 1 1
0 3 181 1 1
0 4 181 1 1
0 5 181 1 1
0 6 181 1 1
0 1 181 1 1
0 7 182 1 1
0 4 185 1 1
0 5 184 1 1
0 1 181 1 1
0 6 183 1 1
0 2 180 1 1
0 6 182 1 1
0 2 185 1 1
0 8 183 1 1
0 5 181 1 1
0 4 180 1 1
0 1 184 1 1
0 6 184 1 1
0 5 184 1 1
0 4 184 1 1
0 3 184 1 1
0 2 184 1 1
0 1 184 1 1
0 2 183 1 1
0 7 185 1 1
0 4 181 1 1
0 5 180 1 1
0 3 182 1 1
0 1 184 1 1
0 3 189 1 1
0 5 191 1 1
0 4 190 1 1
0 2 188 1 1
0 8 186 1 1
0 1 187 1 1
0 2 187 1 1
0 3 187 1 1
0 4 187 1 1
0 5 187 1 1
0 6 187 1 1
0 1 187 1 1
0 7 188 1 1
0 4 191 1 1
0 5 190 1 1
0 1 187 1 1
0 6 189 1 1
0 2 186 1 1
0 6 188 1 1
0 2 191 1 1
0 8 189 1 1
0 5 187 1 1
0 4 186 1 1
0 1 190 1 1
0 6 190 1 1
0 5 190 1 1
0 4 190 1 1
0 3 190 1 1
0 2 190 1 1
0 1 190 1 1
0 2 189 1 1
0 7 191 1 1
0 4 187 1 1
0 5 186 1 1
0 3 188 1 1
0 1 190 1 1
0 3 195 1 1
0 5 197 1 1
0 4 196 1 1
0 2 194 1 1
0 8 192 1 1
0 1 193 1 1
0 2 193 1 1
0 3 193 1 1
0 4 193 1 1
0 5 193 1 1
0 6 193 1 1
0 1 193 1 1
0 7 194 1 1
0 4 197 1 1
0 5 196 1 1
0 1 193 1 1
0 6 195 1 1
0 2 192 1 1
0 6 194 1 1
0 2 197 1 1
0 8 195 1 1
0 5 193 1 1
0 4 192 1 1
0 1 196 1 1
0 6 196 1 1
0 5 196 1 1
0 4 196 1 1
0 3 196 1 1
0 2 196 1 1
0 1 196 1 1
0 2 195 1 1
0 7 197 1 1
0 4 193 1 1
0 5 192 1 1
0 3 194 1 1
0 1 196 1 1
0 3 201 1 1
0 5 203 1 1
0 4 202 1 1
0 2 200 1 1
0 8 198 1 1
0 1 199 1 1
0 2 199 1 1
0 3 199 1 1
0 4 199 1 1
0 5 199 1 1
0 6 199 1 1
0 1 199 1 1
0 7 200 1 1
0 4 203 1 1
0 5 202 1 1
0 1 199 1 1
0 6 201 1 1
0 2 198 1 1
0 6 200 1 1
0 2 203 1 1
0 8 201 1 1
0 5 199 1 1
0 4 198 1 1
0 1 202 1 1
0 6 202 1 1
0 5 202 1 1
0 4 202 1 1
0 3 202 1 1
0 2 202 1 1
0 1 202 1 1
0 2 201 1 1
0 7 203 1 1
0 4 199 1 1
0 5 198 1 1
0 3 200 1 1
0 1 202 1 1
0 3 207 1 1
0 5 209 1 1
0 4 208 1 1
0 2 206 1 1
0 8 204 1 1
0 1 205 1 1
0 2 205 1 1
0 3 205 1 1
0 4 205 1 1
0 5 205 1 1
0 6 205 1 1
0 1 205 1 1
0 7 206 1 1
0 4 209 1 1
0 5 208 1 1
0 1 205 1 1
0 6 207 1 1
0 2 204 1 1
0 6 206 1 1
0 2 209 1 1
0 8 207 1 1
0 5 205 1 1
0 4 204 1 1
0 1 208 1 1
0 6 208 1 1
0 5 208 1 1
0 4 208 1 1
0 3 208 1 1
0 2 208 1 1
0 1 208 1 1
0 2 207 1 1
0 7 209 1 1
0 4 205 1 1
0 5 204 1 1
0 3 206 1 1
0 1 208 1 1
0 3 213 1 1
0 5 215 1 1
0 4 214 1 1
0 2 212 1 1
0 8 210 1 1
0 1 211 1 1
0 2 211 1 1
0 3 211 1 1
0 4 211 1 1
0 5 211 1 1
0 6 211 1 1
0 1 211 1 1
0 7 212 1 1
0 4 215 1 1
0 5 214 1 1
0 1 211 1 1
0 6 213 1 1
0 2 210 1 1
0 6 212 1 1
0 2 215 1 1
0 8 213 1 1
0 5 211 1 1
0 4 210 1 1
0 1 214 1 1
0 6 214 1 1
0 5 214 1 1
0 4 214 1 1
0 3 214 1 1
0 2 214 1 1
0 1 214 1 1
0 2 213 1 1
0 7 215 1 1
0 4 211 1 1
0 5 210 1 1
0 3 212 1 1
0 1 214 1 1
0 3 219 1 1
0 5 221 1 1
0 4 220 1 1
0 2 218 1 1
0 8 216 1 1
0 1 217 1 1
0 2 217 1 1
0 3 217 1 1
0 4 217 1 1
0 5 217 1 1
0 6 217 1 1
0 1 217 1 1
0 7 218 1 1
0 4 221 1 1
0 5 220 1 1
0 1 217 1 1
0 6 219 1 1
0 2 216 1 1
0 6 218 1 1
0 2 221 1 1
0 8 219 1 1
0 5 217 1 1
0 4 216 1 1
0 1 220 1 1
0 6 220 1 1
0 5 220 1 1
0 4 220 1 1
0 3 220 1 1
0 2 220 1 1
0 1 220 1 1
0 2 219 1 1
0 7 221 1 1
0 4 217 1 1
0 5 216 1 1
0 3 218 1 1
0 1 220 1 1
0 3 225 1 1
0 5 227 1 1
0 4 226 1 1
0 2 224 1 1
0 8 222 1 1
0 1 223 1 1
0 2 223 1 1
0 3 223 1 1
0 4 223 1 1
0 5 223 1 1
0 6 223 1 1
0 1 223 1 1
0 7 224 1 1
0 4 227 1 1
0 5 226 1 1
0 1 223 1 1
0 6 225 1 1
0 2 222 1 1
0 6 224 1 1
0 2 227 1 1
0 8 225 1 1
0 5 223 1 1
0 4 222 1 1
0 1 226 1 1
0 6 226 1 1
0 5 226 1 1
0 4 226 1 1
0 3 226 1 1
0 2 226 1 1
0 1 226 1 1
0 2 225 1 1
0 7 227 1 1
0 4 223 1 1
0 5 222 1 1
0 3 224 1 1
0 1 226 1 1
0 3 231 1 1
0 5 233 1 1
0 4 232 1 1
0 2 230 1 1
0 8 228 1 1
0 1 229 1 1
0 2 229 1 1
0 3 229 1 1
0 4 229 1 1
0 5 229 1 1
0 6 229 1 1
0 1 229 1 1
0 7 230 1 1
0 4 233 1 1
0 5 232 1 1
0 1 229 1 1
0 6 231 1 1
0 2 228 1 1
0 6 230 1 1
0 2 233 1 1
0 8 231 1 1
0 5 229 1 1
0 4 228 1 1
0 1 232 1 1
0 6 232 1 1
0 5 232 1 1
0 4 232 1 1
0 3 232 1 1
0 2 232 1 1
0 1 232 1 1
0 2 231 1 1
0 7 233 1 1
0 4 229 1 1
0 5 228 1 1
0 3 230 1 1
0 1 232 1 1
0 3 237 1 1
0 5 239 1 1
0 4 238 1 1
0 2 236 1 1
0 8 234 1 1
0 1 235 1 1
0 2 235 1 1
0 3 235 1 1
0 4 235 1 1
0 5 235 1 1
0 6 235 1 1
0 1 235 1 1
0 7 236 1 1
0 4 239 1 1
0 5 238 1 1
0 1 235 1 1
0 6 237 1 1
0 2 234 1 1
0 6 236 1 1
0 2 239 1 1
0 8 237 1 1
0 5 235 1 1
0 4 234 1 1
0 1 238 1 1
0 6 238 1 1
0 5 238 1 1
0 4 238 1 1
0 3 238 1 1
0 2 238 1 1
0 1 238 1 1
0 2 237 1 1
0 7 239 1 1
0 4 235 1 1
0 5 234 1 1
0 3 236 1 1
0 1 238 1 1
0 3 243 1 1
0 5 245 1 1
0 4 244 1 1
0 2 242 1 1
0 8 240 1 1
0 1 241 1 1
0 2 241 1 1
0 3 241 1 1
0 4 241 1 1
0 5 241 1 1
0 6 241 1 1
0 1 241 1 1
0 7 242 1 1
0 4 245 1 1
0 5 244 1 1
0 1 241 1 1
0 6 243 1 1
0 2 240 1 1
0 6 242 1 1
0 2 245 1 1
0 8 243 1 1
0 5 241 1 1
0 4 240 1 1
0 1 244 1 1
0 6 244 1 1
0 5 244 1 1
0 4 244 1 1
0 3 244 1 1
0 2 244 1 1
0 1 244 1 1
0 2 243 1 1
0 7 245 1 1
0 4 241 1 1
0 5 240 1 1
0 3 242 1 1
0 1 244 1 1
0 3 249 1 1
0 5 251 1 1
0 4 250 1 1
0 2 248 1 1
0 8 246 1 1
0 1 247 1 1
0 2 247 1 1
0 3 247 1 1
0 4 247 1 1
0 5 247 1 1
0 6 247 1 1
0 1 247 1 1
0 7 248 1 1
0 4 251 1 1
0 5 250 1 1
0 1 247 1 1
0 6 249 1 1
0 2 246 1 1
0 6 248 1 1
0 2 251 1 1
0 8 249 1 1
0 5 247 1 1
0 4 246 1 1
0 1 250 1 1
0 6 250 1 1
0 5 250 1 1
0 4 250 1 1
0 3 250 1 1
0 2 250 1 1
0 1 250 1 1
0 2 249 1 1
0 7 251 1 1
0 4 247 1 1
0 5 246 1 1
0 3 248 1 1
0 1 250 1 1
0 3 255 1 1
0 5 257 1 1
0 4 256 1 1
0 2 254 1 1
0 8 252 1 1
0 1 253 1 1
0 2 253 1 1
0 3 253 1 1
0 4 253 1 1
0 5 253 1 1
0 6 253 1 1
0 1 253 1 1
0 7 254 1 1
0 4 257 1 1
0 5 256 1 1
0 1 253 1 1
0 6 255 1 1
0 2 252 1 1
0 6 254 1 1
0 2 257 1 1
0 8 255 1 1
0 5 253 1 1
0 4 252 1 1
0 1 256 1 1
0 6 256 1 1
0 5 256 1 1
0 4 256 1 1
0 3 256 1 1
0 2 256 1 1
0 1 256 1 1
0 2 255 1 1
0 7 257 1 1
0 4 253 1 1
0 5 252 1 1
0 3 254 1 1
0 1 256 1 1
0 3 261 1 1
0 5 263 1 1
0 4 262 1 1
0 2 260 1 1
0 8 258 1 1
0 1 259 1 1
0 2 259 1 1
0 3 259 1 1
0 4 259 1 1
0 5 259 1 1
0 6 259 1 1
0 1 259 1 1
0 7 260 1 1
0 4 263 1 1
0 5 262 1 1
0 1 259 1 1
0 6 261 1 1
0 2 258 1 1
0 6 260 1 1
0 2 263 1 1
0 8 261 1 1
0 5 259 1 1
0 4 258 1 1
0 1 262 1 1
0 6 262 1 1
0 5 262 1 1
0 4 262 1 1
0 3 262 1 1
0 2 262 1 1
0 1 262 1 1
0 2 261 1 1
0 7 263 1 1
0 4 259 1 1
0 5 258 1 1
0 3 260 1 1
0 1 262 1 1
0 3 267 1 1
0 5 269 1 1
0 4 268 1 1
0 2 266 1 1
0 8 264 1 1
0 1 265 1 1
0 2 265 1 1
0 3 265 1 1
0 4 265 1 1
0 5 265 1 1
0 6 265 1 1
0 1 265 1 1
0 7 266 1 1
0 4 269 1 1
0 5 268 1 1
0 1 265 1 1
0 6 267 1 1
0 2 264 1 1
0 6 266 1 1
0 2 269 1 1
0 8 267 1 1
0 5 265 1 1
0 4 264 1 1
0 1 268 1 1
0 6 268 1 1
0 5 268 1 1
0 4 268 1 1
0 3 268 1 1
0 2 268 1 1
0 1 268 1 1
0 2 267 1 1
0 7 269 1 1
0 4 265 1 1
0 5 264 1 1
0 3 266 1 1
0 1 268 1 1
0 3 273 1 1
0 5 275 1 1
0 4 274 1 1
0 2 272 1 1
0 8 270 1 1
0 1 271 1 1
0 2 271 1 1
0 3 271 1 1
0 4 271 1 1
0 5 271 1 1
0 6 271 1 1
0 1 271 1 1
0 7 272 1 1
0 4 275 1 1
0 5 274 1 1
0 1 271 1 1
0 6 273 1 1
0 2 270 1 1
0 6 272 1 1
0 2 275 1 1
0 8 273 1 1
0 5 271 1 1
0 4 270 1 1
0 1 274 1 1
0 6 274 1 1
0 5 274 1 1
0 4 274 1 1
0 3 274 1 1
0 2 274 1 1
0 1 274 1 1
0 2 273 1 1
0 7 275 1 1
0 4 271 1 1
0 5 270 1 1
0 3 272 1 1
0 1 274 1 1
0 3 279 1 1
0 5 281 1 1
0 4 280 1 1
0 2 278 1 1
0 8 276 1 1
0 1 277 1 1
0 2 277 1 1
0 3 277 1 1
0 4 277 1 1
0 5 277 1 1
0 6 277 1 1
0 1 277 1 1
0 7 278 1 1
0 4 281 1 1
0 5 280 1 1
0 1 277 1 1
0 6 279 1 1
0 2 276 1 1
0 6 278 1 1
0 2 281 1 1
0 8 279 1 1
0 5 277 1 1
0 4 276 1 1
0 1 280 1 1
0 6 280 1 1
0 5 280 1 1
0 4 280 1 1
0 3 280 1 1
0 2 280 1 1
0 1 280 1 1
0 2 279 1 1
0 7 281 1 1
0 4 277 1 1
0 5 276 1 1
0 3 278 1 1
0 1 280 1 1
0 3 285 1 1
0 5 287 1 1
0 4 286 1 1
0 2 284 1 1
0 8 282 1 1
0 1 283 1 1
0 2 283 1 1
0 3 283 1 1
0 4 283 1 1
0 5 283 1 1
0 6 283 1 1
0 1 283 1 1
0 7 284 1 1
0 4 287 1 1
0 5 286 1 1
0 1 283 1 1
0 6 285 1 1
0 2 282 1 1
0 6 284 1 1
0 2 287 1 1
0 8 285 1 1
0 5 283 1 1
0 4 282 1 1
0 1 286 1 1
0 6 286 1 1
0 5 286 1 1
0 4 286 1 1
0 3 286 1 1
0 2 286 1 1
0 1 286 1 1
0 2 285 1 1
0 7 287 1 1
0 4 283 1 1
0 5 282 1 1
0 3 284 1 1
0 1 286 1 1
0 3 291 1 1
0 5 293 1 1
0 4 292 1 1
0 2 290 1 1
0 8 288 1 1
0 1 289 1 1
0 2 289 1 1
0 3 289 1 1
0 4 289 1 1
0 5 289 1 1
0 6 289 1 1
0 1 289 1 1
0 7 290 1 1
0 4 293 1 1
0 5 292 1 1
0 1 289 1 1
0 6 291 1 1
0 2 288 1 1
0 6 290 1 1
0 2 293 1 1
0 8 291 1 1
0 5 289 1 1
0 4 288 1 1
0 1 292 1 1
0 6 292 1 1
0 5 292 1 1
0 4 292 1 1
0 3 292 1 1
0 2 292 1 1
0 1 292 1 1
0 2 291 1 1
0 7 293 1 1
0 4 289 1 1
0 5 288 1 1
0 3 290 1 1
0 1 292 1 1
0 3 297 1 1
0 5 299 1 1
0 4 298 1 1
0 2 296 1 1
0 8 294 1 1
0 1 295 1 1
0 2 295 1 1
0 3 295 1 1
0 4 295 1 1
0 5 295 1 1
0 6 295 1 1
0 1 295 1 1
0 7 296 1 1
0 4 299 1 1
0 5 298 1 1
0 1 295 1 1
0 6 297 1 1
0 2 294 1 1
0 6 296 1 1
0 2 299 1 1
0 8 297 1 1
0 5 295 1 1
0 4 294 1 1
0 1 298 1 1
0 6 298 1 1
0 5 298 1 1
0 4 298 1 1
0 3 298 1 1
0 2 298 1 1
0 1 298 1 1
0 2 297 1 1
0 7 299 1 1
0 4 295 1 1
0 5 294 1 1
0 3 296 1 1
0 1 298 1 1
0 3 303 1 1
0 5 305 1 1
0 4 304 1 1
0 2 302 1 1
0 8 300 1 1
0 1 301 1 1
0 2 301 1 1
0 3 301 1 1
0 4 301 1 1
0 5 301 1 1
0 6 301 1 1
0 1 301 1 1
0 7 302 1 1
0 4 305 1 1
0 5 304 1 1
0 1 301 1 1
0 6 303 1 1
0 2 300 1 1
0 6 302 1 1
0 2 305 1 1
0 8 303 1 1
0 5 301 1 1
0 4 300 1 1
0 1 304 1 1
0 6 304 1 1
0 5 304 1 1
0 4 304 1 1
0 3 304 1 1
0 2 304 1 1
0 1 304 1 1
0 2 303 1 1
0 7 305 1 1
0 4 301 1 1
0 5 300 1 1
0 3 302 1 1
0 1 304 1 1
0 3 309 1 1
0 5 311 1 1
0 4 310 1 1
0 2 308 1 1
0 8 306 1 1
0 1 307 1 1
0 2 307 1 1
0 3 307 1 1
0 4 307 1 1
0 5 307 1 1
0 6 307 1 1
0 1 307 1 1
0 7 308 1 1
0 4 311 1 1
0 5 310 1 1
0 1 307 1 1
0 6 309 1 1
0 2 306 1 1
0 6 308 1 1
0 2 311 1 1
0 8 309 1 1
0 5 307 1 1
0 4 306 1 1
0 1 310 1 1
0 6 310 1 1
0 5 310 1 1
0 4 310 1 1
0 3 310 1 1
0 2 310 1 1
0 1 310 1 1
0 2 309 1 1
0 7 311 1 1
0 4 307 1 1
0 5 306 1 1
0 3 308 1 1
0 1 310 1 1
0 3 315 1 1
0 5 317 1 1
0 4 316 1 1
0 2 314 1 1
0 8 312 1 1
0 1 313 1 1
0 2 313 1 1
0 3 313 1 1
0 4 313 1 1
0 5 313 1 1
0 6 313 1 1
0 1 313 1 1
0 7 314 1 1
0 4 317 1 1
0 5 316 1 1
0 1 313 1 1
0 6 315 1 1
0 2 312 1 1
0 6 314 1 1
0 2 317 1 1
0 8 315 1 1
0 5 313 1 1
0 4 312 1 1
0 1 316 1 1
0 6 316 1 1
0 5 316 1 1
0 4 316 1 1
0 3 316 1 1
0 2 316 1 1
0 1 316 1 1
0 2 315 1 1
0 7 317 1 1
0 4 313 1 1
0 5 312 1 1
0 3 314 1 1
0 1 316 1 1
0 3 321 1 1
0 5 323 1 1
0 4 322 1 1
0 2 320 1 1
0 8 318 1 1
0 1 319 1 1
0 2 319 1 1
0 3 319 1 1
0 4 319 1 1
0 5 319 1 1
0 6 319 1 1
0 1 319 1 1
0 7 320 1 1
0 4 323 1 1
0 5 322 1 1
0 1 319 1 1
0 6 321 1 1
0 2 318 1 1
0 6 320 1 1
0 2 323 1 1
0 8 321 1 1
0 5 319 1 1
0 4 318 1 1
0 1 322 1 1
0 6 322 1 1
0 5 322 1 1
0 4 322 1 1
0 3 322 1 1
0 2 322 1 1
0 1 322 1 1
0 2 321 1 1
0 7 323 1 1
0 4 319 1 1
0 5 318 1 1
0 3 320 1 1
0 1 322 1 1
0 3 327 1 1
0 5 329 1 1
0 4 328 1 1
0 2 326 1 1
0 8 324 1 1
0 1 325 1 1
0 2 325 1 1
0 3 325 1 1
0 4 325 1 1
0 5 325 1 1
0 6 325 1 1
0 1 325 1 1
0 7 326 1 1
0 4 329 1 1
0 5 328 1 1
0 1 325 1 1
0 6 327 1 1
0 2 324 1 1
0 6 326 1 1
0 2 329 1 1
0 8 327 1 1
0 5 325 1 1
0 4 324 1 1
0 1 328 1 1
0 6 328 1 1
0 5 328 1 1
0 4 328 1 1
0 3 328 1 1
0 2 328 1 1
0 1 328 1 1
0 2 327 1 1
0 7 329 1 1
0 4 325 1 1
0 5 324 1 1
0 3 326 1 1
0 1 328 1 1
0 3 333 1 1
0 5 335 1 1
0 4 334 1 1
0 2 332 1 1
0 8 330 1 1
0 1 331 1 1
0 2 331 1 1
0 3 331 1 1
0 4 331 1 1
0 5 331 1 1
0 6 331 1 1
0 1 331 1 1
0 7 332 1 1
0 4 335 1 1
0 5 334 1 1
0 1 331 1 1
0 6 333 1 1
0 2 330 1 1
0 6 332 1 1
0 2 335 1 1
0 8 333 1 1
0 5 331 1 1
0 4 330 1 1
0 1 334 1 1
0 6 334 1 1
0 5 334 1 1
0 4 334 1 1
0 3 334 1 1
0 2 334 1 1
0 1 334 1 1
0 2 333 1 1
0 7 335 1 1
0 4 331 1 1
0 5 330 1 1
0 3 332 1 1
0 1 334 1 1
0 3 339 1 1
0 5 341 1 1
0 4 340 1 1
0 2 338 1 1
0 8 336 1 1
0 1 337 1 1
0 2 337 1 1
0 3 337 1 1
0 4 337 1 1
0 5 337 1 1
0 6 337 1 1
0 1 337 1 1
0 7 338 1 1
0 4 341 1 1
0 5 340 1 1
0 1 337 1 1
0 6 339 1 1
0 2 336 1 1
0 6 338 1 1
0 2 341 1 1
0 8 339 1 1
0 5 337 1 1
0 4 336 1 1
0 1 340 1 1
0 6 340 1 1
0 5 340 1 1
0 4 340 1 1
0 3 340 1 1
0 2 340 1 1
0 1 340 1 1
0 2 339 1 1
0 7 341 1 1
0 4 337 1 1
0 5 336 1 1
0 3 338 1 1
0 1 340 1 1
0 3 345 1 1
0 5 347 1 1
0 4 346 1 1
0 2 344 1 1
0 8 342 1 1
0 1 343 1 1
0 2 343 1 1
0 3 343 1 1
0 4 343 1 1
0 5 343 1 1
0 6 343 1 1
0 1 343 1 1
0 7 344 1 1
0 4 347 1 1
0 5 346 1 1
0 1 343 1 1
0 6 345 1 1
0 2 342 1 1
0 6 344 1 1
0 2 347 1 1
0 8 345 1 1
0 5 343 1 1
0 4 342 1 1
0 1 346 1 1
0 6 346 1 1
0 5 346 1 1
0 4 346 1 1
0 3 346 1 1
0 2 346 1 1
0 1 346 1 1
0 2 345 1 1
0 7 347 1 1
0 4 343 1 1
0 5 342 1 1
0 3 344 1 1
0 1 346 1 1
0 3 351 1 1
0 5 353 1 1
0 4 352 1 1
0 2 350 1 1
0 8 348 1 1
0 1 349 1 1
0 2 349 1 1
0 3 349 1 1
0 4 349 1 1
0 5 349 1 1
0 6 349 1 1
0 1 349 1 1
0 7 350 1 1
0 4 353 1 1
0 5 352 1 1
0 1 349 1 1
0 6 351 1 1
0 2 348 1 1
0 6 350 1 1
0 2 353 1 1
0 8 351 1 1
0 5 349 1 1
0 4 348 1 1
0 1 352 1 1
0 6 352 1 1
0 5 352 1 1
0 4 352 1 1
0 3 352 1 1
0 2 352 1 1
0 1 352 1 1
0 2 351 1 1
0 7 353 1 1
0 4 349 1 1
0 5 348 1 1
0 3 350 1 1
0 1 352 1 1
0 3 357 1 1
0 5 359 1 1
0 4 358 1 1
0 2 356 1 1
0 8 354 1 1
0 1 355 1 1
0 2 355 1 1
0 3 355 1 1
0 4 355 1 1
0 5 355 1 1
0 6 355 1 1
0 1 355 1 1
0 7 356 1 1
0 4 359 1 1
0 5 358 1 1
0 1 355 1 1
0 6 357 1 1
0 2 354 1 1
0 6 356 1 1
0 2 359 1 1
0 8 357 1 1
0 5 355 1 1
0 4 354 1 1
0 1 358 1 1
0 6 358 1 1
0 5 358 1 1
0 4 358 1 1
0 3 358 1 1
0 2 358 1 1
0 1 358 1 1
0 2 357 1 1
0 7 359 1 1
0 4 355 1 1
0 5 354 1 1
0 3 356 1 1
0 1 358 1 1
0 3 363 1 1
0 5 365 1 1
0 4 364 1 1
0 2 362 1 1
0 8 360 1 1
0 1 361 1 1
0 2 361 1 1
0 3 361 1 1
0 4 361 1 1
0 5 361 1 1
0 6 361 1 1
0 1 361 1 1
0 7 362 1 1
0 4 365 1 1
0 5 364 1 1
0 1 361 1 1
0 6 363 1 1
0 2 360 1 1
0 6 362 1 1
0 2 365 1 1
0 8 363 1 1
0 5 361 1 1
0 4 360 1 1
0 1 364 1 1
0 6 364 1 1
0 5 364 1 1
0 4 364 1 1
0 3 364 1 1
0 2 364 1 1
0 1 364 1 1
0 2 363 1 1
0 7 365 1 1
0 4 361 1 1
0 5 360 1 1
0 3 362 1 1
0 1 364 1 1
0 3 369 1 1
0 5 371 1 1
0 4 370 1 1
0 2 368 1 1
0 8 366 1 1
0 1 367 1 1
0 2 367 1 1
0 3 367 1 1
0 4 367 1 1
0 5 367 1 1
0 6 367 1 1
0 1 367 1 1
0 7 368 1 1
0 4 371 1 1
0 5 370 1 1
0 1 367 1 1
0 6 369 1 1
0 2 366 1 1
0 6 368 1 1
0 2 371 1 1
0 8 369 1 1
0 5 367 1 1
0 4 366 1 1
0 1 370 1 1
0 6 370 1 1
0 5 370 1 1
0 4 370 1 1
0 3 370 1 1
0 2 370 1 1
0 1 370 1 1
0 2 369 1 1
0 7 371 1 1
0 4 367 1 1
0 5 366 1 1
0 3 368 1 1
0 1 370 1 1
0 3 375 1 1
0 5 377 1 1
0 4 376 1 1
0 2 374 1 1
0 8 372 1 1
0 1 373 1 1
0 2 373 1 1
0 3 373 1 1
0 4 373 1 1
0 5 373 1 1
0 6 373 1 1
0 1 373 1 1
0 7 374 1 1
0 4 377 1 1
0 5 376 1 1
0 1 373 1 1
0 6 375 1 1
0 2 372 1 1
0 6 374 1 1
0 2 377 1 1
0 8 375 1 1
0 5 373 1 1
0 4 372 1 1
0 1 376 1 1
0 6 376 1 1
0 5 376 1 1
0 4 376 1 1
0 3 376 1 1
0 2 376 1 1
0 1 376 1 1
0 2 375 1 1
0 7 377 1 1
0 4 373 1 1
0 5 372 1 1
0 3 374 1 1
0 1 376 1 1
0 3 381 1 1
0 5 383 1 1
0 4 382 1 1
0 2 380 1 1
0 8 378 1 1
0 1 379 1 1
0 2 379 1 1
0 3 379 1 1
0 4 379 1 1
0 5 379 1 1
0 6 379 1 1
0 1 379 1 1
0 7 380 1 1
0 4 383 1 1
0 5 382 1 1
0 1 379 1 1
0 6 381 1 1
0 2 378 1 1
0 6 380 1 1
0 2 383 1 1
0 8 381 1 1
0 5 379 1 1
0 4 378 1 1
0 1 382 1 1
0 6 382 1 1
0 5 382 1 1
0 4 382 1 1
0 3 382 1 1
0 2 382 1 1
0 1 382 1 1
0 2 381 1 1
0 7 383 1 1
0 4 379 1 1
0 5 378 1 1
0 3 380 1 1
0 1 382 1 1
0 3 387 1 1
0 5 389 1 1
0 4 388 1 1
0 2 386 1 1
0 8 384 1 1
0 1 385 1 1
0 2 385 1 1
0 3 385 1 1
0 4 385 1 1
0 5 385 1 1
0 6 385 1 1
0 1 385 1 1
0 7 386 1 1
0 4 389 1 1
0 5 388 1 1
0 1 385 1 1
0 6 387 1 1
0 2 384 1 1
0 6 386 1 1
0 2 389 1 1
0 8 387 1 1
0 5 385 1 1
0 4 384 1 1
0 1 388 1 1
0 6 388 1 1
0 5 388 1 1
0 4 388 1 1
0 3 388 1 1
0 2 388 1 1
0 1 388 1 1
0 2 387 1 1
0 7 389 1 1
0 4 385 1 1
0 5 384 1 1
0 3 386 1 1
0 1 388 1 1
0 3 393 1 1
0 5 395 1 1
0 4 394 1 1
0 2 392 1 1
0 8 390 1 1
0 1 391 1 1
0 2 391 1 1
0 3 391 1 1
0 4 391 1 1
0 5 391 1 1
0 6 391 1 1
0 1 391 1 1
0 7 392 1 1
0 4 395 1 1
0 5 394 1 1
0 1 391 1 1
0 6 393 1 1
0 2 390 1 1
0 6 392 1 1
0 2 395 1 1
0 8 393 1 1
0 5 391 1 1
0 4 390 1 1
0 1 394 1 1
0 6 394 1 1
0 5 394 1 1
0 4 394 1 1
0 3 394 1 1
0 2 394 1 1
0 1 394 1 1
0 2 393 1 1
0 7 395 1 1
0 4 391 1 1
0 5 390 1 1
0 3 392 1 1
0 1 394 1 1
0 3 399 1 1
0 5 401 1 1
0 4 400 1 1
0 2 398 1 1
0 8 396 1 1
0 1 397 1 1
0 2 397 1 1
0 3 397 1 1
0 4 397 1 1
0 5 397 1 1
0 6 397 1 1
0 1 397 1 1
0 7 398 1 1
0 4 401 1 1
0 5 400 1 1
0 1 397 1 1
0 6 399 1 1
0 2 396 1 1
0 6 398 1 1
0 2 401 1 1
0 8 399 1 1
0 5 397 1 1
0 4 396 1 1
0 1 400 1 1
0 6 400 1 1
0 5 400 1 1
0 4 400 1 1
0 3 400 1 1
0 2 400 1 1
0 1 400 1 1
0 2 399 1 1
0 7 401 1 1
0 4 397 1 1
0 5 396 1 1
0 3 398 1 1
0 1 400 1 1
0 3 405 1 1
0 5 407 1 1
0 4 406 1 1
0 2 404 1 1
0 8 402 1 1
0 1 403 1 1
0 2 403 1 1
0 3 403 1 1
0 4 403 1 1
0 5 403 1 1
0 6 403 1 1
0 1 403 1 1
0 7 404 1 1
0 4 407 1 1
0 5 406 1 1
0 1 403 1 1
0 6 405 1 1
0 2 402 1 1
0 6 404 1 1
0 2 407 1 1
0 8 405 1 1
0 5 403 1 1
0 4 402 1 1
0 1 406 1 1
0 6 406 1 1
0 5 406 1 1
0 4 406 1 1
0 3 406 1 1
0 2 406 1 1
0 1 406 1 1
0 2 405 1 1
0 7 407 1 1
0 4 403 1 1
0 5 402 1 1
0 3 404 1 1
0 1 406 1 1
0 3 411 1 1
0 5 413 1 1
0 4 412 1 1
0 2 410 1 1
0 8 408 1 1
0 1 409 1 1
0 2 409 1 1
0 3 409 1 1
0 4 409 1 1
0 5 409 1 1
0 6 409 1 1
0 1 409 1 1
0 7 410 1 1
0 4 413 1 1
0 5 412 1 1
0 1 409 1 1
0 6 411 1 1
0 2 408 1 1
0 6 410 1 1
0 2 413 1 1
0 8 411 1 1
0 5 409 1 1
0 4 408 1 1
0 1 412 1 1
0 6 412 1 1
0 5 412 1 1
0 4 412 1 1
0 3 412 1 1
0 2 412 1 1
0 1 412 1 1
0 2 411 1 1
0 7 413 1 1
0 4 409 1 1
0 5 408 1 1
0 3 410 1 1
0 1 412 1 1
0 3 417 1 1
0 5 419 1 1
0 4 418 1 1
0 2 416 1 1
0 8 414 1 1
0 1 415 1 1
0 2 415 1 1
0 3 415 1 1
0 4 415 1 1
0 5 415 1 1
0 6 415 1 1
0 1 415 1 1
0 7 416 1 1
0 4 419 1 1
0 5 418 1 1
0 1 415 1 1
0 6 417 1 1
0 2 414 1 1
0 6 416 1 1
0 2 419 1 1
0 8 417 1 1
0 5 415 1 1
0 4 414 1 1
0 1 418 1 1
0 6 418 1 1
0 5 418 1 1
0 4 418 1 1
0 3 418 1 1
0 2 418 1 1
0 1 418 1 1
0 2 417 1 1
0 7 419 1 1
0 4 415 1 1
0 5 414 1 1
0 3 416 1 1
0 1 418 1 1
0 3 423 1 1
0 5 425 1 1
0 4 424 1 1
0 2 422 1 1
0 8 420 1 1
0 1 421 1 1
0 2 421 1 1
0 3 421 1 1
0 4 421 1 1
0 5 421 1 1
0 6 421 1 1
0 1 421 1 1
0 7 422 1 1
0 4 425 1 1
0 5 424 1 1
0 1 421 1 1
0 6 423 1 1
0 2 420 1 1
0 6 422 1 1
0 2 425 1 1
0 8 423 1 1
0 5 421 1 1
0 4 420 1 1
0 1 424 1 1
0 6 424 1 1
0 5 424 1 1
0 4 424 1 1
0 3 424 1 1
0 2 424 1 1
0 1 424 1 1
0 2 423 1 1
0 7 425 1 1
0 4 421 1 1
0 5 420 1 1
0 3 422 1 1
0 1 424 1 1
0 3 429 1 1
0 5 431 1 1
0 4 430 1 1
0 2 428 1 1
0 8 426 1 1
0 1 427 1 1
0 2 427 1 1
0 3 427 1 1
0 4 427 1 1
0 5 427 1 1
0 6 427 1 1
0 1 427 1 1
0 7 428 1 1
0 4 431 1 1
0 5 430 1 1
0 1 427 1 1
0 6 429 1 1
0 2 426 1 1
0 6 428 1 1
0 2 431 1 1
0 8 429 1 1
0 5 427 1 1
0 4 426 1 1
0 1 430 1 1
0 6 430 1 1
0 5 430 1 1
0 4 430 1 1
0 3 430 1 1
0 2 430 1 1
0 1 430 1 1
0 2 429 1 1
0 7 431 1 1
0 4 427 1 1
0 5 426 1 1
0 3 428 1 1
0 1 430 1 1
0 3 435 1 1
0 5 437 1 1
0 4 436 1 1
0 2 434 1 1
0 8 432 1 1
0 1 433 1 1
0 2 433 1 1
0 3 433 1 1
0 4 433 1 1
0 5 433 1 1
0 6 433 1 1
0 1 433 1 1
0 7 434 1 1
0 4 437 1 1
0 5 436 1 1
0 1 433 1 1
0 6 435 1 1
0 2 432 1 1
0 6 434 1 1
0 2 437 1 1
0 8 435 1 1
0 5 433 1 1
0 4 432 1 1
0 1 436 1 1
0 6 436 1 1
0 5 436 1 1
0 4 436 1 1
0 3 436 1 1
0 2 436 1 1
0 1 436 1 1
0 2 435 1 1
0 7 437 1 1
0 4 433 1 1
0 5 432 1 1
0 3 434 1 1
0 1 436 1 1
0 3 441 1 1
0 5 443 1 1
0 4 442 1 1
0 2 440 1 1
0 8 438 1 1
0 1 439 1 1
0 2 439 1 1
0 3 439 1 1
0 4 439 1 1
0 5 439 1 1
0 6 439 1 1
0 1 439 1 1
0 7 440 1 1
0 4 443 1 1
0 5 442 1 1
0 1 439 1 1
0 6 441 1 1
0 2 438 1 1
0 6 440 1 1
0 2 443 1 1
0 8 441 1 1
0 5 439 1 1
0 4 438 1 1
0 1 442 1 1
0 6 442 1 1
0 5 442 1 1
0 4 442 1 1
0 3 442 1 1
0 2 442 1 1
0 1 442 1 1
0 2 441 1 1
0 7 443 1 1
0 4 439 1 1
0 5 438 1 1
0 3 440 1 1
0 1 442 1 1
0 3 447 1 1
0 5 449 1 1
0 4 448 1 1
0 2 446 1 1
0 8 444 1 1
0 1 445 1 1
0 2 445 1 1
0 3 445 1 1
0 4 445 1 1
0 5 445 1 1
0 6 445 1 1
0 1 445 1 1
0 7 446 1 1
0 4 449 1 1
0 5 448 1 1
0 1 445 1 1
0 6 447 1 1
0 2 444 1 1
0 6 446 1 1
0 2 449 1 1
0 8 447 1 1
0 5 445 1 1
0 4 444 1 1
0 1 448 1 1
0 6 448 1 1
0 5 448 1 1
0 4 448 1 1
0 3 448 1 1
0 2 448 1 1
0 1 448 1 1
0 2 447 1 1
0 7 449 1 1
0 4 445 1 1
0 5 444 1 1
0 3 446 1 1
0 1 448 1 1
0 3 453 1 1
0 5 455 1 1
0 4 454 1 1
0 2 452 1 1
0 8 450 1 1
0 1 451 1 1
0 2 451 1 1
0 3 451 1 1
0 4 451 1 1
0 5 451 1 1
0 6 451 1 1
0 1 451 1 1
0 7 452 1 1
0 4 455 1 1
0 5 454 1 1
0 1 451 1 1
0 6 453 1 1
0 2 450 1 1
0 6 452 1 1
0 2 455 1 1
0 8 453 1 1
0 5 451 1 1
0 4 450 1 1
0 1 454 1 1
0 6 454 1 1
0 5 454 1 1
0 4 454 1 1
0 3 454 1 1
0 2 454 1 1
0 1 454 1 1
0 2 453 1 1
0 7 455 1 1
0 4 451 1 1
0 5 450 1 1
0 3 452 1 1
0 1 454 1 1
0 3 459 1 1
0 5 461 1 1
0 4 460 1 1
0 2 458 1 1
0 8 456 1 1
0 1 457 1 1
0 2 457 1 1
0 3 457 1 1
0 4 457 1 1
0 5 457 1 1
0 6 457 1 1
0 1 457 1 1
0 7 458 1 1
0 4 461 1 1
0 5 460 1 1
0 1 457 1 1
0 6 459 1 1
0 2 456 1 1
0 6 458 1 1
0 2 461 1 1
0 8 459 1 1
0 5 457 1 1
0 4 456 1 1
0 1 460 1 1
0 6 460 1 1
0 5 460 1 1
0 4 460 1 1
0 3 460 1 1
0 2 460 1 1
0 1 460 1 1
0 2 459 1 1
0 7 461 1 1
0 4 457 1 1
0 5 456 1 1
0 3 458 1 1
0 1 460 1 1
0 3 465 1 1
0 5 467 1 1
0 4 466 1 1
0 2 464 1 1
0 8 462 1 1
0 1 463 1 1
0 2 463 1 1
0 3 463 1 1
0 4 463 1 1
0 5 463 1 1
0 6 463 1 1
0 1 463 1 1
0 7 464 1 1
0 4 467 1 1
0 5 466 1 1
0 1 463 1 1
0 6 465 1 1
0 2 462 1 1
0 6 464 1 1
0 2 467 1 1
0 8 465 1 1
0 5 463 1 1
0 4 462 1 1
0 1 466 1 1
0 6 466 1 1
0 5 466 1 1
0 4 466 1 1
0 3 466 1 1
0 2 466 1 1
0 1 466 1 1
0 2 465 1 1
0 7 467 1 1
0 4 463 1 1
0 5 462 1 1
0 3 464 1 1
0 1 466 1 1
0 3 471 1 1
0 5 473 1 1
0 4 472 1 1
0 2 470 1 1
0 8 468 1 1
0 1 469 1 1
0 2 469 1 1
0 3 469 1 1
0 4 469 1 1
0 5 469 1 1
0 6 469 1 1
0 1 469 1 1
0 7 470 1 1
0 4 473 1 1
0 5 472 1 1
0 1 469 1 1
0 6 471 1 1
0 2 468 1 1
0 6 470 1 1
0 2 473 1 1
0 8 471 1 1
0 5 469 1 1
0 4 468 1 1
0 1 472 1 1
0 6 472 1 1
0 5 472 1 1
0 4 472 1 1
0 3 472 1 1
0 2 472 1 1
0 1 472 1 1
0 2 471 1 1
0 7 473 1 1
0 4 469 1 1
0 5 468 1 1
0 3 470 1 1
0 1 472 1 1
0 3 477 1 1
0 5 479 1 1
0 4 478 1 1
0 2 476 1 1
0 8 474 1 1
0 1 475 1 1
0 2 475 1 1
0 3 475 1 1
0 4 475 1 1
0 5 475 1 1
0 6 475 1 1
0 1 475 1 1
0 7 476 1 1
0 4 479 1 1
0 5 478 1 1
0 1 475 1 1
0 6 477 1 1
0 2 474 1 1
0 6 476 1 1
0 2 479 1 1
0 8 477 1 1
0 5 475 1 1
0 4 474 1 1
0 1 478 1 1
0 6 478 1 1
0 5 478 1 1
0 4 478 1 1
0 3 478 1 1
0 2 478 1 1
0 1 478 1 1
0 2 477 1 1
0 7 479 1 1
0 4 475 1 1
0 5 474 1 1
0 3 476 1 1
0 1 478 1 1
0 3 483 1 1
0 5 485 1 1
0 4 484 1 1
0 2 482 1 1
0 8 480 1 1
0 1 481 1 1
0 2 481 1 1
0 3 481 1 1
0 4 481 1 1
0 5 481 1 1
0 6 481 1 1
0 1 481 1 1
0 7 482 1 1
0 4 485 1 1
0 5 484 1 1
0 1 481 1 1
0 6 483 1 1
0 2 480 1 1
0 6 482 1 1
0 2 485 1 1
0 8 483 1 1
0 5 481 1 1
0 4 480 1 1
0 1 484 1 1
0 6 484 1 1
0 5 484 1 1
0 4 484 1 1
0 3 484 1 1
0 2 484 1 1
0 1 484 1 1
0 2 483 1 1
0 7 485 1 1
0 4 481 1 1
0 5 480 1 1
0 3 482 1 1
0 1 484 1 1
0 3 489 1 1
0 5 491 1 1
0 4 490 1 1
0 2 488 1 1
0 8 486 1 1
0 1 487 1 1
0 2 487 1 1
0 3 487 1 1
0 4 487 1 1
0 5 487 1 1
0 6 487 1 1
0 1 487 1 1
0 7 488 1 1
0 4 491 1 1
0 5 490 1 1
0 1 487 1 1
0 6 489 1 1
0 2 486 1 1
0 6 488 1 1
0 2 491 1 1
0 8 489 1 1
0 5 487 1 1
0 4 486 1 1
0 1 490 1 1
0 6 490 1 1
0 5 490 1 1
0 4 490 1 1
0 3 490 1 1
0 2 490 1 1
0 1 490 1 1
0 2 489 1 1
0 7 491 1 1
0 4 487 1 1
0 5 486 1 1
0 3 488 1 1
0 1 490 1 1
0 3 495 1 1
0 5 497 1 1
0 4 496 1 1
0 2 494 1 1
0 8 492 1 1
0 1 493 1 1
0 2 493 1 1
0 3 493 1 1
0 4 493 1 1
0 5 493 1 1
0 6 493 1 1
0 1 493 1 1
0 7 494 1 1
0 4 497 1 1
0 5 496 1 1
0 1 493 1 1
0 6 495 1 1
0 2 492 1 1
0 6 494 1 1
0 2 497 1 1
0 8 495 1 1
0 5 493 1 1
0 4 492 1 1
0 1 496 1 1
0 6 496 1 1
0 5 496 1 1
0 4 496 1 1
0 3 496 1 1
0 2 496 1 1
0 1 496 1 1
0 2 495 1 1
0 7 497 1 1
0 4 493 1 1
0 5 492 1 1
0 3 494 1 1
0 1 496 1 1
0 3 501 1 1
0 5 503 1 1
0 4 502 1 1
0 2 500 1 1
0 8 498 1 1
0 1 499 1 1
0 2 499 1 1
0 3 499 1 1
0 4 499 1 1
0 5 499 1 1
0 6 499 1 1
0 1 499 1 1
0 7 500 1 1
0 4 503 1 1
0 5 502 1 1
0 1 499 1 1
0 6 501 1 1
0 2 498 1 1
0 6 500 1 1
0 2 503 1 1
0 8 501 1 1
0 5 499 1 1
0 4 498 1 1
0 1 502 1 1
0 6 502 1 1
0 5 502 1 1
0 4 502 1 1
0 3 502 1 1
0 2 502 1 1
0 1 502 1 1
0 2 501 1 1
0 7 503 1 1
0 4 499 1 1
0 5 498 1 1
0 3 500 1 1
0 1 502 1 1
0 3 507 1 1
0 5 509 1 1
0 4 508 1 1
0 2 506 1 1
0 8 504 1 1
0 1 505 1 1
0 2 505 1 1
0 3 505 1 1
0 4 505 1 1
0 5 505 1 1
0 6 505 1 1
0 1 505 1 1
0 7 506 1 1
0 4 509 1 1
0 5 508 1 1
0 1 505 1 1
0 6 507 1 1
0 2 504 1 1
0 6 506 1 1
0 2 509 1 1
0 8 507 1 1
0 5 505 1 1
0 4 504 1 1
0 1 508 1 1
0 6 508 1 1
0 5 508 1 1
0 4 508 1 1
0 3 508 1 1
0 2 508 1 1
0 1 508 1 1
0 2 507 1 1
0 7 509 1 1
0 4 505 1 1
0 5 504 1 1
0 3 506 1 1
0 1 508 1 1
0 3 513 1 1
0 5 515 1 1
0 4 514 1 1
0 2 512 1 1
0 8 510 1 1
0 1 511 1 1
0 2 511 1 1
0 3 511 1 1
0 4 511 1 1
0 5 511 1 1
0 6 511 1 1
0 1 511 1 1
0 7 512 1 1
0 4 515 1 1
0 5 514 1 1
0 1 511 1 1
0 6 513 1 1
0 2 510 1 1
0 6 512 1 1
0 2 515 1 1
0 8 513 1 1
0 5 511 1 1
0 4 510 1 1
0 1 514 1 1
0 6 514 1 1
0 5 514 1 1
0 4 514 1 1
0 3 514 1 1
0 2 514 1 1
0 1 514 1 1
0 2 513 1 1
0 7 515 1 1
0 4 511 1 1
0 5 510 1 1
0 3 512 1 1
0 1 514 1 1
0 3 519 1 1
0 5 521 1 1
0 4 520 1 1
0 2 518 1 1
0 8 516 1 1
0 1 517 1 1
0 2 517 1 1
0 3 517 1 1
0 4 517 1 1
0 5 517 1 1
0 6 517 1 1
0 1 517 1 1
0 7 518 1 1
0 4 521 1 1
0 5 520 1 1
0 1 517 1 1
0 6 519 1 1
0 2 516 1 1
0 6 518 1 1
0 2 521 1 1
0 8 519 1 1
0 5 517 1 1
0 4 516 1 1
0 1 520 1 1
0 6 520 1 1
0 5 520 1 1
0 4 520 1 1
0 3 520 1 1
0 2 520 1 1
0 1 520 1 1
0 2 519 1 1
0 7 521 1 1
0 4 517 1 1
0 5 516 1 1
0 3 518 1 1
0 1 520 1 1
0 3 525 1 1
0 5 527 1 1
0 4 526 1 1
0 2 524 1 1
0 8 522 1 1
0 1 523 1 1
0 2 523 1 1
0 3 523 1 1
0 4 523 1 1
0 5 523 1 1
0 6 523 1 1
0 1 523 1 1
0 7 524 1 1
0 4 527 1 1
0 5 526 1 1
0 1 523 1 1
0 6 525 1 1
0 2 522 1 1
0 6 524 1 1
0 2 527 1 1
0 8 525 1 1
0 5 523 1 1
0 4 522 1 1
0 1 526 1 1
0 6 526 1 1
0 5 526 1 1
0 4 526 1 1
0 3 526 1 1
0 2 526 1 1
0 1 526 1 1
0 2 525 1 1
0 7 527 1 1
0 4 523 1 1
0 5 522 1 1
0 3 524 1 1
0 1 526 1 1
0 3 531 1 1
0 5 533 1 1
0 4 532 1 1
0 2 530 1 1
0 8 528 1 1
0 1 529 1 1
0 2 529 1 1
0 3 529 1 1
0 4 529 1 1
0 5 529 1 1
0 6 529 1 1
0 1 529 1 1
0 7 530 1 1
0 4 533 1 1
0 5 532 1 1
0 1 529 1 1
0 6 531 1 1
0 2 528 1 1
0 6 530 1 1
0 2 533 1 1
0 8 531 1 1
0 5 529 1 1
0 4 528 1 1
0 1 532 1 1
0 6 532 1 1
0 5 532 1 1
0 4 532 1 1
0 3 532 1 1
0 2 532 1 1
0 1 532 1 1
0 2 531 1 1
0 7 533 1 1
0 4 529 1 1
0 5 528 1 1
0 3 530 1 1
0 1 532 1 1
0 3 537 1 1
0 5 539 1 1
0 4 538 1 1
0 2 536 1 1
0 8 534 1 1
0 1 535 1 1
0 2 535 1 1
0 3 535 1 1
0 4 535 1 1
0 5 535 1 1
0 6 535 1 1
0 1 535 1 1
0 7 536 1 1
0 4 539 1 1
0 5 538 1 1
0 1 535 1 1
0 6 537 1 1
0 2 534 1 1
0 6 536 1 1
0 2 539 1 1
0 8 537 1 1
0 5 535 1 1
0 4 534 1 1
0 1 538 1 1
0 6 538 1 1
0 5 538 1 1
0 4 538 1 1
0 3 538 1 1
0 2 538 1 1
0 1 538 1 1
0 2 537 1 1
0 7 539 1 1
0 4 535 1 1
0 5 534 1 1
0 3 536 1 1
0 1 538 1 1
0 3 543 1 1
0 5 545 1 1
0 4 544 1 1
0 2 542 1 1
0 8 540 1 1
0 1 541 1 1
0 2 541 1 1
0 3 541 1 1
0 4 541 1 1
0 5 541 1 1
0 6 541 1 1
0 1 541 1 1
0 7 542 1 1
0 4 545 1 1
0 5 544 1 1
0 1 541 1 1
0 6 543 1 1
0 2 540 1 1
0 6 542 1 1
0 2 545 1 1
0 8 543 1 1
0 5 541 1 1
0 4 540 1 1
0 1 544 1 1
0 6 544 1 1
0 5 544 1 1
0 4 544 1 1
0 3 544 1 1
0 2 544 1 1
0 1 544 1 1
0 2 543 1 1
0 7 545 1 1
0 4 541 1 1
0 5 540 1 1
0 3 542 1 1
0 1 544 1 1
0 3 549 1 1
0 5 551 1 1
0 4 550 1 1
0 2 548 1 1
0 8 546 1 1
0 1 547 1 1
0 2 547 1 1
0 3 547 1 1
0 4 547 1 1
0 5 547 1 1
0 6 547 1 1
0 1 547 1 1
0 7 548 1 1
0 4 551 1 1
0 5 550 1 1
0 1 547 1 1
0 6 549 1 1
0 2 546 1 1
0 6 548 1 1
0 2 551 1 1
0 8 549 1 1
0 5 547 1 1
0 4 546 1 1
0 1 550 1 1
0 6 550 1 1
0 5 550 1 1
0 4 550 1 1
0 3 550 1 1
0 2 550 1 1
0 1 550 1 1
0 2 549 1 1
0 7 551 1 1
0 4 547 1 1
0 5 546 1 1
0 3 548 1 1
0 1 550 1 1
0 3 555 1 1
0 5 557 1 1
0 4 556 1 1
0 2 554 1 1
0 8 552 1 1
0 1 553 1 1
0 2 553 1 1
0 3 553 1 1
0 4 553 1 1
0 5 553 1 1
0 6 553 1 1
0 1 553 1 1
0 7 554 1 1
0 4 557 1 1
0 5 556 1 1
0 1 553 1 1
0 6 555 1 1
0 2 552 1 1
0 6 554 1 1
0 2 557 1 1
0 8 555 1 1
0 5 553 1 1
0 4 552 1 1
0 1 556 1 1
0 6 556 1 1
0 5 556 1 1
0 4 556 1 1
0 3 556 1 1
0 2 556 1 1
0 1 556 1 1
0 2 555 1 1
0 7 557 1 1
0 4 553 1 1
0 5 552 1 1
0 3 554 1 1
0 1 556 1 1
0 3 561 1 1
0 5 563 1 1
0 4 562 1 1
0 2 560 1 1
0 8 558 1 1
0 1 559 1 1
0 2 559 1 1
0 3 559 1 1
0 4 559 1 1
0 5 559 1 1
0 6 559 1 1
0 1 559 1 1
0 7 560 1 1
0 4 563 1 1
0 5 562 1 1
0 1 559 1 1
0 6 561 1 1
0 2 558 1 1
0 6 560 1 1
0 2 563 1 1
0 8 561 1 1
0 5 559 1 1
0 4 558 1 1
0 1 562 1 1
0 6 562 1 1
0 5 562 1 1
0 4 562 1 1
0 3 562 1 1
0 2 562 1 1
0 1 562 1 1
0 2 561 1 1
0 7 563 1 1
0 4 559 1 1
0 5 558 1 1
0 3 560 1 1
0 1 562 1 1
0 3 567 1 1
0 5 569 1 1
0 4 568 1 1
0 2 566 1 1
0 8 564 1 1
0 1 565 1 1
0 2 565 1 1
0 3 565 1 1
0 4 565 1 1
0 5 565 1 1
0 6 565 1 1
0 1 565 1 1
0 7 566 1 1
0 4 569 1 1
0 5 568 1 1
0 1 565 1 1
0 6 567 1 1
0 2 564 1 1
0 6 566 1 1
0 2 569 1 1
0 8 567 1 1
0 5 565 1 1
0 4 564 1 1
0 1 568 1 1
0 6 568 1 1
0 5 568 1 1
0 4 568 1 1
0 3 568 1 1
0 2 568 1 1
0 1 568 1 1
0 2 567 1 1
0 7 569 1 1
0 4 565 1 1
0 5 564 1 1
0 3 566 1 1
0 1 568 1 1
0 3 573 1 1
0 5 575 1 1
0 4 574 1 1
0 2 572 1 1
0 8 570 1 1
0 1 571 1 1
0 2 571 1 1
0 3 571 1 1
0 4 571 1 1
0 5 571 1 1
0 6 571 1 1
0 1 571 1 1
0 7 572 1 1
0 4 575 1 1
0 5 574 1 1
0 1 571 1 1
0 6 573 1 1
0 2 570 1 1
0 6 572 1 1
0 2 575 1 1
0 8 573 1 1
0 5 571 1 1
0 4 570 1 1
0 1 574 1 1
0 6 574 1 1
0 5 574 1 1
0 4 574 1 1
0 3 574 1 1
0 2 574 1 1
0 1 574 1 1
0 2 573 1 1
0 7 575 1 1
0 4 571 1 1
0 5 570 1 1
0 3 572 1 1
0 1 574 1 1
0 3 579 1 1
0 5 581 1 1
0 4 580 1 1
0 2 578 1 1
0 8 576 1 1
0 1 577 1 1
0 2 577 1 1
0 3 577 1 1
0 4 577 1 1
0 5 577 1 1
0 6 577 1 1
0 1 577 1 1
0 7 578 1 1
0 4 581 1 1
0 5 580 1 1
0 1 577 1 1
0 6 579 1 1
0 2 576 1 1
0 6 578 1 1
0 2 581 1 1
0 8 579 1 1
0 5 577 1 1
0 4 576 1 1
0 1 580 1 1
0 6 580 1 1
0 5 580 1 1
0 4 580 1 1
0 3 580 1 1
0 2 580 1 1
0 1 580 1 1
0 2 579 1 1
0 7 581 1 1
0 4 577 1 1
0 5 576 1 1
0 3 578 1 1
0 1 580 1 1
0 3 585 1 1
0 5 587 1 1
0 4 586 1 1
0 2 584 1 1
0 8 582 1 1
0 1 583 1 1
0 2 583 1 1
0 3 583 1 1
0 4 583 1 1
0 5 583 1 1
0 6 583 1 1
0 1 583 1 1
0 7 584 1 1
0 4 587 1 1
0 5 586 1 1
0 1 583 1 1
0 6 585 1 1
0 2 582 1 1
0 6 584 1 1
0 2 587 1 1
0 8 585 1 1
0 5 583 1 1
0 4 582 1 1
0 1 586 1 1
0 6 586 1 1
0 5 586 1 1
0 4 586 1 1
0 3 586 1 1
0 2 586 1 1
0 1 586 1 1
0 2 585 1 1
0 7 587 1 1
0 4 583 1 1
0 5 582 1 1
0 3 584 1 1
0 1 586 1 1
0 3 591 1 1
0 5 593 1 1
0 4 592 1 1
0 2 590 1 1
0 8 588 1 1
0 1 589 1 1
0 2 589 1 1
0 3 589 1 1
0 4 589 1 1
0 5 589 1 1
0 6 589 1 1
0 1 589 1 1
0 7 590 1 1
0 4 593 1 1
0 5 592 1 1
0 1 589 1 1
0 6 591 1 1
0 2 588 1 1
0 6 590 1 1
0 2 593 1 1
0 8 591 1 1
0 5 589 1 1
0 4 588 1 1
0 1 592 1 1
0 6 592 1 1
0 5 592 1 1
0 4 592 1 1
0 3 592 1 1
0 2 592 1 1
0 1 592 1 1
0 2 591 1 1
0 7 593 1 1
0 4 589 1 1
0 5 588 1 1
0 3 590 1 1
0 1 592 1 1
0 3 597 1 1
0 5 599 1 1
0 4 598 1 1
0 2 596 1 1
0 8 594 1 1
0 1 595 1 1
0 2 595 1 1
0 3 595 1 1
0 4 595 1 1
0 5 595 1 1
0 6 595 1 1
0 1 595 1 1
0 7 596 1 1
0 4 599 1 1
0 5 598 1 1
0 1 595 1 1
0 6 597 1 1
0 2 594 1 1
0 6 596 1 1
0 2 599 1 1
0 8 597 1 1
0 5 595 1 1
0 4 594 1 1
0 1 598 1 1
0 6 598 1 1
0 5 598 1 1
0 4 598 1 1
0 3 598 1 1
0 2 598 1 1
0 1 598 1 1
0 2 597 1 1
0 7 599 1 1
0 4 595 1 1
0 5 594 1 1
0 3 596 1 1
0 1 598 1 1
