0 3 8 1 1
0 7 4 1 1
0 9 2 1 1
0 2 9 1 1
0 6 5 1 1
0 12 0 1 1
0 4 7 1 1
0 8 3 1 1
0 10 1 1 1
0 5 6 1 1
0 2 1 1 1
0 3 1 1 1
0 4 1 1 1
0 5 1 1 1
0 8 1 1 1
0 6 1 1 1
0 9 1 1 1
0 7 1 1 1
0 10 1 1 1
0 1 1 1 1
0 4 6 1 1
0 7 9 1 1
0 6 8 1 1
0 1 3 1 1
0 11 2 1 1
0 10 1 1 1
0 5 7 1 1
0 9 0 1 1
0 2 4 1 1
0 3 5 1 1
0 2 1 1 1
0 9 5 1 1
0 10 4 1 1
0 6 8 1 1
0 12 3 1 1
0 8 6 1 1
0 7 7 1 1
0 1 2 1 1
0 5 9 1 1
0 3 0 1 1
0 10 4 1 1
0 7 4 1 1
0 9 4 1 1
0 6 4 1 1
0 8 4 1 1
0 5 4 1 1
0 4 4 1 1
0 3 4 1 1
0 2 4 1 1
0 1 4 1 1
0 3 13 1 1
0 7 9 1 1
0 9 7 1 1
0 2 14 1 1
0 6 10 1 1
0 12 5 1 1
0 4 12 1 1
0 8 8 1 1
0 10 6 1 1
0 5 11 1 1
0 2 6 1 1
0 3 6 1 1
0 4 6 1 1
0 5 6 1 1
0 8 6 1 1
0 6 6 1 1
0 9 6 1 1
0 7 6 1 1
0 10 6 1 1
0 1 6 1 1
0 4 11 1 1
0 7 14 1 1
0 6 13 1 1
0 1 8 1 1
0 11 7 1 1
0 10 6 1 1
0 5 12 1 1
0 9 5 1 1
0 2 9 1 1
0 3 10 1 1
0 2 6 1 1
0 9 10 1 1
0 10 9 1 1
0 6 13 1 1
0 12 8 1 1
0 8 11 1 1
0 7 12 1 1
0 1 7 1 1
0 5 14 1 1
0 3 5 1 1
0 10 9 1 1
0 7 9 1 1
0 9 9 1 1
0 6 9 1 1
0 8 9 1 1
0 5 9 1 1
0 4 9 1 1
0 3 9 1 1
0 2 9 1 1
0 1 9 1 1
0 3 18 1 1
0 7 14 1 1
0 9 12 1 1
0 2 19 1 1
0 6 15 1 1
0 12 10 1 1
0 4 17 1 1
0 8 13 1 1
0 10 11 1 1
0 5 16 1 1
0 2 11 1 1
0 3 11 1 1
0 4 11 1 1
0 5 11 1 1
0 8 11 1 1
0 6 11 1 1
0 9 11 1 1
0 7 11 1 1
0 10 11 1 1
0 1 11 1 1
0 4 16 1 1
0 7 19 1 1
0 6 18 1 1
0 1 13 1 1
0 11 12 1 1
0 10 11 1 1
0 5 17 1 1
0 9 10 1 1
0 2 14 1 1
0 3 15 1 1
0 2 11 1 1
0 9 15 1 1
0 10 14 1 1
0 6 18 1 1
0 12 13 1 1
0 8 16 1 1
0 7 17 1 1
0 1 12 1 1
0 5 19 1 1
0 3 10 1 1
0 10 14 1 1
0 7 14 1 1
0 9 14 1 1
0 6 14 1 1
0 8 14 1 1
0 5 14 1 1
0 4 14 1 1
0 3 14 1 1
0 2 14 1 1
0 1 14 1 1
0 3 23 1 1
0 7 19 1 1
0 9 17 1 1
0 2 24 1 1
0 6 20 1 1
0 12 15 1 1
0 4 22 1 1
0 8 18 1 1
0 10 16 1 1
0 5 21 1 1
0 2 16 1 1
0 3 16 1 1
0 4 16 1 1
0 5 16 1 1
0 8 16 1 1
0 6 16 1 1
0 9 16 1 1
0 7 16 1 1
0 10 16 1 1
0 1 16 1 1
0 4 21 1 1
0 7 24 1 1
0 6 23 1 1
0 1 18 1 1
0 11 17 1 1
0 10 16 1 1
0 5 22 1 1
0 9 15 1 1
0 2 19 1 1
0 3 20 1 1
0 2 16 1 1
0 9 20 1 1
0 10 19 1 1
0 6 23 1 1
0 12 18 1 1
0 8 21 1 1
0 7 22 1 1
0 1 17 1 1
0 5 24 1 1
0 3 15 1 1
0 10 19 1 1
0 7 19 1 1
0 9 19 1 1
0 6 19 1 1
0 8 19 1 1
0 5 19 1 1
0 4 19 1 1
0 3 19 1 1
0 2 19 1 1
0 1 19 1 1
0 3 28 1 1
0 7 24 1 1
0 9 22 1 1
0 2 29 1 1
0 6 25 1 1
0 12 20 1 1
0 4 27 1 1
0 8 23 1 1
0 10 21 1 1
0 5 26 1 1
0 2 21 1 1
0 3 21 1 1
0 4 21 1 1
0 5 21 1 1
0 8 21 1 1
0 6 21 1 1
0 9 21 1 1
0 7 21 1 1
0 10 21 1 1
0 1 21 1 1
0 4 26 1 1
0 7 29 1 1
0 6 28 1 1
0 1 23 1 1
0 11 22 1 1
0 10 21 1 1
0 5 27 1 1
0 9 20 1 1
0 2 24 1 1
0 3 25 1 1
0 2 21 1 1
0 9 25 1 1
0 10 24 1 1
0 6 28 1 1
0 12 23 1 1
0 8 26 1 1
0 7 27 1 1
0 1 22 1 1
0 5 29 1 1
0 3 20 1 1
0 10 24 1 1
0 7 24 1 1
0 9 24 1 1
0 6 24 1 1
0 8 24 1 1
0 5 24 1 1
0 4 24 1 1
0 3 24 1 1
0 2 24 1 1
0 1 24 1 1
0 3 33 1 1
0 7 29 1 1
0 9 27 1 1
0 2 34 1 1
0 6 30 1 1
0 12 25 1 1
0 4 32 1 1
0 8 28 1 1
0 10 26 1 1
0 5 31 1 1
0 2 26 1 1
0 3 26 1 1
0 4 26 1 1
0 5 26 1 1
0 8 26 1 1
0 6 26 1 1
0 9 26 1 1
0 7 26 1 1
0 10 26 1 1
0 1 26 1 1
0 4 31 1 1
0 7 34 1 1
0 6 33 1 1
0 1 28 1 1
0 11 27 1 1
0 10 26 1 1
0 5 32 1 1
0 9 25 1 1
0 2 29 1 1
0 3 30 1 1
0 2 26 1 1
0 9 30 1 1
0 10 29 1 1
0 6 33 1 1
0 12 28 1 1
0 8 31 1 1
0 7 32 1 1
0 1 27 1 1
0 5 34 1 1
0 3 25 1 1
0 10 29 1 1
0 7 29 1 1
0 9 29 1 1
0 6 29 1 1
0 8 29 1 1
0 5 29 1 1
0 4 29 1 1
0 3 29 1 1
0 2 29 1 1
0 1 29 1 1
0 3 38 1 1
0 7 34 1 1
0 9 32 1 1
0 2 39 1 1
0 6 35 1 1
0 12 30 1 1
0 4 37 1 1
0 8 33 1 1
0 10 31 1 1
0 5 36 1 1
0 2 31 1 1
0 3 31 1 1
0 4 31 1 1
0 5 31 1 1
0 8 31 1 1
0 6 31 1 1
0 9 31 1 1
0 7 31 1 1
0 10 31 1 1
0 1 31 1 1
0 4 36 1 1
0 7 39 1 1
0 6 38 1 1
0 1 33 1 1
0 11 32 1 1
0 10 31 1 1
0 5 37 1 1
0 9 30 1 1
0 2 34 1 1
0 3 35 1 1
0 2 31 1 1
0 9 35 1 1
0 10 34 1 1
0 6 38 1 1
0 12 33 1 1
0 8 36 1 1
0 7 37 1 1
0 1 32 1 1
0 5 39 1 1
0 3 30 1 1
0 10 34 1 1
0 7 34 1 1
0 9 34 1 1
0 6 34 1 1
0 8 34 1 1
0 5 34 1 1
0 4 34 1 1
0 3 34 1 1
0 2 34 1 1
0 1 34 1 1
0 3 43 1 1
0 7 39 1 1
0 9 37 1 1
0 2 44 1 1
0 6 40 1 1
0 12 35 1 1
0 4 42 1 1
0 8 38 1 1
0 10 36 1 1
0 5 41 1 1
0 2 36 1 1
0 3 36 1 1
0 4 36 1 1
0 5 36 1 1
0 8 36 1 1
0 6 36 1 1
0 9 36 1 1
0 7 36 1 1
0 10 36 1 1
0 1 36 1 1
0 4 41 1 1
0 7 44 1 1
0 6 43 1 1
0 1 38 1 1
0 11 37 1 1
0 10 36 1 1
0 5 42 1 1
0 9 35 1 1
0 2 39 1 1
0 3 40 1 1
0 2 36 1 1
0 9 40 1 1
0 10 39 1 1
0 6 43 1 1
0 12 38 1 1
0 8 41 1 1
0 7 42 1 1
0 1 37 1 1
0 5 44 1 1
0 3 35 1 1
0 10 39 1 1
0 7 39 1 1
0 9 39 1 1
0 6 39 1 1
0 8 39 1 1
0 5 39 1 1
0 4 39 1 1
0 3 39 1 1
0 2 39 1 1
0 1 39 1 1
0 3 48 1 1
0 7 44 1 1
0 9 42 1 1
0 2 49 1 1
0 6 45 1 1
0 12 40 1 1
0 4 47 1 1
0 8 43 1 1
0 10 41 1 1
0 5 46 1 1
0 2 41 1 1
0 3 41 1 1
0 4 41 1 1
0 5 41 1 1
0 8 41 1 1
0 6 41 1 1
0 9 41 1 1
0 7 41 1 1
0 10 41 1 1
0 1 41 1 1
0 4 46 1 1
0 7 49 1 1
0 6 48 1 1
0 1 43 1 1
0 11 42 1 1
0 10 41 1 1
0 5 47 1 1
0 9 40 1 1
0 2 44 1 1
0 3 45 1 1
0 2 41 1 1
0 9 45 1 1
0 10 44 1 1
0 6 48 1 1
0 12 43 1 1
0 8 46 1 1
0 7 47 1 1
0 1 42 1 1
0 5 49 1 1
0 3 40 1 1
0 10 44 1 1
0 7 44 1 1
0 9 44 1 1
0 6 44 1 1
0 8 44 1 1
0 5 44 1 1
0 4 44 1 1
0 3 44 1 1
0 2 44 1 1
0 1 44 1 1
0 3 53 1 1
0 7 49 1 1
0 9 47 1 1
0 2 54 1 1
0 6 50 1 1
0 12 45 1 1
0 4 52 1 1
0 8 48 1 1
0 10 46 1 1
0 5 51 1 1
0 2 46 1 1
0 3 46 1 1
0 4 46 1 1
0 5 46 1 1
0 8 46 1 1
0 6 46 1 1
0 9 46 1 1
0 7 46 1 1
0 10 46 1 1
0 1 46 1 1
0 4 51 1 1
0 7 54 1 1
0 6 53 1 1
0 1 48 1 1
0 11 47 1 1
0 10 46 1 1
0 5 52 1 1
0 9 45 1 1
0 2 49 1 1
0 3 50 1 1
0 2 46 1 1
0 9 50 1 1
0 10 49 1 1
0 6 53 1 1
0 12 48 1 1
0 8 51 1 1
0 7 52 1 1
0 1 47 1 1
0 5 54 1 1
0 3 45 1 1
0 10 49 1 1
0 7 49 1 1
0 9 49 1 1
0 6 49 1 1
0 8 49 1 1
0 5 49 1 1
0 4 49 1 1
0 3 49 1 1
0 2 49 1 1
0 1 49 1 1
0 3 58 1 1
0 7 54 1 1
0 9 52 1 1
0 2 59 1 1
0 6 55 1 1
0 12 50 1 1
0 4 57 1 1
0 8 53 1 1
0 10 51 1 1
0 5 56 1 1
0 2 51 1 1
0 3 51 1 1
0 4 51 1 1
0 5 51 1 1
0 8 51 1 1
0 6 51 1 1
0 9 51 1 1
0 7 51 1 1
0 10 51 1 1
0 1 51 1 1
0 4 56 1 1
0 7 59 1 1
0 6 58 1 1
0 1 53 1 1
0 11 52 1 1
0 10 51 1 1
0 5 57 1 1
0 9 50 1 1
0 2 54 1 1
0 3 55 1 1
0 2 51 1 1
0 9 55 1 1
0 10 54 1 1
0 6 58 1 1
0 12 53 1 1
0 8 56 1 1
0 7 57 1 1
0 1 52 1 1
0 5 59 1 1
0 3 50 1 1
0 10 54 1 1
0 7 54 1 1
0 9 54 1 1
0 6 54 1 1
0 8 54 1 1
0 5 54 1 1
0 4 54 1 1
0 3 54 1 1
0 2 54 1 1
0 1 54 1 1
0 3 63 1 1
0 7 59 1 1
0 9 57 1 1
0 2 64 1 1
0 6 60 1 1
0 12 55 1 1
0 4 62 1 1
0 8 58 1 1
0 10 56 1 1
0 5 61 1 1
0 2 56 1 1
0 3 56 1 1
0 4 56 1 1
0 5 56 1 1
0 8 56 1 1
0 6 56 1 1
0 9 56 1 1
0 7 56 1 1
0 10 56 1 1
0 1 56 1 1
0 4 61 1 1
0 7 64 1 1
0 6 63 1 1
0 1 58 1 1
0 11 57 1 1
0 10 56 1 1
0 5 62 1 1
0 9 55 1 1
0 2 59 1 1
0 3 60 1 1
0 2 56 1 1
0 9 60 1 1
0 10 59 1 1
0 6 63 1 1
0 12 58 1 1
0 8 61 1 1
0 7 62 1 1
0 1 57 1 1
0 5 64 1 1
0 3 55 1 1
0 10 59 1 1
0 7 59 1 1
0 9 59 1 1
0 6 59 1 1
0 8 59 1 1
0 5 59 1 1
0 4 59 1 1
0 3 59 1 1
0 2 59 1 1
0 1 59 1 1
0 3 68 1 1
0 7 64 1 1
0 9 62 1 1
0 2 69 1 1
0 6 65 1 1
0 12 60 1 1
0 4 67 1 1
0 8 63 1 1
0 10 61 1 1
0 5 66 1 1
0 2 61 1 1
0 3 61 1 1
0 4 61 1 1
0 5 61 1 1
0 8 61 1 1
0 6 61 1 1
0 9 61 1 1
0 7 61 1 1
0 10 61 1 1
0 1 61 1 1
0 4 66 1 1
0 7 69 1 1
0 6 68 1 1
0 1 63 1 1
0 11 62 1 1
0 10 61 1 1
0 5 67 1 1
0 9 60 1 1
0 2 64 1 1
0 3 65 1 1
0 2 61 1 1
0 9 65 1 1
0 10 64 1 1
0 6 68 1 1
0 12 63 1 1
0 8 66 1 1
0 7 67 1 1
0 1 62 1 1
0 5 69 1 1
0 3 60 1 1
0 10 64 1 1
0 7 64 1 1
0 9 64 1 1
0 6 64 1 1
0 8 64 1 1
0 5 64 1 1
0 4 64 1 1
0 3 64 1 1
0 2 64 1 1
0 1 64 1 1
0 3 73 1 1
0 7 69 1 1
0 9 67 1 1
0 2 74 1 1
0 6 70 1 1
0 12 65 1 1
0 4 72 1 1
0 8 68 1 1
0 10 66 1 1
0 5 71 1 1
0 2 66 1 1
0 3 66 1 1
0 4 66 1 1
0 5 66 1 1
0 8 66 1 1
0 6 66 1 1
0 9 66 1 1
0 7 66 1 1
0 10 66 1 1
0 1 66 1 1
0 4 71 1 1
0 7 74 1 1
0 6 73 1 1
0 1 68 1 1
0 11 67 1 1
0 10 66 1 1
0 5 72 1 1
0 9 65 1 1
0 2 69 1 1
0 3 70 1 1
0 2 66 1 1
0 9 70 1 1
0 10 69 1 1
0 6 73 1 1
0 12 68 1 1
0 8 71 1 1
0 7 72 1 1
0 1 67 1 1
0 5 74 1 1
0 3 65 1 1
0 10 69 1 1
0 7 69 1 1
0 9 69 1 1
0 6 69 1 1
0 8 69 1 1
0 5 69 1 1
0 4 69 1 1
0 3 69 1 1
0 2 69 1 1
0 1 69 1 1
0 3 78 1 1
0 7 74 1 1
0 9 72 1 1
0 2 79 1 1
0 6 75 1 1
0 12 70 1 1
0 4 77 1 1
0 8 73 1 1
0 10 71 1 1
0 5 76 1 1
0 2 71 1 1
0 3 71 1 1
0 4 71 1 1
0 5 71 1 1
0 8 71 1 1
0 6 71 1 1
0 9 71 1 1
0 7 71 1 1
0 10 71 1 1
0 1 71 1 1
0 4 76 1 1
0 7 79 1 1
0 6 78 1 1
0 1 73 1 1
0 11 72 1 1
0 10 71 1 1
0 5 77 1 1
0 9 70 1 1
0 2 74 1 1
0 3 75 1 1
0 2 71 1 1
0 9 75 1 1
0 10 74 1 1
0 6 78 1 1
0 12 73 1 1
0 8 76 1 1
0 7 77 1 1
0 1 72 1 1
0 5 79 1 1
0 3 70 1 1
0 10 74 1 1
0 7 74 1 1
0 9 74 1 1
0 6 74 1 1
0 8 74 1 1
0 5 74 1 1
0 4 74 1 1
0 3 74 1 1
0 2 74 1 1
0 1 74 1 1
0 3 83 1 1
0 7 79 1 1
0 9 77 1 1
0 2 84 1 1
0 6 80 1 1
0 12 75 1 1
0 4 82 1 1
0 8 78 1 1
0 10 76 1 1
0 5 81 1 1
0 2 76 1 1
0 3 76 1 1
0 4 76 1 1
0 5 76 1 1
0 8 76 1 1
0 6 76 1 1
0 9 76 1 1
0 7 76 1 1
0 10 76 1 1
0 1 76 1 1
0 4 81 1 1
0 7 84 1 1
0 6 83 1 1
0 1 78 1 1
0 11 77 1 1
0 10 76 1 1
0 5 82 1 1
0 9 75 1 1
0 2 79 1 1
0 3 80 1 1
0 2 76 1 1
0 9 80 1 1
0 10 79 1 1
0 6 83 1 1
0 12 78 1 1
0 8 81 1 1
0 7 82 1 1
0 1 77 1 1
0 5 84 1 1
0 3 75 1 1
0 10 79 1 1
0 7 79 1 1
0 9 79 1 1
0 6 79 1 1
0 8 79 1 1
0 5 79 1 1
0 4 79 1 1
0 3 79 1 1
0 2 79 1 1
0 1 79 1 1
0 3 88 1 1
0 7 84 1 1
0 9 82 1 1
0 2 89 1 1
0 6 85 1 1
0 12 80 1 1
0 4 87 1 1
0 8 83 1 1
0 10 81 1 1
0 5 86 1 1
0 2 81 1 1
0 3 81 1 1
0 4 81 1 1
0 5 81 1 1
0 8 81 1 1
0 6 81 1 1
0 9 81 1 1
0 7 81 1 1
0 10 81 1 1
0 1 81 1 1
0 4 86 1 1
0 7 89 1 1
0 6 88 1 1
0 1 83 1 1
0 11 82 1 1
0 10 81 1 1
0 5 87 1 1
0 9 80 1 1
0 2 84 1 1
0 3 85 1 1
0 2 81 1 1
0 9 85 1 1
0 10 84 1 1
0 6 88 1 1
0 12 83 1 1
0 8 86 1 1
0 7 87 1 1
0 1 82 1 1
0 5 89 1 1
0 3 80 1 1
0 10 84 1 1
0 7 84 1 1
0 9 84 1 1
0 6 84 1 1
0 8 84 1 1
0 5 84 1 1
0 4 84 1 1
0 3 84 1 1
0 2 84 1 1
0 1 84 1 1
0 3 93 1 1
0 7 89 1 1
0 9 87 1 1
0 2 94 1 1
0 6 90 1 1
0 12 85 1 1
0 4 92 1 1
0 8 88 1 1
0 10 86 1 1
0 5 91 1 1
0 2 86 1 1
0 3 86 1 1
0 4 86 1 1
0 5 86 1 1
0 8 86 1 1
0 6 86 1 1
0 9 86 1 1
0 7 86 1 1
0 10 86 1 1
0 1 86 1 1
0 4 91 1 1
0 7 94 1 1
0 6 93 1 1
0 1 88 1 1
0 11 87 1 1
0 10 86 1 1
0 5 92 1 1
0 9 85 1 1
0 2 89 1 1
0 3 90 1 1
0 2 86 1 1
0 9 90 1 1
0 10 89 1 1
0 6 93 1 1
0 12 88 1 1
0 8 91 1 1
0 7 92 1 1
0 1 87 1 1
0 5 94 1 1
0 3 85 1 1
0 10 89 1 1
0 7 89 1 1
0 9 89 1 1
0 6 89 1 1
0 8 89 1 1
0 5 89 1 1
0 4 89 1 1
0 3 89 1 1
0 2 89 1 1
0 1 89 1 1
0 3 98 1 1
0 7 94 1 1
0 9 92 1 1
0 2 99 1 1
0 6 95 1 1
0 12 90 1 1
0 4 97 1 1
0 8 93 1 1
0 10 91 1 1
0 5 96 1 1
0 2 91 1 1
0 3 91 1 1
0 4 91 1 1
0 5 91 1 1
0 8 91 1 1
0 6 91 1 1
0 9 91 1 1
0 7 91 1 1
0 10 91 1 1
0 1 91 1 1
0 4 96 1 1
0 7 99 1 1
0 6 98 1 1
0 1 93 1 1
0 11 92 1 1
0 10 91 1 1
0 5 97 1 1
0 9 90 1 1
0 2 94 1 1
0 3 95 1 1
0 2 91 1 1
0 9 95 1 1
0 10 94 1 1
0 6 98 1 1
0 12 93 1 1
0 8 96 1 1
0 7 97 1 1
0 1 92 1 1
0 5 99 1 1
0 3 90 1 1
0 10 94 1 1
0 7 94 1 1
0 9 94 1 1
0 6 94 1 1
0 8 94 1 1
0 5 94 1 1
0 4 94 1 1
0 3 94 1 1
0 2 94 1 1
0 1 94 1 1
0 3 103 1 1
0 7 99 1 1
0 9 97 1 1
0 2 104 1 1
0 6 100 1 1
0 12 95 1 1
0 4 102 1 1
0 8 98 1 1
0 10 96 1 1
0 5 101 1 1
0 2 96 1 1
0 3 96 1 1
0 4 96 1 1
0 5 96 1 1
0 8 96 1 1
0 6 96 1 1
0 9 96 1 1
0 7 96 1 1
0 10 96 1 1
0 1 96 1 1
0 4 101 1 1
0 7 104 1 1
0 6 103 1 1
0 1 98 1 1
0 11 97 1 1
0 10 96 1 1
0 5 102 1 1
0 9 95 1 1
0 2 99 1 1
0 3 100 1 1
0 2 96 1 1
0 9 100 1 1
0 10 99 1 1
0 6 103 1 1
0 12 98 1 1
0 8 101 1 1
0 7 102 1 1
0 1 97 1 1
0 5 104 1 1
0 3 95 1 1
0 10 99 1 1
0 7 99 1 1
0 9 99 1 1
0 6 99 1 1
0 8 99 1 1
0 5 99 1 1
0 4 99 1 1
0 3 99 1 1
0 2 99 1 1
0 1 99 1 1
0 3 108 1 1
0 7 104 1 1
0 9 102 1 1
0 2 109 1 1
0 6 105 1 1
0 12 100 1 1
0 4 107 1 1
0 8 103 1 1
0 10 101 1 1
0 5 106 1 1
0 2 101 1 1
0 3 101 1 1
0 4 101 1 1
0 5 101 1 1
0 8 101 1 1
0 6 101 1 1
0 9 101 1 1
0 7 101 1 1
0 10 101 1 1
0 1 101 1 1
0 4 106 1 1
0 7 109 1 1
0 6 108 1 1
0 1 103 1 1
0 11 102 1 1
0 10 101 1 1
0 5 107 1 1
0 9 100 1 1
0 2 104 1 1
0 3 105 1 1
0 2 101 1 1
0 9 105 1 1
0 10 104 1 1
0 6 108 1 1
0 12 103 1 1
0 8 106 1 1
0 7 107 1 1
0 1 102 1 1
0 5 109 1 1
0 3 100 1 1
0 10 104 1 1
0 7 104 1 1
0 9 104 1 1
0 6 104 1 1
0 8 104 1 1
0 5 104 1 1
0 4 104 1 1
0 3 104 1 1
0 2 104 1 1
0 1 104 1 1
0 3 113 1 1
0 7 109 1 1
0 9 107 1 1
0 2 114 1 1
0 6 110 1 1
0 12 105 1 1
0 4 112 1 1
0 8 108 1 1
0 10 106 1 1
0 5 111 1 1
0 2 106 1 1
0 3 106 1 1
0 4 106 1 1
0 5 106 1 1
0 8 106 1 1
0 6 106 1 1
0 9 106 1 1
0 7 106 1 1
0 10 106 1 1
0 1 106 1 1
0 4 111 1 1
0 7 114 1 1
0 6 113 1 1
0 1 108 1 1
0 11 107 1 1
0 10 106 1 1
0 5 112 1 1
0 9 105 1 1
0 2 109 1 1
0 3 110 1 1
0 2 106 1 1
0 9 110 1 1
0 10 109 1 1
0 6 113 1 1
0 12 108 1 1
0 8 111 1 1
0 7 112 1 1
0 1 107 1 1
0 5 114 1 1
0 3 105 1 1
0 10 109 1 1
0 7 109 1 1
0 9 109 1 1
0 6 109 1 1
0 8 109 1 1
0 5 109 1 1
0 4 109 1 1
0 3 109 1 1
0 2 109 1 1
0 1 109 1 1
0 3 118 1 1
0 7 114 1 1
0 9 112 1 1
0 2 119 1 1
0 6 115 1 1
0 12 110 1 1
0 4 117 1 1
0 8 113 1 1
0 10 111 1 1
0 5 116 1 1
0 2 111 1 1
0 3 111 1 1
0 4 111 1 1
0 5 111 1 1
0 8 111 1 1
0 6 111 1 1
0 9 111 1 1
0 7 111 1 1
0 10 111 1 1
0 1 111 1 1
0 4 116 1 1
0 7 119 1 1
0 6 118 1 1
0 1 113 1 1
0 11 112 1 1
0 10 111 1 1
0 5 117 1 1
0 9 110 1 1
0 2 114 1 1
0 3 115 1 1
0 2 111 1 1
0 9 115 1 1
0 10 114 1 1
0 6 118 1 1
0 12 113 1 1
0 8 116 1 1
0 7 117 1 1
0 1 112 1 1
0 5 119 1 1
0 3 110 1 1
0 10 114 1 1
0 7 114 1 1
0 9 114 1 1
0 6 114 1 1
0 8 114 1 1
0 5 114 1 1
0 4 114 1 1
0 3 114 1 1
0 2 114 1 1
0 1 114 1 1
0 3 123 1 1
0 7 119 1 1
0 9 117 1 1
0 2 124 1 1
0 6 120 1 1
0 12 115 1 1
0 4 122 1 1
0 8 118 1 1
0 10 116 1 1
0 5 121 1 1
0 2 116 1 1
0 3 116 1 1
0 4 116 1 1
0 5 116 1 1
0 8 116 1 1
0 6 116 1 1
0 9 116 1 1
0 7 116 1 1
0 10 116 1 1
0 1 116 1 1
0 4 121 1 1
0 7 124 1 1
0 6 123 1 1
0 1 118 1 1
0 11 117 1 1
0 10 116 1 1
0 5 122 1 1
0 9 115 1 1
0 2 119 1 1
0 3 120 1 1
0 2 116 1 1
0 9 120 1 1
0 10 119 1 1
0 6 123 1 1
0 12 118 1 1
0 8 121 1 1
0 7 122 1 1
0 1 117 1 1
0 5 124 1 1
0 3 115 1 1
0 10 119 1 1
0 7 119 1 1
0 9 119 1 1
0 6 119 1 1
0 8 119 1 1
0 5 119 1 1
0 4 119 1 1
0 3 119 1 1
0 2 119 1 1
0 1 119 1 1
0 3 128 1 1
0 7 124 1 1
0 9 122 1 1
0 2 129 1 1
0 6 125 1 1
0 12 120 1 1
0 4 127 1 1
0 8 123 1 1
0 10 121 1 1
0 5 126 1 1
0 2 121 1 1
0 3 121 1 1
0 4 121 1 1
0 5 121 1 1
0 8 121 1 1
0 6 121 1 1
0 9 121 1 1
0 7 121 1 1
0 10 121 1 1
0 1 121 1 1
0 4 126 1 1
0 7 129 1 1
0 6 128 1 1
0 1 123 1 1
0 11 122 1 1
0 10 121 1 1
0 5 127 1 1
0 9 120 1 1
0 2 124 1 1
0 3 125 1 1
0 2 121 1 1
0 9 125 1 1
0 10 124 1 1
0 6 128 1 1
0 12 123 1 1
0 8 126 1 1
0 7 127 1 1
0 1 122 1 1
0 5 129 1 1
0 3 120 1 1
0 10 124 1 1
0 7 124 1 1
0 9 124 1 1
0 6 124 1 1
0 8 124 1 1
0 5 124 1 1
0 4 124 1 1
0 3 124 1 1
0 2 124 1 1
0 1 124 1 1
0 3 133 1 1
0 7 129 1 1
0 9 127 1 1
0 2 134 1 1
0 6 130 1 1
0 12 125 1 1
0 4 132 1 1
0 8 128 1 1
0 10 126 1 1
0 5 131 1 1
0 2 126 1 1
0 3 126 1 1
0 4 126 1 1
0 5 126 1 1
0 8 126 1 1
0 6 126 1 1
0 9 126 1 1
0 7 126 1 1
0 10 126 1 1
0 1 126 1 1
0 4 131 1 1
0 7 134 1 1
0 6 133 1 1
0 1 128 1 1
0 11 127 1 1
0 10 126 1 1
0 5 132 1 1
0 9 125 1 1
0 2 129 1 1
0 3 130 1 1
0 2 126 1 1
0 9 130 1 1
0 10 129 1 1
0 6 133 1 1
0 12 128 1 1
0 8 131 1 1
0 7 132 1 1
0 1 127 1 1
0 5 134 1 1
0 3 125 1 1
0 10 129 1 1
0 7 129 1 1
0 9 129 1 1
0 6 129 1 1
0 8 129 1 1
0 5 129 1 1
0 4 129 1 1
0 3 129 1 1
0 2 129 1 1
0 1 129 1 1
0 3 138 1 1
0 7 134 1 1
0 9 132 1 1
0 2 139 1 1
0 6 135 1 1
0 12 130 1 1
0 4 137 1 1
0 8 133 1 1
0 10 131 1 1
0 5 136 1 1
0 2 131 1 1
0 3 131 1 1
0 4 131 1 1
0 5 131 1 1
0 8 131 1 1
0 6 131 1 1
0 9 131 1 1
0 7 131 1 1
0 10 131 1 1
0 1 131 1 1
0 4 136 1 1
0 7 139 1 1
0 6 138 1 1
0 1 133 1 1
0 11 132 1 1
0 10 131 1 1
0 5 137 1 1
0 9 130 1 1
0 2 134 1 1
0 3 135 1 1
0 2 131 1 1
0 9 135 1 1
0 10 134 1 1
0 6 138 1 1
0 12 133 1 1
0 8 136 1 1
0 7 137 1 1
0 1 132 1 1
0 5 139 1 1
0 3 130 1 1
0 10 134 1 1
0 7 134 1 1
0 9 134 1 1
0 6 134 1 1
0 8 134 1 1
0 5 134 1 1
0 4 134 1 1
0 3 134 1 1
0 2 134 1 1
0 1 134 1 1
0 3 143 1 1
0 7 139 1 1
0 9 137 1 1
0 2 144 1 1
0 6 140 1 1
0 12 135 1 1
0 4 142 1 1
0 8 138 1 1
0 10 136 1 1
0 5 141 1 1
0 2 136 1 1
0 3 136 1 1
0 4 136 1 1
0 5 136 1 1
0 8 136 1 1
0 6 136 1 1
0 9 136 1 1
0 7 136 1 1
0 10 136 1 1
0 1 136 1 1
0 4 141 1 1
0 7 144 1 1
0 6 143 1 1
0 1 138 1 1
0 11 137 1 1
0 10 136 1 1
0 5 142 1 1
0 9 135 1 1
0 2 139 1 1
0 3 140 1 1
0 2 136 1 1
0 9 140 1 1
0 10 139 1 1
0 6 143 1 1
0 12 138 1 1
0 8 141 1 1
0 7 142 1 1
0 1 137 1 1
0 5 144 1 1
0 3 135 1 1
0 10 139 1 1
0 7 139 1 1
0 9 139 1 1
0 6 139 1 1
0 8 139 1 1
0 5 139 1 1
0 4 139 1 1
0 3 139 1 1
0 2 139 1 1
0 1 139 1 1
0 3 148 1 1
0 7 144 1 1
0 9 142 1 1
0 2 149 1 1
0 6 145 1 1
0 12 140 1 1
0 4 147 1 1
0 8 143 1 1
0 10 141 1 1
0 5 146 1 1
0 2 141 1 1
0 3 141 1 1
0 4 141 1 1
0 5 141 1 1
0 8 141 1 1
0 6 141 1 1
0 9 141 1 1
0 7 141 1 1
0 10 141 1 1
0 1 141 1 1
0 4 146 1 1
0 7 149 1 1
0 6 148 1 1
0 1 143 1 1
0 11 142 1 1
0 10 141 1 1
0 5 147 1 1
0 9 140 1 1
0 2 144 1 1
0 3 145 1 1
0 2 141 1 1
0 9 145 1 1
0 10 144 1 1
0 6 148 1 1
0 12 143 1 1
0 8 146 1 1
0 7 147 1 1
0 1 142 1 1
0 5 149 1 1
0 3 140 1 1
0 10 144 1 1
0 7 144 1 1
0 9 144 1 1
0 6 144 1 1
0 8 144 1 1
0 5 144 1 1
0 4 144 1 1
0 3 144 1 1
0 2 144 1 1
0 1 144 1 1
0 3 153 1 1
0 7 149 1 1
0 9 147 1 1
0 2 154 1 1
0 6 150 1 1
0 12 145 1 1
0 4 152 1 1
0 8 148 1 1
0 10 146 1 1
0 5 151 1 1
0 2 146 1 1
0 3 146 1 1
0 4 146 1 1
0 5 146 1 1
0 8 146 1 1
0 6 146 1 1
0 9 146 1 1
0 7 146 1 1
0 10 146 1 1
0 1 146 1 1
0 4 151 1 1
0 7 154 1 1
0 6 153 1 1
0 1 148 1 1
0 11 147 1 1
0 10 146 1 1
0 5 152 1 1
0 9 145 1 1
0 2 149 1 1
0 3 150 1 1
0 2 146 1 1
0 9 150 1 1
0 10 149 1 1
0 6 153 1 1
0 12 148 1 1
0 8 151 1 1
0 7 152 1 1
0 1 147 1 1
0 5 154 1 1
0 3 145 1 1
0 10 149 1 1
0 7 149 1 1
0 9 149 1 1
0 6 149 1 1
0 8 149 1 1
0 5 149 1 1
0 4 149 1 1
0 3 149 1 1
0 2 149 1 1
0 1 149 1 1
0 3 158 1 1
0 7 154 1 1
0 9 152 1 1
0 2 159 1 1
0 6 155 1 1
0 12 150 1 1
0 4 157 1 1
0 8 153 1 1
0 10 151 1 1
0 5 156 1 1
0 2 151 1 1
0 3 151 1 1
0 4 151 1 1
0 5 151 1 1
0 8 151 1 1
0 6 151 1 1
0 9 151 1 1
0 7 151 1 1
0 10 151 1 1
0 1 151 1 1
0 4 156 1 1
0 7 159 1 1
0 6 158 1 1
0 1 153 1 1
0 11 152 1 1
0 10 151 1 1
0 5 157 1 1
0 9 150 1 1
0 2 154 1 1
0 3 155 1 1
0 2 151 1 1
0 9 155 1 1
0 10 154 1 1
0 6 158 1 1
0 12 153 1 1
0 8 156 1 1
0 7 157 1 1
0 1 152 1 1
0 5 159 1 1
0 3 150 1 1
0 10 154 1 1
0 7 154 1 1
0 9 154 1 1
0 6 154 1 1
0 8 154 1 1
0 5 154 1 1
0 4 154 1 1
0 3 154 1 1
0 2 154 1 1
0 1 154 1 1
0 3 163 1 1
0 7 159 1 1
0 9 157 1 1
0 2 164 1 1
0 6 160 1 1
0 12 155 1 1
0 4 162 1 1
0 8 158 1 1
0 10 156 1 1
0 5 161 1 1
0 2 156 1 1
0 3 156 1 1
0 4 156 1 1
0 5 156 1 1
0 8 156 1 1
0 6 156 1 1
0 9 156 1 1
0 7 156 1 1
0 10 156 1 1
0 1 156 1 1
0 4 161 1 1
0 7 164 1 1
0 6 163 1 1
0 1 158 1 1
0 11 157 1 1
0 10 156 1 1
0 5 162 1 1
0 9 155 1 1
0 2 159 1 1
0 3 160 1 1
0 2 156 1 1
0 9 160 1 1
0 10 159 1 1
0 6 163 1 1
0 12 158 1 1
0 8 161 1 1
0 7 162 1 1
0 1 157 1 1
0 5 164 1 1
0 3 155 1 1
0 10 159 1 1
0 7 159 1 1
0 9 159 1 1
0 6 159 1 1
0 8 159 1 1
0 5 159 1 1
0 4 159 1 1
0 3 159 1 1
0 2 159 1 1
0 1 159 1 1
0 3 168 1 1
0 7 164 1 1
0 9 162 1 1
0 2 169 1 1
0 6 165 1 1
0 12 160 1 1
0 4 167 1 1
0 8 163 1 1
0 10 161 1 1
0 5 166 1 1
0 2 161 1 1
0 3 161 1 1
0 4 161 1 1
0 5 161 1 1
0 8 161 1 1
0 6 161 1 1
0 9 161 1 1
0 7 161 1 1
0 10 161 1 1
0 1 161 1 1
0 4 166 1 1
0 7 169 1 1
0 6 168 1 1
0 1 163 1 1
0 11 162 1 1
0 10 161 1 1
0 5 167 1 1
0 9 160 1 1
0 2 164 1 1
0 3 165 1 1
0 2 161 1 1
0 9 165 1 1
0 10 164 1 1
0 6 168 1 1
0 12 163 1 1
0 8 166 1 1
0 7 167 1 1
0 1 162 1 1
0 5 169 1 1
0 3 160 1 1
0 10 164 1 1
0 7 164 1 1
0 9 164 1 1
0 6 164 1 1
0 8 164 1 1
0 5 164 1 1
0 4 164 1 1
0 3 164 1 1
0 2 164 1 1
0 1 164 1 1
0 3 173 1 1
0 7 169 1 1
0 9 167 1 1
0 2 174 1 1
0 6 170 1 1
0 12 165 1 1
0 4 172 1 1
0 8 168 1 1
0 10 166 1 1
0 5 171 1 1
0 2 166 1 1
0 3 166 1 1
0 4 166 1 1
0 5 166 1 1
0 8 166 1 1
0 6 166 1 1
0 9 166 1 1
0 7 166 1 1
0 10 166 1 1
0 1 166 1 1
0 4 171 1 1
0 7 174 1 1
0 6 173 1 1
0 1 168 1 1
0 11 167 1 1
0 10 166 1 1
0 5 172 1 1
0 9 165 1 1
0 2 169 1 1
0 3 170 1 1
0 2 166 1 1
0 9 170 1 1
0 10 169 1 1
0 6 173 1 1
0 12 168 1 1
0 8 171 1 1
0 7 172 1 1
0 1 167 1 1
0 5 174 1 1
0 3 165 1 1
0 10 169 1 1
0 7 169 1 1
0 9 169 1 1
0 6 169 1 1
0 8 169 1 1
0 5 169 1 1
0 4 169 1 1
0 3 169 1 1
0 2 169 1 1
0 1 169 1 1
0 3 178 1 1
0 7 174 1 1
0 9 172 1 1
0 2 179 1 1
0 6 175 1 1
0 12 170 1 1
0 4 177 1 1
0 8 173 1 1
0 10 171 1 1
0 5 176 1 1
0 2 171 1 1
0 3 171 1 1
0 4 171 1 1
0 5 171 1 1
0 8 171 1 1
0 6 171 1 1
0 9 171 1 1
0 7 171 1 1
0 10 171 1 1
0 1 171 1 1
0 4 176 1 1
0 7 179 1 1
0 6 178 1 1
0 1 173 1 1
0 11 172 1 1
0 10 171 1 1
0 5 177 1 1
0 9 170 1 1
0 2 174 1 1
0 3 175 1 1
0 2 171 1 1
0 9 175 1 1
0 10 174 1 1
0 6 178 1 1
0 12 173 1 1
0 8 176 1 1
0 7 177 1 1
0 1 172 1 1
0 5 179 1 1
0 3 170 1 1
0 10 174 1 1
0 7 174 1 1
0 9 174 1 1
0 6 174 1 1
0 8 174 1 1
0 5 174 1 1
0 4 174 1 1
0 3 174 1 1
0 2 174 1 1
0 1 174 1 1
0 3 183 1 1
0 7 179 1 1
0 9 177 1 1
0 2 184 1 1
0 6 180 1 1
0 12 175 1 1
0 4 182 1 1
0 8 178 1 1
0 10 176 1 1
0 5 181 1 1
0 2 176 1 1
0 3 176 1 1
0 4 176 1 1
0 5 176 1 1
0 8 176 1 1
0 6 176 1 1
0 9 176 1 1
0 7 176 1 1
0 10 176 1 1
0 1 176 1 1
0 4 181 1 1
0 7 184 1 1
0 6 183 1 1
0 1 178 1 1
0 11 177 1 1
0 10 176 1 1
0 5 182 1 1
0 9 175 1 1
0 2 179 1 1
0 3 180 1 1
0 2 176 1 1
0 9 180 1 1
0 10 179 1 1
0 6 183 1 1
0 12 178 1 1
0 8 181 1 1
0 7 182 1 1
0 1 177 1 1
0 5 184 1 1
0 3 175 1 1
0 10 179 1 1
0 7 179 1 1
0 9 179 1 1
0 6 179 1 1
0 8 179 1 1
0 5 179 1 1
0 4 179 1 1
0 3 179 1 1
0 2 179 1 1
0 1 179 1 1
0 3 188 1 1
0 7 184 1 1
0 9 182 1 1
0 2 189 1 1
0 6 185 1 1
0 12 180 1 1
0 4 187 1 1
0 8 183 1 1
0 10 181 1 1
0 5 186 1 1
0 2 181 1 1
0 3 181 1 1
0 4 181 1 1
0 5 181 1 1
0 8 181 1 1
0 6 181 1 1
0 9 181 1 1
0 7 181 1 1
0 10 181 1 1
0 1 181 1 1
0 4 186 1 1
0 7 189 1 1
0 6 188 1 1
0 1 183 1 1
0 11 182 1 1
0 10 181 1 1
0 5 187 1 1
0 9 180 1 1
0 2 184 1 1
0 3 185 1 1
0 2 181 1 1
0 9 185 1 1
0 10 184 1 1
0 6 188 1 1
0 12 183 1 1
0 8 186 1 1
0 7 187 1 1
0 1 182 1 1
0 5 189 1 1
0 3 180 1 1
0 10 184 1 1
0 7 184 1 1
0 9 184 1 1
0 6 184 1 1
0 8 184 1 1
0 5 184 1 1
0 4 184 1 1
0 3 184 1 1
0 2 184 1 1
0 1 184 1 1
0 3 193 1 1
0 7 189 1 1
0 9 187 1 1
0 2 194 1 1
0 6 190 1 1
0 12 185 1 1
0 4 192 1 1
0 8 188 1 1
0 10 186 1 1
0 5 191 1 1
0 2 186 1 1
0 3 186 1 1
0 4 186 1 1
0 5 186 1 1
0 8 186 1 1
0 6 186 1 1
0 9 186 1 1
0 7 186 1 1
0 10 186 1 1
0 1 186 1 1
0 4 191 1 1
0 7 194 1 1
0 6 193 1 1
0 1 188 1 1
0 11 187 1 1
0 10 186 1 1
0 5 192 1 1
0 9 185 1 1
0 2 189 1 1
0 3 190 1 1
0 2 186 1 1
0 9 190 1 1
0 10 189 1 1
0 6 193 1 1
0 12 188 1 1
0 8 191 1 1
0 7 192 1 1
0 1 187 1 1
0 5 194 1 1
0 3 185 1 1
0 10 189 1 1
0 7 189 1 1
0 9 189 1 1
0 6 189 1 1
0 8 189 1 1
0 5 189 1 1
0 4 189 1 1
0 3 189 1 1
0 2 189 1 1
0 1 189 1 1
0 3 198 1 1
0 7 194 1 1
0 9 192 1 1
0 2 199 1 1
0 6 195 1 1
0 12 190 1 1
0 4 197 1 1
0 8 193 1 1
0 10 191 1 1
0 5 196 1 1
0 2 191 1 1
0 3 191 1 1
0 4 191 1 1
0 5 191 1 1
0 8 191 1 1
0 6 191 1 1
0 9 191 1 1
0 7 191 1 1
0 10 191 1 1
0 1 191 1 1
0 4 196 1 1
0 7 199 1 1
0 6 198 1 1
0 1 193 1 1
0 11 192 1 1
0 10 191 1 1
0 5 197 1 1
0 9 190 1 1
0 2 194 1 1
0 3 195 1 1
0 2 191 1 1
0 9 195 1 1
0 10 194 1 1
0 6 198 1 1
0 12 193 1 1
0 8 196 1 1
0 7 197 1 1
0 1 192 1 1
0 5 199 1 1
0 3 190 1 1
0 10 194 1 1
0 7 194 1 1
0 9 194 1 1
0 6 194 1 1
0 8 194 1 1
0 5 194 1 1
0 4 194 1 1
0 3 194 1 1
0 2 194 1 1
0 1 194 1 1
0 3 203 1 1
0 7 199 1 1
0 9 197 1 1
0 2 204 1 1
0 6 200 1 1
0 12 195 1 1
0 4 202 1 1
0 8 198 1 1
0 10 196 1 1
0 5 201 1 1
0 2 196 1 1
0 3 196 1 1
0 4 196 1 1
0 5 196 1 1
0 8 196 1 1
0 6 196 1 1
0 9 196 1 1
0 7 196 1 1
0 10 196 1 1
0 1 196 1 1
0 4 201 1 1
0 7 204 1 1
0 6 203 1 1
0 1 198 1 1
0 11 197 1 1
0 10 196 1 1
0 5 202 1 1
0 9 195 1 1
0 2 199 1 1
0 3 200 1 1
0 2 196 1 1
0 9 200 1 1
0 10 199 1 1
0 6 203 1 1
0 12 198 1 1
0 8 201 1 1
0 7 202 1 1
0 1 197 1 1
0 5 204 1 1
0 3 195 1 1
0 10 199 1 1
0 7 199 1 1
0 9 199 1 1
0 6 199 1 1
0 8 199 1 1
0 5 199 1 1
0 4 199 1 1
0 3 199 1 1
0 2 199 1 1
0 1 199 1 1
0 3 208 1 1
0 7 204 1 1
0 9 202 1 1
0 2 209 1 1
0 6 205 1 1
0 12 200 1 1
0 4 207 1 1
0 8 203 1 1
0 10 201 1 1
0 5 206 1 1
0 2 201 1 1
0 3 201 1 1
0 4 201 1 1
0 5 201 1 1
0 8 201 1 1
0 6 201 1 1
0 9 201 1 1
0 7 201 1 1
0 10 201 1 1
0 1 201 1 1
0 4 206 1 1
0 7 209 1 1
0 6 208 1 1
0 1 203 1 1
0 11 202 1 1
0 10 201 1 1
0 5 207 1 1
0 9 200 1 1
0 2 204 1 1
0 3 205 1 1
0 2 201 1 1
0 9 205 1 1
0 10 204 1 1
0 6 208 1 1
0 12 203 1 1
0 8 206 1 1
0 7 207 1 1
0 1 202 1 1
0 5 209 1 1
0 3 200 1 1
0 10 204 1 1
0 7 204 1 1
0 9 204 1 1
0 6 204 1 1
0 8 204 1 1
0 5 204 1 1
0 4 204 1 1
0 3 204 1 1
0 2 204 1 1
0 1 204 1 1
0 3 213 1 1
0 7 209 1 1
0 9 207 1 1
0 2 214 1 1
0 6 210 1 1
0 12 205 1 1
0 4 212 1 1
0 8 208 1 1
0 10 206 1 1
0 5 211 1 1
0 2 206 1 1
0 3 206 1 1
0 4 206 1 1
0 5 206 1 1
0 8 206 1 1
0 6 206 1 1
0 9 206 1 1
0 7 206 1 1
0 10 206 1 1
0 1 206 1 1
0 4 211 1 1
0 7 214 1 1
0 6 213 1 1
0 1 208 1 1
0 11 207 1 1
0 10 206 1 1
0 5 212 1 1
0 9 205 1 1
0 2 209 1 1
0 3 210 1 1
0 2 206 1 1
0 9 210 1 1
0 10 209 1 1
0 6 213 1 1
0 12 208 1 1
0 8 211 1 1
0 7 212 1 1
0 1 207 1 1
0 5 214 1 1
0 3 205 1 1
0 10 209 1 1
0 7 209 1 1
0 9 209 1 1
0 6 209 1 1
0 8 209 1 1
0 5 209 1 1
0 4 209 1 1
0 3 209 1 1
0 2 209 1 1
0 1 209 1 1
0 3 218 1 1
0 7 214 1 1
0 9 212 1 1
0 2 219 1 1
0 6 215 1 1
0 12 210 1 1
0 4 217 1 1
0 8 213 1 1
0 10 211 1 1
0 5 216 1 1
0 2 211 1 1
0 3 211 1 1
0 4 211 1 1
0 5 211 1 1
0 8 211 1 1
0 6 211 1 1
0 9 211 1 1
0 7 211 1 1
0 10 211 1 1
0 1 211 1 1
0 4 216 1 1
0 7 219 1 1
0 6 218 1 1
0 1 213 1 1
0 11 212 1 1
0 10 211 1 1
0 5 217 1 1
0 9 210 1 1
0 2 214 1 1
0 3 215 1 1
0 2 211 1 1
0 9 215 1 1
0 10 214 1 1
0 6 218 1 1
0 12 213 1 1
0 8 216 1 1
0 7 217 1 1
0 1 212 1 1
0 5 219 1 1
0 3 210 1 1
0 10 214 1 1
0 7 214 1 1
0 9 214 1 1
0 6 214 1 1
0 8 214 1 1
0 5 214 1 1
0 4 214 1 1
0 3 214 1 1
0 2 214 1 1
0 1 214 1 1
0 3 223 1 1
0 7 219 1 1
0 9 217 1 1
0 2 224 1 1
0 6 220 1 1
0 12 215 1 1
0 4 222 1 1
0 8 218 1 1
0 10 216 1 1
0 5 221 1 1
0 2 216 1 1
0 3 216 1 1
0 4 216 1 1
0 5 216 1 1
0 8 216 1 1
0 6 216 1 1
0 9 216 1 1
0 7 216 1 1
0 10 216 1 1
0 1 216 1 1
0 4 221 1 1
0 7 224 1 1
0 6 223 1 1
0 1 218 1 1
0 11 217 1 1
0 10 216 1 1
0 5 222 1 1
0 9 215 1 1
0 2 219 1 1
0 3 220 1 1
0 2 216 1 1
0 9 220 1 1
0 10 219 1 1
0 6 223 1 1
0 12 218 1 1
0 8 221 1 1
0 7 222 1 1
0 1 217 1 1
0 5 224 1 1
0 3 215 1 1
0 10 219 1 1
0 7 219 1 1
0 9 219 1 1
0 6 219 1 1
0 8 219 1 1
0 5 219 1 1
0 4 219 1 1
0 3 219 1 1
0 2 219 1 1
0 1 219 1 1
0 3 228 1 1
0 7 224 1 1
0 9 222 1 1
0 2 229 1 1
0 6 225 1 1
0 12 220 1 1
0 4 227 1 1
0 8 223 1 1
0 10 221 1 1
0 5 226 1 1
0 2 221 1 1
0 3 221 1 1
0 4 221 1 1
0 5 221 1 1
0 8 221 1 1
0 6 221 1 1
0 9 221 1 1
0 7 221 1 1
0 10 221 1 1
0 1 221 1 1
0 4 226 1 1
0 7 229 1 1
0 6 228 1 1
0 1 223 1 1
0 11 222 1 1
0 10 221 1 1
0 5 227 1 1
0 9 220 1 1
0 2 224 1 1
0 3 225 1 1
0 2 221 1 1
0 9 225 1 1
0 10 224 1 1
0 6 228 1 1
0 12 223 1 1
0 8 226 1 1
0 7 227 1 1
0 1 222 1 1
0 5 229 1 1
0 3 220 1 1
0 10 224 1 1
0 7 224 1 1
0 9 224 1 1
0 6 224 1 1
0 8 224 1 1
0 5 224 1 1
0 4 224 1 1
0 3 224 1 1
0 2 224 1 1
0 1 224 1 1
0 3 233 1 1
0 7 229 1 1
0 9 227 1 1
0 2 234 1 1
0 6 230 1 1
0 12 225 1 1
0 4 232 1 1
0 8 228 1 1
0 10 226 1 1
0 5 231 1 1
0 2 226 1 1
0 3 226 1 1
0 4 226 1 1
0 5 226 1 1
0 8 226 1 1
0 6 226 1 1
0 9 226 1 1
0 7 226 1 1
0 10 226 1 1
0 1 226 1 1
0 4 231 1 1
0 7 234 1 1
0 6 233 1 1
0 1 228 1 1
0 11 227 1 1
0 10 226 1 1
0 5 232 1 1
0 9 225 1 1
0 2 229 1 1
0 3 230 1 1
0 2 226 1 1
0 9 230 1 1
0 10 229 1 1
0 6 233 1 1
0 12 228 1 1
0 8 231 1 1
0 7 232 1 1
0 1 227 1 1
0 5 234 1 1
0 3 225 1 1
0 10 229 1 1
0 7 229 1 1
0 9 229 1 1
0 6 229 1 1
0 8 229 1 1
0 5 229 1 1
0 4 229 1 1
0 3 229 1 1
0 2 229 1 1
0 1 229 1 1
0 3 238 1 1
0 7 234 1 1
0 9 232 1 1
0 2 239 1 1
0 6 235 1 1
0 12 230 1 1
0 4 237 1 1
0 8 233 1 1
0 10 231 1 1
0 5 236 1 1
0 2 231 1 1
0 3 231 1 1
0 4 231 1 1
0 5 231 1 1
0 8 231 1 1
0 6 231 1 1
0 9 231 1 1
0 7 231 1 1
0 10 231 1 1
0 1 231 1 1
0 4 236 1 1
0 7 239 1 1
0 6 238 1 1
0 1 233 1 1
0 11 232 1 1
0 10 231 1 1
0 5 237 1 1
0 9 230 1 1
0 2 234 1 1
0 3 235 1 1
0 2 231 1 1
0 9 235 1 1
0 10 234 1 1
0 6 238 1 1
0 12 233 1 1
0 8 236 1 1
0 7 237 1 1
0 1 232 1 1
0 5 239 1 1
0 3 230 1 1
0 10 234 1 1
0 7 234 1 1
0 9 234 1 1
0 6 234 1 1
0 8 234 1 1
0 5 234 1 1
0 4 234 1 1
0 3 234 1 1
0 2 234 1 1
0 1 234 1 1
0 3 243 1 1
0 7 239 1 1
0 9 237 1 1
0 2 244 1 1
0 6 240 1 1
0 12 235 1 1
0 4 242 1 1
0 8 238 1 1
0 10 236 1 1
0 5 241 1 1
0 2 236 1 1
0 3 236 1 1
0 4 236 1 1
0 5 236 1 1
0 8 236 1 1
0 6 236 1 1
0 9 236 1 1
0 7 236 1 1
0 10 236 1 1
0 1 236 1 1
0 4 241 1 1
0 7 244 1 1
0 6 243 1 1
0 1 238 1 1
0 11 237 1 1
0 10 236 1 1
0 5 242 1 1
0 9 235 1 1
0 2 239 1 1
0 3 240 1 1
0 2 236 1 1
0 9 240 1 1
0 10 239 1 1
0 6 243 1 1
0 12 238 1 1
0 8 241 1 1
0 7 242 1 1
0 1 237 1 1
0 5 244 1 1
0 3 235 1 1
0 10 239 1 1
0 7 239 1 1
0 9 239 1 1
0 6 239 1 1
0 8 239 1 1
0 5 239 1 1
0 4 239 1 1
0 3 239 1 1
0 2 239 1 1
0 1 239 1 1
0 3 248 1 1
0 7 244 1 1
0 9 242 1 1
0 2 249 1 1
0 6 245 1 1
0 12 240 1 1
0 4 247 1 1
0 8 243 1 1
0 10 241 1 1
0 5 246 1 1
0 2 241 1 1
0 3 241 1 1
0 4 241 1 1
0 5 241 1 1
0 8 241 1 1
0 6 241 1 1
0 9 241 1 1
0 7 241 1 1
0 10 241 1 1
0 1 241 1 1
0 4 246 1 1
0 7 249 1 1
0 6 248 1 1
0 1 243 1 1
0 11 242 1 1
0 10 241 1 1
0 5 247 1 1
0 9 240 1 1
0 2 244 1 1
0 3 245 1 1
0 2 241 1 1
0 9 245 1 1
0 10 244 1 1
0 6 248 1 1
0 12 243 1 1
0 8 246 1 1
0 7 247 1 1
0 1 242 1 1
0 5 249 1 1
0 3 240 1 1
0 10 244 1 1
0 7 244 1 1
0 9 244 1 1
0 6 244 1 1
0 8 244 1 1
0 5 244 1 1
0 4 244 1 1
0 3 244 1 1
0 2 244 1 1
0 1 244 1 1
0 3 253 1 1
0 7 249 1 1
0 9 247 1 1
0 2 254 1 1
0 6 250 1 1
0 12 245 1 1
0 4 252 1 1
0 8 248 1 1
0 10 246 1 1
0 5 251 1 1
0 2 246 1 1
0 3 246 1 1
0 4 246 1 1
0 5 246 1 1
0 8 246 1 1
0 6 246 1 1
0 9 246 1 1
0 7 246 1 1
0 10 246 1 1
0 1 246 1 1
0 4 251 1 1
0 7 254 1 1
0 6 253 1 1
0 1 248 1 1
0 11 247 1 1
0 10 246 1 1
0 5 252 1 1
0 9 245 1 1
0 2 249 1 1
0 3 250 1 1
0 2 246 1 1
0 9 250 1 1
0 10 249 1 1
0 6 253 1 1
0 12 248 1 1
0 8 251 1 1
0 7 252 1 1
0 1 247 1 1
0 5 254 1 1
0 3 245 1 1
0 10 249 1 1
0 7 249 1 1
0 9 249 1 1
0 6 249 1 1
0 8 249 1 1
0 5 249 1 1
0 4 249 1 1
0 3 249 1 1
0 2 249 1 1
0 1 249 1 1
0 3 258 1 1
0 7 254 1 1
0 9 252 1 1
0 2 259 1 1
0 6 255 1 1
0 12 250 1 1
0 4 257 1 1
0 8 253 1 1
0 10 251 1 1
0 5 256 1 1
0 2 251 1 1
0 3 251 1 1
0 4 251 1 1
0 5 251 1 1
0 8 251 1 1
0 6 251 1 1
0 9 251 1 1
0 7 251 1 1
0 10 251 1 1
0 1 251 1 1
0 4 256 1 1
0 7 259 1 1
0 6 258 1 1
0 1 253 1 1
0 11 252 1 1
0 10 251 1 1
0 5 257 1 1
0 9 250 1 1
0 2 254 1 1
0 3 255 1 1
0 2 251 1 1
0 9 255 1 1
0 10 254 1 1
0 6 258 1 1
0 12 253 1 1
0 8 256 1 1
0 7 257 1 1
0 1 252 1 1
0 5 259 1 1
0 3 250 1 1
0 10 254 1 1
0 7 254 1 1
0 9 254 1 1
0 6 254 1 1
0 8 254 1 1
0 5 254 1 1
0 4 254 1 1
0 3 254 1 1
0 2 254 1 1
0 1 254 1 1
0 3 263 1 1
0 7 259 1 1
0 9 257 1 1
0 2 264 1 1
0 6 260 1 1
0 12 255 1 1
0 4 262 1 1
0 8 258 1 1
0 10 256 1 1
0 5 261 1 1
0 2 256 1 1
0 3 256 1 1
0 4 256 1 1
0 5 256 1 1
0 8 256 1 1
0 6 256 1 1
0 9 256 1 1
0 7 256 1 1
0 10 256 1 1
0 1 256 1 1
0 4 261 1 1
0 7 264 1 1
0 6 263 1 1
0 1 258 1 1
0 11 257 1 1
0 10 256 1 1
0 5 262 1 1
0 9 255 1 1
0 2 259 1 1
0 3 260 1 1
0 2 256 1 1
0 9 260 1 1
0 10 259 1 1
0 6 263 1 1
0 12 258 1 1
0 8 261 1 1
0 7 262 1 1
0 1 257 1 1
0 5 264 1 1
0 3 255 1 1
0 10 259 1 1
0 7 259 1 1
0 9 259 1 1
0 6 259 1 1
0 8 259 1 1
0 5 259 1 1
0 4 259 1 1
0 3 259 1 1
0 2 259 1 1
0 1 259 1 1
0 3 268 1 1
0 7 264 1 1
0 9 262 1 1
0 2 269 1 1
0 6 265 1 1
0 12 260 1 1
0 4 267 1 1
0 8 263 1 1
0 10 261 1 1
0 5 266 1 1
0 2 261 1 1
0 3 261 1 1
0 4 261 1 1
0 5 261 1 1
0 8 261 1 1
0 6 261 1 1
0 9 261 1 1
0 7 261 1 1
0 10 261 1 1
0 1 261 1 1
0 4 266 1 1
0 7 269 1 1
0 6 268 1 1
0 1 263 1 1
0 11 262 1 1
0 10 261 1 1
0 5 267 1 1
0 9 260 1 1
0 2 264 1 1
0 3 265 1 1
0 2 261 1 1
0 9 265 1 1
0 10 264 1 1
0 6 268 1 1
0 12 263 1 1
0 8 266 1 1
0 7 267 1 1
0 1 262 1 1
0 5 269 1 1
0 3 260 1 1
0 10 264 1 1
0 7 264 1 1
0 9 264 1 1
0 6 264 1 1
0 8 264 1 1
0 5 264 1 1
0 4 264 1 1
0 3 264 1 1
0 2 264 1 1
0 1 264 1 1
0 3 273 1 1
0 7 269 1 1
0 9 267 1 1
0 2 274 1 1
0 6 270 1 1
0 12 265 1 1
0 4 272 1 1
0 8 268 1 1
0 10 266 1 1
0 5 271 1 1
0 2 266 1 1
0 3 266 1 1
0 4 266 1 1
0 5 266 1 1
0 8 266 1 1
0 6 266 1 1
0 9 266 1 1
0 7 266 1 1
0 10 266 1 1
0 1 266 1 1
0 4 271 1 1
0 7 274 1 1
0 6 273 1 1
0 1 268 1 1
0 11 267 1 1
0 10 266 1 1
0 5 272 1 1
0 9 265 1 1
0 2 269 1 1
0 3 270 1 1
0 2 266 1 1
0 9 270 1 1
0 10 269 1 1
0 6 273 1 1
0 12 268 1 1
0 8 271 1 1
0 7 272 1 1
0 1 267 1 1
0 5 274 1 1
0 3 265 1 1
0 10 269 1 1
0 7 269 1 1
0 9 269 1 1
0 6 269 1 1
0 8 269 1 1
0 5 269 1 1
0 4 269 1 1
0 3 269 1 1
0 2 269 1 1
0 1 269 1 1
0 3 278 1 1
0 7 274 1 1
0 9 272 1 1
0 2 279 1 1
0 6 275 1 1
0 12 270 1 1
0 4 277 1 1
0 8 273 1 1
0 10 271 1 1
0 5 276 1 1
0 2 271 1 1
0 3 271 1 1
0 4 271 1 1
0 5 271 1 1
0 8 271 1 1
0 6 271 1 1
0 9 271 1 1
0 7 271 1 1
0 10 271 1 1
0 1 271 1 1
0 4 276 1 1
0 7 279 1 1
0 6 278 1 1
0 1 273 1 1
0 11 272 1 1
0 10 271 1 1
0 5 277 1 1
0 9 270 1 1
0 2 274 1 1
0 3 275 1 1
0 2 271 1 1
0 9 275 1 1
0 10 274 1 1
0 6 278 1 1
0 12 273 1 1
0 8 276 1 1
0 7 277 1 1
0 1 272 1 1
0 5 279 1 1
0 3 270 1 1
0 10 274 1 1
0 7 274 1 1
0 9 274 1 1
0 6 274 1 1
0 8 274 1 1
0 5 274 1 1
0 4 274 1 1
0 3 274 1 1
0 2 274 1 1
0 1 274 1 1
0 3 283 1 1
0 7 279 1 1
0 9 277 1 1
0 2 284 1 1
0 6 280 1 1
0 12 275 1 1
0 4 282 1 1
0 8 278 1 1
0 10 276 1 1
0 5 281 1 1
0 2 276 1 1
0 3 276 1 1
0 4 276 1 1
0 5 276 1 1
0 8 276 1 1
0 6 276 1 1
0 9 276 1 1
0 7 276 1 1
0 10 276 1 1
0 1 276 1 1
0 4 281 1 1
0 7 284 1 1
0 6 283 1 1
0 1 278 1 1
0 11 277 1 1
0 10 276 1 1
0 5 282 1 1
0 9 275 1 1
0 2 279 1 1
0 3 280 1 1
0 2 276 1 1
0 9 280 1 1
0 10 279 1 1
0 6 283 1 1
0 12 278 1 1
0 8 281 1 1
0 7 282 1 1
0 1 277 1 1
0 5 284 1 1
0 3 275 1 1
0 10 279 1 1
0 7 279 1 1
0 9 279 1 1
0 6 279 1 1
0 8 279 1 1
0 5 279 1 1
0 4 279 1 1
0 3 279 1 1
0 2 279 1 1
0 1 279 1 1
0 3 288 1 1
0 7 284 1 1
0 9 282 1 1
0 2 289 1 1
0 6 285 1 1
0 12 280 1 1
0 4 287 1 1
0 8 283 1 1
0 10 281 1 1
0 5 286 1 1
0 2 281 1 1
0 3 281 1 1
0 4 281 1 1
0 5 281 1 1
0 8 281 1 1
0 6 281 1 1
0 9 281 1 1
0 7 281 1 1
0 10 281 1 1
0 1 281 1 1
0 4 286 1 1
0 7 289 1 1
0 6 288 1 1
0 1 283 1 1
0 11 282 1 1
0 10 281 1 1
0 5 287 1 1
0 9 280 1 1
0 2 284 1 1
0 3 285 1 1
0 2 281 1 1
0 9 285 1 1
0 10 284 1 1
0 6 288 1 1
0 12 283 1 1
0 8 286 1 1
0 7 287 1 1
0 1 282 1 1
0 5 289 1 1
0 3 280 1 1
0 10 284 1 1
0 7 284 1 1
0 9 284 1 1
0 6 284 1 1
0 8 284 1 1
0 5 284 1 1
0 4 284 1 1
0 3 284 1 1
0 2 284 1 1
0 1 284 1 1
0 3 293 1 1
0 7 289 1 1
0 9 287 1 1
0 2 294 1 1
0 6 290 1 1
0 12 285 1 1
0 4 292 1 1
0 8 288 1 1
0 10 286 1 1
0 5 291 1 1
0 2 286 1 1
0 3 286 1 1
0 4 286 1 1
0 5 286 1 1
0 8 286 1 1
0 6 286 1 1
0 9 286 1 1
0 7 286 1 1
0 10 286 1 1
0 1 286 1 1
0 4 291 1 1
0 7 294 1 1
0 6 293 1 1
0 1 288 1 1
0 11 287 1 1
0 10 286 1 1
0 5 292 1 1
0 9 285 1 1
0 2 289 1 1
0 3 290 1 1
0 2 286 1 1
0 9 290 1 1
0 10 289 1 1
0 6 293 1 1
0 12 288 1 1
0 8 291 1 1
0 7 292 1 1
0 1 287 1 1
0 5 294 1 1
0 3 285 1 1
0 10 289 1 1
0 7 289 1 1
0 9 289 1 1
0 6 289 1 1
0 8 289 1 1
0 5 289 1 1
0 4 289 1 1
0 3 289 1 1
0 2 289 1 1
0 1 289 1 1
0 3 298 1 1
0 7 294 1 1
0 9 292 1 1
0 2 299 1 1
0 6 295 1 1
0 12 290 1 1
0 4 297 1 1
0 8 293 1 1
0 10 291 1 1
0 5 296 1 1
0 2 291 1 1
0 3 291 1 1
0 4 291 1 1
0 5 291 1 1
0 8 291 1 1
0 6 291 1 1
0 9 291 1 1
0 7 291 1 1
0 10 291 1 1
0 1 291 1 1
0 4 296 1 1
0 7 299 1 1
0 6 298 1 1
0 1 293 1 1
0 11 292 1 1
0 10 291 1 1
0 5 297 1 1
0 9 290 1 1
0 2 294 1 1
0 3 295 1 1
0 2 291 1 1
0 9 295 1 1
0 10 294 1 1
0 6 298 1 1
0 12 293 1 1
0 8 296 1 1
0 7 297 1 1
0 1 292 1 1
0 5 299 1 1
0 3 290 1 1
0 10 294 1 1
0 7 294 1 1
0 9 294 1 1
0 6 294 1 1
0 8 294 1 1
0 5 294 1 1
0 4 294 1 1
0 3 294 1 1
0 2 294 1 1
0 1 294 1 1
0 3 303 1 1
0 7 299 1 1
0 9 297 1 1
0 2 304 1 1
0 6 300 1 1
0 12 295 1 1
0 4 302 1 1
0 8 298 1 1
0 10 296 1 1
0 5 301 1 1
0 2 296 1 1
0 3 296 1 1
0 4 296 1 1
0 5 296 1 1
0 8 296 1 1
0 6 296 1 1
0 9 296 1 1
0 7 296 1 1
0 10 296 1 1
0 1 296 1 1
0 4 301 1 1
0 7 304 1 1
0 6 303 1 1
0 1 298 1 1
0 11 297 1 1
0 10 296 1 1
0 5 302 1 1
0 9 295 1 1
0 2 299 1 1
0 3 300 1 1
0 2 296 1 1
0 9 300 1 1
0 10 299 1 1
0 6 303 1 1
0 12 298 1 1
0 8 301 1 1
0 7 302 1 1
0 1 297 1 1
0 5 304 1 1
0 3 295 1 1
0 10 299 1 1
0 7 299 1 1
0 9 299 1 1
0 6 299 1 1
0 8 299 1 1
0 5 299 1 1
0 4 299 1 1
0 3 299 1 1
0 2 299 1 1
0 1 299 1 1
0 3 308 1 1
0 7 304 1 1
0 9 302 1 1
0 2 309 1 1
0 6 305 1 1
0 12 300 1 1
0 4 307 1 1
0 8 303 1 1
0 10 301 1 1
0 5 306 1 1
0 2 301 1 1
0 3 301 1 1
0 4 301 1 1
0 5 301 1 1
0 8 301 1 1
0 6 301 1 1
0 9 301 1 1
0 7 301 1 1
0 10 301 1 1
0 1 301 1 1
0 4 306 1 1
0 7 309 1 1
0 6 308 1 1
0 1 303 1 1
0 11 302 1 1
0 10 301 1 1
0 5 307 1 1
0 9 300 1 1
0 2 304 1 1
0 3 305 1 1
0 2 301 1 1
0 9 305 1 1
0 10 304 1 1
0 6 308 1 1
0 12 303 1 1
0 8 306 1 1
0 7 307 1 1
0 1 302 1 1
0 5 309 1 1
0 3 300 1 1
0 10 304 1 1
0 7 304 1 1
0 9 304 1 1
0 6 304 1 1
0 8 304 1 1
0 5 304 1 1
0 4 304 1 1
0 3 304 1 1
0 2 304 1 1
0 1 304 1 1
0 3 313 1 1
0 7 309 1 1
0 9 307 1 1
0 2 314 1 1
0 6 310 1 1
0 12 305 1 1
0 4 312 1 1
0 8 308 1 1
0 10 306 1 1
0 5 311 1 1
0 2 306 1 1
0 3 306 1 1
0 4 306 1 1
0 5 306 1 1
0 8 306 1 1
0 6 306 1 1
0 9 306 1 1
0 7 306 1 1
0 10 306 1 1
0 1 306 1 1
0 4 311 1 1
0 7 314 1 1
0 6 313 1 1
0 1 308 1 1
0 11 307 1 1
0 10 306 1 1
0 5 312 1 1
0 9 305 1 1
0 2 309 1 1
0 3 310 1 1
0 2 306 1 1
0 9 310 1 1
0 10 309 1 1
0 6 313 1 1
0 12 308 1 1
0 8 311 1 1
0 7 312 1 1
0 1 307 1 1
0 5 314 1 1
0 3 305 1 1
0 10 309 1 1
0 7 309 1 1
0 9 309 1 1
0 6 309 1 1
0 8 309 1 1
0 5 309 1 1
0 4 309 1 1
0 3 309 1 1
0 2 309 1 1
0 1 309 1 1
0 3 318 1 1
0 7 314 1 1
0 9 312 1 1
0 2 319 1 1
0 6 315 1 1
0 12 310 1 1
0 4 317 1 1
0 8 313 1 1
0 10 311 1 1
0 5 316 1 1
0 2 311 1 1
0 3 311 1 1
0 4 311 1 1
0 5 311 1 1
0 8 311 1 1
0 6 311 1 1
0 9 311 1 1
0 7 311 1 1
0 10 311 1 1
0 1 311 1 1
0 4 316 1 1
0 7 319 1 1
0 6 318 1 1
0 1 313 1 1
0 11 312 1 1
0 10 311 1 1
0 5 317 1 1
0 9 310 1 1
0 2 314 1 1
0 3 315 1 1
0 2 311 1 1
0 9 315 1 1
0 10 314 1 1
0 6 318 1 1
0 12 313 1 1
0 8 316 1 1
0 7 317 1 1
0 1 312 1 1
0 5 319 1 1
0 3 310 1 1
0 10 314 1 1
0 7 314 1 1
0 9 314 1 1
0 6 314 1 1
0 8 314 1 1
0 5 314 1 1
0 4 314 1 1
0 3 314 1 1
0 2 314 1 1
0 1 314 1 1
0 3 323 1 1
0 7 319 1 1
0 9 317 1 1
0 2 324 1 1
0 6 320 1 1
0 12 315 1 1
0 4 322 1 1
0 8 318 1 1
0 10 316 1 1
0 5 321 1 1
0 2 316 1 1
0 3 316 1 1
0 4 316 1 1
0 5 316 1 1
0 8 316 1 1
0 6 316 1 1
0 9 316 1 1
0 7 316 1 1
0 10 316 1 1
0 1 316 1 1
0 4 321 1 1
0 7 324 1 1
0 6 323 1 1
0 1 318 1 1
0 11 317 1 1
0 10 316 1 1
0 5 322 1 1
0 9 315 1 1
0 2 319 1 1
0 3 320 1 1
0 2 316 1 1
0 9 320 1 1
0 10 319 1 1
0 6 323 1 1
0 12 318 1 1
0 8 321 1 1
0 7 322 1 1
0 1 317 1 1
0 5 324 1 1
0 3 315 1 1
0 10 319 1 1
0 7 319 1 1
0 9 319 1 1
0 6 319 1 1
0 8 319 1 1
0 5 319 1 1
0 4 319 1 1
0 3 319 1 1
0 2 319 1 1
0 1 319 1 1
0 3 328 1 1
0 7 324 1 1
0 9 322 1 1
0 2 329 1 1
0 6 325 1 1
0 12 320 1 1
0 4 327 1 1
0 8 323 1 1
0 10 321 1 1
0 5 326 1 1
0 2 321 1 1
0 3 321 1 1
0 4 321 1 1
0 5 321 1 1
0 8 321 1 1
0 6 321 1 1
0 9 321 1 1
0 7 321 1 1
0 10 321 1 1
0 1 321 1 1
0 4 326 1 1
0 7 329 1 1
0 6 328 1 1
0 1 323 1 1
0 11 322 1 1
0 10 321 1 1
0 5 327 1 1
0 9 320 1 1
0 2 324 1 1
0 3 325 1 1
0 2 321 1 1
0 9 325 1 1
0 10 324 1 1
0 6 328 1 1
0 12 323 1 1
0 8 326 1 1
0 7 327 1 1
0 1 322 1 1
0 5 329 1 1
0 3 320 1 1
0 10 324 1 1
0 7 324 1 1
0 9 324 1 1
0 6 324 1 1
0 8 324 1 1
0 5 324 1 1
0 4 324 1 1
0 3 324 1 1
0 2 324 1 1
0 1 324 1 1
0 3 333 1 1
0 7 329 1 1
0 9 327 1 1
0 2 334 1 1
0 6 330 1 1
0 12 325 1 1
0 4 332 1 1
0 8 328 1 1
0 10 326 1 1
0 5 331 1 1
0 2 326 1 1
0 3 326 1 1
0 4 326 1 1
0 5 326 1 1
0 8 326 1 1
0 6 326 1 1
0 9 326 1 1
0 7 326 1 1
0 10 326 1 1
0 1 326 1 1
0 4 331 1 1
0 7 334 1 1
0 6 333 1 1
0 1 328 1 1
0 11 327 1 1
0 10 326 1 1
0 5 332 1 1
0 9 325 1 1
0 2 329 1 1
0 3 330 1 1
0 2 326 1 1
0 9 330 1 1
0 10 329 1 1
0 6 333 1 1
0 12 328 1 1
0 8 331 1 1
0 7 332 1 1
0 1 327 1 1
0 5 334 1 1
0 3 325 1 1
0 10 329 1 1
0 7 329 1 1
0 9 329 1 1
0 6 329 1 1
0 8 329 1 1
0 5 329 1 1
0 4 329 1 1
0 3 329 1 1
0 2 329 1 1
0 1 329 1 1
0 3 338 1 1
0 7 334 1 1
0 9 332 1 1
0 2 339 1 1
0 6 335 1 1
0 12 330 1 1
0 4 337 1 1
0 8 333 1 1
0 10 331 1 1
0 5 336 1 1
0 2 331 1 1
0 3 331 1 1
0 4 331 1 1
0 5 331 1 1
0 8 331 1 1
0 6 331 1 1
0 9 331 1 1
0 7 331 1 1
0 10 331 1 1
0 1 331 1 1
0 4 336 1 1
0 7 339 1 1
0 6 338 1 1
0 1 333 1 1
0 11 332 1 1
0 10 331 1 1
0 5 337 1 1
0 9 330 1 1
0 2 334 1 1
0 3 335 1 1
0 2 331 1 1
0 9 335 1 1
0 10 334 1 1
0 6 338 1 1
0 12 333 1 1
0 8 336 1 1
0 7 337 1 1
0 1 332 1 1
0 5 339 1 1
0 3 330 1 1
0 10 334 1 1
0 7 334 1 1
0 9 334 1 1
0 6 334 1 1
0 8 334 1 1
0 5 334 1 1
0 4 334 1 1
0 3 334 1 1
0 2 334 1 1
0 1 334 1 1
0 3 343 1 1
0 7 339 1 1
0 9 337 1 1
0 2 344 1 1
0 6 340 1 1
0 12 335 1 1
0 4 342 1 1
0 8 338 1 1
0 10 336 1 1
0 5 341 1 1
0 2 336 1 1
0 3 336 1 1
0 4 336 1 1
0 5 336 1 1
0 8 336 1 1
0 6 336 1 1
0 9 336 1 1
0 7 336 1 1
0 10 336 1 1
0 1 336 1 1
0 4 341 1 1
0 7 344 1 1
0 6 343 1 1
0 1 338 1 1
0 11 337 1 1
0 10 336 1 1
0 5 342 1 1
0 9 335 1 1
0 2 339 1 1
0 3 340 1 1
0 2 336 1 1
0 9 340 1 1
0 10 339 1 1
0 6 343 1 1
0 12 338 1 1
0 8 341 1 1
0 7 342 1 1
0 1 337 1 1
0 5 344 1 1
0 3 335 1 1
0 10 339 1 1
0 7 339 1 1
0 9 339 1 1
0 6 339 1 1
0 8 339 1 1
0 5 339 1 1
0 4 339 1 1
0 3 339 1 1
0 2 339 1 1
0 1 339 1 1
0 3 348 1 1
0 7 344 1 1
0 9 342 1 1
0 2 349 1 1
0 6 345 1 1
0 12 340 1 1
0 4 347 1 1
0 8 343 1 1
0 10 341 1 1
0 5 346 1 1
0 2 341 1 1
0 3 341 1 1
0 4 341 1 1
0 5 341 1 1
0 8 341 1 1
0 6 341 1 1
0 9 341 1 1
0 7 341 1 1
0 10 341 1 1
0 1 341 1 1
0 4 346 1 1
0 7 349 1 1
0 6 348 1 1
0 1 343 1 1
0 11 342 1 1
0 10 341 1 1
0 5 347 1 1
0 9 340 1 1
0 2 344 1 1
0 3 345 1 1
0 2 341 1 1
0 9 345 1 1
0 10 344 1 1
0 6 348 1 1
0 12 343 1 1
0 8 346 1 1
0 7 347 1 1
0 1 342 1 1
0 5 349 1 1
0 3 340 1 1
0 10 344 1 1
0 7 344 1 1
0 9 344 1 1
0 6 344 1 1
0 8 344 1 1
0 5 344 1 1
0 4 344 1 1
0 3 344 1 1
0 2 344 1 1
0 1 344 1 1
0 3 353 1 1
0 7 349 1 1
0 9 347 1 1
0 2 354 1 1
0 6 350 1 1
0 12 345 1 1
0 4 352 1 1
0 8 348 1 1
0 10 346 1 1
0 5 351 1 1
0 2 346 1 1
0 3 346 1 1
0 4 346 1 1
0 5 346 1 1
0 8 346 1 1
0 6 346 1 1
0 9 346 1 1
0 7 346 1 1
0 10 346 1 1
0 1 346 1 1
0 4 351 1 1
0 7 354 1 1
0 6 353 1 1
0 1 348 1 1
0 11 347 1 1
0 10 346 1 1
0 5 352 1 1
0 9 345 1 1
0 2 349 1 1
0 3 350 1 1
0 2 346 1 1
0 9 350 1 1
0 10 349 1 1
0 6 353 1 1
0 12 348 1 1
0 8 351 1 1
0 7 352 1 1
0 1 347 1 1
0 5 354 1 1
0 3 345 1 1
0 10 349 1 1
0 7 349 1 1
0 9 349 1 1
0 6 349 1 1
0 8 349 1 1
0 5 349 1 1
0 4 349 1 1
0 3 349 1 1
0 2 349 1 1
0 1 349 1 1
0 3 358 1 1
0 7 354 1 1
0 9 352 1 1
0 2 359 1 1
0 6 355 1 1
0 12 350 1 1
0 4 357 1 1
0 8 353 1 1
0 10 351 1 1
0 5 356 1 1
0 2 351 1 1
0 3 351 1 1
0 4 351 1 1
0 5 351 1 1
0 8 351 1 1
0 6 351 1 1
0 9 351 1 1
0 7 351 1 1
0 10 351 1 1
0 1 351 1 1
0 4 356 1 1
0 7 359 1 1
0 6 358 1 1
0 1 353 1 1
0 11 352 1 1
0 10 351 1 1
0 5 357 1 1
0 9 350 1 1
0 2 354 1 1
0 3 355 1 1
0 2 351 1 1
0 9 355 1 1
0 10 354 1 1
0 6 358 1 1
0 12 353 1 1
0 8 356 1 1
0 7 357 1 1
0 1 352 1 1
0 5 359 1 1
0 3 350 1 1
0 10 354 1 1
0 7 354 1 1
0 9 354 1 1
0 6 354 1 1
0 8 354 1 1
0 5 354 1 1
0 4 354 1 1
0 3 354 1 1
0 2 354 1 1
0 1 354 1 1
0 3 363 1 1
0 7 359 1 1
0 9 357 1 1
0 2 364 1 1
0 6 360 1 1
0 12 355 1 1
0 4 362 1 1
0 8 358 1 1
0 10 356 1 1
0 5 361 1 1
0 2 356 1 1
0 3 356 1 1
0 4 356 1 1
0 5 356 1 1
0 8 356 1 1
0 6 356 1 1
0 9 356 1 1
0 7 356 1 1
0 10 356 1 1
0 1 356 1 1
0 4 361 1 1
0 7 364 1 1
0 6 363 1 1
0 1 358 1 1
0 11 357 1 1
0 10 356 1 1
0 5 362 1 1
0 9 355 1 1
0 2 359 1 1
0 3 360 1 1
0 2 356 1 1
0 9 360 1 1
0 10 359 1 1
0 6 363 1 1
0 12 358 1 1
0 8 361 1 1
0 7 362 1 1
0 1 357 1 1
0 5 364 1 1
0 3 355 1 1
0 10 359 1 1
0 7 359 1 1
0 9 359 1 1
0 6 359 1 1
0 8 359 1 1
0 5 359 1 1
0 4 359 1 1
0 3 359 1 1
0 2 359 1 1
0 1 359 1 1
0 3 368 1 1
0 7 364 1 1
0 9 362 1 1
0 2 369 1 1
0 6 365 1 1
0 12 360 1 1
0 4 367 1 1
0 8 363 1 1
0 10 361 1 1
0 5 366 1 1
0 2 361 1 1
0 3 361 1 1
0 4 361 1 1
0 5 361 1 1
0 8 361 1 1
0 6 361 1 1
0 9 361 1 1
0 7 361 1 1
0 10 361 1 1
0 1 361 1 1
0 4 366 1 1
0 7 369 1 1
0 6 368 1 1
0 1 363 1 1
0 11 362 1 1
0 10 361 1 1
0 5 367 1 1
0 9 360 1 1
0 2 364 1 1
0 3 365 1 1
0 2 361 1 1
0 9 365 1 1
0 10 364 1 1
0 6 368 1 1
0 12 363 1 1
0 8 366 1 1
0 7 367 1 1
0 1 362 1 1
0 5 369 1 1
0 3 360 1 1
0 10 364 1 1
0 7 364 1 1
0 9 364 1 1
0 6 364 1 1
0 8 364 1 1
0 5 364 1 1
0 4 364 1 1
0 3 364 1 1
0 2 364 1 1
0 1 364 1 1
0 3 373 1 1
0 7 369 1 1
0 9 367 1 1
0 2 374 1 1
0 6 370 1 1
0 12 365 1 1
0 4 372 1 1
0 8 368 1 1
0 10 366 1 1
0 5 371 1 1
0 2 366 1 1
0 3 366 1 1
0 4 366 1 1
0 5 366 1 1
0 8 366 1 1
0 6 366 1 1
0 9 366 1 1
0 7 366 1 1
0 10 366 1 1
0 1 366 1 1
0 4 371 1 1
0 7 374 1 1
0 6 373 1 1
0 1 368 1 1
0 11 367 1 1
0 10 366 1 1
0 5 372 1 1
0 9 365 1 1
0 2 369 1 1
0 3 370 1 1
0 2 366 1 1
0 9 370 1 1
0 10 369 1 1
0 6 373 1 1
0 12 368 1 1
0 8 371 1 1
0 7 372 1 1
0 1 367 1 1
0 5 374 1 1
0 3 365 1 1
0 10 369 1 1
0 7 369 1 1
0 9 369 1 1
0 6 369 1 1
0 8 369 1 1
0 5 369 1 1
0 4 369 1 1
0 3 369 1 1
0 2 369 1 1
0 1 369 1 1
0 3 378 1 1
0 7 374 1 1
0 9 372 1 1
0 2 379 1 1
0 6 375 1 1
0 12 370 1 1
0 4 377 1 1
0 8 373 1 1
0 10 371 1 1
0 5 376 1 1
0 2 371 1 1
0 3 371 1 1
0 4 371 1 1
0 5 371 1 1
0 8 371 1 1
0 6 371 1 1
0 9 371 1 1
0 7 371 1 1
0 10 371 1 1
0 1 371 1 1
0 4 376 1 1
0 7 379 1 1
0 6 378 1 1
0 1 373 1 1
0 11 372 1 1
0 10 371 1 1
0 5 377 1 1
0 9 370 1 1
0 2 374 1 1
0 3 375 1 1
0 2 371 1 1
0 9 375 1 1
0 10 374 1 1
0 6 378 1 1
0 12 373 1 1
0 8 376 1 1
0 7 377 1 1
0 1 372 1 1
0 5 379 1 1
0 3 370 1 1
0 10 374 1 1
0 7 374 1 1
0 9 374 1 1
0 6 374 1 1
0 8 374 1 1
0 5 374 1 1
0 4 374 1 1
0 3 374 1 1
0 2 374 1 1
0 1 374 1 1
0 3 383 1 1
0 7 379 1 1
0 9 377 1 1
0 2 384 1 1
0 6 380 1 1
0 12 375 1 1
0 4 382 1 1
0 8 378 1 1
0 10 376 1 1
0 5 381 1 1
0 2 376 1 1
0 3 376 1 1
0 4 376 1 1
0 5 376 1 1
0 8 376 1 1
0 6 376 1 1
0 9 376 1 1
0 7 376 1 1
0 10 376 1 1
0 1 376 1 1
0 4 381 1 1
0 7 384 1 1
0 6 383 1 1
0 1 378 1 1
0 11 377 1 1
0 10 376 1 1
0 5 382 1 1
0 9 375 1 1
0 2 379 1 1
0 3 380 1 1
0 2 376 1 1
0 9 380 1 1
0 10 379 1 1
0 6 383 1 1
0 12 378 1 1
0 8 381 1 1
0 7 382 1 1
0 1 377 1 1
0 5 384 1 1
0 3 375 1 1
0 10 379 1 1
0 7 379 1 1
0 9 379 1 1
0 6 379 1 1
0 8 379 1 1
0 5 379 1 1
0 4 379 1 1
0 3 379 1 1
0 2 379 1 1
0 1 379 1 1
0 3 388 1 1
0 7 384 1 1
0 9 382 1 1
0 2 389 1 1
0 6 385 1 1
0 12 380 1 1
0 4 387 1 1
0 8 383 1 1
0 10 381 1 1
0 5 386 1 1
0 2 381 1 1
0 3 381 1 1
0 4 381 1 1
0 5 381 1 1
0 8 381 1 1
0 6 381 1 1
0 9 381 1 1
0 7 381 1 1
0 10 381 1 1
0 1 381 1 1
0 4 386 1 1
0 7 389 1 1
0 6 388 1 1
0 1 383 1 1
0 11 382 1 1
0 10 381 1 1
0 5 387 1 1
0 9 380 1 1
0 2 384 1 1
0 3 385 1 1
0 2 381 1 1
0 9 385 1 1
0 10 384 1 1
0 6 388 1 1
0 12 383 1 1
0 8 386 1 1
0 7 387 1 1
0 1 382 1 1
0 5 389 1 1
0 3 380 1 1
0 10 384 1 1
0 7 384 1 1
0 9 384 1 1
0 6 384 1 1
0 8 384 1 1
0 5 384 1 1
0 4 384 1 1
0 3 384 1 1
0 2 384 1 1
0 1 384 1 1
0 3 393 1 1
0 7 389 1 1
0 9 387 1 1
0 2 394 1 1
0 6 390 1 1
0 12 385 1 1
0 4 392 1 1
0 8 388 1 1
0 10 386 1 1
0 5 391 1 1
0 2 386 1 1
0 3 386 1 1
0 4 386 1 1
0 5 386 1 1
0 8 386 1 1
0 6 386 1 1
0 9 386 1 1
0 7 386 1 1
0 10 386 1 1
0 1 386 1 1
0 4 391 1 1
0 7 394 1 1
0 6 393 1 1
0 1 388 1 1
0 11 387 1 1
0 10 386 1 1
0 5 392 1 1
0 9 385 1 1
0 2 389 1 1
0 3 390 1 1
0 2 386 1 1
0 9 390 1 1
0 10 389 1 1
0 6 393 1 1
0 12 388 1 1
0 8 391 1 1
0 7 392 1 1
0 1 387 1 1
0 5 394 1 1
0 3 385 1 1
0 10 389 1 1
0 7 389 1 1
0 9 389 1 1
0 6 389 1 1
0 8 389 1 1
0 5 389 1 1
0 4 389 1 1
0 3 389 1 1
0 2 389 1 1
0 1 389 1 1
0 3 398 1 1
0 7 394 1 1
0 9 392 1 1
0 2 399 1 1
0 6 395 1 1
0 12 390 1 1
0 4 397 1 1
0 8 393 1 1
0 10 391 1 1
0 5 396 1 1
0 2 391 1 1
0 3 391 1 1
0 4 391 1 1
0 5 391 1 1
0 8 391 1 1
0 6 391 1 1
0 9 391 1 1
0 7 391 1 1
0 10 391 1 1
0 1 391 1 1
0 4 396 1 1
0 7 399 1 1
0 6 398 1 1
0 1 393 1 1
0 11 392 1 1
0 10 391 1 1
0 5 397 1 1
0 9 390 1 1
0 2 394 1 1
0 3 395 1 1
0 2 391 1 1
0 9 395 1 1
0 10 394 1 1
0 6 398 1 1
0 12 393 1 1
0 8 396 1 1
0 7 397 1 1
0 1 392 1 1
0 5 399 1 1
0 3 390 1 1
0 10 394 1 1
0 7 394 1 1
0 9 394 1 1
0 6 394 1 1
0 8 394 1 1
0 5 394 1 1
0 4 394 1 1
0 3 394 1 1
0 2 394 1 1
0 1 394 1 1
0 3 403 1 1
0 7 399 1 1
0 9 397 1 1
0 2 404 1 1
0 6 400 1 1
0 12 395 1 1
0 4 402 1 1
0 8 398 1 1
0 10 396 1 1
0 5 401 1 1
0 2 396 1 1
0 3 396 1 1
0 4 396 1 1
0 5 396 1 1
0 8 396 1 1
0 6 396 1 1
0 9 396 1 1
0 7 396 1 1
0 10 396 1 1
0 1 396 1 1
0 4 401 1 1
0 7 404 1 1
0 6 403 1 1
0 1 398 1 1
0 11 397 1 1
0 10 396 1 1
0 5 402 1 1
0 9 395 1 1
0 2 399 1 1
0 3 400 1 1
0 2 396 1 1
0 9 400 1 1
0 10 399 1 1
0 6 403 1 1
0 12 398 1 1
0 8 401 1 1
0 7 402 1 1
0 1 397 1 1
0 5 404 1 1
0 3 395 1 1
0 10 399 1 1
0 7 399 1 1
0 9 399 1 1
0 6 399 1 1
0 8 399 1 1
0 5 399 1 1
0 4 399 1 1
0 3 399 1 1
0 2 399 1 1
0 1 399 1 1
0 3 408 1 1
0 7 404 1 1
0 9 402 1 1
0 2 409 1 1
0 6 405 1 1
0 12 400 1 1
0 4 407 1 1
0 8 403 1 1
0 10 401 1 1
0 5 406 1 1
0 2 401 1 1
0 3 401 1 1
0 4 401 1 1
0 5 401 1 1
0 8 401 1 1
0 6 401 1 1
0 9 401 1 1
0 7 401 1 1
0 10 401 1 1
0 1 401 1 1
0 4 406 1 1
0 7 409 1 1
0 6 408 1 1
0 1 403 1 1
0 11 402 1 1
0 10 401 1 1
0 5 407 1 1
0 9 400 1 1
0 2 404 1 1
0 3 405 1 1
0 2 401 1 1
0 9 405 1 1
0 10 404 1 1
0 6 408 1 1
0 12 403 1 1
0 8 406 1 1
0 7 407 1 1
0 1 402 1 1
0 5 409 1 1
0 3 400 1 1
0 10 404 1 1
0 7 404 1 1
0 9 404 1 1
0 6 404 1 1
0 8 404 1 1
0 5 404 1 1
0 4 404 1 1
0 3 404 1 1
0 2 404 1 1
0 1 404 1 1
0 3 413 1 1
0 7 409 1 1
0 9 407 1 1
0 2 414 1 1
0 6 410 1 1
0 12 405 1 1
0 4 412 1 1
0 8 408 1 1
0 10 406 1 1
0 5 411 1 1
0 2 406 1 1
0 3 406 1 1
0 4 406 1 1
0 5 406 1 1
0 8 406 1 1
0 6 406 1 1
0 9 406 1 1
0 7 406 1 1
0 10 406 1 1
0 1 406 1 1
0 4 411 1 1
0 7 414 1 1
0 6 413 1 1
0 1 408 1 1
0 11 407 1 1
0 10 406 1 1
0 5 412 1 1
0 9 405 1 1
0 2 409 1 1
0 3 410 1 1
0 2 406 1 1
0 9 410 1 1
0 10 409 1 1
0 6 413 1 1
0 12 408 1 1
0 8 411 1 1
0 7 412 1 1
0 1 407 1 1
0 5 414 1 1
0 3 405 1 1
0 10 409 1 1
0 7 409 1 1
0 9 409 1 1
0 6 409 1 1
0 8 409 1 1
0 5 409 1 1
0 4 409 1 1
0 3 409 1 1
0 2 409 1 1
0 1 409 1 1
0 3 418 1 1
0 7 414 1 1
0 9 412 1 1
0 2 419 1 1
0 6 415 1 1
0 12 410 1 1
0 4 417 1 1
0 8 413 1 1
0 10 411 1 1
0 5 416 1 1
0 2 411 1 1
0 3 411 1 1
0 4 411 1 1
0 5 411 1 1
0 8 411 1 1
0 6 411 1 1
0 9 411 1 1
0 7 411 1 1
0 10 411 1 1
0 1 411 1 1
0 4 416 1 1
0 7 419 1 1
0 6 418 1 1
0 1 413 1 1
0 11 412 1 1
0 10 411 1 1
0 5 417 1 1
0 9 410 1 1
0 2 414 1 1
0 3 415 1 1
0 2 411 1 1
0 9 415 1 1
0 10 414 1 1
0 6 418 1 1
0 12 413 1 1
0 8 416 1 1
0 7 417 1 1
0 1 412 1 1
0 5 419 1 1
0 3 410 1 1
0 10 414 1 1
0 7 414 1 1
0 9 414 1 1
0 6 414 1 1
0 8 414 1 1
0 5 414 1 1
0 4 414 1 1
0 3 414 1 1
0 2 414 1 1
0 1 414 1 1
0 3 423 1 1
0 7 419 1 1
0 9 417 1 1
0 2 424 1 1
0 6 420 1 1
0 12 415 1 1
0 4 422 1 1
0 8 418 1 1
0 10 416 1 1
0 5 421 1 1
0 2 416 1 1
0 3 416 1 1
0 4 416 1 1
0 5 416 1 1
0 8 416 1 1
0 6 416 1 1
0 9 416 1 1
0 7 416 1 1
0 10 416 1 1
0 1 416 1 1
0 4 421 1 1
0 7 424 1 1
0 6 423 1 1
0 1 418 1 1
0 11 417 1 1
0 10 416 1 1
0 5 422 1 1
0 9 415 1 1
0 2 419 1 1
0 3 420 1 1
0 2 416 1 1
0 9 420 1 1
0 10 419 1 1
0 6 423 1 1
0 12 418 1 1
0 8 421 1 1
0 7 422 1 1
0 1 417 1 1
0 5 424 1 1
0 3 415 1 1
0 10 419 1 1
0 7 419 1 1
0 9 419 1 1
0 6 419 1 1
0 8 419 1 1
0 5 419 1 1
0 4 419 1 1
0 3 419 1 1
0 2 419 1 1
0 1 419 1 1
0 3 428 1 1
0 7 424 1 1
0 9 422 1 1
0 2 429 1 1
0 6 425 1 1
0 12 420 1 1
0 4 427 1 1
0 8 423 1 1
0 10 421 1 1
0 5 426 1 1
0 2 421 1 1
0 3 421 1 1
0 4 421 1 1
0 5 421 1 1
0 8 421 1 1
0 6 421 1 1
0 9 421 1 1
0 7 421 1 1
0 10 421 1 1
0 1 421 1 1
0 4 426 1 1
0 7 429 1 1
0 6 428 1 1
0 1 423 1 1
0 11 422 1 1
0 10 421 1 1
0 5 427 1 1
0 9 420 1 1
0 2 424 1 1
0 3 425 1 1
0 2 421 1 1
0 9 425 1 1
0 10 424 1 1
0 6 428 1 1
0 12 423 1 1
0 8 426 1 1
0 7 427 1 1
0 1 422 1 1
0 5 429 1 1
0 3 420 1 1
0 10 424 1 1
0 7 424 1 1
0 9 424 1 1
0 6 424 1 1
0 8 424 1 1
0 5 424 1 1
0 4 424 1 1
0 3 424 1 1
0 2 424 1 1
0 1 424 1 1
0 3 433 1 1
0 7 429 1 1
0 9 427 1 1
0 2 434 1 1
0 6 430 1 1
0 12 425 1 1
0 4 432 1 1
0 8 428 1 1
0 10 426 1 1
0 5 431 1 1
0 2 426 1 1
0 3 426 1 1
0 4 426 1 1
0 5 426 1 1
0 8 426 1 1
0 6 426 1 1
0 9 426 1 1
0 7 426 1 1
0 10 426 1 1
0 1 426 1 1
0 4 431 1 1
0 7 434 1 1
0 6 433 1 1
0 1 428 1 1
0 11 427 1 1
0 10 426 1 1
0 5 432 1 1
0 9 425 1 1
0 2 429 1 1
0 3 430 1 1
0 2 426 1 1
0 9 430 1 1
0 10 429 1 1
0 6 433 1 1
0 12 428 1 1
0 8 431 1 1
0 7 432 1 1
0 1 427 1 1
0 5 434 1 1
0 3 425 1 1
0 10 429 1 1
0 7 429 1 1
0 9 429 1 1
0 6 429 1 1
0 8 429 1 1
0 5 429 1 1
0 4 429 1 1
0 3 429 1 1
0 2 429 1 1
0 1 429 1 1
0 3 438 1 1
0 7 434 1 1
0 9 432 1 1
0 2 439 1 1
0 6 435 1 1
0 12 430 1 1
0 4 437 1 1
0 8 433 1 1
0 10 431 1 1
0 5 436 1 1
0 2 431 1 1
0 3 431 1 1
0 4 431 1 1
0 5 431 1 1
0 8 431 1 1
0 6 431 1 1
0 9 431 1 1
0 7 431 1 1
0 10 431 1 1
0 1 431 1 1
0 4 436 1 1
0 7 439 1 1
0 6 438 1 1
0 1 433 1 1
0 11 432 1 1
0 10 431 1 1
0 5 437 1 1
0 9 430 1 1
0 2 434 1 1
0 3 435 1 1
0 2 431 1 1
0 9 435 1 1
0 10 434 1 1
0 6 438 1 1
0 12 433 1 1
0 8 436 1 1
0 7 437 1 1
0 1 432 1 1
0 5 439 1 1
0 3 430 1 1
0 10 434 1 1
0 7 434 1 1
0 9 434 1 1
0 6 434 1 1
0 8 434 1 1
0 5 434 1 1
0 4 434 1 1
0 3 434 1 1
0 2 434 1 1
0 1 434 1 1
0 3 443 1 1
0 7 439 1 1
0 9 437 1 1
0 2 444 1 1
0 6 440 1 1
0 12 435 1 1
0 4 442 1 1
0 8 438 1 1
0 10 436 1 1
0 5 441 1 1
0 2 436 1 1
0 3 436 1 1
0 4 436 1 1
0 5 436 1 1
0 8 436 1 1
0 6 436 1 1
0 9 436 1 1
0 7 436 1 1
0 10 436 1 1
0 1 436 1 1
0 4 441 1 1
0 7 444 1 1
0 6 443 1 1
0 1 438 1 1
0 11 437 1 1
0 10 436 1 1
0 5 442 1 1
0 9 435 1 1
0 2 439 1 1
0 3 440 1 1
0 2 436 1 1
0 9 440 1 1
0 10 439 1 1
0 6 443 1 1
0 12 438 1 1
0 8 441 1 1
0 7 442 1 1
0 1 437 1 1
0 5 444 1 1
0 3 435 1 1
0 10 439 1 1
0 7 439 1 1
0 9 439 1 1
0 6 439 1 1
0 8 439 1 1
0 5 439 1 1
0 4 439 1 1
0 3 439 1 1
0 2 439 1 1
0 1 439 1 1
0 3 448 1 1
0 7 444 1 1
0 9 442 1 1
0 2 449 1 1
0 6 445 1 1
0 12 440 1 1
0 4 447 1 1
0 8 443 1 1
0 10 441 1 1
0 5 446 1 1
0 2 441 1 1
0 3 441 1 1
0 4 441 1 1
0 5 441 1 1
0 8 441 1 1
0 6 441 1 1
0 9 441 1 1
0 7 441 1 1
0 10 441 1 1
0 1 441 1 1
0 4 446 1 1
0 7 449 1 1
0 6 448 1 1
0 1 443 1 1
0 11 442 1 1
0 10 441 1 1
0 5 447 1 1
0 9 440 1 1
0 2 444 1 1
0 3 445 1 1
0 2 441 1 1
0 9 445 1 1
0 10 444 1 1
0 6 448 1 1
0 12 443 1 1
0 8 446 1 1
0 7 447 1 1
0 1 442 1 1
0 5 449 1 1
0 3 440 1 1
0 10 444 1 1
0 7 444 1 1
0 9 444 1 1
0 6 444 1 1
0 8 444 1 1
0 5 444 1 1
0 4 444 1 1
0 3 444 1 1
0 2 444 1 1
0 1 444 1 1
0 3 453 1 1
0 7 449 1 1
0 9 447 1 1
0 2 454 1 1
0 6 450 1 1
0 12 445 1 1
0 4 452 1 1
0 8 448 1 1
0 10 446 1 1
0 5 451 1 1
0 2 446 1 1
0 3 446 1 1
0 4 446 1 1
0 5 446 1 1
0 8 446 1 1
0 6 446 1 1
0 9 446 1 1
0 7 446 1 1
0 10 446 1 1
0 1 446 1 1
0 4 451 1 1
0 7 454 1 1
0 6 453 1 1
0 1 448 1 1
0 11 447 1 1
0 10 446 1 1
0 5 452 1 1
0 9 445 1 1
0 2 449 1 1
0 3 450 1 1
0 2 446 1 1
0 9 450 1 1
0 10 449 1 1
0 6 453 1 1
0 12 448 1 1
0 8 451 1 1
0 7 452 1 1
0 1 447 1 1
0 5 454 1 1
0 3 445 1 1
0 10 449 1 1
0 7 449 1 1
0 9 449 1 1
0 6 449 1 1
0 8 449 1 1
0 5 449 1 1
0 4 449 1 1
0 3 449 1 1
0 2 449 1 1
0 1 449 1 1
0 3 458 1 1
0 7 454 1 1
0 9 452 1 1
0 2 459 1 1
0 6 455 1 1
0 12 450 1 1
0 4 457 1 1
0 8 453 1 1
0 10 451 1 1
0 5 456 1 1
0 2 451 1 1
0 3 451 1 1
0 4 451 1 1
0 5 451 1 1
0 8 451 1 1
0 6 451 1 1
0 9 451 1 1
0 7 451 1 1
0 10 451 1 1
0 1 451 1 1
0 4 456 1 1
0 7 459 1 1
0 6 458 1 1
0 1 453 1 1
0 11 452 1 1
0 10 451 1 1
0 5 457 1 1
0 9 450 1 1
0 2 454 1 1
0 3 455 1 1
0 2 451 1 1
0 9 455 1 1
0 10 454 1 1
0 6 458 1 1
0 12 453 1 1
0 8 456 1 1
0 7 457 1 1
0 1 452 1 1
0 5 459 1 1
0 3 450 1 1
0 10 454 1 1
0 7 454 1 1
0 9 454 1 1
0 6 454 1 1
0 8 454 1 1
0 5 454 1 1
0 4 454 1 1
0 3 454 1 1
0 2 454 1 1
0 1 454 1 1
0 3 463 1 1
0 7 459 1 1
0 9 457 1 1
0 2 464 1 1
0 6 460 1 1
0 12 455 1 1
0 4 462 1 1
0 8 458 1 1
0 10 456 1 1
0 5 461 1 1
0 2 456 1 1
0 3 456 1 1
0 4 456 1 1
0 5 456 1 1
0 8 456 1 1
0 6 456 1 1
0 9 456 1 1
0 7 456 1 1
0 10 456 1 1
0 1 456 1 1
0 4 461 1 1
0 7 464 1 1
0 6 463 1 1
0 1 458 1 1
0 11 457 1 1
0 10 456 1 1
0 5 462 1 1
0 9 455 1 1
0 2 459 1 1
0 3 460 1 1
0 2 456 1 1
0 9 460 1 1
0 10 459 1 1
0 6 463 1 1
0 12 458 1 1
0 8 461 1 1
0 7 462 1 1
0 1 457 1 1
0 5 464 1 1
0 3 455 1 1
0 10 459 1 1
0 7 459 1 1
0 9 459 1 1
0 6 459 1 1
0 8 459 1 1
0 5 459 1 1
0 4 459 1 1
0 3 459 1 1
0 2 459 1 1
0 1 459 1 1
0 3 468 1 1
0 7 464 1 1
0 9 462 1 1
0 2 469 1 1
0 6 465 1 1
0 12 460 1 1
0 4 467 1 1
0 8 463 1 1
0 10 461 1 1
0 5 466 1 1
0 2 461 1 1
0 3 461 1 1
0 4 461 1 1
0 5 461 1 1
0 8 461 1 1
0 6 461 1 1
0 9 461 1 1
0 7 461 1 1
0 10 461 1 1
0 1 461 1 1
0 4 466 1 1
0 7 469 1 1
0 6 468 1 1
0 1 463 1 1
0 11 462 1 1
0 10 461 1 1
0 5 467 1 1
0 9 460 1 1
0 2 464 1 1
0 3 465 1 1
0 2 461 1 1
0 9 465 1 1
0 10 464 1 1
0 6 468 1 1
0 12 463 1 1
0 8 466 1 1
0 7 467 1 1
0 1 462 1 1
0 5 469 1 1
0 3 460 1 1
0 10 464 1 1
0 7 464 1 1
0 9 464 1 1
0 6 464 1 1
0 8 464 1 1
0 5 464 1 1
0 4 464 1 1
0 3 464 1 1
0 2 464 1 1
0 1 464 1 1
0 3 473 1 1
0 7 469 1 1
0 9 467 1 1
0 2 474 1 1
0 6 470 1 1
0 12 465 1 1
0 4 472 1 1
0 8 468 1 1
0 10 466 1 1
0 5 471 1 1
0 2 466 1 1
0 3 466 1 1
0 4 466 1 1
0 5 466 1 1
0 8 466 1 1
0 6 466 1 1
0 9 466 1 1
0 7 466 1 1
0 10 466 1 1
0 1 466 1 1
0 4 471 1 1
0 7 474 1 1
0 6 473 1 1
0 1 468 1 1
0 11 467 1 1
0 10 466 1 1
0 5 472 1 1
0 9 465 1 1
0 2 469 1 1
0 3 470 1 1
0 2 466 1 1
0 9 470 1 1
0 10 469 1 1
0 6 473 1 1
0 12 468 1 1
0 8 471 1 1
0 7 472 1 1
0 1 467 1 1
0 5 474 1 1
0 3 465 1 1
0 10 469 1 1
0 7 469 1 1
0 9 469 1 1
0 6 469 1 1
0 8 469 1 1
0 5 469 1 1
0 4 469 1 1
0 3 469 1 1
0 2 469 1 1
0 1 469 1 1
0 3 478 1 1
0 7 474 1 1
0 9 472 1 1
0 2 479 1 1
0 6 475 1 1
0 12 470 1 1
0 4 477 1 1
0 8 473 1 1
0 10 471 1 1
0 5 476 1 1
0 2 471 1 1
0 3 471 1 1
0 4 471 1 1
0 5 471 1 1
0 8 471 1 1
0 6 471 1 1
0 9 471 1 1
0 7 471 1 1
0 10 471 1 1
0 1 471 1 1
0 4 476 1 1
0 7 479 1 1
0 6 478 1 1
0 1 473 1 1
0 11 472 1 1
0 10 471 1 1
0 5 477 1 1
0 9 470 1 1
0 2 474 1 1
0 3 475 1 1
0 2 471 1 1
0 9 475 1 1
0 10 474 1 1
0 6 478 1 1
0 12 473 1 1
0 8 476 1 1
0 7 477 1 1
0 1 472 1 1
0 5 479 1 1
0 3 470 1 1
0 10 474 1 1
0 7 474 1 1
0 9 474 1 1
0 6 474 1 1
0 8 474 1 1
0 5 474 1 1
0 4 474 1 1
0 3 474 1 1
0 2 474 1 1
0 1 474 1 1
0 3 483 1 1
0 7 479 1 1
0 9 477 1 1
0 2 484 1 1
0 6 480 1 1
0 12 475 1 1
0 4 482 1 1
0 8 478 1 1
0 10 476 1 1
0 5 481 1 1
0 2 476 1 1
0 3 476 1 1
0 4 476 1 1
0 5 476 1 1
0 8 476 1 1
0 6 476 1 1
0 9 476 1 1
0 7 476 1 1
0 10 476 1 1
0 1 476 1 1
0 4 481 1 1
0 7 484 1 1
0 6 483 1 1
0 1 478 1 1
0 11 477 1 1
0 10 476 1 1
0 5 482 1 1
0 9 475 1 1
0 2 479 1 1
0 3 480 1 1
0 2 476 1 1
0 9 480 1 1
0 10 479 1 1
0 6 483 1 1
0 12 478 1 1
0 8 481 1 1
0 7 482 1 1
0 1 477 1 1
0 5 484 1 1
0 3 475 1 1
0 10 479 1 1
0 7 479 1 1
0 9 479 1 1
0 6 479 1 1
0 8 479 1 1
0 5 479 1 1
0 4 479 1 1
0 3 479 1 1
0 2 479 1 1
0 1 479 1 1
0 3 488 1 1
0 7 484 1 1
0 9 482 1 1
0 2 489 1 1
0 6 485 1 1
0 12 480 1 1
0 4 487 1 1
0 8 483 1 1
0 10 481 1 1
0 5 486 1 1
0 2 481 1 1
0 3 481 1 1
0 4 481 1 1
0 5 481 1 1
0 8 481 1 1
0 6 481 1 1
0 9 481 1 1
0 7 481 1 1
0 10 481 1 1
0 1 481 1 1
0 4 486 1 1
0 7 489 1 1
0 6 488 1 1
0 1 483 1 1
0 11 482 1 1
0 10 481 1 1
0 5 487 1 1
0 9 480 1 1
0 2 484 1 1
0 3 485 1 1
0 2 481 1 1
0 9 485 1 1
0 10 484 1 1
0 6 488 1 1
0 12 483 1 1
0 8 486 1 1
0 7 487 1 1
0 1 482 1 1
0 5 489 1 1
0 3 480 1 1
0 10 484 1 1
0 7 484 1 1
0 9 484 1 1
0 6 484 1 1
0 8 484 1 1
0 5 484 1 1
0 4 484 1 1
0 3 484 1 1
0 2 484 1 1
0 1 484 1 1
0 3 493 1 1
0 7 489 1 1
0 9 487 1 1
0 2 494 1 1
0 6 490 1 1
0 12 485 1 1
0 4 492 1 1
0 8 488 1 1
0 10 486 1 1
0 5 491 1 1
0 2 486 1 1
0 3 486 1 1
0 4 486 1 1
0 5 486 1 1
0 8 486 1 1
0 6 486 1 1
0 9 486 1 1
0 7 486 1 1
0 10 486 1 1
0 1 486 1 1
0 4 491 1 1
0 7 494 1 1
0 6 493 1 1
0 1 488 1 1
0 11 487 1 1
0 10 486 1 1
0 5 492 1 1
0 9 485 1 1
0 2 489 1 1
0 3 490 1 1
0 2 486 1 1
0 9 490 1 1
0 10 489 1 1
0 6 493 1 1
0 12 488 1 1
0 8 491 1 1
0 7 492 1 1
0 1 487 1 1
0 5 494 1 1
0 3 485 1 1
0 10 489 1 1
0 7 489 1 1
0 9 489 1 1
0 6 489 1 1
0 8 489 1 1
0 5 489 1 1
0 4 489 1 1
0 3 489 1 1
0 2 489 1 1
0 1 489 1 1
0 3 498 1 1
0 7 494 1 1
0 9 492 1 1
0 2 499 1 1
0 6 495 1 1
0 12 490 1 1
0 4 497 1 1
0 8 493 1 1
0 10 491 1 1
0 5 496 1 1
0 2 491 1 1
0 3 491 1 1
0 4 491 1 1
0 5 491 1 1
0 8 491 1 1
0 6 491 1 1
0 9 491 1 1
0 7 491 1 1
0 10 491 1 1
0 1 491 1 1
0 4 496 1 1
0 7 499 1 1
0 6 498 1 1
0 1 493 1 1
0 11 492 1 1
0 10 491 1 1
0 5 497 1 1
0 9 490 1 1
0 2 494 1 1
0 3 495 1 1
0 2 491 1 1
0 9 495 1 1
0 10 494 1 1
0 6 498 1 1
0 12 493 1 1
0 8 496 1 1
0 7 497 1 1
0 1 492 1 1
0 5 499 1 1
0 3 490 1 1
0 10 494 1 1
0 7 494 1 1
0 9 494 1 1
0 6 494 1 1
0 8 494 1 1
0 5 494 1 1
0 4 494 1 1
0 3 494 1 1
0 2 494 1 1
0 1 494 1 1
0 3 503 1 1
0 7 499 1 1
0 9 497 1 1
0 2 504 1 1
0 6 500 1 1
0 12 495 1 1
0 4 502 1 1
0 8 498 1 1
0 10 496 1 1
0 5 501 1 1
0 2 496 1 1
0 3 496 1 1
0 4 496 1 1
0 5 496 1 1
0 8 496 1 1
0 6 496 1 1
0 9 496 1 1
0 7 496 1 1
0 10 496 1 1
0 1 496 1 1
0 4 501 1 1
0 7 504 1 1
0 6 503 1 1
0 1 498 1 1
0 11 497 1 1
0 10 496 1 1
0 5 502 1 1
0 9 495 1 1
0 2 499 1 1
0 3 500 1 1
0 2 496 1 1
0 9 500 1 1
0 10 499 1 1
0 6 503 1 1
0 12 498 1 1
0 8 501 1 1
0 7 502 1 1
0 1 497 1 1
0 5 504 1 1
0 3 495 1 1
0 10 499 1 1
0 7 499 1 1
0 9 499 1 1
0 6 499 1 1
0 8 499 1 1
0 5 499 1 1
0 4 499 1 1
0 3 499 1 1
0 2 499 1 1
0 1 499 1 1
