0 2 5 1 1
0 6 1 1 1
0 3 4 1 1
0 5 2 1 1
0 8 0 1 1
0 4 3 1 1
0 2 1 1 1
0 3 1 1 1
0 4 1 1 1
0 5 1 1 1
0 6 1 1 1
0 1 1 1 1
0 7 2 1 1
0 1 3 1 1
0 5 0 1 1
0 6 1 1 1
0 2 4 1 1
0 3 5 1 1
0 2 8 1 1
0 6 4 1 1
0 3 7 1 1
0 5 5 1 1
0 8 3 1 1
0 4 6 1 1
0 2 4 1 1
0 3 4 1 1
0 4 4 1 1
0 5 4 1 1
0 6 4 1 1
0 1 4 1 1
0 7 5 1 1
0 1 6 1 1
0 5 3 1 1
0 6 4 1 1
0 2 7 1 1
0 3 8 1 1
0 2 11 1 1
0 6 7 1 1
0 3 10 1 1
0 5 8 1 1
0 8 6 1 1
0 4 9 1 1
0 2 7 1 1
0 3 7 1 1
0 4 7 1 1
0 5 7 1 1
0 6 7 1 1
0 1 7 1 1
0 7 8 1 1
0 1 9 1 1
0 5 6 1 1
0 6 7 1 1
0 2 10 1 1
0 3 11 1 1
0 2 14 1 1
0 6 10 1 1
0 3 13 1 1
0 5 11 1 1
0 8 9 1 1
0 4 12 1 1
0 2 10 1 1
0 3 10 1 1
0 4 10 1 1
0 5 10 1 1
0 6 10 1 1
0 1 10 1 1
0 7 11 1 1
0 1 12 1 1
0 5 9 1 1
0 6 10 1 1
0 2 13 1 1
0 3 14 1 1
0 2 17 1 1
0 6 13 1 1
0 3 16 1 1
0 5 14 1 1
0 8 12 1 1
0 4 15 1 1
0 2 13 1 1
0 3 13 1 1
0 4 13 1 1
0 5 13 1 1
0 6 13 1 1
0 1 13 1 1
0 7 14 1 1
0 1 15 1 1
0 5 12 1 1
0 6 13 1 1
0 2 16 1 1
0 3 17 1 1
0 2 20 1 1
0 6 16 1 1
0 3 19 1 1
0 5 17 1 1
0 8 15 1 1
0 4 18 1 1
0 2 16 1 1
0 3 16 1 1
0 4 16 1 1
0 5 16 1 1
0 6 16 1 1
0 1 16 1 1
0 7 17 1 1
0 1 18 1 1
0 5 15 1 1
0 6 16 1 1
0 2 19 1 1
0 3 20 1 1
0 2 23 1 1
0 6 19 1 1
0 3 22 1 1
0 5 20 1 1
0 8 18 1 1
0 4 21 1 1
0 2 19 1 1
0 3 19 1 1
0 4 19 1 1
0 5 19 1 1
0 6 19 1 1
0 1 19 1 1
0 7 20 1 1
0 1 21 1 1
0 5 18 1 1
0 6 19 1 1
0 2 22 1 1
0 3 23 1 1
0 2 26 1 1
0 6 22 1 1
0 3 25 1 1
0 5 23 1 1
0 8 21 1 1
0 4 24 1 1
0 2 22 1 1
0 3 22 1 1
0 4 22 1 1
0 5 22 1 1
0 6 22 1 1
0 1 22 1 1
0 7 23 1 1
0 1 24 1 1
0 5 21 1 1
0 6 22 1 1
0 2 25 1 1
0 3 26 1 1
0 2 29 1 1
0 6 25 1 1
0 3 28 1 1
0 5 26 1 1
0 8 24 1 1
0 4 27 1 1
0 2 25 1 1
0 3 25 1 1
0 4 25 1 1
0 5 25 1 1
0 6 25 1 1
0 1 25 1 1
0 7 26 1 1
0 1 27 1 1
0 5 24 1 1
0 6 25 1 1
0 2 28 1 1
0 3 29 1 1
0 2 32 1 1
0 6 28 1 1
0 3 31 1 1
0 5 29 1 1
0 8 27 1 1
0 4 30 1 1
0 2 28 1 1
0 3 28 1 1
0 4 28 1 1
0 5 28 1 1
0 6 28 1 1
0 1 28 1 1
0 7 29 1 1
0 1 30 1 1
0 5 27 1 1
0 6 28 1 1
0 2 31 1 1
0 3 32 1 1
0 2 35 1 1
0 6 31 1 1
0 3 34 1 1
0 5 32 1 1
0 8 30 1 1
0 4 33 1 1
0 2 31 1 1
0 3 31 1 1
0 4 31 1 1
0 5 31 1 1
0 6 31 1 1
0 1 31 1 1
0 7 32 1 1
0 1 33 1 1
0 5 30 1 1
0 6 31 1 1
0 2 34 1 1
0 3 35 1 1
0 2 38 1 1
0 6 34 1 1
0 3 37 1 1
0 5 35 1 1
0 8 33 1 1
0 4 36 1 1
0 2 34 1 1
0 3 34 1 1
0 4 34 1 1
0 5 34 1 1
0 6 34 1 1
0 1 34 1 1
0 7 35 1 1
0 1 36 1 1
0 5 33 1 1
0 6 34 1 1
0 2 37 1 1
0 3 38 1 1
0 2 41 1 1
0 6 37 1 1
0 3 40 1 1
0 5 38 1 1
0 8 36 1 1
0 4 39 1 1
0 2 37 1 1
0 3 37 1 1
0 4 37 1 1
0 5 37 1 1
0 6 37 1 1
0 1 37 1 1
0 7 38 1 1
0 1 39 1 1
0 5 36 1 1
0 6 37 1 1
0 2 40 1 1
0 3 41 1 1
0 2 44 1 1
0 6 40 1 1
0 3 43 1 1
0 5 41 1 1
0 8 39 1 1
0 4 42 1 1
0 2 40 1 1
0 3 40 1 1
0 4 40 1 1
0 5 40 1 1
0 6 40 1 1
0 1 40 1 1
0 7 41 1 1
0 1 42 1 1
0 5 39 1 1
0 6 40 1 1
0 2 43 1 1
0 3 44 1 1
0 2 47 1 1
0 6 43 1 1
0 3 46 1 1
0 5 44 1 1
0 8 42 1 1
0 4 45 1 1
0 2 43 1 1
0 3 43 1 1
0 4 43 1 1
0 5 43 1 1
0 6 43 1 1
0 1 43 1 1
0 7 44 1 1
0 1 45 1 1
0 5 42 1 1
0 6 43 1 1
0 2 46 1 1
0 3 47 1 1
0 2 50 1 1
0 6 46 1 1
0 3 49 1 1
0 5 47 1 1
0 8 45 1 1
0 4 48 1 1
0 2 46 1 1
0 3 46 1 1
0 4 46 1 1
0 5 46 1 1
0 6 46 1 1
0 1 46 1 1
0 7 47 1 1
0 1 48 1 1
0 5 45 1 1
0 6 46 1 1
0 2 49 1 1
0 3 50 1 1
0 2 53 1 1
0 6 49 1 1
0 3 52 1 1
0 5 50 1 1
0 8 48 1 1
0 4 51 1 1
0 2 49 1 1
0 3 49 1 1
0 4 49 1 1
0 5 49 1 1
0 6 49 1 1
0 1 49 1 1
0 7 50 1 1
0 1 51 1 1
0 5 48 1 1
0 6 49 1 1
0 2 52 1 1
0 3 53 1 1
0 2 56 1 1
0 6 52 1 1
0 3 55 1 1
0 5 53 1 1
0 8 51 1 1
0 4 54 1 1
0 2 52 1 1
0 3 52 1 1
0 4 52 1 1
0 5 52 1 1
0 6 52 1 1
0 1 52 1 1
0 7 53 1 1
0 1 54 1 1
0 5 51 1 1
0 6 52 1 1
0 2 55 1 1
0 3 56 1 1
0 2 59 1 1
0 6 55 1 1
0 3 58 1 1
0 5 56 1 1
0 8 54 1 1
0 4 57 1 1
0 2 55 1 1
0 3 55 1 1
0 4 55 1 1
0 5 55 1 1
0 6 55 1 1
0 1 55 1 1
0 7 56 1 1
0 1 57 1 1
0 5 54 1 1
0 6 55 1 1
0 2 58 1 1
0 3 59 1 1
0 2 62 1 1
0 6 58 1 1
0 3 61 1 1
0 5 59 1 1
0 8 57 1 1
0 4 60 1 1
0 2 58 1 1
0 3 58 1 1
0 4 58 1 1
0 5 58 1 1
0 6 58 1 1
0 1 58 1 1
0 7 59 1 1
0 1 60 1 1
0 5 57 1 1
0 6 58 1 1
0 2 61 1 1
0 3 62 1 1
0 2 65 1 1
0 6 61 1 1
0 3 64 1 1
0 5 62 1 1
0 8 60 1 1
0 4 63 1 1
0 2 61 1 1
0 3 61 1 1
0 4 61 1 1
0 5 61 1 1
0 6 61 1 1
0 1 61 1 1
0 7 62 1 1
0 1 63 1 1
0 5 60 1 1
0 6 61 1 1
0 2 64 1 1
0 3 65 1 1
0 2 68 1 1
0 6 64 1 1
0 3 67 1 1
0 5 65 1 1
0 8 63 1 1
0 4 66 1 1
0 2 64 1 1
0 3 64 1 1
0 4 64 1 1
0 5 64 1 1
0 6 64 1 1
0 1 64 1 1
0 7 65 1 1
0 1 66 1 1
0 5 63 1 1
0 6 64 1 1
0 2 67 1 1
0 3 68 1 1
0 2 71 1 1
0 6 67 1 1
0 3 70 1 1
0 5 68 1 1
0 8 66 1 1
0 4 69 1 1
0 2 67 1 1
0 3 67 1 1
0 4 67 1 1
0 5 67 1 1
0 6 67 1 1
0 1 67 1 1
0 7 68 1 1
0 1 69 1 1
0 5 66 1 1
0 6 67 1 1
0 2 70 1 1
0 3 71 1 1
0 2 74 1 1
0 6 70 1 1
0 3 73 1 1
0 5 71 1 1
0 8 69 1 1
0 4 72 1 1
0 2 70 1 1
0 3 70 1 1
0 4 70 1 1
0 5 70 1 1
0 6 70 1 1
0 1 70 1 1
0 7 71 1 1
0 1 72 1 1
0 5 69 1 1
0 6 70 1 1
0 2 73 1 1
0 3 74 1 1
0 2 77 1 1
0 6 73 1 1
0 3 76 1 1
0 5 74 1 1
0 8 72 1 1
0 4 75 1 1
0 2 73 1 1
0 3 73 1 1
0 4 73 1 1
0 5 73 1 1
0 6 73 1 1
0 1 73 1 1
0 7 74 1 1
0 1 75 1 1
0 5 72 1 1
0 6 73 1 1
0 2 76 1 1
0 3 77 1 1
0 2 80 1 1
0 6 76 1 1
0 3 79 1 1
0 5 77 1 1
0 8 75 1 1
0 4 78 1 1
0 2 76 1 1
0 3 76 1 1
0 4 76 1 1
0 5 76 1 1
0 6 76 1 1
0 1 76 1 1
0 7 77 1 1
0 1 78 1 1
0 5 75 1 1
0 6 76 1 1
0 2 79 1 1
0 3 80 1 1
0 2 83 1 1
0 6 79 1 1
0 3 82 1 1
0 5 80 1 1
0 8 78 1 1
0 4 81 1 1
0 2 79 1 1
0 3 79 1 1
0 4 79 1 1
0 5 79 1 1
0 6 79 1 1
0 1 79 1 1
0 7 80 1 1
0 1 81 1 1
0 5 78 1 1
0 6 79 1 1
0 2 82 1 1
0 3 83 1 1
0 2 86 1 1
0 6 82 1 1
0 3 85 1 1
0 5 83 1 1
0 8 81 1 1
0 4 84 1 1
0 2 82 1 1
0 3 82 1 1
0 4 82 1 1
0 5 82 1 1
0 6 82 1 1
0 1 82 1 1
0 7 83 1 1
0 1 84 1 1
0 5 81 1 1
0 6 82 1 1
0 2 85 1 1
0 3 86 1 1
0 2 89 1 1
0 6 85 1 1
0 3 88 1 1
0 5 86 1 1
0 8 84 1 1
0 4 87 1 1
0 2 85 1 1
0 3 85 1 1
0 4 85 1 1
0 5 85 1 1
0 6 85 1 1
0 1 85 1 1
0 7 86 1 1
0 1 87 1 1
0 5 84 1 1
0 6 85 1 1
0 2 88 1 1
0 3 89 1 1
0 2 92 1 1
0 6 88 1 1
0 3 91 1 1
0 5 89 1 1
0 8 87 1 1
0 4 90 1 1
0 2 88 1 1
0 3 88 1 1
0 4 88 1 1
0 5 88 1 1
0 6 88 1 1
0 1 88 1 1
0 7 89 1 1
0 1 90 1 1
0 5 87 1 1
0 6 88 1 1
0 2 91 1 1
0 3 92 1 1
0 2 95 1 1
0 6 91 1 1
0 3 94 1 1
0 5 92 1 1
0 8 90 1 1
0 4 93 1 1
0 2 91 1 1
0 3 91 1 1
0 4 91 1 1
0 5 91 1 1
0 6 91 1 1
0 1 91 1 1
0 7 92 1 1
0 1 93 1 1
0 5 90 1 1
0 6 91 1 1
0 2 94 1 1
0 3 95 1 1
0 2 98 1 1
0 6 94 1 1
0 3 97 1 1
0 5 95 1 1
0 8 93 1 1
0 4 96 1 1
0 2 94 1 1
0 3 94 1 1
0 4 94 1 1
0 5 94 1 1
0 6 94 1 1
0 1 94 1 1
0 7 95 1 1
0 1 96 1 1
0 5 93 1 1
0 6 94 1 1
0 2 97 1 1
0 3 98 1 1
0 2 101 1 1
0 6 97 1 1
0 3 100 1 1
0 5 98 1 1
0 8 96 1 1
0 4 99 1 1
0 2 97 1 1
0 3 97 1 1
0 4 97 1 1
0 5 97 1 1
0 6 97 1 1
0 1 97 1 1
0 7 98 1 1
0 1 99 1 1
0 5 96 1 1
0 6 97 1 1
0 2 100 1 1
0 3 101 1 1
0 2 104 1 1
0 6 100 1 1
0 3 103 1 1
0 5 101 1 1
0 8 99 1 1
0 4 102 1 1
0 2 100 1 1
0 3 100 1 1
0 4 100 1 1
0 5 100 1 1
0 6 100 1 1
0 1 100 1 1
0 7 101 1 1
0 1 102 1 1
0 5 99 1 1
0 6 100 1 1
0 2 103 1 1
0 3 104 1 1
0 2 107 1 1
0 6 103 1 1
0 3 106 1 1
0 5 104 1 1
0 8 102 1 1
0 4 105 1 1
0 2 103 1 1
0 3 103 1 1
0 4 103 1 1
0 5 103 1 1
0 6 103 1 1
0 1 103 1 1
0 7 104 1 1
0 1 105 1 1
0 5 102 1 1
0 6 103 1 1
0 2 106 1 1
0 3 107 1 1
0 2 110 1 1
0 6 106 1 1
0 3 109 1 1
0 5 107 1 1
0 8 105 1 1
0 4 108 1 1
0 2 106 1 1
0 3 106 1 1
0 4 106 1 1
0 5 106 1 1
0 6 106 1 1
0 1 106 1 1
0 7 107 1 1
0 1 108 1 1
0 5 105 1 1
0 6 106 1 1
0 2 109 1 1
0 3 110 1 1
0 2 113 1 1
0 6 109 1 1
0 3 112 1 1
0 5 110 1 1
0 8 108 1 1
0 4 111 1 1
0 2 109 1 1
0 3 109 1 1
0 4 109 1 1
0 5 109 1 1
0 6 109 1 1
0 1 109 1 1
0 7 110 1 1
0 1 111 1 1
0 5 108 1 1
0 6 109 1 1
0 2 112 1 1
0 3 113 1 1
0 2 116 1 1
0 6 112 1 1
0 3 115 1 1
0 5 113 1 1
0 8 111 1 1
0 4 114 1 1
0 2 112 1 1
0 3 112 1 1
0 4 112 1 1
0 5 112 1 1
0 6 112 1 1
0 1 112 1 1
0 7 113 1 1
0 1 114 1 1
0 5 111 1 1
0 6 112 1 1
0 2 115 1 1
0 3 116 1 1
0 2 119 1 1
0 6 115 1 1
0 3 118 1 1
0 5 116 1 1
0 8 114 1 1
0 4 117 1 1
0 2 115 1 1
0 3 115 1 1
0 4 115 1 1
0 5 115 1 1
0 6 115 1 1
0 1 115 1 1
0 7 116 1 1
0 1 117 1 1
0 5 114 1 1
0 6 115 1 1
0 2 118 1 1
0 3 119 1 1
0 2 122 1 1
0 6 118 1 1
0 3 121 1 1
0 5 119 1 1
0 8 117 1 1
0 4 120 1 1
0 2 118 1 1
0 3 118 1 1
0 4 118 1 1
0 5 118 1 1
0 6 118 1 1
0 1 118 1 1
0 7 119 1 1
0 1 120 1 1
0 5 117 1 1
0 6 118 1 1
0 2 121 1 1
0 3 122 1 1
0 2 125 1 1
0 6 121 1 1
0 3 124 1 1
0 5 122 1 1
0 8 120 1 1
0 4 123 1 1
0 2 121 1 1
0 3 121 1 1
0 4 121 1 1
0 5 121 1 1
0 6 121 1 1
0 1 121 1 1
0 7 122 1 1
0 1 123 1 1
0 5 120 1 1
0 6 121 1 1
0 2 124 1 1
0 3 125 1 1
0 2 128 1 1
0 6 124 1 1
0 3 127 1 1
0 5 125 1 1
0 8 123 1 1
0 4 126 1 1
0 2 124 1 1
0 3 124 1 1
0 4 124 1 1
0 5 124 1 1
0 6 124 1 1
0 1 124 1 1
0 7 125 1 1
0 1 126 1 1
0 5 123 1 1
0 6 124 1 1
0 2 127 1 1
0 3 128 1 1
0 2 131 1 1
0 6 127 1 1
0 3 130 1 1
0 5 128 1 1
0 8 126 1 1
0 4 129 1 1
0 2 127 1 1
0 3 127 1 1
0 4 127 1 1
0 5 127 1 1
0 6 127 1 1
0 1 127 1 1
0 7 128 1 1
0 1 129 1 1
0 5 126 1 1
0 6 127 1 1
0 2 130 1 1
0 3 131 1 1
0 2 134 1 1
0 6 130 1 1
0 3 133 1 1
0 5 131 1 1
0 8 129 1 1
0 4 132 1 1
0 2 130 1 1
0 3 130 1 1
0 4 130 1 1
0 5 130 1 1
0 6 130 1 1
0 1 130 1 1
0 7 131 1 1
0 1 132 1 1
0 5 129 1 1
0 6 130 1 1
0 2 133 1 1
0 3 134 1 1
0 2 137 1 1
0 6 133 1 1
0 3 136 1 1
0 5 134 1 1
0 8 132 1 1
0 4 135 1 1
0 2 133 1 1
0 3 133 1 1
0 4 133 1 1
0 5 133 1 1
0 6 133 1 1
0 1 133 1 1
0 7 134 1 1
0 1 135 1 1
0 5 132 1 1
0 6 133 1 1
0 2 136 1 1
0 3 137 1 1
0 2 140 1 1
0 6 136 1 1
0 3 139 1 1
0 5 137 1 1
0 8 135 1 1
0 4 138 1 1
0 2 136 1 1
0 3 136 1 1
0 4 136 1 1
0 5 136 1 1
0 6 136 1 1
0 1 136 1 1
0 7 137 1 1
0 1 138 1 1
0 5 135 1 1
0 6 136 1 1
0 2 139 1 1
0 3 140 1 1
0 2 143 1 1
0 6 139 1 1
0 3 142 1 1
0 5 140 1 1
0 8 138 1 1
0 4 141 1 1
0 2 139 1 1
0 3 139 1 1
0 4 139 1 1
0 5 139 1 1
0 6 139 1 1
0 1 139 1 1
0 7 140 1 1
0 1 141 1 1
0 5 138 1 1
0 6 139 1 1
0 2 142 1 1
0 3 143 1 1
0 2 146 1 1
0 6 142 1 1
0 3 145 1 1
0 5 143 1 1
0 8 141 1 1
0 4 144 1 1
0 2 142 1 1
0 3 142 1 1
0 4 142 1 1
0 5 142 1 1
0 6 142 1 1
0 1 142 1 1
0 7 143 1 1
0 1 144 1 1
0 5 141 1 1
0 6 142 1 1
0 2 145 1 1
0 3 146 1 1
0 2 149 1 1
0 6 145 1 1
0 3 148 1 1
0 5 146 1 1
0 8 144 1 1
0 4 147 1 1
0 2 145 1 1
0 3 145 1 1
0 4 145 1 1
0 5 145 1 1
0 6 145 1 1
0 1 145 1 1
0 7 146 1 1
0 1 147 1 1
0 5 144 1 1
0 6 145 1 1
0 2 148 1 1
0 3 149 1 1
0 2 152 1 1
0 6 148 1 1
0 3 151 1 1
0 5 149 1 1
0 8 147 1 1
0 4 150 1 1
0 2 148 1 1
0 3 148 1 1
0 4 148 1 1
0 5 148 1 1
0 6 148 1 1
0 1 148 1 1
0 7 149 1 1
0 1 150 1 1
0 5 147 1 1
0 6 148 1 1
0 2 151 1 1
0 3 152 1 1
0 2 155 1 1
0 6 151 1 1
0 3 154 1 1
0 5 152 1 1
0 8 150 1 1
0 4 153 1 1
0 2 151 1 1
0 3 151 1 1
0 4 151 1 1
0 5 151 1 1
0 6 151 1 1
0 1 151 1 1
0 7 152 1 1
0 1 153 1 1
0 5 150 1 1
0 6 151 1 1
0 2 154 1 1
0 3 155 1 1
0 2 158 1 1
0 6 154 1 1
0 3 157 1 1
0 5 155 1 1
0 8 153 1 1
0 4 156 1 1
0 2 154 1 1
0 3 154 1 1
0 4 154 1 1
0 5 154 1 1
0 6 154 1 1
0 1 154 1 1
0 7 155 1 1
0 1 156 1 1
0 5 153 1 1
0 6 154 1 1
0 2 157 1 1
0 3 158 1 1
0 2 161 1 1
0 6 157 1 1
0 3 160 1 1
0 5 158 1 1
0 8 156 1 1
0 4 159 1 1
0 2 157 1 1
0 3 157 1 1
0 4 157 1 1
0 5 157 1 1
0 6 157 1 1
0 1 157 1 1
0 7 158 1 1
0 1 159 1 1
0 5 156 1 1
0 6 157 1 1
0 2 160 1 1
0 3 161 1 1
0 2 164 1 1
0 6 160 1 1
0 3 163 1 1
0 5 161 1 1
0 8 159 1 1
0 4 162 1 1
0 2 160 1 1
0 3 160 1 1
0 4 160 1 1
0 5 160 1 1
0 6 160 1 1
0 1 160 1 1
0 7 161 1 1
0 1 162 1 1
0 5 159 1 1
0 6 160 1 1
0 2 163 1 1
0 3 164 1 1
0 2 167 1 1
0 6 163 1 1
0 3 166 1 1
0 5 164 1 1
0 8 162 1 1
0 4 165 1 1
0 2 163 1 1
0 3 163 1 1
0 4 163 1 1
0 5 163 1 1
0 6 163 1 1
0 1 163 1 1
0 7 164 1 1
0 1 165 1 1
0 5 162 1 1
0 6 163 1 1
0 2 166 1 1
0 3 167 1 1
0 2 170 1 1
0 6 166 1 1
0 3 169 1 1
0 5 167 1 1
0 8 165 1 1
0 4 168 1 1
0 2 166 1 1
0 3 166 1 1
0 4 166 1 1
0 5 166 1 1
0 6 166 1 1
0 1 166 1 1
0 7 167 1 1
0 1 168 1 1
0 5 165 1 1
0 6 166 1 1
0 2 169 1 1
0 3 170 1 1
0 2 173 1 1
0 6 169 1 1
0 3 172 1 1
0 5 170 1 1
0 8 168 1 1
0 4 171 1 1
0 2 169 1 1
0 3 169 1 1
0 4 169 1 1
0 5 169 1 1
0 6 169 1 1
0 1 169 1 1
0 7 170 1 1
0 1 171 1 1
0 5 168 1 1
0 6 169 1 1
0 2 172 1 1
0 3 173 1 1
0 2 176 1 1
0 6 172 1 1
0 3 175 1 1
0 5 173 1 1
0 8 171 1 1
0 4 174 1 1
0 2 172 1 1
0 3 172 1 1
0 4 172 1 1
0 5 172 1 1
0 6 172 1 1
0 1 172 1 1
0 7 173 1 1
0 1 174 1 1
0 5 171 1 1
0 6 172 1 1
0 2 175 1 1
0 3 176 1 1
0 2 179 1 1
0 6 175 1 1
0 3 178 1 1
0 5 176 1 1
0 8 174 1 1
0 4 177 1 1
0 2 175 1 1
0 3 175 1 1
0 4 175 1 1
0 5 175 1 1
0 6 175 1 1
0 1 175 1 1
0 7 176 1 1
0 1 177 1 1
0 5 174 1 1
0 6 175 1 1
0 2 178 1 1
0 3 179 1 1
0 2 182 1 1
0 6 178 1 1
0 3 181 1 1
0 5 179 1 1
0 8 177 1 1
0 4 180 1 1
0 2 178 1 1
0 3 178 1 1
0 4 178 1 1
0 5 178 1 1
0 6 178 1 1
0 1 178 1 1
0 7 179 1 1
0 1 180 1 1
0 5 177 1 1
0 6 178 1 1
0 2 181 1 1
0 3 182 1 1
0 2 185 1 1
0 6 181 1 1
0 3 184 1 1
0 5 182 1 1
0 8 180 1 1
0 4 183 1 1
0 2 181 1 1
0 3 181 1 1
0 4 181 1 1
0 5 181 1 1
0 6 181 1 1
0 1 181 1 1
0 7 182 1 1
0 1 183 1 1
0 5 180 1 1
0 6 181 1 1
0 2 184 1 1
0 3 185 1 1
0 2 188 1 1
0 6 184 1 1
0 3 187 1 1
0 5 185 1 1
0 8 183 1 1
0 4 186 1 1
0 2 184 1 1
0 3 184 1 1
0 4 184 1 1
0 5 184 1 1
0 6 184 1 1
0 1 184 1 1
0 7 185 1 1
0 1 186 1 1
0 5 183 1 1
0 6 184 1 1
0 2 187 1 1
0 3 188 1 1
0 2 191 1 1
0 6 187 1 1
0 3 190 1 1
0 5 188 1 1
0 8 186 1 1
0 4 189 1 1
0 2 187 1 1
0 3 187 1 1
0 4 187 1 1
0 5 187 1 1
0 6 187 1 1
0 1 187 1 1
0 7 188 1 1
0 1 189 1 1
0 5 186 1 1
0 6 187 1 1
0 2 190 1 1
0 3 191 1 1
0 2 194 1 1
0 6 190 1 1
0 3 193 1 1
0 5 191 1 1
0 8 189 1 1
0 4 192 1 1
0 2 190 1 1
0 3 190 1 1
0 4 190 1 1
0 5 190 1 1
0 6 190 1 1
0 1 190 1 1
0 7 191 1 1
0 1 192 1 1
0 5 189 1 1
0 6 190 1 1
0 2 193 1 1
0 3 194 1 1
0 2 197 1 1
0 6 193 1 1
0 3 196 1 1
0 5 194 1 1
0 8 192 1 1
0 4 195 1 1
0 2 193 1 1
0 3 193 1 1
0 4 193 1 1
0 5 193 1 1
0 6 193 1 1
0 1 193 1 1
0 7 194 1 1
0 1 195 1 1
0 5 192 1 1
0 6 193 1 1
0 2 196 1 1
0 3 197 1 1
0 2 200 1 1
0 6 196 1 1
0 3 199 1 1
0 5 197 1 1
0 8 195 1 1
0 4 198 1 1
0 2 196 1 1
0 3 196 1 1
0 4 196 1 1
0 5 196 1 1
0 6 196 1 1
0 1 196 1 1
0 7 197 1 1
0 1 198 1 1
0 5 195 1 1
0 6 196 1 1
0 2 199 1 1
0 3 200 1 1
0 2 203 1 1
0 6 199 1 1
0 3 202 1 1
0 5 200 1 1
0 8 198 1 1
0 4 201 1 1
0 2 199 1 1
0 3 199 1 1
0 4 199 1 1
0 5 199 1 1
0 6 199 1 1
0 1 199 1 1
0 7 200 1 1
0 1 201 1 1
0 5 198 1 1
0 6 199 1 1
0 2 202 1 1
0 3 203 1 1
0 2 206 1 1
0 6 202 1 1
0 3 205 1 1
0 5 203 1 1
0 8 201 1 1
0 4 204 1 1
0 2 202 1 1
0 3 202 1 1
0 4 202 1 1
0 5 202 1 1
0 6 202 1 1
0 1 202 1 1
0 7 203 1 1
0 1 204 1 1
0 5 201 1 1
0 6 202 1 1
0 2 205 1 1
0 3 206 1 1
0 2 209 1 1
0 6 205 1 1
0 3 208 1 1
0 5 206 1 1
0 8 204 1 1
0 4 207 1 1
0 2 205 1 1
0 3 205 1 1
0 4 205 1 1
0 5 205 1 1
0 6 205 1 1
0 1 205 1 1
0 7 206 1 1
0 1 207 1 1
0 5 204 1 1
0 6 205 1 1
0 2 208 1 1
0 3 209 1 1
0 2 212 1 1
0 6 208 1 1
0 3 211 1 1
0 5 209 1 1
0 8 207 1 1
0 4 210 1 1
0 2 208 1 1
0 3 208 1 1
0 4 208 1 1
0 5 208 1 1
0 6 208 1 1
0 1 208 1 1
0 7 209 1 1
0 1 210 1 1
0 5 207 1 1
0 6 208 1 1
0 2 211 1 1
0 3 212 1 1
0 2 215 1 1
0 6 211 1 1
0 3 214 1 1
0 5 212 1 1
0 8 210 1 1
0 4 213 1 1
0 2 211 1 1
0 3 211 1 1
0 4 211 1 1
0 5 211 1 1
0 6 211 1 1
0 1 211 1 1
0 7 212 1 1
0 1 213 1 1
0 5 210 1 1
0 6 211 1 1
0 2 214 1 1
0 3 215 1 1
0 2 218 1 1
0 6 214 1 1
0 3 217 1 1
0 5 215 1 1
0 8 213 1 1
0 4 216 1 1
0 2 214 1 1
0 3 214 1 1
0 4 214 1 1
0 5 214 1 1
0 6 214 1 1
0 1 214 1 1
0 7 215 1 1
0 1 216 1 1
0 5 213 1 1
0 6 214 1 1
0 2 217 1 1
0 3 218 1 1
0 2 221 1 1
0 6 217 1 1
0 3 220 1 1
0 5 218 1 1
0 8 216 1 1
0 4 219 1 1
0 2 217 1 1
0 3 217 1 1
0 4 217 1 1
0 5 217 1 1
0 6 217 1 1
0 1 217 1 1
0 7 218 1 1
0 1 219 1 1
0 5 216 1 1
0 6 217 1 1
0 2 220 1 1
0 3 221 1 1
0 2 224 1 1
0 6 220 1 1
0 3 223 1 1
0 5 221 1 1
0 8 219 1 1
0 4 222 1 1
0 2 220 1 1
0 3 220 1 1
0 4 220 1 1
0 5 220 1 1
0 6 220 1 1
0 1 220 1 1
0 7 221 1 1
0 1 222 1 1
0 5 219 1 1
0 6 220 1 1
0 2 223 1 1
0 3 224 1 1
0 2 227 1 1
0 6 223 1 1
0 3 226 1 1
0 5 224 1 1
0 8 222 1 1
0 4 225 1 1
0 2 223 1 1
0 3 223 1 1
0 4 223 1 1
0 5 223 1 1
0 6 223 1 1
0 1 223 1 1
0 7 224 1 1
0 1 225 1 1
0 5 222 1 1
0 6 223 1 1
0 2 226 1 1
0 3 227 1 1
0 2 230 1 1
0 6 226 1 1
0 3 229 1 1
0 5 227 1 1
0 8 225 1 1
0 4 228 1 1
0 2 226 1 1
0 3 226 1 1
0 4 226 1 1
0 5 226 1 1
0 6 226 1 1
0 1 226 1 1
0 7 227 1 1
0 1 228 1 1
0 5 225 1 1
0 6 226 1 1
0 2 229 1 1
0 3 230 1 1
0 2 233 1 1
0 6 229 1 1
0 3 232 1 1
0 5 230 1 1
0 8 228 1 1
0 4 231 1 1
0 2 229 1 1
0 3 229 1 1
0 4 229 1 1
0 5 229 1 1
0 6 229 1 1
0 1 229 1 1
0 7 230 1 1
0 1 231 1 1
0 5 228 1 1
0 6 229 1 1
0 2 232 1 1
0 3 233 1 1
0 2 236 1 1
0 6 232 1 1
0 3 235 1 1
0 5 233 1 1
0 8 231 1 1
0 4 234 1 1
0 2 232 1 1
0 3 232 1 1
0 4 232 1 1
0 5 232 1 1
0 6 232 1 1
0 1 232 1 1
0 7 233 1 1
0 1 234 1 1
0 5 231 1 1
0 6 232 1 1
0 2 235 1 1
0 3 236 1 1
0 2 239 1 1
0 6 235 1 1
0 3 238 1 1
0 5 236 1 1
0 8 234 1 1
0 4 237 1 1
0 2 235 1 1
0 3 235 1 1
0 4 235 1 1
0 5 235 1 1
0 6 235 1 1
0 1 235 1 1
0 7 236 1 1
0 1 237 1 1
0 5 234 1 1
0 6 235 1 1
0 2 238 1 1
0 3 239 1 1
0 2 242 1 1
0 6 238 1 1
0 3 241 1 1
0 5 239 1 1
0 8 237 1 1
0 4 240 1 1
0 2 238 1 1
0 3 238 1 1
0 4 238 1 1
0 5 238 1 1
0 6 238 1 1
0 1 238 1 1
0 7 239 1 1
0 1 240 1 1
0 5 237 1 1
0 6 238 1 1
0 2 241 1 1
0 3 242 1 1
0 2 245 1 1
0 6 241 1 1
0 3 244 1 1
0 5 242 1 1
0 8 240 1 1
0 4 243 1 1
0 2 241 1 1
0 3 241 1 1
0 4 241 1 1
0 5 241 1 1
0 6 241 1 1
0 1 241 1 1
0 7 242 1 1
0 1 243 1 1
0 5 240 1 1
0 6 241 1 1
0 2 244 1 1
0 3 245 1 1
0 2 248 1 1
0 6 244 1 1
0 3 247 1 1
0 5 245 1 1
0 8 243 1 1
0 4 246 1 1
0 2 244 1 1
0 3 244 1 1
0 4 244 1 1
0 5 244 1 1
0 6 244 1 1
0 1 244 1 1
0 7 245 1 1
0 1 246 1 1
0 5 243 1 1
0 6 244 1 1
0 2 247 1 1
0 3 248 1 1
0 2 251 1 1
0 6 247 1 1
0 3 250 1 1
0 5 248 1 1
0 8 246 1 1
0 4 249 1 1
0 2 247 1 1
0 3 247 1 1
0 4 247 1 1
0 5 247 1 1
0 6 247 1 1
0 1 247 1 1
0 7 248 1 1
0 1 249 1 1
0 5 246 1 1
0 6 247 1 1
0 2 250 1 1
0 3 251 1 1
0 2 254 1 1
0 6 250 1 1
0 3 253 1 1
0 5 251 1 1
0 8 249 1 1
0 4 252 1 1
0 2 250 1 1
0 3 250 1 1
0 4 250 1 1
0 5 250 1 1
0 6 250 1 1
0 1 250 1 1
0 7 251 1 1
0 1 252 1 1
0 5 249 1 1
0 6 250 1 1
0 2 253 1 1
0 3 254 1 1
0 2 257 1 1
0 6 253 1 1
0 3 256 1 1
0 5 254 1 1
0 8 252 1 1
0 4 255 1 1
0 2 253 1 1
0 3 253 1 1
0 4 253 1 1
0 5 253 1 1
0 6 253 1 1
0 1 253 1 1
0 7 254 1 1
0 1 255 1 1
0 5 252 1 1
0 6 253 1 1
0 2 256 1 1
0 3 257 1 1
0 2 260 1 1
0 6 256 1 1
0 3 259 1 1
0 5 257 1 1
0 8 255 1 1
0 4 258 1 1
0 2 256 1 1
0 3 256 1 1
0 4 256 1 1
0 5 256 1 1
0 6 256 1 1
0 1 256 1 1
0 7 257 1 1
0 1 258 1 1
0 5 255 1 1
0 6 256 1 1
0 2 259 1 1
0 3 260 1 1
0 2 263 1 1
0 6 259 1 1
0 3 262 1 1
0 5 260 1 1
0 8 258 1 1
0 4 261 1 1
0 2 259 1 1
0 3 259 1 1
0 4 259 1 1
0 5 259 1 1
0 6 259 1 1
0 1 259 1 1
0 7 260 1 1
0 1 261 1 1
0 5 258 1 1
0 6 259 1 1
0 2 262 1 1
0 3 263 1 1
0 2 266 1 1
0 6 262 1 1
0 3 265 1 1
0 5 263 1 1
0 8 261 1 1
0 4 264 1 1
0 2 262 1 1
0 3 262 1 1
0 4 262 1 1
0 5 262 1 1
0 6 262 1 1
0 1 262 1 1
0 7 263 1 1
0 1 264 1 1
0 5 261 1 1
0 6 262 1 1
0 2 265 1 1
0 3 266 1 1
0 2 269 1 1
0 6 265 1 1
0 3 268 1 1
0 5 266 1 1
0 8 264 1 1
0 4 267 1 1
0 2 265 1 1
0 3 265 1 1
0 4 265 1 1
0 5 265 1 1
0 6 265 1 1
0 1 265 1 1
0 7 266 1 1
0 1 267 1 1
0 5 264 1 1
0 6 265 1 1
0 2 268 1 1
0 3 269 1 1
0 2 272 1 1
0 6 268 1 1
0 3 271 1 1
0 5 269 1 1
0 8 267 1 1
0 4 270 1 1
0 2 268 1 1
0 3 268 1 1
0 4 268 1 1
0 5 268 1 1
0 6 268 1 1
0 1 268 1 1
0 7 269 1 1
0 1 270 1 1
0 5 267 1 1
0 6 268 1 1
0 2 271 1 1
0 3 272 1 1
0 2 275 1 1
0 6 271 1 1
0 3 274 1 1
0 5 272 1 1
0 8 270 1 1
0 4 273 1 1
0 2 271 1 1
0 3 271 1 1
0 4 271 1 1
0 5 271 1 1
0 6 271 1 1
0 1 271 1 1
0 7 272 1 1
0 1 273 1 1
0 5 270 1 1
0 6 271 1 1
0 2 274 1 1
0 3 275 1 1
0 2 278 1 1
0 6 274 1 1
0 3 277 1 1
0 5 275 1 1
0 8 273 1 1
0 4 276 1 1
0 2 274 1 1
0 3 274 1 1
0 4 274 1 1
0 5 274 1 1
0 6 274 1 1
0 1 274 1 1
0 7 275 1 1
0 1 276 1 1
0 5 273 1 1
0 6 274 1 1
0 2 277 1 1
0 3 278 1 1
0 2 281 1 1
0 6 277 1 1
0 3 280 1 1
0 5 278 1 1
0 8 276 1 1
0 4 279 1 1
0 2 277 1 1
0 3 277 1 1
0 4 277 1 1
0 5 277 1 1
0 6 277 1 1
0 1 277 1 1
0 7 278 1 1
0 1 279 1 1
0 5 276 1 1
0 6 277 1 1
0 2 280 1 1
0 3 281 1 1
0 2 284 1 1
0 6 280 1 1
0 3 283 1 1
0 5 281 1 1
0 8 279 1 1
0 4 282 1 1
0 2 280 1 1
0 3 280 1 1
0 4 280 1 1
0 5 280 1 1
0 6 280 1 1
0 1 280 1 1
0 7 281 1 1
0 1 282 1 1
0 5 279 1 1
0 6 280 1 1
0 2 283 1 1
0 3 284 1 1
0 2 287 1 1
0 6 283 1 1
0 3 286 1 1
0 5 284 1 1
0 8 282 1 1
0 4 285 1 1
0 2 283 1 1
0 3 283 1 1
0 4 283 1 1
0 5 283 1 1
0 6 283 1 1
0 1 283 1 1
0 7 284 1 1
0 1 285 1 1
0 5 282 1 1
0 6 283 1 1
0 2 286 1 1
0 3 287 1 1
0 2 290 1 1
0 6 286 1 1
0 3 289 1 1
0 5 287 1 1
0 8 285 1 1
0 4 288 1 1
0 2 286 1 1
0 3 286 1 1
0 4 286 1 1
0 5 286 1 1
0 6 286 1 1
0 1 286 1 1
0 7 287 1 1
0 1 288 1 1
0 5 285 1 1
0 6 286 1 1
0 2 289 1 1
0 3 290 1 1
0 2 293 1 1
0 6 289 1 1
0 3 292 1 1
0 5 290 1 1
0 8 288 1 1
0 4 291 1 1
0 2 289 1 1
0 3 289 1 1
0 4 289 1 1
0 5 289 1 1
0 6 289 1 1
0 1 289 1 1
0 7 290 1 1
0 1 291 1 1
0 5 288 1 1
0 6 289 1 1
0 2 292 1 1
0 3 293 1 1
0 2 296 1 1
0 6 292 1 1
0 3 295 1 1
0 5 293 1 1
0 8 291 1 1
0 4 294 1 1
0 2 292 1 1
0 3 292 1 1
0 4 292 1 1
0 5 292 1 1
0 6 292 1 1
0 1 292 1 1
0 7 293 1 1
0 1 294 1 1
0 5 291 1 1
0 6 292 1 1
0 2 295 1 1
0 3 296 1 1
0 2 299 1 1
0 6 295 1 1
0 3 298 1 1
0 5 296 1 1
0 8 294 1 1
0 4 297 1 1
0 2 295 1 1
0 3 295 1 1
0 4 295 1 1
0 5 295 1 1
0 6 295 1 1
0 1 295 1 1
0 7 296 1 1
0 1 297 1 1
0 5 294 1 1
0 6 295 1 1
0 2 298 1 1
0 3 299 1 1
0 2 302 1 1
0 6 298 1 1
0 3 301 1 1
0 5 299 1 1
0 8 297 1 1
0 4 300 1 1
0 2 298 1 1
0 3 298 1 1
0 4 298 1 1
0 5 298 1 1
0 6 298 1 1
0 1 298 1 1
0 7 299 1 1
0 1 300 1 1
0 5 297 1 1
0 6 298 1 1
0 2 301 1 1
0 3 302 1 1
