0 6 0 1 1
0 2 3 1 1
0 3 2 1 1
0 4 1 1 1
0 2 1 1 1
0 3 1 1 1
0 1 1 1 1
0 4 1 1 1
0 3 0 1 1
0 1 3 1 1
0 4 1 1 1
0 5 2 1 1
0 6 3 1 1
0 2 6 1 1
0 3 5 1 1
0 4 4 1 1
0 2 4 1 1
0 3 4 1 1
0 1 4 1 1
0 4 4 1 1
0 3 3 1 1
0 1 6 1 1
0 4 4 1 1
0 5 5 1 1
0 6 6 1 1
0 2 9 1 1
0 3 8 1 1
0 4 7 1 1
0 2 7 1 1
0 3 7 1 1
0 1 7 1 1
0 4 7 1 1
0 3 6 1 1
0 1 9 1 1
0 4 7 1 1
0 5 8 1 1
0 6 9 1 1
0 2 12 1 1
0 3 11 1 1
0 4 10 1 1
0 2 10 1 1
0 3 10 1 1
0 1 10 1 1
0 4 10 1 1
0 3 9 1 1
0 1 12 1 1
0 4 10 1 1
0 5 11 1 1
0 6 12 1 1
0 2 15 1 1
0 3 14 1 1
0 4 13 1 1
0 2 13 1 1
0 3 13 1 1
0 1 13 1 1
0 4 13 1 1
0 3 12 1 1
0 1 15 1 1
0 4 13 1 1
0 5 14 1 1
0 6 15 1 1
0 2 18 1 1
0 3 17 1 1
0 4 16 1 1
0 2 16 1 1
0 3 16 1 1
0 1 16 1 1
0 4 16 1 1
0 3 15 1 1
0 1 18 1 1
0 4 16 1 1
0 5 17 1 1
0 6 18 1 1
0 2 21 1 1
0 3 20 1 1
0 4 19 1 1
0 2 19 1 1
0 3 19 1 1
0 1 19 1 1
0 4 19 1 1
0 3 18 1 1
0 1 21 1 1
0 4 19 1 1
0 5 20 1 1
0 6 21 1 1
0 2 24 1 1
0 3 23 1 1
0 4 22 1 1
0 2 22 1 1
0 3 22 1 1
0 1 22 1 1
0 4 22 1 1
0 3 21 1 1
0 1 24 1 1
0 4 22 1 1
0 5 23 1 1
0 6 24 1 1
0 2 27 1 1
0 3 26 1 1
0 4 25 1 1
0 2 25 1 1
0 3 25 1 1
0 1 25 1 1
0 4 25 1 1
0 3 24 1 1
0 1 27 1 1
0 4 25 1 1
0 5 26 1 1
0 6 27 1 1
0 2 30 1 1
0 3 29 1 1
0 4 28 1 1
0 2 28 1 1
0 3 28 1 1
0 1 28 1 1
0 4 28 1 1
0 3 27 1 1
0 1 30 1 1
0 4 28 1 1
0 5 29 1 1
0 6 30 1 1
0 2 33 1 1
0 3 32 1 1
0 4 31 1 1
0 2 31 1 1
0 3 31 1 1
0 1 31 1 1
0 4 31 1 1
0 3 30 1 1
0 1 33 1 1
0 4 31 1 1
0 5 32 1 1
0 6 33 1 1
0 2 36 1 1
0 3 35 1 1
0 4 34 1 1
0 2 34 1 1
0 3 34 1 1
0 1 34 1 1
0 4 34 1 1
0 3 33 1 1
0 1 36 1 1
0 4 34 1 1
0 5 35 1 1
0 6 36 1 1
0 2 39 1 1
0 3 38 1 1
0 4 37 1 1
0 2 37 1 1
0 3 37 1 1
0 1 37 1 1
0 4 37 1 1
0 3 36 1 1
0 1 39 1 1
0 4 37 1 1
0 5 38 1 1
0 6 39 1 1
0 2 42 1 1
0 3 41 1 1
0 4 40 1 1
0 2 40 1 1
0 3 40 1 1
0 1 40 1 1
0 4 40 1 1
0 3 39 1 1
0 1 42 1 1
0 4 40 1 1
0 5 41 1 1
0 6 42 1 1
0 2 45 1 1
0 3 44 1 1
0 4 43 1 1
0 2 43 1 1
0 3 43 1 1
0 1 43 1 1
0 4 43 1 1
0 3 42 1 1
0 1 45 1 1
0 4 43 1 1
0 5 44 1 1
0 6 45 1 1
0 2 48 1 1
0 3 47 1 1
0 4 46 1 1
0 2 46 1 1
0 3 46 1 1
0 1 46 1 1
0 4 46 1 1
0 3 45 1 1
0 1 48 1 1
0 4 46 1 1
0 5 47 1 1
0 6 48 1 1
0 2 51 1 1
0 3 50 1 1
0 4 49 1 1
0 2 49 1 1
0 3 49 1 1
0 1 49 1 1
0 4 49 1 1
0 3 48 1 1
0 1 51 1 1
0 4 49 1 1
0 5 50 1 1
0 6 51 1 1
0 2 54 1 1
0 3 53 1 1
0 4 52 1 1
0 2 52 1 1
0 3 52 1 1
0 1 52 1 1
0 4 52 1 1
0 3 51 1 1
0 1 54 1 1
0 4 52 1 1
0 5 53 1 1
0 6 54 1 1
0 2 57 1 1
0 3 56 1 1
0 4 55 1 1
0 2 55 1 1
0 3 55 1 1
0 1 55 1 1
0 4 55 1 1
0 3 54 1 1
0 1 57 1 1
0 4 55 1 1
0 5 56 1 1
0 6 57 1 1
0 2 60 1 1
0 3 59 1 1
0 4 58 1 1
0 2 58 1 1
0 3 58 1 1
0 1 58 1 1
0 4 58 1 1
0 3 57 1 1
0 1 60 1 1
0 4 58 1 1
0 5 59 1 1
0 6 60 1 1
0 2 63 1 1
0 3 62 1 1
0 4 61 1 1
0 2 61 1 1
0 3 61 1 1
0 1 61 1 1
0 4 61 1 1
0 3 60 1 1
0 1 63 1 1
0 4 61 1 1
0 5 62 1 1
0 6 63 1 1
0 2 66 1 1
0 3 65 1 1
0 4 64 1 1
0 2 64 1 1
0 3 64 1 1
0 1 64 1 1
0 4 64 1 1
0 3 63 1 1
0 1 66 1 1
0 4 64 1 1
0 5 65 1 1
0 6 66 1 1
0 2 69 1 1
0 3 68 1 1
0 4 67 1 1
0 2 67 1 1
0 3 67 1 1
0 1 67 1 1
0 4 67 1 1
0 3 66 1 1
0 1 69 1 1
0 4 67 1 1
0 5 68 1 1
0 6 69 1 1
0 2 72 1 1
0 3 71 1 1
0 4 70 1 1
0 2 70 1 1
0 3 70 1 1
0 1 70 1 1
0 4 70 1 1
0 3 69 1 1
0 1 72 1 1
0 4 70 1 1
0 5 71 1 1
0 6 72 1 1
0 2 75 1 1
0 3 74 1 1
0 4 73 1 1
0 2 73 1 1
0 3 73 1 1
0 1 73 1 1
0 4 73 1 1
0 3 72 1 1
0 1 75 1 1
0 4 73 1 1
0 5 74 1 1
0 6 75 1 1
0 2 78 1 1
0 3 77 1 1
0 4 76 1 1
0 2 76 1 1
0 3 76 1 1
0 1 76 1 1
0 4 76 1 1
0 3 75 1 1
0 1 78 1 1
0 4 76 1 1
0 5 77 1 1
0 6 78 1 1
0 2 81 1 1
0 3 80 1 1
0 4 79 1 1
0 2 79 1 1
0 3 79 1 1
0 1 79 1 1
0 4 79 1 1
0 3 78 1 1
0 1 81 1 1
0 4 79 1 1
0 5 80 1 1
0 6 81 1 1
0 2 84 1 1
0 3 83 1 1
0 4 82 1 1
0 2 82 1 1
0 3 82 1 1
0 1 82 1 1
0 4 82 1 1
0 3 81 1 1
0 1 84 1 1
0 4 82 1 1
0 5 83 1 1
0 6 84 1 1
0 2 87 1 1
0 3 86 1 1
0 4 85 1 1
0 2 85 1 1
0 3 85 1 1
0 1 85 1 1
0 4 85 1 1
0 3 84 1 1
0 1 87 1 1
0 4 85 1 1
0 5 86 1 1
0 6 87 1 1
0 2 90 1 1
0 3 89 1 1
0 4 88 1 1
0 2 88 1 1
0 3 88 1 1
0 1 88 1 1
0 4 88 1 1
0 3 87 1 1
0 1 90 1 1
0 4 88 1 1
0 5 89 1 1
0 6 90 1 1
0 2 93 1 1
0 3 92 1 1
0 4 91 1 1
0 2 91 1 1
0 3 91 1 1
0 1 91 1 1
0 4 91 1 1
0 3 90 1 1
0 1 93 1 1
0 4 91 1 1
0 5 92 1 1
0 6 93 1 1
0 2 96 1 1
0 3 95 1 1
0 4 94 1 1
0 2 94 1 1
0 3 94 1 1
0 1 94 1 1
0 4 94 1 1
0 3 93 1 1
0 1 96 1 1
0 4 94 1 1
0 5 95 1 1
0 6 96 1 1
0 2 99 1 1
0 3 98 1 1
0 4 97 1 1
0 2 97 1 1
0 3 97 1 1
0 1 97 1 1
0 4 97 1 1
0 3 96 1 1
0 1 99 1 1
0 4 97 1 1
0 5 98 1 1
0 6 99 1 1
0 2 102 1 1
0 3 101 1 1
0 4 100 1 1
0 2 100 1 1
0 3 100 1 1
0 1 100 1 1
0 4 100 1 1
0 3 99 1 1
0 1 102 1 1
0 4 100 1 1
0 5 101 1 1
0 6 102 1 1
0 2 105 1 1
0 3 104 1 1
0 4 103 1 1
0 2 103 1 1
0 3 103 1 1
0 1 103 1 1
0 4 103 1 1
0 3 102 1 1
0 1 105 1 1
0 4 103 1 1
0 5 104 1 1
0 6 105 1 1
0 2 108 1 1
0 3 107 1 1
0 4 106 1 1
0 2 106 1 1
0 3 106 1 1
0 1 106 1 1
0 4 106 1 1
0 3 105 1 1
0 1 108 1 1
0 4 106 1 1
0 5 107 1 1
0 6 108 1 1
0 2 111 1 1
0 3 110 1 1
0 4 109 1 1
0 2 109 1 1
0 3 109 1 1
0 1 109 1 1
0 4 109 1 1
0 3 108 1 1
0 1 111 1 1
0 4 109 1 1
0 5 110 1 1
0 6 111 1 1
0 2 114 1 1
0 3 113 1 1
0 4 112 1 1
0 2 112 1 1
0 3 112 1 1
0 1 112 1 1
0 4 112 1 1
0 3 111 1 1
0 1 114 1 1
0 4 112 1 1
0 5 113 1 1
0 6 114 1 1
0 2 117 1 1
0 3 116 1 1
0 4 115 1 1
0 2 115 1 1
0 3 115 1 1
0 1 115 1 1
0 4 115 1 1
0 3 114 1 1
0 1 117 1 1
0 4 115 1 1
0 5 116 1 1
0 6 117 1 1
0 2 120 1 1
0 3 119 1 1
0 4 118 1 1
0 2 118 1 1
0 3 118 1 1
0 1 118 1 1
0 4 118 1 1
0 3 117 1 1
0 1 120 1 1
0 4 118 1 1
0 5 119 1 1
0 6 120 1 1
0 2 123 1 1
0 3 122 1 1
0 4 121 1 1
0 2 121 1 1
0 3 121 1 1
0 1 121 1 1
0 4 121 1 1
0 3 120 1 1
0 1 123 1 1
0 4 121 1 1
0 5 122 1 1
0 6 123 1 1
0 2 126 1 1
0 3 125 1 1
0 4 124 1 1
0 2 124 1 1
0 3 124 1 1
0 1 124 1 1
0 4 124 1 1
0 3 123 1 1
0 1 126 1 1
0 4 124 1 1
0 5 125 1 1
0 6 126 1 1
0 2 129 1 1
0 3 128 1 1
0 4 127 1 1
0 2 127 1 1
0 3 127 1 1
0 1 127 1 1
0 4 127 1 1
0 3 126 1 1
0 1 129 1 1
0 4 127 1 1
0 5 128 1 1
0 6 129 1 1
0 2 132 1 1
0 3 131 1 1
0 4 130 1 1
0 2 130 1 1
0 3 130 1 1
0 1 130 1 1
0 4 130 1 1
0 3 129 1 1
0 1 132 1 1
0 4 130 1 1
0 5 131 1 1
0 6 132 1 1
0 2 135 1 1
0 3 134 1 1
0 4 133 1 1
0 2 133 1 1
0 3 133 1 1
0 1 133 1 1
0 4 133 1 1
0 3 132 1 1
0 1 135 1 1
0 4 133 1 1
0 5 134 1 1
0 6 135 1 1
0 2 138 1 1
0 3 137 1 1
0 4 136 1 1
0 2 136 1 1
0 3 136 1 1
0 1 136 1 1
0 4 136 1 1
0 3 135 1 1
0 1 138 1 1
0 4 136 1 1
0 5 137 1 1
0 6 138 1 1
0 2 141 1 1
0 3 140 1 1
0 4 139 1 1
0 2 139 1 1
0 3 139 1 1
0 1 139 1 1
0 4 139 1 1
0 3 138 1 1
0 1 141 1 1
0 4 139 1 1
0 5 140 1 1
0 6 141 1 1
0 2 144 1 1
0 3 143 1 1
0 4 142 1 1
0 2 142 1 1
0 3 142 1 1
0 1 142 1 1
0 4 142 1 1
0 3 141 1 1
0 1 144 1 1
0 4 142 1 1
0 5 143 1 1
0 6 144 1 1
0 2 147 1 1
0 3 146 1 1
0 4 145 1 1
0 2 145 1 1
0 3 145 1 1
0 1 145 1 1
0 4 145 1 1
0 3 144 1 1
0 1 147 1 1
0 4 145 1 1
0 5 146 1 1
0 6 147 1 1
0 2 150 1 1
0 3 149 1 1
0 4 148 1 1
0 2 148 1 1
0 3 148 1 1
0 1 148 1 1
0 4 148 1 1
0 3 147 1 1
0 1 150 1 1
0 4 148 1 1
0 5 149 1 1
0 6 150 1 1
0 2 153 1 1
0 3 152 1 1
0 4 151 1 1
0 2 151 1 1
0 3 151 1 1
0 1 151 1 1
0 4 151 1 1
0 3 150 1 1
0 1 153 1 1
0 4 151 1 1
0 5 152 1 1
0 6 153 1 1
0 2 156 1 1
0 3 155 1 1
0 4 154 1 1
0 2 154 1 1
0 3 154 1 1
0 1 154 1 1
0 4 154 1 1
0 3 153 1 1
0 1 156 1 1
0 4 154 1 1
0 5 155 1 1
0 6 156 1 1
0 2 159 1 1
0 3 158 1 1
0 4 157 1 1
0 2 157 1 1
0 3 157 1 1
0 1 157 1 1
0 4 157 1 1
0 3 156 1 1
0 1 159 1 1
0 4 157 1 1
0 5 158 1 1
0 6 159 1 1
0 2 162 1 1
0 3 161 1 1
0 4 160 1 1
0 2 160 1 1
0 3 160 1 1
0 1 160 1 1
0 4 160 1 1
0 3 159 1 1
0 1 162 1 1
0 4 160 1 1
0 5 161 1 1
0 6 162 1 1
0 2 165 1 1
0 3 164 1 1
0 4 163 1 1
0 2 163 1 1
0 3 163 1 1
0 1 163 1 1
0 4 163 1 1
0 3 162 1 1
0 1 165 1 1
0 4 163 1 1
0 5 164 1 1
0 6 165 1 1
0 2 168 1 1
0 3 167 1 1
0 4 166 1 1
0 2 166 1 1
0 3 166 1 1
0 1 166 1 1
0 4 166 1 1
0 3 165 1 1
0 1 168 1 1
0 4 166 1 1
0 5 167 1 1
0 6 168 1 1
0 2 171 1 1
0 3 170 1 1
0 4 169 1 1
0 2 169 1 1
0 3 169 1 1
0 1 169 1 1
0 4 169 1 1
0 3 168 1 1
0 1 171 1 1
0 4 169 1 1
0 5 170 1 1
0 6 171 1 1
0 2 174 1 1
0 3 173 1 1
0 4 172 1 1
0 2 172 1 1
0 3 172 1 1
0 1 172 1 1
0 4 172 1 1
0 3 171 1 1
0 1 174 1 1
0 4 172 1 1
0 5 173 1 1
0 6 174 1 1
0 2 177 1 1
0 3 176 1 1
0 4 175 1 1
0 2 175 1 1
0 3 175 1 1
0 1 175 1 1
0 4 175 1 1
0 3 174 1 1
0 1 177 1 1
0 4 175 1 1
0 5 176 1 1
0 6 177 1 1
0 2 180 1 1
0 3 179 1 1
0 4 178 1 1
0 2 178 1 1
0 3 178 1 1
0 1 178 1 1
0 4 178 1 1
0 3 177 1 1
0 1 180 1 1
0 4 178 1 1
0 5 179 1 1
0 6 180 1 1
0 2 183 1 1
0 3 182 1 1
0 4 181 1 1
0 2 181 1 1
0 3 181 1 1
0 1 181 1 1
0 4 181 1 1
0 3 180 1 1
0 1 183 1 1
0 4 181 1 1
0 5 182 1 1
0 6 183 1 1
0 2 186 1 1
0 3 185 1 1
0 4 184 1 1
0 2 184 1 1
0 3 184 1 1
0 1 184 1 1
0 4 184 1 1
0 3 183 1 1
0 1 186 1 1
0 4 184 1 1
0 5 185 1 1
0 6 186 1 1
0 2 189 1 1
0 3 188 1 1
0 4 187 1 1
0 2 187 1 1
0 3 187 1 1
0 1 187 1 1
0 4 187 1 1
0 3 186 1 1
0 1 189 1 1
0 4 187 1 1
0 5 188 1 1
0 6 189 1 1
0 2 192 1 1
0 3 191 1 1
0 4 190 1 1
0 2 190 1 1
0 3 190 1 1
0 1 190 1 1
0 4 190 1 1
0 3 189 1 1
0 1 192 1 1
0 4 190 1 1
0 5 191 1 1
0 6 192 1 1
0 2 195 1 1
0 3 194 1 1
0 4 193 1 1
0 2 193 1 1
0 3 193 1 1
0 1 193 1 1
0 4 193 1 1
0 3 192 1 1
0 1 195 1 1
0 4 193 1 1
0 5 194 1 1
0 6 195 1 1
0 2 198 1 1
0 3 197 1 1
0 4 196 1 1
0 2 196 1 1
0 3 196 1 1
0 1 196 1 1
0 4 196 1 1
0 3 195 1 1
0 1 198 1 1
0 4 196 1 1
0 5 197 1 1
0 6 198 1 1
0 2 201 1 1
0 3 200 1 1
0 4 199 1 1
0 2 199 1 1
0 3 199 1 1
0 1 199 1 1
0 4 199 1 1
0 3 198 1 1
0 1 201 1 1
0 4 199 1 1
0 5 200 1 1
0 6 201 1 1
0 2 204 1 1
0 3 203 1 1
0 4 202 1 1
0 2 202 1 1
0 3 202 1 1
0 1 202 1 1
0 4 202 1 1
0 3 201 1 1
0 1 204 1 1
0 4 202 1 1
0 5 203 1 1
0 6 204 1 1
0 2 207 1 1
0 3 206 1 1
0 4 205 1 1
0 2 205 1 1
0 3 205 1 1
0 1 205 1 1
0 4 205 1 1
0 3 204 1 1
0 1 207 1 1
0 4 205 1 1
0 5 206 1 1
0 6 207 1 1
0 2 210 1 1
0 3 209 1 1
0 4 208 1 1
0 2 208 1 1
0 3 208 1 1
0 1 208 1 1
0 4 208 1 1
0 3 207 1 1
0 1 210 1 1
0 4 208 1 1
0 5 209 1 1
0 6 210 1 1
0 2 213 1 1
0 3 212 1 1
0 4 211 1 1
0 2 211 1 1
0 3 211 1 1
0 1 211 1 1
0 4 211 1 1
0 3 210 1 1
0 1 213 1 1
0 4 211 1 1
0 5 212 1 1
0 6 213 1 1
0 2 216 1 1
0 3 215 1 1
0 4 214 1 1
0 2 214 1 1
0 3 214 1 1
0 1 214 1 1
0 4 214 1 1
0 3 213 1 1
0 1 216 1 1
0 4 214 1 1
0 5 215 1 1
0 6 216 1 1
0 2 219 1 1
0 3 218 1 1
0 4 217 1 1
0 2 217 1 1
0 3 217 1 1
0 1 217 1 1
0 4 217 1 1
0 3 216 1 1
0 1 219 1 1
0 4 217 1 1
0 5 218 1 1
0 6 219 1 1
0 2 222 1 1
0 3 221 1 1
0 4 220 1 1
0 2 220 1 1
0 3 220 1 1
0 1 220 1 1
0 4 220 1 1
0 3 219 1 1
0 1 222 1 1
0 4 220 1 1
0 5 221 1 1
0 6 222 1 1
0 2 225 1 1
0 3 224 1 1
0 4 223 1 1
0 2 223 1 1
0 3 223 1 1
0 1 223 1 1
0 4 223 1 1
0 3 222 1 1
0 1 225 1 1
0 4 223 1 1
0 5 224 1 1
0 6 225 1 1
0 2 228 1 1
0 3 227 1 1
0 4 226 1 1
0 2 226 1 1
0 3 226 1 1
0 1 226 1 1
0 4 226 1 1
0 3 225 1 1
0 1 228 1 1
0 4 226 1 1
0 5 227 1 1
0 6 228 1 1
0 2 231 1 1
0 3 230 1 1
0 4 229 1 1
0 2 229 1 1
0 3 229 1 1
0 1 229 1 1
0 4 229 1 1
0 3 228 1 1
0 1 231 1 1
0 4 229 1 1
0 5 230 1 1
0 6 231 1 1
0 2 234 1 1
0 3 233 1 1
0 4 232 1 1
0 2 232 1 1
0 3 232 1 1
0 1 232 1 1
0 4 232 1 1
0 3 231 1 1
0 1 234 1 1
0 4 232 1 1
0 5 233 1 1
0 6 234 1 1
0 2 237 1 1
0 3 236 1 1
0 4 235 1 1
0 2 235 1 1
0 3 235 1 1
0 1 235 1 1
0 4 235 1 1
0 3 234 1 1
0 1 237 1 1
0 4 235 1 1
0 5 236 1 1
0 6 237 1 1
0 2 240 1 1
0 3 239 1 1
0 4 238 1 1
0 2 238 1 1
0 3 238 1 1
0 1 238 1 1
0 4 238 1 1
0 3 237 1 1
0 1 240 1 1
0 4 238 1 1
0 5 239 1 1
0 6 240 1 1
0 2 243 1 1
0 3 242 1 1
0 4 241 1 1
0 2 241 1 1
0 3 241 1 1
0 1 241 1 1
0 4 241 1 1
0 3 240 1 1
0 1 243 1 1
0 4 241 1 1
0 5 242 1 1
0 6 243 1 1
0 2 246 1 1
0 3 245 1 1
0 4 244 1 1
0 2 244 1 1
0 3 244 1 1
0 1 244 1 1
0 4 244 1 1
0 3 243 1 1
0 1 246 1 1
0 4 244 1 1
0 5 245 1 1
0 6 246 1 1
0 2 249 1 1
0 3 248 1 1
0 4 247 1 1
0 2 247 1 1
0 3 247 1 1
0 1 247 1 1
0 4 247 1 1
0 3 246 1 1
0 1 249 1 1
0 4 247 1 1
0 5 248 1 1
0 6 249 1 1
0 2 252 1 1
0 3 251 1 1
0 4 250 1 1
0 2 250 1 1
0 3 250 1 1
0 1 250 1 1
0 4 250 1 1
0 3 249 1 1
0 1 252 1 1
0 4 250 1 1
0 5 251 1 1
0 6 252 1 1
0 2 255 1 1
0 3 254 1 1
0 4 253 1 1
0 2 253 1 1
0 3 253 1 1
0 1 253 1 1
0 4 253 1 1
0 3 252 1 1
0 1 255 1 1
0 4 253 1 1
0 5 254 1 1
0 6 255 1 1
0 2 258 1 1
0 3 257 1 1
0 4 256 1 1
0 2 256 1 1
0 3 256 1 1
0 1 256 1 1
0 4 256 1 1
0 3 255 1 1
0 1 258 1 1
0 4 256 1 1
0 5 257 1 1
0 6 258 1 1
0 2 261 1 1
0 3 260 1 1
0 4 259 1 1
0 2 259 1 1
0 3 259 1 1
0 1 259 1 1
0 4 259 1 1
0 3 258 1 1
0 1 261 1 1
0 4 259 1 1
0 5 260 1 1
0 6 261 1 1
0 2 264 1 1
0 3 263 1 1
0 4 262 1 1
0 2 262 1 1
0 3 262 1 1
0 1 262 1 1
0 4 262 1 1
0 3 261 1 1
0 1 264 1 1
0 4 262 1 1
0 5 263 1 1
0 6 264 1 1
0 2 267 1 1
0 3 266 1 1
0 4 265 1 1
0 2 265 1 1
0 3 265 1 1
0 1 265 1 1
0 4 265 1 1
0 3 264 1 1
0 1 267 1 1
0 4 265 1 1
0 5 266 1 1
0 6 267 1 1
0 2 270 1 1
0 3 269 1 1
0 4 268 1 1
0 2 268 1 1
0 3 268 1 1
0 1 268 1 1
0 4 268 1 1
0 3 267 1 1
0 1 270 1 1
0 4 268 1 1
0 5 269 1 1
0 6 270 1 1
0 2 273 1 1
0 3 272 1 1
0 4 271 1 1
0 2 271 1 1
0 3 271 1 1
0 1 271 1 1
0 4 271 1 1
0 3 270 1 1
0 1 273 1 1
0 4 271 1 1
0 5 272 1 1
0 6 273 1 1
0 2 276 1 1
0 3 275 1 1
0 4 274 1 1
0 2 274 1 1
0 3 274 1 1
0 1 274 1 1
0 4 274 1 1
0 3 273 1 1
0 1 276 1 1
0 4 274 1 1
0 5 275 1 1
0 6 276 1 1
0 2 279 1 1
0 3 278 1 1
0 4 277 1 1
0 2 277 1 1
0 3 277 1 1
0 1 277 1 1
0 4 277 1 1
0 3 276 1 1
0 1 279 1 1
0 4 277 1 1
0 5 278 1 1
0 6 279 1 1
0 2 282 1 1
0 3 281 1 1
0 4 280 1 1
0 2 280 1 1
0 3 280 1 1
0 1 280 1 1
0 4 280 1 1
0 3 279 1 1
0 1 282 1 1
0 4 280 1 1
0 5 281 1 1
0 6 282 1 1
0 2 285 1 1
0 3 284 1 1
0 4 283 1 1
0 2 283 1 1
0 3 283 1 1
0 1 283 1 1
0 4 283 1 1
0 3 282 1 1
0 1 285 1 1
0 4 283 1 1
0 5 284 1 1
0 6 285 1 1
0 2 288 1 1
0 3 287 1 1
0 4 286 1 1
0 2 286 1 1
0 3 286 1 1
0 1 286 1 1
0 4 286 1 1
0 3 285 1 1
0 1 288 1 1
0 4 286 1 1
0 5 287 1 1
0 6 288 1 1
0 2 291 1 1
0 3 290 1 1
0 4 289 1 1
0 2 289 1 1
0 3 289 1 1
0 1 289 1 1
0 4 289 1 1
0 3 288 1 1
0 1 291 1 1
0 4 289 1 1
0 5 290 1 1
0 6 291 1 1
0 2 294 1 1
0 3 293 1 1
0 4 292 1 1
0 2 292 1 1
0 3 292 1 1
0 1 292 1 1
0 4 292 1 1
0 3 291 1 1
0 1 294 1 1
0 4 292 1 1
0 5 293 1 1
0 6 294 1 1
0 2 297 1 1
0 3 296 1 1
0 4 295 1 1
0 2 295 1 1
0 3 295 1 1
0 1 295 1 1
0 4 295 1 1
0 3 294 1 1
0 1 297 1 1
0 4 295 1 1
0 5 296 1 1
0 6 297 1 1
0 2 300 1 1
0 3 299 1 1
0 4 298 1 1
0 2 298 1 1
0 3 298 1 1
0 1 298 1 1
0 4 298 1 1
0 3 297 1 1
0 1 300 1 1
0 4 298 1 1
0 5 299 1 1
