0 3 3 1 1
0 5 5 1 1
0 6 6 1 1
0 4 4 1 1
0 7 7 1 1
0 9 9 1 1
0 12 0 1 1
0 8 8 1 1
0 2 2 1 1
0 1 1 1 1
0 2 1 1 1
0 3 1 1 1
0 4 1 1 1
0 5 1 1 1
0 8 1 1 1
0 6 1 1 1
0 9 1 1 1
0 7 1 1 1
0 10 1 1 1
0 1 1 1 1
0 7 6 1 1
0 9 4 1 1
0 6 7 1 1
0 10 3 1 1
0 11 2 1 1
0 1 1 1 1
0 4 9 1 1
0 5 8 1 1
0 2 0 1 1
0 8 5 1 1
0 12 3 1 1
0 2 5 1 1
0 5 8 1 1
0 10 2 1 1
0 3 6 1 1
0 4 7 1 1
0 9 1 1 1
0 6 9 1 1
0 8 0 1 1
0 1 4 1 1
0 10 4 1 1
0 7 4 1 1
0 9 4 1 1
0 6 4 1 1
0 8 4 1 1
0 5 4 1 1
0 4 4 1 1
0 3 4 1 1
0 2 4 1 1
0 1 4 1 1
0 2 3 1 1
0 11 5 1 1
0 9 7 1 1
0 10 6 1 1
0 4 1 1 1
0 8 8 1 1
0 5 0 1 1
0 3 2 1 1
0 1 4 1 1
0 7 9 1 1
0 7 2 1 1
0 9 4 1 1
0 2 8 1 1
0 10 5 1 1
0 1 7 1 1
0 3 9 1 1
0 8 3 1 1
0 6 1 1 1
0 5 0 1 1
0 12 6 1 1
0 3 7 1 1
0 1 7 1 1
0 6 7 1 1
0 7 7 1 1
0 4 7 1 1
0 5 7 1 1
0 10 7 1 1
0 8 7 1 1
0 2 7 1 1
0 9 7 1 1
0 3 11 1 1
0 5 13 1 1
0 6 14 1 1
0 4 12 1 1
0 7 15 1 1
0 9 17 1 1
0 12 8 1 1
0 8 16 1 1
0 2 10 1 1
0 1 9 1 1
0 2 9 1 1
0 3 9 1 1
0 4 9 1 1
0 5 9 1 1
0 8 9 1 1
0 6 9 1 1
0 9 9 1 1
0 7 9 1 1
0 10 9 1 1
0 1 9 1 1
0 7 14 1 1
0 9 12 1 1
0 6 15 1 1
0 10 11 1 1
0 11 10 1 1
0 1 9 1 1
0 4 17 1 1
0 5 16 1 1
0 2 8 1 1
0 8 13 1 1
0 12 11 1 1
0 2 13 1 1
0 5 16 1 1
0 10 10 1 1
0 3 14 1 1
0 4 15 1 1
0 9 9 1 1
0 6 17 1 1
0 8 8 1 1
0 1 12 1 1
0 10 12 1 1
0 7 12 1 1
0 9 12 1 1
0 6 12 1 1
0 8 12 1 1
0 5 12 1 1
0 4 12 1 1
0 3 12 1 1
0 2 12 1 1
0 1 12 1 1
0 2 11 1 1
0 11 13 1 1
0 9 15 1 1
0 10 14 1 1
0 4 9 1 1
0 8 16 1 1
0 5 8 1 1
0 3 10 1 1
0 1 12 1 1
0 7 17 1 1
0 7 10 1 1
0 9 12 1 1
0 2 16 1 1
0 10 13 1 1
0 1 15 1 1
0 3 17 1 1
0 8 11 1 1
0 6 9 1 1
0 5 8 1 1
0 12 14 1 1
0 3 15 1 1
0 1 15 1 1
0 6 15 1 1
0 7 15 1 1
0 4 15 1 1
0 5 15 1 1
0 10 15 1 1
0 8 15 1 1
0 2 15 1 1
0 9 15 1 1
0 3 19 1 1
0 5 21 1 1
0 6 22 1 1
0 4 20 1 1
0 7 23 1 1
0 9 25 1 1
0 12 16 1 1
0 8 24 1 1
0 2 18 1 1
0 1 17 1 1
0 2 17 1 1
0 3 17 1 1
0 4 17 1 1
0 5 17 1 1
0 8 17 1 1
0 6 17 1 1
0 9 17 1 1
0 7 17 1 1
0 10 17 1 1
0 1 17 1 1
0 7 22 1 1
0 9 20 1 1
0 6 23 1 1
0 10 19 1 1
0 11 18 1 1
0 1 17 1 1
0 4 25 1 1
0 5 24 1 1
0 2 16 1 1
0 8 21 1 1
0 12 19 1 1
0 2 21 1 1
0 5 24 1 1
0 10 18 1 1
0 3 22 1 1
0 4 23 1 1
0 9 17 1 1
0 6 25 1 1
0 8 16 1 1
0 1 20 1 1
0 10 20 1 1
0 7 20 1 1
0 9 20 1 1
0 6 20 1 1
0 8 20 1 1
0 5 20 1 1
0 4 20 1 1
0 3 20 1 1
0 2 20 1 1
0 1 20 1 1
0 2 19 1 1
0 11 21 1 1
0 9 23 1 1
0 10 22 1 1
0 4 17 1 1
0 8 24 1 1
0 5 16 1 1
0 3 18 1 1
0 1 20 1 1
0 7 25 1 1
0 7 18 1 1
0 9 20 1 1
0 2 24 1 1
0 10 21 1 1
0 1 23 1 1
0 3 25 1 1
0 8 19 1 1
0 6 17 1 1
0 5 16 1 1
0 12 22 1 1
0 3 23 1 1
0 1 23 1 1
0 6 23 1 1
0 7 23 1 1
0 4 23 1 1
0 5 23 1 1
0 10 23 1 1
0 8 23 1 1
0 2 23 1 1
0 9 23 1 1
0 3 27 1 1
0 5 29 1 1
0 6 30 1 1
0 4 28 1 1
0 7 31 1 1
0 9 33 1 1
0 12 24 1 1
0 8 32 1 1
0 2 26 1 1
0 1 25 1 1
0 2 25 1 1
0 3 25 1 1
0 4 25 1 1
0 5 25 1 1
0 8 25 1 1
0 6 25 1 1
0 9 25 1 1
0 7 25 1 1
0 10 25 1 1
0 1 25 1 1
0 7 30 1 1
0 9 28 1 1
0 6 31 1 1
0 10 27 1 1
0 11 26 1 1
0 1 25 1 1
0 4 33 1 1
0 5 32 1 1
0 2 24 1 1
0 8 29 1 1
0 12 27 1 1
0 2 29 1 1
0 5 32 1 1
0 10 26 1 1
0 3 30 1 1
0 4 31 1 1
0 9 25 1 1
0 6 33 1 1
0 8 24 1 1
0 1 28 1 1
0 10 28 1 1
0 7 28 1 1
0 9 28 1 1
0 6 28 1 1
0 8 28 1 1
0 5 28 1 1
0 4 28 1 1
0 3 28 1 1
0 2 28 1 1
0 1 28 1 1
0 2 27 1 1
0 11 29 1 1
0 9 31 1 1
0 10 30 1 1
0 4 25 1 1
0 8 32 1 1
0 5 24 1 1
0 3 26 1 1
0 1 28 1 1
0 7 33 1 1
0 7 26 1 1
0 9 28 1 1
0 2 32 1 1
0 10 29 1 1
0 1 31 1 1
0 3 33 1 1
0 8 27 1 1
0 6 25 1 1
0 5 24 1 1
0 12 30 1 1
0 3 31 1 1
0 1 31 1 1
0 6 31 1 1
0 7 31 1 1
0 4 31 1 1
0 5 31 1 1
0 10 31 1 1
0 8 31 1 1
0 2 31 1 1
0 9 31 1 1
0 3 35 1 1
0 5 37 1 1
0 6 38 1 1
0 4 36 1 1
0 7 39 1 1
0 9 41 1 1
0 12 32 1 1
0 8 40 1 1
0 2 34 1 1
0 1 33 1 1
0 2 33 1 1
0 3 33 1 1
0 4 33 1 1
0 5 33 1 1
0 8 33 1 1
0 6 33 1 1
0 9 33 1 1
0 7 33 1 1
0 10 33 1 1
0 1 33 1 1
0 7 38 1 1
0 9 36 1 1
0 6 39 1 1
0 10 35 1 1
0 11 34 1 1
0 1 33 1 1
0 4 41 1 1
0 5 40 1 1
0 2 32 1 1
0 8 37 1 1
0 12 35 1 1
0 2 37 1 1
0 5 40 1 1
0 10 34 1 1
0 3 38 1 1
0 4 39 1 1
0 9 33 1 1
0 6 41 1 1
0 8 32 1 1
0 1 36 1 1
0 10 36 1 1
0 7 36 1 1
0 9 36 1 1
0 6 36 1 1
0 8 36 1 1
0 5 36 1 1
0 4 36 1 1
0 3 36 1 1
0 2 36 1 1
0 1 36 1 1
0 2 35 1 1
0 11 37 1 1
0 9 39 1 1
0 10 38 1 1
0 4 33 1 1
0 8 40 1 1
0 5 32 1 1
0 3 34 1 1
0 1 36 1 1
0 7 41 1 1
0 7 34 1 1
0 9 36 1 1
0 2 40 1 1
0 10 37 1 1
0 1 39 1 1
0 3 41 1 1
0 8 35 1 1
0 6 33 1 1
0 5 32 1 1
0 12 38 1 1
0 3 39 1 1
0 1 39 1 1
0 6 39 1 1
0 7 39 1 1
0 4 39 1 1
0 5 39 1 1
0 10 39 1 1
0 8 39 1 1
0 2 39 1 1
0 9 39 1 1
0 3 43 1 1
0 5 45 1 1
0 6 46 1 1
0 4 44 1 1
0 7 47 1 1
0 9 49 1 1
0 12 40 1 1
0 8 48 1 1
0 2 42 1 1
0 1 41 1 1
0 2 41 1 1
0 3 41 1 1
0 4 41 1 1
0 5 41 1 1
0 8 41 1 1
0 6 41 1 1
0 9 41 1 1
0 7 41 1 1
0 10 41 1 1
0 1 41 1 1
0 7 46 1 1
0 9 44 1 1
0 6 47 1 1
0 10 43 1 1
0 11 42 1 1
0 1 41 1 1
0 4 49 1 1
0 5 48 1 1
0 2 40 1 1
0 8 45 1 1
0 12 43 1 1
0 2 45 1 1
0 5 48 1 1
0 10 42 1 1
0 3 46 1 1
0 4 47 1 1
0 9 41 1 1
0 6 49 1 1
0 8 40 1 1
0 1 44 1 1
0 10 44 1 1
0 7 44 1 1
0 9 44 1 1
0 6 44 1 1
0 8 44 1 1
0 5 44 1 1
0 4 44 1 1
0 3 44 1 1
0 2 44 1 1
0 1 44 1 1
0 2 43 1 1
0 11 45 1 1
0 9 47 1 1
0 10 46 1 1
0 4 41 1 1
0 8 48 1 1
0 5 40 1 1
0 3 42 1 1
0 1 44 1 1
0 7 49 1 1
0 7 42 1 1
0 9 44 1 1
0 2 48 1 1
0 10 45 1 1
0 1 47 1 1
0 3 49 1 1
0 8 43 1 1
0 6 41 1 1
0 5 40 1 1
0 12 46 1 1
0 3 47 1 1
0 1 47 1 1
0 6 47 1 1
0 7 47 1 1
0 4 47 1 1
0 5 47 1 1
0 10 47 1 1
0 8 47 1 1
0 2 47 1 1
0 9 47 1 1
0 3 51 1 1
0 5 53 1 1
0 6 54 1 1
0 4 52 1 1
0 7 55 1 1
0 9 57 1 1
0 12 48 1 1
0 8 56 1 1
0 2 50 1 1
0 1 49 1 1
0 2 49 1 1
0 3 49 1 1
0 4 49 1 1
0 5 49 1 1
0 8 49 1 1
0 6 49 1 1
0 9 49 1 1
0 7 49 1 1
0 10 49 1 1
0 1 49 1 1
0 7 54 1 1
0 9 52 1 1
0 6 55 1 1
0 10 51 1 1
0 11 50 1 1
0 1 49 1 1
0 4 57 1 1
0 5 56 1 1
0 2 48 1 1
0 8 53 1 1
0 12 51 1 1
0 2 53 1 1
0 5 56 1 1
0 10 50 1 1
0 3 54 1 1
0 4 55 1 1
0 9 49 1 1
0 6 57 1 1
0 8 48 1 1
0 1 52 1 1
0 10 52 1 1
0 7 52 1 1
0 9 52 1 1
0 6 52 1 1
0 8 52 1 1
0 5 52 1 1
0 4 52 1 1
0 3 52 1 1
0 2 52 1 1
0 1 52 1 1
0 2 51 1 1
0 11 53 1 1
0 9 55 1 1
0 10 54 1 1
0 4 49 1 1
0 8 56 1 1
0 5 48 1 1
0 3 50 1 1
0 1 52 1 1
0 7 57 1 1
0 7 50 1 1
0 9 52 1 1
0 2 56 1 1
0 10 53 1 1
0 1 55 1 1
0 3 57 1 1
0 8 51 1 1
0 6 49 1 1
0 5 48 1 1
0 12 54 1 1
0 3 55 1 1
0 1 55 1 1
0 6 55 1 1
0 7 55 1 1
0 4 55 1 1
0 5 55 1 1
0 10 55 1 1
0 8 55 1 1
0 2 55 1 1
0 9 55 1 1
0 3 59 1 1
0 5 61 1 1
0 6 62 1 1
0 4 60 1 1
0 7 63 1 1
0 9 65 1 1
0 12 56 1 1
0 8 64 1 1
0 2 58 1 1
0 1 57 1 1
0 2 57 1 1
0 3 57 1 1
0 4 57 1 1
0 5 57 1 1
0 8 57 1 1
0 6 57 1 1
0 9 57 1 1
0 7 57 1 1
0 10 57 1 1
0 1 57 1 1
0 7 62 1 1
0 9 60 1 1
0 6 63 1 1
0 10 59 1 1
0 11 58 1 1
0 1 57 1 1
0 4 65 1 1
0 5 64 1 1
0 2 56 1 1
0 8 61 1 1
0 12 59 1 1
0 2 61 1 1
0 5 64 1 1
0 10 58 1 1
0 3 62 1 1
0 4 63 1 1
0 9 57 1 1
0 6 65 1 1
0 8 56 1 1
0 1 60 1 1
0 10 60 1 1
0 7 60 1 1
0 9 60 1 1
0 6 60 1 1
0 8 60 1 1
0 5 60 1 1
0 4 60 1 1
0 3 60 1 1
0 2 60 1 1
0 1 60 1 1
0 2 59 1 1
0 11 61 1 1
0 9 63 1 1
0 10 62 1 1
0 4 57 1 1
0 8 64 1 1
0 5 56 1 1
0 3 58 1 1
0 1 60 1 1
0 7 65 1 1
0 7 58 1 1
0 9 60 1 1
0 2 64 1 1
0 10 61 1 1
0 1 63 1 1
0 3 65 1 1
0 8 59 1 1
0 6 57 1 1
0 5 56 1 1
0 12 62 1 1
0 3 63 1 1
0 1 63 1 1
0 6 63 1 1
0 7 63 1 1
0 4 63 1 1
0 5 63 1 1
0 10 63 1 1
0 8 63 1 1
0 2 63 1 1
0 9 63 1 1
0 3 67 1 1
0 5 69 1 1
0 6 70 1 1
0 4 68 1 1
0 7 71 1 1
0 9 73 1 1
0 12 64 1 1
0 8 72 1 1
0 2 66 1 1
0 1 65 1 1
0 2 65 1 1
0 3 65 1 1
0 4 65 1 1
0 5 65 1 1
0 8 65 1 1
0 6 65 1 1
0 9 65 1 1
0 7 65 1 1
0 10 65 1 1
0 1 65 1 1
0 7 70 1 1
0 9 68 1 1
0 6 71 1 1
0 10 67 1 1
0 11 66 1 1
0 1 65 1 1
0 4 73 1 1
0 5 72 1 1
0 2 64 1 1
0 8 69 1 1
0 12 67 1 1
0 2 69 1 1
0 5 72 1 1
0 10 66 1 1
0 3 70 1 1
0 4 71 1 1
0 9 65 1 1
0 6 73 1 1
0 8 64 1 1
0 1 68 1 1
0 10 68 1 1
0 7 68 1 1
0 9 68 1 1
0 6 68 1 1
0 8 68 1 1
0 5 68 1 1
0 4 68 1 1
0 3 68 1 1
0 2 68 1 1
0 1 68 1 1
0 2 67 1 1
0 11 69 1 1
0 9 71 1 1
0 10 70 1 1
0 4 65 1 1
0 8 72 1 1
0 5 64 1 1
0 3 66 1 1
0 1 68 1 1
0 7 73 1 1
0 7 66 1 1
0 9 68 1 1
0 2 72 1 1
0 10 69 1 1
0 1 71 1 1
0 3 73 1 1
0 8 67 1 1
0 6 65 1 1
0 5 64 1 1
0 12 70 1 1
0 3 71 1 1
0 1 71 1 1
0 6 71 1 1
0 7 71 1 1
0 4 71 1 1
0 5 71 1 1
0 10 71 1 1
0 8 71 1 1
0 2 71 1 1
0 9 71 1 1
0 3 75 1 1
0 5 77 1 1
0 6 78 1 1
0 4 76 1 1
0 7 79 1 1
0 9 81 1 1
0 12 72 1 1
0 8 80 1 1
0 2 74 1 1
0 1 73 1 1
0 2 73 1 1
0 3 73 1 1
0 4 73 1 1
0 5 73 1 1
0 8 73 1 1
0 6 73 1 1
0 9 73 1 1
0 7 73 1 1
0 10 73 1 1
0 1 73 1 1
0 7 78 1 1
0 9 76 1 1
0 6 79 1 1
0 10 75 1 1
0 11 74 1 1
0 1 73 1 1
0 4 81 1 1
0 5 80 1 1
0 2 72 1 1
0 8 77 1 1
0 12 75 1 1
0 2 77 1 1
0 5 80 1 1
0 10 74 1 1
0 3 78 1 1
0 4 79 1 1
0 9 73 1 1
0 6 81 1 1
0 8 72 1 1
0 1 76 1 1
0 10 76 1 1
0 7 76 1 1
0 9 76 1 1
0 6 76 1 1
0 8 76 1 1
0 5 76 1 1
0 4 76 1 1
0 3 76 1 1
0 2 76 1 1
0 1 76 1 1
0 2 75 1 1
0 11 77 1 1
0 9 79 1 1
0 10 78 1 1
0 4 73 1 1
0 8 80 1 1
0 5 72 1 1
0 3 74 1 1
0 1 76 1 1
0 7 81 1 1
0 7 74 1 1
0 9 76 1 1
0 2 80 1 1
0 10 77 1 1
0 1 79 1 1
0 3 81 1 1
0 8 75 1 1
0 6 73 1 1
0 5 72 1 1
0 12 78 1 1
0 3 79 1 1
0 1 79 1 1
0 6 79 1 1
0 7 79 1 1
0 4 79 1 1
0 5 79 1 1
0 10 79 1 1
0 8 79 1 1
0 2 79 1 1
0 9 79 1 1
0 3 83 1 1
0 5 85 1 1
0 6 86 1 1
0 4 84 1 1
0 7 87 1 1
0 9 89 1 1
0 12 80 1 1
0 8 88 1 1
0 2 82 1 1
0 1 81 1 1
0 2 81 1 1
0 3 81 1 1
0 4 81 1 1
0 5 81 1 1
0 8 81 1 1
0 6 81 1 1
0 9 81 1 1
0 7 81 1 1
0 10 81 1 1
0 1 81 1 1
0 7 86 1 1
0 9 84 1 1
0 6 87 1 1
0 10 83 1 1
0 11 82 1 1
0 1 81 1 1
0 4 89 1 1
0 5 88 1 1
0 2 80 1 1
0 8 85 1 1
0 12 83 1 1
0 2 85 1 1
0 5 88 1 1
0 10 82 1 1
0 3 86 1 1
0 4 87 1 1
0 9 81 1 1
0 6 89 1 1
0 8 80 1 1
0 1 84 1 1
0 10 84 1 1
0 7 84 1 1
0 9 84 1 1
0 6 84 1 1
0 8 84 1 1
0 5 84 1 1
0 4 84 1 1
0 3 84 1 1
0 2 84 1 1
0 1 84 1 1
0 2 83 1 1
0 11 85 1 1
0 9 87 1 1
0 10 86 1 1
0 4 81 1 1
0 8 88 1 1
0 5 80 1 1
0 3 82 1 1
0 1 84 1 1
0 7 89 1 1
0 7 82 1 1
0 9 84 1 1
0 2 88 1 1
0 10 85 1 1
0 1 87 1 1
0 3 89 1 1
0 8 83 1 1
0 6 81 1 1
0 5 80 1 1
0 12 86 1 1
0 3 87 1 1
0 1 87 1 1
0 6 87 1 1
0 7 87 1 1
0 4 87 1 1
0 5 87 1 1
0 10 87 1 1
0 8 87 1 1
0 2 87 1 1
0 9 87 1 1
0 3 91 1 1
0 5 93 1 1
0 6 94 1 1
0 4 92 1 1
0 7 95 1 1
0 9 97 1 1
0 12 88 1 1
0 8 96 1 1
0 2 90 1 1
0 1 89 1 1
0 2 89 1 1
0 3 89 1 1
0 4 89 1 1
0 5 89 1 1
0 8 89 1 1
0 6 89 1 1
0 9 89 1 1
0 7 89 1 1
0 10 89 1 1
0 1 89 1 1
0 7 94 1 1
0 9 92 1 1
0 6 95 1 1
0 10 91 1 1
0 11 90 1 1
0 1 89 1 1
0 4 97 1 1
0 5 96 1 1
0 2 88 1 1
0 8 93 1 1
0 12 91 1 1
0 2 93 1 1
0 5 96 1 1
0 10 90 1 1
0 3 94 1 1
0 4 95 1 1
0 9 89 1 1
0 6 97 1 1
0 8 88 1 1
0 1 92 1 1
0 10 92 1 1
0 7 92 1 1
0 9 92 1 1
0 6 92 1 1
0 8 92 1 1
0 5 92 1 1
0 4 92 1 1
0 3 92 1 1
0 2 92 1 1
0 1 92 1 1
0 2 91 1 1
0 11 93 1 1
0 9 95 1 1
0 10 94 1 1
0 4 89 1 1
0 8 96 1 1
0 5 88 1 1
0 3 90 1 1
0 1 92 1 1
0 7 97 1 1
0 7 90 1 1
0 9 92 1 1
0 2 96 1 1
0 10 93 1 1
0 1 95 1 1
0 3 97 1 1
0 8 91 1 1
0 6 89 1 1
0 5 88 1 1
0 12 94 1 1
0 3 95 1 1
0 1 95 1 1
0 6 95 1 1
0 7 95 1 1
0 4 95 1 1
0 5 95 1 1
0 10 95 1 1
0 8 95 1 1
0 2 95 1 1
0 9 95 1 1
0 3 99 1 1
0 5 101 1 1
0 6 102 1 1
0 4 100 1 1
0 7 103 1 1
0 9 105 1 1
0 12 96 1 1
0 8 104 1 1
0 2 98 1 1
0 1 97 1 1
0 2 97 1 1
0 3 97 1 1
0 4 97 1 1
0 5 97 1 1
0 8 97 1 1
0 6 97 1 1
0 9 97 1 1
0 7 97 1 1
0 10 97 1 1
0 1 97 1 1
0 7 102 1 1
0 9 100 1 1
0 6 103 1 1
0 10 99 1 1
0 11 98 1 1
0 1 97 1 1
0 4 105 1 1
0 5 104 1 1
0 2 96 1 1
0 8 101 1 1
0 12 99 1 1
0 2 101 1 1
0 5 104 1 1
0 10 98 1 1
0 3 102 1 1
0 4 103 1 1
0 9 97 1 1
0 6 105 1 1
0 8 96 1 1
0 1 100 1 1
0 10 100 1 1
0 7 100 1 1
0 9 100 1 1
0 6 100 1 1
0 8 100 1 1
0 5 100 1 1
0 4 100 1 1
0 3 100 1 1
0 2 100 1 1
0 1 100 1 1
0 2 99 1 1
0 11 101 1 1
0 9 103 1 1
0 10 102 1 1
0 4 97 1 1
0 8 104 1 1
0 5 96 1 1
0 3 98 1 1
0 1 100 1 1
0 7 105 1 1
0 7 98 1 1
0 9 100 1 1
0 2 104 1 1
0 10 101 1 1
0 1 103 1 1
0 3 105 1 1
0 8 99 1 1
0 6 97 1 1
0 5 96 1 1
0 12 102 1 1
0 3 103 1 1
0 1 103 1 1
0 6 103 1 1
0 7 103 1 1
0 4 103 1 1
0 5 103 1 1
0 10 103 1 1
0 8 103 1 1
0 2 103 1 1
0 9 103 1 1
0 3 107 1 1
0 5 109 1 1
0 6 110 1 1
0 4 108 1 1
0 7 111 1 1
0 9 113 1 1
0 12 104 1 1
0 8 112 1 1
0 2 106 1 1
0 1 105 1 1
0 2 105 1 1
0 3 105 1 1
0 4 105 1 1
0 5 105 1 1
0 8 105 1 1
0 6 105 1 1
0 9 105 1 1
0 7 105 1 1
0 10 105 1 1
0 1 105 1 1
0 7 110 1 1
0 9 108 1 1
0 6 111 1 1
0 10 107 1 1
0 11 106 1 1
0 1 105 1 1
0 4 113 1 1
0 5 112 1 1
0 2 104 1 1
0 8 109 1 1
0 12 107 1 1
0 2 109 1 1
0 5 112 1 1
0 10 106 1 1
0 3 110 1 1
0 4 111 1 1
0 9 105 1 1
0 6 113 1 1
0 8 104 1 1
0 1 108 1 1
0 10 108 1 1
0 7 108 1 1
0 9 108 1 1
0 6 108 1 1
0 8 108 1 1
0 5 108 1 1
0 4 108 1 1
0 3 108 1 1
0 2 108 1 1
0 1 108 1 1
0 2 107 1 1
0 11 109 1 1
0 9 111 1 1
0 10 110 1 1
0 4 105 1 1
0 8 112 1 1
0 5 104 1 1
0 3 106 1 1
0 1 108 1 1
0 7 113 1 1
0 7 106 1 1
0 9 108 1 1
0 2 112 1 1
0 10 109 1 1
0 1 111 1 1
0 3 113 1 1
0 8 107 1 1
0 6 105 1 1
0 5 104 1 1
0 12 110 1 1
0 3 111 1 1
0 1 111 1 1
0 6 111 1 1
0 7 111 1 1
0 4 111 1 1
0 5 111 1 1
0 10 111 1 1
0 8 111 1 1
0 2 111 1 1
0 9 111 1 1
0 3 115 1 1
0 5 117 1 1
0 6 118 1 1
0 4 116 1 1
0 7 119 1 1
0 9 121 1 1
0 12 112 1 1
0 8 120 1 1
0 2 114 1 1
0 1 113 1 1
0 2 113 1 1
0 3 113 1 1
0 4 113 1 1
0 5 113 1 1
0 8 113 1 1
0 6 113 1 1
0 9 113 1 1
0 7 113 1 1
0 10 113 1 1
0 1 113 1 1
0 7 118 1 1
0 9 116 1 1
0 6 119 1 1
0 10 115 1 1
0 11 114 1 1
0 1 113 1 1
0 4 121 1 1
0 5 120 1 1
0 2 112 1 1
0 8 117 1 1
0 12 115 1 1
0 2 117 1 1
0 5 120 1 1
0 10 114 1 1
0 3 118 1 1
0 4 119 1 1
0 9 113 1 1
0 6 121 1 1
0 8 112 1 1
0 1 116 1 1
0 10 116 1 1
0 7 116 1 1
0 9 116 1 1
0 6 116 1 1
0 8 116 1 1
0 5 116 1 1
0 4 116 1 1
0 3 116 1 1
0 2 116 1 1
0 1 116 1 1
0 2 115 1 1
0 11 117 1 1
0 9 119 1 1
0 10 118 1 1
0 4 113 1 1
0 8 120 1 1
0 5 112 1 1
0 3 114 1 1
0 1 116 1 1
0 7 121 1 1
0 7 114 1 1
0 9 116 1 1
0 2 120 1 1
0 10 117 1 1
0 1 119 1 1
0 3 121 1 1
0 8 115 1 1
0 6 113 1 1
0 5 112 1 1
0 12 118 1 1
0 3 119 1 1
0 1 119 1 1
0 6 119 1 1
0 7 119 1 1
0 4 119 1 1
0 5 119 1 1
0 10 119 1 1
0 8 119 1 1
0 2 119 1 1
0 9 119 1 1
0 3 123 1 1
0 5 125 1 1
0 6 126 1 1
0 4 124 1 1
0 7 127 1 1
0 9 129 1 1
0 12 120 1 1
0 8 128 1 1
0 2 122 1 1
0 1 121 1 1
0 2 121 1 1
0 3 121 1 1
0 4 121 1 1
0 5 121 1 1
0 8 121 1 1
0 6 121 1 1
0 9 121 1 1
0 7 121 1 1
0 10 121 1 1
0 1 121 1 1
0 7 126 1 1
0 9 124 1 1
0 6 127 1 1
0 10 123 1 1
0 11 122 1 1
0 1 121 1 1
0 4 129 1 1
0 5 128 1 1
0 2 120 1 1
0 8 125 1 1
0 12 123 1 1
0 2 125 1 1
0 5 128 1 1
0 10 122 1 1
0 3 126 1 1
0 4 127 1 1
0 9 121 1 1
0 6 129 1 1
0 8 120 1 1
0 1 124 1 1
0 10 124 1 1
0 7 124 1 1
0 9 124 1 1
0 6 124 1 1
0 8 124 1 1
0 5 124 1 1
0 4 124 1 1
0 3 124 1 1
0 2 124 1 1
0 1 124 1 1
0 2 123 1 1
0 11 125 1 1
0 9 127 1 1
0 10 126 1 1
0 4 121 1 1
0 8 128 1 1
0 5 120 1 1
0 3 122 1 1
0 1 124 1 1
0 7 129 1 1
0 7 122 1 1
0 9 124 1 1
0 2 128 1 1
0 10 125 1 1
0 1 127 1 1
0 3 129 1 1
0 8 123 1 1
0 6 121 1 1
0 5 120 1 1
0 12 126 1 1
0 3 127 1 1
0 1 127 1 1
0 6 127 1 1
0 7 127 1 1
0 4 127 1 1
0 5 127 1 1
0 10 127 1 1
0 8 127 1 1
0 2 127 1 1
0 9 127 1 1
0 3 131 1 1
0 5 133 1 1
0 6 134 1 1
0 4 132 1 1
0 7 135 1 1
0 9 137 1 1
0 12 128 1 1
0 8 136 1 1
0 2 130 1 1
0 1 129 1 1
0 2 129 1 1
0 3 129 1 1
0 4 129 1 1
0 5 129 1 1
0 8 129 1 1
0 6 129 1 1
0 9 129 1 1
0 7 129 1 1
0 10 129 1 1
0 1 129 1 1
0 7 134 1 1
0 9 132 1 1
0 6 135 1 1
0 10 131 1 1
0 11 130 1 1
0 1 129 1 1
0 4 137 1 1
0 5 136 1 1
0 2 128 1 1
0 8 133 1 1
0 12 131 1 1
0 2 133 1 1
0 5 136 1 1
0 10 130 1 1
0 3 134 1 1
0 4 135 1 1
0 9 129 1 1
0 6 137 1 1
0 8 128 1 1
0 1 132 1 1
0 10 132 1 1
0 7 132 1 1
0 9 132 1 1
0 6 132 1 1
0 8 132 1 1
0 5 132 1 1
0 4 132 1 1
0 3 132 1 1
0 2 132 1 1
0 1 132 1 1
0 2 131 1 1
0 11 133 1 1
0 9 135 1 1
0 10 134 1 1
0 4 129 1 1
0 8 136 1 1
0 5 128 1 1
0 3 130 1 1
0 1 132 1 1
0 7 137 1 1
0 7 130 1 1
0 9 132 1 1
0 2 136 1 1
0 10 133 1 1
0 1 135 1 1
0 3 137 1 1
0 8 131 1 1
0 6 129 1 1
0 5 128 1 1
0 12 134 1 1
0 3 135 1 1
0 1 135 1 1
0 6 135 1 1
0 7 135 1 1
0 4 135 1 1
0 5 135 1 1
0 10 135 1 1
0 8 135 1 1
0 2 135 1 1
0 9 135 1 1
0 3 139 1 1
0 5 141 1 1
0 6 142 1 1
0 4 140 1 1
0 7 143 1 1
0 9 145 1 1
0 12 136 1 1
0 8 144 1 1
0 2 138 1 1
0 1 137 1 1
0 2 137 1 1
0 3 137 1 1
0 4 137 1 1
0 5 137 1 1
0 8 137 1 1
0 6 137 1 1
0 9 137 1 1
0 7 137 1 1
0 10 137 1 1
0 1 137 1 1
0 7 142 1 1
0 9 140 1 1
0 6 143 1 1
0 10 139 1 1
0 11 138 1 1
0 1 137 1 1
0 4 145 1 1
0 5 144 1 1
0 2 136 1 1
0 8 141 1 1
0 12 139 1 1
0 2 141 1 1
0 5 144 1 1
0 10 138 1 1
0 3 142 1 1
0 4 143 1 1
0 9 137 1 1
0 6 145 1 1
0 8 136 1 1
0 1 140 1 1
0 10 140 1 1
0 7 140 1 1
0 9 140 1 1
0 6 140 1 1
0 8 140 1 1
0 5 140 1 1
0 4 140 1 1
0 3 140 1 1
0 2 140 1 1
0 1 140 1 1
0 2 139 1 1
0 11 141 1 1
0 9 143 1 1
0 10 142 1 1
0 4 137 1 1
0 8 144 1 1
0 5 136 1 1
0 3 138 1 1
0 1 140 1 1
0 7 145 1 1
0 7 138 1 1
0 9 140 1 1
0 2 144 1 1
0 10 141 1 1
0 1 143 1 1
0 3 145 1 1
0 8 139 1 1
0 6 137 1 1
0 5 136 1 1
0 12 142 1 1
0 3 143 1 1
0 1 143 1 1
0 6 143 1 1
0 7 143 1 1
0 4 143 1 1
0 5 143 1 1
0 10 143 1 1
0 8 143 1 1
0 2 143 1 1
0 9 143 1 1
0 3 147 1 1
0 5 149 1 1
0 6 150 1 1
0 4 148 1 1
0 7 151 1 1
0 9 153 1 1
0 12 144 1 1
0 8 152 1 1
0 2 146 1 1
0 1 145 1 1
0 2 145 1 1
0 3 145 1 1
0 4 145 1 1
0 5 145 1 1
0 8 145 1 1
0 6 145 1 1
0 9 145 1 1
0 7 145 1 1
0 10 145 1 1
0 1 145 1 1
0 7 150 1 1
0 9 148 1 1
0 6 151 1 1
0 10 147 1 1
0 11 146 1 1
0 1 145 1 1
0 4 153 1 1
0 5 152 1 1
0 2 144 1 1
0 8 149 1 1
0 12 147 1 1
0 2 149 1 1
0 5 152 1 1
0 10 146 1 1
0 3 150 1 1
0 4 151 1 1
0 9 145 1 1
0 6 153 1 1
0 8 144 1 1
0 1 148 1 1
0 10 148 1 1
0 7 148 1 1
0 9 148 1 1
0 6 148 1 1
0 8 148 1 1
0 5 148 1 1
0 4 148 1 1
0 3 148 1 1
0 2 148 1 1
0 1 148 1 1
0 2 147 1 1
0 11 149 1 1
0 9 151 1 1
0 10 150 1 1
0 4 145 1 1
0 8 152 1 1
0 5 144 1 1
0 3 146 1 1
0 1 148 1 1
0 7 153 1 1
0 7 146 1 1
0 9 148 1 1
0 2 152 1 1
0 10 149 1 1
0 1 151 1 1
0 3 153 1 1
0 8 147 1 1
0 6 145 1 1
0 5 144 1 1
0 12 150 1 1
0 3 151 1 1
0 1 151 1 1
0 6 151 1 1
0 7 151 1 1
0 4 151 1 1
0 5 151 1 1
0 10 151 1 1
0 8 151 1 1
0 2 151 1 1
0 9 151 1 1
0 3 155 1 1
0 5 157 1 1
0 6 158 1 1
0 4 156 1 1
0 7 159 1 1
0 9 161 1 1
0 12 152 1 1
0 8 160 1 1
0 2 154 1 1
0 1 153 1 1
0 2 153 1 1
0 3 153 1 1
0 4 153 1 1
0 5 153 1 1
0 8 153 1 1
0 6 153 1 1
0 9 153 1 1
0 7 153 1 1
0 10 153 1 1
0 1 153 1 1
0 7 158 1 1
0 9 156 1 1
0 6 159 1 1
0 10 155 1 1
0 11 154 1 1
0 1 153 1 1
0 4 161 1 1
0 5 160 1 1
0 2 152 1 1
0 8 157 1 1
0 12 155 1 1
0 2 157 1 1
0 5 160 1 1
0 10 154 1 1
0 3 158 1 1
0 4 159 1 1
0 9 153 1 1
0 6 161 1 1
0 8 152 1 1
0 1 156 1 1
0 10 156 1 1
0 7 156 1 1
0 9 156 1 1
0 6 156 1 1
0 8 156 1 1
0 5 156 1 1
0 4 156 1 1
0 3 156 1 1
0 2 156 1 1
0 1 156 1 1
0 2 155 1 1
0 11 157 1 1
0 9 159 1 1
0 10 158 1 1
0 4 153 1 1
0 8 160 1 1
0 5 152 1 1
0 3 154 1 1
0 1 156 1 1
0 7 161 1 1
0 7 154 1 1
0 9 156 1 1
0 2 160 1 1
0 10 157 1 1
0 1 159 1 1
0 3 161 1 1
0 8 155 1 1
0 6 153 1 1
0 5 152 1 1
0 12 158 1 1
0 3 159 1 1
0 1 159 1 1
0 6 159 1 1
0 7 159 1 1
0 4 159 1 1
0 5 159 1 1
0 10 159 1 1
0 8 159 1 1
0 2 159 1 1
0 9 159 1 1
0 3 163 1 1
0 5 165 1 1
0 6 166 1 1
0 4 164 1 1
0 7 167 1 1
0 9 169 1 1
0 12 160 1 1
0 8 168 1 1
0 2 162 1 1
0 1 161 1 1
0 2 161 1 1
0 3 161 1 1
0 4 161 1 1
0 5 161 1 1
0 8 161 1 1
0 6 161 1 1
0 9 161 1 1
0 7 161 1 1
0 10 161 1 1
0 1 161 1 1
0 7 166 1 1
0 9 164 1 1
0 6 167 1 1
0 10 163 1 1
0 11 162 1 1
0 1 161 1 1
0 4 169 1 1
0 5 168 1 1
0 2 160 1 1
0 8 165 1 1
0 12 163 1 1
0 2 165 1 1
0 5 168 1 1
0 10 162 1 1
0 3 166 1 1
0 4 167 1 1
0 9 161 1 1
0 6 169 1 1
0 8 160 1 1
0 1 164 1 1
0 10 164 1 1
0 7 164 1 1
0 9 164 1 1
0 6 164 1 1
0 8 164 1 1
0 5 164 1 1
0 4 164 1 1
0 3 164 1 1
0 2 164 1 1
0 1 164 1 1
0 2 163 1 1
0 11 165 1 1
0 9 167 1 1
0 10 166 1 1
0 4 161 1 1
0 8 168 1 1
0 5 160 1 1
0 3 162 1 1
0 1 164 1 1
0 7 169 1 1
0 7 162 1 1
0 9 164 1 1
0 2 168 1 1
0 10 165 1 1
0 1 167 1 1
0 3 169 1 1
0 8 163 1 1
0 6 161 1 1
0 5 160 1 1
0 12 166 1 1
0 3 167 1 1
0 1 167 1 1
0 6 167 1 1
0 7 167 1 1
0 4 167 1 1
0 5 167 1 1
0 10 167 1 1
0 8 167 1 1
0 2 167 1 1
0 9 167 1 1
0 3 171 1 1
0 5 173 1 1
0 6 174 1 1
0 4 172 1 1
0 7 175 1 1
0 9 177 1 1
0 12 168 1 1
0 8 176 1 1
0 2 170 1 1
0 1 169 1 1
0 2 169 1 1
0 3 169 1 1
0 4 169 1 1
0 5 169 1 1
0 8 169 1 1
0 6 169 1 1
0 9 169 1 1
0 7 169 1 1
0 10 169 1 1
0 1 169 1 1
0 7 174 1 1
0 9 172 1 1
0 6 175 1 1
0 10 171 1 1
0 11 170 1 1
0 1 169 1 1
0 4 177 1 1
0 5 176 1 1
0 2 168 1 1
0 8 173 1 1
0 12 171 1 1
0 2 173 1 1
0 5 176 1 1
0 10 170 1 1
0 3 174 1 1
0 4 175 1 1
0 9 169 1 1
0 6 177 1 1
0 8 168 1 1
0 1 172 1 1
0 10 172 1 1
0 7 172 1 1
0 9 172 1 1
0 6 172 1 1
0 8 172 1 1
0 5 172 1 1
0 4 172 1 1
0 3 172 1 1
0 2 172 1 1
0 1 172 1 1
0 2 171 1 1
0 11 173 1 1
0 9 175 1 1
0 10 174 1 1
0 4 169 1 1
0 8 176 1 1
0 5 168 1 1
0 3 170 1 1
0 1 172 1 1
0 7 177 1 1
0 7 170 1 1
0 9 172 1 1
0 2 176 1 1
0 10 173 1 1
0 1 175 1 1
0 3 177 1 1
0 8 171 1 1
0 6 169 1 1
0 5 168 1 1
0 12 174 1 1
0 3 175 1 1
0 1 175 1 1
0 6 175 1 1
0 7 175 1 1
0 4 175 1 1
0 5 175 1 1
0 10 175 1 1
0 8 175 1 1
0 2 175 1 1
0 9 175 1 1
0 3 179 1 1
0 5 181 1 1
0 6 182 1 1
0 4 180 1 1
0 7 183 1 1
0 9 185 1 1
0 12 176 1 1
0 8 184 1 1
0 2 178 1 1
0 1 177 1 1
0 2 177 1 1
0 3 177 1 1
0 4 177 1 1
0 5 177 1 1
0 8 177 1 1
0 6 177 1 1
0 9 177 1 1
0 7 177 1 1
0 10 177 1 1
0 1 177 1 1
0 7 182 1 1
0 9 180 1 1
0 6 183 1 1
0 10 179 1 1
0 11 178 1 1
0 1 177 1 1
0 4 185 1 1
0 5 184 1 1
0 2 176 1 1
0 8 181 1 1
0 12 179 1 1
0 2 181 1 1
0 5 184 1 1
0 10 178 1 1
0 3 182 1 1
0 4 183 1 1
0 9 177 1 1
0 6 185 1 1
0 8 176 1 1
0 1 180 1 1
0 10 180 1 1
0 7 180 1 1
0 9 180 1 1
0 6 180 1 1
0 8 180 1 1
0 5 180 1 1
0 4 180 1 1
0 3 180 1 1
0 2 180 1 1
0 1 180 1 1
0 2 179 1 1
0 11 181 1 1
0 9 183 1 1
0 10 182 1 1
0 4 177 1 1
0 8 184 1 1
0 5 176 1 1
0 3 178 1 1
0 1 180 1 1
0 7 185 1 1
0 7 178 1 1
0 9 180 1 1
0 2 184 1 1
0 10 181 1 1
0 1 183 1 1
0 3 185 1 1
0 8 179 1 1
0 6 177 1 1
0 5 176 1 1
0 12 182 1 1
0 3 183 1 1
0 1 183 1 1
0 6 183 1 1
0 7 183 1 1
0 4 183 1 1
0 5 183 1 1
0 10 183 1 1
0 8 183 1 1
0 2 183 1 1
0 9 183 1 1
0 3 187 1 1
0 5 189 1 1
0 6 190 1 1
0 4 188 1 1
0 7 191 1 1
0 9 193 1 1
0 12 184 1 1
0 8 192 1 1
0 2 186 1 1
0 1 185 1 1
0 2 185 1 1
0 3 185 1 1
0 4 185 1 1
0 5 185 1 1
0 8 185 1 1
0 6 185 1 1
0 9 185 1 1
0 7 185 1 1
0 10 185 1 1
0 1 185 1 1
0 7 190 1 1
0 9 188 1 1
0 6 191 1 1
0 10 187 1 1
0 11 186 1 1
0 1 185 1 1
0 4 193 1 1
0 5 192 1 1
0 2 184 1 1
0 8 189 1 1
0 12 187 1 1
0 2 189 1 1
0 5 192 1 1
0 10 186 1 1
0 3 190 1 1
0 4 191 1 1
0 9 185 1 1
0 6 193 1 1
0 8 184 1 1
0 1 188 1 1
0 10 188 1 1
0 7 188 1 1
0 9 188 1 1
0 6 188 1 1
0 8 188 1 1
0 5 188 1 1
0 4 188 1 1
0 3 188 1 1
0 2 188 1 1
0 1 188 1 1
0 2 187 1 1
0 11 189 1 1
0 9 191 1 1
0 10 190 1 1
0 4 185 1 1
0 8 192 1 1
0 5 184 1 1
0 3 186 1 1
0 1 188 1 1
0 7 193 1 1
0 7 186 1 1
0 9 188 1 1
0 2 192 1 1
0 10 189 1 1
0 1 191 1 1
0 3 193 1 1
0 8 187 1 1
0 6 185 1 1
0 5 184 1 1
0 12 190 1 1
0 3 191 1 1
0 1 191 1 1
0 6 191 1 1
0 7 191 1 1
0 4 191 1 1
0 5 191 1 1
0 10 191 1 1
0 8 191 1 1
0 2 191 1 1
0 9 191 1 1
0 3 195 1 1
0 5 197 1 1
0 6 198 1 1
0 4 196 1 1
0 7 199 1 1
0 9 201 1 1
0 12 192 1 1
0 8 200 1 1
0 2 194 1 1
0 1 193 1 1
0 2 193 1 1
0 3 193 1 1
0 4 193 1 1
0 5 193 1 1
0 8 193 1 1
0 6 193 1 1
0 9 193 1 1
0 7 193 1 1
0 10 193 1 1
0 1 193 1 1
0 7 198 1 1
0 9 196 1 1
0 6 199 1 1
0 10 195 1 1
0 11 194 1 1
0 1 193 1 1
0 4 201 1 1
0 5 200 1 1
0 2 192 1 1
0 8 197 1 1
0 12 195 1 1
0 2 197 1 1
0 5 200 1 1
0 10 194 1 1
0 3 198 1 1
0 4 199 1 1
0 9 193 1 1
0 6 201 1 1
0 8 192 1 1
0 1 196 1 1
0 10 196 1 1
0 7 196 1 1
0 9 196 1 1
0 6 196 1 1
0 8 196 1 1
0 5 196 1 1
0 4 196 1 1
0 3 196 1 1
0 2 196 1 1
0 1 196 1 1
0 2 195 1 1
0 11 197 1 1
0 9 199 1 1
0 10 198 1 1
0 4 193 1 1
0 8 200 1 1
0 5 192 1 1
0 3 194 1 1
0 1 196 1 1
0 7 201 1 1
0 7 194 1 1
0 9 196 1 1
0 2 200 1 1
0 10 197 1 1
0 1 199 1 1
0 3 201 1 1
0 8 195 1 1
0 6 193 1 1
0 5 192 1 1
0 12 198 1 1
0 3 199 1 1
0 1 199 1 1
0 6 199 1 1
0 7 199 1 1
0 4 199 1 1
0 5 199 1 1
0 10 199 1 1
0 8 199 1 1
0 2 199 1 1
0 9 199 1 1
0 3 203 1 1
0 5 205 1 1
0 6 206 1 1
0 4 204 1 1
0 7 207 1 1
0 9 209 1 1
0 12 200 1 1
0 8 208 1 1
0 2 202 1 1
0 1 201 1 1
0 2 201 1 1
0 3 201 1 1
0 4 201 1 1
0 5 201 1 1
0 8 201 1 1
0 6 201 1 1
0 9 201 1 1
0 7 201 1 1
0 10 201 1 1
0 1 201 1 1
0 7 206 1 1
0 9 204 1 1
0 6 207 1 1
0 10 203 1 1
0 11 202 1 1
0 1 201 1 1
0 4 209 1 1
0 5 208 1 1
0 2 200 1 1
0 8 205 1 1
0 12 203 1 1
0 2 205 1 1
0 5 208 1 1
0 10 202 1 1
0 3 206 1 1
0 4 207 1 1
0 9 201 1 1
0 6 209 1 1
0 8 200 1 1
0 1 204 1 1
0 10 204 1 1
0 7 204 1 1
0 9 204 1 1
0 6 204 1 1
0 8 204 1 1
0 5 204 1 1
0 4 204 1 1
0 3 204 1 1
0 2 204 1 1
0 1 204 1 1
0 2 203 1 1
0 11 205 1 1
0 9 207 1 1
0 10 206 1 1
0 4 201 1 1
0 8 208 1 1
0 5 200 1 1
0 3 202 1 1
0 1 204 1 1
0 7 209 1 1
0 7 202 1 1
0 9 204 1 1
0 2 208 1 1
0 10 205 1 1
0 1 207 1 1
0 3 209 1 1
0 8 203 1 1
0 6 201 1 1
0 5 200 1 1
0 12 206 1 1
0 3 207 1 1
0 1 207 1 1
0 6 207 1 1
0 7 207 1 1
0 4 207 1 1
0 5 207 1 1
0 10 207 1 1
0 8 207 1 1
0 2 207 1 1
0 9 207 1 1
0 3 211 1 1
0 5 213 1 1
0 6 214 1 1
0 4 212 1 1
0 7 215 1 1
0 9 217 1 1
0 12 208 1 1
0 8 216 1 1
0 2 210 1 1
0 1 209 1 1
0 2 209 1 1
0 3 209 1 1
0 4 209 1 1
0 5 209 1 1
0 8 209 1 1
0 6 209 1 1
0 9 209 1 1
0 7 209 1 1
0 10 209 1 1
0 1 209 1 1
0 7 214 1 1
0 9 212 1 1
0 6 215 1 1
0 10 211 1 1
0 11 210 1 1
0 1 209 1 1
0 4 217 1 1
0 5 216 1 1
0 2 208 1 1
0 8 213 1 1
0 12 211 1 1
0 2 213 1 1
0 5 216 1 1
0 10 210 1 1
0 3 214 1 1
0 4 215 1 1
0 9 209 1 1
0 6 217 1 1
0 8 208 1 1
0 1 212 1 1
0 10 212 1 1
0 7 212 1 1
0 9 212 1 1
0 6 212 1 1
0 8 212 1 1
0 5 212 1 1
0 4 212 1 1
0 3 212 1 1
0 2 212 1 1
0 1 212 1 1
0 2 211 1 1
0 11 213 1 1
0 9 215 1 1
0 10 214 1 1
0 4 209 1 1
0 8 216 1 1
0 5 208 1 1
0 3 210 1 1
0 1 212 1 1
0 7 217 1 1
0 7 210 1 1
0 9 212 1 1
0 2 216 1 1
0 10 213 1 1
0 1 215 1 1
0 3 217 1 1
0 8 211 1 1
0 6 209 1 1
0 5 208 1 1
0 12 214 1 1
0 3 215 1 1
0 1 215 1 1
0 6 215 1 1
0 7 215 1 1
0 4 215 1 1
0 5 215 1 1
0 10 215 1 1
0 8 215 1 1
0 2 215 1 1
0 9 215 1 1
0 3 219 1 1
0 5 221 1 1
0 6 222 1 1
0 4 220 1 1
0 7 223 1 1
0 9 225 1 1
0 12 216 1 1
0 8 224 1 1
0 2 218 1 1
0 1 217 1 1
0 2 217 1 1
0 3 217 1 1
0 4 217 1 1
0 5 217 1 1
0 8 217 1 1
0 6 217 1 1
0 9 217 1 1
0 7 217 1 1
0 10 217 1 1
0 1 217 1 1
0 7 222 1 1
0 9 220 1 1
0 6 223 1 1
0 10 219 1 1
0 11 218 1 1
0 1 217 1 1
0 4 225 1 1
0 5 224 1 1
0 2 216 1 1
0 8 221 1 1
0 12 219 1 1
0 2 221 1 1
0 5 224 1 1
0 10 218 1 1
0 3 222 1 1
0 4 223 1 1
0 9 217 1 1
0 6 225 1 1
0 8 216 1 1
0 1 220 1 1
0 10 220 1 1
0 7 220 1 1
0 9 220 1 1
0 6 220 1 1
0 8 220 1 1
0 5 220 1 1
0 4 220 1 1
0 3 220 1 1
0 2 220 1 1
0 1 220 1 1
0 2 219 1 1
0 11 221 1 1
0 9 223 1 1
0 10 222 1 1
0 4 217 1 1
0 8 224 1 1
0 5 216 1 1
0 3 218 1 1
0 1 220 1 1
0 7 225 1 1
0 7 218 1 1
0 9 220 1 1
0 2 224 1 1
0 10 221 1 1
0 1 223 1 1
0 3 225 1 1
0 8 219 1 1
0 6 217 1 1
0 5 216 1 1
0 12 222 1 1
0 3 223 1 1
0 1 223 1 1
0 6 223 1 1
0 7 223 1 1
0 4 223 1 1
0 5 223 1 1
0 10 223 1 1
0 8 223 1 1
0 2 223 1 1
0 9 223 1 1
0 3 227 1 1
0 5 229 1 1
0 6 230 1 1
0 4 228 1 1
0 7 231 1 1
0 9 233 1 1
0 12 224 1 1
0 8 232 1 1
0 2 226 1 1
0 1 225 1 1
0 2 225 1 1
0 3 225 1 1
0 4 225 1 1
0 5 225 1 1
0 8 225 1 1
0 6 225 1 1
0 9 225 1 1
0 7 225 1 1
0 10 225 1 1
0 1 225 1 1
0 7 230 1 1
0 9 228 1 1
0 6 231 1 1
0 10 227 1 1
0 11 226 1 1
0 1 225 1 1
0 4 233 1 1
0 5 232 1 1
0 2 224 1 1
0 8 229 1 1
0 12 227 1 1
0 2 229 1 1
0 5 232 1 1
0 10 226 1 1
0 3 230 1 1
0 4 231 1 1
0 9 225 1 1
0 6 233 1 1
0 8 224 1 1
0 1 228 1 1
0 10 228 1 1
0 7 228 1 1
0 9 228 1 1
0 6 228 1 1
0 8 228 1 1
0 5 228 1 1
0 4 228 1 1
0 3 228 1 1
0 2 228 1 1
0 1 228 1 1
0 2 227 1 1
0 11 229 1 1
0 9 231 1 1
0 10 230 1 1
0 4 225 1 1
0 8 232 1 1
0 5 224 1 1
0 3 226 1 1
0 1 228 1 1
0 7 233 1 1
0 7 226 1 1
0 9 228 1 1
0 2 232 1 1
0 10 229 1 1
0 1 231 1 1
0 3 233 1 1
0 8 227 1 1
0 6 225 1 1
0 5 224 1 1
0 12 230 1 1
0 3 231 1 1
0 1 231 1 1
0 6 231 1 1
0 7 231 1 1
0 4 231 1 1
0 5 231 1 1
0 10 231 1 1
0 8 231 1 1
0 2 231 1 1
0 9 231 1 1
0 3 235 1 1
0 5 237 1 1
0 6 238 1 1
0 4 236 1 1
0 7 239 1 1
0 9 241 1 1
0 12 232 1 1
0 8 240 1 1
0 2 234 1 1
0 1 233 1 1
0 2 233 1 1
0 3 233 1 1
0 4 233 1 1
0 5 233 1 1
0 8 233 1 1
0 6 233 1 1
0 9 233 1 1
0 7 233 1 1
0 10 233 1 1
0 1 233 1 1
0 7 238 1 1
0 9 236 1 1
0 6 239 1 1
0 10 235 1 1
0 11 234 1 1
0 1 233 1 1
0 4 241 1 1
0 5 240 1 1
0 2 232 1 1
0 8 237 1 1
0 12 235 1 1
0 2 237 1 1
0 5 240 1 1
0 10 234 1 1
0 3 238 1 1
0 4 239 1 1
0 9 233 1 1
0 6 241 1 1
0 8 232 1 1
0 1 236 1 1
0 10 236 1 1
0 7 236 1 1
0 9 236 1 1
0 6 236 1 1
0 8 236 1 1
0 5 236 1 1
0 4 236 1 1
0 3 236 1 1
0 2 236 1 1
0 1 236 1 1
0 2 235 1 1
0 11 237 1 1
0 9 239 1 1
0 10 238 1 1
0 4 233 1 1
0 8 240 1 1
0 5 232 1 1
0 3 234 1 1
0 1 236 1 1
0 7 241 1 1
0 7 234 1 1
0 9 236 1 1
0 2 240 1 1
0 10 237 1 1
0 1 239 1 1
0 3 241 1 1
0 8 235 1 1
0 6 233 1 1
0 5 232 1 1
0 12 238 1 1
0 3 239 1 1
0 1 239 1 1
0 6 239 1 1
0 7 239 1 1
0 4 239 1 1
0 5 239 1 1
0 10 239 1 1
0 8 239 1 1
0 2 239 1 1
0 9 239 1 1
0 3 243 1 1
0 5 245 1 1
0 6 246 1 1
0 4 244 1 1
0 7 247 1 1
0 9 249 1 1
0 12 240 1 1
0 8 248 1 1
0 2 242 1 1
0 1 241 1 1
0 2 241 1 1
0 3 241 1 1
0 4 241 1 1
0 5 241 1 1
0 8 241 1 1
0 6 241 1 1
0 9 241 1 1
0 7 241 1 1
0 10 241 1 1
0 1 241 1 1
0 7 246 1 1
0 9 244 1 1
0 6 247 1 1
0 10 243 1 1
0 11 242 1 1
0 1 241 1 1
0 4 249 1 1
0 5 248 1 1
0 2 240 1 1
0 8 245 1 1
0 12 243 1 1
0 2 245 1 1
0 5 248 1 1
0 10 242 1 1
0 3 246 1 1
0 4 247 1 1
0 9 241 1 1
0 6 249 1 1
0 8 240 1 1
0 1 244 1 1
0 10 244 1 1
0 7 244 1 1
0 9 244 1 1
0 6 244 1 1
0 8 244 1 1
0 5 244 1 1
0 4 244 1 1
0 3 244 1 1
0 2 244 1 1
0 1 244 1 1
0 2 243 1 1
0 11 245 1 1
0 9 247 1 1
0 10 246 1 1
0 4 241 1 1
0 8 248 1 1
0 5 240 1 1
0 3 242 1 1
0 1 244 1 1
0 7 249 1 1
0 7 242 1 1
0 9 244 1 1
0 2 248 1 1
0 10 245 1 1
0 1 247 1 1
0 3 249 1 1
0 8 243 1 1
0 6 241 1 1
0 5 240 1 1
0 12 246 1 1
0 3 247 1 1
0 1 247 1 1
0 6 247 1 1
0 7 247 1 1
0 4 247 1 1
0 5 247 1 1
0 10 247 1 1
0 8 247 1 1
0 2 247 1 1
0 9 247 1 1
0 3 251 1 1
0 5 253 1 1
0 6 254 1 1
0 4 252 1 1
0 7 255 1 1
0 9 257 1 1
0 12 248 1 1
0 8 256 1 1
0 2 250 1 1
0 1 249 1 1
0 2 249 1 1
0 3 249 1 1
0 4 249 1 1
0 5 249 1 1
0 8 249 1 1
0 6 249 1 1
0 9 249 1 1
0 7 249 1 1
0 10 249 1 1
0 1 249 1 1
0 7 254 1 1
0 9 252 1 1
0 6 255 1 1
0 10 251 1 1
0 11 250 1 1
0 1 249 1 1
0 4 257 1 1
0 5 256 1 1
0 2 248 1 1
0 8 253 1 1
0 12 251 1 1
0 2 253 1 1
0 5 256 1 1
0 10 250 1 1
0 3 254 1 1
0 4 255 1 1
0 9 249 1 1
0 6 257 1 1
0 8 248 1 1
0 1 252 1 1
0 10 252 1 1
0 7 252 1 1
0 9 252 1 1
0 6 252 1 1
0 8 252 1 1
0 5 252 1 1
0 4 252 1 1
0 3 252 1 1
0 2 252 1 1
0 1 252 1 1
0 2 251 1 1
0 11 253 1 1
0 9 255 1 1
0 10 254 1 1
0 4 249 1 1
0 8 256 1 1
0 5 248 1 1
0 3 250 1 1
0 1 252 1 1
0 7 257 1 1
0 7 250 1 1
0 9 252 1 1
0 2 256 1 1
0 10 253 1 1
0 1 255 1 1
0 3 257 1 1
0 8 251 1 1
0 6 249 1 1
0 5 248 1 1
0 12 254 1 1
0 3 255 1 1
0 1 255 1 1
0 6 255 1 1
0 7 255 1 1
0 4 255 1 1
0 5 255 1 1
0 10 255 1 1
0 8 255 1 1
0 2 255 1 1
0 9 255 1 1
0 3 259 1 1
0 5 261 1 1
0 6 262 1 1
0 4 260 1 1
0 7 263 1 1
0 9 265 1 1
0 12 256 1 1
0 8 264 1 1
0 2 258 1 1
0 1 257 1 1
0 2 257 1 1
0 3 257 1 1
0 4 257 1 1
0 5 257 1 1
0 8 257 1 1
0 6 257 1 1
0 9 257 1 1
0 7 257 1 1
0 10 257 1 1
0 1 257 1 1
0 7 262 1 1
0 9 260 1 1
0 6 263 1 1
0 10 259 1 1
0 11 258 1 1
0 1 257 1 1
0 4 265 1 1
0 5 264 1 1
0 2 256 1 1
0 8 261 1 1
0 12 259 1 1
0 2 261 1 1
0 5 264 1 1
0 10 258 1 1
0 3 262 1 1
0 4 263 1 1
0 9 257 1 1
0 6 265 1 1
0 8 256 1 1
0 1 260 1 1
0 10 260 1 1
0 7 260 1 1
0 9 260 1 1
0 6 260 1 1
0 8 260 1 1
0 5 260 1 1
0 4 260 1 1
0 3 260 1 1
0 2 260 1 1
0 1 260 1 1
0 2 259 1 1
0 11 261 1 1
0 9 263 1 1
0 10 262 1 1
0 4 257 1 1
0 8 264 1 1
0 5 256 1 1
0 3 258 1 1
0 1 260 1 1
0 7 265 1 1
0 7 258 1 1
0 9 260 1 1
0 2 264 1 1
0 10 261 1 1
0 1 263 1 1
0 3 265 1 1
0 8 259 1 1
0 6 257 1 1
0 5 256 1 1
0 12 262 1 1
0 3 263 1 1
0 1 263 1 1
0 6 263 1 1
0 7 263 1 1
0 4 263 1 1
0 5 263 1 1
0 10 263 1 1
0 8 263 1 1
0 2 263 1 1
0 9 263 1 1
0 3 267 1 1
0 5 269 1 1
0 6 270 1 1
0 4 268 1 1
0 7 271 1 1
0 9 273 1 1
0 12 264 1 1
0 8 272 1 1
0 2 266 1 1
0 1 265 1 1
0 2 265 1 1
0 3 265 1 1
0 4 265 1 1
0 5 265 1 1
0 8 265 1 1
0 6 265 1 1
0 9 265 1 1
0 7 265 1 1
0 10 265 1 1
0 1 265 1 1
0 7 270 1 1
0 9 268 1 1
0 6 271 1 1
0 10 267 1 1
0 11 266 1 1
0 1 265 1 1
0 4 273 1 1
0 5 272 1 1
0 2 264 1 1
0 8 269 1 1
0 12 267 1 1
0 2 269 1 1
0 5 272 1 1
0 10 266 1 1
0 3 270 1 1
0 4 271 1 1
0 9 265 1 1
0 6 273 1 1
0 8 264 1 1
0 1 268 1 1
0 10 268 1 1
0 7 268 1 1
0 9 268 1 1
0 6 268 1 1
0 8 268 1 1
0 5 268 1 1
0 4 268 1 1
0 3 268 1 1
0 2 268 1 1
0 1 268 1 1
0 2 267 1 1
0 11 269 1 1
0 9 271 1 1
0 10 270 1 1
0 4 265 1 1
0 8 272 1 1
0 5 264 1 1
0 3 266 1 1
0 1 268 1 1
0 7 273 1 1
0 7 266 1 1
0 9 268 1 1
0 2 272 1 1
0 10 269 1 1
0 1 271 1 1
0 3 273 1 1
0 8 267 1 1
0 6 265 1 1
0 5 264 1 1
0 12 270 1 1
0 3 271 1 1
0 1 271 1 1
0 6 271 1 1
0 7 271 1 1
0 4 271 1 1
0 5 271 1 1
0 10 271 1 1
0 8 271 1 1
0 2 271 1 1
0 9 271 1 1
0 3 275 1 1
0 5 277 1 1
0 6 278 1 1
0 4 276 1 1
0 7 279 1 1
0 9 281 1 1
0 12 272 1 1
0 8 280 1 1
0 2 274 1 1
0 1 273 1 1
0 2 273 1 1
0 3 273 1 1
0 4 273 1 1
0 5 273 1 1
0 8 273 1 1
0 6 273 1 1
0 9 273 1 1
0 7 273 1 1
0 10 273 1 1
0 1 273 1 1
0 7 278 1 1
0 9 276 1 1
0 6 279 1 1
0 10 275 1 1
0 11 274 1 1
0 1 273 1 1
0 4 281 1 1
0 5 280 1 1
0 2 272 1 1
0 8 277 1 1
0 12 275 1 1
0 2 277 1 1
0 5 280 1 1
0 10 274 1 1
0 3 278 1 1
0 4 279 1 1
0 9 273 1 1
0 6 281 1 1
0 8 272 1 1
0 1 276 1 1
0 10 276 1 1
0 7 276 1 1
0 9 276 1 1
0 6 276 1 1
0 8 276 1 1
0 5 276 1 1
0 4 276 1 1
0 3 276 1 1
0 2 276 1 1
0 1 276 1 1
0 2 275 1 1
0 11 277 1 1
0 9 279 1 1
0 10 278 1 1
0 4 273 1 1
0 8 280 1 1
0 5 272 1 1
0 3 274 1 1
0 1 276 1 1
0 7 281 1 1
0 7 274 1 1
0 9 276 1 1
0 2 280 1 1
0 10 277 1 1
0 1 279 1 1
0 3 281 1 1
0 8 275 1 1
0 6 273 1 1
0 5 272 1 1
0 12 278 1 1
0 3 279 1 1
0 1 279 1 1
0 6 279 1 1
0 7 279 1 1
0 4 279 1 1
0 5 279 1 1
0 10 279 1 1
0 8 279 1 1
0 2 279 1 1
0 9 279 1 1
0 3 283 1 1
0 5 285 1 1
0 6 286 1 1
0 4 284 1 1
0 7 287 1 1
0 9 289 1 1
0 12 280 1 1
0 8 288 1 1
0 2 282 1 1
0 1 281 1 1
0 2 281 1 1
0 3 281 1 1
0 4 281 1 1
0 5 281 1 1
0 8 281 1 1
0 6 281 1 1
0 9 281 1 1
0 7 281 1 1
0 10 281 1 1
0 1 281 1 1
0 7 286 1 1
0 9 284 1 1
0 6 287 1 1
0 10 283 1 1
0 11 282 1 1
0 1 281 1 1
0 4 289 1 1
0 5 288 1 1
0 2 280 1 1
0 8 285 1 1
0 12 283 1 1
0 2 285 1 1
0 5 288 1 1
0 10 282 1 1
0 3 286 1 1
0 4 287 1 1
0 9 281 1 1
0 6 289 1 1
0 8 280 1 1
0 1 284 1 1
0 10 284 1 1
0 7 284 1 1
0 9 284 1 1
0 6 284 1 1
0 8 284 1 1
0 5 284 1 1
0 4 284 1 1
0 3 284 1 1
0 2 284 1 1
0 1 284 1 1
0 2 283 1 1
0 11 285 1 1
0 9 287 1 1
0 10 286 1 1
0 4 281 1 1
0 8 288 1 1
0 5 280 1 1
0 3 282 1 1
0 1 284 1 1
0 7 289 1 1
0 7 282 1 1
0 9 284 1 1
0 2 288 1 1
0 10 285 1 1
0 1 287 1 1
0 3 289 1 1
0 8 283 1 1
0 6 281 1 1
0 5 280 1 1
0 12 286 1 1
0 3 287 1 1
0 1 287 1 1
0 6 287 1 1
0 7 287 1 1
0 4 287 1 1
0 5 287 1 1
0 10 287 1 1
0 8 287 1 1
0 2 287 1 1
0 9 287 1 1
0 3 291 1 1
0 5 293 1 1
0 6 294 1 1
0 4 292 1 1
0 7 295 1 1
0 9 297 1 1
0 12 288 1 1
0 8 296 1 1
0 2 290 1 1
0 1 289 1 1
0 2 289 1 1
0 3 289 1 1
0 4 289 1 1
0 5 289 1 1
0 8 289 1 1
0 6 289 1 1
0 9 289 1 1
0 7 289 1 1
0 10 289 1 1
0 1 289 1 1
0 7 294 1 1
0 9 292 1 1
0 6 295 1 1
0 10 291 1 1
0 11 290 1 1
0 1 289 1 1
0 4 297 1 1
0 5 296 1 1
0 2 288 1 1
0 8 293 1 1
0 12 291 1 1
0 2 293 1 1
0 5 296 1 1
0 10 290 1 1
0 3 294 1 1
0 4 295 1 1
0 9 289 1 1
0 6 297 1 1
0 8 288 1 1
0 1 292 1 1
0 10 292 1 1
0 7 292 1 1
0 9 292 1 1
0 6 292 1 1
0 8 292 1 1
0 5 292 1 1
0 4 292 1 1
0 3 292 1 1
0 2 292 1 1
0 1 292 1 1
0 2 291 1 1
0 11 293 1 1
0 9 295 1 1
0 10 294 1 1
0 4 289 1 1
0 8 296 1 1
0 5 288 1 1
0 3 290 1 1
0 1 292 1 1
0 7 297 1 1
0 7 290 1 1
0 9 292 1 1
0 2 296 1 1
0 10 293 1 1
0 1 295 1 1
0 3 297 1 1
0 8 291 1 1
0 6 289 1 1
0 5 288 1 1
0 12 294 1 1
0 3 295 1 1
0 1 295 1 1
0 6 295 1 1
0 7 295 1 1
0 4 295 1 1
0 5 295 1 1
0 10 295 1 1
0 8 295 1 1
0 2 295 1 1
0 9 295 1 1
0 3 299 1 1
0 5 301 1 1
0 6 302 1 1
0 4 300 1 1
0 7 303 1 1
0 9 305 1 1
0 12 296 1 1
0 8 304 1 1
0 2 298 1 1
0 1 297 1 1
0 2 297 1 1
0 3 297 1 1
0 4 297 1 1
0 5 297 1 1
0 8 297 1 1
0 6 297 1 1
0 9 297 1 1
0 7 297 1 1
0 10 297 1 1
0 1 297 1 1
0 7 302 1 1
0 9 300 1 1
0 6 303 1 1
0 10 299 1 1
0 11 298 1 1
0 1 297 1 1
0 4 305 1 1
0 5 304 1 1
0 2 296 1 1
0 8 301 1 1
0 12 299 1 1
0 2 301 1 1
0 5 304 1 1
0 10 298 1 1
0 3 302 1 1
0 4 303 1 1
0 9 297 1 1
0 6 305 1 1
0 8 296 1 1
0 1 300 1 1
0 10 300 1 1
0 7 300 1 1
0 9 300 1 1
0 6 300 1 1
0 8 300 1 1
0 5 300 1 1
0 4 300 1 1
0 3 300 1 1
0 2 300 1 1
0 1 300 1 1
0 2 299 1 1
0 11 301 1 1
0 9 303 1 1
0 10 302 1 1
0 4 297 1 1
0 8 304 1 1
0 5 296 1 1
0 3 298 1 1
0 1 300 1 1
0 7 305 1 1
0 7 298 1 1
0 9 300 1 1
0 2 304 1 1
0 10 301 1 1
0 1 303 1 1
0 3 305 1 1
0 8 299 1 1
0 6 297 1 1
0 5 296 1 1
0 12 302 1 1
0 3 303 1 1
0 1 303 1 1
0 6 303 1 1
0 7 303 1 1
0 4 303 1 1
0 5 303 1 1
0 10 303 1 1
0 8 303 1 1
0 2 303 1 1
0 9 303 1 1
0 3 307 1 1
0 5 309 1 1
0 6 310 1 1
0 4 308 1 1
0 7 311 1 1
0 9 313 1 1
0 12 304 1 1
0 8 312 1 1
0 2 306 1 1
0 1 305 1 1
0 2 305 1 1
0 3 305 1 1
0 4 305 1 1
0 5 305 1 1
0 8 305 1 1
0 6 305 1 1
0 9 305 1 1
0 7 305 1 1
0 10 305 1 1
0 1 305 1 1
0 7 310 1 1
0 9 308 1 1
0 6 311 1 1
0 10 307 1 1
0 11 306 1 1
0 1 305 1 1
0 4 313 1 1
0 5 312 1 1
0 2 304 1 1
0 8 309 1 1
0 12 307 1 1
0 2 309 1 1
0 5 312 1 1
0 10 306 1 1
0 3 310 1 1
0 4 311 1 1
0 9 305 1 1
0 6 313 1 1
0 8 304 1 1
0 1 308 1 1
0 10 308 1 1
0 7 308 1 1
0 9 308 1 1
0 6 308 1 1
0 8 308 1 1
0 5 308 1 1
0 4 308 1 1
0 3 308 1 1
0 2 308 1 1
0 1 308 1 1
0 2 307 1 1
0 11 309 1 1
0 9 311 1 1
0 10 310 1 1
0 4 305 1 1
0 8 312 1 1
0 5 304 1 1
0 3 306 1 1
0 1 308 1 1
0 7 313 1 1
0 7 306 1 1
0 9 308 1 1
0 2 312 1 1
0 10 309 1 1
0 1 311 1 1
0 3 313 1 1
0 8 307 1 1
0 6 305 1 1
0 5 304 1 1
0 12 310 1 1
0 3 311 1 1
0 1 311 1 1
0 6 311 1 1
0 7 311 1 1
0 4 311 1 1
0 5 311 1 1
0 10 311 1 1
0 8 311 1 1
0 2 311 1 1
0 9 311 1 1
0 3 315 1 1
0 5 317 1 1
0 6 318 1 1
0 4 316 1 1
0 7 319 1 1
0 9 321 1 1
0 12 312 1 1
0 8 320 1 1
0 2 314 1 1
0 1 313 1 1
0 2 313 1 1
0 3 313 1 1
0 4 313 1 1
0 5 313 1 1
0 8 313 1 1
0 6 313 1 1
0 9 313 1 1
0 7 313 1 1
0 10 313 1 1
0 1 313 1 1
0 7 318 1 1
0 9 316 1 1
0 6 319 1 1
0 10 315 1 1
0 11 314 1 1
0 1 313 1 1
0 4 321 1 1
0 5 320 1 1
0 2 312 1 1
0 8 317 1 1
0 12 315 1 1
0 2 317 1 1
0 5 320 1 1
0 10 314 1 1
0 3 318 1 1
0 4 319 1 1
0 9 313 1 1
0 6 321 1 1
0 8 312 1 1
0 1 316 1 1
0 10 316 1 1
0 7 316 1 1
0 9 316 1 1
0 6 316 1 1
0 8 316 1 1
0 5 316 1 1
0 4 316 1 1
0 3 316 1 1
0 2 316 1 1
0 1 316 1 1
0 2 315 1 1
0 11 317 1 1
0 9 319 1 1
0 10 318 1 1
0 4 313 1 1
0 8 320 1 1
0 5 312 1 1
0 3 314 1 1
0 1 316 1 1
0 7 321 1 1
0 7 314 1 1
0 9 316 1 1
0 2 320 1 1
0 10 317 1 1
0 1 319 1 1
0 3 321 1 1
0 8 315 1 1
0 6 313 1 1
0 5 312 1 1
0 12 318 1 1
0 3 319 1 1
0 1 319 1 1
0 6 319 1 1
0 7 319 1 1
0 4 319 1 1
0 5 319 1 1
0 10 319 1 1
0 8 319 1 1
0 2 319 1 1
0 9 319 1 1
0 3 323 1 1
0 5 325 1 1
0 6 326 1 1
0 4 324 1 1
0 7 327 1 1
0 9 329 1 1
0 12 320 1 1
0 8 328 1 1
0 2 322 1 1
0 1 321 1 1
0 2 321 1 1
0 3 321 1 1
0 4 321 1 1
0 5 321 1 1
0 8 321 1 1
0 6 321 1 1
0 9 321 1 1
0 7 321 1 1
0 10 321 1 1
0 1 321 1 1
0 7 326 1 1
0 9 324 1 1
0 6 327 1 1
0 10 323 1 1
0 11 322 1 1
0 1 321 1 1
0 4 329 1 1
0 5 328 1 1
0 2 320 1 1
0 8 325 1 1
0 12 323 1 1
0 2 325 1 1
0 5 328 1 1
0 10 322 1 1
0 3 326 1 1
0 4 327 1 1
0 9 321 1 1
0 6 329 1 1
0 8 320 1 1
0 1 324 1 1
0 10 324 1 1
0 7 324 1 1
0 9 324 1 1
0 6 324 1 1
0 8 324 1 1
0 5 324 1 1
0 4 324 1 1
0 3 324 1 1
0 2 324 1 1
0 1 324 1 1
0 2 323 1 1
0 11 325 1 1
0 9 327 1 1
0 10 326 1 1
0 4 321 1 1
0 8 328 1 1
0 5 320 1 1
0 3 322 1 1
0 1 324 1 1
0 7 329 1 1
0 7 322 1 1
0 9 324 1 1
0 2 328 1 1
0 10 325 1 1
0 1 327 1 1
0 3 329 1 1
0 8 323 1 1
0 6 321 1 1
0 5 320 1 1
0 12 326 1 1
0 3 327 1 1
0 1 327 1 1
0 6 327 1 1
0 7 327 1 1
0 4 327 1 1
0 5 327 1 1
0 10 327 1 1
0 8 327 1 1
0 2 327 1 1
0 9 327 1 1
0 3 331 1 1
0 5 333 1 1
0 6 334 1 1
0 4 332 1 1
0 7 335 1 1
0 9 337 1 1
0 12 328 1 1
0 8 336 1 1
0 2 330 1 1
0 1 329 1 1
0 2 329 1 1
0 3 329 1 1
0 4 329 1 1
0 5 329 1 1
0 8 329 1 1
0 6 329 1 1
0 9 329 1 1
0 7 329 1 1
0 10 329 1 1
0 1 329 1 1
0 7 334 1 1
0 9 332 1 1
0 6 335 1 1
0 10 331 1 1
0 11 330 1 1
0 1 329 1 1
0 4 337 1 1
0 5 336 1 1
0 2 328 1 1
0 8 333 1 1
0 12 331 1 1
0 2 333 1 1
0 5 336 1 1
0 10 330 1 1
0 3 334 1 1
0 4 335 1 1
0 9 329 1 1
0 6 337 1 1
0 8 328 1 1
0 1 332 1 1
0 10 332 1 1
0 7 332 1 1
0 9 332 1 1
0 6 332 1 1
0 8 332 1 1
0 5 332 1 1
0 4 332 1 1
0 3 332 1 1
0 2 332 1 1
0 1 332 1 1
0 2 331 1 1
0 11 333 1 1
0 9 335 1 1
0 10 334 1 1
0 4 329 1 1
0 8 336 1 1
0 5 328 1 1
0 3 330 1 1
0 1 332 1 1
0 7 337 1 1
0 7 330 1 1
0 9 332 1 1
0 2 336 1 1
0 10 333 1 1
0 1 335 1 1
0 3 337 1 1
0 8 331 1 1
0 6 329 1 1
0 5 328 1 1
0 12 334 1 1
0 3 335 1 1
0 1 335 1 1
0 6 335 1 1
0 7 335 1 1
0 4 335 1 1
0 5 335 1 1
0 10 335 1 1
0 8 335 1 1
0 2 335 1 1
0 9 335 1 1
0 3 339 1 1
0 5 341 1 1
0 6 342 1 1
0 4 340 1 1
0 7 343 1 1
0 9 345 1 1
0 12 336 1 1
0 8 344 1 1
0 2 338 1 1
0 1 337 1 1
0 2 337 1 1
0 3 337 1 1
0 4 337 1 1
0 5 337 1 1
0 8 337 1 1
0 6 337 1 1
0 9 337 1 1
0 7 337 1 1
0 10 337 1 1
0 1 337 1 1
0 7 342 1 1
0 9 340 1 1
0 6 343 1 1
0 10 339 1 1
0 11 338 1 1
0 1 337 1 1
0 4 345 1 1
0 5 344 1 1
0 2 336 1 1
0 8 341 1 1
0 12 339 1 1
0 2 341 1 1
0 5 344 1 1
0 10 338 1 1
0 3 342 1 1
0 4 343 1 1
0 9 337 1 1
0 6 345 1 1
0 8 336 1 1
0 1 340 1 1
0 10 340 1 1
0 7 340 1 1
0 9 340 1 1
0 6 340 1 1
0 8 340 1 1
0 5 340 1 1
0 4 340 1 1
0 3 340 1 1
0 2 340 1 1
0 1 340 1 1
0 2 339 1 1
0 11 341 1 1
0 9 343 1 1
0 10 342 1 1
0 4 337 1 1
0 8 344 1 1
0 5 336 1 1
0 3 338 1 1
0 1 340 1 1
0 7 345 1 1
0 7 338 1 1
0 9 340 1 1
0 2 344 1 1
0 10 341 1 1
0 1 343 1 1
0 3 345 1 1
0 8 339 1 1
0 6 337 1 1
0 5 336 1 1
0 12 342 1 1
0 3 343 1 1
0 1 343 1 1
0 6 343 1 1
0 7 343 1 1
0 4 343 1 1
0 5 343 1 1
0 10 343 1 1
0 8 343 1 1
0 2 343 1 1
0 9 343 1 1
0 3 347 1 1
0 5 349 1 1
0 6 350 1 1
0 4 348 1 1
0 7 351 1 1
0 9 353 1 1
0 12 344 1 1
0 8 352 1 1
0 2 346 1 1
0 1 345 1 1
0 2 345 1 1
0 3 345 1 1
0 4 345 1 1
0 5 345 1 1
0 8 345 1 1
0 6 345 1 1
0 9 345 1 1
0 7 345 1 1
0 10 345 1 1
0 1 345 1 1
0 7 350 1 1
0 9 348 1 1
0 6 351 1 1
0 10 347 1 1
0 11 346 1 1
0 1 345 1 1
0 4 353 1 1
0 5 352 1 1
0 2 344 1 1
0 8 349 1 1
0 12 347 1 1
0 2 349 1 1
0 5 352 1 1
0 10 346 1 1
0 3 350 1 1
0 4 351 1 1
0 9 345 1 1
0 6 353 1 1
0 8 344 1 1
0 1 348 1 1
0 10 348 1 1
0 7 348 1 1
0 9 348 1 1
0 6 348 1 1
0 8 348 1 1
0 5 348 1 1
0 4 348 1 1
0 3 348 1 1
0 2 348 1 1
0 1 348 1 1
0 2 347 1 1
0 11 349 1 1
0 9 351 1 1
0 10 350 1 1
0 4 345 1 1
0 8 352 1 1
0 5 344 1 1
0 3 346 1 1
0 1 348 1 1
0 7 353 1 1
0 7 346 1 1
0 9 348 1 1
0 2 352 1 1
0 10 349 1 1
0 1 351 1 1
0 3 353 1 1
0 8 347 1 1
0 6 345 1 1
0 5 344 1 1
0 12 350 1 1
0 3 351 1 1
0 1 351 1 1
0 6 351 1 1
0 7 351 1 1
0 4 351 1 1
0 5 351 1 1
0 10 351 1 1
0 8 351 1 1
0 2 351 1 1
0 9 351 1 1
0 3 355 1 1
0 5 357 1 1
0 6 358 1 1
0 4 356 1 1
0 7 359 1 1
0 9 361 1 1
0 12 352 1 1
0 8 360 1 1
0 2 354 1 1
0 1 353 1 1
0 2 353 1 1
0 3 353 1 1
0 4 353 1 1
0 5 353 1 1
0 8 353 1 1
0 6 353 1 1
0 9 353 1 1
0 7 353 1 1
0 10 353 1 1
0 1 353 1 1
0 7 358 1 1
0 9 356 1 1
0 6 359 1 1
0 10 355 1 1
0 11 354 1 1
0 1 353 1 1
0 4 361 1 1
0 5 360 1 1
0 2 352 1 1
0 8 357 1 1
0 12 355 1 1
0 2 357 1 1
0 5 360 1 1
0 10 354 1 1
0 3 358 1 1
0 4 359 1 1
0 9 353 1 1
0 6 361 1 1
0 8 352 1 1
0 1 356 1 1
0 10 356 1 1
0 7 356 1 1
0 9 356 1 1
0 6 356 1 1
0 8 356 1 1
0 5 356 1 1
0 4 356 1 1
0 3 356 1 1
0 2 356 1 1
0 1 356 1 1
0 2 355 1 1
0 11 357 1 1
0 9 359 1 1
0 10 358 1 1
0 4 353 1 1
0 8 360 1 1
0 5 352 1 1
0 3 354 1 1
0 1 356 1 1
0 7 361 1 1
0 7 354 1 1
0 9 356 1 1
0 2 360 1 1
0 10 357 1 1
0 1 359 1 1
0 3 361 1 1
0 8 355 1 1
0 6 353 1 1
0 5 352 1 1
0 12 358 1 1
0 3 359 1 1
0 1 359 1 1
0 6 359 1 1
0 7 359 1 1
0 4 359 1 1
0 5 359 1 1
0 10 359 1 1
0 8 359 1 1
0 2 359 1 1
0 9 359 1 1
0 3 363 1 1
0 5 365 1 1
0 6 366 1 1
0 4 364 1 1
0 7 367 1 1
0 9 369 1 1
0 12 360 1 1
0 8 368 1 1
0 2 362 1 1
0 1 361 1 1
0 2 361 1 1
0 3 361 1 1
0 4 361 1 1
0 5 361 1 1
0 8 361 1 1
0 6 361 1 1
0 9 361 1 1
0 7 361 1 1
0 10 361 1 1
0 1 361 1 1
0 7 366 1 1
0 9 364 1 1
0 6 367 1 1
0 10 363 1 1
0 11 362 1 1
0 1 361 1 1
0 4 369 1 1
0 5 368 1 1
0 2 360 1 1
0 8 365 1 1
0 12 363 1 1
0 2 365 1 1
0 5 368 1 1
0 10 362 1 1
0 3 366 1 1
0 4 367 1 1
0 9 361 1 1
0 6 369 1 1
0 8 360 1 1
0 1 364 1 1
0 10 364 1 1
0 7 364 1 1
0 9 364 1 1
0 6 364 1 1
0 8 364 1 1
0 5 364 1 1
0 4 364 1 1
0 3 364 1 1
0 2 364 1 1
0 1 364 1 1
0 2 363 1 1
0 11 365 1 1
0 9 367 1 1
0 10 366 1 1
0 4 361 1 1
0 8 368 1 1
0 5 360 1 1
0 3 362 1 1
0 1 364 1 1
0 7 369 1 1
0 7 362 1 1
0 9 364 1 1
0 2 368 1 1
0 10 365 1 1
0 1 367 1 1
0 3 369 1 1
0 8 363 1 1
0 6 361 1 1
0 5 360 1 1
0 12 366 1 1
0 3 367 1 1
0 1 367 1 1
0 6 367 1 1
0 7 367 1 1
0 4 367 1 1
0 5 367 1 1
0 10 367 1 1
0 8 367 1 1
0 2 367 1 1
0 9 367 1 1
0 3 371 1 1
0 5 373 1 1
0 6 374 1 1
0 4 372 1 1
0 7 375 1 1
0 9 377 1 1
0 12 368 1 1
0 8 376 1 1
0 2 370 1 1
0 1 369 1 1
0 2 369 1 1
0 3 369 1 1
0 4 369 1 1
0 5 369 1 1
0 8 369 1 1
0 6 369 1 1
0 9 369 1 1
0 7 369 1 1
0 10 369 1 1
0 1 369 1 1
0 7 374 1 1
0 9 372 1 1
0 6 375 1 1
0 10 371 1 1
0 11 370 1 1
0 1 369 1 1
0 4 377 1 1
0 5 376 1 1
0 2 368 1 1
0 8 373 1 1
0 12 371 1 1
0 2 373 1 1
0 5 376 1 1
0 10 370 1 1
0 3 374 1 1
0 4 375 1 1
0 9 369 1 1
0 6 377 1 1
0 8 368 1 1
0 1 372 1 1
0 10 372 1 1
0 7 372 1 1
0 9 372 1 1
0 6 372 1 1
0 8 372 1 1
0 5 372 1 1
0 4 372 1 1
0 3 372 1 1
0 2 372 1 1
0 1 372 1 1
0 2 371 1 1
0 11 373 1 1
0 9 375 1 1
0 10 374 1 1
0 4 369 1 1
0 8 376 1 1
0 5 368 1 1
0 3 370 1 1
0 1 372 1 1
0 7 377 1 1
0 7 370 1 1
0 9 372 1 1
0 2 376 1 1
0 10 373 1 1
0 1 375 1 1
0 3 377 1 1
0 8 371 1 1
0 6 369 1 1
0 5 368 1 1
0 12 374 1 1
0 3 375 1 1
0 1 375 1 1
0 6 375 1 1
0 7 375 1 1
0 4 375 1 1
0 5 375 1 1
0 10 375 1 1
0 8 375 1 1
0 2 375 1 1
0 9 375 1 1
0 3 379 1 1
0 5 381 1 1
0 6 382 1 1
0 4 380 1 1
0 7 383 1 1
0 9 385 1 1
0 12 376 1 1
0 8 384 1 1
0 2 378 1 1
0 1 377 1 1
0 2 377 1 1
0 3 377 1 1
0 4 377 1 1
0 5 377 1 1
0 8 377 1 1
0 6 377 1 1
0 9 377 1 1
0 7 377 1 1
0 10 377 1 1
0 1 377 1 1
0 7 382 1 1
0 9 380 1 1
0 6 383 1 1
0 10 379 1 1
0 11 378 1 1
0 1 377 1 1
0 4 385 1 1
0 5 384 1 1
0 2 376 1 1
0 8 381 1 1
0 12 379 1 1
0 2 381 1 1
0 5 384 1 1
0 10 378 1 1
0 3 382 1 1
0 4 383 1 1
0 9 377 1 1
0 6 385 1 1
0 8 376 1 1
0 1 380 1 1
0 10 380 1 1
0 7 380 1 1
0 9 380 1 1
0 6 380 1 1
0 8 380 1 1
0 5 380 1 1
0 4 380 1 1
0 3 380 1 1
0 2 380 1 1
0 1 380 1 1
0 2 379 1 1
0 11 381 1 1
0 9 383 1 1
0 10 382 1 1
0 4 377 1 1
0 8 384 1 1
0 5 376 1 1
0 3 378 1 1
0 1 380 1 1
0 7 385 1 1
0 7 378 1 1
0 9 380 1 1
0 2 384 1 1
0 10 381 1 1
0 1 383 1 1
0 3 385 1 1
0 8 379 1 1
0 6 377 1 1
0 5 376 1 1
0 12 382 1 1
0 3 383 1 1
0 1 383 1 1
0 6 383 1 1
0 7 383 1 1
0 4 383 1 1
0 5 383 1 1
0 10 383 1 1
0 8 383 1 1
0 2 383 1 1
0 9 383 1 1
0 3 387 1 1
0 5 389 1 1
0 6 390 1 1
0 4 388 1 1
0 7 391 1 1
0 9 393 1 1
0 12 384 1 1
0 8 392 1 1
0 2 386 1 1
0 1 385 1 1
0 2 385 1 1
0 3 385 1 1
0 4 385 1 1
0 5 385 1 1
0 8 385 1 1
0 6 385 1 1
0 9 385 1 1
0 7 385 1 1
0 10 385 1 1
0 1 385 1 1
0 7 390 1 1
0 9 388 1 1
0 6 391 1 1
0 10 387 1 1
0 11 386 1 1
0 1 385 1 1
0 4 393 1 1
0 5 392 1 1
0 2 384 1 1
0 8 389 1 1
0 12 387 1 1
0 2 389 1 1
0 5 392 1 1
0 10 386 1 1
0 3 390 1 1
0 4 391 1 1
0 9 385 1 1
0 6 393 1 1
0 8 384 1 1
0 1 388 1 1
0 10 388 1 1
0 7 388 1 1
0 9 388 1 1
0 6 388 1 1
0 8 388 1 1
0 5 388 1 1
0 4 388 1 1
0 3 388 1 1
0 2 388 1 1
0 1 388 1 1
0 2 387 1 1
0 11 389 1 1
0 9 391 1 1
0 10 390 1 1
0 4 385 1 1
0 8 392 1 1
0 5 384 1 1
0 3 386 1 1
0 1 388 1 1
0 7 393 1 1
0 7 386 1 1
0 9 388 1 1
0 2 392 1 1
0 10 389 1 1
0 1 391 1 1
0 3 393 1 1
0 8 387 1 1
0 6 385 1 1
0 5 384 1 1
0 12 390 1 1
0 3 391 1 1
0 1 391 1 1
0 6 391 1 1
0 7 391 1 1
0 4 391 1 1
0 5 391 1 1
0 10 391 1 1
0 8 391 1 1
0 2 391 1 1
0 9 391 1 1
0 3 395 1 1
0 5 397 1 1
0 6 398 1 1
0 4 396 1 1
0 7 399 1 1
0 9 401 1 1
0 12 392 1 1
0 8 400 1 1
0 2 394 1 1
0 1 393 1 1
0 2 393 1 1
0 3 393 1 1
0 4 393 1 1
0 5 393 1 1
0 8 393 1 1
0 6 393 1 1
0 9 393 1 1
0 7 393 1 1
0 10 393 1 1
0 1 393 1 1
0 7 398 1 1
0 9 396 1 1
0 6 399 1 1
0 10 395 1 1
0 11 394 1 1
0 1 393 1 1
0 4 401 1 1
0 5 400 1 1
0 2 392 1 1
0 8 397 1 1
0 12 395 1 1
0 2 397 1 1
0 5 400 1 1
0 10 394 1 1
0 3 398 1 1
0 4 399 1 1
0 9 393 1 1
0 6 401 1 1
0 8 392 1 1
0 1 396 1 1
0 10 396 1 1
0 7 396 1 1
0 9 396 1 1
0 6 396 1 1
0 8 396 1 1
0 5 396 1 1
0 4 396 1 1
0 3 396 1 1
0 2 396 1 1
0 1 396 1 1
0 2 395 1 1
0 11 397 1 1
0 9 399 1 1
0 10 398 1 1
0 4 393 1 1
0 8 400 1 1
0 5 392 1 1
0 3 394 1 1
0 1 396 1 1
0 7 401 1 1
0 7 394 1 1
0 9 396 1 1
0 2 400 1 1
0 10 397 1 1
0 1 399 1 1
0 3 401 1 1
0 8 395 1 1
0 6 393 1 1
0 5 392 1 1
0 12 398 1 1
0 3 399 1 1
0 1 399 1 1
0 6 399 1 1
0 7 399 1 1
0 4 399 1 1
0 5 399 1 1
0 10 399 1 1
0 8 399 1 1
0 2 399 1 1
0 9 399 1 1
0 3 403 1 1
0 5 405 1 1
0 6 406 1 1
0 4 404 1 1
0 7 407 1 1
0 9 409 1 1
0 12 400 1 1
0 8 408 1 1
0 2 402 1 1
0 1 401 1 1
0 2 401 1 1
0 3 401 1 1
0 4 401 1 1
0 5 401 1 1
0 8 401 1 1
0 6 401 1 1
0 9 401 1 1
0 7 401 1 1
0 10 401 1 1
0 1 401 1 1
0 7 406 1 1
0 9 404 1 1
0 6 407 1 1
0 10 403 1 1
0 11 402 1 1
0 1 401 1 1
0 4 409 1 1
0 5 408 1 1
0 2 400 1 1
0 8 405 1 1
0 12 403 1 1
0 2 405 1 1
0 5 408 1 1
0 10 402 1 1
0 3 406 1 1
0 4 407 1 1
0 9 401 1 1
0 6 409 1 1
0 8 400 1 1
0 1 404 1 1
0 10 404 1 1
0 7 404 1 1
0 9 404 1 1
0 6 404 1 1
0 8 404 1 1
0 5 404 1 1
0 4 404 1 1
0 3 404 1 1
0 2 404 1 1
0 1 404 1 1
0 2 403 1 1
0 11 405 1 1
0 9 407 1 1
0 10 406 1 1
0 4 401 1 1
0 8 408 1 1
0 5 400 1 1
0 3 402 1 1
0 1 404 1 1
0 7 409 1 1
0 7 402 1 1
0 9 404 1 1
0 2 408 1 1
0 10 405 1 1
0 1 407 1 1
0 3 409 1 1
0 8 403 1 1
0 6 401 1 1
0 5 400 1 1
0 12 406 1 1
0 3 407 1 1
0 1 407 1 1
0 6 407 1 1
0 7 407 1 1
0 4 407 1 1
0 5 407 1 1
0 10 407 1 1
0 8 407 1 1
0 2 407 1 1
0 9 407 1 1
0 3 411 1 1
0 5 413 1 1
0 6 414 1 1
0 4 412 1 1
0 7 415 1 1
0 9 417 1 1
0 12 408 1 1
0 8 416 1 1
0 2 410 1 1
0 1 409 1 1
0 2 409 1 1
0 3 409 1 1
0 4 409 1 1
0 5 409 1 1
0 8 409 1 1
0 6 409 1 1
0 9 409 1 1
0 7 409 1 1
0 10 409 1 1
0 1 409 1 1
0 7 414 1 1
0 9 412 1 1
0 6 415 1 1
0 10 411 1 1
0 11 410 1 1
0 1 409 1 1
0 4 417 1 1
0 5 416 1 1
0 2 408 1 1
0 8 413 1 1
0 12 411 1 1
0 2 413 1 1
0 5 416 1 1
0 10 410 1 1
0 3 414 1 1
0 4 415 1 1
0 9 409 1 1
0 6 417 1 1
0 8 408 1 1
0 1 412 1 1
0 10 412 1 1
0 7 412 1 1
0 9 412 1 1
0 6 412 1 1
0 8 412 1 1
0 5 412 1 1
0 4 412 1 1
0 3 412 1 1
0 2 412 1 1
0 1 412 1 1
0 2 411 1 1
0 11 413 1 1
0 9 415 1 1
0 10 414 1 1
0 4 409 1 1
0 8 416 1 1
0 5 408 1 1
0 3 410 1 1
0 1 412 1 1
0 7 417 1 1
0 7 410 1 1
0 9 412 1 1
0 2 416 1 1
0 10 413 1 1
0 1 415 1 1
0 3 417 1 1
0 8 411 1 1
0 6 409 1 1
0 5 408 1 1
0 12 414 1 1
0 3 415 1 1
0 1 415 1 1
0 6 415 1 1
0 7 415 1 1
0 4 415 1 1
0 5 415 1 1
0 10 415 1 1
0 8 415 1 1
0 2 415 1 1
0 9 415 1 1
0 3 419 1 1
0 5 421 1 1
0 6 422 1 1
0 4 420 1 1
0 7 423 1 1
0 9 425 1 1
0 12 416 1 1
0 8 424 1 1
0 2 418 1 1
0 1 417 1 1
0 2 417 1 1
0 3 417 1 1
0 4 417 1 1
0 5 417 1 1
0 8 417 1 1
0 6 417 1 1
0 9 417 1 1
0 7 417 1 1
0 10 417 1 1
0 1 417 1 1
0 7 422 1 1
0 9 420 1 1
0 6 423 1 1
0 10 419 1 1
0 11 418 1 1
0 1 417 1 1
0 4 425 1 1
0 5 424 1 1
0 2 416 1 1
0 8 421 1 1
0 12 419 1 1
0 2 421 1 1
0 5 424 1 1
0 10 418 1 1
0 3 422 1 1
0 4 423 1 1
0 9 417 1 1
0 6 425 1 1
0 8 416 1 1
0 1 420 1 1
0 10 420 1 1
0 7 420 1 1
0 9 420 1 1
0 6 420 1 1
0 8 420 1 1
0 5 420 1 1
0 4 420 1 1
0 3 420 1 1
0 2 420 1 1
0 1 420 1 1
0 2 419 1 1
0 11 421 1 1
0 9 423 1 1
0 10 422 1 1
0 4 417 1 1
0 8 424 1 1
0 5 416 1 1
0 3 418 1 1
0 1 420 1 1
0 7 425 1 1
0 7 418 1 1
0 9 420 1 1
0 2 424 1 1
0 10 421 1 1
0 1 423 1 1
0 3 425 1 1
0 8 419 1 1
0 6 417 1 1
0 5 416 1 1
0 12 422 1 1
0 3 423 1 1
0 1 423 1 1
0 6 423 1 1
0 7 423 1 1
0 4 423 1 1
0 5 423 1 1
0 10 423 1 1
0 8 423 1 1
0 2 423 1 1
0 9 423 1 1
0 3 427 1 1
0 5 429 1 1
0 6 430 1 1
0 4 428 1 1
0 7 431 1 1
0 9 433 1 1
0 12 424 1 1
0 8 432 1 1
0 2 426 1 1
0 1 425 1 1
0 2 425 1 1
0 3 425 1 1
0 4 425 1 1
0 5 425 1 1
0 8 425 1 1
0 6 425 1 1
0 9 425 1 1
0 7 425 1 1
0 10 425 1 1
0 1 425 1 1
0 7 430 1 1
0 9 428 1 1
0 6 431 1 1
0 10 427 1 1
0 11 426 1 1
0 1 425 1 1
0 4 433 1 1
0 5 432 1 1
0 2 424 1 1
0 8 429 1 1
0 12 427 1 1
0 2 429 1 1
0 5 432 1 1
0 10 426 1 1
0 3 430 1 1
0 4 431 1 1
0 9 425 1 1
0 6 433 1 1
0 8 424 1 1
0 1 428 1 1
0 10 428 1 1
0 7 428 1 1
0 9 428 1 1
0 6 428 1 1
0 8 428 1 1
0 5 428 1 1
0 4 428 1 1
0 3 428 1 1
0 2 428 1 1
0 1 428 1 1
0 2 427 1 1
0 11 429 1 1
0 9 431 1 1
0 10 430 1 1
0 4 425 1 1
0 8 432 1 1
0 5 424 1 1
0 3 426 1 1
0 1 428 1 1
0 7 433 1 1
0 7 426 1 1
0 9 428 1 1
0 2 432 1 1
0 10 429 1 1
0 1 431 1 1
0 3 433 1 1
0 8 427 1 1
0 6 425 1 1
0 5 424 1 1
0 12 430 1 1
0 3 431 1 1
0 1 431 1 1
0 6 431 1 1
0 7 431 1 1
0 4 431 1 1
0 5 431 1 1
0 10 431 1 1
0 8 431 1 1
0 2 431 1 1
0 9 431 1 1
0 3 435 1 1
0 5 437 1 1
0 6 438 1 1
0 4 436 1 1
0 7 439 1 1
0 9 441 1 1
0 12 432 1 1
0 8 440 1 1
0 2 434 1 1
0 1 433 1 1
0 2 433 1 1
0 3 433 1 1
0 4 433 1 1
0 5 433 1 1
0 8 433 1 1
0 6 433 1 1
0 9 433 1 1
0 7 433 1 1
0 10 433 1 1
0 1 433 1 1
0 7 438 1 1
0 9 436 1 1
0 6 439 1 1
0 10 435 1 1
0 11 434 1 1
0 1 433 1 1
0 4 441 1 1
0 5 440 1 1
0 2 432 1 1
0 8 437 1 1
0 12 435 1 1
0 2 437 1 1
0 5 440 1 1
0 10 434 1 1
0 3 438 1 1
0 4 439 1 1
0 9 433 1 1
0 6 441 1 1
0 8 432 1 1
0 1 436 1 1
0 10 436 1 1
0 7 436 1 1
0 9 436 1 1
0 6 436 1 1
0 8 436 1 1
0 5 436 1 1
0 4 436 1 1
0 3 436 1 1
0 2 436 1 1
0 1 436 1 1
0 2 435 1 1
0 11 437 1 1
0 9 439 1 1
0 10 438 1 1
0 4 433 1 1
0 8 440 1 1
0 5 432 1 1
0 3 434 1 1
0 1 436 1 1
0 7 441 1 1
0 7 434 1 1
0 9 436 1 1
0 2 440 1 1
0 10 437 1 1
0 1 439 1 1
0 3 441 1 1
0 8 435 1 1
0 6 433 1 1
0 5 432 1 1
0 12 438 1 1
0 3 439 1 1
0 1 439 1 1
0 6 439 1 1
0 7 439 1 1
0 4 439 1 1
0 5 439 1 1
0 10 439 1 1
0 8 439 1 1
0 2 439 1 1
0 9 439 1 1
0 3 443 1 1
0 5 445 1 1
0 6 446 1 1
0 4 444 1 1
0 7 447 1 1
0 9 449 1 1
0 12 440 1 1
0 8 448 1 1
0 2 442 1 1
0 1 441 1 1
0 2 441 1 1
0 3 441 1 1
0 4 441 1 1
0 5 441 1 1
0 8 441 1 1
0 6 441 1 1
0 9 441 1 1
0 7 441 1 1
0 10 441 1 1
0 1 441 1 1
0 7 446 1 1
0 9 444 1 1
0 6 447 1 1
0 10 443 1 1
0 11 442 1 1
0 1 441 1 1
0 4 449 1 1
0 5 448 1 1
0 2 440 1 1
0 8 445 1 1
0 12 443 1 1
0 2 445 1 1
0 5 448 1 1
0 10 442 1 1
0 3 446 1 1
0 4 447 1 1
0 9 441 1 1
0 6 449 1 1
0 8 440 1 1
0 1 444 1 1
0 10 444 1 1
0 7 444 1 1
0 9 444 1 1
0 6 444 1 1
0 8 444 1 1
0 5 444 1 1
0 4 444 1 1
0 3 444 1 1
0 2 444 1 1
0 1 444 1 1
0 2 443 1 1
0 11 445 1 1
0 9 447 1 1
0 10 446 1 1
0 4 441 1 1
0 8 448 1 1
0 5 440 1 1
0 3 442 1 1
0 1 444 1 1
0 7 449 1 1
0 7 442 1 1
0 9 444 1 1
0 2 448 1 1
0 10 445 1 1
0 1 447 1 1
0 3 449 1 1
0 8 443 1 1
0 6 441 1 1
0 5 440 1 1
0 12 446 1 1
0 3 447 1 1
0 1 447 1 1
0 6 447 1 1
0 7 447 1 1
0 4 447 1 1
0 5 447 1 1
0 10 447 1 1
0 8 447 1 1
0 2 447 1 1
0 9 447 1 1
0 3 451 1 1
0 5 453 1 1
0 6 454 1 1
0 4 452 1 1
0 7 455 1 1
0 9 457 1 1
0 12 448 1 1
0 8 456 1 1
0 2 450 1 1
0 1 449 1 1
0 2 449 1 1
0 3 449 1 1
0 4 449 1 1
0 5 449 1 1
0 8 449 1 1
0 6 449 1 1
0 9 449 1 1
0 7 449 1 1
0 10 449 1 1
0 1 449 1 1
0 7 454 1 1
0 9 452 1 1
0 6 455 1 1
0 10 451 1 1
0 11 450 1 1
0 1 449 1 1
0 4 457 1 1
0 5 456 1 1
0 2 448 1 1
0 8 453 1 1
0 12 451 1 1
0 2 453 1 1
0 5 456 1 1
0 10 450 1 1
0 3 454 1 1
0 4 455 1 1
0 9 449 1 1
0 6 457 1 1
0 8 448 1 1
0 1 452 1 1
0 10 452 1 1
0 7 452 1 1
0 9 452 1 1
0 6 452 1 1
0 8 452 1 1
0 5 452 1 1
0 4 452 1 1
0 3 452 1 1
0 2 452 1 1
0 1 452 1 1
0 2 451 1 1
0 11 453 1 1
0 9 455 1 1
0 10 454 1 1
0 4 449 1 1
0 8 456 1 1
0 5 448 1 1
0 3 450 1 1
0 1 452 1 1
0 7 457 1 1
0 7 450 1 1
0 9 452 1 1
0 2 456 1 1
0 10 453 1 1
0 1 455 1 1
0 3 457 1 1
0 8 451 1 1
0 6 449 1 1
0 5 448 1 1
0 12 454 1 1
0 3 455 1 1
0 1 455 1 1
0 6 455 1 1
0 7 455 1 1
0 4 455 1 1
0 5 455 1 1
0 10 455 1 1
0 8 455 1 1
0 2 455 1 1
0 9 455 1 1
0 3 459 1 1
0 5 461 1 1
0 6 462 1 1
0 4 460 1 1
0 7 463 1 1
0 9 465 1 1
0 12 456 1 1
0 8 464 1 1
0 2 458 1 1
0 1 457 1 1
0 2 457 1 1
0 3 457 1 1
0 4 457 1 1
0 5 457 1 1
0 8 457 1 1
0 6 457 1 1
0 9 457 1 1
0 7 457 1 1
0 10 457 1 1
0 1 457 1 1
0 7 462 1 1
0 9 460 1 1
0 6 463 1 1
0 10 459 1 1
0 11 458 1 1
0 1 457 1 1
0 4 465 1 1
0 5 464 1 1
0 2 456 1 1
0 8 461 1 1
0 12 459 1 1
0 2 461 1 1
0 5 464 1 1
0 10 458 1 1
0 3 462 1 1
0 4 463 1 1
0 9 457 1 1
0 6 465 1 1
0 8 456 1 1
0 1 460 1 1
0 10 460 1 1
0 7 460 1 1
0 9 460 1 1
0 6 460 1 1
0 8 460 1 1
0 5 460 1 1
0 4 460 1 1
0 3 460 1 1
0 2 460 1 1
0 1 460 1 1
0 2 459 1 1
0 11 461 1 1
0 9 463 1 1
0 10 462 1 1
0 4 457 1 1
0 8 464 1 1
0 5 456 1 1
0 3 458 1 1
0 1 460 1 1
0 7 465 1 1
0 7 458 1 1
0 9 460 1 1
0 2 464 1 1
0 10 461 1 1
0 1 463 1 1
0 3 465 1 1
0 8 459 1 1
0 6 457 1 1
0 5 456 1 1
0 12 462 1 1
0 3 463 1 1
0 1 463 1 1
0 6 463 1 1
0 7 463 1 1
0 4 463 1 1
0 5 463 1 1
0 10 463 1 1
0 8 463 1 1
0 2 463 1 1
0 9 463 1 1
0 3 467 1 1
0 5 469 1 1
0 6 470 1 1
0 4 468 1 1
0 7 471 1 1
0 9 473 1 1
0 12 464 1 1
0 8 472 1 1
0 2 466 1 1
0 1 465 1 1
0 2 465 1 1
0 3 465 1 1
0 4 465 1 1
0 5 465 1 1
0 8 465 1 1
0 6 465 1 1
0 9 465 1 1
0 7 465 1 1
0 10 465 1 1
0 1 465 1 1
0 7 470 1 1
0 9 468 1 1
0 6 471 1 1
0 10 467 1 1
0 11 466 1 1
0 1 465 1 1
0 4 473 1 1
0 5 472 1 1
0 2 464 1 1
0 8 469 1 1
0 12 467 1 1
0 2 469 1 1
0 5 472 1 1
0 10 466 1 1
0 3 470 1 1
0 4 471 1 1
0 9 465 1 1
0 6 473 1 1
0 8 464 1 1
0 1 468 1 1
0 10 468 1 1
0 7 468 1 1
0 9 468 1 1
0 6 468 1 1
0 8 468 1 1
0 5 468 1 1
0 4 468 1 1
0 3 468 1 1
0 2 468 1 1
0 1 468 1 1
0 2 467 1 1
0 11 469 1 1
0 9 471 1 1
0 10 470 1 1
0 4 465 1 1
0 8 472 1 1
0 5 464 1 1
0 3 466 1 1
0 1 468 1 1
0 7 473 1 1
0 7 466 1 1
0 9 468 1 1
0 2 472 1 1
0 10 469 1 1
0 1 471 1 1
0 3 473 1 1
0 8 467 1 1
0 6 465 1 1
0 5 464 1 1
0 12 470 1 1
0 3 471 1 1
0 1 471 1 1
0 6 471 1 1
0 7 471 1 1
0 4 471 1 1
0 5 471 1 1
0 10 471 1 1
0 8 471 1 1
0 2 471 1 1
0 9 471 1 1
0 3 475 1 1
0 5 477 1 1
0 6 478 1 1
0 4 476 1 1
0 7 479 1 1
0 9 481 1 1
0 12 472 1 1
0 8 480 1 1
0 2 474 1 1
0 1 473 1 1
0 2 473 1 1
0 3 473 1 1
0 4 473 1 1
0 5 473 1 1
0 8 473 1 1
0 6 473 1 1
0 9 473 1 1
0 7 473 1 1
0 10 473 1 1
0 1 473 1 1
0 7 478 1 1
0 9 476 1 1
0 6 479 1 1
0 10 475 1 1
0 11 474 1 1
0 1 473 1 1
0 4 481 1 1
0 5 480 1 1
0 2 472 1 1
0 8 477 1 1
0 12 475 1 1
0 2 477 1 1
0 5 480 1 1
0 10 474 1 1
0 3 478 1 1
0 4 479 1 1
0 9 473 1 1
0 6 481 1 1
0 8 472 1 1
0 1 476 1 1
0 10 476 1 1
0 7 476 1 1
0 9 476 1 1
0 6 476 1 1
0 8 476 1 1
0 5 476 1 1
0 4 476 1 1
0 3 476 1 1
0 2 476 1 1
0 1 476 1 1
0 2 475 1 1
0 11 477 1 1
0 9 479 1 1
0 10 478 1 1
0 4 473 1 1
0 8 480 1 1
0 5 472 1 1
0 3 474 1 1
0 1 476 1 1
0 7 481 1 1
0 7 474 1 1
0 9 476 1 1
0 2 480 1 1
0 10 477 1 1
0 1 479 1 1
0 3 481 1 1
0 8 475 1 1
0 6 473 1 1
0 5 472 1 1
0 12 478 1 1
0 3 479 1 1
0 1 479 1 1
0 6 479 1 1
0 7 479 1 1
0 4 479 1 1
0 5 479 1 1
0 10 479 1 1
0 8 479 1 1
0 2 479 1 1
0 9 479 1 1
0 3 483 1 1
0 5 485 1 1
0 6 486 1 1
0 4 484 1 1
0 7 487 1 1
0 9 489 1 1
0 12 480 1 1
0 8 488 1 1
0 2 482 1 1
0 1 481 1 1
0 2 481 1 1
0 3 481 1 1
0 4 481 1 1
0 5 481 1 1
0 8 481 1 1
0 6 481 1 1
0 9 481 1 1
0 7 481 1 1
0 10 481 1 1
0 1 481 1 1
0 7 486 1 1
0 9 484 1 1
0 6 487 1 1
0 10 483 1 1
0 11 482 1 1
0 1 481 1 1
0 4 489 1 1
0 5 488 1 1
0 2 480 1 1
0 8 485 1 1
0 12 483 1 1
0 2 485 1 1
0 5 488 1 1
0 10 482 1 1
0 3 486 1 1
0 4 487 1 1
0 9 481 1 1
0 6 489 1 1
0 8 480 1 1
0 1 484 1 1
0 10 484 1 1
0 7 484 1 1
0 9 484 1 1
0 6 484 1 1
0 8 484 1 1
0 5 484 1 1
0 4 484 1 1
0 3 484 1 1
0 2 484 1 1
0 1 484 1 1
0 2 483 1 1
0 11 485 1 1
0 9 487 1 1
0 10 486 1 1
0 4 481 1 1
0 8 488 1 1
0 5 480 1 1
0 3 482 1 1
0 1 484 1 1
0 7 489 1 1
0 7 482 1 1
0 9 484 1 1
0 2 488 1 1
0 10 485 1 1
0 1 487 1 1
0 3 489 1 1
0 8 483 1 1
0 6 481 1 1
0 5 480 1 1
0 12 486 1 1
0 3 487 1 1
0 1 487 1 1
0 6 487 1 1
0 7 487 1 1
0 4 487 1 1
0 5 487 1 1
0 10 487 1 1
0 8 487 1 1
0 2 487 1 1
0 9 487 1 1
0 3 491 1 1
0 5 493 1 1
0 6 494 1 1
0 4 492 1 1
0 7 495 1 1
0 9 497 1 1
0 12 488 1 1
0 8 496 1 1
0 2 490 1 1
0 1 489 1 1
0 2 489 1 1
0 3 489 1 1
0 4 489 1 1
0 5 489 1 1
0 8 489 1 1
0 6 489 1 1
0 9 489 1 1
0 7 489 1 1
0 10 489 1 1
0 1 489 1 1
0 7 494 1 1
0 9 492 1 1
0 6 495 1 1
0 10 491 1 1
0 11 490 1 1
0 1 489 1 1
0 4 497 1 1
0 5 496 1 1
0 2 488 1 1
0 8 493 1 1
0 12 491 1 1
0 2 493 1 1
0 5 496 1 1
0 10 490 1 1
0 3 494 1 1
0 4 495 1 1
0 9 489 1 1
0 6 497 1 1
0 8 488 1 1
0 1 492 1 1
0 10 492 1 1
0 7 492 1 1
0 9 492 1 1
0 6 492 1 1
0 8 492 1 1
0 5 492 1 1
0 4 492 1 1
0 3 492 1 1
0 2 492 1 1
0 1 492 1 1
0 2 491 1 1
0 11 493 1 1
0 9 495 1 1
0 10 494 1 1
0 4 489 1 1
0 8 496 1 1
0 5 488 1 1
0 3 490 1 1
0 1 492 1 1
0 7 497 1 1
0 7 490 1 1
0 9 492 1 1
0 2 496 1 1
0 10 493 1 1
0 1 495 1 1
0 3 497 1 1
0 8 491 1 1
0 6 489 1 1
0 5 488 1 1
0 12 494 1 1
0 3 495 1 1
0 1 495 1 1
0 6 495 1 1
0 7 495 1 1
0 4 495 1 1
0 5 495 1 1
0 10 495 1 1
0 8 495 1 1
0 2 495 1 1
0 9 495 1 1
0 3 499 1 1
0 5 501 1 1
0 6 502 1 1
0 4 500 1 1
0 7 503 1 1
0 9 505 1 1
0 12 496 1 1
0 8 504 1 1
0 2 498 1 1
0 1 497 1 1
0 2 497 1 1
0 3 497 1 1
0 4 497 1 1
0 5 497 1 1
0 8 497 1 1
0 6 497 1 1
0 9 497 1 1
0 7 497 1 1
0 10 497 1 1
0 1 497 1 1
0 7 502 1 1
0 9 500 1 1
0 6 503 1 1
0 10 499 1 1
0 11 498 1 1
0 1 497 1 1
0 4 505 1 1
0 5 504 1 1
0 2 496 1 1
0 8 501 1 1
0 12 499 1 1
0 2 501 1 1
0 5 504 1 1
0 10 498 1 1
0 3 502 1 1
0 4 503 1 1
0 9 497 1 1
0 6 505 1 1
0 8 496 1 1
0 1 500 1 1
0 10 500 1 1
0 7 500 1 1
0 9 500 1 1
0 6 500 1 1
0 8 500 1 1
0 5 500 1 1
0 4 500 1 1
0 3 500 1 1
0 2 500 1 1
0 1 500 1 1
0 2 499 1 1
0 11 501 1 1
0 9 503 1 1
0 10 502 1 1
0 4 497 1 1
0 8 504 1 1
0 5 496 1 1
0 3 498 1 1
0 1 500 1 1
0 7 505 1 1
0 7 498 1 1
0 9 500 1 1
0 2 504 1 1
0 10 501 1 1
0 1 503 1 1
0 3 505 1 1
0 8 499 1 1
0 6 497 1 1
0 5 496 1 1
0 12 502 1 1
0 3 503 1 1
0 1 503 1 1
0 6 503 1 1
0 7 503 1 1
0 4 503 1 1
0 5 503 1 1
0 10 503 1 1
0 8 503 1 1
0 2 503 1 1
0 9 503 1 1
0 3 507 1 1
0 5 509 1 1
0 6 510 1 1
0 4 508 1 1
0 7 511 1 1
0 9 513 1 1
0 12 504 1 1
0 8 512 1 1
0 2 506 1 1
0 1 505 1 1
0 2 505 1 1
0 3 505 1 1
0 4 505 1 1
0 5 505 1 1
0 8 505 1 1
0 6 505 1 1
0 9 505 1 1
0 7 505 1 1
0 10 505 1 1
0 1 505 1 1
0 7 510 1 1
0 9 508 1 1
0 6 511 1 1
0 10 507 1 1
0 11 506 1 1
0 1 505 1 1
0 4 513 1 1
0 5 512 1 1
0 2 504 1 1
0 8 509 1 1
0 12 507 1 1
0 2 509 1 1
0 5 512 1 1
0 10 506 1 1
0 3 510 1 1
0 4 511 1 1
0 9 505 1 1
0 6 513 1 1
0 8 504 1 1
0 1 508 1 1
0 10 508 1 1
0 7 508 1 1
0 9 508 1 1
0 6 508 1 1
0 8 508 1 1
0 5 508 1 1
0 4 508 1 1
0 3 508 1 1
0 2 508 1 1
0 1 508 1 1
0 2 507 1 1
0 11 509 1 1
0 9 511 1 1
0 10 510 1 1
0 4 505 1 1
0 8 512 1 1
0 5 504 1 1
0 3 506 1 1
0 1 508 1 1
0 7 513 1 1
0 7 506 1 1
0 9 508 1 1
0 2 512 1 1
0 10 509 1 1
0 1 511 1 1
0 3 513 1 1
0 8 507 1 1
0 6 505 1 1
0 5 504 1 1
0 12 510 1 1
0 3 511 1 1
0 1 511 1 1
0 6 511 1 1
0 7 511 1 1
0 4 511 1 1
0 5 511 1 1
0 10 511 1 1
0 8 511 1 1
0 2 511 1 1
0 9 511 1 1
0 3 515 1 1
0 5 517 1 1
0 6 518 1 1
0 4 516 1 1
0 7 519 1 1
0 9 521 1 1
0 12 512 1 1
0 8 520 1 1
0 2 514 1 1
0 1 513 1 1
0 2 513 1 1
0 3 513 1 1
0 4 513 1 1
0 5 513 1 1
0 8 513 1 1
0 6 513 1 1
0 9 513 1 1
0 7 513 1 1
0 10 513 1 1
0 1 513 1 1
0 7 518 1 1
0 9 516 1 1
0 6 519 1 1
0 10 515 1 1
0 11 514 1 1
0 1 513 1 1
0 4 521 1 1
0 5 520 1 1
0 2 512 1 1
0 8 517 1 1
0 12 515 1 1
0 2 517 1 1
0 5 520 1 1
0 10 514 1 1
0 3 518 1 1
0 4 519 1 1
0 9 513 1 1
0 6 521 1 1
0 8 512 1 1
0 1 516 1 1
0 10 516 1 1
0 7 516 1 1
0 9 516 1 1
0 6 516 1 1
0 8 516 1 1
0 5 516 1 1
0 4 516 1 1
0 3 516 1 1
0 2 516 1 1
0 1 516 1 1
0 2 515 1 1
0 11 517 1 1
0 9 519 1 1
0 10 518 1 1
0 4 513 1 1
0 8 520 1 1
0 5 512 1 1
0 3 514 1 1
0 1 516 1 1
0 7 521 1 1
0 7 514 1 1
0 9 516 1 1
0 2 520 1 1
0 10 517 1 1
0 1 519 1 1
0 3 521 1 1
0 8 515 1 1
0 6 513 1 1
0 5 512 1 1
0 12 518 1 1
0 3 519 1 1
0 1 519 1 1
0 6 519 1 1
0 7 519 1 1
0 4 519 1 1
0 5 519 1 1
0 10 519 1 1
0 8 519 1 1
0 2 519 1 1
0 9 519 1 1
0 3 523 1 1
0 5 525 1 1
0 6 526 1 1
0 4 524 1 1
0 7 527 1 1
0 9 529 1 1
0 12 520 1 1
0 8 528 1 1
0 2 522 1 1
0 1 521 1 1
0 2 521 1 1
0 3 521 1 1
0 4 521 1 1
0 5 521 1 1
0 8 521 1 1
0 6 521 1 1
0 9 521 1 1
0 7 521 1 1
0 10 521 1 1
0 1 521 1 1
0 7 526 1 1
0 9 524 1 1
0 6 527 1 1
0 10 523 1 1
0 11 522 1 1
0 1 521 1 1
0 4 529 1 1
0 5 528 1 1
0 2 520 1 1
0 8 525 1 1
0 12 523 1 1
0 2 525 1 1
0 5 528 1 1
0 10 522 1 1
0 3 526 1 1
0 4 527 1 1
0 9 521 1 1
0 6 529 1 1
0 8 520 1 1
0 1 524 1 1
0 10 524 1 1
0 7 524 1 1
0 9 524 1 1
0 6 524 1 1
0 8 524 1 1
0 5 524 1 1
0 4 524 1 1
0 3 524 1 1
0 2 524 1 1
0 1 524 1 1
0 2 523 1 1
0 11 525 1 1
0 9 527 1 1
0 10 526 1 1
0 4 521 1 1
0 8 528 1 1
0 5 520 1 1
0 3 522 1 1
0 1 524 1 1
0 7 529 1 1
0 7 522 1 1
0 9 524 1 1
0 2 528 1 1
0 10 525 1 1
0 1 527 1 1
0 3 529 1 1
0 8 523 1 1
0 6 521 1 1
0 5 520 1 1
0 12 526 1 1
0 3 527 1 1
0 1 527 1 1
0 6 527 1 1
0 7 527 1 1
0 4 527 1 1
0 5 527 1 1
0 10 527 1 1
0 8 527 1 1
0 2 527 1 1
0 9 527 1 1
0 3 531 1 1
0 5 533 1 1
0 6 534 1 1
0 4 532 1 1
0 7 535 1 1
0 9 537 1 1
0 12 528 1 1
0 8 536 1 1
0 2 530 1 1
0 1 529 1 1
0 2 529 1 1
0 3 529 1 1
0 4 529 1 1
0 5 529 1 1
0 8 529 1 1
0 6 529 1 1
0 9 529 1 1
0 7 529 1 1
0 10 529 1 1
0 1 529 1 1
0 7 534 1 1
0 9 532 1 1
0 6 535 1 1
0 10 531 1 1
0 11 530 1 1
0 1 529 1 1
0 4 537 1 1
0 5 536 1 1
0 2 528 1 1
0 8 533 1 1
0 12 531 1 1
0 2 533 1 1
0 5 536 1 1
0 10 530 1 1
0 3 534 1 1
0 4 535 1 1
0 9 529 1 1
0 6 537 1 1
0 8 528 1 1
0 1 532 1 1
0 10 532 1 1
0 7 532 1 1
0 9 532 1 1
0 6 532 1 1
0 8 532 1 1
0 5 532 1 1
0 4 532 1 1
0 3 532 1 1
0 2 532 1 1
0 1 532 1 1
0 2 531 1 1
0 11 533 1 1
0 9 535 1 1
0 10 534 1 1
0 4 529 1 1
0 8 536 1 1
0 5 528 1 1
0 3 530 1 1
0 1 532 1 1
0 7 537 1 1
0 7 530 1 1
0 9 532 1 1
0 2 536 1 1
0 10 533 1 1
0 1 535 1 1
0 3 537 1 1
0 8 531 1 1
0 6 529 1 1
0 5 528 1 1
0 12 534 1 1
0 3 535 1 1
0 1 535 1 1
0 6 535 1 1
0 7 535 1 1
0 4 535 1 1
0 5 535 1 1
0 10 535 1 1
0 8 535 1 1
0 2 535 1 1
0 9 535 1 1
0 3 539 1 1
0 5 541 1 1
0 6 542 1 1
0 4 540 1 1
0 7 543 1 1
0 9 545 1 1
0 12 536 1 1
0 8 544 1 1
0 2 538 1 1
0 1 537 1 1
0 2 537 1 1
0 3 537 1 1
0 4 537 1 1
0 5 537 1 1
0 8 537 1 1
0 6 537 1 1
0 9 537 1 1
0 7 537 1 1
0 10 537 1 1
0 1 537 1 1
0 7 542 1 1
0 9 540 1 1
0 6 543 1 1
0 10 539 1 1
0 11 538 1 1
0 1 537 1 1
0 4 545 1 1
0 5 544 1 1
0 2 536 1 1
0 8 541 1 1
0 12 539 1 1
0 2 541 1 1
0 5 544 1 1
0 10 538 1 1
0 3 542 1 1
0 4 543 1 1
0 9 537 1 1
0 6 545 1 1
0 8 536 1 1
0 1 540 1 1
0 10 540 1 1
0 7 540 1 1
0 9 540 1 1
0 6 540 1 1
0 8 540 1 1
0 5 540 1 1
0 4 540 1 1
0 3 540 1 1
0 2 540 1 1
0 1 540 1 1
0 2 539 1 1
0 11 541 1 1
0 9 543 1 1
0 10 542 1 1
0 4 537 1 1
0 8 544 1 1
0 5 536 1 1
0 3 538 1 1
0 1 540 1 1
0 7 545 1 1
0 7 538 1 1
0 9 540 1 1
0 2 544 1 1
0 10 541 1 1
0 1 543 1 1
0 3 545 1 1
0 8 539 1 1
0 6 537 1 1
0 5 536 1 1
0 12 542 1 1
0 3 543 1 1
0 1 543 1 1
0 6 543 1 1
0 7 543 1 1
0 4 543 1 1
0 5 543 1 1
0 10 543 1 1
0 8 543 1 1
0 2 543 1 1
0 9 543 1 1
0 3 547 1 1
0 5 549 1 1
0 6 550 1 1
0 4 548 1 1
0 7 551 1 1
0 9 553 1 1
0 12 544 1 1
0 8 552 1 1
0 2 546 1 1
0 1 545 1 1
0 2 545 1 1
0 3 545 1 1
0 4 545 1 1
0 5 545 1 1
0 8 545 1 1
0 6 545 1 1
0 9 545 1 1
0 7 545 1 1
0 10 545 1 1
0 1 545 1 1
0 7 550 1 1
0 9 548 1 1
0 6 551 1 1
0 10 547 1 1
0 11 546 1 1
0 1 545 1 1
0 4 553 1 1
0 5 552 1 1
0 2 544 1 1
0 8 549 1 1
0 12 547 1 1
0 2 549 1 1
0 5 552 1 1
0 10 546 1 1
0 3 550 1 1
0 4 551 1 1
0 9 545 1 1
0 6 553 1 1
0 8 544 1 1
0 1 548 1 1
0 10 548 1 1
0 7 548 1 1
0 9 548 1 1
0 6 548 1 1
0 8 548 1 1
0 5 548 1 1
0 4 548 1 1
0 3 548 1 1
0 2 548 1 1
0 1 548 1 1
0 2 547 1 1
0 11 549 1 1
0 9 551 1 1
0 10 550 1 1
0 4 545 1 1
0 8 552 1 1
0 5 544 1 1
0 3 546 1 1
0 1 548 1 1
0 7 553 1 1
0 7 546 1 1
0 9 548 1 1
0 2 552 1 1
0 10 549 1 1
0 1 551 1 1
0 3 553 1 1
0 8 547 1 1
0 6 545 1 1
0 5 544 1 1
0 12 550 1 1
0 3 551 1 1
0 1 551 1 1
0 6 551 1 1
0 7 551 1 1
0 4 551 1 1
0 5 551 1 1
0 10 551 1 1
0 8 551 1 1
0 2 551 1 1
0 9 551 1 1
0 3 555 1 1
0 5 557 1 1
0 6 558 1 1
0 4 556 1 1
0 7 559 1 1
0 9 561 1 1
0 12 552 1 1
0 8 560 1 1
0 2 554 1 1
0 1 553 1 1
0 2 553 1 1
0 3 553 1 1
0 4 553 1 1
0 5 553 1 1
0 8 553 1 1
0 6 553 1 1
0 9 553 1 1
0 7 553 1 1
0 10 553 1 1
0 1 553 1 1
0 7 558 1 1
0 9 556 1 1
0 6 559 1 1
0 10 555 1 1
0 11 554 1 1
0 1 553 1 1
0 4 561 1 1
0 5 560 1 1
0 2 552 1 1
0 8 557 1 1
0 12 555 1 1
0 2 557 1 1
0 5 560 1 1
0 10 554 1 1
0 3 558 1 1
0 4 559 1 1
0 9 553 1 1
0 6 561 1 1
0 8 552 1 1
0 1 556 1 1
0 10 556 1 1
0 7 556 1 1
0 9 556 1 1
0 6 556 1 1
0 8 556 1 1
0 5 556 1 1
0 4 556 1 1
0 3 556 1 1
0 2 556 1 1
0 1 556 1 1
0 2 555 1 1
0 11 557 1 1
0 9 559 1 1
0 10 558 1 1
0 4 553 1 1
0 8 560 1 1
0 5 552 1 1
0 3 554 1 1
0 1 556 1 1
0 7 561 1 1
0 7 554 1 1
0 9 556 1 1
0 2 560 1 1
0 10 557 1 1
0 1 559 1 1
0 3 561 1 1
0 8 555 1 1
0 6 553 1 1
0 5 552 1 1
0 12 558 1 1
0 3 559 1 1
0 1 559 1 1
0 6 559 1 1
0 7 559 1 1
0 4 559 1 1
0 5 559 1 1
0 10 559 1 1
0 8 559 1 1
0 2 559 1 1
0 9 559 1 1
0 3 563 1 1
0 5 565 1 1
0 6 566 1 1
0 4 564 1 1
0 7 567 1 1
0 9 569 1 1
0 12 560 1 1
0 8 568 1 1
0 2 562 1 1
0 1 561 1 1
0 2 561 1 1
0 3 561 1 1
0 4 561 1 1
0 5 561 1 1
0 8 561 1 1
0 6 561 1 1
0 9 561 1 1
0 7 561 1 1
0 10 561 1 1
0 1 561 1 1
0 7 566 1 1
0 9 564 1 1
0 6 567 1 1
0 10 563 1 1
0 11 562 1 1
0 1 561 1 1
0 4 569 1 1
0 5 568 1 1
0 2 560 1 1
0 8 565 1 1
0 12 563 1 1
0 2 565 1 1
0 5 568 1 1
0 10 562 1 1
0 3 566 1 1
0 4 567 1 1
0 9 561 1 1
0 6 569 1 1
0 8 560 1 1
0 1 564 1 1
0 10 564 1 1
0 7 564 1 1
0 9 564 1 1
0 6 564 1 1
0 8 564 1 1
0 5 564 1 1
0 4 564 1 1
0 3 564 1 1
0 2 564 1 1
0 1 564 1 1
0 2 563 1 1
0 11 565 1 1
0 9 567 1 1
0 10 566 1 1
0 4 561 1 1
0 8 568 1 1
0 5 560 1 1
0 3 562 1 1
0 1 564 1 1
0 7 569 1 1
0 7 562 1 1
0 9 564 1 1
0 2 568 1 1
0 10 565 1 1
0 1 567 1 1
0 3 569 1 1
0 8 563 1 1
0 6 561 1 1
0 5 560 1 1
0 12 566 1 1
0 3 567 1 1
0 1 567 1 1
0 6 567 1 1
0 7 567 1 1
0 4 567 1 1
0 5 567 1 1
0 10 567 1 1
0 8 567 1 1
0 2 567 1 1
0 9 567 1 1
0 3 571 1 1
0 5 573 1 1
0 6 574 1 1
0 4 572 1 1
0 7 575 1 1
0 9 577 1 1
0 12 568 1 1
0 8 576 1 1
0 2 570 1 1
0 1 569 1 1
0 2 569 1 1
0 3 569 1 1
0 4 569 1 1
0 5 569 1 1
0 8 569 1 1
0 6 569 1 1
0 9 569 1 1
0 7 569 1 1
0 10 569 1 1
0 1 569 1 1
0 7 574 1 1
0 9 572 1 1
0 6 575 1 1
0 10 571 1 1
0 11 570 1 1
0 1 569 1 1
0 4 577 1 1
0 5 576 1 1
0 2 568 1 1
0 8 573 1 1
0 12 571 1 1
0 2 573 1 1
0 5 576 1 1
0 10 570 1 1
0 3 574 1 1
0 4 575 1 1
0 9 569 1 1
0 6 577 1 1
0 8 568 1 1
0 1 572 1 1
0 10 572 1 1
0 7 572 1 1
0 9 572 1 1
0 6 572 1 1
0 8 572 1 1
0 5 572 1 1
0 4 572 1 1
0 3 572 1 1
0 2 572 1 1
0 1 572 1 1
0 2 571 1 1
0 11 573 1 1
0 9 575 1 1
0 10 574 1 1
0 4 569 1 1
0 8 576 1 1
0 5 568 1 1
0 3 570 1 1
0 1 572 1 1
0 7 577 1 1
0 7 570 1 1
0 9 572 1 1
0 2 576 1 1
0 10 573 1 1
0 1 575 1 1
0 3 577 1 1
0 8 571 1 1
0 6 569 1 1
0 5 568 1 1
0 12 574 1 1
0 3 575 1 1
0 1 575 1 1
0 6 575 1 1
0 7 575 1 1
0 4 575 1 1
0 5 575 1 1
0 10 575 1 1
0 8 575 1 1
0 2 575 1 1
0 9 575 1 1
0 3 579 1 1
0 5 581 1 1
0 6 582 1 1
0 4 580 1 1
0 7 583 1 1
0 9 585 1 1
0 12 576 1 1
0 8 584 1 1
0 2 578 1 1
0 1 577 1 1
0 2 577 1 1
0 3 577 1 1
0 4 577 1 1
0 5 577 1 1
0 8 577 1 1
0 6 577 1 1
0 9 577 1 1
0 7 577 1 1
0 10 577 1 1
0 1 577 1 1
0 7 582 1 1
0 9 580 1 1
0 6 583 1 1
0 10 579 1 1
0 11 578 1 1
0 1 577 1 1
0 4 585 1 1
0 5 584 1 1
0 2 576 1 1
0 8 581 1 1
0 12 579 1 1
0 2 581 1 1
0 5 584 1 1
0 10 578 1 1
0 3 582 1 1
0 4 583 1 1
0 9 577 1 1
0 6 585 1 1
0 8 576 1 1
0 1 580 1 1
0 10 580 1 1
0 7 580 1 1
0 9 580 1 1
0 6 580 1 1
0 8 580 1 1
0 5 580 1 1
0 4 580 1 1
0 3 580 1 1
0 2 580 1 1
0 1 580 1 1
0 2 579 1 1
0 11 581 1 1
0 9 583 1 1
0 10 582 1 1
0 4 577 1 1
0 8 584 1 1
0 5 576 1 1
0 3 578 1 1
0 1 580 1 1
0 7 585 1 1
0 7 578 1 1
0 9 580 1 1
0 2 584 1 1
0 10 581 1 1
0 1 583 1 1
0 3 585 1 1
0 8 579 1 1
0 6 577 1 1
0 5 576 1 1
0 12 582 1 1
0 3 583 1 1
0 1 583 1 1
0 6 583 1 1
0 7 583 1 1
0 4 583 1 1
0 5 583 1 1
0 10 583 1 1
0 8 583 1 1
0 2 583 1 1
0 9 583 1 1
0 3 587 1 1
0 5 589 1 1
0 6 590 1 1
0 4 588 1 1
0 7 591 1 1
0 9 593 1 1
0 12 584 1 1
0 8 592 1 1
0 2 586 1 1
0 1 585 1 1
0 2 585 1 1
0 3 585 1 1
0 4 585 1 1
0 5 585 1 1
0 8 585 1 1
0 6 585 1 1
0 9 585 1 1
0 7 585 1 1
0 10 585 1 1
0 1 585 1 1
0 7 590 1 1
0 9 588 1 1
0 6 591 1 1
0 10 587 1 1
0 11 586 1 1
0 1 585 1 1
0 4 593 1 1
0 5 592 1 1
0 2 584 1 1
0 8 589 1 1
0 12 587 1 1
0 2 589 1 1
0 5 592 1 1
0 10 586 1 1
0 3 590 1 1
0 4 591 1 1
0 9 585 1 1
0 6 593 1 1
0 8 584 1 1
0 1 588 1 1
0 10 588 1 1
0 7 588 1 1
0 9 588 1 1
0 6 588 1 1
0 8 588 1 1
0 5 588 1 1
0 4 588 1 1
0 3 588 1 1
0 2 588 1 1
0 1 588 1 1
0 2 587 1 1
0 11 589 1 1
0 9 591 1 1
0 10 590 1 1
0 4 585 1 1
0 8 592 1 1
0 5 584 1 1
0 3 586 1 1
0 1 588 1 1
0 7 593 1 1
0 7 586 1 1
0 9 588 1 1
0 2 592 1 1
0 10 589 1 1
0 1 591 1 1
0 3 593 1 1
0 8 587 1 1
0 6 585 1 1
0 5 584 1 1
0 12 590 1 1
0 3 591 1 1
0 1 591 1 1
0 6 591 1 1
0 7 591 1 1
0 4 591 1 1
0 5 591 1 1
0 10 591 1 1
0 8 591 1 1
0 2 591 1 1
0 9 591 1 1
0 3 595 1 1
0 5 597 1 1
0 6 598 1 1
0 4 596 1 1
0 7 599 1 1
0 9 601 1 1
0 12 592 1 1
0 8 600 1 1
0 2 594 1 1
0 1 593 1 1
0 2 593 1 1
0 3 593 1 1
0 4 593 1 1
0 5 593 1 1
0 8 593 1 1
0 6 593 1 1
0 9 593 1 1
0 7 593 1 1
0 10 593 1 1
0 1 593 1 1
0 7 598 1 1
0 9 596 1 1
0 6 599 1 1
0 10 595 1 1
0 11 594 1 1
0 1 593 1 1
0 4 601 1 1
0 5 600 1 1
0 2 592 1 1
0 8 597 1 1
0 12 595 1 1
0 2 597 1 1
0 5 600 1 1
0 10 594 1 1
0 3 598 1 1
0 4 599 1 1
0 9 593 1 1
0 6 601 1 1
0 8 592 1 1
0 1 596 1 1
0 10 596 1 1
0 7 596 1 1
0 9 596 1 1
0 6 596 1 1
0 8 596 1 1
0 5 596 1 1
0 4 596 1 1
0 3 596 1 1
0 2 596 1 1
0 1 596 1 1
0 2 595 1 1
0 11 597 1 1
0 9 599 1 1
0 10 598 1 1
0 4 593 1 1
0 8 600 1 1
0 5 592 1 1
0 3 594 1 1
0 1 596 1 1
0 7 601 1 1
0 7 594 1 1
0 9 596 1 1
0 2 600 1 1
0 10 597 1 1
0 1 599 1 1
0 3 601 1 1
0 8 595 1 1
0 6 593 1 1
0 5 592 1 1
0 12 598 1 1
0 3 599 1 1
0 1 599 1 1
0 6 599 1 1
0 7 599 1 1
0 4 599 1 1
0 5 599 1 1
0 10 599 1 1
0 8 599 1 1
0 2 599 1 1
0 9 599 1 1
0 3 603 1 1
0 5 605 1 1
0 6 606 1 1
0 4 604 1 1
0 7 607 1 1
0 9 609 1 1
0 12 600 1 1
0 8 608 1 1
0 2 602 1 1
0 1 601 1 1
0 2 601 1 1
0 3 601 1 1
0 4 601 1 1
0 5 601 1 1
0 8 601 1 1
0 6 601 1 1
0 9 601 1 1
0 7 601 1 1
0 10 601 1 1
0 1 601 1 1
0 7 606 1 1
0 9 604 1 1
0 6 607 1 1
0 10 603 1 1
0 11 602 1 1
0 1 601 1 1
0 4 609 1 1
0 5 608 1 1
0 2 600 1 1
0 8 605 1 1
0 12 603 1 1
0 2 605 1 1
0 5 608 1 1
0 10 602 1 1
0 3 606 1 1
0 4 607 1 1
0 9 601 1 1
0 6 609 1 1
0 8 600 1 1
0 1 604 1 1
0 10 604 1 1
0 7 604 1 1
0 9 604 1 1
0 6 604 1 1
0 8 604 1 1
0 5 604 1 1
0 4 604 1 1
0 3 604 1 1
0 2 604 1 1
0 1 604 1 1
0 2 603 1 1
0 11 605 1 1
0 9 607 1 1
0 10 606 1 1
0 4 601 1 1
0 8 608 1 1
0 5 600 1 1
0 3 602 1 1
0 1 604 1 1
0 7 609 1 1
0 7 602 1 1
0 9 604 1 1
0 2 608 1 1
0 10 605 1 1
0 1 607 1 1
0 3 609 1 1
0 8 603 1 1
0 6 601 1 1
0 5 600 1 1
0 12 606 1 1
0 3 607 1 1
0 1 607 1 1
0 6 607 1 1
0 7 607 1 1
0 4 607 1 1
0 5 607 1 1
0 10 607 1 1
0 8 607 1 1
0 2 607 1 1
0 9 607 1 1
0 3 611 1 1
0 5 613 1 1
0 6 614 1 1
0 4 612 1 1
0 7 615 1 1
0 9 617 1 1
0 12 608 1 1
0 8 616 1 1
0 2 610 1 1
0 1 609 1 1
0 2 609 1 1
0 3 609 1 1
0 4 609 1 1
0 5 609 1 1
0 8 609 1 1
0 6 609 1 1
0 9 609 1 1
0 7 609 1 1
0 10 609 1 1
0 1 609 1 1
0 7 614 1 1
0 9 612 1 1
0 6 615 1 1
0 10 611 1 1
0 11 610 1 1
0 1 609 1 1
0 4 617 1 1
0 5 616 1 1
0 2 608 1 1
0 8 613 1 1
0 12 611 1 1
0 2 613 1 1
0 5 616 1 1
0 10 610 1 1
0 3 614 1 1
0 4 615 1 1
0 9 609 1 1
0 6 617 1 1
0 8 608 1 1
0 1 612 1 1
0 10 612 1 1
0 7 612 1 1
0 9 612 1 1
0 6 612 1 1
0 8 612 1 1
0 5 612 1 1
0 4 612 1 1
0 3 612 1 1
0 2 612 1 1
0 1 612 1 1
0 2 611 1 1
0 11 613 1 1
0 9 615 1 1
0 10 614 1 1
0 4 609 1 1
0 8 616 1 1
0 5 608 1 1
0 3 610 1 1
0 1 612 1 1
0 7 617 1 1
0 7 610 1 1
0 9 612 1 1
0 2 616 1 1
0 10 613 1 1
0 1 615 1 1
0 3 617 1 1
0 8 611 1 1
0 6 609 1 1
0 5 608 1 1
0 12 614 1 1
0 3 615 1 1
0 1 615 1 1
0 6 615 1 1
0 7 615 1 1
0 4 615 1 1
0 5 615 1 1
0 10 615 1 1
0 8 615 1 1
0 2 615 1 1
0 9 615 1 1
0 3 619 1 1
0 5 621 1 1
0 6 622 1 1
0 4 620 1 1
0 7 623 1 1
0 9 625 1 1
0 12 616 1 1
0 8 624 1 1
0 2 618 1 1
0 1 617 1 1
0 2 617 1 1
0 3 617 1 1
0 4 617 1 1
0 5 617 1 1
0 8 617 1 1
0 6 617 1 1
0 9 617 1 1
0 7 617 1 1
0 10 617 1 1
0 1 617 1 1
0 7 622 1 1
0 9 620 1 1
0 6 623 1 1
0 10 619 1 1
0 11 618 1 1
0 1 617 1 1
0 4 625 1 1
0 5 624 1 1
0 2 616 1 1
0 8 621 1 1
0 12 619 1 1
0 2 621 1 1
0 5 624 1 1
0 10 618 1 1
0 3 622 1 1
0 4 623 1 1
0 9 617 1 1
0 6 625 1 1
0 8 616 1 1
0 1 620 1 1
0 10 620 1 1
0 7 620 1 1
0 9 620 1 1
0 6 620 1 1
0 8 620 1 1
0 5 620 1 1
0 4 620 1 1
0 3 620 1 1
0 2 620 1 1
0 1 620 1 1
0 2 619 1 1
0 11 621 1 1
0 9 623 1 1
0 10 622 1 1
0 4 617 1 1
0 8 624 1 1
0 5 616 1 1
0 3 618 1 1
0 1 620 1 1
0 7 625 1 1
0 7 618 1 1
0 9 620 1 1
0 2 624 1 1
0 10 621 1 1
0 1 623 1 1
0 3 625 1 1
0 8 619 1 1
0 6 617 1 1
0 5 616 1 1
0 12 622 1 1
0 3 623 1 1
0 1 623 1 1
0 6 623 1 1
0 7 623 1 1
0 4 623 1 1
0 5 623 1 1
0 10 623 1 1
0 8 623 1 1
0 2 623 1 1
0 9 623 1 1
0 3 627 1 1
0 5 629 1 1
0 6 630 1 1
0 4 628 1 1
0 7 631 1 1
0 9 633 1 1
0 12 624 1 1
0 8 632 1 1
0 2 626 1 1
0 1 625 1 1
0 2 625 1 1
0 3 625 1 1
0 4 625 1 1
0 5 625 1 1
0 8 625 1 1
0 6 625 1 1
0 9 625 1 1
0 7 625 1 1
0 10 625 1 1
0 1 625 1 1
0 7 630 1 1
0 9 628 1 1
0 6 631 1 1
0 10 627 1 1
0 11 626 1 1
0 1 625 1 1
0 4 633 1 1
0 5 632 1 1
0 2 624 1 1
0 8 629 1 1
0 12 627 1 1
0 2 629 1 1
0 5 632 1 1
0 10 626 1 1
0 3 630 1 1
0 4 631 1 1
0 9 625 1 1
0 6 633 1 1
0 8 624 1 1
0 1 628 1 1
0 10 628 1 1
0 7 628 1 1
0 9 628 1 1
0 6 628 1 1
0 8 628 1 1
0 5 628 1 1
0 4 628 1 1
0 3 628 1 1
0 2 628 1 1
0 1 628 1 1
0 2 627 1 1
0 11 629 1 1
0 9 631 1 1
0 10 630 1 1
0 4 625 1 1
0 8 632 1 1
0 5 624 1 1
0 3 626 1 1
0 1 628 1 1
0 7 633 1 1
0 7 626 1 1
0 9 628 1 1
0 2 632 1 1
0 10 629 1 1
0 1 631 1 1
0 3 633 1 1
0 8 627 1 1
0 6 625 1 1
0 5 624 1 1
0 12 630 1 1
0 3 631 1 1
0 1 631 1 1
0 6 631 1 1
0 7 631 1 1
0 4 631 1 1
0 5 631 1 1
0 10 631 1 1
0 8 631 1 1
0 2 631 1 1
0 9 631 1 1
0 3 635 1 1
0 5 637 1 1
0 6 638 1 1
0 4 636 1 1
0 7 639 1 1
0 9 641 1 1
0 12 632 1 1
0 8 640 1 1
0 2 634 1 1
0 1 633 1 1
0 2 633 1 1
0 3 633 1 1
0 4 633 1 1
0 5 633 1 1
0 8 633 1 1
0 6 633 1 1
0 9 633 1 1
0 7 633 1 1
0 10 633 1 1
0 1 633 1 1
0 7 638 1 1
0 9 636 1 1
0 6 639 1 1
0 10 635 1 1
0 11 634 1 1
0 1 633 1 1
0 4 641 1 1
0 5 640 1 1
0 2 632 1 1
0 8 637 1 1
0 12 635 1 1
0 2 637 1 1
0 5 640 1 1
0 10 634 1 1
0 3 638 1 1
0 4 639 1 1
0 9 633 1 1
0 6 641 1 1
0 8 632 1 1
0 1 636 1 1
0 10 636 1 1
0 7 636 1 1
0 9 636 1 1
0 6 636 1 1
0 8 636 1 1
0 5 636 1 1
0 4 636 1 1
0 3 636 1 1
0 2 636 1 1
0 1 636 1 1
0 2 635 1 1
0 11 637 1 1
0 9 639 1 1
0 10 638 1 1
0 4 633 1 1
0 8 640 1 1
0 5 632 1 1
0 3 634 1 1
0 1 636 1 1
0 7 641 1 1
0 7 634 1 1
0 9 636 1 1
0 2 640 1 1
0 10 637 1 1
0 1 639 1 1
0 3 641 1 1
0 8 635 1 1
0 6 633 1 1
0 5 632 1 1
0 12 638 1 1
0 3 639 1 1
0 1 639 1 1
0 6 639 1 1
0 7 639 1 1
0 4 639 1 1
0 5 639 1 1
0 10 639 1 1
0 8 639 1 1
0 2 639 1 1
0 9 639 1 1
0 3 643 1 1
0 5 645 1 1
0 6 646 1 1
0 4 644 1 1
0 7 647 1 1
0 9 649 1 1
0 12 640 1 1
0 8 648 1 1
0 2 642 1 1
0 1 641 1 1
0 2 641 1 1
0 3 641 1 1
0 4 641 1 1
0 5 641 1 1
0 8 641 1 1
0 6 641 1 1
0 9 641 1 1
0 7 641 1 1
0 10 641 1 1
0 1 641 1 1
0 7 646 1 1
0 9 644 1 1
0 6 647 1 1
0 10 643 1 1
0 11 642 1 1
0 1 641 1 1
0 4 649 1 1
0 5 648 1 1
0 2 640 1 1
0 8 645 1 1
0 12 643 1 1
0 2 645 1 1
0 5 648 1 1
0 10 642 1 1
0 3 646 1 1
0 4 647 1 1
0 9 641 1 1
0 6 649 1 1
0 8 640 1 1
0 1 644 1 1
0 10 644 1 1
0 7 644 1 1
0 9 644 1 1
0 6 644 1 1
0 8 644 1 1
0 5 644 1 1
0 4 644 1 1
0 3 644 1 1
0 2 644 1 1
0 1 644 1 1
0 2 643 1 1
0 11 645 1 1
0 9 647 1 1
0 10 646 1 1
0 4 641 1 1
0 8 648 1 1
0 5 640 1 1
0 3 642 1 1
0 1 644 1 1
0 7 649 1 1
0 7 642 1 1
0 9 644 1 1
0 2 648 1 1
0 10 645 1 1
0 1 647 1 1
0 3 649 1 1
0 8 643 1 1
0 6 641 1 1
0 5 640 1 1
0 12 646 1 1
0 3 647 1 1
0 1 647 1 1
0 6 647 1 1
0 7 647 1 1
0 4 647 1 1
0 5 647 1 1
0 10 647 1 1
0 8 647 1 1
0 2 647 1 1
0 9 647 1 1
0 3 651 1 1
0 5 653 1 1
0 6 654 1 1
0 4 652 1 1
0 7 655 1 1
0 9 657 1 1
0 12 648 1 1
0 8 656 1 1
0 2 650 1 1
0 1 649 1 1
0 2 649 1 1
0 3 649 1 1
0 4 649 1 1
0 5 649 1 1
0 8 649 1 1
0 6 649 1 1
0 9 649 1 1
0 7 649 1 1
0 10 649 1 1
0 1 649 1 1
0 7 654 1 1
0 9 652 1 1
0 6 655 1 1
0 10 651 1 1
0 11 650 1 1
0 1 649 1 1
0 4 657 1 1
0 5 656 1 1
0 2 648 1 1
0 8 653 1 1
0 12 651 1 1
0 2 653 1 1
0 5 656 1 1
0 10 650 1 1
0 3 654 1 1
0 4 655 1 1
0 9 649 1 1
0 6 657 1 1
0 8 648 1 1
0 1 652 1 1
0 10 652 1 1
0 7 652 1 1
0 9 652 1 1
0 6 652 1 1
0 8 652 1 1
0 5 652 1 1
0 4 652 1 1
0 3 652 1 1
0 2 652 1 1
0 1 652 1 1
0 2 651 1 1
0 11 653 1 1
0 9 655 1 1
0 10 654 1 1
0 4 649 1 1
0 8 656 1 1
0 5 648 1 1
0 3 650 1 1
0 1 652 1 1
0 7 657 1 1
0 7 650 1 1
0 9 652 1 1
0 2 656 1 1
0 10 653 1 1
0 1 655 1 1
0 3 657 1 1
0 8 651 1 1
0 6 649 1 1
0 5 648 1 1
0 12 654 1 1
0 3 655 1 1
0 1 655 1 1
0 6 655 1 1
0 7 655 1 1
0 4 655 1 1
0 5 655 1 1
0 10 655 1 1
0 8 655 1 1
0 2 655 1 1
0 9 655 1 1
0 3 659 1 1
0 5 661 1 1
0 6 662 1 1
0 4 660 1 1
0 7 663 1 1
0 9 665 1 1
0 12 656 1 1
0 8 664 1 1
0 2 658 1 1
0 1 657 1 1
0 2 657 1 1
0 3 657 1 1
0 4 657 1 1
0 5 657 1 1
0 8 657 1 1
0 6 657 1 1
0 9 657 1 1
0 7 657 1 1
0 10 657 1 1
0 1 657 1 1
0 7 662 1 1
0 9 660 1 1
0 6 663 1 1
0 10 659 1 1
0 11 658 1 1
0 1 657 1 1
0 4 665 1 1
0 5 664 1 1
0 2 656 1 1
0 8 661 1 1
0 12 659 1 1
0 2 661 1 1
0 5 664 1 1
0 10 658 1 1
0 3 662 1 1
0 4 663 1 1
0 9 657 1 1
0 6 665 1 1
0 8 656 1 1
0 1 660 1 1
0 10 660 1 1
0 7 660 1 1
0 9 660 1 1
0 6 660 1 1
0 8 660 1 1
0 5 660 1 1
0 4 660 1 1
0 3 660 1 1
0 2 660 1 1
0 1 660 1 1
0 2 659 1 1
0 11 661 1 1
0 9 663 1 1
0 10 662 1 1
0 4 657 1 1
0 8 664 1 1
0 5 656 1 1
0 3 658 1 1
0 1 660 1 1
0 7 665 1 1
0 7 658 1 1
0 9 660 1 1
0 2 664 1 1
0 10 661 1 1
0 1 663 1 1
0 3 665 1 1
0 8 659 1 1
0 6 657 1 1
0 5 656 1 1
0 12 662 1 1
0 3 663 1 1
0 1 663 1 1
0 6 663 1 1
0 7 663 1 1
0 4 663 1 1
0 5 663 1 1
0 10 663 1 1
0 8 663 1 1
0 2 663 1 1
0 9 663 1 1
0 3 667 1 1
0 5 669 1 1
0 6 670 1 1
0 4 668 1 1
0 7 671 1 1
0 9 673 1 1
0 12 664 1 1
0 8 672 1 1
0 2 666 1 1
0 1 665 1 1
0 2 665 1 1
0 3 665 1 1
0 4 665 1 1
0 5 665 1 1
0 8 665 1 1
0 6 665 1 1
0 9 665 1 1
0 7 665 1 1
0 10 665 1 1
0 1 665 1 1
0 7 670 1 1
0 9 668 1 1
0 6 671 1 1
0 10 667 1 1
0 11 666 1 1
0 1 665 1 1
0 4 673 1 1
0 5 672 1 1
0 2 664 1 1
0 8 669 1 1
0 12 667 1 1
0 2 669 1 1
0 5 672 1 1
0 10 666 1 1
0 3 670 1 1
0 4 671 1 1
0 9 665 1 1
0 6 673 1 1
0 8 664 1 1
0 1 668 1 1
0 10 668 1 1
0 7 668 1 1
0 9 668 1 1
0 6 668 1 1
0 8 668 1 1
0 5 668 1 1
0 4 668 1 1
0 3 668 1 1
0 2 668 1 1
0 1 668 1 1
0 2 667 1 1
0 11 669 1 1
0 9 671 1 1
0 10 670 1 1
0 4 665 1 1
0 8 672 1 1
0 5 664 1 1
0 3 666 1 1
0 1 668 1 1
0 7 673 1 1
0 7 666 1 1
0 9 668 1 1
0 2 672 1 1
0 10 669 1 1
0 1 671 1 1
0 3 673 1 1
0 8 667 1 1
0 6 665 1 1
0 5 664 1 1
0 12 670 1 1
0 3 671 1 1
0 1 671 1 1
0 6 671 1 1
0 7 671 1 1
0 4 671 1 1
0 5 671 1 1
0 10 671 1 1
0 8 671 1 1
0 2 671 1 1
0 9 671 1 1
0 3 675 1 1
0 5 677 1 1
0 6 678 1 1
0 4 676 1 1
0 7 679 1 1
0 9 681 1 1
0 12 672 1 1
0 8 680 1 1
0 2 674 1 1
0 1 673 1 1
0 2 673 1 1
0 3 673 1 1
0 4 673 1 1
0 5 673 1 1
0 8 673 1 1
0 6 673 1 1
0 9 673 1 1
0 7 673 1 1
0 10 673 1 1
0 1 673 1 1
0 7 678 1 1
0 9 676 1 1
0 6 679 1 1
0 10 675 1 1
0 11 674 1 1
0 1 673 1 1
0 4 681 1 1
0 5 680 1 1
0 2 672 1 1
0 8 677 1 1
0 12 675 1 1
0 2 677 1 1
0 5 680 1 1
0 10 674 1 1
0 3 678 1 1
0 4 679 1 1
0 9 673 1 1
0 6 681 1 1
0 8 672 1 1
0 1 676 1 1
0 10 676 1 1
0 7 676 1 1
0 9 676 1 1
0 6 676 1 1
0 8 676 1 1
0 5 676 1 1
0 4 676 1 1
0 3 676 1 1
0 2 676 1 1
0 1 676 1 1
0 2 675 1 1
0 11 677 1 1
0 9 679 1 1
0 10 678 1 1
0 4 673 1 1
0 8 680 1 1
0 5 672 1 1
0 3 674 1 1
0 1 676 1 1
0 7 681 1 1
0 7 674 1 1
0 9 676 1 1
0 2 680 1 1
0 10 677 1 1
0 1 679 1 1
0 3 681 1 1
0 8 675 1 1
0 6 673 1 1
0 5 672 1 1
0 12 678 1 1
0 3 679 1 1
0 1 679 1 1
0 6 679 1 1
0 7 679 1 1
0 4 679 1 1
0 5 679 1 1
0 10 679 1 1
0 8 679 1 1
0 2 679 1 1
0 9 679 1 1
0 3 683 1 1
0 5 685 1 1
0 6 686 1 1
0 4 684 1 1
0 7 687 1 1
0 9 689 1 1
0 12 680 1 1
0 8 688 1 1
0 2 682 1 1
0 1 681 1 1
0 2 681 1 1
0 3 681 1 1
0 4 681 1 1
0 5 681 1 1
0 8 681 1 1
0 6 681 1 1
0 9 681 1 1
0 7 681 1 1
0 10 681 1 1
0 1 681 1 1
0 7 686 1 1
0 9 684 1 1
0 6 687 1 1
0 10 683 1 1
0 11 682 1 1
0 1 681 1 1
0 4 689 1 1
0 5 688 1 1
0 2 680 1 1
0 8 685 1 1
0 12 683 1 1
0 2 685 1 1
0 5 688 1 1
0 10 682 1 1
0 3 686 1 1
0 4 687 1 1
0 9 681 1 1
0 6 689 1 1
0 8 680 1 1
0 1 684 1 1
0 10 684 1 1
0 7 684 1 1
0 9 684 1 1
0 6 684 1 1
0 8 684 1 1
0 5 684 1 1
0 4 684 1 1
0 3 684 1 1
0 2 684 1 1
0 1 684 1 1
0 2 683 1 1
0 11 685 1 1
0 9 687 1 1
0 10 686 1 1
0 4 681 1 1
0 8 688 1 1
0 5 680 1 1
0 3 682 1 1
0 1 684 1 1
0 7 689 1 1
0 7 682 1 1
0 9 684 1 1
0 2 688 1 1
0 10 685 1 1
0 1 687 1 1
0 3 689 1 1
0 8 683 1 1
0 6 681 1 1
0 5 680 1 1
0 12 686 1 1
0 3 687 1 1
0 1 687 1 1
0 6 687 1 1
0 7 687 1 1
0 4 687 1 1
0 5 687 1 1
0 10 687 1 1
0 8 687 1 1
0 2 687 1 1
0 9 687 1 1
0 3 691 1 1
0 5 693 1 1
0 6 694 1 1
0 4 692 1 1
0 7 695 1 1
0 9 697 1 1
0 12 688 1 1
0 8 696 1 1
0 2 690 1 1
0 1 689 1 1
0 2 689 1 1
0 3 689 1 1
0 4 689 1 1
0 5 689 1 1
0 8 689 1 1
0 6 689 1 1
0 9 689 1 1
0 7 689 1 1
0 10 689 1 1
0 1 689 1 1
0 7 694 1 1
0 9 692 1 1
0 6 695 1 1
0 10 691 1 1
0 11 690 1 1
0 1 689 1 1
0 4 697 1 1
0 5 696 1 1
0 2 688 1 1
0 8 693 1 1
0 12 691 1 1
0 2 693 1 1
0 5 696 1 1
0 10 690 1 1
0 3 694 1 1
0 4 695 1 1
0 9 689 1 1
0 6 697 1 1
0 8 688 1 1
0 1 692 1 1
0 10 692 1 1
0 7 692 1 1
0 9 692 1 1
0 6 692 1 1
0 8 692 1 1
0 5 692 1 1
0 4 692 1 1
0 3 692 1 1
0 2 692 1 1
0 1 692 1 1
0 2 691 1 1
0 11 693 1 1
0 9 695 1 1
0 10 694 1 1
0 4 689 1 1
0 8 696 1 1
0 5 688 1 1
0 3 690 1 1
0 1 692 1 1
0 7 697 1 1
0 7 690 1 1
0 9 692 1 1
0 2 696 1 1
0 10 693 1 1
0 1 695 1 1
0 3 697 1 1
0 8 691 1 1
0 6 689 1 1
0 5 688 1 1
0 12 694 1 1
0 3 695 1 1
0 1 695 1 1
0 6 695 1 1
0 7 695 1 1
0 4 695 1 1
0 5 695 1 1
0 10 695 1 1
0 8 695 1 1
0 2 695 1 1
0 9 695 1 1
0 3 699 1 1
0 5 701 1 1
0 6 702 1 1
0 4 700 1 1
0 7 703 1 1
0 9 705 1 1
0 12 696 1 1
0 8 704 1 1
0 2 698 1 1
0 1 697 1 1
0 2 697 1 1
0 3 697 1 1
0 4 697 1 1
0 5 697 1 1
0 8 697 1 1
0 6 697 1 1
0 9 697 1 1
0 7 697 1 1
0 10 697 1 1
0 1 697 1 1
0 7 702 1 1
0 9 700 1 1
0 6 703 1 1
0 10 699 1 1
0 11 698 1 1
0 1 697 1 1
0 4 705 1 1
0 5 704 1 1
0 2 696 1 1
0 8 701 1 1
0 12 699 1 1
0 2 701 1 1
0 5 704 1 1
0 10 698 1 1
0 3 702 1 1
0 4 703 1 1
0 9 697 1 1
0 6 705 1 1
0 8 696 1 1
0 1 700 1 1
0 10 700 1 1
0 7 700 1 1
0 9 700 1 1
0 6 700 1 1
0 8 700 1 1
0 5 700 1 1
0 4 700 1 1
0 3 700 1 1
0 2 700 1 1
0 1 700 1 1
0 2 699 1 1
0 11 701 1 1
0 9 703 1 1
0 10 702 1 1
0 4 697 1 1
0 8 704 1 1
0 5 696 1 1
0 3 698 1 1
0 1 700 1 1
0 7 705 1 1
0 7 698 1 1
0 9 700 1 1
0 2 704 1 1
0 10 701 1 1
0 1 703 1 1
0 3 705 1 1
0 8 699 1 1
0 6 697 1 1
0 5 696 1 1
0 12 702 1 1
0 3 703 1 1
0 1 703 1 1
0 6 703 1 1
0 7 703 1 1
0 4 703 1 1
0 5 703 1 1
0 10 703 1 1
0 8 703 1 1
0 2 703 1 1
0 9 703 1 1
0 3 707 1 1
0 5 709 1 1
0 6 710 1 1
0 4 708 1 1
0 7 711 1 1
0 9 713 1 1
0 12 704 1 1
0 8 712 1 1
0 2 706 1 1
0 1 705 1 1
0 2 705 1 1
0 3 705 1 1
0 4 705 1 1
0 5 705 1 1
0 8 705 1 1
0 6 705 1 1
0 9 705 1 1
0 7 705 1 1
0 10 705 1 1
0 1 705 1 1
0 7 710 1 1
0 9 708 1 1
0 6 711 1 1
0 10 707 1 1
0 11 706 1 1
0 1 705 1 1
0 4 713 1 1
0 5 712 1 1
0 2 704 1 1
0 8 709 1 1
0 12 707 1 1
0 2 709 1 1
0 5 712 1 1
0 10 706 1 1
0 3 710 1 1
0 4 711 1 1
0 9 705 1 1
0 6 713 1 1
0 8 704 1 1
0 1 708 1 1
0 10 708 1 1
0 7 708 1 1
0 9 708 1 1
0 6 708 1 1
0 8 708 1 1
0 5 708 1 1
0 4 708 1 1
0 3 708 1 1
0 2 708 1 1
0 1 708 1 1
0 2 707 1 1
0 11 709 1 1
0 9 711 1 1
0 10 710 1 1
0 4 705 1 1
0 8 712 1 1
0 5 704 1 1
0 3 706 1 1
0 1 708 1 1
0 7 713 1 1
0 7 706 1 1
0 9 708 1 1
0 2 712 1 1
0 10 709 1 1
0 1 711 1 1
0 3 713 1 1
0 8 707 1 1
0 6 705 1 1
0 5 704 1 1
0 12 710 1 1
0 3 711 1 1
0 1 711 1 1
0 6 711 1 1
0 7 711 1 1
0 4 711 1 1
0 5 711 1 1
0 10 711 1 1
0 8 711 1 1
0 2 711 1 1
0 9 711 1 1
0 3 715 1 1
0 5 717 1 1
0 6 718 1 1
0 4 716 1 1
0 7 719 1 1
0 9 721 1 1
0 12 712 1 1
0 8 720 1 1
0 2 714 1 1
0 1 713 1 1
0 2 713 1 1
0 3 713 1 1
0 4 713 1 1
0 5 713 1 1
0 8 713 1 1
0 6 713 1 1
0 9 713 1 1
0 7 713 1 1
0 10 713 1 1
0 1 713 1 1
0 7 718 1 1
0 9 716 1 1
0 6 719 1 1
0 10 715 1 1
0 11 714 1 1
0 1 713 1 1
0 4 721 1 1
0 5 720 1 1
0 2 712 1 1
0 8 717 1 1
0 12 715 1 1
0 2 717 1 1
0 5 720 1 1
0 10 714 1 1
0 3 718 1 1
0 4 719 1 1
0 9 713 1 1
0 6 721 1 1
0 8 712 1 1
0 1 716 1 1
0 10 716 1 1
0 7 716 1 1
0 9 716 1 1
0 6 716 1 1
0 8 716 1 1
0 5 716 1 1
0 4 716 1 1
0 3 716 1 1
0 2 716 1 1
0 1 716 1 1
0 2 715 1 1
0 11 717 1 1
0 9 719 1 1
0 10 718 1 1
0 4 713 1 1
0 8 720 1 1
0 5 712 1 1
0 3 714 1 1
0 1 716 1 1
0 7 721 1 1
0 7 714 1 1
0 9 716 1 1
0 2 720 1 1
0 10 717 1 1
0 1 719 1 1
0 3 721 1 1
0 8 715 1 1
0 6 713 1 1
0 5 712 1 1
0 12 718 1 1
0 3 719 1 1
0 1 719 1 1
0 6 719 1 1
0 7 719 1 1
0 4 719 1 1
0 5 719 1 1
0 10 719 1 1
0 8 719 1 1
0 2 719 1 1
0 9 719 1 1
0 3 723 1 1
0 5 725 1 1
0 6 726 1 1
0 4 724 1 1
0 7 727 1 1
0 9 729 1 1
0 12 720 1 1
0 8 728 1 1
0 2 722 1 1
0 1 721 1 1
0 2 721 1 1
0 3 721 1 1
0 4 721 1 1
0 5 721 1 1
0 8 721 1 1
0 6 721 1 1
0 9 721 1 1
0 7 721 1 1
0 10 721 1 1
0 1 721 1 1
0 7 726 1 1
0 9 724 1 1
0 6 727 1 1
0 10 723 1 1
0 11 722 1 1
0 1 721 1 1
0 4 729 1 1
0 5 728 1 1
0 2 720 1 1
0 8 725 1 1
0 12 723 1 1
0 2 725 1 1
0 5 728 1 1
0 10 722 1 1
0 3 726 1 1
0 4 727 1 1
0 9 721 1 1
0 6 729 1 1
0 8 720 1 1
0 1 724 1 1
0 10 724 1 1
0 7 724 1 1
0 9 724 1 1
0 6 724 1 1
0 8 724 1 1
0 5 724 1 1
0 4 724 1 1
0 3 724 1 1
0 2 724 1 1
0 1 724 1 1
0 2 723 1 1
0 11 725 1 1
0 9 727 1 1
0 10 726 1 1
0 4 721 1 1
0 8 728 1 1
0 5 720 1 1
0 3 722 1 1
0 1 724 1 1
0 7 729 1 1
0 7 722 1 1
0 9 724 1 1
0 2 728 1 1
0 10 725 1 1
0 1 727 1 1
0 3 729 1 1
0 8 723 1 1
0 6 721 1 1
0 5 720 1 1
0 12 726 1 1
0 3 727 1 1
0 1 727 1 1
0 6 727 1 1
0 7 727 1 1
0 4 727 1 1
0 5 727 1 1
0 10 727 1 1
0 8 727 1 1
0 2 727 1 1
0 9 727 1 1
0 3 731 1 1
0 5 733 1 1
0 6 734 1 1
0 4 732 1 1
0 7 735 1 1
0 9 737 1 1
0 12 728 1 1
0 8 736 1 1
0 2 730 1 1
0 1 729 1 1
0 2 729 1 1
0 3 729 1 1
0 4 729 1 1
0 5 729 1 1
0 8 729 1 1
0 6 729 1 1
0 9 729 1 1
0 7 729 1 1
0 10 729 1 1
0 1 729 1 1
0 7 734 1 1
0 9 732 1 1
0 6 735 1 1
0 10 731 1 1
0 11 730 1 1
0 1 729 1 1
0 4 737 1 1
0 5 736 1 1
0 2 728 1 1
0 8 733 1 1
0 12 731 1 1
0 2 733 1 1
0 5 736 1 1
0 10 730 1 1
0 3 734 1 1
0 4 735 1 1
0 9 729 1 1
0 6 737 1 1
0 8 728 1 1
0 1 732 1 1
0 10 732 1 1
0 7 732 1 1
0 9 732 1 1
0 6 732 1 1
0 8 732 1 1
0 5 732 1 1
0 4 732 1 1
0 3 732 1 1
0 2 732 1 1
0 1 732 1 1
0 2 731 1 1
0 11 733 1 1
0 9 735 1 1
0 10 734 1 1
0 4 729 1 1
0 8 736 1 1
0 5 728 1 1
0 3 730 1 1
0 1 732 1 1
0 7 737 1 1
0 7 730 1 1
0 9 732 1 1
0 2 736 1 1
0 10 733 1 1
0 1 735 1 1
0 3 737 1 1
0 8 731 1 1
0 6 729 1 1
0 5 728 1 1
0 12 734 1 1
0 3 735 1 1
0 1 735 1 1
0 6 735 1 1
0 7 735 1 1
0 4 735 1 1
0 5 735 1 1
0 10 735 1 1
0 8 735 1 1
0 2 735 1 1
0 9 735 1 1
0 3 739 1 1
0 5 741 1 1
0 6 742 1 1
0 4 740 1 1
0 7 743 1 1
0 9 745 1 1
0 12 736 1 1
0 8 744 1 1
0 2 738 1 1
0 1 737 1 1
0 2 737 1 1
0 3 737 1 1
0 4 737 1 1
0 5 737 1 1
0 8 737 1 1
0 6 737 1 1
0 9 737 1 1
0 7 737 1 1
0 10 737 1 1
0 1 737 1 1
0 7 742 1 1
0 9 740 1 1
0 6 743 1 1
0 10 739 1 1
0 11 738 1 1
0 1 737 1 1
0 4 745 1 1
0 5 744 1 1
0 2 736 1 1
0 8 741 1 1
0 12 739 1 1
0 2 741 1 1
0 5 744 1 1
0 10 738 1 1
0 3 742 1 1
0 4 743 1 1
0 9 737 1 1
0 6 745 1 1
0 8 736 1 1
0 1 740 1 1
0 10 740 1 1
0 7 740 1 1
0 9 740 1 1
0 6 740 1 1
0 8 740 1 1
0 5 740 1 1
0 4 740 1 1
0 3 740 1 1
0 2 740 1 1
0 1 740 1 1
0 2 739 1 1
0 11 741 1 1
0 9 743 1 1
0 10 742 1 1
0 4 737 1 1
0 8 744 1 1
0 5 736 1 1
0 3 738 1 1
0 1 740 1 1
0 7 745 1 1
0 7 738 1 1
0 9 740 1 1
0 2 744 1 1
0 10 741 1 1
0 1 743 1 1
0 3 745 1 1
0 8 739 1 1
0 6 737 1 1
0 5 736 1 1
0 12 742 1 1
0 3 743 1 1
0 1 743 1 1
0 6 743 1 1
0 7 743 1 1
0 4 743 1 1
0 5 743 1 1
0 10 743 1 1
0 8 743 1 1
0 2 743 1 1
0 9 743 1 1
0 3 747 1 1
0 5 749 1 1
0 6 750 1 1
0 4 748 1 1
0 7 751 1 1
0 9 753 1 1
0 12 744 1 1
0 8 752 1 1
0 2 746 1 1
0 1 745 1 1
0 2 745 1 1
0 3 745 1 1
0 4 745 1 1
0 5 745 1 1
0 8 745 1 1
0 6 745 1 1
0 9 745 1 1
0 7 745 1 1
0 10 745 1 1
0 1 745 1 1
0 7 750 1 1
0 9 748 1 1
0 6 751 1 1
0 10 747 1 1
0 11 746 1 1
0 1 745 1 1
0 4 753 1 1
0 5 752 1 1
0 2 744 1 1
0 8 749 1 1
0 12 747 1 1
0 2 749 1 1
0 5 752 1 1
0 10 746 1 1
0 3 750 1 1
0 4 751 1 1
0 9 745 1 1
0 6 753 1 1
0 8 744 1 1
0 1 748 1 1
0 10 748 1 1
0 7 748 1 1
0 9 748 1 1
0 6 748 1 1
0 8 748 1 1
0 5 748 1 1
0 4 748 1 1
0 3 748 1 1
0 2 748 1 1
0 1 748 1 1
0 2 747 1 1
0 11 749 1 1
0 9 751 1 1
0 10 750 1 1
0 4 745 1 1
0 8 752 1 1
0 5 744 1 1
0 3 746 1 1
0 1 748 1 1
0 7 753 1 1
0 7 746 1 1
0 9 748 1 1
0 2 752 1 1
0 10 749 1 1
0 1 751 1 1
0 3 753 1 1
0 8 747 1 1
0 6 745 1 1
0 5 744 1 1
0 12 750 1 1
0 3 751 1 1
0 1 751 1 1
0 6 751 1 1
0 7 751 1 1
0 4 751 1 1
0 5 751 1 1
0 10 751 1 1
0 8 751 1 1
0 2 751 1 1
0 9 751 1 1
0 3 755 1 1
0 5 757 1 1
0 6 758 1 1
0 4 756 1 1
0 7 759 1 1
0 9 761 1 1
0 12 752 1 1
0 8 760 1 1
0 2 754 1 1
0 1 753 1 1
0 2 753 1 1
0 3 753 1 1
0 4 753 1 1
0 5 753 1 1
0 8 753 1 1
0 6 753 1 1
0 9 753 1 1
0 7 753 1 1
0 10 753 1 1
0 1 753 1 1
0 7 758 1 1
0 9 756 1 1
0 6 759 1 1
0 10 755 1 1
0 11 754 1 1
0 1 753 1 1
0 4 761 1 1
0 5 760 1 1
0 2 752 1 1
0 8 757 1 1
0 12 755 1 1
0 2 757 1 1
0 5 760 1 1
0 10 754 1 1
0 3 758 1 1
0 4 759 1 1
0 9 753 1 1
0 6 761 1 1
0 8 752 1 1
0 1 756 1 1
0 10 756 1 1
0 7 756 1 1
0 9 756 1 1
0 6 756 1 1
0 8 756 1 1
0 5 756 1 1
0 4 756 1 1
0 3 756 1 1
0 2 756 1 1
0 1 756 1 1
0 2 755 1 1
0 11 757 1 1
0 9 759 1 1
0 10 758 1 1
0 4 753 1 1
0 8 760 1 1
0 5 752 1 1
0 3 754 1 1
0 1 756 1 1
0 7 761 1 1
0 7 754 1 1
0 9 756 1 1
0 2 760 1 1
0 10 757 1 1
0 1 759 1 1
0 3 761 1 1
0 8 755 1 1
0 6 753 1 1
0 5 752 1 1
0 12 758 1 1
0 3 759 1 1
0 1 759 1 1
0 6 759 1 1
0 7 759 1 1
0 4 759 1 1
0 5 759 1 1
0 10 759 1 1
0 8 759 1 1
0 2 759 1 1
0 9 759 1 1
0 3 763 1 1
0 5 765 1 1
0 6 766 1 1
0 4 764 1 1
0 7 767 1 1
0 9 769 1 1
0 12 760 1 1
0 8 768 1 1
0 2 762 1 1
0 1 761 1 1
0 2 761 1 1
0 3 761 1 1
0 4 761 1 1
0 5 761 1 1
0 8 761 1 1
0 6 761 1 1
0 9 761 1 1
0 7 761 1 1
0 10 761 1 1
0 1 761 1 1
0 7 766 1 1
0 9 764 1 1
0 6 767 1 1
0 10 763 1 1
0 11 762 1 1
0 1 761 1 1
0 4 769 1 1
0 5 768 1 1
0 2 760 1 1
0 8 765 1 1
0 12 763 1 1
0 2 765 1 1
0 5 768 1 1
0 10 762 1 1
0 3 766 1 1
0 4 767 1 1
0 9 761 1 1
0 6 769 1 1
0 8 760 1 1
0 1 764 1 1
0 10 764 1 1
0 7 764 1 1
0 9 764 1 1
0 6 764 1 1
0 8 764 1 1
0 5 764 1 1
0 4 764 1 1
0 3 764 1 1
0 2 764 1 1
0 1 764 1 1
0 2 763 1 1
0 11 765 1 1
0 9 767 1 1
0 10 766 1 1
0 4 761 1 1
0 8 768 1 1
0 5 760 1 1
0 3 762 1 1
0 1 764 1 1
0 7 769 1 1
0 7 762 1 1
0 9 764 1 1
0 2 768 1 1
0 10 765 1 1
0 1 767 1 1
0 3 769 1 1
0 8 763 1 1
0 6 761 1 1
0 5 760 1 1
0 12 766 1 1
0 3 767 1 1
0 1 767 1 1
0 6 767 1 1
0 7 767 1 1
0 4 767 1 1
0 5 767 1 1
0 10 767 1 1
0 8 767 1 1
0 2 767 1 1
0 9 767 1 1
0 3 771 1 1
0 5 773 1 1
0 6 774 1 1
0 4 772 1 1
0 7 775 1 1
0 9 777 1 1
0 12 768 1 1
0 8 776 1 1
0 2 770 1 1
0 1 769 1 1
0 2 769 1 1
0 3 769 1 1
0 4 769 1 1
0 5 769 1 1
0 8 769 1 1
0 6 769 1 1
0 9 769 1 1
0 7 769 1 1
0 10 769 1 1
0 1 769 1 1
0 7 774 1 1
0 9 772 1 1
0 6 775 1 1
0 10 771 1 1
0 11 770 1 1
0 1 769 1 1
0 4 777 1 1
0 5 776 1 1
0 2 768 1 1
0 8 773 1 1
0 12 771 1 1
0 2 773 1 1
0 5 776 1 1
0 10 770 1 1
0 3 774 1 1
0 4 775 1 1
0 9 769 1 1
0 6 777 1 1
0 8 768 1 1
0 1 772 1 1
0 10 772 1 1
0 7 772 1 1
0 9 772 1 1
0 6 772 1 1
0 8 772 1 1
0 5 772 1 1
0 4 772 1 1
0 3 772 1 1
0 2 772 1 1
0 1 772 1 1
0 2 771 1 1
0 11 773 1 1
0 9 775 1 1
0 10 774 1 1
0 4 769 1 1
0 8 776 1 1
0 5 768 1 1
0 3 770 1 1
0 1 772 1 1
0 7 777 1 1
0 7 770 1 1
0 9 772 1 1
0 2 776 1 1
0 10 773 1 1
0 1 775 1 1
0 3 777 1 1
0 8 771 1 1
0 6 769 1 1
0 5 768 1 1
0 12 774 1 1
0 3 775 1 1
0 1 775 1 1
0 6 775 1 1
0 7 775 1 1
0 4 775 1 1
0 5 775 1 1
0 10 775 1 1
0 8 775 1 1
0 2 775 1 1
0 9 775 1 1
0 3 779 1 1
0 5 781 1 1
0 6 782 1 1
0 4 780 1 1
0 7 783 1 1
0 9 785 1 1
0 12 776 1 1
0 8 784 1 1
0 2 778 1 1
0 1 777 1 1
0 2 777 1 1
0 3 777 1 1
0 4 777 1 1
0 5 777 1 1
0 8 777 1 1
0 6 777 1 1
0 9 777 1 1
0 7 777 1 1
0 10 777 1 1
0 1 777 1 1
0 7 782 1 1
0 9 780 1 1
0 6 783 1 1
0 10 779 1 1
0 11 778 1 1
0 1 777 1 1
0 4 785 1 1
0 5 784 1 1
0 2 776 1 1
0 8 781 1 1
0 12 779 1 1
0 2 781 1 1
0 5 784 1 1
0 10 778 1 1
0 3 782 1 1
0 4 783 1 1
0 9 777 1 1
0 6 785 1 1
0 8 776 1 1
0 1 780 1 1
0 10 780 1 1
0 7 780 1 1
0 9 780 1 1
0 6 780 1 1
0 8 780 1 1
0 5 780 1 1
0 4 780 1 1
0 3 780 1 1
0 2 780 1 1
0 1 780 1 1
0 2 779 1 1
0 11 781 1 1
0 9 783 1 1
0 10 782 1 1
0 4 777 1 1
0 8 784 1 1
0 5 776 1 1
0 3 778 1 1
0 1 780 1 1
0 7 785 1 1
0 7 778 1 1
0 9 780 1 1
0 2 784 1 1
0 10 781 1 1
0 1 783 1 1
0 3 785 1 1
0 8 779 1 1
0 6 777 1 1
0 5 776 1 1
0 12 782 1 1
0 3 783 1 1
0 1 783 1 1
0 6 783 1 1
0 7 783 1 1
0 4 783 1 1
0 5 783 1 1
0 10 783 1 1
0 8 783 1 1
0 2 783 1 1
0 9 783 1 1
0 3 787 1 1
0 5 789 1 1
0 6 790 1 1
0 4 788 1 1
0 7 791 1 1
0 9 793 1 1
0 12 784 1 1
0 8 792 1 1
0 2 786 1 1
0 1 785 1 1
0 2 785 1 1
0 3 785 1 1
0 4 785 1 1
0 5 785 1 1
0 8 785 1 1
0 6 785 1 1
0 9 785 1 1
0 7 785 1 1
0 10 785 1 1
0 1 785 1 1
0 7 790 1 1
0 9 788 1 1
0 6 791 1 1
0 10 787 1 1
0 11 786 1 1
0 1 785 1 1
0 4 793 1 1
0 5 792 1 1
0 2 784 1 1
0 8 789 1 1
0 12 787 1 1
0 2 789 1 1
0 5 792 1 1
0 10 786 1 1
0 3 790 1 1
0 4 791 1 1
0 9 785 1 1
0 6 793 1 1
0 8 784 1 1
0 1 788 1 1
0 10 788 1 1
0 7 788 1 1
0 9 788 1 1
0 6 788 1 1
0 8 788 1 1
0 5 788 1 1
0 4 788 1 1
0 3 788 1 1
0 2 788 1 1
0 1 788 1 1
0 2 787 1 1
0 11 789 1 1
0 9 791 1 1
0 10 790 1 1
0 4 785 1 1
0 8 792 1 1
0 5 784 1 1
0 3 786 1 1
0 1 788 1 1
0 7 793 1 1
0 7 786 1 1
0 9 788 1 1
0 2 792 1 1
0 10 789 1 1
0 1 791 1 1
0 3 793 1 1
0 8 787 1 1
0 6 785 1 1
0 5 784 1 1
0 12 790 1 1
0 3 791 1 1
0 1 791 1 1
0 6 791 1 1
0 7 791 1 1
0 4 791 1 1
0 5 791 1 1
0 10 791 1 1
0 8 791 1 1
0 2 791 1 1
0 9 791 1 1
0 3 795 1 1
0 5 797 1 1
0 6 798 1 1
0 4 796 1 1
0 7 799 1 1
0 9 801 1 1
0 12 792 1 1
0 8 800 1 1
0 2 794 1 1
0 1 793 1 1
0 2 793 1 1
0 3 793 1 1
0 4 793 1 1
0 5 793 1 1
0 8 793 1 1
0 6 793 1 1
0 9 793 1 1
0 7 793 1 1
0 10 793 1 1
0 1 793 1 1
0 7 798 1 1
0 9 796 1 1
0 6 799 1 1
0 10 795 1 1
0 11 794 1 1
0 1 793 1 1
0 4 801 1 1
0 5 800 1 1
0 2 792 1 1
0 8 797 1 1
0 12 795 1 1
0 2 797 1 1
0 5 800 1 1
0 10 794 1 1
0 3 798 1 1
0 4 799 1 1
0 9 793 1 1
0 6 801 1 1
0 8 792 1 1
0 1 796 1 1
0 10 796 1 1
0 7 796 1 1
0 9 796 1 1
0 6 796 1 1
0 8 796 1 1
0 5 796 1 1
0 4 796 1 1
0 3 796 1 1
0 2 796 1 1
0 1 796 1 1
0 2 795 1 1
0 11 797 1 1
0 9 799 1 1
0 10 798 1 1
0 4 793 1 1
0 8 800 1 1
0 5 792 1 1
0 3 794 1 1
0 1 796 1 1
0 7 801 1 1
0 7 794 1 1
0 9 796 1 1
0 2 800 1 1
0 10 797 1 1
0 1 799 1 1
0 3 801 1 1
0 8 795 1 1
0 6 793 1 1
0 5 792 1 1
0 12 798 1 1
0 3 799 1 1
0 1 799 1 1
0 6 799 1 1
0 7 799 1 1
0 4 799 1 1
0 5 799 1 1
0 10 799 1 1
0 8 799 1 1
0 2 799 1 1
0 9 799 1 1
