0 3 3 1 1
0 5 5 1 1
0 6 6 1 1
0 4 4 1 1
0 7 7 1 1
0 9 9 1 1
0 11 0 1 1
0 8 8 1 1
0 2 2 1 1
0 1 1 1 1
0 3 12 1 1
0 5 14 1 1
0 6 15 1 1
0 4 13 1 1
0 7 16 1 1
0 9 18 1 1
0 11 9 1 1
0 8 17 1 1
0 2 11 1 1
0 1 10 1 1
0 1 9 1 1
0 6 15 1 1
0 8 13 1 1
0 7 14 1 1
0 3 18 1 1
0 10 11 1 1
0 9 12 1 1
0 5 16 1 1
0 4 17 1 1
0 9 13 1 1
0 7 15 1 1
0 2 9 1 1
0 10 12 1 1
0 6 16 1 1
0 4 18 1 1
0 5 17 1 1
0 1 10 1 1
0 8 14 1 1
0 1 13 1 1
0 11 17 1 1
0 5 17 1 1
0 10 11 1 1
0 3 15 1 1
0 4 16 1 1
0 9 10 1 1
0 6 18 1 1
0 8 9 1 1
0 2 14 1 1
0 10 13 1 1
0 7 13 1 1
0 9 13 1 1
0 6 13 1 1
0 8 13 1 1
0 5 13 1 1
0 4 13 1 1
0 3 13 1 1
0 2 13 1 1
0 1 13 1 1
0 7 18 1 1
0 2 12 1 1
0 10 15 1 1
0 4 10 1 1
0 8 17 1 1
0 3 11 1 1
0 5 9 1 1
0 1 13 1 1
0 9 16 1 1
0 7 11 1 1
0 10 14 1 1
0 9 13 1 1
0 2 17 1 1
0 1 16 1 1
0 11 14 1 1
0 3 18 1 1
0 8 12 1 1
0 5 9 1 1
0 6 10 1 1
0 3 16 1 1
0 1 16 1 1
0 6 16 1 1
0 7 16 1 1
0 4 16 1 1
0 5 16 1 1
0 10 16 1 1
0 8 16 1 1
0 2 16 1 1
0 9 16 1 1
0 6 11 1 1
0 1 16 1 1
0 4 13 1 1
0 10 18 1 1
0 2 15 1 1
0 3 14 1 1
0 7 10 1 1
0 8 9 1 1
0 5 12 1 1
0 3 19 1 1
0 5 21 1 1
0 6 22 1 1
0 4 20 1 1
0 7 23 1 1
0 9 25 1 1
0 11 16 1 1
0 8 24 1 1
0 2 18 1 1
0 1 17 1 1
0 2 17 1 1
0 3 17 1 1
0 4 17 1 1
0 5 17 1 1
0 8 17 1 1
0 6 17 1 1
0 9 17 1 1
0 7 17 1 1
0 10 17 1 1
0 1 17 1 1
0 9 20 1 1
0 7 22 1 1
0 2 16 1 1
0 10 19 1 1
0 6 23 1 1
0 4 25 1 1
0 5 24 1 1
0 1 17 1 1
0 8 21 1 1
0 1 20 1 1
0 11 24 1 1
0 5 24 1 1
0 10 18 1 1
0 3 22 1 1
0 4 23 1 1
0 9 17 1 1
0 6 25 1 1
0 8 16 1 1
0 2 21 1 1
0 10 20 1 1
0 7 20 1 1
0 9 20 1 1
0 6 20 1 1
0 8 20 1 1
0 5 20 1 1
0 4 20 1 1
0 3 20 1 1
0 2 20 1 1
0 1 20 1 1
0 7 25 1 1
0 2 19 1 1
0 10 22 1 1
0 4 17 1 1
0 8 24 1 1
0 3 18 1 1
0 5 16 1 1
0 1 20 1 1
0 9 23 1 1
0 7 18 1 1
0 10 21 1 1
0 9 20 1 1
0 2 24 1 1
0 1 23 1 1
0 11 21 1 1
0 3 25 1 1
0 8 19 1 1
0 5 16 1 1
0 6 17 1 1
0 3 23 1 1
0 1 23 1 1
0 6 23 1 1
0 7 23 1 1
0 4 23 1 1
0 5 23 1 1
0 10 23 1 1
0 8 23 1 1
0 2 23 1 1
0 9 23 1 1
0 3 21 1 1
0 5 23 1 1
0 6 24 1 1
0 4 22 1 1
0 7 25 1 1
0 9 27 1 1
0 11 18 1 1
0 8 26 1 1
0 2 20 1 1
0 1 19 1 1
0 1 18 1 1
0 6 24 1 1
0 8 22 1 1
0 7 23 1 1
0 3 27 1 1
0 10 20 1 1
0 9 21 1 1
0 5 25 1 1
0 4 26 1 1
0 9 22 1 1
0 7 24 1 1
0 2 18 1 1
0 10 21 1 1
0 6 25 1 1
0 4 27 1 1
0 5 26 1 1
0 1 19 1 1
0 8 23 1 1
0 1 22 1 1
0 11 26 1 1
0 5 26 1 1
0 10 20 1 1
0 3 24 1 1
0 4 25 1 1
0 9 19 1 1
0 6 27 1 1
0 8 18 1 1
0 2 23 1 1
0 10 22 1 1
0 7 22 1 1
0 9 22 1 1
0 6 22 1 1
0 8 22 1 1
0 5 22 1 1
0 4 22 1 1
0 3 22 1 1
0 2 22 1 1
0 1 22 1 1
0 7 27 1 1
0 2 21 1 1
0 10 24 1 1
0 4 19 1 1
0 8 26 1 1
0 3 20 1 1
0 5 18 1 1
0 1 22 1 1
0 9 25 1 1
0 3 23 1 1
0 5 25 1 1
0 6 26 1 1
0 4 24 1 1
0 7 27 1 1
0 9 29 1 1
0 11 20 1 1
0 8 28 1 1
0 2 22 1 1
0 1 21 1 1
0 1 20 1 1
0 6 26 1 1
0 8 24 1 1
0 7 25 1 1
0 3 29 1 1
0 10 22 1 1
0 9 23 1 1
0 5 27 1 1
0 4 28 1 1
0 9 24 1 1
0 7 26 1 1
0 2 20 1 1
0 10 23 1 1
0 6 27 1 1
0 4 29 1 1
0 5 28 1 1
0 1 21 1 1
0 8 25 1 1
0 1 24 1 1
0 11 28 1 1
0 5 28 1 1
0 10 22 1 1
0 3 26 1 1
0 4 27 1 1
0 9 21 1 1
0 6 29 1 1
0 8 20 1 1
0 2 25 1 1
0 10 24 1 1
0 7 24 1 1
0 9 24 1 1
0 6 24 1 1
0 8 24 1 1
0 5 24 1 1
0 4 24 1 1
0 3 24 1 1
0 2 24 1 1
0 1 24 1 1
0 3 28 1 1
0 5 30 1 1
0 6 31 1 1
0 4 29 1 1
0 7 32 1 1
0 9 34 1 1
0 11 25 1 1
0 8 33 1 1
0 2 27 1 1
0 1 26 1 1
0 1 25 1 1
0 6 31 1 1
0 8 29 1 1
0 7 30 1 1
0 3 34 1 1
0 10 27 1 1
0 9 28 1 1
0 5 32 1 1
0 4 33 1 1
0 9 29 1 1
0 7 31 1 1
0 2 25 1 1
0 10 28 1 1
0 6 32 1 1
0 4 34 1 1
0 5 33 1 1
0 1 26 1 1
0 8 30 1 1
0 1 29 1 1
0 11 33 1 1
0 5 33 1 1
0 10 27 1 1
0 3 31 1 1
0 4 32 1 1
0 9 26 1 1
0 6 34 1 1
0 8 25 1 1
0 2 30 1 1
0 10 29 1 1
0 7 29 1 1
0 9 29 1 1
0 6 29 1 1
0 8 29 1 1
0 5 29 1 1
0 4 29 1 1
0 3 29 1 1
0 2 29 1 1
0 1 29 1 1
0 3 57 1 1
0 5 59 1 1
0 6 60 1 1
0 4 58 1 1
0 7 61 1 1
0 9 63 1 1
0 11 54 1 1
0 8 62 1 1
0 2 56 1 1
0 1 55 1 1
0 1 54 1 1
0 6 60 1 1
0 8 58 1 1
0 7 59 1 1
0 3 63 1 1
0 10 56 1 1
0 9 57 1 1
0 5 61 1 1
0 4 62 1 1
0 9 58 1 1
0 7 60 1 1
0 2 54 1 1
0 10 57 1 1
0 6 61 1 1
0 4 63 1 1
0 5 62 1 1
0 1 55 1 1
0 8 59 1 1
0 1 58 1 1
0 11 62 1 1
0 5 62 1 1
0 10 56 1 1
0 3 60 1 1
0 4 61 1 1
0 9 55 1 1
0 6 63 1 1
0 8 54 1 1
0 2 59 1 1
0 10 58 1 1
0 7 58 1 1
0 9 58 1 1
0 6 58 1 1
0 8 58 1 1
0 5 58 1 1
0 4 58 1 1
0 3 58 1 1
0 2 58 1 1
0 1 58 1 1
0 7 63 1 1
0 2 57 1 1
0 10 60 1 1
0 4 55 1 1
0 8 62 1 1
0 3 56 1 1
0 5 54 1 1
0 1 58 1 1
0 9 61 1 1
0 7 56 1 1
0 10 59 1 1
0 9 58 1 1
0 2 62 1 1
0 1 61 1 1
0 11 59 1 1
0 3 63 1 1
0 8 57 1 1
0 5 54 1 1
0 6 55 1 1
0 3 61 1 1
0 1 61 1 1
0 6 61 1 1
0 7 61 1 1
0 4 61 1 1
0 5 61 1 1
0 10 61 1 1
0 8 61 1 1
0 2 61 1 1
0 9 61 1 1
0 6 56 1 1
0 1 61 1 1
0 4 58 1 1
0 10 63 1 1
0 2 60 1 1
0 3 59 1 1
0 7 55 1 1
0 8 54 1 1
0 5 57 1 1
0 3 38 1 1
0 5 40 1 1
0 6 41 1 1
0 4 39 1 1
0 7 42 1 1
0 9 44 1 1
0 11 35 1 1
0 8 43 1 1
0 2 37 1 1
0 1 36 1 1
0 1 35 1 1
0 6 41 1 1
0 8 39 1 1
0 7 40 1 1
0 3 44 1 1
0 10 37 1 1
0 9 38 1 1
0 5 42 1 1
0 4 43 1 1
0 9 39 1 1
0 7 41 1 1
0 2 35 1 1
0 10 38 1 1
0 6 42 1 1
0 4 44 1 1
0 5 43 1 1
0 1 36 1 1
0 8 40 1 1
0 1 39 1 1
0 11 43 1 1
0 5 43 1 1
0 10 37 1 1
0 3 41 1 1
0 4 42 1 1
0 9 36 1 1
0 6 44 1 1
0 8 35 1 1
0 2 40 1 1
0 10 39 1 1
0 7 39 1 1
0 9 39 1 1
0 6 39 1 1
0 8 39 1 1
0 5 39 1 1
0 4 39 1 1
0 3 39 1 1
0 2 39 1 1
0 1 39 1 1
0 3 11 1 1
0 5 13 1 1
0 6 14 1 1
0 4 12 1 1
0 7 15 1 1
0 9 17 1 1
0 11 8 1 1
0 8 16 1 1
0 2 10 1 1
0 1 9 1 1
0 3 30 1 1
0 5 32 1 1
0 6 33 1 1
0 4 31 1 1
0 7 34 1 1
0 9 36 1 1
0 11 27 1 1
0 8 35 1 1
0 2 29 1 1
0 1 28 1 1
0 2 28 1 1
0 3 28 1 1
0 4 28 1 1
0 5 28 1 1
0 8 28 1 1
0 6 28 1 1
0 9 28 1 1
0 7 28 1 1
0 10 28 1 1
0 1 28 1 1
0 9 31 1 1
0 7 33 1 1
0 2 27 1 1
0 10 30 1 1
0 6 34 1 1
0 4 36 1 1
0 5 35 1 1
0 1 28 1 1
0 8 32 1 1
0 3 53 1 1
0 5 55 1 1
0 6 56 1 1
0 4 54 1 1
0 7 57 1 1
0 9 59 1 1
0 11 50 1 1
0 8 58 1 1
0 2 52 1 1
0 1 51 1 1
0 1 50 1 1
0 6 56 1 1
0 8 54 1 1
0 7 55 1 1
0 3 59 1 1
0 10 52 1 1
0 9 53 1 1
0 5 57 1 1
0 4 58 1 1
0 9 54 1 1
0 7 56 1 1
0 2 50 1 1
0 10 53 1 1
0 6 57 1 1
0 4 59 1 1
0 5 58 1 1
0 1 51 1 1
0 8 55 1 1
0 1 54 1 1
0 11 58 1 1
0 5 58 1 1
0 10 52 1 1
0 3 56 1 1
0 4 57 1 1
0 9 51 1 1
0 6 59 1 1
0 8 50 1 1
0 2 55 1 1
0 10 54 1 1
0 7 54 1 1
0 9 54 1 1
0 6 54 1 1
0 8 54 1 1
0 5 54 1 1
0 4 54 1 1
0 3 54 1 1
0 2 54 1 1
0 1 54 1 1
0 3 102 1 1
0 5 104 1 1
0 6 105 1 1
0 4 103 1 1
0 7 106 1 1
0 9 108 1 1
0 11 99 1 1
0 8 107 1 1
0 2 101 1 1
0 1 100 1 1
0 1 99 1 1
0 6 105 1 1
0 8 103 1 1
0 7 104 1 1
0 3 108 1 1
0 10 101 1 1
0 9 102 1 1
0 5 106 1 1
0 4 107 1 1
0 9 103 1 1
0 7 105 1 1
0 2 99 1 1
0 10 102 1 1
0 6 106 1 1
0 4 108 1 1
0 5 107 1 1
0 1 100 1 1
0 8 104 1 1
0 1 103 1 1
0 11 107 1 1
0 5 107 1 1
0 10 101 1 1
0 3 105 1 1
0 4 106 1 1
0 9 100 1 1
0 6 108 1 1
0 8 99 1 1
0 2 104 1 1
0 10 103 1 1
0 7 103 1 1
0 9 103 1 1
0 6 103 1 1
0 8 103 1 1
0 5 103 1 1
0 4 103 1 1
0 3 103 1 1
0 2 103 1 1
0 1 103 1 1
0 7 108 1 1
0 2 102 1 1
0 10 105 1 1
0 4 100 1 1
0 8 107 1 1
0 3 101 1 1
0 5 99 1 1
0 1 103 1 1
0 9 106 1 1
0 7 101 1 1
0 10 104 1 1
0 9 103 1 1
0 2 107 1 1
0 1 106 1 1
0 11 104 1 1
0 3 108 1 1
0 8 102 1 1
0 5 99 1 1
0 6 100 1 1
0 3 106 1 1
0 1 106 1 1
0 6 106 1 1
0 7 106 1 1
0 4 106 1 1
0 5 106 1 1
0 10 106 1 1
0 8 106 1 1
0 2 106 1 1
0 9 106 1 1
0 6 101 1 1
0 1 106 1 1
0 4 103 1 1
0 10 108 1 1
0 2 105 1 1
0 3 104 1 1
0 7 100 1 1
0 8 99 1 1
0 5 102 1 1
0 3 111 1 1
0 5 113 1 1
0 6 114 1 1
0 4 112 1 1
0 7 115 1 1
0 9 117 1 1
0 11 108 1 1
0 8 116 1 1
0 2 110 1 1
0 1 109 1 1
0 1 108 1 1
0 6 114 1 1
0 8 112 1 1
0 7 113 1 1
0 3 117 1 1
0 10 110 1 1
0 9 111 1 1
0 5 115 1 1
0 4 116 1 1
0 9 112 1 1
0 7 114 1 1
0 2 108 1 1
0 10 111 1 1
0 6 115 1 1
0 4 117 1 1
0 5 116 1 1
0 1 109 1 1
0 8 113 1 1
0 1 112 1 1
0 11 116 1 1
0 5 116 1 1
0 10 110 1 1
0 3 114 1 1
0 4 115 1 1
0 9 109 1 1
0 6 117 1 1
0 8 108 1 1
0 2 113 1 1
0 10 112 1 1
0 7 112 1 1
0 9 112 1 1
0 6 112 1 1
0 8 112 1 1
0 5 112 1 1
0 4 112 1 1
0 3 112 1 1
0 2 112 1 1
0 1 112 1 1
0 7 117 1 1
0 2 111 1 1
0 10 114 1 1
0 4 109 1 1
0 8 116 1 1
0 3 110 1 1
0 5 108 1 1
0 1 112 1 1
0 9 115 1 1
0 7 110 1 1
0 10 113 1 1
0 9 112 1 1
0 2 116 1 1
0 1 115 1 1
0 11 113 1 1
0 3 117 1 1
0 8 111 1 1
0 5 108 1 1
0 6 109 1 1
0 3 115 1 1
0 1 115 1 1
0 6 115 1 1
0 7 115 1 1
0 4 115 1 1
0 5 115 1 1
0 10 115 1 1
0 8 115 1 1
0 2 115 1 1
0 9 115 1 1
0 6 110 1 1
0 1 115 1 1
0 4 112 1 1
0 10 117 1 1
0 2 114 1 1
0 3 113 1 1
0 7 109 1 1
0 8 108 1 1
0 5 111 1 1
0 3 42 1 1
0 5 44 1 1
0 6 45 1 1
0 4 43 1 1
0 7 46 1 1
0 9 48 1 1
0 11 39 1 1
0 8 47 1 1
0 2 41 1 1
0 1 40 1 1
0 2 40 1 1
0 3 40 1 1
0 4 40 1 1
0 5 40 1 1
0 8 40 1 1
0 6 40 1 1
0 9 40 1 1
0 7 40 1 1
0 10 40 1 1
0 1 40 1 1
0 9 43 1 1
0 7 45 1 1
0 2 39 1 1
0 10 42 1 1
0 6 46 1 1
0 4 48 1 1
0 5 47 1 1
0 1 40 1 1
0 8 44 1 1
0 3 129 1 1
0 5 131 1 1
0 6 132 1 1
0 4 130 1 1
0 7 133 1 1
0 9 135 1 1
0 11 126 1 1
0 8 134 1 1
0 2 128 1 1
0 1 127 1 1
0 1 126 1 1
0 6 132 1 1
0 8 130 1 1
0 7 131 1 1
0 3 135 1 1
0 10 128 1 1
0 9 129 1 1
0 5 133 1 1
0 4 134 1 1
0 9 130 1 1
0 7 132 1 1
0 2 126 1 1
0 10 129 1 1
0 6 133 1 1
0 4 135 1 1
0 5 134 1 1
0 1 127 1 1
0 8 131 1 1
0 1 130 1 1
0 11 134 1 1
0 5 134 1 1
0 10 128 1 1
0 3 132 1 1
0 4 133 1 1
0 9 127 1 1
0 6 135 1 1
0 8 126 1 1
0 2 131 1 1
0 10 130 1 1
0 7 130 1 1
0 9 130 1 1
0 6 130 1 1
0 8 130 1 1
0 5 130 1 1
0 4 130 1 1
0 3 130 1 1
0 2 130 1 1
0 1 130 1 1
0 7 135 1 1
0 2 129 1 1
0 10 132 1 1
0 4 127 1 1
0 8 134 1 1
0 3 128 1 1
0 5 126 1 1
0 1 130 1 1
0 9 133 1 1
0 7 128 1 1
0 10 131 1 1
0 9 130 1 1
0 2 134 1 1
0 1 133 1 1
0 11 131 1 1
0 3 135 1 1
0 8 129 1 1
0 5 126 1 1
0 6 127 1 1
0 3 133 1 1
0 1 133 1 1
0 6 133 1 1
0 7 133 1 1
0 4 133 1 1
0 5 133 1 1
0 10 133 1 1
0 8 133 1 1
0 2 133 1 1
0 9 133 1 1
0 6 128 1 1
0 1 133 1 1
0 4 130 1 1
0 10 135 1 1
0 2 132 1 1
0 3 131 1 1
0 7 127 1 1
0 8 126 1 1
0 5 129 1 1
0 3 78 1 1
0 5 80 1 1
0 6 81 1 1
0 4 79 1 1
0 7 82 1 1
0 9 84 1 1
0 11 75 1 1
0 8 83 1 1
0 2 77 1 1
0 1 76 1 1
0 1 75 1 1
0 6 81 1 1
0 8 79 1 1
0 7 80 1 1
0 3 84 1 1
0 10 77 1 1
0 9 78 1 1
0 5 82 1 1
0 4 83 1 1
0 9 79 1 1
0 7 81 1 1
0 2 75 1 1
0 10 78 1 1
0 6 82 1 1
0 4 84 1 1
0 5 83 1 1
0 1 76 1 1
0 8 80 1 1
0 1 79 1 1
0 11 83 1 1
0 5 83 1 1
0 10 77 1 1
0 3 81 1 1
0 4 82 1 1
0 9 76 1 1
0 6 84 1 1
0 8 75 1 1
0 2 80 1 1
0 10 79 1 1
0 7 79 1 1
0 9 79 1 1
0 6 79 1 1
0 8 79 1 1
0 5 79 1 1
0 4 79 1 1
0 3 79 1 1
0 2 79 1 1
0 1 79 1 1
0 3 35 1 1
0 5 37 1 1
0 6 38 1 1
0 4 36 1 1
0 7 39 1 1
0 9 41 1 1
0 11 32 1 1
0 8 40 1 1
0 2 34 1 1
0 1 33 1 1
0 1 32 1 1
0 6 38 1 1
0 8 36 1 1
0 7 37 1 1
0 3 41 1 1
0 10 34 1 1
0 9 35 1 1
0 5 39 1 1
0 4 40 1 1
0 3 37 1 1
0 5 39 1 1
0 6 40 1 1
0 4 38 1 1
0 7 41 1 1
0 9 43 1 1
0 11 34 1 1
0 8 42 1 1
0 2 36 1 1
0 1 35 1 1
0 1 34 1 1
0 6 40 1 1
0 8 38 1 1
0 7 39 1 1
0 3 43 1 1
0 10 36 1 1
0 9 37 1 1
0 5 41 1 1
0 4 42 1 1
0 3 147 1 1
0 5 149 1 1
0 6 150 1 1
0 4 148 1 1
0 7 151 1 1
0 9 153 1 1
0 11 144 1 1
0 8 152 1 1
0 2 146 1 1
0 1 145 1 1
0 2 145 1 1
0 3 145 1 1
0 4 145 1 1
0 5 145 1 1
0 8 145 1 1
0 6 145 1 1
0 9 145 1 1
0 7 145 1 1
0 10 145 1 1
0 1 145 1 1
0 9 148 1 1
0 7 150 1 1
0 2 144 1 1
0 10 147 1 1
0 6 151 1 1
0 4 153 1 1
0 5 152 1 1
0 1 145 1 1
0 8 149 1 1
0 1 148 1 1
0 11 152 1 1
0 5 152 1 1
0 10 146 1 1
0 3 150 1 1
0 4 151 1 1
0 9 145 1 1
0 6 153 1 1
0 8 144 1 1
0 2 149 1 1
0 10 148 1 1
0 7 148 1 1
0 9 148 1 1
0 6 148 1 1
0 8 148 1 1
0 5 148 1 1
0 4 148 1 1
0 3 148 1 1
0 2 148 1 1
0 1 148 1 1
0 7 153 1 1
0 2 147 1 1
0 10 150 1 1
0 4 145 1 1
0 8 152 1 1
0 3 146 1 1
0 5 144 1 1
0 1 148 1 1
0 9 151 1 1
0 7 146 1 1
0 10 149 1 1
0 9 148 1 1
0 2 152 1 1
0 1 151 1 1
0 11 149 1 1
0 3 153 1 1
0 8 147 1 1
0 5 144 1 1
0 6 145 1 1
0 3 151 1 1
0 1 151 1 1
0 6 151 1 1
0 7 151 1 1
0 4 151 1 1
0 5 151 1 1
0 10 151 1 1
0 8 151 1 1
0 2 151 1 1
0 9 151 1 1
0 3 22 1 1
0 5 24 1 1
0 6 25 1 1
0 4 23 1 1
0 7 26 1 1
0 9 28 1 1
0 11 19 1 1
0 8 27 1 1
0 2 21 1 1
0 1 20 1 1
0 3 23 1 1
0 5 25 1 1
0 6 26 1 1
0 4 24 1 1
0 7 27 1 1
0 9 29 1 1
0 11 20 1 1
0 8 28 1 1
0 2 22 1 1
0 1 21 1 1
0 3 24 1 1
0 5 26 1 1
0 6 27 1 1
0 4 25 1 1
0 7 28 1 1
0 9 30 1 1
0 11 21 1 1
0 8 29 1 1
0 2 23 1 1
0 1 22 1 1
0 3 91 1 1
0 5 93 1 1
0 6 94 1 1
0 4 92 1 1
0 7 95 1 1
0 9 97 1 1
0 11 88 1 1
0 8 96 1 1
0 2 90 1 1
0 1 89 1 1
0 2 89 1 1
0 3 89 1 1
0 4 89 1 1
0 5 89 1 1
0 8 89 1 1
0 6 89 1 1
0 9 89 1 1
0 7 89 1 1
0 10 89 1 1
0 1 89 1 1
0 9 92 1 1
0 7 94 1 1
0 2 88 1 1
0 10 91 1 1
0 6 95 1 1
0 4 97 1 1
0 5 96 1 1
0 1 89 1 1
0 8 93 1 1
0 1 92 1 1
0 11 96 1 1
0 5 96 1 1
0 10 90 1 1
0 3 94 1 1
0 4 95 1 1
0 9 89 1 1
0 6 97 1 1
0 8 88 1 1
0 2 93 1 1
0 3 95 1 1
0 5 97 1 1
0 6 98 1 1
0 4 96 1 1
0 7 99 1 1
0 9 101 1 1
0 11 92 1 1
0 8 100 1 1
0 2 94 1 1
0 1 93 1 1
0 2 93 1 1
0 3 93 1 1
0 4 93 1 1
0 5 93 1 1
0 8 93 1 1
0 6 93 1 1
0 9 93 1 1
0 7 93 1 1
0 10 93 1 1
0 1 93 1 1
0 9 96 1 1
0 7 98 1 1
0 2 92 1 1
0 10 95 1 1
0 6 99 1 1
0 4 101 1 1
0 5 100 1 1
0 1 93 1 1
0 8 97 1 1
0 1 96 1 1
0 11 100 1 1
0 5 100 1 1
0 10 94 1 1
0 3 98 1 1
0 4 99 1 1
0 9 93 1 1
0 6 101 1 1
0 8 92 1 1
0 2 97 1 1
0 3 147 1 1
0 5 149 1 1
0 6 150 1 1
0 4 148 1 1
0 7 151 1 1
0 9 153 1 1
0 11 144 1 1
0 8 152 1 1
0 2 146 1 1
0 1 145 1 1
0 1 144 1 1
0 6 150 1 1
0 8 148 1 1
0 7 149 1 1
0 3 153 1 1
0 10 146 1 1
0 9 147 1 1
0 5 151 1 1
0 4 152 1 1
0 9 148 1 1
0 7 150 1 1
0 2 144 1 1
0 10 147 1 1
0 6 151 1 1
0 4 153 1 1
0 5 152 1 1
0 1 145 1 1
0 8 149 1 1
0 1 148 1 1
0 11 152 1 1
0 5 152 1 1
0 10 146 1 1
0 3 150 1 1
0 4 151 1 1
0 9 145 1 1
0 6 153 1 1
0 8 144 1 1
0 2 149 1 1
0 10 148 1 1
0 7 148 1 1
0 9 148 1 1
0 6 148 1 1
0 8 148 1 1
0 5 148 1 1
0 4 148 1 1
0 3 148 1 1
0 2 148 1 1
0 1 148 1 1
0 7 153 1 1
0 2 147 1 1
0 10 150 1 1
0 4 145 1 1
0 8 152 1 1
0 3 146 1 1
0 5 144 1 1
0 1 148 1 1
0 9 151 1 1
0 3 78 1 1
0 5 80 1 1
0 6 81 1 1
0 4 79 1 1
0 7 82 1 1
0 9 84 1 1
0 11 75 1 1
0 8 83 1 1
0 2 77 1 1
0 1 76 1 1
0 2 76 1 1
0 3 76 1 1
0 4 76 1 1
0 5 76 1 1
0 8 76 1 1
0 6 76 1 1
0 9 76 1 1
0 7 76 1 1
0 10 76 1 1
0 1 76 1 1
0 9 79 1 1
0 7 81 1 1
0 2 75 1 1
0 10 78 1 1
0 6 82 1 1
0 4 84 1 1
0 5 83 1 1
0 1 76 1 1
0 8 80 1 1
0 3 237 1 1
0 5 239 1 1
0 6 240 1 1
0 4 238 1 1
0 7 241 1 1
0 9 243 1 1
0 11 234 1 1
0 8 242 1 1
0 2 236 1 1
0 1 235 1 1
0 1 234 1 1
0 6 240 1 1
0 8 238 1 1
0 7 239 1 1
0 3 243 1 1
0 10 236 1 1
0 9 237 1 1
0 5 241 1 1
0 4 242 1 1
0 9 238 1 1
0 7 240 1 1
0 2 234 1 1
0 10 237 1 1
0 6 241 1 1
0 4 243 1 1
0 5 242 1 1
0 1 235 1 1
0 8 239 1 1
0 1 238 1 1
0 11 242 1 1
0 5 242 1 1
0 10 236 1 1
0 3 240 1 1
0 4 241 1 1
0 9 235 1 1
0 6 243 1 1
0 8 234 1 1
0 2 239 1 1
0 10 238 1 1
0 7 238 1 1
0 9 238 1 1
0 6 238 1 1
0 8 238 1 1
0 5 238 1 1
0 4 238 1 1
0 3 238 1 1
0 2 238 1 1
0 1 238 1 1
0 7 243 1 1
0 2 237 1 1
0 10 240 1 1
0 4 235 1 1
0 8 242 1 1
0 3 236 1 1
0 5 234 1 1
0 1 238 1 1
0 9 241 1 1
0 7 236 1 1
0 10 239 1 1
0 9 238 1 1
0 2 242 1 1
0 1 241 1 1
0 11 239 1 1
0 3 243 1 1
0 8 237 1 1
0 5 234 1 1
0 6 235 1 1
0 3 241 1 1
0 1 241 1 1
0 6 241 1 1
0 7 241 1 1
0 4 241 1 1
0 5 241 1 1
0 10 241 1 1
0 8 241 1 1
0 2 241 1 1
0 9 241 1 1
0 6 236 1 1
0 1 241 1 1
0 4 238 1 1
0 10 243 1 1
0 2 240 1 1
0 3 239 1 1
0 7 235 1 1
0 8 234 1 1
0 5 237 1 1
0 3 165 1 1
0 5 167 1 1
0 6 168 1 1
0 4 166 1 1
0 7 169 1 1
0 9 171 1 1
0 11 162 1 1
0 8 170 1 1
0 2 164 1 1
0 1 163 1 1
0 1 162 1 1
0 6 168 1 1
0 8 166 1 1
0 7 167 1 1
0 3 171 1 1
0 10 164 1 1
0 9 165 1 1
0 5 169 1 1
0 4 170 1 1
0 9 166 1 1
0 7 168 1 1
0 2 162 1 1
0 10 165 1 1
0 6 169 1 1
0 4 171 1 1
0 5 170 1 1
0 1 163 1 1
0 8 167 1 1
0 1 166 1 1
0 11 170 1 1
0 5 170 1 1
0 10 164 1 1
0 3 168 1 1
0 4 169 1 1
0 9 163 1 1
0 6 171 1 1
0 8 162 1 1
0 2 167 1 1
0 10 166 1 1
0 7 166 1 1
0 9 166 1 1
0 6 166 1 1
0 8 166 1 1
0 5 166 1 1
0 4 166 1 1
0 3 166 1 1
0 2 166 1 1
0 1 166 1 1
0 7 171 1 1
0 2 165 1 1
0 10 168 1 1
0 4 163 1 1
0 8 170 1 1
0 3 164 1 1
0 5 162 1 1
0 1 166 1 1
0 9 169 1 1
0 3 171 1 1
0 5 173 1 1
0 6 174 1 1
0 4 172 1 1
0 7 175 1 1
0 9 177 1 1
0 11 168 1 1
0 8 176 1 1
0 2 170 1 1
0 1 169 1 1
0 1 168 1 1
0 6 174 1 1
0 8 172 1 1
0 7 173 1 1
0 3 177 1 1
0 10 170 1 1
0 9 171 1 1
0 5 175 1 1
0 4 176 1 1
0 9 172 1 1
0 7 174 1 1
0 2 168 1 1
0 10 171 1 1
0 6 175 1 1
0 4 177 1 1
0 5 176 1 1
0 1 169 1 1
0 8 173 1 1
0 1 172 1 1
0 11 176 1 1
0 5 176 1 1
0 10 170 1 1
0 3 174 1 1
0 4 175 1 1
0 9 169 1 1
0 6 177 1 1
0 8 168 1 1
0 2 173 1 1
0 10 172 1 1
0 7 172 1 1
0 9 172 1 1
0 6 172 1 1
0 8 172 1 1
0 5 172 1 1
0 4 172 1 1
0 3 172 1 1
0 2 172 1 1
0 1 172 1 1
0 7 177 1 1
0 2 171 1 1
0 10 174 1 1
0 4 169 1 1
0 8 176 1 1
0 3 170 1 1
0 5 168 1 1
0 1 172 1 1
0 9 175 1 1
0 3 61 1 1
0 5 63 1 1
0 6 64 1 1
0 4 62 1 1
0 7 65 1 1
0 9 67 1 1
0 11 58 1 1
0 8 66 1 1
0 2 60 1 1
0 1 59 1 1
0 1 58 1 1
0 6 64 1 1
0 8 62 1 1
0 7 63 1 1
0 3 67 1 1
0 10 60 1 1
0 9 61 1 1
0 5 65 1 1
0 4 66 1 1
0 3 33 1 1
0 5 35 1 1
0 6 36 1 1
0 4 34 1 1
0 7 37 1 1
0 9 39 1 1
0 11 30 1 1
0 8 38 1 1
0 2 32 1 1
0 1 31 1 1
0 3 34 1 1
0 5 36 1 1
0 6 37 1 1
0 4 35 1 1
0 7 38 1 1
0 9 40 1 1
0 11 31 1 1
0 8 39 1 1
0 2 33 1 1
0 1 32 1 1
0 3 195 1 1
0 5 197 1 1
0 6 198 1 1
0 4 196 1 1
0 7 199 1 1
0 9 201 1 1
0 11 192 1 1
0 8 200 1 1
0 2 194 1 1
0 1 193 1 1
0 1 192 1 1
0 6 198 1 1
0 8 196 1 1
0 7 197 1 1
0 3 201 1 1
0 10 194 1 1
0 9 195 1 1
0 5 199 1 1
0 4 200 1 1
0 9 196 1 1
0 7 198 1 1
0 2 192 1 1
0 10 195 1 1
0 6 199 1 1
0 4 201 1 1
0 5 200 1 1
0 1 193 1 1
0 8 197 1 1
0 1 196 1 1
0 11 200 1 1
0 5 200 1 1
0 10 194 1 1
0 3 198 1 1
0 4 199 1 1
0 9 193 1 1
0 6 201 1 1
0 8 192 1 1
0 2 197 1 1
0 10 196 1 1
0 7 196 1 1
0 9 196 1 1
0 6 196 1 1
0 8 196 1 1
0 5 196 1 1
0 4 196 1 1
0 3 196 1 1
0 2 196 1 1
0 1 196 1 1
0 7 201 1 1
0 2 195 1 1
0 10 198 1 1
0 4 193 1 1
0 8 200 1 1
0 3 194 1 1
0 5 192 1 1
0 1 196 1 1
0 9 199 1 1
0 3 168 1 1
0 5 170 1 1
0 6 171 1 1
0 4 169 1 1
0 7 172 1 1
0 9 174 1 1
0 11 165 1 1
0 8 173 1 1
0 2 167 1 1
0 1 166 1 1
0 1 165 1 1
0 6 171 1 1
0 8 169 1 1
0 7 170 1 1
0 3 174 1 1
0 10 167 1 1
0 9 168 1 1
0 5 172 1 1
0 4 173 1 1
0 9 169 1 1
0 7 171 1 1
0 2 165 1 1
0 10 168 1 1
0 6 172 1 1
0 4 174 1 1
0 5 173 1 1
0 1 166 1 1
0 8 170 1 1
0 1 169 1 1
0 11 173 1 1
0 5 173 1 1
0 10 167 1 1
0 3 171 1 1
0 4 172 1 1
0 9 166 1 1
0 6 174 1 1
0 8 165 1 1
0 2 170 1 1
0 10 169 1 1
0 7 169 1 1
0 9 169 1 1
0 6 169 1 1
0 8 169 1 1
0 5 169 1 1
0 4 169 1 1
0 3 169 1 1
0 2 169 1 1
0 1 169 1 1
0 3 207 1 1
0 5 209 1 1
0 6 210 1 1
0 4 208 1 1
0 7 211 1 1
0 9 213 1 1
0 11 204 1 1
0 8 212 1 1
0 2 206 1 1
0 1 205 1 1
0 1 204 1 1
0 6 210 1 1
0 8 208 1 1
0 7 209 1 1
0 3 213 1 1
0 10 206 1 1
0 9 207 1 1
0 5 211 1 1
0 4 212 1 1
0 9 208 1 1
0 7 210 1 1
0 2 204 1 1
0 10 207 1 1
0 6 211 1 1
0 4 213 1 1
0 5 212 1 1
0 1 205 1 1
0 8 209 1 1
0 1 208 1 1
0 11 212 1 1
0 5 212 1 1
0 10 206 1 1
0 3 210 1 1
0 4 211 1 1
0 9 205 1 1
0 6 213 1 1
0 8 204 1 1
0 2 209 1 1
0 10 208 1 1
0 7 208 1 1
0 9 208 1 1
0 6 208 1 1
0 8 208 1 1
0 5 208 1 1
0 4 208 1 1
0 3 208 1 1
0 2 208 1 1
0 1 208 1 1
0 7 213 1 1
0 2 207 1 1
0 10 210 1 1
0 4 205 1 1
0 8 212 1 1
0 3 206 1 1
0 5 204 1 1
0 1 208 1 1
0 9 211 1 1
0 3 38 1 1
0 5 40 1 1
0 6 41 1 1
0 4 39 1 1
0 7 42 1 1
0 9 44 1 1
0 11 35 1 1
0 8 43 1 1
0 2 37 1 1
0 1 36 1 1
0 3 75 1 1
0 5 77 1 1
0 6 78 1 1
0 4 76 1 1
0 7 79 1 1
0 9 81 1 1
0 11 72 1 1
0 8 80 1 1
0 2 74 1 1
0 1 73 1 1
0 1 72 1 1
0 6 78 1 1
0 8 76 1 1
0 7 77 1 1
0 3 81 1 1
0 10 74 1 1
0 9 75 1 1
0 5 79 1 1
0 4 80 1 1
0 3 225 1 1
0 5 227 1 1
0 6 228 1 1
0 4 226 1 1
0 7 229 1 1
0 9 231 1 1
0 11 222 1 1
0 8 230 1 1
0 2 224 1 1
0 1 223 1 1
0 1 222 1 1
0 6 228 1 1
0 8 226 1 1
0 7 227 1 1
0 3 231 1 1
0 10 224 1 1
0 9 225 1 1
0 5 229 1 1
0 4 230 1 1
0 9 226 1 1
0 7 228 1 1
0 2 222 1 1
0 10 225 1 1
0 6 229 1 1
0 4 231 1 1
0 5 230 1 1
0 1 223 1 1
0 8 227 1 1
0 1 226 1 1
0 11 230 1 1
0 5 230 1 1
0 10 224 1 1
0 3 228 1 1
0 4 229 1 1
0 9 223 1 1
0 6 231 1 1
0 8 222 1 1
0 2 227 1 1
0 10 226 1 1
0 7 226 1 1
0 9 226 1 1
0 6 226 1 1
0 8 226 1 1
0 5 226 1 1
0 4 226 1 1
0 3 226 1 1
0 2 226 1 1
0 1 226 1 1
0 7 231 1 1
0 2 225 1 1
0 10 228 1 1
0 4 223 1 1
0 8 230 1 1
0 3 224 1 1
0 5 222 1 1
0 1 226 1 1
0 9 229 1 1
0 3 269 1 1
0 5 271 1 1
0 6 272 1 1
0 4 270 1 1
0 7 273 1 1
0 9 275 1 1
0 11 266 1 1
0 8 274 1 1
0 2 268 1 1
0 1 267 1 1
0 1 266 1 1
0 6 272 1 1
0 8 270 1 1
0 7 271 1 1
0 3 275 1 1
0 10 268 1 1
0 9 269 1 1
0 5 273 1 1
0 4 274 1 1
0 9 270 1 1
0 7 272 1 1
0 2 266 1 1
0 10 269 1 1
0 6 273 1 1
0 4 275 1 1
0 5 274 1 1
0 1 267 1 1
0 8 271 1 1
0 1 270 1 1
0 11 274 1 1
0 5 274 1 1
0 10 268 1 1
0 3 272 1 1
0 4 273 1 1
0 9 267 1 1
0 6 275 1 1
0 8 266 1 1
0 2 271 1 1
0 10 270 1 1
0 7 270 1 1
0 9 270 1 1
0 6 270 1 1
0 8 270 1 1
0 5 270 1 1
0 4 270 1 1
0 3 270 1 1
0 2 270 1 1
0 1 270 1 1
0 7 275 1 1
0 2 269 1 1
0 10 272 1 1
0 4 267 1 1
0 8 274 1 1
0 3 268 1 1
0 5 266 1 1
0 1 270 1 1
0 9 273 1 1
0 7 268 1 1
0 10 271 1 1
0 9 270 1 1
0 2 274 1 1
0 1 273 1 1
0 11 271 1 1
0 3 275 1 1
0 8 269 1 1
0 5 266 1 1
0 6 267 1 1
0 3 198 1 1
0 5 200 1 1
0 6 201 1 1
0 4 199 1 1
0 7 202 1 1
0 9 204 1 1
0 11 195 1 1
0 8 203 1 1
0 2 197 1 1
0 1 196 1 1
0 1 195 1 1
0 6 201 1 1
0 8 199 1 1
0 7 200 1 1
0 3 204 1 1
0 10 197 1 1
0 9 198 1 1
0 5 202 1 1
0 4 203 1 1
0 9 199 1 1
0 7 201 1 1
0 2 195 1 1
0 10 198 1 1
0 6 202 1 1
0 4 204 1 1
0 5 203 1 1
0 1 196 1 1
0 8 200 1 1
0 1 199 1 1
0 11 203 1 1
0 5 203 1 1
0 10 197 1 1
0 3 201 1 1
0 4 202 1 1
0 9 196 1 1
0 6 204 1 1
0 8 195 1 1
0 2 200 1 1
0 10 199 1 1
0 7 199 1 1
0 9 199 1 1
0 6 199 1 1
0 8 199 1 1
0 5 199 1 1
0 4 199 1 1
0 3 199 1 1
0 2 199 1 1
0 1 199 1 1
0 3 83 1 1
0 5 85 1 1
0 6 86 1 1
0 4 84 1 1
0 7 87 1 1
0 9 89 1 1
0 11 80 1 1
0 8 88 1 1
0 2 82 1 1
0 1 81 1 1
0 1 80 1 1
0 6 86 1 1
0 8 84 1 1
0 7 85 1 1
0 3 89 1 1
0 10 82 1 1
0 9 83 1 1
0 5 87 1 1
0 4 88 1 1
0 3 249 1 1
0 5 251 1 1
0 6 252 1 1
0 4 250 1 1
0 7 253 1 1
0 9 255 1 1
0 11 246 1 1
0 8 254 1 1
0 2 248 1 1
0 1 247 1 1
0 1 246 1 1
0 6 252 1 1
0 8 250 1 1
0 7 251 1 1
0 3 255 1 1
0 10 248 1 1
0 9 249 1 1
0 5 253 1 1
0 4 254 1 1
0 9 250 1 1
0 7 252 1 1
0 2 246 1 1
0 10 249 1 1
0 6 253 1 1
0 4 255 1 1
0 5 254 1 1
0 1 247 1 1
0 8 251 1 1
0 1 250 1 1
0 11 254 1 1
0 5 254 1 1
0 10 248 1 1
0 3 252 1 1
0 4 253 1 1
0 9 247 1 1
0 6 255 1 1
0 8 246 1 1
0 2 251 1 1
0 10 250 1 1
0 7 250 1 1
0 9 250 1 1
0 6 250 1 1
0 8 250 1 1
0 5 250 1 1
0 4 250 1 1
0 3 250 1 1
0 2 250 1 1
0 1 250 1 1
0 7 255 1 1
0 2 249 1 1
0 10 252 1 1
0 4 247 1 1
0 8 254 1 1
0 3 248 1 1
0 5 246 1 1
0 1 250 1 1
0 9 253 1 1
0 3 213 1 1
0 5 215 1 1
0 6 216 1 1
0 4 214 1 1
0 7 217 1 1
0 9 219 1 1
0 11 210 1 1
0 8 218 1 1
0 2 212 1 1
0 1 211 1 1
0 1 210 1 1
0 6 216 1 1
0 8 214 1 1
0 7 215 1 1
0 3 219 1 1
0 10 212 1 1
0 9 213 1 1
0 5 217 1 1
0 4 218 1 1
0 9 214 1 1
0 7 216 1 1
0 2 210 1 1
0 10 213 1 1
0 6 217 1 1
0 4 219 1 1
0 5 218 1 1
0 1 211 1 1
0 8 215 1 1
0 1 214 1 1
0 11 218 1 1
0 5 218 1 1
0 10 212 1 1
0 3 216 1 1
0 4 217 1 1
0 9 211 1 1
0 6 219 1 1
0 8 210 1 1
0 2 215 1 1
0 10 214 1 1
0 7 214 1 1
0 9 214 1 1
0 6 214 1 1
0 8 214 1 1
0 5 214 1 1
0 4 214 1 1
0 3 214 1 1
0 2 214 1 1
0 1 214 1 1
0 3 218 1 1
0 5 220 1 1
0 6 221 1 1
0 4 219 1 1
0 7 222 1 1
0 9 224 1 1
0 11 215 1 1
0 8 223 1 1
0 2 217 1 1
0 1 216 1 1
0 1 215 1 1
0 6 221 1 1
0 8 219 1 1
0 7 220 1 1
0 3 224 1 1
0 10 217 1 1
0 9 218 1 1
0 5 222 1 1
0 4 223 1 1
0 9 219 1 1
0 7 221 1 1
0 2 215 1 1
0 10 218 1 1
0 6 222 1 1
0 4 224 1 1
0 5 223 1 1
0 1 216 1 1
0 8 220 1 1
0 1 219 1 1
0 11 223 1 1
0 5 223 1 1
0 10 217 1 1
0 3 221 1 1
0 4 222 1 1
0 9 216 1 1
0 6 224 1 1
0 8 215 1 1
0 2 220 1 1
0 10 219 1 1
0 7 219 1 1
0 9 219 1 1
0 6 219 1 1
0 8 219 1 1
0 5 219 1 1
0 4 219 1 1
0 3 219 1 1
0 2 219 1 1
0 1 219 1 1
0 3 399 1 1
0 5 401 1 1
0 6 402 1 1
0 4 400 1 1
0 7 403 1 1
0 9 405 1 1
0 11 396 1 1
0 8 404 1 1
0 2 398 1 1
0 1 397 1 1
0 1 396 1 1
0 6 402 1 1
0 8 400 1 1
0 7 401 1 1
0 3 405 1 1
0 10 398 1 1
0 9 399 1 1
0 5 403 1 1
0 4 404 1 1
0 9 400 1 1
0 7 402 1 1
0 2 396 1 1
0 10 399 1 1
0 6 403 1 1
0 4 405 1 1
0 5 404 1 1
0 1 397 1 1
0 8 401 1 1
0 1 400 1 1
0 11 404 1 1
0 5 404 1 1
0 10 398 1 1
0 3 402 1 1
0 4 403 1 1
0 9 397 1 1
0 6 405 1 1
0 8 396 1 1
0 2 401 1 1
0 10 400 1 1
0 7 400 1 1
0 9 400 1 1
0 6 400 1 1
0 8 400 1 1
0 5 400 1 1
0 4 400 1 1
0 3 400 1 1
0 2 400 1 1
0 1 400 1 1
0 7 405 1 1
0 2 399 1 1
0 10 402 1 1
0 4 397 1 1
0 8 404 1 1
0 3 398 1 1
0 5 396 1 1
0 1 400 1 1
0 9 403 1 1
0 7 398 1 1
0 10 401 1 1
0 9 400 1 1
0 2 404 1 1
0 1 403 1 1
0 11 401 1 1
0 3 405 1 1
0 8 399 1 1
0 5 396 1 1
0 6 397 1 1
0 3 403 1 1
0 1 403 1 1
0 6 403 1 1
0 7 403 1 1
0 4 403 1 1
0 5 403 1 1
0 10 403 1 1
0 8 403 1 1
0 2 403 1 1
0 9 403 1 1
0 6 398 1 1
0 1 403 1 1
0 4 400 1 1
0 10 405 1 1
0 2 402 1 1
0 3 401 1 1
0 7 397 1 1
0 8 396 1 1
0 5 399 1 1
0 3 408 1 1
0 5 410 1 1
0 6 411 1 1
0 4 409 1 1
0 7 412 1 1
0 9 414 1 1
0 11 405 1 1
0 8 413 1 1
0 2 407 1 1
0 1 406 1 1
0 1 405 1 1
0 6 411 1 1
0 8 409 1 1
0 7 410 1 1
0 3 414 1 1
0 10 407 1 1
0 9 408 1 1
0 5 412 1 1
0 4 413 1 1
0 9 409 1 1
0 7 411 1 1
0 2 405 1 1
0 10 408 1 1
0 6 412 1 1
0 4 414 1 1
0 5 413 1 1
0 1 406 1 1
0 8 410 1 1
0 1 409 1 1
0 11 413 1 1
0 5 413 1 1
0 10 407 1 1
0 3 411 1 1
0 4 412 1 1
0 9 406 1 1
0 6 414 1 1
0 8 405 1 1
0 2 410 1 1
0 10 409 1 1
0 7 409 1 1
0 9 409 1 1
0 6 409 1 1
0 8 409 1 1
0 5 409 1 1
0 4 409 1 1
0 3 409 1 1
0 2 409 1 1
0 1 409 1 1
0 7 414 1 1
0 2 408 1 1
0 10 411 1 1
0 4 406 1 1
0 8 413 1 1
0 3 407 1 1
0 5 405 1 1
0 1 409 1 1
0 9 412 1 1
0 7 407 1 1
0 10 410 1 1
0 9 409 1 1
0 2 413 1 1
0 1 412 1 1
0 11 410 1 1
0 3 414 1 1
0 8 408 1 1
0 5 405 1 1
0 6 406 1 1
0 3 412 1 1
0 1 412 1 1
0 6 412 1 1
0 7 412 1 1
0 4 412 1 1
0 5 412 1 1
0 10 412 1 1
0 8 412 1 1
0 2 412 1 1
0 9 412 1 1
0 6 407 1 1
0 1 412 1 1
0 4 409 1 1
0 10 414 1 1
0 2 411 1 1
0 3 410 1 1
0 7 406 1 1
0 8 405 1 1
0 5 408 1 1
0 3 141 1 1
0 5 143 1 1
0 6 144 1 1
0 4 142 1 1
0 7 145 1 1
0 9 147 1 1
0 11 138 1 1
0 8 146 1 1
0 2 140 1 1
0 1 139 1 1
0 2 139 1 1
0 3 139 1 1
0 4 139 1 1
0 5 139 1 1
0 8 139 1 1
0 6 139 1 1
0 9 139 1 1
0 7 139 1 1
0 10 139 1 1
0 1 139 1 1
0 9 142 1 1
0 7 144 1 1
0 2 138 1 1
0 10 141 1 1
0 6 145 1 1
0 4 147 1 1
0 5 146 1 1
0 1 139 1 1
0 8 143 1 1
0 3 144 1 1
0 5 146 1 1
0 6 147 1 1
0 4 145 1 1
0 7 148 1 1
0 9 150 1 1
0 11 141 1 1
0 8 149 1 1
0 2 143 1 1
0 1 142 1 1
0 2 142 1 1
0 3 142 1 1
0 4 142 1 1
0 5 142 1 1
0 8 142 1 1
0 6 142 1 1
0 9 142 1 1
0 7 142 1 1
0 10 142 1 1
0 1 142 1 1
0 9 145 1 1
0 7 147 1 1
0 2 141 1 1
0 10 144 1 1
0 6 148 1 1
0 4 150 1 1
0 5 149 1 1
0 1 142 1 1
0 8 146 1 1
0 3 387 1 1
0 5 389 1 1
0 6 390 1 1
0 4 388 1 1
0 7 391 1 1
0 9 393 1 1
0 11 384 1 1
0 8 392 1 1
0 2 386 1 1
0 1 385 1 1
0 2 385 1 1
0 3 385 1 1
0 4 385 1 1
0 5 385 1 1
0 8 385 1 1
0 6 385 1 1
0 9 385 1 1
0 7 385 1 1
0 10 385 1 1
0 1 385 1 1
0 9 388 1 1
0 7 390 1 1
0 2 384 1 1
0 10 387 1 1
0 6 391 1 1
0 4 393 1 1
0 5 392 1 1
0 1 385 1 1
0 8 389 1 1
0 1 388 1 1
0 11 392 1 1
0 5 392 1 1
0 10 386 1 1
0 3 390 1 1
0 4 391 1 1
0 9 385 1 1
0 6 393 1 1
0 8 384 1 1
0 2 389 1 1
0 10 388 1 1
0 7 388 1 1
0 9 388 1 1
0 6 388 1 1
0 8 388 1 1
0 5 388 1 1
0 4 388 1 1
0 3 388 1 1
0 2 388 1 1
0 1 388 1 1
0 7 393 1 1
0 2 387 1 1
0 10 390 1 1
0 4 385 1 1
0 8 392 1 1
0 3 386 1 1
0 5 384 1 1
0 1 388 1 1
0 9 391 1 1
0 7 386 1 1
0 10 389 1 1
0 9 388 1 1
0 2 392 1 1
0 1 391 1 1
0 11 389 1 1
0 3 393 1 1
0 8 387 1 1
0 5 384 1 1
0 6 385 1 1
0 3 391 1 1
0 1 391 1 1
0 6 391 1 1
0 7 391 1 1
0 4 391 1 1
0 5 391 1 1
0 10 391 1 1
0 8 391 1 1
0 2 391 1 1
0 9 391 1 1
0 3 395 1 1
0 5 397 1 1
0 6 398 1 1
0 4 396 1 1
0 7 399 1 1
0 9 401 1 1
0 11 392 1 1
0 8 400 1 1
0 2 394 1 1
0 1 393 1 1
0 2 393 1 1
0 3 393 1 1
0 4 393 1 1
0 5 393 1 1
0 8 393 1 1
0 6 393 1 1
0 9 393 1 1
0 7 393 1 1
0 10 393 1 1
0 1 393 1 1
0 9 396 1 1
0 7 398 1 1
0 2 392 1 1
0 10 395 1 1
0 6 399 1 1
0 4 401 1 1
0 5 400 1 1
0 1 393 1 1
0 8 397 1 1
0 1 396 1 1
0 11 400 1 1
0 5 400 1 1
0 10 394 1 1
0 3 398 1 1
0 4 399 1 1
0 9 393 1 1
0 6 401 1 1
0 8 392 1 1
0 2 397 1 1
0 10 396 1 1
0 7 396 1 1
0 9 396 1 1
0 6 396 1 1
0 8 396 1 1
0 5 396 1 1
0 4 396 1 1
0 3 396 1 1
0 2 396 1 1
0 1 396 1 1
0 7 401 1 1
0 2 395 1 1
0 10 398 1 1
0 4 393 1 1
0 8 400 1 1
0 3 394 1 1
0 5 392 1 1
0 1 396 1 1
0 9 399 1 1
0 7 394 1 1
0 10 397 1 1
0 9 396 1 1
0 2 400 1 1
0 1 399 1 1
0 11 397 1 1
0 3 401 1 1
0 8 395 1 1
0 5 392 1 1
0 6 393 1 1
0 3 399 1 1
0 1 399 1 1
0 6 399 1 1
0 7 399 1 1
0 4 399 1 1
0 5 399 1 1
0 10 399 1 1
0 8 399 1 1
0 2 399 1 1
0 9 399 1 1
0 3 453 1 1
0 5 455 1 1
0 6 456 1 1
0 4 454 1 1
0 7 457 1 1
0 9 459 1 1
0 11 450 1 1
0 8 458 1 1
0 2 452 1 1
0 1 451 1 1
0 1 450 1 1
0 6 456 1 1
0 8 454 1 1
0 7 455 1 1
0 3 459 1 1
0 10 452 1 1
0 9 453 1 1
0 5 457 1 1
0 4 458 1 1
0 9 454 1 1
0 7 456 1 1
0 2 450 1 1
0 10 453 1 1
0 6 457 1 1
0 4 459 1 1
0 5 458 1 1
0 1 451 1 1
0 8 455 1 1
0 1 454 1 1
0 11 458 1 1
0 5 458 1 1
0 10 452 1 1
0 3 456 1 1
0 4 457 1 1
0 9 451 1 1
0 6 459 1 1
0 8 450 1 1
0 2 455 1 1
0 10 454 1 1
0 7 454 1 1
0 9 454 1 1
0 6 454 1 1
0 8 454 1 1
0 5 454 1 1
0 4 454 1 1
0 3 454 1 1
0 2 454 1 1
0 1 454 1 1
0 7 459 1 1
0 2 453 1 1
0 10 456 1 1
0 4 451 1 1
0 8 458 1 1
0 3 452 1 1
0 5 450 1 1
0 1 454 1 1
0 9 457 1 1
0 7 452 1 1
0 10 455 1 1
0 9 454 1 1
0 2 458 1 1
0 1 457 1 1
0 11 455 1 1
0 3 459 1 1
0 8 453 1 1
0 5 450 1 1
0 6 451 1 1
0 3 457 1 1
0 1 457 1 1
0 6 457 1 1
0 7 457 1 1
0 4 457 1 1
0 5 457 1 1
0 10 457 1 1
0 8 457 1 1
0 2 457 1 1
0 9 457 1 1
0 6 452 1 1
0 1 457 1 1
0 4 454 1 1
0 10 459 1 1
0 2 456 1 1
0 3 455 1 1
0 7 451 1 1
0 8 450 1 1
0 5 453 1 1
0 3 258 1 1
0 5 260 1 1
0 6 261 1 1
0 4 259 1 1
0 7 262 1 1
0 9 264 1 1
0 11 255 1 1
0 8 263 1 1
0 2 257 1 1
0 1 256 1 1
0 1 255 1 1
0 6 261 1 1
0 8 259 1 1
0 7 260 1 1
0 3 264 1 1
0 10 257 1 1
0 9 258 1 1
0 5 262 1 1
0 4 263 1 1
0 9 259 1 1
0 7 261 1 1
0 2 255 1 1
0 10 258 1 1
0 6 262 1 1
0 4 264 1 1
0 5 263 1 1
0 1 256 1 1
0 8 260 1 1
0 1 259 1 1
0 11 263 1 1
0 5 263 1 1
0 10 257 1 1
0 3 261 1 1
0 4 262 1 1
0 9 256 1 1
0 6 264 1 1
0 8 255 1 1
0 2 260 1 1
0 10 259 1 1
0 7 259 1 1
0 9 259 1 1
0 6 259 1 1
0 8 259 1 1
0 5 259 1 1
0 4 259 1 1
0 3 259 1 1
0 2 259 1 1
0 1 259 1 1
0 3 55 1 1
0 5 57 1 1
0 6 58 1 1
0 4 56 1 1
0 7 59 1 1
0 9 61 1 1
0 11 52 1 1
0 8 60 1 1
0 2 54 1 1
0 1 53 1 1
0 3 480 1 1
0 5 482 1 1
0 6 483 1 1
0 4 481 1 1
0 7 484 1 1
0 9 486 1 1
0 11 477 1 1
0 8 485 1 1
0 2 479 1 1
0 1 478 1 1
0 1 477 1 1
0 6 483 1 1
0 8 481 1 1
0 7 482 1 1
0 3 486 1 1
0 10 479 1 1
0 9 480 1 1
0 5 484 1 1
0 4 485 1 1
0 9 481 1 1
0 7 483 1 1
0 2 477 1 1
0 10 480 1 1
0 6 484 1 1
0 4 486 1 1
0 5 485 1 1
0 1 478 1 1
0 8 482 1 1
0 1 481 1 1
0 11 485 1 1
0 5 485 1 1
0 10 479 1 1
0 3 483 1 1
0 4 484 1 1
0 9 478 1 1
0 6 486 1 1
0 8 477 1 1
0 2 482 1 1
0 10 481 1 1
0 7 481 1 1
0 9 481 1 1
0 6 481 1 1
0 8 481 1 1
0 5 481 1 1
0 4 481 1 1
0 3 481 1 1
0 2 481 1 1
0 1 481 1 1
0 7 486 1 1
0 2 480 1 1
0 10 483 1 1
0 4 478 1 1
0 8 485 1 1
0 3 479 1 1
0 5 477 1 1
0 1 481 1 1
0 9 484 1 1
0 7 479 1 1
0 10 482 1 1
0 9 481 1 1
0 2 485 1 1
0 1 484 1 1
0 11 482 1 1
0 3 486 1 1
0 8 480 1 1
0 5 477 1 1
0 6 478 1 1
0 3 484 1 1
0 1 484 1 1
0 6 484 1 1
0 7 484 1 1
0 4 484 1 1
0 5 484 1 1
0 10 484 1 1
0 8 484 1 1
0 2 484 1 1
0 9 484 1 1
0 6 479 1 1
0 1 484 1 1
0 4 481 1 1
0 10 486 1 1
0 2 483 1 1
0 3 482 1 1
0 7 478 1 1
0 8 477 1 1
0 5 480 1 1
0 3 111 1 1
0 5 113 1 1
0 6 114 1 1
0 4 112 1 1
0 7 115 1 1
0 9 117 1 1
0 11 108 1 1
0 8 116 1 1
0 2 110 1 1
0 1 109 1 1
0 1 108 1 1
0 6 114 1 1
0 8 112 1 1
0 7 113 1 1
0 3 117 1 1
0 10 110 1 1
0 9 111 1 1
0 5 115 1 1
0 4 116 1 1
0 3 278 1 1
0 5 280 1 1
0 6 281 1 1
0 4 279 1 1
0 7 282 1 1
0 9 284 1 1
0 11 275 1 1
0 8 283 1 1
0 2 277 1 1
0 1 276 1 1
0 1 275 1 1
0 6 281 1 1
0 8 279 1 1
0 7 280 1 1
0 3 284 1 1
0 10 277 1 1
0 9 278 1 1
0 5 282 1 1
0 4 283 1 1
0 9 279 1 1
0 7 281 1 1
0 2 275 1 1
0 10 278 1 1
0 6 282 1 1
0 4 284 1 1
0 5 283 1 1
0 1 276 1 1
0 8 280 1 1
0 1 279 1 1
0 11 283 1 1
0 5 283 1 1
0 10 277 1 1
0 3 281 1 1
0 4 282 1 1
0 9 276 1 1
0 6 284 1 1
0 8 275 1 1
0 2 280 1 1
0 10 279 1 1
0 7 279 1 1
0 9 279 1 1
0 6 279 1 1
0 8 279 1 1
0 5 279 1 1
0 4 279 1 1
0 3 279 1 1
0 2 279 1 1
0 1 279 1 1
0 3 59 1 1
0 5 61 1 1
0 6 62 1 1
0 4 60 1 1
0 7 63 1 1
0 9 65 1 1
0 11 56 1 1
0 8 64 1 1
0 2 58 1 1
0 1 57 1 1
0 3 516 1 1
0 5 518 1 1
0 6 519 1 1
0 4 517 1 1
0 7 520 1 1
0 9 522 1 1
0 11 513 1 1
0 8 521 1 1
0 2 515 1 1
0 1 514 1 1
0 1 513 1 1
0 6 519 1 1
0 8 517 1 1
0 7 518 1 1
0 3 522 1 1
0 10 515 1 1
0 9 516 1 1
0 5 520 1 1
0 4 521 1 1
0 9 517 1 1
0 7 519 1 1
0 2 513 1 1
0 10 516 1 1
0 6 520 1 1
0 4 522 1 1
0 5 521 1 1
0 1 514 1 1
0 8 518 1 1
0 1 517 1 1
0 11 521 1 1
0 5 521 1 1
0 10 515 1 1
0 3 519 1 1
0 4 520 1 1
0 9 514 1 1
0 6 522 1 1
0 8 513 1 1
0 2 518 1 1
0 10 517 1 1
0 7 517 1 1
0 9 517 1 1
0 6 517 1 1
0 8 517 1 1
0 5 517 1 1
0 4 517 1 1
0 3 517 1 1
0 2 517 1 1
0 1 517 1 1
0 7 522 1 1
0 2 516 1 1
0 10 519 1 1
0 4 514 1 1
0 8 521 1 1
0 3 515 1 1
0 5 513 1 1
0 1 517 1 1
0 9 520 1 1
0 7 515 1 1
0 10 518 1 1
0 9 517 1 1
0 2 521 1 1
0 1 520 1 1
0 11 518 1 1
0 3 522 1 1
0 8 516 1 1
0 5 513 1 1
0 6 514 1 1
0 3 520 1 1
0 1 520 1 1
0 6 520 1 1
0 7 520 1 1
0 4 520 1 1
0 5 520 1 1
0 10 520 1 1
0 8 520 1 1
0 2 520 1 1
0 9 520 1 1
0 6 515 1 1
0 1 520 1 1
0 4 517 1 1
0 10 522 1 1
0 2 519 1 1
0 3 518 1 1
0 7 514 1 1
0 8 513 1 1
0 5 516 1 1
0 3 351 1 1
0 5 353 1 1
0 6 354 1 1
0 4 352 1 1
0 7 355 1 1
0 9 357 1 1
0 11 348 1 1
0 8 356 1 1
0 2 350 1 1
0 1 349 1 1
0 1 348 1 1
0 6 354 1 1
0 8 352 1 1
0 7 353 1 1
0 3 357 1 1
0 10 350 1 1
0 9 351 1 1
0 5 355 1 1
0 4 356 1 1
0 9 352 1 1
0 7 354 1 1
0 2 348 1 1
0 10 351 1 1
0 6 355 1 1
0 4 357 1 1
0 5 356 1 1
0 1 349 1 1
0 8 353 1 1
0 1 352 1 1
0 11 356 1 1
0 5 356 1 1
0 10 350 1 1
0 3 354 1 1
0 4 355 1 1
0 9 349 1 1
0 6 357 1 1
0 8 348 1 1
0 2 353 1 1
0 10 352 1 1
0 7 352 1 1
0 9 352 1 1
0 6 352 1 1
0 8 352 1 1
0 5 352 1 1
0 4 352 1 1
0 3 352 1 1
0 2 352 1 1
0 1 352 1 1
0 7 357 1 1
0 2 351 1 1
0 10 354 1 1
0 4 349 1 1
0 8 356 1 1
0 3 350 1 1
0 5 348 1 1
0 1 352 1 1
0 9 355 1 1
0 3 62 1 1
0 5 64 1 1
0 6 65 1 1
0 4 63 1 1
0 7 66 1 1
0 9 68 1 1
0 11 59 1 1
0 8 67 1 1
0 2 61 1 1
0 1 60 1 1
0 3 63 1 1
0 5 65 1 1
0 6 66 1 1
0 4 64 1 1
0 7 67 1 1
0 9 69 1 1
0 11 60 1 1
0 8 68 1 1
0 2 62 1 1
0 1 61 1 1
0 3 125 1 1
0 5 127 1 1
0 6 128 1 1
0 4 126 1 1
0 7 129 1 1
0 9 131 1 1
0 11 122 1 1
0 8 130 1 1
0 2 124 1 1
0 1 123 1 1
0 1 122 1 1
0 6 128 1 1
0 8 126 1 1
0 7 127 1 1
0 3 131 1 1
0 10 124 1 1
0 9 125 1 1
0 5 129 1 1
0 4 130 1 1
0 3 189 1 1
0 5 191 1 1
0 6 192 1 1
0 4 190 1 1
0 7 193 1 1
0 9 195 1 1
0 11 186 1 1
0 8 194 1 1
0 2 188 1 1
0 1 187 1 1
0 2 187 1 1
0 3 187 1 1
0 4 187 1 1
0 5 187 1 1
0 8 187 1 1
0 6 187 1 1
0 9 187 1 1
0 7 187 1 1
0 10 187 1 1
0 1 187 1 1
0 9 190 1 1
0 7 192 1 1
0 2 186 1 1
0 10 189 1 1
0 6 193 1 1
0 4 195 1 1
0 5 194 1 1
0 1 187 1 1
0 8 191 1 1
0 3 381 1 1
0 5 383 1 1
0 6 384 1 1
0 4 382 1 1
0 7 385 1 1
0 9 387 1 1
0 11 378 1 1
0 8 386 1 1
0 2 380 1 1
0 1 379 1 1
0 1 378 1 1
0 6 384 1 1
0 8 382 1 1
0 7 383 1 1
0 3 387 1 1
0 10 380 1 1
0 9 381 1 1
0 5 385 1 1
0 4 386 1 1
0 9 382 1 1
0 7 384 1 1
0 2 378 1 1
0 10 381 1 1
0 6 385 1 1
0 4 387 1 1
0 5 386 1 1
0 1 379 1 1
0 8 383 1 1
0 1 382 1 1
0 11 386 1 1
0 5 386 1 1
0 10 380 1 1
0 3 384 1 1
0 4 385 1 1
0 9 379 1 1
0 6 387 1 1
0 8 378 1 1
0 2 383 1 1
0 10 382 1 1
0 7 382 1 1
0 9 382 1 1
0 6 382 1 1
0 8 382 1 1
0 5 382 1 1
0 4 382 1 1
0 3 382 1 1
0 2 382 1 1
0 1 382 1 1
0 7 387 1 1
0 2 381 1 1
0 10 384 1 1
0 4 379 1 1
0 8 386 1 1
0 3 380 1 1
0 5 378 1 1
0 1 382 1 1
0 9 385 1 1
0 3 195 1 1
0 5 197 1 1
0 6 198 1 1
0 4 196 1 1
0 7 199 1 1
0 9 201 1 1
0 11 192 1 1
0 8 200 1 1
0 2 194 1 1
0 1 193 1 1
0 2 193 1 1
0 3 193 1 1
0 4 193 1 1
0 5 193 1 1
0 8 193 1 1
0 6 193 1 1
0 9 193 1 1
0 7 193 1 1
0 10 193 1 1
0 1 193 1 1
0 9 196 1 1
0 7 198 1 1
0 2 192 1 1
0 10 195 1 1
0 6 199 1 1
0 4 201 1 1
0 5 200 1 1
0 1 193 1 1
0 8 197 1 1
0 3 458 1 1
0 5 460 1 1
0 6 461 1 1
0 4 459 1 1
0 7 462 1 1
0 9 464 1 1
0 11 455 1 1
0 8 463 1 1
0 2 457 1 1
0 1 456 1 1
0 1 455 1 1
0 6 461 1 1
0 8 459 1 1
0 7 460 1 1
0 3 464 1 1
0 10 457 1 1
0 9 458 1 1
0 5 462 1 1
0 4 463 1 1
0 9 459 1 1
0 7 461 1 1
0 2 455 1 1
0 10 458 1 1
0 6 462 1 1
0 4 464 1 1
0 5 463 1 1
0 1 456 1 1
0 8 460 1 1
0 1 459 1 1
0 11 463 1 1
0 5 463 1 1
0 10 457 1 1
0 3 461 1 1
0 4 462 1 1
0 9 456 1 1
0 6 464 1 1
0 8 455 1 1
0 2 460 1 1
0 10 459 1 1
0 7 459 1 1
0 9 459 1 1
0 6 459 1 1
0 8 459 1 1
0 5 459 1 1
0 4 459 1 1
0 3 459 1 1
0 2 459 1 1
0 1 459 1 1
0 7 464 1 1
0 2 458 1 1
0 10 461 1 1
0 4 456 1 1
0 8 463 1 1
0 3 457 1 1
0 5 455 1 1
0 1 459 1 1
0 9 462 1 1
0 7 457 1 1
0 10 460 1 1
0 9 459 1 1
0 2 463 1 1
0 1 462 1 1
0 11 460 1 1
0 3 464 1 1
0 8 458 1 1
0 5 455 1 1
0 6 456 1 1
0 3 531 1 1
0 5 533 1 1
0 6 534 1 1
0 4 532 1 1
0 7 535 1 1
0 9 537 1 1
0 11 528 1 1
0 8 536 1 1
0 2 530 1 1
0 1 529 1 1
0 2 529 1 1
0 3 529 1 1
0 4 529 1 1
0 5 529 1 1
0 8 529 1 1
0 6 529 1 1
0 9 529 1 1
0 7 529 1 1
0 10 529 1 1
0 1 529 1 1
0 9 532 1 1
0 7 534 1 1
0 2 528 1 1
0 10 531 1 1
0 6 535 1 1
0 4 537 1 1
0 5 536 1 1
0 1 529 1 1
0 8 533 1 1
0 1 532 1 1
0 11 536 1 1
0 5 536 1 1
0 10 530 1 1
0 3 534 1 1
0 4 535 1 1
0 9 529 1 1
0 6 537 1 1
0 8 528 1 1
0 2 533 1 1
0 10 532 1 1
0 7 532 1 1
0 9 532 1 1
0 6 532 1 1
0 8 532 1 1
0 5 532 1 1
0 4 532 1 1
0 3 532 1 1
0 2 532 1 1
0 1 532 1 1
0 7 537 1 1
0 2 531 1 1
0 10 534 1 1
0 4 529 1 1
0 8 536 1 1
0 3 530 1 1
0 5 528 1 1
0 1 532 1 1
0 9 535 1 1
0 7 530 1 1
0 10 533 1 1
0 9 532 1 1
0 2 536 1 1
0 1 535 1 1
0 11 533 1 1
0 3 537 1 1
0 8 531 1 1
0 5 528 1 1
0 6 529 1 1
0 3 535 1 1
0 1 535 1 1
0 6 535 1 1
0 7 535 1 1
0 4 535 1 1
0 5 535 1 1
0 10 535 1 1
0 8 535 1 1
0 2 535 1 1
0 9 535 1 1
0 3 204 1 1
0 5 206 1 1
0 6 207 1 1
0 4 205 1 1
0 7 208 1 1
0 9 210 1 1
0 11 201 1 1
0 8 209 1 1
0 2 203 1 1
0 1 202 1 1
0 2 202 1 1
0 3 202 1 1
0 4 202 1 1
0 5 202 1 1
0 8 202 1 1
0 6 202 1 1
0 9 202 1 1
0 7 202 1 1
0 10 202 1 1
0 1 202 1 1
0 9 205 1 1
0 7 207 1 1
0 2 201 1 1
0 10 204 1 1
0 6 208 1 1
0 4 210 1 1
0 5 209 1 1
0 1 202 1 1
0 8 206 1 1
0 3 343 1 1
0 5 345 1 1
0 6 346 1 1
0 4 344 1 1
0 7 347 1 1
0 9 349 1 1
0 11 340 1 1
0 8 348 1 1
0 2 342 1 1
0 1 341 1 1
0 1 340 1 1
0 6 346 1 1
0 8 344 1 1
0 7 345 1 1
0 3 349 1 1
0 10 342 1 1
0 9 343 1 1
0 5 347 1 1
0 4 348 1 1
0 9 344 1 1
0 7 346 1 1
0 2 340 1 1
0 10 343 1 1
0 6 347 1 1
0 4 349 1 1
0 5 348 1 1
0 1 341 1 1
0 8 345 1 1
0 1 344 1 1
0 11 348 1 1
0 5 348 1 1
0 10 342 1 1
0 3 346 1 1
0 4 347 1 1
0 9 341 1 1
0 6 349 1 1
0 8 340 1 1
0 2 345 1 1
0 10 344 1 1
0 7 344 1 1
0 9 344 1 1
0 6 344 1 1
0 8 344 1 1
0 5 344 1 1
0 4 344 1 1
0 3 344 1 1
0 2 344 1 1
0 1 344 1 1
0 3 72 1 1
0 5 74 1 1
0 6 75 1 1
0 4 73 1 1
0 7 76 1 1
0 9 78 1 1
0 11 69 1 1
0 8 77 1 1
0 2 71 1 1
0 1 70 1 1
0 3 423 1 1
0 5 425 1 1
0 6 426 1 1
0 4 424 1 1
0 7 427 1 1
0 9 429 1 1
0 11 420 1 1
0 8 428 1 1
0 2 422 1 1
0 1 421 1 1
0 1 420 1 1
0 6 426 1 1
0 8 424 1 1
0 7 425 1 1
0 3 429 1 1
0 10 422 1 1
0 9 423 1 1
0 5 427 1 1
0 4 428 1 1
0 9 424 1 1
0 7 426 1 1
0 2 420 1 1
0 10 423 1 1
0 6 427 1 1
0 4 429 1 1
0 5 428 1 1
0 1 421 1 1
0 8 425 1 1
0 1 424 1 1
0 11 428 1 1
0 5 428 1 1
0 10 422 1 1
0 3 426 1 1
0 4 427 1 1
0 9 421 1 1
0 6 429 1 1
0 8 420 1 1
0 2 425 1 1
0 10 424 1 1
0 7 424 1 1
0 9 424 1 1
0 6 424 1 1
0 8 424 1 1
0 5 424 1 1
0 4 424 1 1
0 3 424 1 1
0 2 424 1 1
0 1 424 1 1
0 7 429 1 1
0 2 423 1 1
0 10 426 1 1
0 4 421 1 1
0 8 428 1 1
0 3 422 1 1
0 5 420 1 1
0 1 424 1 1
0 9 427 1 1
0 3 571 1 1
0 5 573 1 1
0 6 574 1 1
0 4 572 1 1
0 7 575 1 1
0 9 577 1 1
0 11 568 1 1
0 8 576 1 1
0 2 570 1 1
0 1 569 1 1
0 2 569 1 1
0 3 569 1 1
0 4 569 1 1
0 5 569 1 1
0 8 569 1 1
0 6 569 1 1
0 9 569 1 1
0 7 569 1 1
0 10 569 1 1
0 1 569 1 1
0 9 572 1 1
0 7 574 1 1
0 2 568 1 1
0 10 571 1 1
0 6 575 1 1
0 4 577 1 1
0 5 576 1 1
0 1 569 1 1
0 8 573 1 1
0 1 572 1 1
0 11 576 1 1
0 5 576 1 1
0 10 570 1 1
0 3 574 1 1
0 4 575 1 1
0 9 569 1 1
0 6 577 1 1
0 8 568 1 1
0 2 573 1 1
0 10 572 1 1
0 7 572 1 1
0 9 572 1 1
0 6 572 1 1
0 8 572 1 1
0 5 572 1 1
0 4 572 1 1
0 3 572 1 1
0 2 572 1 1
0 1 572 1 1
0 7 577 1 1
0 2 571 1 1
0 10 574 1 1
0 4 569 1 1
0 8 576 1 1
0 3 570 1 1
0 5 568 1 1
0 1 572 1 1
0 9 575 1 1
0 7 570 1 1
0 10 573 1 1
0 9 572 1 1
0 2 576 1 1
0 1 575 1 1
0 11 573 1 1
0 3 577 1 1
0 8 571 1 1
0 5 568 1 1
0 6 569 1 1
0 3 575 1 1
0 1 575 1 1
0 6 575 1 1
0 7 575 1 1
0 4 575 1 1
0 5 575 1 1
0 10 575 1 1
0 8 575 1 1
0 2 575 1 1
0 9 575 1 1
0 3 579 1 1
0 5 581 1 1
0 6 582 1 1
0 4 580 1 1
0 7 583 1 1
0 9 585 1 1
0 11 576 1 1
0 8 584 1 1
0 2 578 1 1
0 1 577 1 1
0 2 577 1 1
0 3 577 1 1
0 4 577 1 1
0 5 577 1 1
0 8 577 1 1
0 6 577 1 1
0 9 577 1 1
0 7 577 1 1
0 10 577 1 1
0 1 577 1 1
0 9 580 1 1
0 7 582 1 1
0 2 576 1 1
0 10 579 1 1
0 6 583 1 1
0 4 585 1 1
0 5 584 1 1
0 1 577 1 1
0 8 581 1 1
0 1 580 1 1
0 11 584 1 1
0 5 584 1 1
0 10 578 1 1
0 3 582 1 1
0 4 583 1 1
0 9 577 1 1
0 6 585 1 1
0 8 576 1 1
0 2 581 1 1
0 10 580 1 1
0 7 580 1 1
0 9 580 1 1
0 6 580 1 1
0 8 580 1 1
0 5 580 1 1
0 4 580 1 1
0 3 580 1 1
0 2 580 1 1
0 1 580 1 1
0 7 585 1 1
0 2 579 1 1
0 10 582 1 1
0 4 577 1 1
0 8 584 1 1
0 3 578 1 1
0 5 576 1 1
0 1 580 1 1
0 9 583 1 1
0 7 578 1 1
0 10 581 1 1
0 9 580 1 1
0 2 584 1 1
0 1 583 1 1
0 11 581 1 1
0 3 585 1 1
0 8 579 1 1
0 5 576 1 1
0 6 577 1 1
0 3 583 1 1
0 1 583 1 1
0 6 583 1 1
0 7 583 1 1
0 4 583 1 1
0 5 583 1 1
0 10 583 1 1
0 8 583 1 1
0 2 583 1 1
0 9 583 1 1
0 3 587 1 1
0 5 589 1 1
0 6 590 1 1
0 4 588 1 1
0 7 591 1 1
0 9 593 1 1
0 11 584 1 1
0 8 592 1 1
0 2 586 1 1
0 1 585 1 1
0 2 585 1 1
0 3 585 1 1
0 4 585 1 1
0 5 585 1 1
0 8 585 1 1
0 6 585 1 1
0 9 585 1 1
0 7 585 1 1
0 10 585 1 1
0 1 585 1 1
0 9 588 1 1
0 7 590 1 1
0 2 584 1 1
0 10 587 1 1
0 6 591 1 1
0 4 593 1 1
0 5 592 1 1
0 1 585 1 1
0 8 589 1 1
0 1 588 1 1
0 11 592 1 1
0 5 592 1 1
0 10 586 1 1
0 3 590 1 1
0 4 591 1 1
0 9 585 1 1
0 6 593 1 1
0 8 584 1 1
0 2 589 1 1
0 10 588 1 1
0 7 588 1 1
0 9 588 1 1
0 6 588 1 1
0 8 588 1 1
0 5 588 1 1
0 4 588 1 1
0 3 588 1 1
0 2 588 1 1
0 1 588 1 1
0 7 593 1 1
0 2 587 1 1
0 10 590 1 1
0 4 585 1 1
0 8 592 1 1
0 3 586 1 1
0 5 584 1 1
0 1 588 1 1
0 9 591 1 1
0 7 586 1 1
0 10 589 1 1
0 9 588 1 1
0 2 592 1 1
0 1 591 1 1
0 11 589 1 1
0 3 593 1 1
0 8 587 1 1
0 5 584 1 1
0 6 585 1 1
0 3 591 1 1
0 1 591 1 1
0 6 591 1 1
0 7 591 1 1
0 4 591 1 1
0 5 591 1 1
0 10 591 1 1
0 8 591 1 1
0 2 591 1 1
0 9 591 1 1
0 3 521 1 1
0 5 523 1 1
0 6 524 1 1
0 4 522 1 1
0 7 525 1 1
0 9 527 1 1
0 11 518 1 1
0 8 526 1 1
0 2 520 1 1
0 1 519 1 1
0 1 518 1 1
0 6 524 1 1
0 8 522 1 1
0 7 523 1 1
0 3 527 1 1
0 10 520 1 1
0 9 521 1 1
0 5 525 1 1
0 4 526 1 1
0 9 522 1 1
0 7 524 1 1
0 2 518 1 1
0 10 521 1 1
0 6 525 1 1
0 4 527 1 1
0 5 526 1 1
0 1 519 1 1
0 8 523 1 1
0 1 522 1 1
0 11 526 1 1
0 5 526 1 1
0 10 520 1 1
0 3 524 1 1
0 4 525 1 1
0 9 519 1 1
0 6 527 1 1
0 8 518 1 1
0 2 523 1 1
0 10 522 1 1
0 7 522 1 1
0 9 522 1 1
0 6 522 1 1
0 8 522 1 1
0 5 522 1 1
0 4 522 1 1
0 3 522 1 1
0 2 522 1 1
0 1 522 1 1
0 7 527 1 1
0 2 521 1 1
0 10 524 1 1
0 4 519 1 1
0 8 526 1 1
0 3 520 1 1
0 5 518 1 1
0 1 522 1 1
0 9 525 1 1
0 7 520 1 1
0 10 523 1 1
0 9 522 1 1
0 2 526 1 1
0 1 525 1 1
0 11 523 1 1
0 3 527 1 1
0 8 521 1 1
0 5 518 1 1
0 6 519 1 1
0 3 228 1 1
0 5 230 1 1
0 6 231 1 1
0 4 229 1 1
0 7 232 1 1
0 9 234 1 1
0 11 225 1 1
0 8 233 1 1
0 2 227 1 1
0 1 226 1 1
0 2 226 1 1
0 3 226 1 1
0 4 226 1 1
0 5 226 1 1
0 8 226 1 1
0 6 226 1 1
0 9 226 1 1
0 7 226 1 1
0 10 226 1 1
0 1 226 1 1
0 9 229 1 1
0 7 231 1 1
0 2 225 1 1
0 10 228 1 1
0 6 232 1 1
0 4 234 1 1
0 5 233 1 1
0 1 226 1 1
0 8 230 1 1
0 3 687 1 1
0 5 689 1 1
0 6 690 1 1
0 4 688 1 1
0 7 691 1 1
0 9 693 1 1
0 11 684 1 1
0 8 692 1 1
0 2 686 1 1
0 1 685 1 1
0 1 684 1 1
0 6 690 1 1
0 8 688 1 1
0 7 689 1 1
0 3 693 1 1
0 10 686 1 1
0 9 687 1 1
0 5 691 1 1
0 4 692 1 1
0 9 688 1 1
0 7 690 1 1
0 2 684 1 1
0 10 687 1 1
0 6 691 1 1
0 4 693 1 1
0 5 692 1 1
0 1 685 1 1
0 8 689 1 1
0 1 688 1 1
0 11 692 1 1
0 5 692 1 1
0 10 686 1 1
0 3 690 1 1
0 4 691 1 1
0 9 685 1 1
0 6 693 1 1
0 8 684 1 1
0 2 689 1 1
0 10 688 1 1
0 7 688 1 1
0 9 688 1 1
0 6 688 1 1
0 8 688 1 1
0 5 688 1 1
0 4 688 1 1
0 3 688 1 1
0 2 688 1 1
0 1 688 1 1
0 7 693 1 1
0 2 687 1 1
0 10 690 1 1
0 4 685 1 1
0 8 692 1 1
0 3 686 1 1
0 5 684 1 1
0 1 688 1 1
0 9 691 1 1
0 7 686 1 1
0 10 689 1 1
0 9 688 1 1
0 2 692 1 1
0 1 691 1 1
0 11 689 1 1
0 3 693 1 1
0 8 687 1 1
0 5 684 1 1
0 6 685 1 1
0 3 691 1 1
0 1 691 1 1
0 6 691 1 1
0 7 691 1 1
0 4 691 1 1
0 5 691 1 1
0 10 691 1 1
0 8 691 1 1
0 2 691 1 1
0 9 691 1 1
0 6 686 1 1
0 1 691 1 1
0 4 688 1 1
0 10 693 1 1
0 2 690 1 1
0 3 689 1 1
0 7 685 1 1
0 8 684 1 1
0 5 687 1 1
0 3 696 1 1
0 5 698 1 1
0 6 699 1 1
0 4 697 1 1
0 7 700 1 1
0 9 702 1 1
0 11 693 1 1
0 8 701 1 1
0 2 695 1 1
0 1 694 1 1
0 1 693 1 1
0 6 699 1 1
0 8 697 1 1
0 7 698 1 1
0 3 702 1 1
0 10 695 1 1
0 9 696 1 1
0 5 700 1 1
0 4 701 1 1
0 9 697 1 1
0 7 699 1 1
0 2 693 1 1
0 10 696 1 1
0 6 700 1 1
0 4 702 1 1
0 5 701 1 1
0 1 694 1 1
0 8 698 1 1
0 1 697 1 1
0 11 701 1 1
0 5 701 1 1
0 10 695 1 1
0 3 699 1 1
0 4 700 1 1
0 9 694 1 1
0 6 702 1 1
0 8 693 1 1
0 2 698 1 1
0 10 697 1 1
0 7 697 1 1
0 9 697 1 1
0 6 697 1 1
0 8 697 1 1
0 5 697 1 1
0 4 697 1 1
0 3 697 1 1
0 2 697 1 1
0 1 697 1 1
0 7 702 1 1
0 2 696 1 1
0 10 699 1 1
0 4 694 1 1
0 8 701 1 1
0 3 695 1 1
0 5 693 1 1
0 1 697 1 1
0 9 700 1 1
0 7 695 1 1
0 10 698 1 1
0 9 697 1 1
0 2 701 1 1
0 1 700 1 1
0 11 698 1 1
0 3 702 1 1
0 8 696 1 1
0 5 693 1 1
0 6 694 1 1
0 3 700 1 1
0 1 700 1 1
0 6 700 1 1
0 7 700 1 1
0 4 700 1 1
0 5 700 1 1
0 10 700 1 1
0 8 700 1 1
0 2 700 1 1
0 9 700 1 1
0 6 695 1 1
0 1 700 1 1
0 4 697 1 1
0 10 702 1 1
0 2 699 1 1
0 3 698 1 1
0 7 694 1 1
0 8 693 1 1
0 5 696 1 1
0 3 315 1 1
0 5 317 1 1
0 6 318 1 1
0 4 316 1 1
0 7 319 1 1
0 9 321 1 1
0 11 312 1 1
0 8 320 1 1
0 2 314 1 1
0 1 313 1 1
0 2 313 1 1
0 3 313 1 1
0 4 313 1 1
0 5 313 1 1
0 8 313 1 1
0 6 313 1 1
0 9 313 1 1
0 7 313 1 1
0 10 313 1 1
0 1 313 1 1
0 9 316 1 1
0 7 318 1 1
0 2 312 1 1
0 10 315 1 1
0 6 319 1 1
0 4 321 1 1
0 5 320 1 1
0 1 313 1 1
0 8 317 1 1
0 1 316 1 1
0 11 320 1 1
0 5 320 1 1
0 10 314 1 1
0 3 318 1 1
0 4 319 1 1
0 9 313 1 1
0 6 321 1 1
0 8 312 1 1
0 2 317 1 1
0 3 240 1 1
0 5 242 1 1
0 6 243 1 1
0 4 241 1 1
0 7 244 1 1
0 9 246 1 1
0 11 237 1 1
0 8 245 1 1
0 2 239 1 1
0 1 238 1 1
0 2 238 1 1
0 3 238 1 1
0 4 238 1 1
0 5 238 1 1
0 8 238 1 1
0 6 238 1 1
0 9 238 1 1
0 7 238 1 1
0 10 238 1 1
0 1 238 1 1
0 9 241 1 1
0 7 243 1 1
0 2 237 1 1
0 10 240 1 1
0 6 244 1 1
0 4 246 1 1
0 5 245 1 1
0 1 238 1 1
0 8 242 1 1
0 3 643 1 1
0 5 645 1 1
0 6 646 1 1
0 4 644 1 1
0 7 647 1 1
0 9 649 1 1
0 11 640 1 1
0 8 648 1 1
0 2 642 1 1
0 1 641 1 1
0 2 641 1 1
0 3 641 1 1
0 4 641 1 1
0 5 641 1 1
0 8 641 1 1
0 6 641 1 1
0 9 641 1 1
0 7 641 1 1
0 10 641 1 1
0 1 641 1 1
0 9 644 1 1
0 7 646 1 1
0 2 640 1 1
0 10 643 1 1
0 6 647 1 1
0 4 649 1 1
0 5 648 1 1
0 1 641 1 1
0 8 645 1 1
0 1 644 1 1
0 11 648 1 1
0 5 648 1 1
0 10 642 1 1
0 3 646 1 1
0 4 647 1 1
0 9 641 1 1
0 6 649 1 1
0 8 640 1 1
0 2 645 1 1
0 10 644 1 1
0 7 644 1 1
0 9 644 1 1
0 6 644 1 1
0 8 644 1 1
0 5 644 1 1
0 4 644 1 1
0 3 644 1 1
0 2 644 1 1
0 1 644 1 1
0 7 649 1 1
0 2 643 1 1
0 10 646 1 1
0 4 641 1 1
0 8 648 1 1
0 3 642 1 1
0 5 640 1 1
0 1 644 1 1
0 9 647 1 1
0 7 642 1 1
0 10 645 1 1
0 9 644 1 1
0 2 648 1 1
0 1 647 1 1
0 11 645 1 1
0 3 649 1 1
0 8 643 1 1
0 5 640 1 1
0 6 641 1 1
0 3 647 1 1
0 1 647 1 1
0 6 647 1 1
0 7 647 1 1
0 4 647 1 1
0 5 647 1 1
0 10 647 1 1
0 8 647 1 1
0 2 647 1 1
0 9 647 1 1
0 3 732 1 1
0 5 734 1 1
0 6 735 1 1
0 4 733 1 1
0 7 736 1 1
0 9 738 1 1
0 11 729 1 1
0 8 737 1 1
0 2 731 1 1
0 1 730 1 1
0 1 729 1 1
0 6 735 1 1
0 8 733 1 1
0 7 734 1 1
0 3 738 1 1
0 10 731 1 1
0 9 732 1 1
0 5 736 1 1
0 4 737 1 1
0 9 733 1 1
0 7 735 1 1
0 2 729 1 1
0 10 732 1 1
0 6 736 1 1
0 4 738 1 1
0 5 737 1 1
0 1 730 1 1
0 8 734 1 1
0 1 733 1 1
0 11 737 1 1
0 5 737 1 1
0 10 731 1 1
0 3 735 1 1
0 4 736 1 1
0 9 730 1 1
0 6 738 1 1
0 8 729 1 1
0 2 734 1 1
0 10 733 1 1
0 7 733 1 1
0 9 733 1 1
0 6 733 1 1
0 8 733 1 1
0 5 733 1 1
0 4 733 1 1
0 3 733 1 1
0 2 733 1 1
0 1 733 1 1
0 7 738 1 1
0 2 732 1 1
0 10 735 1 1
0 4 730 1 1
0 8 737 1 1
0 3 731 1 1
0 5 729 1 1
0 1 733 1 1
0 9 736 1 1
0 7 731 1 1
0 10 734 1 1
0 9 733 1 1
0 2 737 1 1
0 1 736 1 1
0 11 734 1 1
0 3 738 1 1
0 8 732 1 1
0 5 729 1 1
0 6 730 1 1
0 3 736 1 1
0 1 736 1 1
0 6 736 1 1
0 7 736 1 1
0 4 736 1 1
0 5 736 1 1
0 10 736 1 1
0 8 736 1 1
0 2 736 1 1
0 9 736 1 1
0 6 731 1 1
0 1 736 1 1
0 4 733 1 1
0 10 738 1 1
0 2 735 1 1
0 3 734 1 1
0 7 730 1 1
0 8 729 1 1
0 5 732 1 1
0 3 167 1 1
0 5 169 1 1
0 6 170 1 1
0 4 168 1 1
0 7 171 1 1
0 9 173 1 1
0 11 164 1 1
0 8 172 1 1
0 2 166 1 1
0 1 165 1 1
0 1 164 1 1
0 6 170 1 1
0 8 168 1 1
0 7 169 1 1
0 3 173 1 1
0 10 166 1 1
0 9 167 1 1
0 5 171 1 1
0 4 172 1 1
0 3 750 1 1
0 5 752 1 1
0 6 753 1 1
0 4 751 1 1
0 7 754 1 1
0 9 756 1 1
0 11 747 1 1
0 8 755 1 1
0 2 749 1 1
0 1 748 1 1
0 1 747 1 1
0 6 753 1 1
0 8 751 1 1
0 7 752 1 1
0 3 756 1 1
0 10 749 1 1
0 9 750 1 1
0 5 754 1 1
0 4 755 1 1
0 9 751 1 1
0 7 753 1 1
0 2 747 1 1
0 10 750 1 1
0 6 754 1 1
0 4 756 1 1
0 5 755 1 1
0 1 748 1 1
0 8 752 1 1
0 1 751 1 1
0 11 755 1 1
0 5 755 1 1
0 10 749 1 1
0 3 753 1 1
0 4 754 1 1
0 9 748 1 1
0 6 756 1 1
0 8 747 1 1
0 2 752 1 1
0 10 751 1 1
0 7 751 1 1
0 9 751 1 1
0 6 751 1 1
0 8 751 1 1
0 5 751 1 1
0 4 751 1 1
0 3 751 1 1
0 2 751 1 1
0 1 751 1 1
0 7 756 1 1
0 2 750 1 1
0 10 753 1 1
0 4 748 1 1
0 8 755 1 1
0 3 749 1 1
0 5 747 1 1
0 1 751 1 1
0 9 754 1 1
0 7 749 1 1
0 10 752 1 1
0 9 751 1 1
0 2 755 1 1
0 1 754 1 1
0 11 752 1 1
0 3 756 1 1
0 8 750 1 1
0 5 747 1 1
0 6 748 1 1
0 3 754 1 1
0 1 754 1 1
0 6 754 1 1
0 7 754 1 1
0 4 754 1 1
0 5 754 1 1
0 10 754 1 1
0 8 754 1 1
0 2 754 1 1
0 9 754 1 1
0 6 749 1 1
0 1 754 1 1
0 4 751 1 1
0 10 756 1 1
0 2 753 1 1
0 3 752 1 1
0 7 748 1 1
0 8 747 1 1
0 5 750 1 1
0 3 423 1 1
0 5 425 1 1
0 6 426 1 1
0 4 424 1 1
0 7 427 1 1
0 9 429 1 1
0 11 420 1 1
0 8 428 1 1
0 2 422 1 1
0 1 421 1 1
0 1 420 1 1
0 6 426 1 1
0 8 424 1 1
0 7 425 1 1
0 3 429 1 1
0 10 422 1 1
0 9 423 1 1
0 5 427 1 1
0 4 428 1 1
0 9 424 1 1
0 7 426 1 1
0 2 420 1 1
0 10 423 1 1
0 6 427 1 1
0 4 429 1 1
0 5 428 1 1
0 1 421 1 1
0 8 425 1 1
0 1 424 1 1
0 11 428 1 1
0 5 428 1 1
0 10 422 1 1
0 3 426 1 1
0 4 427 1 1
0 9 421 1 1
0 6 429 1 1
0 8 420 1 1
0 2 425 1 1
0 10 424 1 1
0 7 424 1 1
0 9 424 1 1
0 6 424 1 1
0 8 424 1 1
0 5 424 1 1
0 4 424 1 1
0 3 424 1 1
0 2 424 1 1
0 1 424 1 1
0 3 428 1 1
0 5 430 1 1
0 6 431 1 1
0 4 429 1 1
0 7 432 1 1
0 9 434 1 1
0 11 425 1 1
0 8 433 1 1
0 2 427 1 1
0 1 426 1 1
0 1 425 1 1
0 6 431 1 1
0 8 429 1 1
0 7 430 1 1
0 3 434 1 1
0 10 427 1 1
0 9 428 1 1
0 5 432 1 1
0 4 433 1 1
0 9 429 1 1
0 7 431 1 1
0 2 425 1 1
0 10 428 1 1
0 6 432 1 1
0 4 434 1 1
0 5 433 1 1
0 1 426 1 1
0 8 430 1 1
0 1 429 1 1
0 11 433 1 1
0 5 433 1 1
0 10 427 1 1
0 3 431 1 1
0 4 432 1 1
0 9 426 1 1
0 6 434 1 1
0 8 425 1 1
0 2 430 1 1
0 10 429 1 1
0 7 429 1 1
0 9 429 1 1
0 6 429 1 1
0 8 429 1 1
0 5 429 1 1
0 4 429 1 1
0 3 429 1 1
0 2 429 1 1
0 1 429 1 1
0 3 261 1 1
0 5 263 1 1
0 6 264 1 1
0 4 262 1 1
0 7 265 1 1
0 9 267 1 1
0 11 258 1 1
0 8 266 1 1
0 2 260 1 1
0 1 259 1 1
0 2 259 1 1
0 3 259 1 1
0 4 259 1 1
0 5 259 1 1
0 8 259 1 1
0 6 259 1 1
0 9 259 1 1
0 7 259 1 1
0 10 259 1 1
0 1 259 1 1
0 9 262 1 1
0 7 264 1 1
0 2 258 1 1
0 10 261 1 1
0 6 265 1 1
0 4 267 1 1
0 5 266 1 1
0 1 259 1 1
0 8 263 1 1
0 3 351 1 1
0 5 353 1 1
0 6 354 1 1
0 4 352 1 1
0 7 355 1 1
0 9 357 1 1
0 11 348 1 1
0 8 356 1 1
0 2 350 1 1
0 1 349 1 1
0 2 349 1 1
0 3 349 1 1
0 4 349 1 1
0 5 349 1 1
0 8 349 1 1
0 6 349 1 1
0 9 349 1 1
0 7 349 1 1
0 10 349 1 1
0 1 349 1 1
0 9 352 1 1
0 7 354 1 1
0 2 348 1 1
0 10 351 1 1
0 6 355 1 1
0 4 357 1 1
0 5 356 1 1
0 1 349 1 1
0 8 353 1 1
0 1 352 1 1
0 11 356 1 1
0 5 356 1 1
0 10 350 1 1
0 3 354 1 1
0 4 355 1 1
0 9 349 1 1
0 6 357 1 1
0 8 348 1 1
0 2 353 1 1
0 3 531 1 1
0 5 533 1 1
0 6 534 1 1
0 4 532 1 1
0 7 535 1 1
0 9 537 1 1
0 11 528 1 1
0 8 536 1 1
0 2 530 1 1
0 1 529 1 1
0 1 528 1 1
0 6 534 1 1
0 8 532 1 1
0 7 533 1 1
0 3 537 1 1
0 10 530 1 1
0 9 531 1 1
0 5 535 1 1
0 4 536 1 1
0 9 532 1 1
0 7 534 1 1
0 2 528 1 1
0 10 531 1 1
0 6 535 1 1
0 4 537 1 1
0 5 536 1 1
0 1 529 1 1
0 8 533 1 1
0 1 532 1 1
0 11 536 1 1
0 5 536 1 1
0 10 530 1 1
0 3 534 1 1
0 4 535 1 1
0 9 529 1 1
0 6 537 1 1
0 8 528 1 1
0 2 533 1 1
0 10 532 1 1
0 7 532 1 1
0 9 532 1 1
0 6 532 1 1
0 8 532 1 1
0 5 532 1 1
0 4 532 1 1
0 3 532 1 1
0 2 532 1 1
0 1 532 1 1
0 7 537 1 1
0 2 531 1 1
0 10 534 1 1
0 4 529 1 1
0 8 536 1 1
0 3 530 1 1
0 5 528 1 1
0 1 532 1 1
0 9 535 1 1
0 3 448 1 1
0 5 450 1 1
0 6 451 1 1
0 4 449 1 1
0 7 452 1 1
0 9 454 1 1
0 11 445 1 1
0 8 453 1 1
0 2 447 1 1
0 1 446 1 1
0 1 445 1 1
0 6 451 1 1
0 8 449 1 1
0 7 450 1 1
0 3 454 1 1
0 10 447 1 1
0 9 448 1 1
0 5 452 1 1
0 4 453 1 1
0 9 449 1 1
0 7 451 1 1
0 2 445 1 1
0 10 448 1 1
0 6 452 1 1
0 4 454 1 1
0 5 453 1 1
0 1 446 1 1
0 8 450 1 1
0 1 449 1 1
0 11 453 1 1
0 5 453 1 1
0 10 447 1 1
0 3 451 1 1
0 4 452 1 1
0 9 446 1 1
0 6 454 1 1
0 8 445 1 1
0 2 450 1 1
0 10 449 1 1
0 7 449 1 1
0 9 449 1 1
0 6 449 1 1
0 8 449 1 1
0 5 449 1 1
0 4 449 1 1
0 3 449 1 1
0 2 449 1 1
0 1 449 1 1
0 3 363 1 1
0 5 365 1 1
0 6 366 1 1
0 4 364 1 1
0 7 367 1 1
0 9 369 1 1
0 11 360 1 1
0 8 368 1 1
0 2 362 1 1
0 1 361 1 1
0 2 361 1 1
0 3 361 1 1
0 4 361 1 1
0 5 361 1 1
0 8 361 1 1
0 6 361 1 1
0 9 361 1 1
0 7 361 1 1
0 10 361 1 1
0 1 361 1 1
0 9 364 1 1
0 7 366 1 1
0 2 360 1 1
0 10 363 1 1
0 6 367 1 1
0 4 369 1 1
0 5 368 1 1
0 1 361 1 1
0 8 365 1 1
0 1 364 1 1
0 11 368 1 1
0 5 368 1 1
0 10 362 1 1
0 3 366 1 1
0 4 367 1 1
0 9 361 1 1
0 6 369 1 1
0 8 360 1 1
0 2 365 1 1
0 3 822 1 1
0 5 824 1 1
0 6 825 1 1
0 4 823 1 1
0 7 826 1 1
0 9 828 1 1
0 11 819 1 1
0 8 827 1 1
0 2 821 1 1
0 1 820 1 1
0 1 819 1 1
0 6 825 1 1
0 8 823 1 1
0 7 824 1 1
0 3 828 1 1
0 10 821 1 1
0 9 822 1 1
0 5 826 1 1
0 4 827 1 1
0 9 823 1 1
0 7 825 1 1
0 2 819 1 1
0 10 822 1 1
0 6 826 1 1
0 4 828 1 1
0 5 827 1 1
0 1 820 1 1
0 8 824 1 1
0 1 823 1 1
0 11 827 1 1
0 5 827 1 1
0 10 821 1 1
0 3 825 1 1
0 4 826 1 1
0 9 820 1 1
0 6 828 1 1
0 8 819 1 1
0 2 824 1 1
0 10 823 1 1
0 7 823 1 1
0 9 823 1 1
0 6 823 1 1
0 8 823 1 1
0 5 823 1 1
0 4 823 1 1
0 3 823 1 1
0 2 823 1 1
0 1 823 1 1
0 7 828 1 1
0 2 822 1 1
0 10 825 1 1
0 4 820 1 1
0 8 827 1 1
0 3 821 1 1
0 5 819 1 1
0 1 823 1 1
0 9 826 1 1
0 7 821 1 1
0 10 824 1 1
0 9 823 1 1
0 2 827 1 1
0 1 826 1 1
0 11 824 1 1
0 3 828 1 1
0 8 822 1 1
0 5 819 1 1
0 6 820 1 1
0 3 826 1 1
0 1 826 1 1
0 6 826 1 1
0 7 826 1 1
0 4 826 1 1
0 5 826 1 1
0 10 826 1 1
0 8 826 1 1
0 2 826 1 1
0 9 826 1 1
0 6 821 1 1
0 1 826 1 1
0 4 823 1 1
0 10 828 1 1
0 2 825 1 1
0 3 824 1 1
0 7 820 1 1
0 8 819 1 1
0 5 822 1 1
0 3 555 1 1
0 5 557 1 1
0 6 558 1 1
0 4 556 1 1
0 7 559 1 1
0 9 561 1 1
0 11 552 1 1
0 8 560 1 1
0 2 554 1 1
0 1 553 1 1
0 1 552 1 1
0 6 558 1 1
0 8 556 1 1
0 7 557 1 1
0 3 561 1 1
0 10 554 1 1
0 9 555 1 1
0 5 559 1 1
0 4 560 1 1
0 9 556 1 1
0 7 558 1 1
0 2 552 1 1
0 10 555 1 1
0 6 559 1 1
0 4 561 1 1
0 5 560 1 1
0 1 553 1 1
0 8 557 1 1
0 1 556 1 1
0 11 560 1 1
0 5 560 1 1
0 10 554 1 1
0 3 558 1 1
0 4 559 1 1
0 9 553 1 1
0 6 561 1 1
0 8 552 1 1
0 2 557 1 1
0 10 556 1 1
0 7 556 1 1
0 9 556 1 1
0 6 556 1 1
0 8 556 1 1
0 5 556 1 1
0 4 556 1 1
0 3 556 1 1
0 2 556 1 1
0 1 556 1 1
0 7 561 1 1
0 2 555 1 1
0 10 558 1 1
0 4 553 1 1
0 8 560 1 1
0 3 554 1 1
0 5 552 1 1
0 1 556 1 1
0 9 559 1 1
0 3 96 1 1
0 5 98 1 1
0 6 99 1 1
0 4 97 1 1
0 7 100 1 1
0 9 102 1 1
0 11 93 1 1
0 8 101 1 1
0 2 95 1 1
0 1 94 1 1
0 3 191 1 1
0 5 193 1 1
0 6 194 1 1
0 4 192 1 1
0 7 195 1 1
0 9 197 1 1
0 11 188 1 1
0 8 196 1 1
0 2 190 1 1
0 1 189 1 1
0 1 188 1 1
0 6 194 1 1
0 8 192 1 1
0 7 193 1 1
0 3 197 1 1
0 10 190 1 1
0 9 191 1 1
0 5 195 1 1
0 4 196 1 1
0 3 193 1 1
0 5 195 1 1
0 6 196 1 1
0 4 194 1 1
0 7 197 1 1
0 9 199 1 1
0 11 190 1 1
0 8 198 1 1
0 2 192 1 1
0 1 191 1 1
0 1 190 1 1
0 6 196 1 1
0 8 194 1 1
0 7 195 1 1
0 3 199 1 1
0 10 192 1 1
0 9 193 1 1
0 5 197 1 1
0 4 198 1 1
0 3 579 1 1
0 5 581 1 1
0 6 582 1 1
0 4 580 1 1
0 7 583 1 1
0 9 585 1 1
0 11 576 1 1
0 8 584 1 1
0 2 578 1 1
0 1 577 1 1
0 1 576 1 1
0 6 582 1 1
0 8 580 1 1
0 7 581 1 1
0 3 585 1 1
0 10 578 1 1
0 9 579 1 1
0 5 583 1 1
0 4 584 1 1
0 9 580 1 1
0 7 582 1 1
0 2 576 1 1
0 10 579 1 1
0 6 583 1 1
0 4 585 1 1
0 5 584 1 1
0 1 577 1 1
0 8 581 1 1
0 1 580 1 1
0 11 584 1 1
0 5 584 1 1
0 10 578 1 1
0 3 582 1 1
0 4 583 1 1
0 9 577 1 1
0 6 585 1 1
0 8 576 1 1
0 2 581 1 1
0 10 580 1 1
0 7 580 1 1
0 9 580 1 1
0 6 580 1 1
0 8 580 1 1
0 5 580 1 1
0 4 580 1 1
0 3 580 1 1
0 2 580 1 1
0 1 580 1 1
0 7 585 1 1
0 2 579 1 1
0 10 582 1 1
0 4 577 1 1
0 8 584 1 1
0 3 578 1 1
0 5 576 1 1
0 1 580 1 1
0 9 583 1 1
0 3 488 1 1
0 5 490 1 1
0 6 491 1 1
0 4 489 1 1
0 7 492 1 1
0 9 494 1 1
0 11 485 1 1
0 8 493 1 1
0 2 487 1 1
0 1 486 1 1
0 1 485 1 1
0 6 491 1 1
0 8 489 1 1
0 7 490 1 1
0 3 494 1 1
0 10 487 1 1
0 9 488 1 1
0 5 492 1 1
0 4 493 1 1
0 9 489 1 1
0 7 491 1 1
0 2 485 1 1
0 10 488 1 1
0 6 492 1 1
0 4 494 1 1
0 5 493 1 1
0 1 486 1 1
0 8 490 1 1
0 1 489 1 1
0 11 493 1 1
0 5 493 1 1
0 10 487 1 1
0 3 491 1 1
0 4 492 1 1
0 9 486 1 1
0 6 494 1 1
0 8 485 1 1
0 2 490 1 1
0 10 489 1 1
0 7 489 1 1
0 9 489 1 1
0 6 489 1 1
0 8 489 1 1
0 5 489 1 1
0 4 489 1 1
0 3 489 1 1
0 2 489 1 1
0 1 489 1 1
0 3 885 1 1
0 5 887 1 1
0 6 888 1 1
0 4 886 1 1
0 7 889 1 1
0 9 891 1 1
0 11 882 1 1
0 8 890 1 1
0 2 884 1 1
0 1 883 1 1
0 1 882 1 1
0 6 888 1 1
0 8 886 1 1
0 7 887 1 1
0 3 891 1 1
0 10 884 1 1
0 9 885 1 1
0 5 889 1 1
0 4 890 1 1
0 9 886 1 1
0 7 888 1 1
0 2 882 1 1
0 10 885 1 1
0 6 889 1 1
0 4 891 1 1
0 5 890 1 1
0 1 883 1 1
0 8 887 1 1
0 1 886 1 1
0 11 890 1 1
0 5 890 1 1
0 10 884 1 1
0 3 888 1 1
0 4 889 1 1
0 9 883 1 1
0 6 891 1 1
0 8 882 1 1
0 2 887 1 1
0 10 886 1 1
0 7 886 1 1
0 9 886 1 1
0 6 886 1 1
0 8 886 1 1
0 5 886 1 1
0 4 886 1 1
0 3 886 1 1
0 2 886 1 1
0 1 886 1 1
0 7 891 1 1
0 2 885 1 1
0 10 888 1 1
0 4 883 1 1
0 8 890 1 1
0 3 884 1 1
0 5 882 1 1
0 1 886 1 1
0 9 889 1 1
0 7 884 1 1
0 10 887 1 1
0 9 886 1 1
0 2 890 1 1
0 1 889 1 1
0 11 887 1 1
0 3 891 1 1
0 8 885 1 1
0 5 882 1 1
0 6 883 1 1
0 3 889 1 1
0 1 889 1 1
0 6 889 1 1
0 7 889 1 1
0 4 889 1 1
0 5 889 1 1
0 10 889 1 1
0 8 889 1 1
0 2 889 1 1
0 9 889 1 1
0 6 884 1 1
0 1 889 1 1
0 4 886 1 1
0 10 891 1 1
0 2 888 1 1
0 3 887 1 1
0 7 883 1 1
0 8 882 1 1
0 5 885 1 1
0 3 597 1 1
0 5 599 1 1
0 6 600 1 1
0 4 598 1 1
0 7 601 1 1
0 9 603 1 1
0 11 594 1 1
0 8 602 1 1
0 2 596 1 1
0 1 595 1 1
0 1 594 1 1
0 6 600 1 1
0 8 598 1 1
0 7 599 1 1
0 3 603 1 1
0 10 596 1 1
0 9 597 1 1
0 5 601 1 1
0 4 602 1 1
0 9 598 1 1
0 7 600 1 1
0 2 594 1 1
0 10 597 1 1
0 6 601 1 1
0 4 603 1 1
0 5 602 1 1
0 1 595 1 1
0 8 599 1 1
0 1 598 1 1
0 11 602 1 1
0 5 602 1 1
0 10 596 1 1
0 3 600 1 1
0 4 601 1 1
0 9 595 1 1
0 6 603 1 1
0 8 594 1 1
0 2 599 1 1
0 10 598 1 1
0 7 598 1 1
0 9 598 1 1
0 6 598 1 1
0 8 598 1 1
0 5 598 1 1
0 4 598 1 1
0 3 598 1 1
0 2 598 1 1
0 1 598 1 1
0 7 603 1 1
0 2 597 1 1
0 10 600 1 1
0 4 595 1 1
0 8 602 1 1
0 3 596 1 1
0 5 594 1 1
0 1 598 1 1
0 9 601 1 1
