0 3 3 1 1
0 5 5 1 1
0 4 4 1 1
0 7 0 1 1
0 2 2 1 1
0 1 1 1 1
0 1 0 1 1
0 6 2 1 1
0 4 4 1 1
0 3 5 1 1
0 5 3 1 1
0 3 7 1 1
0 5 9 1 1
0 4 8 1 1
0 7 4 1 1
0 2 6 1 1
0 1 5 1 1
0 2 5 1 1
0 3 5 1 1
0 4 5 1 1
0 5 5 1 1
0 6 5 1 1
0 1 5 1 1
0 5 8 1 1
0 2 4 1 1
0 4 9 1 1
0 1 5 1 1
0 6 7 1 1
0 7 8 1 1
0 6 6 1 1
0 1 8 1 1
0 5 5 1 1
0 4 4 1 1
0 2 9 1 1
0 3 9 1 1
0 5 11 1 1
0 4 10 1 1
0 7 6 1 1
0 2 8 1 1
0 1 7 1 1
0 1 6 1 1
0 6 8 1 1
0 4 10 1 1
0 3 11 1 1
0 5 9 1 1
0 5 10 1 1
0 2 6 1 1
0 4 11 1 1
0 1 7 1 1
0 6 9 1 1
0 3 18 1 1
0 5 20 1 1
0 4 19 1 1
0 7 15 1 1
0 2 17 1 1
0 1 16 1 1
0 2 16 1 1
0 3 16 1 1
0 4 16 1 1
0 5 16 1 1
0 6 16 1 1
0 1 16 1 1
0 5 19 1 1
0 2 15 1 1
0 4 20 1 1
0 1 16 1 1
0 6 18 1 1
0 7 19 1 1
0 6 17 1 1
0 1 19 1 1
0 5 16 1 1
0 4 15 1 1
0 2 20 1 1
0 6 19 1 1
0 5 19 1 1
0 4 19 1 1
0 3 19 1 1
0 2 19 1 1
0 1 19 1 1
0 3 23 1 1
0 5 25 1 1
0 4 24 1 1
0 7 20 1 1
0 2 22 1 1
0 1 21 1 1
0 2 21 1 1
0 3 21 1 1
0 4 21 1 1
0 5 21 1 1
0 6 21 1 1
0 1 21 1 1
0 5 24 1 1
0 2 20 1 1
0 4 25 1 1
0 1 21 1 1
0 6 23 1 1
0 7 24 1 1
0 6 22 1 1
0 1 24 1 1
0 5 21 1 1
0 4 20 1 1
0 2 25 1 1
0 6 24 1 1
0 5 24 1 1
0 4 24 1 1
0 3 24 1 1
0 2 24 1 1
0 1 24 1 1
0 3 18 1 1
0 5 20 1 1
0 4 19 1 1
0 7 15 1 1
0 2 17 1 1
0 1 16 1 1
0 1 15 1 1
0 6 17 1 1
0 4 19 1 1
0 3 20 1 1
0 5 18 1 1
0 5 19 1 1
0 2 15 1 1
0 4 20 1 1
0 1 16 1 1
0 6 18 1 1
0 3 21 1 1
0 5 23 1 1
0 4 22 1 1
0 7 18 1 1
0 2 20 1 1
0 1 19 1 1
0 1 18 1 1
0 6 20 1 1
0 4 22 1 1
0 3 23 1 1
0 5 21 1 1
0 5 22 1 1
0 2 18 1 1
0 4 23 1 1
0 1 19 1 1
0 6 21 1 1
0 3 31 1 1
0 5 33 1 1
0 4 32 1 1
0 7 28 1 1
0 2 30 1 1
0 1 29 1 1
0 2 29 1 1
0 3 29 1 1
0 4 29 1 1
0 5 29 1 1
0 6 29 1 1
0 1 29 1 1
0 5 32 1 1
0 2 28 1 1
0 4 33 1 1
0 1 29 1 1
0 6 31 1 1
0 7 32 1 1
0 6 30 1 1
0 1 32 1 1
0 5 29 1 1
0 4 28 1 1
0 2 33 1 1
0 3 27 1 1
0 5 29 1 1
0 4 28 1 1
0 7 24 1 1
0 2 26 1 1
0 1 25 1 1
0 1 24 1 1
0 6 26 1 1
0 4 28 1 1
0 3 29 1 1
0 5 27 1 1
0 5 28 1 1
0 2 24 1 1
0 4 29 1 1
0 1 25 1 1
0 6 27 1 1
0 3 48 1 1
0 5 50 1 1
0 4 49 1 1
0 7 45 1 1
0 2 47 1 1
0 1 46 1 1
0 2 46 1 1
0 3 46 1 1
0 4 46 1 1
0 5 46 1 1
0 6 46 1 1
0 1 46 1 1
0 5 49 1 1
0 2 45 1 1
0 4 50 1 1
0 1 46 1 1
0 6 48 1 1
0 7 49 1 1
0 6 47 1 1
0 1 49 1 1
0 5 46 1 1
0 4 45 1 1
0 2 50 1 1
0 6 49 1 1
0 5 49 1 1
0 4 49 1 1
0 3 49 1 1
0 2 49 1 1
0 1 49 1 1
0 3 33 1 1
0 5 35 1 1
0 4 34 1 1
0 7 30 1 1
0 2 32 1 1
0 1 31 1 1
0 1 30 1 1
0 6 32 1 1
0 4 34 1 1
0 3 35 1 1
0 5 33 1 1
0 5 34 1 1
0 2 30 1 1
0 4 35 1 1
0 1 31 1 1
0 6 33 1 1
0 3 36 1 1
0 5 38 1 1
0 4 37 1 1
0 7 33 1 1
0 2 35 1 1
0 1 34 1 1
0 1 33 1 1
0 6 35 1 1
0 4 37 1 1
0 3 38 1 1
0 5 36 1 1
0 5 37 1 1
0 2 33 1 1
0 4 38 1 1
0 1 34 1 1
0 6 36 1 1
0 3 51 1 1
0 5 53 1 1
0 4 52 1 1
0 7 48 1 1
0 2 50 1 1
0 1 49 1 1
0 2 49 1 1
0 3 49 1 1
0 4 49 1 1
0 5 49 1 1
0 6 49 1 1
0 1 49 1 1
0 5 52 1 1
0 2 48 1 1
0 4 53 1 1
0 1 49 1 1
0 6 51 1 1
0 7 52 1 1
0 6 50 1 1
0 1 52 1 1
0 5 49 1 1
0 4 48 1 1
0 2 53 1 1
0 3 68 1 1
0 5 70 1 1
0 4 69 1 1
0 7 65 1 1
0 2 67 1 1
0 1 66 1 1
0 2 66 1 1
0 3 66 1 1
0 4 66 1 1
0 5 66 1 1
0 6 66 1 1
0 1 66 1 1
0 5 69 1 1
0 2 65 1 1
0 4 70 1 1
0 1 66 1 1
0 6 68 1 1
0 7 69 1 1
0 6 67 1 1
0 1 69 1 1
0 5 66 1 1
0 4 65 1 1
0 2 70 1 1
0 6 69 1 1
0 5 69 1 1
0 4 69 1 1
0 3 69 1 1
0 2 69 1 1
0 1 69 1 1
0 3 17 1 1
0 5 19 1 1
0 4 18 1 1
0 7 14 1 1
0 2 16 1 1
0 1 15 1 1
0 3 48 1 1
0 5 50 1 1
0 4 49 1 1
0 7 45 1 1
0 2 47 1 1
0 1 46 1 1
0 1 45 1 1
0 6 47 1 1
0 4 49 1 1
0 3 50 1 1
0 5 48 1 1
0 5 49 1 1
0 2 45 1 1
0 4 50 1 1
0 1 46 1 1
0 6 48 1 1
0 3 35 1 1
0 5 37 1 1
0 4 36 1 1
0 7 32 1 1
0 2 34 1 1
0 1 33 1 1
0 1 32 1 1
0 6 34 1 1
0 4 36 1 1
0 3 37 1 1
0 5 35 1 1
0 3 54 1 1
0 5 56 1 1
0 4 55 1 1
0 7 51 1 1
0 2 53 1 1
0 1 52 1 1
0 1 51 1 1
0 6 53 1 1
0 4 55 1 1
0 3 56 1 1
0 5 54 1 1
0 5 55 1 1
0 2 51 1 1
0 4 56 1 1
0 1 52 1 1
0 6 54 1 1
0 3 21 1 1
0 5 23 1 1
0 4 22 1 1
0 7 18 1 1
0 2 20 1 1
0 1 19 1 1
0 3 41 1 1
0 5 43 1 1
0 4 42 1 1
0 7 38 1 1
0 2 40 1 1
0 1 39 1 1
0 1 38 1 1
0 6 40 1 1
0 4 42 1 1
0 3 43 1 1
0 5 41 1 1
0 3 83 1 1
0 5 85 1 1
0 4 84 1 1
0 7 80 1 1
0 2 82 1 1
0 1 81 1 1
0 2 81 1 1
0 3 81 1 1
0 4 81 1 1
0 5 81 1 1
0 6 81 1 1
0 1 81 1 1
0 5 84 1 1
0 2 80 1 1
0 4 85 1 1
0 1 81 1 1
0 6 83 1 1
0 7 84 1 1
0 6 82 1 1
0 1 84 1 1
0 5 81 1 1
0 4 80 1 1
0 2 85 1 1
0 3 66 1 1
0 5 68 1 1
0 4 67 1 1
0 7 63 1 1
0 2 65 1 1
0 1 64 1 1
0 1 63 1 1
0 6 65 1 1
0 4 67 1 1
0 3 68 1 1
0 5 66 1 1
0 5 67 1 1
0 2 63 1 1
0 4 68 1 1
0 1 64 1 1
0 6 66 1 1
0 3 113 1 1
0 5 115 1 1
0 4 114 1 1
0 7 110 1 1
0 2 112 1 1
0 1 111 1 1
0 2 111 1 1
0 3 111 1 1
0 4 111 1 1
0 5 111 1 1
0 6 111 1 1
0 1 111 1 1
0 5 114 1 1
0 2 110 1 1
0 4 115 1 1
0 1 111 1 1
0 6 113 1 1
0 7 114 1 1
0 6 112 1 1
0 1 114 1 1
0 5 111 1 1
0 4 110 1 1
0 2 115 1 1
0 6 114 1 1
0 5 114 1 1
0 4 114 1 1
0 3 114 1 1
0 2 114 1 1
0 1 114 1 1
0 3 95 1 1
0 5 97 1 1
0 4 96 1 1
0 7 92 1 1
0 2 94 1 1
0 1 93 1 1
0 2 93 1 1
0 3 93 1 1
0 4 93 1 1
0 5 93 1 1
0 6 93 1 1
0 1 93 1 1
0 5 96 1 1
0 2 92 1 1
0 4 97 1 1
0 1 93 1 1
0 6 95 1 1
0 7 96 1 1
0 6 94 1 1
0 1 96 1 1
0 5 93 1 1
0 4 92 1 1
0 2 97 1 1
0 3 75 1 1
0 5 77 1 1
0 4 76 1 1
0 7 72 1 1
0 2 74 1 1
0 1 73 1 1
0 1 72 1 1
0 6 74 1 1
0 4 76 1 1
0 3 77 1 1
0 5 75 1 1
0 5 76 1 1
0 2 72 1 1
0 4 77 1 1
0 1 73 1 1
0 6 75 1 1
0 3 78 1 1
0 5 80 1 1
0 4 79 1 1
0 7 75 1 1
0 2 77 1 1
0 1 76 1 1
0 1 75 1 1
0 6 77 1 1
0 4 79 1 1
0 3 80 1 1
0 5 78 1 1
0 5 79 1 1
0 2 75 1 1
0 4 80 1 1
0 1 76 1 1
0 6 78 1 1
0 3 81 1 1
0 5 83 1 1
0 4 82 1 1
0 7 78 1 1
0 2 80 1 1
0 1 79 1 1
0 1 78 1 1
0 6 80 1 1
0 4 82 1 1
0 3 83 1 1
0 5 81 1 1
0 5 82 1 1
0 2 78 1 1
0 4 83 1 1
0 1 79 1 1
0 6 81 1 1
0 3 111 1 1
0 5 113 1 1
0 4 112 1 1
0 7 108 1 1
0 2 110 1 1
0 1 109 1 1
0 2 109 1 1
0 3 109 1 1
0 4 109 1 1
0 5 109 1 1
0 6 109 1 1
0 1 109 1 1
0 5 112 1 1
0 2 108 1 1
0 4 113 1 1
0 1 109 1 1
0 6 111 1 1
0 7 112 1 1
0 6 110 1 1
0 1 112 1 1
0 5 109 1 1
0 4 108 1 1
0 2 113 1 1
0 3 115 1 1
0 5 117 1 1
0 4 116 1 1
0 7 112 1 1
0 2 114 1 1
0 1 113 1 1
0 2 113 1 1
0 3 113 1 1
0 4 113 1 1
0 5 113 1 1
0 6 113 1 1
0 1 113 1 1
0 5 116 1 1
0 2 112 1 1
0 4 117 1 1
0 1 113 1 1
0 6 115 1 1
0 7 116 1 1
0 6 114 1 1
0 1 116 1 1
0 5 113 1 1
0 4 112 1 1
0 2 117 1 1
0 3 90 1 1
0 5 92 1 1
0 4 91 1 1
0 7 87 1 1
0 2 89 1 1
0 1 88 1 1
0 1 87 1 1
0 6 89 1 1
0 4 91 1 1
0 3 92 1 1
0 5 90 1 1
0 5 91 1 1
0 2 87 1 1
0 4 92 1 1
0 1 88 1 1
0 6 90 1 1
0 3 123 1 1
0 5 125 1 1
0 4 124 1 1
0 7 120 1 1
0 2 122 1 1
0 1 121 1 1
0 2 121 1 1
0 3 121 1 1
0 4 121 1 1
0 5 121 1 1
0 6 121 1 1
0 1 121 1 1
0 5 124 1 1
0 2 120 1 1
0 4 125 1 1
0 1 121 1 1
0 6 123 1 1
0 7 124 1 1
0 6 122 1 1
0 1 124 1 1
0 5 121 1 1
0 4 120 1 1
0 2 125 1 1
0 3 65 1 1
0 5 67 1 1
0 4 66 1 1
0 7 62 1 1
0 2 64 1 1
0 1 63 1 1
0 1 62 1 1
0 6 64 1 1
0 4 66 1 1
0 3 67 1 1
0 5 65 1 1
0 3 35 1 1
0 5 37 1 1
0 4 36 1 1
0 7 32 1 1
0 2 34 1 1
0 1 33 1 1
0 3 102 1 1
0 5 104 1 1
0 4 103 1 1
0 7 99 1 1
0 2 101 1 1
0 1 100 1 1
0 1 99 1 1
0 6 101 1 1
0 4 103 1 1
0 3 104 1 1
0 5 102 1 1
0 5 103 1 1
0 2 99 1 1
0 4 104 1 1
0 1 100 1 1
0 6 102 1 1
0 3 71 1 1
0 5 73 1 1
0 4 72 1 1
0 7 68 1 1
0 2 70 1 1
0 1 69 1 1
0 1 68 1 1
0 6 70 1 1
0 4 72 1 1
0 3 73 1 1
0 5 71 1 1
0 3 73 1 1
0 5 75 1 1
0 4 74 1 1
0 7 70 1 1
0 2 72 1 1
0 1 71 1 1
0 1 70 1 1
0 6 72 1 1
0 4 74 1 1
0 3 75 1 1
0 5 73 1 1
0 3 147 1 1
0 5 149 1 1
0 4 148 1 1
0 7 144 1 1
0 2 146 1 1
0 1 145 1 1
0 2 145 1 1
0 3 145 1 1
0 4 145 1 1
0 5 145 1 1
0 6 145 1 1
0 1 145 1 1
0 5 148 1 1
0 2 144 1 1
0 4 149 1 1
0 1 145 1 1
0 6 147 1 1
0 7 148 1 1
0 6 146 1 1
0 1 148 1 1
0 5 145 1 1
0 4 144 1 1
0 2 149 1 1
0 3 188 1 1
0 5 190 1 1
0 4 189 1 1
0 7 185 1 1
0 2 187 1 1
0 1 186 1 1
0 2 186 1 1
0 3 186 1 1
0 4 186 1 1
0 5 186 1 1
0 6 186 1 1
0 1 186 1 1
0 5 189 1 1
0 2 185 1 1
0 4 190 1 1
0 1 186 1 1
0 6 188 1 1
0 7 189 1 1
0 6 187 1 1
0 1 189 1 1
0 5 186 1 1
0 4 185 1 1
0 2 190 1 1
0 6 189 1 1
0 5 189 1 1
0 4 189 1 1
0 3 189 1 1
0 2 189 1 1
0 1 189 1 1
0 3 193 1 1
0 5 195 1 1
0 4 194 1 1
0 7 190 1 1
0 2 192 1 1
0 1 191 1 1
0 2 191 1 1
0 3 191 1 1
0 4 191 1 1
0 5 191 1 1
0 6 191 1 1
0 1 191 1 1
0 5 194 1 1
0 2 190 1 1
0 4 195 1 1
0 1 191 1 1
0 6 193 1 1
0 7 194 1 1
0 6 192 1 1
0 1 194 1 1
0 5 191 1 1
0 4 190 1 1
0 2 195 1 1
0 6 194 1 1
0 5 194 1 1
0 4 194 1 1
0 3 194 1 1
0 2 194 1 1
0 1 194 1 1
0 3 81 1 1
0 5 83 1 1
0 4 82 1 1
0 7 78 1 1
0 2 80 1 1
0 1 79 1 1
0 1 78 1 1
0 6 80 1 1
0 4 82 1 1
0 3 83 1 1
0 5 81 1 1
0 3 203 1 1
0 5 205 1 1
0 4 204 1 1
0 7 200 1 1
0 2 202 1 1
0 1 201 1 1
0 2 201 1 1
0 3 201 1 1
0 4 201 1 1
0 5 201 1 1
0 6 201 1 1
0 1 201 1 1
0 5 204 1 1
0 2 200 1 1
0 4 205 1 1
0 1 201 1 1
0 6 203 1 1
0 7 204 1 1
0 6 202 1 1
0 1 204 1 1
0 5 201 1 1
0 4 200 1 1
0 2 205 1 1
0 6 204 1 1
0 5 204 1 1
0 4 204 1 1
0 3 204 1 1
0 2 204 1 1
0 1 204 1 1
0 3 167 1 1
0 5 169 1 1
0 4 168 1 1
0 7 164 1 1
0 2 166 1 1
0 1 165 1 1
0 2 165 1 1
0 3 165 1 1
0 4 165 1 1
0 5 165 1 1
0 6 165 1 1
0 1 165 1 1
0 5 168 1 1
0 2 164 1 1
0 4 169 1 1
0 1 165 1 1
0 6 167 1 1
0 7 168 1 1
0 6 166 1 1
0 1 168 1 1
0 5 165 1 1
0 4 164 1 1
0 2 169 1 1
0 3 129 1 1
0 5 131 1 1
0 4 130 1 1
0 7 126 1 1
0 2 128 1 1
0 1 127 1 1
0 1 126 1 1
0 6 128 1 1
0 4 130 1 1
0 3 131 1 1
0 5 129 1 1
0 5 130 1 1
0 2 126 1 1
0 4 131 1 1
0 1 127 1 1
0 6 129 1 1
0 3 218 1 1
0 5 220 1 1
0 4 219 1 1
0 7 215 1 1
0 2 217 1 1
0 1 216 1 1
0 2 216 1 1
0 3 216 1 1
0 4 216 1 1
0 5 216 1 1
0 6 216 1 1
0 1 216 1 1
0 5 219 1 1
0 2 215 1 1
0 4 220 1 1
0 1 216 1 1
0 6 218 1 1
0 7 219 1 1
0 6 217 1 1
0 1 219 1 1
0 5 216 1 1
0 4 215 1 1
0 2 220 1 1
0 6 219 1 1
0 5 219 1 1
0 4 219 1 1
0 3 219 1 1
0 2 219 1 1
0 1 219 1 1
0 3 47 1 1
0 5 49 1 1
0 4 48 1 1
0 7 44 1 1
0 2 46 1 1
0 1 45 1 1
0 3 48 1 1
0 5 50 1 1
0 4 49 1 1
0 7 45 1 1
0 2 47 1 1
0 1 46 1 1
0 3 187 1 1
0 5 189 1 1
0 4 188 1 1
0 7 184 1 1
0 2 186 1 1
0 1 185 1 1
0 2 185 1 1
0 3 185 1 1
0 4 185 1 1
0 5 185 1 1
0 6 185 1 1
0 1 185 1 1
0 5 188 1 1
0 2 184 1 1
0 4 189 1 1
0 1 185 1 1
0 6 187 1 1
0 7 188 1 1
0 6 186 1 1
0 1 188 1 1
0 5 185 1 1
0 4 184 1 1
0 2 189 1 1
0 3 238 1 1
0 5 240 1 1
0 4 239 1 1
0 7 235 1 1
0 2 237 1 1
0 1 236 1 1
0 2 236 1 1
0 3 236 1 1
0 4 236 1 1
0 5 236 1 1
0 6 236 1 1
0 1 236 1 1
0 5 239 1 1
0 2 235 1 1
0 4 240 1 1
0 1 236 1 1
0 6 238 1 1
0 7 239 1 1
0 6 237 1 1
0 1 239 1 1
0 5 236 1 1
0 4 235 1 1
0 2 240 1 1
0 6 239 1 1
0 5 239 1 1
0 4 239 1 1
0 3 239 1 1
0 2 239 1 1
0 1 239 1 1
0 3 51 1 1
0 5 53 1 1
0 4 52 1 1
0 7 48 1 1
0 2 50 1 1
0 1 49 1 1
0 3 150 1 1
0 5 152 1 1
0 4 151 1 1
0 7 147 1 1
0 2 149 1 1
0 1 148 1 1
0 1 147 1 1
0 6 149 1 1
0 4 151 1 1
0 3 152 1 1
0 5 150 1 1
0 5 151 1 1
0 2 147 1 1
0 4 152 1 1
0 1 148 1 1
0 6 150 1 1
0 3 103 1 1
0 5 105 1 1
0 4 104 1 1
0 7 100 1 1
0 2 102 1 1
0 1 101 1 1
0 1 100 1 1
0 6 102 1 1
0 4 104 1 1
0 3 105 1 1
0 5 103 1 1
0 3 207 1 1
0 5 209 1 1
0 4 208 1 1
0 7 204 1 1
0 2 206 1 1
0 1 205 1 1
0 2 205 1 1
0 3 205 1 1
0 4 205 1 1
0 5 205 1 1
0 6 205 1 1
0 1 205 1 1
0 5 208 1 1
0 2 204 1 1
0 4 209 1 1
0 1 205 1 1
0 6 207 1 1
0 7 208 1 1
0 6 206 1 1
0 1 208 1 1
0 5 205 1 1
0 4 204 1 1
0 2 209 1 1
0 3 55 1 1
0 5 57 1 1
0 4 56 1 1
0 7 52 1 1
0 2 54 1 1
0 1 53 1 1
0 3 56 1 1
0 5 58 1 1
0 4 57 1 1
0 7 53 1 1
0 2 55 1 1
0 1 54 1 1
0 3 111 1 1
0 5 113 1 1
0 4 112 1 1
0 7 108 1 1
0 2 110 1 1
0 1 109 1 1
0 1 108 1 1
0 6 110 1 1
0 4 112 1 1
0 3 113 1 1
0 5 111 1 1
0 3 113 1 1
0 5 115 1 1
0 4 114 1 1
0 7 110 1 1
0 2 112 1 1
0 1 111 1 1
0 1 110 1 1
0 6 112 1 1
0 4 114 1 1
0 3 115 1 1
0 5 113 1 1
0 3 171 1 1
0 5 173 1 1
0 4 172 1 1
0 7 168 1 1
0 2 170 1 1
0 1 169 1 1
0 1 168 1 1
0 6 170 1 1
0 4 172 1 1
0 3 173 1 1
0 5 171 1 1
0 5 172 1 1
0 2 168 1 1
0 4 173 1 1
0 1 169 1 1
0 6 171 1 1
0 3 117 1 1
0 5 119 1 1
0 4 118 1 1
0 7 114 1 1
0 2 116 1 1
0 1 115 1 1
0 1 114 1 1
0 6 116 1 1
0 4 118 1 1
0 3 119 1 1
0 5 117 1 1
0 3 119 1 1
0 5 121 1 1
0 4 120 1 1
0 7 116 1 1
0 2 118 1 1
0 1 117 1 1
0 1 116 1 1
0 6 118 1 1
0 4 120 1 1
0 3 121 1 1
0 5 119 1 1
0 3 121 1 1
0 5 123 1 1
0 4 122 1 1
0 7 118 1 1
0 2 120 1 1
0 1 119 1 1
0 1 118 1 1
0 6 120 1 1
0 4 122 1 1
0 3 123 1 1
0 5 121 1 1
0 3 303 1 1
0 5 305 1 1
0 4 304 1 1
0 7 300 1 1
0 2 302 1 1
0 1 301 1 1
0 2 301 1 1
0 3 301 1 1
0 4 301 1 1
0 5 301 1 1
0 6 301 1 1
0 1 301 1 1
0 5 304 1 1
0 2 300 1 1
0 4 305 1 1
0 1 301 1 1
0 6 303 1 1
0 7 304 1 1
0 6 302 1 1
0 1 304 1 1
0 5 301 1 1
0 4 300 1 1
0 2 305 1 1
0 6 304 1 1
0 5 304 1 1
0 4 304 1 1
0 3 304 1 1
0 2 304 1 1
0 1 304 1 1
0 3 247 1 1
0 5 249 1 1
0 4 248 1 1
0 7 244 1 1
0 2 246 1 1
0 1 245 1 1
0 2 245 1 1
0 3 245 1 1
0 4 245 1 1
0 5 245 1 1
0 6 245 1 1
0 1 245 1 1
0 5 248 1 1
0 2 244 1 1
0 4 249 1 1
0 1 245 1 1
0 6 247 1 1
0 7 248 1 1
0 6 246 1 1
0 1 248 1 1
0 5 245 1 1
0 4 244 1 1
0 2 249 1 1
0 3 65 1 1
0 5 67 1 1
0 4 66 1 1
0 7 62 1 1
0 2 64 1 1
0 1 63 1 1
0 3 192 1 1
0 5 194 1 1
0 4 193 1 1
0 7 189 1 1
0 2 191 1 1
0 1 190 1 1
0 1 189 1 1
0 6 191 1 1
0 4 193 1 1
0 3 194 1 1
0 5 192 1 1
0 5 193 1 1
0 2 189 1 1
0 4 194 1 1
0 1 190 1 1
0 6 192 1 1
0 3 195 1 1
0 5 197 1 1
0 4 196 1 1
0 7 192 1 1
0 2 194 1 1
0 1 193 1 1
0 1 192 1 1
0 6 194 1 1
0 4 196 1 1
0 3 197 1 1
0 5 195 1 1
0 5 196 1 1
0 2 192 1 1
0 4 197 1 1
0 1 193 1 1
0 6 195 1 1
0 3 328 1 1
0 5 330 1 1
0 4 329 1 1
0 7 325 1 1
0 2 327 1 1
0 1 326 1 1
0 2 326 1 1
0 3 326 1 1
0 4 326 1 1
0 5 326 1 1
0 6 326 1 1
0 1 326 1 1
0 5 329 1 1
0 2 325 1 1
0 4 330 1 1
0 1 326 1 1
0 6 328 1 1
0 7 329 1 1
0 6 327 1 1
0 1 329 1 1
0 5 326 1 1
0 4 325 1 1
0 2 330 1 1
0 6 329 1 1
0 5 329 1 1
0 4 329 1 1
0 3 329 1 1
0 2 329 1 1
0 1 329 1 1
0 3 201 1 1
0 5 203 1 1
0 4 202 1 1
0 7 198 1 1
0 2 200 1 1
0 1 199 1 1
0 1 198 1 1
0 6 200 1 1
0 4 202 1 1
0 3 203 1 1
0 5 201 1 1
0 5 202 1 1
0 2 198 1 1
0 4 203 1 1
0 1 199 1 1
0 6 201 1 1
0 3 204 1 1
0 5 206 1 1
0 4 205 1 1
0 7 201 1 1
0 2 203 1 1
0 1 202 1 1
0 1 201 1 1
0 6 203 1 1
0 4 205 1 1
0 3 206 1 1
0 5 204 1 1
0 5 205 1 1
0 2 201 1 1
0 4 206 1 1
0 1 202 1 1
0 6 204 1 1
0 3 275 1 1
0 5 277 1 1
0 4 276 1 1
0 7 272 1 1
0 2 274 1 1
0 1 273 1 1
0 2 273 1 1
0 3 273 1 1
0 4 273 1 1
0 5 273 1 1
0 6 273 1 1
0 1 273 1 1
0 5 276 1 1
0 2 272 1 1
0 4 277 1 1
0 1 273 1 1
0 6 275 1 1
0 7 276 1 1
0 6 274 1 1
0 1 276 1 1
0 5 273 1 1
0 4 272 1 1
0 2 277 1 1
0 3 279 1 1
0 5 281 1 1
0 4 280 1 1
0 7 276 1 1
0 2 278 1 1
0 1 277 1 1
0 2 277 1 1
0 3 277 1 1
0 4 277 1 1
0 5 277 1 1
0 6 277 1 1
0 1 277 1 1
0 5 280 1 1
0 2 276 1 1
0 4 281 1 1
0 1 277 1 1
0 6 279 1 1
0 7 280 1 1
0 6 278 1 1
0 1 280 1 1
0 5 277 1 1
0 4 276 1 1
0 2 281 1 1
0 3 353 1 1
0 5 355 1 1
0 4 354 1 1
0 7 350 1 1
0 2 352 1 1
0 1 351 1 1
0 2 351 1 1
0 3 351 1 1
0 4 351 1 1
0 5 351 1 1
0 6 351 1 1
0 1 351 1 1
0 5 354 1 1
0 2 350 1 1
0 4 355 1 1
0 1 351 1 1
0 6 353 1 1
0 7 354 1 1
0 6 352 1 1
0 1 354 1 1
0 5 351 1 1
0 4 350 1 1
0 2 355 1 1
0 6 354 1 1
0 5 354 1 1
0 4 354 1 1
0 3 354 1 1
0 2 354 1 1
0 1 354 1 1
0 3 287 1 1
0 5 289 1 1
0 4 288 1 1
0 7 284 1 1
0 2 286 1 1
0 1 285 1 1
0 2 285 1 1
0 3 285 1 1
0 4 285 1 1
0 5 285 1 1
0 6 285 1 1
0 1 285 1 1
0 5 288 1 1
0 2 284 1 1
0 4 289 1 1
0 1 285 1 1
0 6 287 1 1
0 7 288 1 1
0 6 286 1 1
0 1 288 1 1
0 5 285 1 1
0 4 284 1 1
0 2 289 1 1
0 3 75 1 1
0 5 77 1 1
0 4 76 1 1
0 7 72 1 1
0 2 74 1 1
0 1 73 1 1
0 3 76 1 1
0 5 78 1 1
0 4 77 1 1
0 7 73 1 1
0 2 75 1 1
0 1 74 1 1
0 3 299 1 1
0 5 301 1 1
0 4 300 1 1
0 7 296 1 1
0 2 298 1 1
0 1 297 1 1
0 2 297 1 1
0 3 297 1 1
0 4 297 1 1
0 5 297 1 1
0 6 297 1 1
0 1 297 1 1
0 5 300 1 1
0 2 296 1 1
0 4 301 1 1
0 1 297 1 1
0 6 299 1 1
0 7 300 1 1
0 6 298 1 1
0 1 300 1 1
0 5 297 1 1
0 4 296 1 1
0 2 301 1 1
0 3 228 1 1
0 5 230 1 1
0 4 229 1 1
0 7 225 1 1
0 2 227 1 1
0 1 226 1 1
0 1 225 1 1
0 6 227 1 1
0 4 229 1 1
0 3 230 1 1
0 5 228 1 1
0 5 229 1 1
0 2 225 1 1
0 4 230 1 1
0 1 226 1 1
0 6 228 1 1
0 3 79 1 1
0 5 81 1 1
0 4 80 1 1
0 7 76 1 1
0 2 78 1 1
0 1 77 1 1
0 3 388 1 1
0 5 390 1 1
0 4 389 1 1
0 7 385 1 1
0 2 387 1 1
0 1 386 1 1
0 2 386 1 1
0 3 386 1 1
0 4 386 1 1
0 5 386 1 1
0 6 386 1 1
0 1 386 1 1
0 5 389 1 1
0 2 385 1 1
0 4 390 1 1
0 1 386 1 1
0 6 388 1 1
0 7 389 1 1
0 6 387 1 1
0 1 389 1 1
0 5 386 1 1
0 4 385 1 1
0 2 390 1 1
0 6 389 1 1
0 5 389 1 1
0 4 389 1 1
0 3 389 1 1
0 2 389 1 1
0 1 389 1 1
0 3 159 1 1
0 5 161 1 1
0 4 160 1 1
0 7 156 1 1
0 2 158 1 1
0 1 157 1 1
0 1 156 1 1
0 6 158 1 1
0 4 160 1 1
0 3 161 1 1
0 5 159 1 1
0 3 240 1 1
0 5 242 1 1
0 4 241 1 1
0 7 237 1 1
0 2 239 1 1
0 1 238 1 1
0 1 237 1 1
0 6 239 1 1
0 4 241 1 1
0 3 242 1 1
0 5 240 1 1
0 5 241 1 1
0 2 237 1 1
0 4 242 1 1
0 1 238 1 1
0 6 240 1 1
0 3 163 1 1
0 5 165 1 1
0 4 164 1 1
0 7 160 1 1
0 2 162 1 1
0 1 161 1 1
0 1 160 1 1
0 6 162 1 1
0 4 164 1 1
0 3 165 1 1
0 5 163 1 1
0 3 246 1 1
0 5 248 1 1
0 4 247 1 1
0 7 243 1 1
0 2 245 1 1
0 1 244 1 1
0 1 243 1 1
0 6 245 1 1
0 4 247 1 1
0 3 248 1 1
0 5 246 1 1
0 5 247 1 1
0 2 243 1 1
0 4 248 1 1
0 1 244 1 1
0 6 246 1 1
0 3 85 1 1
0 5 87 1 1
0 4 86 1 1
0 7 82 1 1
0 2 84 1 1
0 1 83 1 1
0 3 418 1 1
0 5 420 1 1
0 4 419 1 1
0 7 415 1 1
0 2 417 1 1
0 1 416 1 1
0 2 416 1 1
0 3 416 1 1
0 4 416 1 1
0 5 416 1 1
0 6 416 1 1
0 1 416 1 1
0 5 419 1 1
0 2 415 1 1
0 4 420 1 1
0 1 416 1 1
0 6 418 1 1
0 7 419 1 1
0 6 417 1 1
0 1 419 1 1
0 5 416 1 1
0 4 415 1 1
0 2 420 1 1
0 6 419 1 1
0 5 419 1 1
0 4 419 1 1
0 3 419 1 1
0 2 419 1 1
0 1 419 1 1
0 3 87 1 1
0 5 89 1 1
0 4 88 1 1
0 7 84 1 1
0 2 86 1 1
0 1 85 1 1
0 3 258 1 1
0 5 260 1 1
0 4 259 1 1
0 7 255 1 1
0 2 257 1 1
0 1 256 1 1
0 1 255 1 1
0 6 257 1 1
0 4 259 1 1
0 3 260 1 1
0 5 258 1 1
0 5 259 1 1
0 2 255 1 1
0 4 260 1 1
0 1 256 1 1
0 6 258 1 1
0 3 347 1 1
0 5 349 1 1
0 4 348 1 1
0 7 344 1 1
0 2 346 1 1
0 1 345 1 1
0 2 345 1 1
0 3 345 1 1
0 4 345 1 1
0 5 345 1 1
0 6 345 1 1
0 1 345 1 1
0 5 348 1 1
0 2 344 1 1
0 4 349 1 1
0 1 345 1 1
0 6 347 1 1
0 7 348 1 1
0 6 346 1 1
0 1 348 1 1
0 5 345 1 1
0 4 344 1 1
0 2 349 1 1
0 3 264 1 1
0 5 266 1 1
0 4 265 1 1
0 7 261 1 1
0 2 263 1 1
0 1 262 1 1
0 1 261 1 1
0 6 263 1 1
0 4 265 1 1
0 3 266 1 1
0 5 264 1 1
0 5 265 1 1
0 2 261 1 1
0 4 266 1 1
0 1 262 1 1
0 6 264 1 1
0 3 267 1 1
0 5 269 1 1
0 4 268 1 1
0 7 264 1 1
0 2 266 1 1
0 1 265 1 1
0 1 264 1 1
0 6 266 1 1
0 4 268 1 1
0 3 269 1 1
0 5 267 1 1
0 5 268 1 1
0 2 264 1 1
0 4 269 1 1
0 1 265 1 1
0 6 267 1 1
0 3 270 1 1
0 5 272 1 1
0 4 271 1 1
0 7 267 1 1
0 2 269 1 1
0 1 268 1 1
0 1 267 1 1
0 6 269 1 1
0 4 271 1 1
0 3 272 1 1
0 5 270 1 1
0 5 271 1 1
0 2 267 1 1
0 4 272 1 1
0 1 268 1 1
0 6 270 1 1
0 3 453 1 1
0 5 455 1 1
0 4 454 1 1
0 7 450 1 1
0 2 452 1 1
0 1 451 1 1
0 2 451 1 1
0 3 451 1 1
0 4 451 1 1
0 5 451 1 1
0 6 451 1 1
0 1 451 1 1
0 5 454 1 1
0 2 450 1 1
0 4 455 1 1
0 1 451 1 1
0 6 453 1 1
0 7 454 1 1
0 6 452 1 1
0 1 454 1 1
0 5 451 1 1
0 4 450 1 1
0 2 455 1 1
0 6 454 1 1
0 5 454 1 1
0 4 454 1 1
0 3 454 1 1
0 2 454 1 1
0 1 454 1 1
0 3 185 1 1
0 5 187 1 1
0 4 186 1 1
0 7 182 1 1
0 2 184 1 1
0 1 183 1 1
0 1 182 1 1
0 6 184 1 1
0 4 186 1 1
0 3 187 1 1
0 5 185 1 1
0 3 463 1 1
0 5 465 1 1
0 4 464 1 1
0 7 460 1 1
0 2 462 1 1
0 1 461 1 1
0 2 461 1 1
0 3 461 1 1
0 4 461 1 1
0 5 461 1 1
0 6 461 1 1
0 1 461 1 1
0 5 464 1 1
0 2 460 1 1
0 4 465 1 1
0 1 461 1 1
0 6 463 1 1
0 7 464 1 1
0 6 462 1 1
0 1 464 1 1
0 5 461 1 1
0 4 460 1 1
0 2 465 1 1
0 6 464 1 1
0 5 464 1 1
0 4 464 1 1
0 3 464 1 1
0 2 464 1 1
0 1 464 1 1
0 3 375 1 1
0 5 377 1 1
0 4 376 1 1
0 7 372 1 1
0 2 374 1 1
0 1 373 1 1
0 2 373 1 1
0 3 373 1 1
0 4 373 1 1
0 5 373 1 1
0 6 373 1 1
0 1 373 1 1
0 5 376 1 1
0 2 372 1 1
0 4 377 1 1
0 1 373 1 1
0 6 375 1 1
0 7 376 1 1
0 6 374 1 1
0 1 376 1 1
0 5 373 1 1
0 4 372 1 1
0 2 377 1 1
0 3 285 1 1
0 5 287 1 1
0 4 286 1 1
0 7 282 1 1
0 2 284 1 1
0 1 283 1 1
0 1 282 1 1
0 6 284 1 1
0 4 286 1 1
0 3 287 1 1
0 5 285 1 1
0 5 286 1 1
0 2 282 1 1
0 4 287 1 1
0 1 283 1 1
0 6 285 1 1
0 3 288 1 1
0 5 290 1 1
0 4 289 1 1
0 7 285 1 1
0 2 287 1 1
0 1 286 1 1
0 1 285 1 1
0 6 287 1 1
0 4 289 1 1
0 3 290 1 1
0 5 288 1 1
0 5 289 1 1
0 2 285 1 1
0 4 290 1 1
0 1 286 1 1
0 6 288 1 1
0 3 291 1 1
0 5 293 1 1
0 4 292 1 1
0 7 288 1 1
0 2 290 1 1
0 1 289 1 1
0 1 288 1 1
0 6 290 1 1
0 4 292 1 1
0 3 293 1 1
0 5 291 1 1
0 5 292 1 1
0 2 288 1 1
0 4 293 1 1
0 1 289 1 1
0 6 291 1 1
0 3 391 1 1
0 5 393 1 1
0 4 392 1 1
0 7 388 1 1
0 2 390 1 1
0 1 389 1 1
0 2 389 1 1
0 3 389 1 1
0 4 389 1 1
0 5 389 1 1
0 6 389 1 1
0 1 389 1 1
0 5 392 1 1
0 2 388 1 1
0 4 393 1 1
0 1 389 1 1
0 6 391 1 1
0 7 392 1 1
0 6 390 1 1
0 1 392 1 1
0 5 389 1 1
0 4 388 1 1
0 2 393 1 1
0 3 199 1 1
0 5 201 1 1
0 4 200 1 1
0 7 196 1 1
0 2 198 1 1
0 1 197 1 1
0 1 196 1 1
0 6 198 1 1
0 4 200 1 1
0 3 201 1 1
0 5 199 1 1
0 3 399 1 1
0 5 401 1 1
0 4 400 1 1
0 7 396 1 1
0 2 398 1 1
0 1 397 1 1
0 2 397 1 1
0 3 397 1 1
0 4 397 1 1
0 5 397 1 1
0 6 397 1 1
0 1 397 1 1
0 5 400 1 1
0 2 396 1 1
0 4 401 1 1
0 1 397 1 1
0 6 399 1 1
0 7 400 1 1
0 6 398 1 1
0 1 400 1 1
0 5 397 1 1
0 4 396 1 1
0 2 401 1 1
