0 3 3 1 1
0 5 0 1 1
0 1 1 1 1
0 2 2 1 1
0 1 0 1 1
0 4 2 1 1
0 3 3 1 1
0 2 0 1 1
0 4 3 1 1
0 1 1 1 1
0 3 6 1 1
0 5 3 1 1
0 1 4 1 1
0 2 5 1 1
0 1 3 1 1
0 4 5 1 1
0 3 6 1 1
0 2 3 1 1
0 4 6 1 1
0 1 4 1 1
0 3 7 1 1
0 5 4 1 1
0 1 5 1 1
0 2 6 1 1
0 2 5 1 1
0 3 5 1 1
0 1 5 1 1
0 4 5 1 1
0 3 12 1 1
0 5 9 1 1
0 1 10 1 1
0 2 11 1 1
0 1 9 1 1
0 4 11 1 1
0 3 12 1 1
0 2 9 1 1
0 4 12 1 1
0 1 10 1 1
0 3 7 1 1
0 5 4 1 1
0 1 5 1 1
0 2 6 1 1
0 3 13 1 1
0 5 10 1 1
0 1 11 1 1
0 2 12 1 1
0 2 11 1 1
0 3 11 1 1
0 1 11 1 1
0 4 11 1 1
0 3 9 1 1
0 5 6 1 1
0 1 7 1 1
0 2 8 1 1
0 3 17 1 1
0 5 14 1 1
0 1 15 1 1
0 2 16 1 1
0 2 15 1 1
0 3 15 1 1
0 1 15 1 1
0 4 15 1 1
0 3 11 1 1
0 5 8 1 1
0 1 9 1 1
0 2 10 1 1
0 3 12 1 1
0 5 9 1 1
0 1 10 1 1
0 2 11 1 1
0 3 13 1 1
0 5 10 1 1
0 1 11 1 1
0 2 12 1 1
0 3 14 1 1
0 5 11 1 1
0 1 12 1 1
0 2 13 1 1
0 3 39 1 1
0 5 36 1 1
0 1 37 1 1
0 2 38 1 1
0 1 36 1 1
0 4 38 1 1
0 3 39 1 1
0 2 36 1 1
0 4 39 1 1
0 1 37 1 1
0 3 29 1 1
0 5 26 1 1
0 1 27 1 1
0 2 28 1 1
0 2 27 1 1
0 3 27 1 1
0 1 27 1 1
0 4 27 1 1
0 3 45 1 1
0 5 42 1 1
0 1 43 1 1
0 2 44 1 1
0 1 42 1 1
0 4 44 1 1
0 3 45 1 1
0 2 42 1 1
0 4 45 1 1
0 1 43 1 1
0 3 33 1 1
0 5 30 1 1
0 1 31 1 1
0 2 32 1 1
0 2 31 1 1
0 3 31 1 1
0 1 31 1 1
0 4 31 1 1
0 3 35 1 1
0 5 32 1 1
0 1 33 1 1
0 2 34 1 1
0 2 33 1 1
0 3 33 1 1
0 1 33 1 1
0 4 33 1 1
0 3 37 1 1
0 5 34 1 1
0 1 35 1 1
0 2 36 1 1
0 2 35 1 1
0 3 35 1 1
0 1 35 1 1
0 4 35 1 1
0 3 21 1 1
0 5 18 1 1
0 1 19 1 1
0 2 20 1 1
0 3 60 1 1
0 5 57 1 1
0 1 58 1 1
0 2 59 1 1
0 1 57 1 1
0 4 59 1 1
0 3 60 1 1
0 2 57 1 1
0 4 60 1 1
0 1 58 1 1
0 3 23 1 1
0 5 20 1 1
0 1 21 1 1
0 2 22 1 1
0 3 24 1 1
0 5 21 1 1
0 1 22 1 1
0 2 23 1 1
0 3 69 1 1
0 5 66 1 1
0 1 67 1 1
0 2 68 1 1
0 1 66 1 1
0 4 68 1 1
0 3 69 1 1
0 2 66 1 1
0 4 69 1 1
0 1 67 1 1
0 3 49 1 1
0 5 46 1 1
0 1 47 1 1
0 2 48 1 1
0 2 47 1 1
0 3 47 1 1
0 1 47 1 1
0 4 47 1 1
0 3 75 1 1
0 5 72 1 1
0 1 73 1 1
0 2 74 1 1
0 1 72 1 1
0 4 74 1 1
0 3 75 1 1
0 2 72 1 1
0 4 75 1 1
0 1 73 1 1
0 3 28 1 1
0 5 25 1 1
0 1 26 1 1
0 2 27 1 1
0 3 29 1 1
0 5 26 1 1
0 1 27 1 1
0 2 28 1 1
0 3 57 1 1
0 5 54 1 1
0 1 55 1 1
0 2 56 1 1
0 2 55 1 1
0 3 55 1 1
0 1 55 1 1
0 4 55 1 1
0 3 31 1 1
0 5 28 1 1
0 1 29 1 1
0 2 30 1 1
0 3 61 1 1
0 5 58 1 1
0 1 59 1 1
0 2 60 1 1
0 2 59 1 1
0 3 59 1 1
0 1 59 1 1
0 4 59 1 1
0 3 33 1 1
0 5 30 1 1
0 1 31 1 1
0 2 32 1 1
0 3 65 1 1
0 5 62 1 1
0 1 63 1 1
0 2 64 1 1
0 2 63 1 1
0 3 63 1 1
0 1 63 1 1
0 4 63 1 1
0 3 35 1 1
0 5 32 1 1
0 1 33 1 1
0 2 34 1 1
0 3 69 1 1
0 5 66 1 1
0 1 67 1 1
0 2 68 1 1
0 2 67 1 1
0 3 67 1 1
0 1 67 1 1
0 4 67 1 1
0 3 37 1 1
0 5 34 1 1
0 1 35 1 1
0 2 36 1 1
0 3 38 1 1
0 5 35 1 1
0 1 36 1 1
0 2 37 1 1
0 3 39 1 1
0 5 36 1 1
0 1 37 1 1
0 2 38 1 1
0 3 40 1 1
0 5 37 1 1
0 1 38 1 1
0 2 39 1 1
0 3 41 1 1
0 5 38 1 1
0 1 39 1 1
0 2 40 1 1
0 3 42 1 1
0 5 39 1 1
0 1 40 1 1
0 2 41 1 1
0 3 83 1 1
0 5 80 1 1
0 1 81 1 1
0 2 82 1 1
0 2 81 1 1
0 3 81 1 1
0 1 81 1 1
0 4 81 1 1
0 3 85 1 1
0 5 82 1 1
0 1 83 1 1
0 2 84 1 1
0 2 83 1 1
0 3 83 1 1
0 1 83 1 1
0 4 83 1 1
0 3 87 1 1
0 5 84 1 1
0 1 85 1 1
0 2 86 1 1
0 2 85 1 1
0 3 85 1 1
0 1 85 1 1
0 4 85 1 1
0 3 132 1 1
0 5 129 1 1
0 1 130 1 1
0 2 131 1 1
0 1 129 1 1
0 4 131 1 1
0 3 132 1 1
0 2 129 1 1
0 4 132 1 1
0 1 130 1 1
0 3 91 1 1
0 5 88 1 1
0 1 89 1 1
0 2 90 1 1
0 2 89 1 1
0 3 89 1 1
0 1 89 1 1
0 4 89 1 1
0 3 138 1 1
0 5 135 1 1
0 1 136 1 1
0 2 137 1 1
0 1 135 1 1
0 4 137 1 1
0 3 138 1 1
0 2 135 1 1
0 4 138 1 1
0 1 136 1 1
0 3 95 1 1
0 5 92 1 1
0 1 93 1 1
0 2 94 1 1
0 2 93 1 1
0 3 93 1 1
0 1 93 1 1
0 4 93 1 1
0 3 97 1 1
0 5 94 1 1
0 1 95 1 1
0 2 96 1 1
0 2 95 1 1
0 3 95 1 1
0 1 95 1 1
0 4 95 1 1
0 3 51 1 1
0 5 48 1 1
0 1 49 1 1
0 2 50 1 1
0 3 101 1 1
0 5 98 1 1
0 1 99 1 1
0 2 100 1 1
0 2 99 1 1
0 3 99 1 1
0 1 99 1 1
0 4 99 1 1
0 3 153 1 1
0 5 150 1 1
0 1 151 1 1
0 2 152 1 1
0 1 150 1 1
0 4 152 1 1
0 3 153 1 1
0 2 150 1 1
0 4 153 1 1
0 1 151 1 1
0 3 54 1 1
0 5 51 1 1
0 1 52 1 1
0 2 53 1 1
0 3 107 1 1
0 5 104 1 1
0 1 105 1 1
0 2 106 1 1
0 2 105 1 1
0 3 105 1 1
0 1 105 1 1
0 4 105 1 1
0 3 162 1 1
0 5 159 1 1
0 1 160 1 1
0 2 161 1 1
0 1 159 1 1
0 4 161 1 1
0 3 162 1 1
0 2 159 1 1
0 4 162 1 1
0 1 160 1 1
0 3 111 1 1
0 5 108 1 1
0 1 109 1 1
0 2 110 1 1
0 2 109 1 1
0 3 109 1 1
0 1 109 1 1
0 4 109 1 1
0 3 113 1 1
0 5 110 1 1
0 1 111 1 1
0 2 112 1 1
0 2 111 1 1
0 3 111 1 1
0 1 111 1 1
0 4 111 1 1
0 3 115 1 1
0 5 112 1 1
0 1 113 1 1
0 2 114 1 1
0 2 113 1 1
0 3 113 1 1
0 1 113 1 1
0 4 113 1 1
0 3 117 1 1
0 5 114 1 1
0 1 115 1 1
0 2 116 1 1
0 2 115 1 1
0 3 115 1 1
0 1 115 1 1
0 4 115 1 1
0 3 119 1 1
0 5 116 1 1
0 1 117 1 1
0 2 118 1 1
0 2 117 1 1
0 3 117 1 1
0 1 117 1 1
0 4 117 1 1
0 3 121 1 1
0 5 118 1 1
0 1 119 1 1
0 2 120 1 1
0 2 119 1 1
0 3 119 1 1
0 1 119 1 1
0 4 119 1 1
0 3 63 1 1
0 5 60 1 1
0 1 61 1 1
0 2 62 1 1
0 3 125 1 1
0 5 122 1 1
0 1 123 1 1
0 2 124 1 1
0 2 123 1 1
0 3 123 1 1
0 1 123 1 1
0 4 123 1 1
0 3 65 1 1
0 5 62 1 1
0 1 63 1 1
0 2 64 1 1
0 3 129 1 1
0 5 126 1 1
0 1 127 1 1
0 2 128 1 1
0 2 127 1 1
0 3 127 1 1
0 1 127 1 1
0 4 127 1 1
0 3 195 1 1
0 5 192 1 1
0 1 193 1 1
0 2 194 1 1
0 1 192 1 1
0 4 194 1 1
0 3 195 1 1
0 2 192 1 1
0 4 195 1 1
0 1 193 1 1
0 3 133 1 1
0 5 130 1 1
0 1 131 1 1
0 2 132 1 1
0 2 131 1 1
0 3 131 1 1
0 1 131 1 1
0 4 131 1 1
0 3 201 1 1
0 5 198 1 1
0 1 199 1 1
0 2 200 1 1
0 1 198 1 1
0 4 200 1 1
0 3 201 1 1
0 2 198 1 1
0 4 201 1 1
0 1 199 1 1
0 3 137 1 1
0 5 134 1 1
0 1 135 1 1
0 2 136 1 1
0 2 135 1 1
0 3 135 1 1
0 1 135 1 1
0 4 135 1 1
0 3 71 1 1
0 5 68 1 1
0 1 69 1 1
0 2 70 1 1
0 3 210 1 1
0 5 207 1 1
0 1 208 1 1
0 2 209 1 1
0 1 207 1 1
0 4 209 1 1
0 3 210 1 1
0 2 207 1 1
0 4 210 1 1
0 1 208 1 1
0 3 143 1 1
0 5 140 1 1
0 1 141 1 1
0 2 142 1 1
0 2 141 1 1
0 3 141 1 1
0 1 141 1 1
0 4 141 1 1
0 3 216 1 1
0 5 213 1 1
0 1 214 1 1
0 2 215 1 1
0 1 213 1 1
0 4 215 1 1
0 3 216 1 1
0 2 213 1 1
0 4 216 1 1
0 1 214 1 1
0 3 147 1 1
0 5 144 1 1
0 1 145 1 1
0 2 146 1 1
0 2 145 1 1
0 3 145 1 1
0 1 145 1 1
0 4 145 1 1
0 3 222 1 1
0 5 219 1 1
0 1 220 1 1
0 2 221 1 1
0 1 219 1 1
0 4 221 1 1
0 3 222 1 1
0 2 219 1 1
0 4 222 1 1
0 1 220 1 1
0 3 77 1 1
0 5 74 1 1
0 1 75 1 1
0 2 76 1 1
0 3 78 1 1
0 5 75 1 1
0 1 76 1 1
0 2 77 1 1
0 3 155 1 1
0 5 152 1 1
0 1 153 1 1
0 2 154 1 1
0 2 153 1 1
0 3 153 1 1
0 1 153 1 1
0 4 153 1 1
0 3 234 1 1
0 5 231 1 1
0 1 232 1 1
0 2 233 1 1
0 1 231 1 1
0 4 233 1 1
0 3 234 1 1
0 2 231 1 1
0 4 234 1 1
0 1 232 1 1
0 3 81 1 1
0 5 78 1 1
0 1 79 1 1
0 2 80 1 1
0 3 161 1 1
0 5 158 1 1
0 1 159 1 1
0 2 160 1 1
0 2 159 1 1
0 3 159 1 1
0 1 159 1 1
0 4 159 1 1
0 3 163 1 1
0 5 160 1 1
0 1 161 1 1
0 2 162 1 1
0 2 161 1 1
0 3 161 1 1
0 1 161 1 1
0 4 161 1 1
0 3 246 1 1
0 5 243 1 1
0 1 244 1 1
0 2 245 1 1
0 1 243 1 1
0 4 245 1 1
0 3 246 1 1
0 2 243 1 1
0 4 246 1 1
0 1 244 1 1
0 3 167 1 1
0 5 164 1 1
0 1 165 1 1
0 2 166 1 1
0 2 165 1 1
0 3 165 1 1
0 1 165 1 1
0 4 165 1 1
0 3 86 1 1
0 5 83 1 1
0 1 84 1 1
0 2 85 1 1
0 3 171 1 1
0 5 168 1 1
0 1 169 1 1
0 2 170 1 1
0 2 169 1 1
0 3 169 1 1
0 1 169 1 1
0 4 169 1 1
0 3 258 1 1
0 5 255 1 1
0 1 256 1 1
0 2 257 1 1
0 1 255 1 1
0 4 257 1 1
0 3 258 1 1
0 2 255 1 1
0 4 258 1 1
0 1 256 1 1
0 3 261 1 1
0 5 258 1 1
0 1 259 1 1
0 2 260 1 1
0 1 258 1 1
0 4 260 1 1
0 3 261 1 1
0 2 258 1 1
0 4 261 1 1
0 1 259 1 1
0 3 264 1 1
0 5 261 1 1
0 1 262 1 1
0 2 263 1 1
0 1 261 1 1
0 4 263 1 1
0 3 264 1 1
0 2 261 1 1
0 4 264 1 1
0 1 262 1 1
0 3 267 1 1
0 5 264 1 1
0 1 265 1 1
0 2 266 1 1
0 1 264 1 1
0 4 266 1 1
0 3 267 1 1
0 2 264 1 1
0 4 267 1 1
0 1 265 1 1
0 3 270 1 1
0 5 267 1 1
0 1 268 1 1
0 2 269 1 1
0 1 267 1 1
0 4 269 1 1
0 3 270 1 1
0 2 267 1 1
0 4 270 1 1
0 1 268 1 1
0 3 273 1 1
0 5 270 1 1
0 1 271 1 1
0 2 272 1 1
0 1 270 1 1
0 4 272 1 1
0 3 273 1 1
0 2 270 1 1
0 4 273 1 1
0 1 271 1 1
0 3 185 1 1
0 5 182 1 1
0 1 183 1 1
0 2 184 1 1
0 2 183 1 1
0 3 183 1 1
0 1 183 1 1
0 4 183 1 1
0 3 187 1 1
0 5 184 1 1
0 1 185 1 1
0 2 186 1 1
0 2 185 1 1
0 3 185 1 1
0 1 185 1 1
0 4 185 1 1
0 3 282 1 1
0 5 279 1 1
0 1 280 1 1
0 2 281 1 1
0 1 279 1 1
0 4 281 1 1
0 3 282 1 1
0 2 279 1 1
0 4 282 1 1
0 1 280 1 1
0 3 191 1 1
0 5 188 1 1
0 1 189 1 1
0 2 190 1 1
0 2 189 1 1
0 3 189 1 1
0 1 189 1 1
0 4 189 1 1
0 3 193 1 1
0 5 190 1 1
0 1 191 1 1
0 2 192 1 1
0 2 191 1 1
0 3 191 1 1
0 1 191 1 1
0 4 191 1 1
0 3 291 1 1
0 5 288 1 1
0 1 289 1 1
0 2 290 1 1
0 1 288 1 1
0 4 290 1 1
0 3 291 1 1
0 2 288 1 1
0 4 291 1 1
0 1 289 1 1
0 3 294 1 1
0 5 291 1 1
0 1 292 1 1
0 2 293 1 1
0 1 291 1 1
0 4 293 1 1
0 3 294 1 1
0 2 291 1 1
0 4 294 1 1
0 1 292 1 1
0 3 199 1 1
0 5 196 1 1
0 1 197 1 1
0 2 198 1 1
0 2 197 1 1
0 3 197 1 1
0 1 197 1 1
0 4 197 1 1
0 3 300 1 1
0 5 297 1 1
0 1 298 1 1
0 2 299 1 1
0 1 297 1 1
0 4 299 1 1
0 3 300 1 1
0 2 297 1 1
0 4 300 1 1
0 1 298 1 1
