0 3 3 1 1
0 5 5 1 1
0 6 6 1 1
0 10 10 1 1
0 11 11 1 1
0 4 4 1 1
0 13 0 1 1
0 7 7 1 1
0 9 9 1 1
0 8 8 1 1
0 2 2 1 1
0 1 1 1 1
0 2 1 1 1
0 3 1 1 1
0 12 1 1 1
0 4 1 1 1
0 5 1 1 1
0 8 1 1 1
0 6 1 1 1
0 9 1 1 1
0 7 1 1 1
0 10 1 1 1
0 11 1 1 1
0 1 1 1 1
0 5 10 1 1
0 9 6 1 1
0 10 5 1 1
0 12 3 1 1
0 4 11 1 1
0 2 0 1 1
0 7 8 1 1
0 6 9 1 1
0 8 7 1 1
0 1 1 1 1
0 11 4 1 1
0 7 10 1 1
0 8 11 1 1
0 13 10 1 1
0 2 5 1 1
0 5 8 1 1
0 3 6 1 1
0 4 7 1 1
0 10 0 1 1
0 12 2 1 1
0 6 9 1 1
0 11 1 1 1
0 1 4 1 1
0 10 4 1 1
0 7 4 1 1
0 9 4 1 1
0 6 4 1 1
0 8 4 1 1
0 5 4 1 1
0 4 4 1 1
0 12 4 1 1
0 3 4 1 1
0 2 4 1 1
0 1 4 1 1
0 11 4 1 1
0 8 10 1 1
0 2 3 1 1
0 7 11 1 1
0 10 8 1 1
0 9 9 1 1
0 4 1 1 1
0 3 2 1 1
0 5 0 1 1
0 11 7 1 1
0 12 6 1 1
0 1 4 1 1
0 2 8 1 1
0 9 2 1 1
0 1 7 1 1
0 4 10 1 1
0 5 11 1 1
0 12 5 1 1
0 10 3 1 1
0 3 9 1 1
0 13 7 1 1
0 7 0 1 1
0 8 1 1 1
0 11 4 1 1
0 3 7 1 1
0 1 7 1 1
0 12 7 1 1
0 6 7 1 1
0 7 7 1 1
0 4 7 1 1
0 5 7 1 1
0 10 7 1 1
0 11 7 1 1
0 8 7 1 1
0 2 7 1 1
0 9 7 1 1
0 5 3 1 1
0 6 2 1 1
0 11 10 1 1
0 10 11 1 1
0 1 7 1 1
0 4 4 1 1
0 2 6 1 1
0 7 1 1 1
0 8 0 1 1
0 12 9 1 1
0 3 5 1 1
0 9 5 1 1
0 6 2 1 1
0 8 4 1 1
0 12 8 1 1
0 2 11 1 1
0 10 6 1 1
0 13 4 1 1
0 5 1 1 1
0 11 7 1 1
0 4 0 1 1
0 1 10 1 1
0 7 3 1 1
0 3 13 1 1
0 5 15 1 1
0 6 16 1 1
0 10 20 1 1
0 11 21 1 1
0 4 14 1 1
0 13 10 1 1
0 7 17 1 1
0 9 19 1 1
0 8 18 1 1
0 2 12 1 1
0 1 11 1 1
0 2 11 1 1
0 3 11 1 1
0 12 11 1 1
0 4 11 1 1
0 5 11 1 1
0 8 11 1 1
0 6 11 1 1
0 9 11 1 1
0 7 11 1 1
0 10 11 1 1
0 11 11 1 1
0 1 11 1 1
0 5 20 1 1
0 9 16 1 1
0 10 15 1 1
0 12 13 1 1
0 4 21 1 1
0 2 10 1 1
0 7 18 1 1
0 6 19 1 1
0 8 17 1 1
0 1 11 1 1
0 11 14 1 1
0 7 20 1 1
0 8 21 1 1
0 13 20 1 1
0 2 15 1 1
0 5 18 1 1
0 3 16 1 1
0 4 17 1 1
0 10 10 1 1
0 12 12 1 1
0 6 19 1 1
0 11 11 1 1
0 1 14 1 1
0 10 14 1 1
0 7 14 1 1
0 9 14 1 1
0 6 14 1 1
0 8 14 1 1
0 5 14 1 1
0 4 14 1 1
0 12 14 1 1
0 3 14 1 1
0 2 14 1 1
0 1 14 1 1
0 11 14 1 1
0 8 20 1 1
0 2 13 1 1
0 7 21 1 1
0 10 18 1 1
0 9 19 1 1
0 4 11 1 1
0 3 12 1 1
0 5 10 1 1
0 11 17 1 1
0 12 16 1 1
0 1 14 1 1
0 2 18 1 1
0 9 12 1 1
0 1 17 1 1
0 4 20 1 1
0 5 21 1 1
0 12 15 1 1
0 10 13 1 1
0 3 19 1 1
0 13 17 1 1
0 7 10 1 1
0 8 11 1 1
0 11 14 1 1
0 3 17 1 1
0 1 17 1 1
0 12 17 1 1
0 6 17 1 1
0 7 17 1 1
0 4 17 1 1
0 5 17 1 1
0 10 17 1 1
0 11 17 1 1
0 8 17 1 1
0 2 17 1 1
0 9 17 1 1
0 5 13 1 1
0 6 12 1 1
0 11 20 1 1
0 10 21 1 1
0 1 17 1 1
0 4 14 1 1
0 2 16 1 1
0 7 11 1 1
0 8 10 1 1
0 12 19 1 1
0 3 15 1 1
0 9 15 1 1
0 6 12 1 1
0 8 14 1 1
0 12 18 1 1
0 2 21 1 1
0 10 16 1 1
0 13 14 1 1
0 5 11 1 1
0 11 17 1 1
0 4 10 1 1
0 1 20 1 1
0 7 13 1 1
0 3 17 1 1
0 5 19 1 1
0 6 20 1 1
0 10 24 1 1
0 11 25 1 1
0 4 18 1 1
0 13 14 1 1
0 7 21 1 1
0 9 23 1 1
0 8 22 1 1
0 2 16 1 1
0 1 15 1 1
0 1 14 1 1
0 9 19 1 1
0 10 18 1 1
0 6 22 1 1
0 8 20 1 1
0 4 24 1 1
0 7 21 1 1
0 11 17 1 1
0 3 25 1 1
0 12 16 1 1
0 5 23 1 1
0 5 24 1 1
0 9 20 1 1
0 10 19 1 1
0 12 17 1 1
0 4 25 1 1
0 2 14 1 1
0 7 22 1 1
0 6 23 1 1
0 8 21 1 1
0 1 15 1 1
0 11 18 1 1
0 7 24 1 1
0 8 25 1 1
0 13 24 1 1
0 2 19 1 1
0 5 22 1 1
0 3 20 1 1
0 4 21 1 1
0 10 14 1 1
0 12 16 1 1
0 6 23 1 1
0 11 15 1 1
0 1 18 1 1
0 10 18 1 1
0 7 18 1 1
0 9 18 1 1
0 6 18 1 1
0 8 18 1 1
0 5 18 1 1
0 4 18 1 1
0 12 18 1 1
0 3 18 1 1
0 2 18 1 1
0 1 18 1 1
0 11 18 1 1
0 8 24 1 1
0 2 17 1 1
0 7 25 1 1
0 10 22 1 1
0 9 23 1 1
0 4 15 1 1
0 3 16 1 1
0 5 14 1 1
0 11 21 1 1
0 12 20 1 1
0 1 18 1 1
0 2 22 1 1
0 9 16 1 1
0 1 21 1 1
0 4 24 1 1
0 5 25 1 1
0 12 19 1 1
0 10 17 1 1
0 3 23 1 1
0 13 21 1 1
0 7 14 1 1
0 8 15 1 1
0 11 18 1 1
0 3 12 1 1
0 5 14 1 1
0 6 15 1 1
0 10 19 1 1
0 11 20 1 1
0 4 13 1 1
0 13 9 1 1
0 7 16 1 1
0 9 18 1 1
0 8 17 1 1
0 2 11 1 1
0 1 10 1 1
0 1 9 1 1
0 9 14 1 1
0 10 13 1 1
0 6 17 1 1
0 8 15 1 1
0 4 19 1 1
0 7 16 1 1
0 11 12 1 1
0 3 20 1 1
0 12 11 1 1
0 5 18 1 1
0 5 19 1 1
0 9 15 1 1
0 10 14 1 1
0 12 12 1 1
0 4 20 1 1
0 2 9 1 1
0 7 17 1 1
0 6 18 1 1
0 8 16 1 1
0 1 10 1 1
0 11 13 1 1
0 3 23 1 1
0 5 25 1 1
0 6 26 1 1
0 10 30 1 1
0 11 31 1 1
0 4 24 1 1
0 13 20 1 1
0 7 27 1 1
0 9 29 1 1
0 8 28 1 1
0 2 22 1 1
0 1 21 1 1
0 1 20 1 1
0 9 25 1 1
0 10 24 1 1
0 6 28 1 1
0 8 26 1 1
0 4 30 1 1
0 7 27 1 1
0 11 23 1 1
0 3 31 1 1
0 12 22 1 1
0 5 29 1 1
0 5 30 1 1
0 9 26 1 1
0 10 25 1 1
0 12 23 1 1
0 4 31 1 1
0 2 20 1 1
0 7 28 1 1
0 6 29 1 1
0 8 27 1 1
0 1 21 1 1
0 11 24 1 1
0 7 30 1 1
0 8 31 1 1
0 13 30 1 1
0 2 25 1 1
0 5 28 1 1
0 3 26 1 1
0 4 27 1 1
0 10 20 1 1
0 12 22 1 1
0 6 29 1 1
0 11 21 1 1
0 1 24 1 1
0 10 24 1 1
0 7 24 1 1
0 9 24 1 1
0 6 24 1 1
0 8 24 1 1
0 5 24 1 1
0 4 24 1 1
0 12 24 1 1
0 3 24 1 1
0 2 24 1 1
0 1 24 1 1
0 11 24 1 1
0 3 8 1 1
0 5 10 1 1
0 6 11 1 1
0 10 15 1 1
0 11 16 1 1
0 4 9 1 1
0 13 5 1 1
0 7 12 1 1
0 9 14 1 1
0 8 13 1 1
0 2 7 1 1
0 1 6 1 1
0 3 63 1 1
0 5 65 1 1
0 6 66 1 1
0 10 70 1 1
0 11 71 1 1
0 4 64 1 1
0 13 60 1 1
0 7 67 1 1
0 9 69 1 1
0 8 68 1 1
0 2 62 1 1
0 1 61 1 1
0 2 61 1 1
0 3 61 1 1
0 12 61 1 1
0 4 61 1 1
0 5 61 1 1
0 8 61 1 1
0 6 61 1 1
0 9 61 1 1
0 7 61 1 1
0 10 61 1 1
0 11 61 1 1
0 1 61 1 1
0 5 70 1 1
0 9 66 1 1
0 10 65 1 1
0 12 63 1 1
0 4 71 1 1
0 2 60 1 1
0 7 68 1 1
0 6 69 1 1
0 8 67 1 1
0 1 61 1 1
0 11 64 1 1
0 7 70 1 1
0 8 71 1 1
0 13 70 1 1
0 2 65 1 1
0 5 68 1 1
0 3 66 1 1
0 4 67 1 1
0 10 60 1 1
0 12 62 1 1
0 6 69 1 1
0 11 61 1 1
0 1 64 1 1
0 10 64 1 1
0 7 64 1 1
0 9 64 1 1
0 6 64 1 1
0 8 64 1 1
0 5 64 1 1
0 4 64 1 1
0 12 64 1 1
0 3 64 1 1
0 2 64 1 1
0 1 64 1 1
0 11 64 1 1
0 8 70 1 1
0 2 63 1 1
0 7 71 1 1
0 10 68 1 1
0 9 69 1 1
0 4 61 1 1
0 3 62 1 1
0 5 60 1 1
0 11 67 1 1
0 12 66 1 1
0 1 64 1 1
0 2 68 1 1
0 9 62 1 1
0 1 67 1 1
0 4 70 1 1
0 5 71 1 1
0 12 65 1 1
0 10 63 1 1
0 3 69 1 1
0 13 67 1 1
0 7 60 1 1
0 8 61 1 1
0 11 64 1 1
0 3 67 1 1
0 1 67 1 1
0 12 67 1 1
0 6 67 1 1
0 7 67 1 1
0 4 67 1 1
0 5 67 1 1
0 10 67 1 1
0 11 67 1 1
0 8 67 1 1
0 2 67 1 1
0 9 67 1 1
0 5 63 1 1
0 6 62 1 1
0 11 70 1 1
0 10 71 1 1
0 1 67 1 1
0 4 64 1 1
0 2 66 1 1
0 7 61 1 1
0 8 60 1 1
0 12 69 1 1
0 3 65 1 1
0 9 65 1 1
0 6 62 1 1
0 8 64 1 1
0 12 68 1 1
0 2 71 1 1
0 10 66 1 1
0 13 64 1 1
0 5 61 1 1
0 11 67 1 1
0 4 60 1 1
0 1 70 1 1
0 7 63 1 1
0 3 80 1 1
0 5 82 1 1
0 6 83 1 1
0 10 87 1 1
0 11 88 1 1
0 4 81 1 1
0 13 77 1 1
0 7 84 1 1
0 9 86 1 1
0 8 85 1 1
0 2 79 1 1
0 1 78 1 1
0 1 77 1 1
0 9 82 1 1
0 10 81 1 1
0 6 85 1 1
0 8 83 1 1
0 4 87 1 1
0 7 84 1 1
0 11 80 1 1
0 3 88 1 1
0 12 79 1 1
0 5 86 1 1
0 5 87 1 1
0 9 83 1 1
0 10 82 1 1
0 12 80 1 1
0 4 88 1 1
0 2 77 1 1
0 7 85 1 1
0 6 86 1 1
0 8 84 1 1
0 1 78 1 1
0 11 81 1 1
0 7 87 1 1
0 8 88 1 1
0 13 87 1 1
0 2 82 1 1
0 5 85 1 1
0 3 83 1 1
0 4 84 1 1
0 10 77 1 1
0 12 79 1 1
0 6 86 1 1
0 11 78 1 1
0 1 81 1 1
0 10 81 1 1
0 7 81 1 1
0 9 81 1 1
0 6 81 1 1
0 8 81 1 1
0 5 81 1 1
0 4 81 1 1
0 12 81 1 1
0 3 81 1 1
0 2 81 1 1
0 1 81 1 1
0 11 81 1 1
0 8 87 1 1
0 2 80 1 1
0 7 88 1 1
0 10 85 1 1
0 9 86 1 1
0 4 78 1 1
0 3 79 1 1
0 5 77 1 1
0 11 84 1 1
0 12 83 1 1
0 1 81 1 1
0 2 85 1 1
0 9 79 1 1
0 1 84 1 1
0 4 87 1 1
0 5 88 1 1
0 12 82 1 1
0 10 80 1 1
0 3 86 1 1
0 13 84 1 1
0 7 77 1 1
0 8 78 1 1
0 11 81 1 1
0 3 84 1 1
0 1 84 1 1
0 12 84 1 1
0 6 84 1 1
0 7 84 1 1
0 4 84 1 1
0 5 84 1 1
0 10 84 1 1
0 11 84 1 1
0 8 84 1 1
0 2 84 1 1
0 9 84 1 1
0 5 80 1 1
0 6 79 1 1
0 11 87 1 1
0 10 88 1 1
0 1 84 1 1
0 4 81 1 1
0 2 83 1 1
0 7 78 1 1
0 8 77 1 1
0 12 86 1 1
0 3 82 1 1
0 9 82 1 1
0 6 79 1 1
0 8 81 1 1
0 12 85 1 1
0 2 88 1 1
0 10 83 1 1
0 13 81 1 1
0 5 78 1 1
0 11 84 1 1
0 4 77 1 1
0 1 87 1 1
0 7 80 1 1
0 8 87 1 1
0 5 87 1 1
0 11 87 1 1
0 4 87 1 1
0 10 87 1 1
0 7 87 1 1
0 6 87 1 1
0 12 87 1 1
0 1 87 1 1
0 3 87 1 1
0 9 87 1 1
0 2 87 1 1
0 3 27 1 1
0 5 29 1 1
0 6 30 1 1
0 10 34 1 1
0 11 35 1 1
0 4 28 1 1
0 13 24 1 1
0 7 31 1 1
0 9 33 1 1
0 8 32 1 1
0 2 26 1 1
0 1 25 1 1
0 1 24 1 1
0 9 29 1 1
0 10 28 1 1
0 6 32 1 1
0 8 30 1 1
0 4 34 1 1
0 7 31 1 1
0 11 27 1 1
0 3 35 1 1
0 12 26 1 1
0 5 33 1 1
0 5 34 1 1
0 9 30 1 1
0 10 29 1 1
0 12 27 1 1
0 4 35 1 1
0 2 24 1 1
0 7 32 1 1
0 6 33 1 1
0 8 31 1 1
0 1 25 1 1
0 11 28 1 1
0 3 30 1 1
0 5 32 1 1
0 6 33 1 1
0 10 37 1 1
0 11 38 1 1
0 4 31 1 1
0 13 27 1 1
0 7 34 1 1
0 9 36 1 1
0 8 35 1 1
0 2 29 1 1
0 1 28 1 1
0 1 27 1 1
0 9 32 1 1
0 10 31 1 1
0 6 35 1 1
0 8 33 1 1
0 4 37 1 1
0 7 34 1 1
0 11 30 1 1
0 3 38 1 1
0 12 29 1 1
0 5 36 1 1
0 5 37 1 1
0 9 33 1 1
0 10 32 1 1
0 12 30 1 1
0 4 38 1 1
0 2 27 1 1
0 7 35 1 1
0 6 36 1 1
0 8 34 1 1
0 1 28 1 1
0 11 31 1 1
0 3 43 1 1
0 5 45 1 1
0 6 46 1 1
0 10 50 1 1
0 11 51 1 1
0 4 44 1 1
0 13 40 1 1
0 7 47 1 1
0 9 49 1 1
0 8 48 1 1
0 2 42 1 1
0 1 41 1 1
0 2 41 1 1
0 3 41 1 1
0 12 41 1 1
0 4 41 1 1
0 5 41 1 1
0 8 41 1 1
0 6 41 1 1
0 9 41 1 1
0 7 41 1 1
0 10 41 1 1
0 11 41 1 1
0 1 41 1 1
0 5 50 1 1
0 9 46 1 1
0 10 45 1 1
0 12 43 1 1
0 4 51 1 1
0 2 40 1 1
0 7 48 1 1
0 6 49 1 1
0 8 47 1 1
0 1 41 1 1
0 11 44 1 1
0 7 50 1 1
0 8 51 1 1
0 13 50 1 1
0 2 45 1 1
0 5 48 1 1
0 3 46 1 1
0 4 47 1 1
0 10 40 1 1
0 12 42 1 1
0 6 49 1 1
0 11 41 1 1
0 1 44 1 1
0 3 102 1 1
0 5 104 1 1
0 6 105 1 1
0 10 109 1 1
0 11 110 1 1
0 4 103 1 1
0 13 99 1 1
0 7 106 1 1
0 9 108 1 1
0 8 107 1 1
0 2 101 1 1
0 1 100 1 1
0 2 100 1 1
0 3 100 1 1
0 12 100 1 1
0 4 100 1 1
0 5 100 1 1
0 8 100 1 1
0 6 100 1 1
0 9 100 1 1
0 7 100 1 1
0 10 100 1 1
0 11 100 1 1
0 1 100 1 1
0 5 109 1 1
0 9 105 1 1
0 10 104 1 1
0 12 102 1 1
0 4 110 1 1
0 2 99 1 1
0 7 107 1 1
0 6 108 1 1
0 8 106 1 1
0 1 100 1 1
0 11 103 1 1
0 7 109 1 1
0 8 110 1 1
0 13 109 1 1
0 2 104 1 1
0 5 107 1 1
0 3 105 1 1
0 4 106 1 1
0 10 99 1 1
0 12 101 1 1
0 6 108 1 1
0 11 100 1 1
0 1 103 1 1
0 10 103 1 1
0 7 103 1 1
0 9 103 1 1
0 6 103 1 1
0 8 103 1 1
0 5 103 1 1
0 4 103 1 1
0 12 103 1 1
0 3 103 1 1
0 2 103 1 1
0 1 103 1 1
0 11 103 1 1
0 8 109 1 1
0 2 102 1 1
0 7 110 1 1
0 10 107 1 1
0 9 108 1 1
0 4 100 1 1
0 3 101 1 1
0 5 99 1 1
0 11 106 1 1
0 12 105 1 1
0 1 103 1 1
0 2 107 1 1
0 9 101 1 1
0 1 106 1 1
0 4 109 1 1
0 5 110 1 1
0 12 104 1 1
0 10 102 1 1
0 3 108 1 1
0 13 106 1 1
0 7 99 1 1
0 8 100 1 1
0 11 103 1 1
0 3 106 1 1
0 1 106 1 1
0 12 106 1 1
0 6 106 1 1
0 7 106 1 1
0 4 106 1 1
0 5 106 1 1
0 10 106 1 1
0 11 106 1 1
0 8 106 1 1
0 2 106 1 1
0 9 106 1 1
0 5 102 1 1
0 6 101 1 1
0 11 109 1 1
0 10 110 1 1
0 1 106 1 1
0 4 103 1 1
0 2 105 1 1
0 7 100 1 1
0 8 99 1 1
0 12 108 1 1
0 3 104 1 1
0 3 123 1 1
0 5 125 1 1
0 6 126 1 1
0 10 130 1 1
0 11 131 1 1
0 4 124 1 1
0 13 120 1 1
0 7 127 1 1
0 9 129 1 1
0 8 128 1 1
0 2 122 1 1
0 1 121 1 1
0 2 121 1 1
0 3 121 1 1
0 12 121 1 1
0 4 121 1 1
0 5 121 1 1
0 8 121 1 1
0 6 121 1 1
0 9 121 1 1
0 7 121 1 1
0 10 121 1 1
0 11 121 1 1
0 1 121 1 1
0 5 130 1 1
0 9 126 1 1
0 10 125 1 1
0 12 123 1 1
0 4 131 1 1
0 2 120 1 1
0 7 128 1 1
0 6 129 1 1
0 8 127 1 1
0 1 121 1 1
0 11 124 1 1
0 7 130 1 1
0 8 131 1 1
0 13 130 1 1
0 2 125 1 1
0 5 128 1 1
0 3 126 1 1
0 4 127 1 1
0 10 120 1 1
0 12 122 1 1
0 6 129 1 1
0 11 121 1 1
0 1 124 1 1
0 10 124 1 1
0 7 124 1 1
0 9 124 1 1
0 6 124 1 1
0 8 124 1 1
0 5 124 1 1
0 4 124 1 1
0 12 124 1 1
0 3 124 1 1
0 2 124 1 1
0 1 124 1 1
0 11 124 1 1
0 8 130 1 1
0 2 123 1 1
0 7 131 1 1
0 10 128 1 1
0 9 129 1 1
0 4 121 1 1
0 3 122 1 1
0 5 120 1 1
0 11 127 1 1
0 12 126 1 1
0 1 124 1 1
0 2 128 1 1
0 9 122 1 1
0 1 127 1 1
0 4 130 1 1
0 5 131 1 1
0 12 125 1 1
0 10 123 1 1
0 3 129 1 1
0 13 127 1 1
0 7 120 1 1
0 8 121 1 1
0 11 124 1 1
0 3 127 1 1
0 1 127 1 1
0 12 127 1 1
0 6 127 1 1
0 7 127 1 1
0 4 127 1 1
0 5 127 1 1
0 10 127 1 1
0 11 127 1 1
0 8 127 1 1
0 2 127 1 1
0 9 127 1 1
0 5 123 1 1
0 6 122 1 1
0 11 130 1 1
0 10 131 1 1
0 1 127 1 1
0 4 124 1 1
0 2 126 1 1
0 7 121 1 1
0 8 120 1 1
0 12 129 1 1
0 3 125 1 1
0 9 125 1 1
0 6 122 1 1
0 8 124 1 1
0 12 128 1 1
0 2 131 1 1
0 10 126 1 1
0 13 124 1 1
0 5 121 1 1
0 11 127 1 1
0 4 120 1 1
0 1 130 1 1
0 7 123 1 1
0 3 29 1 1
0 5 31 1 1
0 6 32 1 1
0 10 36 1 1
0 11 37 1 1
0 4 30 1 1
0 13 26 1 1
0 7 33 1 1
0 9 35 1 1
0 8 34 1 1
0 2 28 1 1
0 1 27 1 1
0 2 27 1 1
0 3 27 1 1
0 12 27 1 1
0 4 27 1 1
0 5 27 1 1
0 8 27 1 1
0 6 27 1 1
0 9 27 1 1
0 7 27 1 1
0 10 27 1 1
0 11 27 1 1
0 1 27 1 1
0 3 129 1 1
0 5 131 1 1
0 6 132 1 1
0 10 136 1 1
0 11 137 1 1
0 4 130 1 1
0 13 126 1 1
0 7 133 1 1
0 9 135 1 1
0 8 134 1 1
0 2 128 1 1
0 1 127 1 1
0 2 127 1 1
0 3 127 1 1
0 12 127 1 1
0 4 127 1 1
0 5 127 1 1
0 8 127 1 1
0 6 127 1 1
0 9 127 1 1
0 7 127 1 1
0 10 127 1 1
0 11 127 1 1
0 1 127 1 1
0 5 136 1 1
0 9 132 1 1
0 10 131 1 1
0 12 129 1 1
0 4 137 1 1
0 2 126 1 1
0 7 134 1 1
0 6 135 1 1
0 8 133 1 1
0 1 127 1 1
0 11 130 1 1
0 7 136 1 1
0 8 137 1 1
0 13 136 1 1
0 2 131 1 1
0 5 134 1 1
0 3 132 1 1
0 4 133 1 1
0 10 126 1 1
0 12 128 1 1
0 6 135 1 1
0 11 127 1 1
0 1 130 1 1
0 10 130 1 1
0 7 130 1 1
0 9 130 1 1
0 6 130 1 1
0 8 130 1 1
0 5 130 1 1
0 4 130 1 1
0 12 130 1 1
0 3 130 1 1
0 2 130 1 1
0 1 130 1 1
0 11 130 1 1
0 8 136 1 1
0 2 129 1 1
0 7 137 1 1
0 10 134 1 1
0 9 135 1 1
0 4 127 1 1
0 3 128 1 1
0 5 126 1 1
0 11 133 1 1
0 12 132 1 1
0 1 130 1 1
0 2 134 1 1
0 9 128 1 1
0 1 133 1 1
0 4 136 1 1
0 5 137 1 1
0 12 131 1 1
0 10 129 1 1
0 3 135 1 1
0 13 133 1 1
0 7 126 1 1
0 8 127 1 1
0 11 130 1 1
0 3 133 1 1
0 1 133 1 1
0 12 133 1 1
0 6 133 1 1
0 7 133 1 1
0 4 133 1 1
0 5 133 1 1
0 10 133 1 1
0 11 133 1 1
0 8 133 1 1
0 2 133 1 1
0 9 133 1 1
0 5 129 1 1
0 6 128 1 1
0 11 136 1 1
0 10 137 1 1
0 1 133 1 1
0 4 130 1 1
0 2 132 1 1
0 7 127 1 1
0 8 126 1 1
0 12 135 1 1
0 3 131 1 1
0 3 93 1 1
0 5 95 1 1
0 6 96 1 1
0 10 100 1 1
0 11 101 1 1
0 4 94 1 1
0 13 90 1 1
0 7 97 1 1
0 9 99 1 1
0 8 98 1 1
0 2 92 1 1
0 1 91 1 1
0 1 90 1 1
0 9 95 1 1
0 10 94 1 1
0 6 98 1 1
0 8 96 1 1
0 4 100 1 1
0 7 97 1 1
0 11 93 1 1
0 3 101 1 1
0 12 92 1 1
0 5 99 1 1
0 5 100 1 1
0 9 96 1 1
0 10 95 1 1
0 12 93 1 1
0 4 101 1 1
0 2 90 1 1
0 7 98 1 1
0 6 99 1 1
0 8 97 1 1
0 1 91 1 1
0 11 94 1 1
0 7 100 1 1
0 8 101 1 1
0 13 100 1 1
0 2 95 1 1
0 5 98 1 1
0 3 96 1 1
0 4 97 1 1
0 10 90 1 1
0 12 92 1 1
0 6 99 1 1
0 11 91 1 1
0 1 94 1 1
0 10 94 1 1
0 7 94 1 1
0 9 94 1 1
0 6 94 1 1
0 8 94 1 1
0 5 94 1 1
0 4 94 1 1
0 12 94 1 1
0 3 94 1 1
0 2 94 1 1
0 1 94 1 1
0 11 94 1 1
0 8 100 1 1
0 2 93 1 1
0 7 101 1 1
0 10 98 1 1
0 9 99 1 1
0 4 91 1 1
0 3 92 1 1
0 5 90 1 1
0 11 97 1 1
0 12 96 1 1
0 1 94 1 1
0 3 35 1 1
0 5 37 1 1
0 6 38 1 1
0 10 42 1 1
0 11 43 1 1
0 4 36 1 1
0 13 32 1 1
0 7 39 1 1
0 9 41 1 1
0 8 40 1 1
0 2 34 1 1
0 1 33 1 1
0 2 33 1 1
0 3 33 1 1
0 12 33 1 1
0 4 33 1 1
0 5 33 1 1
0 8 33 1 1
0 6 33 1 1
0 9 33 1 1
0 7 33 1 1
0 10 33 1 1
0 11 33 1 1
0 1 33 1 1
0 3 71 1 1
0 5 73 1 1
0 6 74 1 1
0 10 78 1 1
0 11 79 1 1
0 4 72 1 1
0 13 68 1 1
0 7 75 1 1
0 9 77 1 1
0 8 76 1 1
0 2 70 1 1
0 1 69 1 1
0 2 69 1 1
0 3 69 1 1
0 12 69 1 1
0 4 69 1 1
0 5 69 1 1
0 8 69 1 1
0 6 69 1 1
0 9 69 1 1
0 7 69 1 1
0 10 69 1 1
0 11 69 1 1
0 1 69 1 1
0 5 78 1 1
0 9 74 1 1
0 10 73 1 1
0 12 71 1 1
0 4 79 1 1
0 2 68 1 1
0 7 76 1 1
0 6 77 1 1
0 8 75 1 1
0 1 69 1 1
0 11 72 1 1
0 7 78 1 1
0 8 79 1 1
0 13 78 1 1
0 2 73 1 1
0 5 76 1 1
0 3 74 1 1
0 4 75 1 1
0 10 68 1 1
0 12 70 1 1
0 6 77 1 1
0 11 69 1 1
0 1 72 1 1
0 3 21 1 1
0 5 23 1 1
0 6 24 1 1
0 10 28 1 1
0 11 29 1 1
0 4 22 1 1
0 13 18 1 1
0 7 25 1 1
0 9 27 1 1
0 8 26 1 1
0 2 20 1 1
0 1 19 1 1
0 3 98 1 1
0 5 100 1 1
0 6 101 1 1
0 10 105 1 1
0 11 106 1 1
0 4 99 1 1
0 13 95 1 1
0 7 102 1 1
0 9 104 1 1
0 8 103 1 1
0 2 97 1 1
0 1 96 1 1
0 1 95 1 1
0 9 100 1 1
0 10 99 1 1
0 6 103 1 1
0 8 101 1 1
0 4 105 1 1
0 7 102 1 1
0 11 98 1 1
0 3 106 1 1
0 12 97 1 1
0 5 104 1 1
0 5 105 1 1
0 9 101 1 1
0 10 100 1 1
0 12 98 1 1
0 4 106 1 1
0 2 95 1 1
0 7 103 1 1
0 6 104 1 1
0 8 102 1 1
0 1 96 1 1
0 11 99 1 1
0 7 105 1 1
0 8 106 1 1
0 13 105 1 1
0 2 100 1 1
0 5 103 1 1
0 3 101 1 1
0 4 102 1 1
0 10 95 1 1
0 12 97 1 1
0 6 104 1 1
0 11 96 1 1
0 1 99 1 1
0 10 99 1 1
0 7 99 1 1
0 9 99 1 1
0 6 99 1 1
0 8 99 1 1
0 5 99 1 1
0 4 99 1 1
0 12 99 1 1
0 3 99 1 1
0 2 99 1 1
0 1 99 1 1
0 11 99 1 1
0 3 23 1 1
0 5 25 1 1
0 6 26 1 1
0 10 30 1 1
0 11 31 1 1
0 4 24 1 1
0 13 20 1 1
0 7 27 1 1
0 9 29 1 1
0 8 28 1 1
0 2 22 1 1
0 1 21 1 1
0 3 24 1 1
0 5 26 1 1
0 6 27 1 1
0 10 31 1 1
0 11 32 1 1
0 4 25 1 1
0 13 21 1 1
0 7 28 1 1
0 9 30 1 1
0 8 29 1 1
0 2 23 1 1
0 1 22 1 1
0 3 245 1 1
0 5 247 1 1
0 6 248 1 1
0 10 252 1 1
0 11 253 1 1
0 4 246 1 1
0 13 242 1 1
0 7 249 1 1
0 9 251 1 1
0 8 250 1 1
0 2 244 1 1
0 1 243 1 1
0 1 242 1 1
0 9 247 1 1
0 10 246 1 1
0 6 250 1 1
0 8 248 1 1
0 4 252 1 1
0 7 249 1 1
0 11 245 1 1
0 3 253 1 1
0 12 244 1 1
0 5 251 1 1
0 5 252 1 1
0 9 248 1 1
0 10 247 1 1
0 12 245 1 1
0 4 253 1 1
0 2 242 1 1
0 7 250 1 1
0 6 251 1 1
0 8 249 1 1
0 1 243 1 1
0 11 246 1 1
0 7 252 1 1
0 8 253 1 1
0 13 252 1 1
0 2 247 1 1
0 5 250 1 1
0 3 248 1 1
0 4 249 1 1
0 10 242 1 1
0 12 244 1 1
0 6 251 1 1
0 11 243 1 1
0 1 246 1 1
0 10 246 1 1
0 7 246 1 1
0 9 246 1 1
0 6 246 1 1
0 8 246 1 1
0 5 246 1 1
0 4 246 1 1
0 12 246 1 1
0 3 246 1 1
0 2 246 1 1
0 1 246 1 1
0 11 246 1 1
0 8 252 1 1
0 2 245 1 1
0 7 253 1 1
0 10 250 1 1
0 9 251 1 1
0 4 243 1 1
0 3 244 1 1
0 5 242 1 1
0 11 249 1 1
0 12 248 1 1
0 1 246 1 1
0 2 250 1 1
0 9 244 1 1
0 1 249 1 1
0 4 252 1 1
0 5 253 1 1
0 12 247 1 1
0 10 245 1 1
0 3 251 1 1
0 13 249 1 1
0 7 242 1 1
0 8 243 1 1
0 11 246 1 1
0 3 249 1 1
0 1 249 1 1
0 12 249 1 1
0 6 249 1 1
0 7 249 1 1
0 4 249 1 1
0 5 249 1 1
0 10 249 1 1
0 11 249 1 1
0 8 249 1 1
0 2 249 1 1
0 9 249 1 1
0 5 245 1 1
0 6 244 1 1
0 11 252 1 1
0 10 253 1 1
0 1 249 1 1
0 4 246 1 1
0 2 248 1 1
0 7 243 1 1
0 8 242 1 1
0 12 251 1 1
0 3 247 1 1
0 9 247 1 1
0 6 244 1 1
0 8 246 1 1
0 12 250 1 1
0 2 253 1 1
0 10 248 1 1
0 13 246 1 1
0 5 243 1 1
0 11 249 1 1
0 4 242 1 1
0 1 252 1 1
0 7 245 1 1
0 8 252 1 1
0 5 252 1 1
0 11 252 1 1
0 4 252 1 1
0 10 252 1 1
0 7 252 1 1
0 6 252 1 1
0 12 252 1 1
0 1 252 1 1
0 3 252 1 1
0 9 252 1 1
0 2 252 1 1
0 3 26 1 1
0 5 28 1 1
0 6 29 1 1
0 10 33 1 1
0 11 34 1 1
0 4 27 1 1
0 13 23 1 1
0 7 30 1 1
0 9 32 1 1
0 8 31 1 1
0 2 25 1 1
0 1 24 1 1
0 3 195 1 1
0 5 197 1 1
0 6 198 1 1
0 10 202 1 1
0 11 203 1 1
0 4 196 1 1
0 13 192 1 1
0 7 199 1 1
0 9 201 1 1
0 8 200 1 1
0 2 194 1 1
0 1 193 1 1
0 1 192 1 1
0 9 197 1 1
0 10 196 1 1
0 6 200 1 1
0 8 198 1 1
0 4 202 1 1
0 7 199 1 1
0 11 195 1 1
0 3 203 1 1
0 12 194 1 1
0 5 201 1 1
0 5 202 1 1
0 9 198 1 1
0 10 197 1 1
0 12 195 1 1
0 4 203 1 1
0 2 192 1 1
0 7 200 1 1
0 6 201 1 1
0 8 199 1 1
0 1 193 1 1
0 11 196 1 1
0 7 202 1 1
0 8 203 1 1
0 13 202 1 1
0 2 197 1 1
0 5 200 1 1
0 3 198 1 1
0 4 199 1 1
0 10 192 1 1
0 12 194 1 1
0 6 201 1 1
0 11 193 1 1
0 1 196 1 1
0 10 196 1 1
0 7 196 1 1
0 9 196 1 1
0 6 196 1 1
0 8 196 1 1
0 5 196 1 1
0 4 196 1 1
0 12 196 1 1
0 3 196 1 1
0 2 196 1 1
0 1 196 1 1
0 11 196 1 1
0 8 202 1 1
0 2 195 1 1
0 7 203 1 1
0 10 200 1 1
0 9 201 1 1
0 4 193 1 1
0 3 194 1 1
0 5 192 1 1
0 11 199 1 1
0 12 198 1 1
0 1 196 1 1
0 2 200 1 1
0 9 194 1 1
0 1 199 1 1
0 4 202 1 1
0 5 203 1 1
0 12 197 1 1
0 10 195 1 1
0 3 201 1 1
0 13 199 1 1
0 7 192 1 1
0 8 193 1 1
0 11 196 1 1
0 3 199 1 1
0 1 199 1 1
0 12 199 1 1
0 6 199 1 1
0 7 199 1 1
0 4 199 1 1
0 5 199 1 1
0 10 199 1 1
0 11 199 1 1
0 8 199 1 1
0 2 199 1 1
0 9 199 1 1
0 3 278 1 1
0 5 280 1 1
0 6 281 1 1
0 10 285 1 1
0 11 286 1 1
0 4 279 1 1
0 13 275 1 1
0 7 282 1 1
0 9 284 1 1
0 8 283 1 1
0 2 277 1 1
0 1 276 1 1
0 1 275 1 1
0 9 280 1 1
0 10 279 1 1
0 6 283 1 1
0 8 281 1 1
0 4 285 1 1
0 7 282 1 1
0 11 278 1 1
0 3 286 1 1
0 12 277 1 1
0 5 284 1 1
0 5 285 1 1
0 9 281 1 1
0 10 280 1 1
0 12 278 1 1
0 4 286 1 1
0 2 275 1 1
0 7 283 1 1
0 6 284 1 1
0 8 282 1 1
0 1 276 1 1
0 11 279 1 1
0 7 285 1 1
0 8 286 1 1
0 13 285 1 1
0 2 280 1 1
0 5 283 1 1
0 3 281 1 1
0 4 282 1 1
0 10 275 1 1
0 12 277 1 1
0 6 284 1 1
0 11 276 1 1
0 1 279 1 1
0 10 279 1 1
0 7 279 1 1
0 9 279 1 1
0 6 279 1 1
0 8 279 1 1
0 5 279 1 1
0 4 279 1 1
0 12 279 1 1
0 3 279 1 1
0 2 279 1 1
0 1 279 1 1
0 11 279 1 1
0 8 285 1 1
0 2 278 1 1
0 7 286 1 1
0 10 283 1 1
0 9 284 1 1
0 4 276 1 1
0 3 277 1 1
0 5 275 1 1
0 11 282 1 1
0 12 281 1 1
0 1 279 1 1
0 2 283 1 1
0 9 277 1 1
0 1 282 1 1
0 4 285 1 1
0 5 286 1 1
0 12 280 1 1
0 10 278 1 1
0 3 284 1 1
0 13 282 1 1
0 7 275 1 1
0 8 276 1 1
0 11 279 1 1
0 3 282 1 1
0 1 282 1 1
0 12 282 1 1
0 6 282 1 1
0 7 282 1 1
0 4 282 1 1
0 5 282 1 1
0 10 282 1 1
0 11 282 1 1
0 8 282 1 1
0 2 282 1 1
0 9 282 1 1
0 5 278 1 1
0 6 277 1 1
0 11 285 1 1
0 10 286 1 1
0 1 282 1 1
0 4 279 1 1
0 2 281 1 1
0 7 276 1 1
0 8 275 1 1
0 12 284 1 1
0 3 280 1 1
0 9 280 1 1
0 6 277 1 1
0 8 279 1 1
0 12 283 1 1
0 2 286 1 1
0 10 281 1 1
0 13 279 1 1
0 5 276 1 1
0 11 282 1 1
0 4 275 1 1
0 1 285 1 1
0 7 278 1 1
0 8 285 1 1
0 5 285 1 1
0 11 285 1 1
0 4 285 1 1
0 10 285 1 1
0 7 285 1 1
0 6 285 1 1
0 12 285 1 1
0 1 285 1 1
0 3 285 1 1
0 9 285 1 1
0 2 285 1 1
0 3 29 1 1
0 5 31 1 1
0 6 32 1 1
0 10 36 1 1
0 11 37 1 1
0 4 30 1 1
0 13 26 1 1
0 7 33 1 1
0 9 35 1 1
0 8 34 1 1
0 2 28 1 1
0 1 27 1 1
0 3 111 1 1
0 5 113 1 1
0 6 114 1 1
0 10 118 1 1
0 11 119 1 1
0 4 112 1 1
0 13 108 1 1
0 7 115 1 1
0 9 117 1 1
0 8 116 1 1
0 2 110 1 1
0 1 109 1 1
0 2 109 1 1
0 3 109 1 1
0 12 109 1 1
0 4 109 1 1
0 5 109 1 1
0 8 109 1 1
0 6 109 1 1
0 9 109 1 1
0 7 109 1 1
0 10 109 1 1
0 11 109 1 1
0 1 109 1 1
0 5 118 1 1
0 9 114 1 1
0 10 113 1 1
0 12 111 1 1
0 4 119 1 1
0 2 108 1 1
0 7 116 1 1
0 6 117 1 1
0 8 115 1 1
0 1 109 1 1
0 11 112 1 1
0 7 118 1 1
0 8 119 1 1
0 13 118 1 1
0 2 113 1 1
0 5 116 1 1
0 3 114 1 1
0 4 115 1 1
0 10 108 1 1
0 12 110 1 1
0 6 117 1 1
0 11 109 1 1
0 1 112 1 1
0 3 31 1 1
0 5 33 1 1
0 6 34 1 1
0 10 38 1 1
0 11 39 1 1
0 4 32 1 1
0 13 28 1 1
0 7 35 1 1
0 9 37 1 1
0 8 36 1 1
0 2 30 1 1
0 1 29 1 1
0 3 32 1 1
0 5 34 1 1
0 6 35 1 1
0 10 39 1 1
0 11 40 1 1
0 4 33 1 1
0 13 29 1 1
0 7 36 1 1
0 9 38 1 1
0 8 37 1 1
0 2 31 1 1
0 1 30 1 1
0 3 243 1 1
0 5 245 1 1
0 6 246 1 1
0 10 250 1 1
0 11 251 1 1
0 4 244 1 1
0 13 240 1 1
0 7 247 1 1
0 9 249 1 1
0 8 248 1 1
0 2 242 1 1
0 1 241 1 1
0 1 240 1 1
0 9 245 1 1
0 10 244 1 1
0 6 248 1 1
0 8 246 1 1
0 4 250 1 1
0 7 247 1 1
0 11 243 1 1
0 3 251 1 1
0 12 242 1 1
0 5 249 1 1
0 5 250 1 1
0 9 246 1 1
0 10 245 1 1
0 12 243 1 1
0 4 251 1 1
0 2 240 1 1
0 7 248 1 1
0 6 249 1 1
0 8 247 1 1
0 1 241 1 1
0 11 244 1 1
0 7 250 1 1
0 8 251 1 1
0 13 250 1 1
0 2 245 1 1
0 5 248 1 1
0 3 246 1 1
0 4 247 1 1
0 10 240 1 1
0 12 242 1 1
0 6 249 1 1
0 11 241 1 1
0 1 244 1 1
0 10 244 1 1
0 7 244 1 1
0 9 244 1 1
0 6 244 1 1
0 8 244 1 1
0 5 244 1 1
0 4 244 1 1
0 12 244 1 1
0 3 244 1 1
0 2 244 1 1
0 1 244 1 1
0 11 244 1 1
0 8 250 1 1
0 2 243 1 1
0 7 251 1 1
0 10 248 1 1
0 9 249 1 1
0 4 241 1 1
0 3 242 1 1
0 5 240 1 1
0 11 247 1 1
0 12 246 1 1
0 1 244 1 1
0 2 248 1 1
0 9 242 1 1
0 1 247 1 1
0 4 250 1 1
0 5 251 1 1
0 12 245 1 1
0 10 243 1 1
0 3 249 1 1
0 13 247 1 1
0 7 240 1 1
0 8 241 1 1
0 11 244 1 1
0 3 247 1 1
0 1 247 1 1
0 12 247 1 1
0 6 247 1 1
0 7 247 1 1
0 4 247 1 1
0 5 247 1 1
0 10 247 1 1
0 11 247 1 1
0 8 247 1 1
0 2 247 1 1
0 9 247 1 1
0 3 96 1 1
0 5 98 1 1
0 6 99 1 1
0 10 103 1 1
0 11 104 1 1
0 4 97 1 1
0 13 93 1 1
0 7 100 1 1
0 9 102 1 1
0 8 101 1 1
0 2 95 1 1
0 1 94 1 1
0 1 93 1 1
0 9 98 1 1
0 10 97 1 1
0 6 101 1 1
0 8 99 1 1
0 4 103 1 1
0 7 100 1 1
0 11 96 1 1
0 3 104 1 1
0 12 95 1 1
0 5 102 1 1
0 5 103 1 1
0 9 99 1 1
0 10 98 1 1
0 12 96 1 1
0 4 104 1 1
0 2 93 1 1
0 7 101 1 1
0 6 102 1 1
0 8 100 1 1
0 1 94 1 1
0 11 97 1 1
0 3 99 1 1
0 5 101 1 1
0 6 102 1 1
0 10 106 1 1
0 11 107 1 1
0 4 100 1 1
0 13 96 1 1
0 7 103 1 1
0 9 105 1 1
0 8 104 1 1
0 2 98 1 1
0 1 97 1 1
0 1 96 1 1
0 9 101 1 1
0 10 100 1 1
0 6 104 1 1
0 8 102 1 1
0 4 106 1 1
0 7 103 1 1
0 11 99 1 1
0 3 107 1 1
0 12 98 1 1
0 5 105 1 1
0 5 106 1 1
0 9 102 1 1
0 10 101 1 1
0 12 99 1 1
0 4 107 1 1
0 2 96 1 1
0 7 104 1 1
0 6 105 1 1
0 8 103 1 1
0 1 97 1 1
0 11 100 1 1
0 3 267 1 1
0 5 269 1 1
0 6 270 1 1
0 10 274 1 1
0 11 275 1 1
0 4 268 1 1
0 13 264 1 1
0 7 271 1 1
0 9 273 1 1
0 8 272 1 1
0 2 266 1 1
0 1 265 1 1
0 1 264 1 1
0 9 269 1 1
0 10 268 1 1
0 6 272 1 1
0 8 270 1 1
0 4 274 1 1
0 7 271 1 1
0 11 267 1 1
0 3 275 1 1
0 12 266 1 1
0 5 273 1 1
0 5 274 1 1
0 9 270 1 1
0 10 269 1 1
0 12 267 1 1
0 4 275 1 1
0 2 264 1 1
0 7 272 1 1
0 6 273 1 1
0 8 271 1 1
0 1 265 1 1
0 11 268 1 1
0 7 274 1 1
0 8 275 1 1
0 13 274 1 1
0 2 269 1 1
0 5 272 1 1
0 3 270 1 1
0 4 271 1 1
0 10 264 1 1
0 12 266 1 1
0 6 273 1 1
0 11 265 1 1
0 1 268 1 1
0 10 268 1 1
0 7 268 1 1
0 9 268 1 1
0 6 268 1 1
0 8 268 1 1
0 5 268 1 1
0 4 268 1 1
0 12 268 1 1
0 3 268 1 1
0 2 268 1 1
0 1 268 1 1
0 11 268 1 1
0 8 274 1 1
0 2 267 1 1
0 7 275 1 1
0 10 272 1 1
0 9 273 1 1
0 4 265 1 1
0 3 266 1 1
0 5 264 1 1
0 11 271 1 1
0 12 270 1 1
0 1 268 1 1
0 2 272 1 1
0 9 266 1 1
0 1 271 1 1
0 4 274 1 1
0 5 275 1 1
0 12 269 1 1
0 10 267 1 1
0 3 273 1 1
0 13 271 1 1
0 7 264 1 1
0 8 265 1 1
0 11 268 1 1
0 3 271 1 1
0 1 271 1 1
0 12 271 1 1
0 6 271 1 1
0 7 271 1 1
0 4 271 1 1
0 5 271 1 1
0 10 271 1 1
0 11 271 1 1
0 8 271 1 1
0 2 271 1 1
0 9 271 1 1
0 3 275 1 1
0 5 277 1 1
0 6 278 1 1
0 10 282 1 1
0 11 283 1 1
0 4 276 1 1
0 13 272 1 1
0 7 279 1 1
0 9 281 1 1
0 8 280 1 1
0 2 274 1 1
0 1 273 1 1
0 1 272 1 1
0 9 277 1 1
0 10 276 1 1
0 6 280 1 1
0 8 278 1 1
0 4 282 1 1
0 7 279 1 1
0 11 275 1 1
0 3 283 1 1
0 12 274 1 1
0 5 281 1 1
0 5 282 1 1
0 9 278 1 1
0 10 277 1 1
0 12 275 1 1
0 4 283 1 1
0 2 272 1 1
0 7 280 1 1
0 6 281 1 1
0 8 279 1 1
0 1 273 1 1
0 11 276 1 1
0 7 282 1 1
0 8 283 1 1
0 13 282 1 1
0 2 277 1 1
0 5 280 1 1
0 3 278 1 1
0 4 279 1 1
0 10 272 1 1
0 12 274 1 1
0 6 281 1 1
0 11 273 1 1
0 1 276 1 1
0 10 276 1 1
0 7 276 1 1
0 9 276 1 1
0 6 276 1 1
0 8 276 1 1
0 5 276 1 1
0 4 276 1 1
0 12 276 1 1
0 3 276 1 1
0 2 276 1 1
0 1 276 1 1
0 11 276 1 1
0 8 282 1 1
0 2 275 1 1
0 7 283 1 1
0 10 280 1 1
0 9 281 1 1
0 4 273 1 1
0 3 274 1 1
0 5 272 1 1
0 11 279 1 1
0 12 278 1 1
0 1 276 1 1
0 2 280 1 1
0 9 274 1 1
0 1 279 1 1
0 4 282 1 1
0 5 283 1 1
0 12 277 1 1
0 10 275 1 1
0 3 281 1 1
0 13 279 1 1
0 7 272 1 1
0 8 273 1 1
0 11 276 1 1
0 3 279 1 1
0 1 279 1 1
0 12 279 1 1
0 6 279 1 1
0 7 279 1 1
0 4 279 1 1
0 5 279 1 1
0 10 279 1 1
0 11 279 1 1
0 8 279 1 1
0 2 279 1 1
0 9 279 1 1
0 3 108 1 1
0 5 110 1 1
0 6 111 1 1
0 10 115 1 1
0 11 116 1 1
0 4 109 1 1
0 13 105 1 1
0 7 112 1 1
0 9 114 1 1
0 8 113 1 1
0 2 107 1 1
0 1 106 1 1
0 1 105 1 1
0 9 110 1 1
0 10 109 1 1
0 6 113 1 1
0 8 111 1 1
0 4 115 1 1
0 7 112 1 1
0 11 108 1 1
0 3 116 1 1
0 12 107 1 1
0 5 114 1 1
0 5 115 1 1
0 9 111 1 1
0 10 110 1 1
0 12 108 1 1
0 4 116 1 1
0 2 105 1 1
0 7 113 1 1
0 6 114 1 1
0 8 112 1 1
0 1 106 1 1
0 11 109 1 1
0 3 147 1 1
0 5 149 1 1
0 6 150 1 1
0 10 154 1 1
0 11 155 1 1
0 4 148 1 1
0 13 144 1 1
0 7 151 1 1
0 9 153 1 1
0 8 152 1 1
0 2 146 1 1
0 1 145 1 1
0 2 145 1 1
0 3 145 1 1
0 12 145 1 1
0 4 145 1 1
0 5 145 1 1
0 8 145 1 1
0 6 145 1 1
0 9 145 1 1
0 7 145 1 1
0 10 145 1 1
0 11 145 1 1
0 1 145 1 1
0 5 154 1 1
0 9 150 1 1
0 10 149 1 1
0 12 147 1 1
0 4 155 1 1
0 2 144 1 1
0 7 152 1 1
0 6 153 1 1
0 8 151 1 1
0 1 145 1 1
0 11 148 1 1
0 7 154 1 1
0 8 155 1 1
0 13 154 1 1
0 2 149 1 1
0 5 152 1 1
0 3 150 1 1
0 4 151 1 1
0 10 144 1 1
0 12 146 1 1
0 6 153 1 1
0 11 145 1 1
0 1 148 1 1
0 3 225 1 1
0 5 227 1 1
0 6 228 1 1
0 10 232 1 1
0 11 233 1 1
0 4 226 1 1
0 13 222 1 1
0 7 229 1 1
0 9 231 1 1
0 8 230 1 1
0 2 224 1 1
0 1 223 1 1
0 1 222 1 1
0 9 227 1 1
0 10 226 1 1
0 6 230 1 1
0 8 228 1 1
0 4 232 1 1
0 7 229 1 1
0 11 225 1 1
0 3 233 1 1
0 12 224 1 1
0 5 231 1 1
0 5 232 1 1
0 9 228 1 1
0 10 227 1 1
0 12 225 1 1
0 4 233 1 1
0 2 222 1 1
0 7 230 1 1
0 6 231 1 1
0 8 229 1 1
0 1 223 1 1
0 11 226 1 1
0 7 232 1 1
0 8 233 1 1
0 13 232 1 1
0 2 227 1 1
0 5 230 1 1
0 3 228 1 1
0 4 229 1 1
0 10 222 1 1
0 12 224 1 1
0 6 231 1 1
0 11 223 1 1
0 1 226 1 1
0 10 226 1 1
0 7 226 1 1
0 9 226 1 1
0 6 226 1 1
0 8 226 1 1
0 5 226 1 1
0 4 226 1 1
0 12 226 1 1
0 3 226 1 1
0 2 226 1 1
0 1 226 1 1
0 11 226 1 1
0 8 232 1 1
0 2 225 1 1
0 7 233 1 1
0 10 230 1 1
0 9 231 1 1
0 4 223 1 1
0 3 224 1 1
0 5 222 1 1
0 11 229 1 1
0 12 228 1 1
0 1 226 1 1
0 3 345 1 1
0 5 347 1 1
0 6 348 1 1
0 10 352 1 1
0 11 353 1 1
0 4 346 1 1
0 13 342 1 1
0 7 349 1 1
0 9 351 1 1
0 8 350 1 1
0 2 344 1 1
0 1 343 1 1
0 2 343 1 1
0 3 343 1 1
0 12 343 1 1
0 4 343 1 1
0 5 343 1 1
0 8 343 1 1
0 6 343 1 1
0 9 343 1 1
0 7 343 1 1
0 10 343 1 1
0 11 343 1 1
0 1 343 1 1
0 5 352 1 1
0 9 348 1 1
0 10 347 1 1
0 12 345 1 1
0 4 353 1 1
0 2 342 1 1
0 7 350 1 1
0 6 351 1 1
0 8 349 1 1
0 1 343 1 1
0 11 346 1 1
0 7 352 1 1
0 8 353 1 1
0 13 352 1 1
0 2 347 1 1
0 5 350 1 1
0 3 348 1 1
0 4 349 1 1
0 10 342 1 1
0 12 344 1 1
0 6 351 1 1
0 11 343 1 1
0 1 346 1 1
0 10 346 1 1
0 7 346 1 1
0 9 346 1 1
0 6 346 1 1
0 8 346 1 1
0 5 346 1 1
0 4 346 1 1
0 12 346 1 1
0 3 346 1 1
0 2 346 1 1
0 1 346 1 1
0 11 346 1 1
0 8 352 1 1
0 2 345 1 1
0 7 353 1 1
0 10 350 1 1
0 9 351 1 1
0 4 343 1 1
0 3 344 1 1
0 5 342 1 1
0 11 349 1 1
0 12 348 1 1
0 1 346 1 1
0 2 350 1 1
0 9 344 1 1
0 1 349 1 1
0 4 352 1 1
0 5 353 1 1
0 12 347 1 1
0 10 345 1 1
0 3 351 1 1
0 13 349 1 1
0 7 342 1 1
0 8 343 1 1
0 11 346 1 1
0 3 349 1 1
0 1 349 1 1
0 12 349 1 1
0 6 349 1 1
0 7 349 1 1
0 4 349 1 1
0 5 349 1 1
0 10 349 1 1
0 11 349 1 1
0 8 349 1 1
0 2 349 1 1
0 9 349 1 1
0 5 345 1 1
0 6 344 1 1
0 11 352 1 1
0 10 353 1 1
0 1 349 1 1
0 4 346 1 1
0 2 348 1 1
0 7 343 1 1
0 8 342 1 1
0 12 351 1 1
0 3 347 1 1
0 3 354 1 1
0 5 356 1 1
0 6 357 1 1
0 10 361 1 1
0 11 362 1 1
0 4 355 1 1
0 13 351 1 1
0 7 358 1 1
0 9 360 1 1
0 8 359 1 1
0 2 353 1 1
0 1 352 1 1
0 2 352 1 1
0 3 352 1 1
0 12 352 1 1
0 4 352 1 1
0 5 352 1 1
0 8 352 1 1
0 6 352 1 1
0 9 352 1 1
0 7 352 1 1
0 10 352 1 1
0 11 352 1 1
0 1 352 1 1
0 5 361 1 1
0 9 357 1 1
0 10 356 1 1
0 12 354 1 1
0 4 362 1 1
0 2 351 1 1
0 7 359 1 1
0 6 360 1 1
0 8 358 1 1
0 1 352 1 1
0 11 355 1 1
0 7 361 1 1
0 8 362 1 1
0 13 361 1 1
0 2 356 1 1
0 5 359 1 1
0 3 357 1 1
0 4 358 1 1
0 10 351 1 1
0 12 353 1 1
0 6 360 1 1
0 11 352 1 1
0 1 355 1 1
0 10 355 1 1
0 7 355 1 1
0 9 355 1 1
0 6 355 1 1
0 8 355 1 1
0 5 355 1 1
0 4 355 1 1
0 12 355 1 1
0 3 355 1 1
0 2 355 1 1
0 1 355 1 1
0 11 355 1 1
0 8 361 1 1
0 2 354 1 1
0 7 362 1 1
0 10 359 1 1
0 9 360 1 1
0 4 352 1 1
0 3 353 1 1
0 5 351 1 1
0 11 358 1 1
0 12 357 1 1
0 1 355 1 1
0 2 359 1 1
0 9 353 1 1
0 1 358 1 1
0 4 361 1 1
0 5 362 1 1
0 12 356 1 1
0 10 354 1 1
0 3 360 1 1
0 13 358 1 1
0 7 351 1 1
0 8 352 1 1
0 11 355 1 1
0 3 358 1 1
0 1 358 1 1
0 12 358 1 1
0 6 358 1 1
0 7 358 1 1
0 4 358 1 1
0 5 358 1 1
0 10 358 1 1
0 11 358 1 1
0 8 358 1 1
0 2 358 1 1
0 9 358 1 1
0 5 354 1 1
0 6 353 1 1
0 11 361 1 1
0 10 362 1 1
0 1 358 1 1
0 4 355 1 1
0 2 357 1 1
0 7 352 1 1
0 8 351 1 1
0 12 360 1 1
0 3 356 1 1
0 3 283 1 1
0 5 285 1 1
0 6 286 1 1
0 10 290 1 1
0 11 291 1 1
0 4 284 1 1
0 13 280 1 1
0 7 287 1 1
0 9 289 1 1
0 8 288 1 1
0 2 282 1 1
0 1 281 1 1
0 1 280 1 1
0 9 285 1 1
0 10 284 1 1
0 6 288 1 1
0 8 286 1 1
0 4 290 1 1
0 7 287 1 1
0 11 283 1 1
0 3 291 1 1
0 12 282 1 1
0 5 289 1 1
0 5 290 1 1
0 9 286 1 1
0 10 285 1 1
0 12 283 1 1
0 4 291 1 1
0 2 280 1 1
0 7 288 1 1
0 6 289 1 1
0 8 287 1 1
0 1 281 1 1
0 11 284 1 1
0 7 290 1 1
0 8 291 1 1
0 13 290 1 1
0 2 285 1 1
0 5 288 1 1
0 3 286 1 1
0 4 287 1 1
0 10 280 1 1
0 12 282 1 1
0 6 289 1 1
0 11 281 1 1
0 1 284 1 1
0 10 284 1 1
0 7 284 1 1
0 9 284 1 1
0 6 284 1 1
0 8 284 1 1
0 5 284 1 1
0 4 284 1 1
0 12 284 1 1
0 3 284 1 1
0 2 284 1 1
0 1 284 1 1
0 11 284 1 1
0 8 290 1 1
0 2 283 1 1
0 7 291 1 1
0 10 288 1 1
0 9 289 1 1
0 4 281 1 1
0 3 282 1 1
0 5 280 1 1
0 11 287 1 1
0 12 286 1 1
0 1 284 1 1
0 2 288 1 1
0 9 282 1 1
0 1 287 1 1
0 4 290 1 1
0 5 291 1 1
0 12 285 1 1
0 10 283 1 1
0 3 289 1 1
0 13 287 1 1
0 7 280 1 1
0 8 281 1 1
0 11 284 1 1
0 3 85 1 1
0 5 87 1 1
0 6 88 1 1
0 10 92 1 1
0 11 93 1 1
0 4 86 1 1
0 13 82 1 1
0 7 89 1 1
0 9 91 1 1
0 8 90 1 1
0 2 84 1 1
0 1 83 1 1
0 2 83 1 1
0 3 83 1 1
0 12 83 1 1
0 4 83 1 1
0 5 83 1 1
0 8 83 1 1
0 6 83 1 1
0 9 83 1 1
0 7 83 1 1
0 10 83 1 1
0 11 83 1 1
0 1 83 1 1
0 3 45 1 1
0 5 47 1 1
0 6 48 1 1
0 10 52 1 1
0 11 53 1 1
0 4 46 1 1
0 13 42 1 1
0 7 49 1 1
0 9 51 1 1
0 8 50 1 1
0 2 44 1 1
0 1 43 1 1
0 3 132 1 1
0 5 134 1 1
0 6 135 1 1
0 10 139 1 1
0 11 140 1 1
0 4 133 1 1
0 13 129 1 1
0 7 136 1 1
0 9 138 1 1
0 8 137 1 1
0 2 131 1 1
0 1 130 1 1
0 1 129 1 1
0 9 134 1 1
0 10 133 1 1
0 6 137 1 1
0 8 135 1 1
0 4 139 1 1
0 7 136 1 1
0 11 132 1 1
0 3 140 1 1
0 12 131 1 1
0 5 138 1 1
0 5 139 1 1
0 9 135 1 1
0 10 134 1 1
0 12 132 1 1
0 4 140 1 1
0 2 129 1 1
0 7 137 1 1
0 6 138 1 1
0 8 136 1 1
0 1 130 1 1
0 11 133 1 1
0 3 47 1 1
0 5 49 1 1
0 6 50 1 1
0 10 54 1 1
0 11 55 1 1
0 4 48 1 1
0 13 44 1 1
0 7 51 1 1
0 9 53 1 1
0 8 52 1 1
0 2 46 1 1
0 1 45 1 1
0 3 93 1 1
0 5 95 1 1
0 6 96 1 1
0 10 100 1 1
0 11 101 1 1
0 4 94 1 1
0 13 90 1 1
0 7 97 1 1
0 9 99 1 1
0 8 98 1 1
0 2 92 1 1
0 1 91 1 1
0 2 91 1 1
0 3 91 1 1
0 12 91 1 1
0 4 91 1 1
0 5 91 1 1
0 8 91 1 1
0 6 91 1 1
0 9 91 1 1
0 7 91 1 1
0 10 91 1 1
0 11 91 1 1
0 1 91 1 1
0 3 187 1 1
0 5 189 1 1
0 6 190 1 1
0 10 194 1 1
0 11 195 1 1
0 4 188 1 1
0 13 184 1 1
0 7 191 1 1
0 9 193 1 1
0 8 192 1 1
0 2 186 1 1
0 1 185 1 1
0 2 185 1 1
0 3 185 1 1
0 12 185 1 1
0 4 185 1 1
0 5 185 1 1
0 8 185 1 1
0 6 185 1 1
0 9 185 1 1
0 7 185 1 1
0 10 185 1 1
0 11 185 1 1
0 1 185 1 1
0 5 194 1 1
0 9 190 1 1
0 10 189 1 1
0 12 187 1 1
0 4 195 1 1
0 2 184 1 1
0 7 192 1 1
0 6 193 1 1
0 8 191 1 1
0 1 185 1 1
0 11 188 1 1
0 7 194 1 1
0 8 195 1 1
0 13 194 1 1
0 2 189 1 1
0 5 192 1 1
0 3 190 1 1
0 4 191 1 1
0 10 184 1 1
0 12 186 1 1
0 6 193 1 1
0 11 185 1 1
0 1 188 1 1
0 3 473 1 1
0 5 475 1 1
0 6 476 1 1
0 10 480 1 1
0 11 481 1 1
0 4 474 1 1
0 13 470 1 1
0 7 477 1 1
0 9 479 1 1
0 8 478 1 1
0 2 472 1 1
0 1 471 1 1
0 2 471 1 1
0 3 471 1 1
0 12 471 1 1
0 4 471 1 1
0 5 471 1 1
0 8 471 1 1
0 6 471 1 1
0 9 471 1 1
0 7 471 1 1
0 10 471 1 1
0 11 471 1 1
0 1 471 1 1
0 5 480 1 1
0 9 476 1 1
0 10 475 1 1
0 12 473 1 1
0 4 481 1 1
0 2 470 1 1
0 7 478 1 1
0 6 479 1 1
0 8 477 1 1
0 1 471 1 1
0 11 474 1 1
0 7 480 1 1
0 8 481 1 1
0 13 480 1 1
0 2 475 1 1
0 5 478 1 1
0 3 476 1 1
0 4 477 1 1
0 10 470 1 1
0 12 472 1 1
0 6 479 1 1
0 11 471 1 1
0 1 474 1 1
0 10 474 1 1
0 7 474 1 1
0 9 474 1 1
0 6 474 1 1
0 8 474 1 1
0 5 474 1 1
0 4 474 1 1
0 12 474 1 1
0 3 474 1 1
0 2 474 1 1
0 1 474 1 1
0 11 474 1 1
0 8 480 1 1
0 2 473 1 1
0 7 481 1 1
0 10 478 1 1
0 9 479 1 1
0 4 471 1 1
0 3 472 1 1
0 5 470 1 1
0 11 477 1 1
0 12 476 1 1
0 1 474 1 1
0 2 478 1 1
0 9 472 1 1
0 1 477 1 1
0 4 480 1 1
0 5 481 1 1
0 12 475 1 1
0 10 473 1 1
0 3 479 1 1
0 13 477 1 1
0 7 470 1 1
0 8 471 1 1
0 11 474 1 1
0 3 477 1 1
0 1 477 1 1
0 12 477 1 1
0 6 477 1 1
0 7 477 1 1
0 4 477 1 1
0 5 477 1 1
0 10 477 1 1
0 11 477 1 1
0 8 477 1 1
0 2 477 1 1
0 9 477 1 1
0 5 473 1 1
0 6 472 1 1
0 11 480 1 1
0 10 481 1 1
0 1 477 1 1
0 4 474 1 1
0 2 476 1 1
0 7 471 1 1
0 8 470 1 1
0 12 479 1 1
0 3 475 1 1
0 9 475 1 1
0 6 472 1 1
0 8 474 1 1
0 12 478 1 1
0 2 481 1 1
0 10 476 1 1
0 13 474 1 1
0 5 471 1 1
0 11 477 1 1
0 4 470 1 1
0 1 480 1 1
0 7 473 1 1
0 3 387 1 1
0 5 389 1 1
0 6 390 1 1
0 10 394 1 1
0 11 395 1 1
0 4 388 1 1
0 13 384 1 1
0 7 391 1 1
0 9 393 1 1
0 8 392 1 1
0 2 386 1 1
0 1 385 1 1
0 1 384 1 1
0 9 389 1 1
0 10 388 1 1
0 6 392 1 1
0 8 390 1 1
0 4 394 1 1
0 7 391 1 1
0 11 387 1 1
0 3 395 1 1
0 12 386 1 1
0 5 393 1 1
0 5 394 1 1
0 9 390 1 1
0 10 389 1 1
0 12 387 1 1
0 4 395 1 1
0 2 384 1 1
0 7 392 1 1
0 6 393 1 1
0 8 391 1 1
0 1 385 1 1
0 11 388 1 1
0 7 394 1 1
0 8 395 1 1
0 13 394 1 1
0 2 389 1 1
0 5 392 1 1
0 3 390 1 1
0 4 391 1 1
0 10 384 1 1
0 12 386 1 1
0 6 393 1 1
0 11 385 1 1
0 1 388 1 1
0 10 388 1 1
0 7 388 1 1
0 9 388 1 1
0 6 388 1 1
0 8 388 1 1
0 5 388 1 1
0 4 388 1 1
0 12 388 1 1
0 3 388 1 1
0 2 388 1 1
0 1 388 1 1
0 11 388 1 1
0 8 394 1 1
0 2 387 1 1
0 7 395 1 1
0 10 392 1 1
0 9 393 1 1
0 4 385 1 1
0 3 386 1 1
0 5 384 1 1
0 11 391 1 1
0 12 390 1 1
0 1 388 1 1
0 2 392 1 1
0 9 386 1 1
0 1 391 1 1
0 4 394 1 1
0 5 395 1 1
0 12 389 1 1
0 10 387 1 1
0 3 393 1 1
0 13 391 1 1
0 7 384 1 1
0 8 385 1 1
0 11 388 1 1
0 3 391 1 1
0 1 391 1 1
0 12 391 1 1
0 6 391 1 1
0 7 391 1 1
0 4 391 1 1
0 5 391 1 1
0 10 391 1 1
0 11 391 1 1
0 8 391 1 1
0 2 391 1 1
0 9 391 1 1
0 3 101 1 1
0 5 103 1 1
0 6 104 1 1
0 10 108 1 1
0 11 109 1 1
0 4 102 1 1
0 13 98 1 1
0 7 105 1 1
0 9 107 1 1
0 8 106 1 1
0 2 100 1 1
0 1 99 1 1
0 2 99 1 1
0 3 99 1 1
0 12 99 1 1
0 4 99 1 1
0 5 99 1 1
0 8 99 1 1
0 6 99 1 1
0 9 99 1 1
0 7 99 1 1
0 10 99 1 1
0 11 99 1 1
0 1 99 1 1
0 3 503 1 1
0 5 505 1 1
0 6 506 1 1
0 10 510 1 1
0 11 511 1 1
0 4 504 1 1
0 13 500 1 1
0 7 507 1 1
0 9 509 1 1
0 8 508 1 1
0 2 502 1 1
0 1 501 1 1
0 2 501 1 1
0 3 501 1 1
0 12 501 1 1
0 4 501 1 1
0 5 501 1 1
0 8 501 1 1
0 6 501 1 1
0 9 501 1 1
0 7 501 1 1
0 10 501 1 1
0 11 501 1 1
0 1 501 1 1
0 5 510 1 1
0 9 506 1 1
0 10 505 1 1
0 12 503 1 1
0 4 511 1 1
0 2 500 1 1
0 7 508 1 1
0 6 509 1 1
0 8 507 1 1
0 1 501 1 1
0 11 504 1 1
0 7 510 1 1
0 8 511 1 1
0 13 510 1 1
0 2 505 1 1
0 5 508 1 1
0 3 506 1 1
0 4 507 1 1
0 10 500 1 1
0 12 502 1 1
0 6 509 1 1
0 11 501 1 1
0 1 504 1 1
0 10 504 1 1
0 7 504 1 1
0 9 504 1 1
0 6 504 1 1
0 8 504 1 1
0 5 504 1 1
0 4 504 1 1
0 12 504 1 1
0 3 504 1 1
0 2 504 1 1
0 1 504 1 1
0 11 504 1 1
0 8 510 1 1
0 2 503 1 1
0 7 511 1 1
0 10 508 1 1
0 9 509 1 1
0 4 501 1 1
0 3 502 1 1
0 5 500 1 1
0 11 507 1 1
0 12 506 1 1
0 1 504 1 1
0 2 508 1 1
0 9 502 1 1
0 1 507 1 1
0 4 510 1 1
0 5 511 1 1
0 12 505 1 1
0 10 503 1 1
0 3 509 1 1
0 13 507 1 1
0 7 500 1 1
0 8 501 1 1
0 11 504 1 1
0 3 507 1 1
0 1 507 1 1
0 12 507 1 1
0 6 507 1 1
0 7 507 1 1
0 4 507 1 1
0 5 507 1 1
0 10 507 1 1
0 11 507 1 1
0 8 507 1 1
0 2 507 1 1
0 9 507 1 1
0 5 503 1 1
0 6 502 1 1
0 11 510 1 1
0 10 511 1 1
0 1 507 1 1
0 4 504 1 1
0 2 506 1 1
0 7 501 1 1
0 8 500 1 1
0 12 509 1 1
0 3 505 1 1
0 9 505 1 1
0 6 502 1 1
0 8 504 1 1
0 12 508 1 1
0 2 511 1 1
0 10 506 1 1
0 13 504 1 1
0 5 501 1 1
0 11 507 1 1
0 4 500 1 1
0 1 510 1 1
0 7 503 1 1
0 3 207 1 1
0 5 209 1 1
0 6 210 1 1
0 10 214 1 1
0 11 215 1 1
0 4 208 1 1
0 13 204 1 1
0 7 211 1 1
0 9 213 1 1
0 8 212 1 1
0 2 206 1 1
0 1 205 1 1
0 2 205 1 1
0 3 205 1 1
0 12 205 1 1
0 4 205 1 1
0 5 205 1 1
0 8 205 1 1
0 6 205 1 1
0 9 205 1 1
0 7 205 1 1
0 10 205 1 1
0 11 205 1 1
0 1 205 1 1
0 5 214 1 1
0 9 210 1 1
0 10 209 1 1
0 12 207 1 1
0 4 215 1 1
0 2 204 1 1
0 7 212 1 1
0 6 213 1 1
0 8 211 1 1
0 1 205 1 1
0 11 208 1 1
0 7 214 1 1
0 8 215 1 1
0 13 214 1 1
0 2 209 1 1
0 5 212 1 1
0 3 210 1 1
0 4 211 1 1
0 10 204 1 1
0 12 206 1 1
0 6 213 1 1
0 11 205 1 1
0 1 208 1 1
0 3 523 1 1
0 5 525 1 1
0 6 526 1 1
0 10 530 1 1
0 11 531 1 1
0 4 524 1 1
0 13 520 1 1
0 7 527 1 1
0 9 529 1 1
0 8 528 1 1
0 2 522 1 1
0 1 521 1 1
0 2 521 1 1
0 3 521 1 1
0 12 521 1 1
0 4 521 1 1
0 5 521 1 1
0 8 521 1 1
0 6 521 1 1
0 9 521 1 1
0 7 521 1 1
0 10 521 1 1
0 11 521 1 1
0 1 521 1 1
0 5 530 1 1
0 9 526 1 1
0 10 525 1 1
0 12 523 1 1
0 4 531 1 1
0 2 520 1 1
0 7 528 1 1
0 6 529 1 1
0 8 527 1 1
0 1 521 1 1
0 11 524 1 1
0 7 530 1 1
0 8 531 1 1
0 13 530 1 1
0 2 525 1 1
0 5 528 1 1
0 3 526 1 1
0 4 527 1 1
0 10 520 1 1
0 12 522 1 1
0 6 529 1 1
0 11 521 1 1
0 1 524 1 1
0 10 524 1 1
0 7 524 1 1
0 9 524 1 1
0 6 524 1 1
0 8 524 1 1
0 5 524 1 1
0 4 524 1 1
0 12 524 1 1
0 3 524 1 1
0 2 524 1 1
0 1 524 1 1
0 11 524 1 1
0 8 530 1 1
0 2 523 1 1
0 7 531 1 1
0 10 528 1 1
0 9 529 1 1
0 4 521 1 1
0 3 522 1 1
0 5 520 1 1
0 11 527 1 1
0 12 526 1 1
0 1 524 1 1
0 2 528 1 1
0 9 522 1 1
0 1 527 1 1
0 4 530 1 1
0 5 531 1 1
0 12 525 1 1
0 10 523 1 1
0 3 529 1 1
0 13 527 1 1
0 7 520 1 1
0 8 521 1 1
0 11 524 1 1
0 3 527 1 1
0 1 527 1 1
0 12 527 1 1
0 6 527 1 1
0 7 527 1 1
0 4 527 1 1
0 5 527 1 1
0 10 527 1 1
0 11 527 1 1
0 8 527 1 1
0 2 527 1 1
0 9 527 1 1
0 5 523 1 1
0 6 522 1 1
0 11 530 1 1
0 10 531 1 1
0 1 527 1 1
0 4 524 1 1
0 2 526 1 1
0 7 521 1 1
0 8 520 1 1
0 12 529 1 1
0 3 525 1 1
0 9 525 1 1
0 6 522 1 1
0 8 524 1 1
0 12 528 1 1
0 2 531 1 1
0 10 526 1 1
0 13 524 1 1
0 5 521 1 1
0 11 527 1 1
0 4 520 1 1
0 1 530 1 1
0 7 523 1 1
0 3 480 1 1
0 5 482 1 1
0 6 483 1 1
0 10 487 1 1
0 11 488 1 1
0 4 481 1 1
0 13 477 1 1
0 7 484 1 1
0 9 486 1 1
0 8 485 1 1
0 2 479 1 1
0 1 478 1 1
0 2 478 1 1
0 3 478 1 1
0 12 478 1 1
0 4 478 1 1
0 5 478 1 1
0 8 478 1 1
0 6 478 1 1
0 9 478 1 1
0 7 478 1 1
0 10 478 1 1
0 11 478 1 1
0 1 478 1 1
0 5 487 1 1
0 9 483 1 1
0 10 482 1 1
0 12 480 1 1
0 4 488 1 1
0 2 477 1 1
0 7 485 1 1
0 6 486 1 1
0 8 484 1 1
0 1 478 1 1
0 11 481 1 1
0 7 487 1 1
0 8 488 1 1
0 13 487 1 1
0 2 482 1 1
0 5 485 1 1
0 3 483 1 1
0 4 484 1 1
0 10 477 1 1
0 12 479 1 1
0 6 486 1 1
0 11 478 1 1
0 1 481 1 1
0 10 481 1 1
0 7 481 1 1
0 9 481 1 1
0 6 481 1 1
0 8 481 1 1
0 5 481 1 1
0 4 481 1 1
0 12 481 1 1
0 3 481 1 1
0 2 481 1 1
0 1 481 1 1
0 11 481 1 1
0 8 487 1 1
0 2 480 1 1
0 7 488 1 1
0 10 485 1 1
0 9 486 1 1
0 4 478 1 1
0 3 479 1 1
0 5 477 1 1
0 11 484 1 1
0 12 483 1 1
0 1 481 1 1
0 2 485 1 1
0 9 479 1 1
0 1 484 1 1
0 4 487 1 1
0 5 488 1 1
0 12 482 1 1
0 10 480 1 1
0 3 486 1 1
0 13 484 1 1
0 7 477 1 1
0 8 478 1 1
0 11 481 1 1
0 3 484 1 1
0 1 484 1 1
0 12 484 1 1
0 6 484 1 1
0 7 484 1 1
0 4 484 1 1
0 5 484 1 1
0 10 484 1 1
0 11 484 1 1
0 8 484 1 1
0 2 484 1 1
0 9 484 1 1
0 5 480 1 1
0 6 479 1 1
0 11 487 1 1
0 10 488 1 1
0 1 484 1 1
0 4 481 1 1
0 2 483 1 1
0 7 478 1 1
0 8 477 1 1
0 12 486 1 1
0 3 482 1 1
0 3 381 1 1
0 5 383 1 1
0 6 384 1 1
0 10 388 1 1
0 11 389 1 1
0 4 382 1 1
0 13 378 1 1
0 7 385 1 1
0 9 387 1 1
0 8 386 1 1
0 2 380 1 1
0 1 379 1 1
0 1 378 1 1
0 9 383 1 1
0 10 382 1 1
0 6 386 1 1
0 8 384 1 1
0 4 388 1 1
0 7 385 1 1
0 11 381 1 1
0 3 389 1 1
0 12 380 1 1
0 5 387 1 1
0 5 388 1 1
0 9 384 1 1
0 10 383 1 1
0 12 381 1 1
0 4 389 1 1
0 2 378 1 1
0 7 386 1 1
0 6 387 1 1
0 8 385 1 1
0 1 379 1 1
0 11 382 1 1
0 7 388 1 1
0 8 389 1 1
0 13 388 1 1
0 2 383 1 1
0 5 386 1 1
0 3 384 1 1
0 4 385 1 1
0 10 378 1 1
0 12 380 1 1
0 6 387 1 1
0 11 379 1 1
0 1 382 1 1
0 10 382 1 1
0 7 382 1 1
0 9 382 1 1
0 6 382 1 1
0 8 382 1 1
0 5 382 1 1
0 4 382 1 1
0 12 382 1 1
0 3 382 1 1
0 2 382 1 1
0 1 382 1 1
0 11 382 1 1
0 8 388 1 1
0 2 381 1 1
0 7 389 1 1
0 10 386 1 1
0 9 387 1 1
0 4 379 1 1
0 3 380 1 1
0 5 378 1 1
0 11 385 1 1
0 12 384 1 1
0 1 382 1 1
0 2 386 1 1
0 9 380 1 1
0 1 385 1 1
0 4 388 1 1
0 5 389 1 1
0 12 383 1 1
0 10 381 1 1
0 3 387 1 1
0 13 385 1 1
0 7 378 1 1
0 8 379 1 1
0 11 382 1 1
0 3 113 1 1
0 5 115 1 1
0 6 116 1 1
0 10 120 1 1
0 11 121 1 1
0 4 114 1 1
0 13 110 1 1
0 7 117 1 1
0 9 119 1 1
0 8 118 1 1
0 2 112 1 1
0 1 111 1 1
0 2 111 1 1
0 3 111 1 1
0 12 111 1 1
0 4 111 1 1
0 5 111 1 1
0 8 111 1 1
0 6 111 1 1
0 9 111 1 1
0 7 111 1 1
0 10 111 1 1
0 11 111 1 1
0 1 111 1 1
0 3 507 1 1
0 5 509 1 1
0 6 510 1 1
0 10 514 1 1
0 11 515 1 1
0 4 508 1 1
0 13 504 1 1
0 7 511 1 1
0 9 513 1 1
0 8 512 1 1
0 2 506 1 1
0 1 505 1 1
0 2 505 1 1
0 3 505 1 1
0 12 505 1 1
0 4 505 1 1
0 5 505 1 1
0 8 505 1 1
0 6 505 1 1
0 9 505 1 1
0 7 505 1 1
0 10 505 1 1
0 11 505 1 1
0 1 505 1 1
0 5 514 1 1
0 9 510 1 1
0 10 509 1 1
0 12 507 1 1
0 4 515 1 1
0 2 504 1 1
0 7 512 1 1
0 6 513 1 1
0 8 511 1 1
0 1 505 1 1
0 11 508 1 1
0 7 514 1 1
0 8 515 1 1
0 13 514 1 1
0 2 509 1 1
0 5 512 1 1
0 3 510 1 1
0 4 511 1 1
0 10 504 1 1
0 12 506 1 1
0 6 513 1 1
0 11 505 1 1
0 1 508 1 1
0 10 508 1 1
0 7 508 1 1
0 9 508 1 1
0 6 508 1 1
0 8 508 1 1
0 5 508 1 1
0 4 508 1 1
0 12 508 1 1
0 3 508 1 1
0 2 508 1 1
0 1 508 1 1
0 11 508 1 1
0 8 514 1 1
0 2 507 1 1
0 7 515 1 1
0 10 512 1 1
0 9 513 1 1
0 4 505 1 1
0 3 506 1 1
0 5 504 1 1
0 11 511 1 1
0 12 510 1 1
0 1 508 1 1
0 2 512 1 1
0 9 506 1 1
0 1 511 1 1
0 4 514 1 1
0 5 515 1 1
0 12 509 1 1
0 10 507 1 1
0 3 513 1 1
0 13 511 1 1
0 7 504 1 1
0 8 505 1 1
0 11 508 1 1
0 3 511 1 1
0 1 511 1 1
0 12 511 1 1
0 6 511 1 1
0 7 511 1 1
0 4 511 1 1
0 5 511 1 1
0 10 511 1 1
0 11 511 1 1
0 8 511 1 1
0 2 511 1 1
0 9 511 1 1
0 5 507 1 1
0 6 506 1 1
0 11 514 1 1
0 10 515 1 1
0 1 511 1 1
0 4 508 1 1
0 2 510 1 1
0 7 505 1 1
0 8 504 1 1
0 12 513 1 1
0 3 509 1 1
0 3 345 1 1
0 5 347 1 1
0 6 348 1 1
0 10 352 1 1
0 11 353 1 1
0 4 346 1 1
0 13 342 1 1
0 7 349 1 1
0 9 351 1 1
0 8 350 1 1
0 2 344 1 1
0 1 343 1 1
0 1 342 1 1
0 9 347 1 1
0 10 346 1 1
0 6 350 1 1
0 8 348 1 1
0 4 352 1 1
0 7 349 1 1
0 11 345 1 1
0 3 353 1 1
0 12 344 1 1
0 5 351 1 1
0 5 352 1 1
0 9 348 1 1
0 10 347 1 1
0 12 345 1 1
0 4 353 1 1
0 2 342 1 1
0 7 350 1 1
0 6 351 1 1
0 8 349 1 1
0 1 343 1 1
0 11 346 1 1
0 7 352 1 1
0 8 353 1 1
0 13 352 1 1
0 2 347 1 1
0 5 350 1 1
0 3 348 1 1
0 4 349 1 1
0 10 342 1 1
0 12 344 1 1
0 6 351 1 1
0 11 343 1 1
0 1 346 1 1
0 10 346 1 1
0 7 346 1 1
0 9 346 1 1
0 6 346 1 1
0 8 346 1 1
0 5 346 1 1
0 4 346 1 1
0 12 346 1 1
0 3 346 1 1
0 2 346 1 1
0 1 346 1 1
0 11 346 1 1
0 8 352 1 1
0 2 345 1 1
0 7 353 1 1
0 10 350 1 1
0 9 351 1 1
0 4 343 1 1
0 3 344 1 1
0 5 342 1 1
0 11 349 1 1
0 12 348 1 1
0 1 346 1 1
0 3 293 1 1
0 5 295 1 1
0 6 296 1 1
0 10 300 1 1
0 11 301 1 1
0 4 294 1 1
0 13 290 1 1
0 7 297 1 1
0 9 299 1 1
0 8 298 1 1
0 2 292 1 1
0 1 291 1 1
0 1 290 1 1
0 9 295 1 1
0 10 294 1 1
0 6 298 1 1
0 8 296 1 1
0 4 300 1 1
0 7 297 1 1
0 11 293 1 1
0 3 301 1 1
0 12 292 1 1
0 5 299 1 1
0 5 300 1 1
0 9 296 1 1
0 10 295 1 1
0 12 293 1 1
0 4 301 1 1
0 2 290 1 1
0 7 298 1 1
0 6 299 1 1
0 8 297 1 1
0 1 291 1 1
0 11 294 1 1
0 7 300 1 1
0 8 301 1 1
0 13 300 1 1
0 2 295 1 1
0 5 298 1 1
0 3 296 1 1
0 4 297 1 1
0 10 290 1 1
0 12 292 1 1
0 6 299 1 1
0 11 291 1 1
0 1 294 1 1
0 10 294 1 1
0 7 294 1 1
0 9 294 1 1
0 6 294 1 1
0 8 294 1 1
0 5 294 1 1
0 4 294 1 1
0 12 294 1 1
0 3 294 1 1
0 2 294 1 1
0 1 294 1 1
0 11 294 1 1
0 3 416 1 1
0 5 418 1 1
0 6 419 1 1
0 10 423 1 1
0 11 424 1 1
0 4 417 1 1
0 13 413 1 1
0 7 420 1 1
0 9 422 1 1
0 8 421 1 1
0 2 415 1 1
0 1 414 1 1
0 1 413 1 1
0 9 418 1 1
0 10 417 1 1
0 6 421 1 1
0 8 419 1 1
0 4 423 1 1
0 7 420 1 1
0 11 416 1 1
0 3 424 1 1
0 12 415 1 1
0 5 422 1 1
0 5 423 1 1
0 9 419 1 1
0 10 418 1 1
0 12 416 1 1
0 4 424 1 1
0 2 413 1 1
0 7 421 1 1
0 6 422 1 1
0 8 420 1 1
0 1 414 1 1
0 11 417 1 1
0 7 423 1 1
0 8 424 1 1
0 13 423 1 1
0 2 418 1 1
0 5 421 1 1
0 3 419 1 1
0 4 420 1 1
0 10 413 1 1
0 12 415 1 1
0 6 422 1 1
0 11 414 1 1
0 1 417 1 1
0 10 417 1 1
0 7 417 1 1
0 9 417 1 1
0 6 417 1 1
0 8 417 1 1
0 5 417 1 1
0 4 417 1 1
0 12 417 1 1
0 3 417 1 1
0 2 417 1 1
0 1 417 1 1
0 11 417 1 1
0 8 423 1 1
0 2 416 1 1
0 7 424 1 1
0 10 421 1 1
0 9 422 1 1
0 4 414 1 1
0 3 415 1 1
0 5 413 1 1
0 11 420 1 1
0 12 419 1 1
0 1 417 1 1
0 2 421 1 1
0 9 415 1 1
0 1 420 1 1
0 4 423 1 1
0 5 424 1 1
0 12 418 1 1
0 10 416 1 1
0 3 422 1 1
0 13 420 1 1
0 7 413 1 1
0 8 414 1 1
0 11 417 1 1
0 3 543 1 1
0 5 545 1 1
0 6 546 1 1
0 10 550 1 1
0 11 551 1 1
0 4 544 1 1
0 13 540 1 1
0 7 547 1 1
0 9 549 1 1
0 8 548 1 1
0 2 542 1 1
0 1 541 1 1
0 2 541 1 1
0 3 541 1 1
0 12 541 1 1
0 4 541 1 1
0 5 541 1 1
0 8 541 1 1
0 6 541 1 1
0 9 541 1 1
0 7 541 1 1
0 10 541 1 1
0 11 541 1 1
0 1 541 1 1
0 5 550 1 1
0 9 546 1 1
0 10 545 1 1
0 12 543 1 1
0 4 551 1 1
0 2 540 1 1
0 7 548 1 1
0 6 549 1 1
0 8 547 1 1
0 1 541 1 1
0 11 544 1 1
0 7 550 1 1
0 8 551 1 1
0 13 550 1 1
0 2 545 1 1
0 5 548 1 1
0 3 546 1 1
0 4 547 1 1
0 10 540 1 1
0 12 542 1 1
0 6 549 1 1
0 11 541 1 1
0 1 544 1 1
0 10 544 1 1
0 7 544 1 1
0 9 544 1 1
0 6 544 1 1
0 8 544 1 1
0 5 544 1 1
0 4 544 1 1
0 12 544 1 1
0 3 544 1 1
0 2 544 1 1
0 1 544 1 1
0 11 544 1 1
0 8 550 1 1
0 2 543 1 1
0 7 551 1 1
0 10 548 1 1
0 9 549 1 1
0 4 541 1 1
0 3 542 1 1
0 5 540 1 1
0 11 547 1 1
0 12 546 1 1
0 1 544 1 1
0 2 548 1 1
0 9 542 1 1
0 1 547 1 1
0 4 550 1 1
0 5 551 1 1
0 12 545 1 1
0 10 543 1 1
0 3 549 1 1
0 13 547 1 1
0 7 540 1 1
0 8 541 1 1
0 11 544 1 1
0 3 547 1 1
0 1 547 1 1
0 12 547 1 1
0 6 547 1 1
0 7 547 1 1
0 4 547 1 1
0 5 547 1 1
0 10 547 1 1
0 11 547 1 1
0 8 547 1 1
0 2 547 1 1
0 9 547 1 1
0 5 543 1 1
0 6 542 1 1
0 11 550 1 1
0 10 551 1 1
0 1 547 1 1
0 4 544 1 1
0 2 546 1 1
0 7 541 1 1
0 8 540 1 1
0 12 549 1 1
0 3 545 1 1
0 3 613 1 1
0 5 615 1 1
0 6 616 1 1
0 10 620 1 1
0 11 621 1 1
0 4 614 1 1
0 13 610 1 1
0 7 617 1 1
0 9 619 1 1
0 8 618 1 1
0 2 612 1 1
0 1 611 1 1
0 2 611 1 1
0 3 611 1 1
0 12 611 1 1
0 4 611 1 1
0 5 611 1 1
0 8 611 1 1
0 6 611 1 1
0 9 611 1 1
0 7 611 1 1
0 10 611 1 1
0 11 611 1 1
0 1 611 1 1
0 5 620 1 1
0 9 616 1 1
0 10 615 1 1
0 12 613 1 1
0 4 621 1 1
0 2 610 1 1
0 7 618 1 1
0 6 619 1 1
0 8 617 1 1
0 1 611 1 1
0 11 614 1 1
0 7 620 1 1
0 8 621 1 1
0 13 620 1 1
0 2 615 1 1
0 5 618 1 1
0 3 616 1 1
0 4 617 1 1
0 10 610 1 1
0 12 612 1 1
0 6 619 1 1
0 11 611 1 1
0 1 614 1 1
0 10 614 1 1
0 7 614 1 1
0 9 614 1 1
0 6 614 1 1
0 8 614 1 1
0 5 614 1 1
0 4 614 1 1
0 12 614 1 1
0 3 614 1 1
0 2 614 1 1
0 1 614 1 1
0 11 614 1 1
0 8 620 1 1
0 2 613 1 1
0 7 621 1 1
0 10 618 1 1
0 9 619 1 1
0 4 611 1 1
0 3 612 1 1
0 5 610 1 1
0 11 617 1 1
0 12 616 1 1
0 1 614 1 1
0 2 618 1 1
0 9 612 1 1
0 1 617 1 1
0 4 620 1 1
0 5 621 1 1
0 12 615 1 1
0 10 613 1 1
0 3 619 1 1
0 13 617 1 1
0 7 610 1 1
0 8 611 1 1
0 11 614 1 1
0 3 617 1 1
0 1 617 1 1
0 12 617 1 1
0 6 617 1 1
0 7 617 1 1
0 4 617 1 1
0 5 617 1 1
0 10 617 1 1
0 11 617 1 1
0 8 617 1 1
0 2 617 1 1
0 9 617 1 1
0 5 613 1 1
0 6 612 1 1
0 11 620 1 1
0 10 621 1 1
0 1 617 1 1
0 4 614 1 1
0 2 616 1 1
0 7 611 1 1
0 8 610 1 1
0 12 619 1 1
0 3 615 1 1
0 9 615 1 1
0 6 612 1 1
0 8 614 1 1
0 12 618 1 1
0 2 621 1 1
0 10 616 1 1
0 13 614 1 1
0 5 611 1 1
0 11 617 1 1
0 4 610 1 1
0 1 620 1 1
0 7 613 1 1
0 3 375 1 1
0 5 377 1 1
0 6 378 1 1
0 10 382 1 1
0 11 383 1 1
0 4 376 1 1
0 13 372 1 1
0 7 379 1 1
0 9 381 1 1
0 8 380 1 1
0 2 374 1 1
0 1 373 1 1
0 1 372 1 1
0 9 377 1 1
0 10 376 1 1
0 6 380 1 1
0 8 378 1 1
0 4 382 1 1
0 7 379 1 1
0 11 375 1 1
0 3 383 1 1
0 12 374 1 1
0 5 381 1 1
0 5 382 1 1
0 9 378 1 1
0 10 377 1 1
0 12 375 1 1
0 4 383 1 1
0 2 372 1 1
0 7 380 1 1
0 6 381 1 1
0 8 379 1 1
0 1 373 1 1
0 11 376 1 1
0 7 382 1 1
0 8 383 1 1
0 13 382 1 1
0 2 377 1 1
0 5 380 1 1
0 3 378 1 1
0 4 379 1 1
0 10 372 1 1
0 12 374 1 1
0 6 381 1 1
0 11 373 1 1
0 1 376 1 1
0 10 376 1 1
0 7 376 1 1
0 9 376 1 1
0 6 376 1 1
0 8 376 1 1
0 5 376 1 1
0 4 376 1 1
0 12 376 1 1
0 3 376 1 1
0 2 376 1 1
0 1 376 1 1
0 11 376 1 1
0 8 382 1 1
0 2 375 1 1
0 7 383 1 1
0 10 380 1 1
0 9 381 1 1
0 4 373 1 1
0 3 374 1 1
0 5 372 1 1
0 11 379 1 1
0 12 378 1 1
0 1 376 1 1
0 3 381 1 1
0 5 383 1 1
0 6 384 1 1
0 10 388 1 1
0 11 389 1 1
0 4 382 1 1
0 13 378 1 1
0 7 385 1 1
0 9 387 1 1
0 8 386 1 1
0 2 380 1 1
0 1 379 1 1
0 1 378 1 1
0 9 383 1 1
0 10 382 1 1
0 6 386 1 1
0 8 384 1 1
0 4 388 1 1
0 7 385 1 1
0 11 381 1 1
0 3 389 1 1
0 12 380 1 1
0 5 387 1 1
0 5 388 1 1
0 9 384 1 1
0 10 383 1 1
0 12 381 1 1
0 4 389 1 1
0 2 378 1 1
0 7 386 1 1
0 6 387 1 1
0 8 385 1 1
0 1 379 1 1
0 11 382 1 1
0 7 388 1 1
0 8 389 1 1
0 13 388 1 1
0 2 383 1 1
0 5 386 1 1
0 3 384 1 1
0 4 385 1 1
0 10 378 1 1
0 12 380 1 1
0 6 387 1 1
0 11 379 1 1
0 1 382 1 1
0 10 382 1 1
0 7 382 1 1
0 9 382 1 1
0 6 382 1 1
0 8 382 1 1
0 5 382 1 1
0 4 382 1 1
0 12 382 1 1
0 3 382 1 1
0 2 382 1 1
0 1 382 1 1
0 11 382 1 1
0 8 388 1 1
0 2 381 1 1
0 7 389 1 1
0 10 386 1 1
0 9 387 1 1
0 4 379 1 1
0 3 380 1 1
0 5 378 1 1
0 11 385 1 1
0 12 384 1 1
0 1 382 1 1
0 3 387 1 1
0 5 389 1 1
0 6 390 1 1
0 10 394 1 1
0 11 395 1 1
0 4 388 1 1
0 13 384 1 1
0 7 391 1 1
0 9 393 1 1
0 8 392 1 1
0 2 386 1 1
0 1 385 1 1
0 1 384 1 1
0 9 389 1 1
0 10 388 1 1
0 6 392 1 1
0 8 390 1 1
0 4 394 1 1
0 7 391 1 1
0 11 387 1 1
0 3 395 1 1
0 12 386 1 1
0 5 393 1 1
0 5 394 1 1
0 9 390 1 1
0 10 389 1 1
0 12 387 1 1
0 4 395 1 1
0 2 384 1 1
0 7 392 1 1
0 6 393 1 1
0 8 391 1 1
0 1 385 1 1
0 11 388 1 1
0 7 394 1 1
0 8 395 1 1
0 13 394 1 1
0 2 389 1 1
0 5 392 1 1
0 3 390 1 1
0 4 391 1 1
0 10 384 1 1
0 12 386 1 1
0 6 393 1 1
0 11 385 1 1
0 1 388 1 1
0 10 388 1 1
0 7 388 1 1
0 9 388 1 1
0 6 388 1 1
0 8 388 1 1
0 5 388 1 1
0 4 388 1 1
0 12 388 1 1
0 3 388 1 1
0 2 388 1 1
0 1 388 1 1
0 11 388 1 1
0 8 394 1 1
0 2 387 1 1
0 7 395 1 1
0 10 392 1 1
0 9 393 1 1
0 4 385 1 1
0 3 386 1 1
0 5 384 1 1
0 11 391 1 1
0 12 390 1 1
0 1 388 1 1
0 3 198 1 1
0 5 200 1 1
0 6 201 1 1
0 10 205 1 1
0 11 206 1 1
0 4 199 1 1
0 13 195 1 1
0 7 202 1 1
0 9 204 1 1
0 8 203 1 1
0 2 197 1 1
0 1 196 1 1
0 1 195 1 1
0 9 200 1 1
0 10 199 1 1
0 6 203 1 1
0 8 201 1 1
0 4 205 1 1
0 7 202 1 1
0 11 198 1 1
0 3 206 1 1
0 12 197 1 1
0 5 204 1 1
0 5 205 1 1
0 9 201 1 1
0 10 200 1 1
0 12 198 1 1
0 4 206 1 1
0 2 195 1 1
0 7 203 1 1
0 6 204 1 1
0 8 202 1 1
0 1 196 1 1
0 11 199 1 1
0 3 729 1 1
0 5 731 1 1
0 6 732 1 1
0 10 736 1 1
0 11 737 1 1
0 4 730 1 1
0 13 726 1 1
0 7 733 1 1
0 9 735 1 1
0 8 734 1 1
0 2 728 1 1
0 1 727 1 1
0 1 726 1 1
0 9 731 1 1
0 10 730 1 1
0 6 734 1 1
0 8 732 1 1
0 4 736 1 1
0 7 733 1 1
0 11 729 1 1
0 3 737 1 1
0 12 728 1 1
0 5 735 1 1
0 5 736 1 1
0 9 732 1 1
0 10 731 1 1
0 12 729 1 1
0 4 737 1 1
0 2 726 1 1
0 7 734 1 1
0 6 735 1 1
0 8 733 1 1
0 1 727 1 1
0 11 730 1 1
0 7 736 1 1
0 8 737 1 1
0 13 736 1 1
0 2 731 1 1
0 5 734 1 1
0 3 732 1 1
0 4 733 1 1
0 10 726 1 1
0 12 728 1 1
0 6 735 1 1
0 11 727 1 1
0 1 730 1 1
0 10 730 1 1
0 7 730 1 1
0 9 730 1 1
0 6 730 1 1
0 8 730 1 1
0 5 730 1 1
0 4 730 1 1
0 12 730 1 1
0 3 730 1 1
0 2 730 1 1
0 1 730 1 1
0 11 730 1 1
0 8 736 1 1
0 2 729 1 1
0 7 737 1 1
0 10 734 1 1
0 9 735 1 1
0 4 727 1 1
0 3 728 1 1
0 5 726 1 1
0 11 733 1 1
0 12 732 1 1
0 1 730 1 1
0 2 734 1 1
0 9 728 1 1
0 1 733 1 1
0 4 736 1 1
0 5 737 1 1
0 12 731 1 1
0 10 729 1 1
0 3 735 1 1
0 13 733 1 1
0 7 726 1 1
0 8 727 1 1
0 11 730 1 1
0 3 733 1 1
0 1 733 1 1
0 12 733 1 1
0 6 733 1 1
0 7 733 1 1
0 4 733 1 1
0 5 733 1 1
0 10 733 1 1
0 11 733 1 1
0 8 733 1 1
0 2 733 1 1
0 9 733 1 1
0 5 729 1 1
0 6 728 1 1
0 11 736 1 1
0 10 737 1 1
0 1 733 1 1
0 4 730 1 1
0 2 732 1 1
0 7 727 1 1
0 8 726 1 1
0 12 735 1 1
0 3 731 1 1
0 9 731 1 1
0 6 728 1 1
0 8 730 1 1
0 12 734 1 1
0 2 737 1 1
0 10 732 1 1
0 13 730 1 1
0 5 727 1 1
0 11 733 1 1
0 4 726 1 1
0 1 736 1 1
0 7 729 1 1
0 8 736 1 1
0 5 736 1 1
0 11 736 1 1
0 4 736 1 1
0 10 736 1 1
0 7 736 1 1
0 6 736 1 1
0 12 736 1 1
0 1 736 1 1
0 3 736 1 1
0 9 736 1 1
0 2 736 1 1
0 3 405 1 1
0 5 407 1 1
0 6 408 1 1
0 10 412 1 1
0 11 413 1 1
0 4 406 1 1
0 13 402 1 1
0 7 409 1 1
0 9 411 1 1
0 8 410 1 1
0 2 404 1 1
0 1 403 1 1
0 1 402 1 1
0 9 407 1 1
0 10 406 1 1
0 6 410 1 1
0 8 408 1 1
0 4 412 1 1
0 7 409 1 1
0 11 405 1 1
0 3 413 1 1
0 12 404 1 1
0 5 411 1 1
0 5 412 1 1
0 9 408 1 1
0 10 407 1 1
0 12 405 1 1
0 4 413 1 1
0 2 402 1 1
0 7 410 1 1
0 6 411 1 1
0 8 409 1 1
0 1 403 1 1
0 11 406 1 1
0 7 412 1 1
0 8 413 1 1
0 13 412 1 1
0 2 407 1 1
0 5 410 1 1
0 3 408 1 1
0 4 409 1 1
0 10 402 1 1
0 12 404 1 1
0 6 411 1 1
0 11 403 1 1
0 1 406 1 1
0 10 406 1 1
0 7 406 1 1
0 9 406 1 1
0 6 406 1 1
0 8 406 1 1
0 5 406 1 1
0 4 406 1 1
0 12 406 1 1
0 3 406 1 1
0 2 406 1 1
0 1 406 1 1
0 11 406 1 1
0 8 412 1 1
0 2 405 1 1
0 7 413 1 1
0 10 410 1 1
0 9 411 1 1
0 4 403 1 1
0 3 404 1 1
0 5 402 1 1
0 11 409 1 1
0 12 408 1 1
0 1 406 1 1
0 3 751 1 1
0 5 753 1 1
0 6 754 1 1
0 10 758 1 1
0 11 759 1 1
0 4 752 1 1
0 13 748 1 1
0 7 755 1 1
0 9 757 1 1
0 8 756 1 1
0 2 750 1 1
0 1 749 1 1
0 1 748 1 1
0 9 753 1 1
0 10 752 1 1
0 6 756 1 1
0 8 754 1 1
0 4 758 1 1
0 7 755 1 1
0 11 751 1 1
0 3 759 1 1
0 12 750 1 1
0 5 757 1 1
0 5 758 1 1
0 9 754 1 1
0 10 753 1 1
0 12 751 1 1
0 4 759 1 1
0 2 748 1 1
0 7 756 1 1
0 6 757 1 1
0 8 755 1 1
0 1 749 1 1
0 11 752 1 1
0 7 758 1 1
0 8 759 1 1
0 13 758 1 1
0 2 753 1 1
0 5 756 1 1
0 3 754 1 1
0 4 755 1 1
0 10 748 1 1
0 12 750 1 1
0 6 757 1 1
0 11 749 1 1
0 1 752 1 1
0 10 752 1 1
0 7 752 1 1
0 9 752 1 1
0 6 752 1 1
0 8 752 1 1
0 5 752 1 1
0 4 752 1 1
0 12 752 1 1
0 3 752 1 1
0 2 752 1 1
0 1 752 1 1
0 11 752 1 1
0 8 758 1 1
0 2 751 1 1
0 7 759 1 1
0 10 756 1 1
0 9 757 1 1
0 4 749 1 1
0 3 750 1 1
0 5 748 1 1
0 11 755 1 1
0 12 754 1 1
0 1 752 1 1
0 2 756 1 1
0 9 750 1 1
0 1 755 1 1
0 4 758 1 1
0 5 759 1 1
0 12 753 1 1
0 10 751 1 1
0 3 757 1 1
0 13 755 1 1
0 7 748 1 1
0 8 749 1 1
0 11 752 1 1
0 3 755 1 1
0 1 755 1 1
0 12 755 1 1
0 6 755 1 1
0 7 755 1 1
0 4 755 1 1
0 5 755 1 1
0 10 755 1 1
0 11 755 1 1
0 8 755 1 1
0 2 755 1 1
0 9 755 1 1
0 5 751 1 1
0 6 750 1 1
0 11 758 1 1
0 10 759 1 1
0 1 755 1 1
0 4 752 1 1
0 2 754 1 1
0 7 749 1 1
0 8 748 1 1
0 12 757 1 1
0 3 753 1 1
0 9 753 1 1
0 6 750 1 1
0 8 752 1 1
0 12 756 1 1
0 2 759 1 1
0 10 754 1 1
0 13 752 1 1
0 5 749 1 1
0 11 755 1 1
0 4 748 1 1
0 1 758 1 1
0 7 751 1 1
0 8 758 1 1
0 5 758 1 1
0 11 758 1 1
0 4 758 1 1
0 10 758 1 1
0 7 758 1 1
0 6 758 1 1
0 12 758 1 1
0 1 758 1 1
0 3 758 1 1
0 9 758 1 1
0 2 758 1 1
0 3 417 1 1
0 5 419 1 1
0 6 420 1 1
0 10 424 1 1
0 11 425 1 1
0 4 418 1 1
0 13 414 1 1
0 7 421 1 1
0 9 423 1 1
0 8 422 1 1
0 2 416 1 1
0 1 415 1 1
0 1 414 1 1
0 9 419 1 1
0 10 418 1 1
0 6 422 1 1
0 8 420 1 1
0 4 424 1 1
0 7 421 1 1
0 11 417 1 1
0 3 425 1 1
0 12 416 1 1
0 5 423 1 1
0 5 424 1 1
0 9 420 1 1
0 10 419 1 1
0 12 417 1 1
0 4 425 1 1
0 2 414 1 1
0 7 422 1 1
0 6 423 1 1
0 8 421 1 1
0 1 415 1 1
0 11 418 1 1
0 7 424 1 1
0 8 425 1 1
0 13 424 1 1
0 2 419 1 1
0 5 422 1 1
0 3 420 1 1
0 4 421 1 1
0 10 414 1 1
0 12 416 1 1
0 6 423 1 1
0 11 415 1 1
0 1 418 1 1
0 10 418 1 1
0 7 418 1 1
0 9 418 1 1
0 6 418 1 1
0 8 418 1 1
0 5 418 1 1
0 4 418 1 1
0 12 418 1 1
0 3 418 1 1
0 2 418 1 1
0 1 418 1 1
0 11 418 1 1
0 8 424 1 1
0 2 417 1 1
0 7 425 1 1
0 10 422 1 1
0 9 423 1 1
0 4 415 1 1
0 3 416 1 1
0 5 414 1 1
0 11 421 1 1
0 12 420 1 1
0 1 418 1 1
0 3 703 1 1
0 5 705 1 1
0 6 706 1 1
0 10 710 1 1
0 11 711 1 1
0 4 704 1 1
0 13 700 1 1
0 7 707 1 1
0 9 709 1 1
0 8 708 1 1
0 2 702 1 1
0 1 701 1 1
0 2 701 1 1
0 3 701 1 1
0 12 701 1 1
0 4 701 1 1
0 5 701 1 1
0 8 701 1 1
0 6 701 1 1
0 9 701 1 1
0 7 701 1 1
0 10 701 1 1
0 11 701 1 1
0 1 701 1 1
0 5 710 1 1
0 9 706 1 1
0 10 705 1 1
0 12 703 1 1
0 4 711 1 1
0 2 700 1 1
0 7 708 1 1
0 6 709 1 1
0 8 707 1 1
0 1 701 1 1
0 11 704 1 1
0 7 710 1 1
0 8 711 1 1
0 13 710 1 1
0 2 705 1 1
0 5 708 1 1
0 3 706 1 1
0 4 707 1 1
0 10 700 1 1
0 12 702 1 1
0 6 709 1 1
0 11 701 1 1
0 1 704 1 1
0 10 704 1 1
0 7 704 1 1
0 9 704 1 1
0 6 704 1 1
0 8 704 1 1
0 5 704 1 1
0 4 704 1 1
0 12 704 1 1
0 3 704 1 1
0 2 704 1 1
0 1 704 1 1
0 11 704 1 1
0 8 710 1 1
0 2 703 1 1
0 7 711 1 1
0 10 708 1 1
0 9 709 1 1
0 4 701 1 1
0 3 702 1 1
0 5 700 1 1
0 11 707 1 1
0 12 706 1 1
0 1 704 1 1
0 2 708 1 1
0 9 702 1 1
0 1 707 1 1
0 4 710 1 1
0 5 711 1 1
0 12 705 1 1
0 10 703 1 1
0 3 709 1 1
0 13 707 1 1
0 7 700 1 1
0 8 701 1 1
0 11 704 1 1
0 3 707 1 1
0 1 707 1 1
0 12 707 1 1
0 6 707 1 1
0 7 707 1 1
0 4 707 1 1
0 5 707 1 1
0 10 707 1 1
0 11 707 1 1
0 8 707 1 1
0 2 707 1 1
0 9 707 1 1
0 5 703 1 1
0 6 702 1 1
0 11 710 1 1
0 10 711 1 1
0 1 707 1 1
0 4 704 1 1
0 2 706 1 1
0 7 701 1 1
0 8 700 1 1
0 12 709 1 1
0 3 705 1 1
0 9 705 1 1
0 6 702 1 1
0 8 704 1 1
0 12 708 1 1
0 2 711 1 1
0 10 706 1 1
0 13 704 1 1
0 5 701 1 1
0 11 707 1 1
0 4 700 1 1
0 1 710 1 1
0 7 703 1 1
0 3 287 1 1
0 5 289 1 1
0 6 290 1 1
0 10 294 1 1
0 11 295 1 1
0 4 288 1 1
0 13 284 1 1
0 7 291 1 1
0 9 293 1 1
0 8 292 1 1
0 2 286 1 1
0 1 285 1 1
0 2 285 1 1
0 3 285 1 1
0 12 285 1 1
0 4 285 1 1
0 5 285 1 1
0 8 285 1 1
0 6 285 1 1
0 9 285 1 1
0 7 285 1 1
0 10 285 1 1
0 11 285 1 1
0 1 285 1 1
0 5 294 1 1
0 9 290 1 1
0 10 289 1 1
0 12 287 1 1
0 4 295 1 1
0 2 284 1 1
0 7 292 1 1
0 6 293 1 1
0 8 291 1 1
0 1 285 1 1
0 11 288 1 1
0 7 294 1 1
0 8 295 1 1
0 13 294 1 1
0 2 289 1 1
0 5 292 1 1
0 3 290 1 1
0 4 291 1 1
0 10 284 1 1
0 12 286 1 1
0 6 293 1 1
0 11 285 1 1
0 1 288 1 1
0 3 75 1 1
0 5 77 1 1
0 6 78 1 1
0 10 82 1 1
0 11 83 1 1
0 4 76 1 1
0 13 72 1 1
0 7 79 1 1
0 9 81 1 1
0 8 80 1 1
0 2 74 1 1
0 1 73 1 1
0 3 660 1 1
0 5 662 1 1
0 6 663 1 1
0 10 667 1 1
0 11 668 1 1
0 4 661 1 1
0 13 657 1 1
0 7 664 1 1
0 9 666 1 1
0 8 665 1 1
0 2 659 1 1
0 1 658 1 1
0 2 658 1 1
0 3 658 1 1
0 12 658 1 1
0 4 658 1 1
0 5 658 1 1
0 8 658 1 1
0 6 658 1 1
0 9 658 1 1
0 7 658 1 1
0 10 658 1 1
0 11 658 1 1
0 1 658 1 1
0 5 667 1 1
0 9 663 1 1
0 10 662 1 1
0 12 660 1 1
0 4 668 1 1
0 2 657 1 1
0 7 665 1 1
0 6 666 1 1
0 8 664 1 1
0 1 658 1 1
0 11 661 1 1
0 7 667 1 1
0 8 668 1 1
0 13 667 1 1
0 2 662 1 1
0 5 665 1 1
0 3 663 1 1
0 4 664 1 1
0 10 657 1 1
0 12 659 1 1
0 6 666 1 1
0 11 658 1 1
0 1 661 1 1
0 10 661 1 1
0 7 661 1 1
0 9 661 1 1
0 6 661 1 1
0 8 661 1 1
0 5 661 1 1
0 4 661 1 1
0 12 661 1 1
0 3 661 1 1
0 2 661 1 1
0 1 661 1 1
0 11 661 1 1
0 8 667 1 1
0 2 660 1 1
0 7 668 1 1
0 10 665 1 1
0 9 666 1 1
0 4 658 1 1
0 3 659 1 1
0 5 657 1 1
0 11 664 1 1
0 12 663 1 1
0 1 661 1 1
0 2 665 1 1
0 9 659 1 1
0 1 664 1 1
0 4 667 1 1
0 5 668 1 1
0 12 662 1 1
0 10 660 1 1
0 3 666 1 1
0 13 664 1 1
0 7 657 1 1
0 8 658 1 1
0 11 661 1 1
0 3 664 1 1
0 1 664 1 1
0 12 664 1 1
0 6 664 1 1
0 7 664 1 1
0 4 664 1 1
0 5 664 1 1
0 10 664 1 1
0 11 664 1 1
0 8 664 1 1
0 2 664 1 1
0 9 664 1 1
0 5 660 1 1
0 6 659 1 1
0 11 667 1 1
0 10 668 1 1
0 1 664 1 1
0 4 661 1 1
0 2 663 1 1
0 7 658 1 1
0 8 657 1 1
0 12 666 1 1
0 3 662 1 1
0 3 669 1 1
0 5 671 1 1
0 6 672 1 1
0 10 676 1 1
0 11 677 1 1
0 4 670 1 1
0 13 666 1 1
0 7 673 1 1
0 9 675 1 1
0 8 674 1 1
0 2 668 1 1
0 1 667 1 1
0 2 667 1 1
0 3 667 1 1
0 12 667 1 1
0 4 667 1 1
0 5 667 1 1
0 8 667 1 1
0 6 667 1 1
0 9 667 1 1
0 7 667 1 1
0 10 667 1 1
0 11 667 1 1
0 1 667 1 1
0 5 676 1 1
0 9 672 1 1
0 10 671 1 1
0 12 669 1 1
0 4 677 1 1
0 2 666 1 1
0 7 674 1 1
0 6 675 1 1
0 8 673 1 1
0 1 667 1 1
0 11 670 1 1
0 7 676 1 1
0 8 677 1 1
0 13 676 1 1
0 2 671 1 1
0 5 674 1 1
0 3 672 1 1
0 4 673 1 1
0 10 666 1 1
0 12 668 1 1
0 6 675 1 1
0 11 667 1 1
0 1 670 1 1
0 10 670 1 1
0 7 670 1 1
0 9 670 1 1
0 6 670 1 1
0 8 670 1 1
0 5 670 1 1
0 4 670 1 1
0 12 670 1 1
0 3 670 1 1
0 2 670 1 1
0 1 670 1 1
0 11 670 1 1
0 8 676 1 1
0 2 669 1 1
0 7 677 1 1
0 10 674 1 1
0 9 675 1 1
0 4 667 1 1
0 3 668 1 1
0 5 666 1 1
0 11 673 1 1
0 12 672 1 1
0 1 670 1 1
0 2 674 1 1
0 9 668 1 1
0 1 673 1 1
0 4 676 1 1
0 5 677 1 1
0 12 671 1 1
0 10 669 1 1
0 3 675 1 1
0 13 673 1 1
0 7 666 1 1
0 8 667 1 1
0 11 670 1 1
0 3 673 1 1
0 1 673 1 1
0 12 673 1 1
0 6 673 1 1
0 7 673 1 1
0 4 673 1 1
0 5 673 1 1
0 10 673 1 1
0 11 673 1 1
0 8 673 1 1
0 2 673 1 1
0 9 673 1 1
0 5 669 1 1
0 6 668 1 1
0 11 676 1 1
0 10 677 1 1
0 1 673 1 1
0 4 670 1 1
0 2 672 1 1
0 7 667 1 1
0 8 666 1 1
0 12 675 1 1
0 3 671 1 1
0 3 603 1 1
0 5 605 1 1
0 6 606 1 1
0 10 610 1 1
0 11 611 1 1
0 4 604 1 1
0 13 600 1 1
0 7 607 1 1
0 9 609 1 1
0 8 608 1 1
0 2 602 1 1
0 1 601 1 1
0 1 600 1 1
0 9 605 1 1
0 10 604 1 1
0 6 608 1 1
0 8 606 1 1
0 4 610 1 1
0 7 607 1 1
0 11 603 1 1
0 3 611 1 1
0 12 602 1 1
0 5 609 1 1
0 5 610 1 1
0 9 606 1 1
0 10 605 1 1
0 12 603 1 1
0 4 611 1 1
0 2 600 1 1
0 7 608 1 1
0 6 609 1 1
0 8 607 1 1
0 1 601 1 1
0 11 604 1 1
0 7 610 1 1
0 8 611 1 1
0 13 610 1 1
0 2 605 1 1
0 5 608 1 1
0 3 606 1 1
0 4 607 1 1
0 10 600 1 1
0 12 602 1 1
0 6 609 1 1
0 11 601 1 1
0 1 604 1 1
0 10 604 1 1
0 7 604 1 1
0 9 604 1 1
0 6 604 1 1
0 8 604 1 1
0 5 604 1 1
0 4 604 1 1
0 12 604 1 1
0 3 604 1 1
0 2 604 1 1
0 1 604 1 1
0 11 604 1 1
0 8 610 1 1
0 2 603 1 1
0 7 611 1 1
0 10 608 1 1
0 9 609 1 1
0 4 601 1 1
0 3 602 1 1
0 5 600 1 1
0 11 607 1 1
0 12 606 1 1
0 1 604 1 1
0 2 608 1 1
0 9 602 1 1
0 1 607 1 1
0 4 610 1 1
0 5 611 1 1
0 12 605 1 1
0 10 603 1 1
0 3 609 1 1
0 13 607 1 1
0 7 600 1 1
0 8 601 1 1
0 11 604 1 1
0 3 607 1 1
0 1 607 1 1
0 12 607 1 1
0 6 607 1 1
0 7 607 1 1
0 4 607 1 1
0 5 607 1 1
0 10 607 1 1
0 11 607 1 1
0 8 607 1 1
0 2 607 1 1
0 9 607 1 1
0 3 839 1 1
0 5 841 1 1
0 6 842 1 1
0 10 846 1 1
0 11 847 1 1
0 4 840 1 1
0 13 836 1 1
0 7 843 1 1
0 9 845 1 1
0 8 844 1 1
0 2 838 1 1
0 1 837 1 1
0 1 836 1 1
0 9 841 1 1
0 10 840 1 1
0 6 844 1 1
0 8 842 1 1
0 4 846 1 1
0 7 843 1 1
0 11 839 1 1
0 3 847 1 1
0 12 838 1 1
0 5 845 1 1
0 5 846 1 1
0 9 842 1 1
0 10 841 1 1
0 12 839 1 1
0 4 847 1 1
0 2 836 1 1
0 7 844 1 1
0 6 845 1 1
0 8 843 1 1
0 1 837 1 1
0 11 840 1 1
0 7 846 1 1
0 8 847 1 1
0 13 846 1 1
0 2 841 1 1
0 5 844 1 1
0 3 842 1 1
0 4 843 1 1
0 10 836 1 1
0 12 838 1 1
0 6 845 1 1
0 11 837 1 1
0 1 840 1 1
0 10 840 1 1
0 7 840 1 1
0 9 840 1 1
0 6 840 1 1
0 8 840 1 1
0 5 840 1 1
0 4 840 1 1
0 12 840 1 1
0 3 840 1 1
0 2 840 1 1
0 1 840 1 1
0 11 840 1 1
0 8 846 1 1
0 2 839 1 1
0 7 847 1 1
0 10 844 1 1
0 9 845 1 1
0 4 837 1 1
0 3 838 1 1
0 5 836 1 1
0 11 843 1 1
0 12 842 1 1
0 1 840 1 1
0 2 844 1 1
0 9 838 1 1
0 1 843 1 1
0 4 846 1 1
0 5 847 1 1
0 12 841 1 1
0 10 839 1 1
0 3 845 1 1
0 13 843 1 1
0 7 836 1 1
0 8 837 1 1
0 11 840 1 1
0 3 843 1 1
0 1 843 1 1
0 12 843 1 1
0 6 843 1 1
0 7 843 1 1
0 4 843 1 1
0 5 843 1 1
0 10 843 1 1
0 11 843 1 1
0 8 843 1 1
0 2 843 1 1
0 9 843 1 1
0 5 839 1 1
0 6 838 1 1
0 11 846 1 1
0 10 847 1 1
0 1 843 1 1
0 4 840 1 1
0 2 842 1 1
0 7 837 1 1
0 8 836 1 1
0 12 845 1 1
0 3 841 1 1
0 9 841 1 1
0 6 838 1 1
0 8 840 1 1
0 12 844 1 1
0 2 847 1 1
0 10 842 1 1
0 13 840 1 1
0 5 837 1 1
0 11 843 1 1
0 4 836 1 1
0 1 846 1 1
0 7 839 1 1
0 8 846 1 1
0 5 846 1 1
0 11 846 1 1
0 4 846 1 1
0 10 846 1 1
0 7 846 1 1
0 6 846 1 1
0 12 846 1 1
0 1 846 1 1
0 3 846 1 1
0 9 846 1 1
0 2 846 1 1
0 3 80 1 1
0 5 82 1 1
0 6 83 1 1
0 10 87 1 1
0 11 88 1 1
0 4 81 1 1
0 13 77 1 1
0 7 84 1 1
0 9 86 1 1
0 8 85 1 1
0 2 79 1 1
0 1 78 1 1
0 3 471 1 1
0 5 473 1 1
0 6 474 1 1
0 10 478 1 1
0 11 479 1 1
0 4 472 1 1
0 13 468 1 1
0 7 475 1 1
0 9 477 1 1
0 8 476 1 1
0 2 470 1 1
0 1 469 1 1
0 1 468 1 1
0 9 473 1 1
0 10 472 1 1
0 6 476 1 1
0 8 474 1 1
0 4 478 1 1
0 7 475 1 1
0 11 471 1 1
0 3 479 1 1
0 12 470 1 1
0 5 477 1 1
0 5 478 1 1
0 9 474 1 1
0 10 473 1 1
0 12 471 1 1
0 4 479 1 1
0 2 468 1 1
0 7 476 1 1
0 6 477 1 1
0 8 475 1 1
0 1 469 1 1
0 11 472 1 1
0 7 478 1 1
0 8 479 1 1
0 13 478 1 1
0 2 473 1 1
0 5 476 1 1
0 3 474 1 1
0 4 475 1 1
0 10 468 1 1
0 12 470 1 1
0 6 477 1 1
0 11 469 1 1
0 1 472 1 1
0 10 472 1 1
0 7 472 1 1
0 9 472 1 1
0 6 472 1 1
0 8 472 1 1
0 5 472 1 1
0 4 472 1 1
0 12 472 1 1
0 3 472 1 1
0 2 472 1 1
0 1 472 1 1
0 11 472 1 1
0 8 478 1 1
0 2 471 1 1
0 7 479 1 1
0 10 476 1 1
0 9 477 1 1
0 4 469 1 1
0 3 470 1 1
0 5 468 1 1
0 11 475 1 1
0 12 474 1 1
0 1 472 1 1
0 3 872 1 1
0 5 874 1 1
0 6 875 1 1
0 10 879 1 1
0 11 880 1 1
0 4 873 1 1
0 13 869 1 1
0 7 876 1 1
0 9 878 1 1
0 8 877 1 1
0 2 871 1 1
0 1 870 1 1
0 1 869 1 1
0 9 874 1 1
0 10 873 1 1
0 6 877 1 1
0 8 875 1 1
0 4 879 1 1
0 7 876 1 1
0 11 872 1 1
0 3 880 1 1
0 12 871 1 1
0 5 878 1 1
0 5 879 1 1
0 9 875 1 1
0 10 874 1 1
0 12 872 1 1
0 4 880 1 1
0 2 869 1 1
0 7 877 1 1
0 6 878 1 1
0 8 876 1 1
0 1 870 1 1
0 11 873 1 1
0 7 879 1 1
0 8 880 1 1
0 13 879 1 1
0 2 874 1 1
0 5 877 1 1
0 3 875 1 1
0 4 876 1 1
0 10 869 1 1
0 12 871 1 1
0 6 878 1 1
0 11 870 1 1
0 1 873 1 1
0 10 873 1 1
0 7 873 1 1
0 9 873 1 1
0 6 873 1 1
0 8 873 1 1
0 5 873 1 1
0 4 873 1 1
0 12 873 1 1
0 3 873 1 1
0 2 873 1 1
0 1 873 1 1
0 11 873 1 1
0 8 879 1 1
0 2 872 1 1
0 7 880 1 1
0 10 877 1 1
0 9 878 1 1
0 4 870 1 1
0 3 871 1 1
0 5 869 1 1
0 11 876 1 1
0 12 875 1 1
0 1 873 1 1
0 2 877 1 1
0 9 871 1 1
0 1 876 1 1
0 4 879 1 1
0 5 880 1 1
0 12 874 1 1
0 10 872 1 1
0 3 878 1 1
0 13 876 1 1
0 7 869 1 1
0 8 870 1 1
0 11 873 1 1
0 3 876 1 1
0 1 876 1 1
0 12 876 1 1
0 6 876 1 1
0 7 876 1 1
0 4 876 1 1
0 5 876 1 1
0 10 876 1 1
0 11 876 1 1
0 8 876 1 1
0 2 876 1 1
0 9 876 1 1
0 5 872 1 1
0 6 871 1 1
0 11 879 1 1
0 10 880 1 1
0 1 876 1 1
0 4 873 1 1
0 2 875 1 1
0 7 870 1 1
0 8 869 1 1
0 12 878 1 1
0 3 874 1 1
0 9 874 1 1
0 6 871 1 1
0 8 873 1 1
0 12 877 1 1
0 2 880 1 1
0 10 875 1 1
0 13 873 1 1
0 5 870 1 1
0 11 876 1 1
0 4 869 1 1
0 1 879 1 1
0 7 872 1 1
0 8 879 1 1
0 5 879 1 1
0 11 879 1 1
0 4 879 1 1
0 10 879 1 1
0 7 879 1 1
0 6 879 1 1
0 12 879 1 1
0 1 879 1 1
0 3 879 1 1
0 9 879 1 1
0 2 879 1 1
0 3 483 1 1
0 5 485 1 1
0 6 486 1 1
0 10 490 1 1
0 11 491 1 1
0 4 484 1 1
0 13 480 1 1
0 7 487 1 1
0 9 489 1 1
0 8 488 1 1
0 2 482 1 1
0 1 481 1 1
0 1 480 1 1
0 9 485 1 1
0 10 484 1 1
0 6 488 1 1
0 8 486 1 1
0 4 490 1 1
0 7 487 1 1
0 11 483 1 1
0 3 491 1 1
0 12 482 1 1
0 5 489 1 1
0 5 490 1 1
0 9 486 1 1
0 10 485 1 1
0 12 483 1 1
0 4 491 1 1
0 2 480 1 1
0 7 488 1 1
0 6 489 1 1
0 8 487 1 1
0 1 481 1 1
0 11 484 1 1
0 7 490 1 1
0 8 491 1 1
0 13 490 1 1
0 2 485 1 1
0 5 488 1 1
0 3 486 1 1
0 4 487 1 1
0 10 480 1 1
0 12 482 1 1
0 6 489 1 1
0 11 481 1 1
0 1 484 1 1
0 10 484 1 1
0 7 484 1 1
0 9 484 1 1
0 6 484 1 1
0 8 484 1 1
0 5 484 1 1
0 4 484 1 1
0 12 484 1 1
0 3 484 1 1
0 2 484 1 1
0 1 484 1 1
0 11 484 1 1
0 8 490 1 1
0 2 483 1 1
0 7 491 1 1
0 10 488 1 1
0 9 489 1 1
0 4 481 1 1
0 3 482 1 1
0 5 480 1 1
0 11 487 1 1
0 12 486 1 1
0 1 484 1 1
0 3 84 1 1
0 5 86 1 1
0 6 87 1 1
0 10 91 1 1
0 11 92 1 1
0 4 85 1 1
0 13 81 1 1
0 7 88 1 1
0 9 90 1 1
0 8 89 1 1
0 2 83 1 1
0 1 82 1 1
0 3 659 1 1
0 5 661 1 1
0 6 662 1 1
0 10 666 1 1
0 11 667 1 1
0 4 660 1 1
0 13 656 1 1
0 7 663 1 1
0 9 665 1 1
0 8 664 1 1
0 2 658 1 1
0 1 657 1 1
0 1 656 1 1
0 9 661 1 1
0 10 660 1 1
0 6 664 1 1
0 8 662 1 1
0 4 666 1 1
0 7 663 1 1
0 11 659 1 1
0 3 667 1 1
0 12 658 1 1
0 5 665 1 1
0 5 666 1 1
0 9 662 1 1
0 10 661 1 1
0 12 659 1 1
0 4 667 1 1
0 2 656 1 1
0 7 664 1 1
0 6 665 1 1
0 8 663 1 1
0 1 657 1 1
0 11 660 1 1
0 7 666 1 1
0 8 667 1 1
0 13 666 1 1
0 2 661 1 1
0 5 664 1 1
0 3 662 1 1
0 4 663 1 1
0 10 656 1 1
0 12 658 1 1
0 6 665 1 1
0 11 657 1 1
0 1 660 1 1
0 10 660 1 1
0 7 660 1 1
0 9 660 1 1
0 6 660 1 1
0 8 660 1 1
0 5 660 1 1
0 4 660 1 1
0 12 660 1 1
0 3 660 1 1
0 2 660 1 1
0 1 660 1 1
0 11 660 1 1
0 8 666 1 1
0 2 659 1 1
0 7 667 1 1
0 10 664 1 1
0 9 665 1 1
0 4 657 1 1
0 3 658 1 1
0 5 656 1 1
0 11 663 1 1
0 12 662 1 1
0 1 660 1 1
0 2 664 1 1
0 9 658 1 1
0 1 663 1 1
0 4 666 1 1
0 5 667 1 1
0 12 661 1 1
0 10 659 1 1
0 3 665 1 1
0 13 663 1 1
0 7 656 1 1
0 8 657 1 1
0 11 660 1 1
0 3 663 1 1
0 1 663 1 1
0 12 663 1 1
0 6 663 1 1
0 7 663 1 1
0 4 663 1 1
0 5 663 1 1
0 10 663 1 1
0 11 663 1 1
0 8 663 1 1
0 2 663 1 1
0 9 663 1 1
0 3 750 1 1
0 5 752 1 1
0 6 753 1 1
0 10 757 1 1
0 11 758 1 1
0 4 751 1 1
0 13 747 1 1
0 7 754 1 1
0 9 756 1 1
0 8 755 1 1
0 2 749 1 1
0 1 748 1 1
0 2 748 1 1
0 3 748 1 1
0 12 748 1 1
0 4 748 1 1
0 5 748 1 1
0 8 748 1 1
0 6 748 1 1
0 9 748 1 1
0 7 748 1 1
0 10 748 1 1
0 11 748 1 1
0 1 748 1 1
0 5 757 1 1
0 9 753 1 1
0 10 752 1 1
0 12 750 1 1
0 4 758 1 1
0 2 747 1 1
0 7 755 1 1
0 6 756 1 1
0 8 754 1 1
0 1 748 1 1
0 11 751 1 1
0 7 757 1 1
0 8 758 1 1
0 13 757 1 1
0 2 752 1 1
0 5 755 1 1
0 3 753 1 1
0 4 754 1 1
0 10 747 1 1
0 12 749 1 1
0 6 756 1 1
0 11 748 1 1
0 1 751 1 1
0 10 751 1 1
0 7 751 1 1
0 9 751 1 1
0 6 751 1 1
0 8 751 1 1
0 5 751 1 1
0 4 751 1 1
0 12 751 1 1
0 3 751 1 1
0 2 751 1 1
0 1 751 1 1
0 11 751 1 1
0 8 757 1 1
0 2 750 1 1
0 7 758 1 1
0 10 755 1 1
0 9 756 1 1
0 4 748 1 1
0 3 749 1 1
0 5 747 1 1
0 11 754 1 1
0 12 753 1 1
0 1 751 1 1
0 2 755 1 1
0 9 749 1 1
0 1 754 1 1
0 4 757 1 1
0 5 758 1 1
0 12 752 1 1
0 10 750 1 1
0 3 756 1 1
0 13 754 1 1
0 7 747 1 1
0 8 748 1 1
0 11 751 1 1
0 3 754 1 1
0 1 754 1 1
0 12 754 1 1
0 6 754 1 1
0 7 754 1 1
0 4 754 1 1
0 5 754 1 1
0 10 754 1 1
0 11 754 1 1
0 8 754 1 1
0 2 754 1 1
0 9 754 1 1
0 5 750 1 1
0 6 749 1 1
0 11 757 1 1
0 10 758 1 1
0 1 754 1 1
0 4 751 1 1
0 2 753 1 1
0 7 748 1 1
0 8 747 1 1
0 12 756 1 1
0 3 752 1 1
0 3 255 1 1
0 5 257 1 1
0 6 258 1 1
0 10 262 1 1
0 11 263 1 1
0 4 256 1 1
0 13 252 1 1
0 7 259 1 1
0 9 261 1 1
0 8 260 1 1
0 2 254 1 1
0 1 253 1 1
0 1 252 1 1
0 9 257 1 1
0 10 256 1 1
0 6 260 1 1
0 8 258 1 1
0 4 262 1 1
0 7 259 1 1
0 11 255 1 1
0 3 263 1 1
0 12 254 1 1
0 5 261 1 1
0 5 262 1 1
0 9 258 1 1
0 10 257 1 1
0 12 255 1 1
0 4 263 1 1
0 2 252 1 1
0 7 260 1 1
0 6 261 1 1
0 8 259 1 1
0 1 253 1 1
0 11 256 1 1
0 3 938 1 1
0 5 940 1 1
0 6 941 1 1
0 10 945 1 1
0 11 946 1 1
0 4 939 1 1
0 13 935 1 1
0 7 942 1 1
0 9 944 1 1
0 8 943 1 1
0 2 937 1 1
0 1 936 1 1
0 1 935 1 1
0 9 940 1 1
0 10 939 1 1
0 6 943 1 1
0 8 941 1 1
0 4 945 1 1
0 7 942 1 1
0 11 938 1 1
0 3 946 1 1
0 12 937 1 1
0 5 944 1 1
0 5 945 1 1
0 9 941 1 1
0 10 940 1 1
0 12 938 1 1
0 4 946 1 1
0 2 935 1 1
0 7 943 1 1
0 6 944 1 1
0 8 942 1 1
0 1 936 1 1
0 11 939 1 1
0 7 945 1 1
0 8 946 1 1
0 13 945 1 1
0 2 940 1 1
0 5 943 1 1
0 3 941 1 1
0 4 942 1 1
0 10 935 1 1
0 12 937 1 1
0 6 944 1 1
0 11 936 1 1
0 1 939 1 1
0 10 939 1 1
0 7 939 1 1
0 9 939 1 1
0 6 939 1 1
0 8 939 1 1
0 5 939 1 1
0 4 939 1 1
0 12 939 1 1
0 3 939 1 1
0 2 939 1 1
0 1 939 1 1
0 11 939 1 1
0 8 945 1 1
0 2 938 1 1
0 7 946 1 1
0 10 943 1 1
0 9 944 1 1
0 4 936 1 1
0 3 937 1 1
0 5 935 1 1
0 11 942 1 1
0 12 941 1 1
0 1 939 1 1
0 2 943 1 1
0 9 937 1 1
0 1 942 1 1
0 4 945 1 1
0 5 946 1 1
0 12 940 1 1
0 10 938 1 1
0 3 944 1 1
0 13 942 1 1
0 7 935 1 1
0 8 936 1 1
0 11 939 1 1
0 3 942 1 1
0 1 942 1 1
0 12 942 1 1
0 6 942 1 1
0 7 942 1 1
0 4 942 1 1
0 5 942 1 1
0 10 942 1 1
0 11 942 1 1
0 8 942 1 1
0 2 942 1 1
0 9 942 1 1
0 5 938 1 1
0 6 937 1 1
0 11 945 1 1
0 10 946 1 1
0 1 942 1 1
0 4 939 1 1
0 2 941 1 1
0 7 936 1 1
0 8 935 1 1
0 12 944 1 1
0 3 940 1 1
0 9 940 1 1
0 6 937 1 1
0 8 939 1 1
0 12 943 1 1
0 2 946 1 1
0 10 941 1 1
0 13 939 1 1
0 5 936 1 1
0 11 942 1 1
0 4 935 1 1
0 1 945 1 1
0 7 938 1 1
0 8 945 1 1
0 5 945 1 1
0 11 945 1 1
0 4 945 1 1
0 10 945 1 1
0 7 945 1 1
0 6 945 1 1
0 12 945 1 1
0 1 945 1 1
0 3 945 1 1
0 9 945 1 1
0 2 945 1 1
0 3 433 1 1
0 5 435 1 1
0 6 436 1 1
0 10 440 1 1
0 11 441 1 1
0 4 434 1 1
0 13 430 1 1
0 7 437 1 1
0 9 439 1 1
0 8 438 1 1
0 2 432 1 1
0 1 431 1 1
0 1 430 1 1
0 9 435 1 1
0 10 434 1 1
0 6 438 1 1
0 8 436 1 1
0 4 440 1 1
0 7 437 1 1
0 11 433 1 1
0 3 441 1 1
0 12 432 1 1
0 5 439 1 1
0 5 440 1 1
0 9 436 1 1
0 10 435 1 1
0 12 433 1 1
0 4 441 1 1
0 2 430 1 1
0 7 438 1 1
0 6 439 1 1
0 8 437 1 1
0 1 431 1 1
0 11 434 1 1
0 7 440 1 1
0 8 441 1 1
0 13 440 1 1
0 2 435 1 1
0 5 438 1 1
0 3 436 1 1
0 4 437 1 1
0 10 430 1 1
0 12 432 1 1
0 6 439 1 1
0 11 431 1 1
0 1 434 1 1
0 10 434 1 1
0 7 434 1 1
0 9 434 1 1
0 6 434 1 1
0 8 434 1 1
0 5 434 1 1
0 4 434 1 1
0 12 434 1 1
0 3 434 1 1
0 2 434 1 1
0 1 434 1 1
0 11 434 1 1
0 3 960 1 1
0 5 962 1 1
0 6 963 1 1
0 10 967 1 1
0 11 968 1 1
0 4 961 1 1
0 13 957 1 1
0 7 964 1 1
0 9 966 1 1
0 8 965 1 1
0 2 959 1 1
0 1 958 1 1
0 1 957 1 1
0 9 962 1 1
0 10 961 1 1
0 6 965 1 1
0 8 963 1 1
0 4 967 1 1
0 7 964 1 1
0 11 960 1 1
0 3 968 1 1
0 12 959 1 1
0 5 966 1 1
0 5 967 1 1
0 9 963 1 1
0 10 962 1 1
0 12 960 1 1
0 4 968 1 1
0 2 957 1 1
0 7 965 1 1
0 6 966 1 1
0 8 964 1 1
0 1 958 1 1
0 11 961 1 1
0 7 967 1 1
0 8 968 1 1
0 13 967 1 1
0 2 962 1 1
0 5 965 1 1
0 3 963 1 1
0 4 964 1 1
0 10 957 1 1
0 12 959 1 1
0 6 966 1 1
0 11 958 1 1
0 1 961 1 1
0 10 961 1 1
0 7 961 1 1
0 9 961 1 1
0 6 961 1 1
0 8 961 1 1
0 5 961 1 1
0 4 961 1 1
0 12 961 1 1
0 3 961 1 1
0 2 961 1 1
0 1 961 1 1
0 11 961 1 1
0 8 967 1 1
0 2 960 1 1
0 7 968 1 1
0 10 965 1 1
0 9 966 1 1
0 4 958 1 1
0 3 959 1 1
0 5 957 1 1
0 11 964 1 1
0 12 963 1 1
0 1 961 1 1
0 2 965 1 1
0 9 959 1 1
0 1 964 1 1
0 4 967 1 1
0 5 968 1 1
0 12 962 1 1
0 10 960 1 1
0 3 966 1 1
0 13 964 1 1
0 7 957 1 1
0 8 958 1 1
0 11 961 1 1
0 3 964 1 1
0 1 964 1 1
0 12 964 1 1
0 6 964 1 1
0 7 964 1 1
0 4 964 1 1
0 5 964 1 1
0 10 964 1 1
0 11 964 1 1
0 8 964 1 1
0 2 964 1 1
0 9 964 1 1
0 5 960 1 1
0 6 959 1 1
0 11 967 1 1
0 10 968 1 1
0 1 964 1 1
0 4 961 1 1
0 2 963 1 1
0 7 958 1 1
0 8 957 1 1
0 12 966 1 1
0 3 962 1 1
0 9 962 1 1
0 6 959 1 1
0 8 961 1 1
0 12 965 1 1
0 2 968 1 1
0 10 963 1 1
0 13 961 1 1
0 5 958 1 1
0 11 964 1 1
0 4 957 1 1
0 1 967 1 1
0 7 960 1 1
0 8 967 1 1
0 5 967 1 1
0 11 967 1 1
0 4 967 1 1
0 10 967 1 1
0 7 967 1 1
0 6 967 1 1
0 12 967 1 1
0 1 967 1 1
0 3 967 1 1
0 9 967 1 1
0 2 967 1 1
0 3 531 1 1
0 5 533 1 1
0 6 534 1 1
0 10 538 1 1
0 11 539 1 1
0 4 532 1 1
0 13 528 1 1
0 7 535 1 1
0 9 537 1 1
0 8 536 1 1
0 2 530 1 1
0 1 529 1 1
0 1 528 1 1
0 9 533 1 1
0 10 532 1 1
0 6 536 1 1
0 8 534 1 1
0 4 538 1 1
0 7 535 1 1
0 11 531 1 1
0 3 539 1 1
0 12 530 1 1
0 5 537 1 1
0 5 538 1 1
0 9 534 1 1
0 10 533 1 1
0 12 531 1 1
0 4 539 1 1
0 2 528 1 1
0 7 536 1 1
0 6 537 1 1
0 8 535 1 1
0 1 529 1 1
0 11 532 1 1
0 7 538 1 1
0 8 539 1 1
0 13 538 1 1
0 2 533 1 1
0 5 536 1 1
0 3 534 1 1
0 4 535 1 1
0 10 528 1 1
0 12 530 1 1
0 6 537 1 1
0 11 529 1 1
0 1 532 1 1
0 10 532 1 1
0 7 532 1 1
0 9 532 1 1
0 6 532 1 1
0 8 532 1 1
0 5 532 1 1
0 4 532 1 1
0 12 532 1 1
0 3 532 1 1
0 2 532 1 1
0 1 532 1 1
0 11 532 1 1
0 8 538 1 1
0 2 531 1 1
0 7 539 1 1
0 10 536 1 1
0 9 537 1 1
0 4 529 1 1
0 3 530 1 1
0 5 528 1 1
0 11 535 1 1
0 12 534 1 1
0 1 532 1 1
0 3 804 1 1
0 5 806 1 1
0 6 807 1 1
0 10 811 1 1
0 11 812 1 1
0 4 805 1 1
0 13 801 1 1
0 7 808 1 1
0 9 810 1 1
0 8 809 1 1
0 2 803 1 1
0 1 802 1 1
0 2 802 1 1
0 3 802 1 1
0 12 802 1 1
0 4 802 1 1
0 5 802 1 1
0 8 802 1 1
0 6 802 1 1
0 9 802 1 1
0 7 802 1 1
0 10 802 1 1
0 11 802 1 1
0 1 802 1 1
0 5 811 1 1
0 9 807 1 1
0 10 806 1 1
0 12 804 1 1
0 4 812 1 1
0 2 801 1 1
0 7 809 1 1
0 6 810 1 1
0 8 808 1 1
0 1 802 1 1
0 11 805 1 1
0 7 811 1 1
0 8 812 1 1
0 13 811 1 1
0 2 806 1 1
0 5 809 1 1
0 3 807 1 1
0 4 808 1 1
0 10 801 1 1
0 12 803 1 1
0 6 810 1 1
0 11 802 1 1
0 1 805 1 1
0 10 805 1 1
0 7 805 1 1
0 9 805 1 1
0 6 805 1 1
0 8 805 1 1
0 5 805 1 1
0 4 805 1 1
0 12 805 1 1
0 3 805 1 1
0 2 805 1 1
0 1 805 1 1
0 11 805 1 1
0 8 811 1 1
0 2 804 1 1
0 7 812 1 1
0 10 809 1 1
0 9 810 1 1
0 4 802 1 1
0 3 803 1 1
0 5 801 1 1
0 11 808 1 1
0 12 807 1 1
0 1 805 1 1
0 2 809 1 1
0 9 803 1 1
0 1 808 1 1
0 4 811 1 1
0 5 812 1 1
0 12 806 1 1
0 10 804 1 1
0 3 810 1 1
0 13 808 1 1
0 7 801 1 1
0 8 802 1 1
0 11 805 1 1
0 3 808 1 1
0 1 808 1 1
0 12 808 1 1
0 6 808 1 1
0 7 808 1 1
0 4 808 1 1
0 5 808 1 1
0 10 808 1 1
0 11 808 1 1
0 8 808 1 1
0 2 808 1 1
0 9 808 1 1
0 5 804 1 1
0 6 803 1 1
0 11 811 1 1
0 10 812 1 1
0 1 808 1 1
0 4 805 1 1
0 2 807 1 1
0 7 802 1 1
0 8 801 1 1
0 12 810 1 1
0 3 806 1 1
0 3 273 1 1
0 5 275 1 1
0 6 276 1 1
0 10 280 1 1
0 11 281 1 1
0 4 274 1 1
0 13 270 1 1
0 7 277 1 1
0 9 279 1 1
0 8 278 1 1
0 2 272 1 1
0 1 271 1 1
0 1 270 1 1
0 9 275 1 1
0 10 274 1 1
0 6 278 1 1
0 8 276 1 1
0 4 280 1 1
0 7 277 1 1
0 11 273 1 1
0 3 281 1 1
0 12 272 1 1
0 5 279 1 1
0 5 280 1 1
0 9 276 1 1
0 10 275 1 1
0 12 273 1 1
0 4 281 1 1
0 2 270 1 1
0 7 278 1 1
0 6 279 1 1
0 8 277 1 1
0 1 271 1 1
0 11 274 1 1
0 3 458 1 1
0 5 460 1 1
0 6 461 1 1
0 10 465 1 1
0 11 466 1 1
0 4 459 1 1
0 13 455 1 1
0 7 462 1 1
0 9 464 1 1
0 8 463 1 1
0 2 457 1 1
0 1 456 1 1
0 1 455 1 1
0 9 460 1 1
0 10 459 1 1
0 6 463 1 1
0 8 461 1 1
0 4 465 1 1
0 7 462 1 1
0 11 458 1 1
0 3 466 1 1
0 12 457 1 1
0 5 464 1 1
0 5 465 1 1
0 9 461 1 1
0 10 460 1 1
0 12 458 1 1
0 4 466 1 1
0 2 455 1 1
0 7 463 1 1
0 6 464 1 1
0 8 462 1 1
0 1 456 1 1
0 11 459 1 1
0 7 465 1 1
0 8 466 1 1
0 13 465 1 1
0 2 460 1 1
0 5 463 1 1
0 3 461 1 1
0 4 462 1 1
0 10 455 1 1
0 12 457 1 1
0 6 464 1 1
0 11 456 1 1
0 1 459 1 1
0 10 459 1 1
0 7 459 1 1
0 9 459 1 1
0 6 459 1 1
0 8 459 1 1
0 5 459 1 1
0 4 459 1 1
0 12 459 1 1
0 3 459 1 1
0 2 459 1 1
0 1 459 1 1
0 11 459 1 1
0 3 371 1 1
0 5 373 1 1
0 6 374 1 1
0 10 378 1 1
0 11 379 1 1
0 4 372 1 1
0 13 368 1 1
0 7 375 1 1
0 9 377 1 1
0 8 376 1 1
0 2 370 1 1
0 1 369 1 1
0 2 369 1 1
0 3 369 1 1
0 12 369 1 1
0 4 369 1 1
0 5 369 1 1
0 8 369 1 1
0 6 369 1 1
0 9 369 1 1
0 7 369 1 1
0 10 369 1 1
0 11 369 1 1
0 1 369 1 1
0 5 378 1 1
0 9 374 1 1
0 10 373 1 1
0 12 371 1 1
0 4 379 1 1
0 2 368 1 1
0 7 376 1 1
0 6 377 1 1
0 8 375 1 1
0 1 369 1 1
0 11 372 1 1
0 7 378 1 1
0 8 379 1 1
0 13 378 1 1
0 2 373 1 1
0 5 376 1 1
0 3 374 1 1
0 4 375 1 1
0 10 368 1 1
0 12 370 1 1
0 6 377 1 1
0 11 369 1 1
0 1 372 1 1
0 3 375 1 1
0 5 377 1 1
0 6 378 1 1
0 10 382 1 1
0 11 383 1 1
0 4 376 1 1
0 13 372 1 1
0 7 379 1 1
0 9 381 1 1
0 8 380 1 1
0 2 374 1 1
0 1 373 1 1
0 2 373 1 1
0 3 373 1 1
0 12 373 1 1
0 4 373 1 1
0 5 373 1 1
0 8 373 1 1
0 6 373 1 1
0 9 373 1 1
0 7 373 1 1
0 10 373 1 1
0 11 373 1 1
0 1 373 1 1
0 5 382 1 1
0 9 378 1 1
0 10 377 1 1
0 12 375 1 1
0 4 383 1 1
0 2 372 1 1
0 7 380 1 1
0 6 381 1 1
0 8 379 1 1
0 1 373 1 1
0 11 376 1 1
0 7 382 1 1
0 8 383 1 1
0 13 382 1 1
0 2 377 1 1
0 5 380 1 1
0 3 378 1 1
0 4 379 1 1
0 10 372 1 1
0 12 374 1 1
0 6 381 1 1
0 11 373 1 1
0 1 376 1 1
0 3 567 1 1
0 5 569 1 1
0 6 570 1 1
0 10 574 1 1
0 11 575 1 1
0 4 568 1 1
0 13 564 1 1
0 7 571 1 1
0 9 573 1 1
0 8 572 1 1
0 2 566 1 1
0 1 565 1 1
0 1 564 1 1
0 9 569 1 1
0 10 568 1 1
0 6 572 1 1
0 8 570 1 1
0 4 574 1 1
0 7 571 1 1
0 11 567 1 1
0 3 575 1 1
0 12 566 1 1
0 5 573 1 1
0 5 574 1 1
0 9 570 1 1
0 10 569 1 1
0 12 567 1 1
0 4 575 1 1
0 2 564 1 1
0 7 572 1 1
0 6 573 1 1
0 8 571 1 1
0 1 565 1 1
0 11 568 1 1
0 7 574 1 1
0 8 575 1 1
0 13 574 1 1
0 2 569 1 1
0 5 572 1 1
0 3 570 1 1
0 4 571 1 1
0 10 564 1 1
0 12 566 1 1
0 6 573 1 1
0 11 565 1 1
0 1 568 1 1
0 10 568 1 1
0 7 568 1 1
0 9 568 1 1
0 6 568 1 1
0 8 568 1 1
0 5 568 1 1
0 4 568 1 1
0 12 568 1 1
0 3 568 1 1
0 2 568 1 1
0 1 568 1 1
0 11 568 1 1
0 8 574 1 1
0 2 567 1 1
0 7 575 1 1
0 10 572 1 1
0 9 573 1 1
0 4 565 1 1
0 3 566 1 1
0 5 564 1 1
0 11 571 1 1
0 12 570 1 1
0 1 568 1 1
0 3 573 1 1
0 5 575 1 1
0 6 576 1 1
0 10 580 1 1
0 11 581 1 1
0 4 574 1 1
0 13 570 1 1
0 7 577 1 1
0 9 579 1 1
0 8 578 1 1
0 2 572 1 1
0 1 571 1 1
0 1 570 1 1
0 9 575 1 1
0 10 574 1 1
0 6 578 1 1
0 8 576 1 1
0 4 580 1 1
0 7 577 1 1
0 11 573 1 1
0 3 581 1 1
0 12 572 1 1
0 5 579 1 1
0 5 580 1 1
0 9 576 1 1
0 10 575 1 1
0 12 573 1 1
0 4 581 1 1
0 2 570 1 1
0 7 578 1 1
0 6 579 1 1
0 8 577 1 1
0 1 571 1 1
0 11 574 1 1
0 7 580 1 1
0 8 581 1 1
0 13 580 1 1
0 2 575 1 1
0 5 578 1 1
0 3 576 1 1
0 4 577 1 1
0 10 570 1 1
0 12 572 1 1
0 6 579 1 1
0 11 571 1 1
0 1 574 1 1
0 10 574 1 1
0 7 574 1 1
0 9 574 1 1
0 6 574 1 1
0 8 574 1 1
0 5 574 1 1
0 4 574 1 1
0 12 574 1 1
0 3 574 1 1
0 2 574 1 1
0 1 574 1 1
0 11 574 1 1
0 8 580 1 1
0 2 573 1 1
0 7 581 1 1
0 10 578 1 1
0 9 579 1 1
0 4 571 1 1
0 3 572 1 1
0 5 570 1 1
0 11 577 1 1
0 12 576 1 1
0 1 574 1 1
0 3 579 1 1
0 5 581 1 1
0 6 582 1 1
0 10 586 1 1
0 11 587 1 1
0 4 580 1 1
0 13 576 1 1
0 7 583 1 1
0 9 585 1 1
0 8 584 1 1
0 2 578 1 1
0 1 577 1 1
0 1 576 1 1
0 9 581 1 1
0 10 580 1 1
0 6 584 1 1
0 8 582 1 1
0 4 586 1 1
0 7 583 1 1
0 11 579 1 1
0 3 587 1 1
0 12 578 1 1
0 5 585 1 1
0 5 586 1 1
0 9 582 1 1
0 10 581 1 1
0 12 579 1 1
0 4 587 1 1
0 2 576 1 1
0 7 584 1 1
0 6 585 1 1
0 8 583 1 1
0 1 577 1 1
0 11 580 1 1
0 7 586 1 1
0 8 587 1 1
0 13 586 1 1
0 2 581 1 1
0 5 584 1 1
0 3 582 1 1
0 4 583 1 1
0 10 576 1 1
0 12 578 1 1
0 6 585 1 1
0 11 577 1 1
0 1 580 1 1
0 10 580 1 1
0 7 580 1 1
0 9 580 1 1
0 6 580 1 1
0 8 580 1 1
0 5 580 1 1
0 4 580 1 1
0 12 580 1 1
0 3 580 1 1
0 2 580 1 1
0 1 580 1 1
0 11 580 1 1
0 8 586 1 1
0 2 579 1 1
0 7 587 1 1
0 10 584 1 1
0 9 585 1 1
0 4 577 1 1
0 3 578 1 1
0 5 576 1 1
0 11 583 1 1
0 12 582 1 1
0 1 580 1 1
0 3 391 1 1
0 5 393 1 1
0 6 394 1 1
0 10 398 1 1
0 11 399 1 1
0 4 392 1 1
0 13 388 1 1
0 7 395 1 1
0 9 397 1 1
0 8 396 1 1
0 2 390 1 1
0 1 389 1 1
0 2 389 1 1
0 3 389 1 1
0 12 389 1 1
0 4 389 1 1
0 5 389 1 1
0 8 389 1 1
0 6 389 1 1
0 9 389 1 1
0 7 389 1 1
0 10 389 1 1
0 11 389 1 1
0 1 389 1 1
0 5 398 1 1
0 9 394 1 1
0 10 393 1 1
0 12 391 1 1
0 4 399 1 1
0 2 388 1 1
0 7 396 1 1
0 6 397 1 1
0 8 395 1 1
0 1 389 1 1
0 11 392 1 1
0 7 398 1 1
0 8 399 1 1
0 13 398 1 1
0 2 393 1 1
0 5 396 1 1
0 3 394 1 1
0 4 395 1 1
0 10 388 1 1
0 12 390 1 1
0 6 397 1 1
0 11 389 1 1
0 1 392 1 1
0 3 101 1 1
0 5 103 1 1
0 6 104 1 1
0 10 108 1 1
0 11 109 1 1
0 4 102 1 1
0 13 98 1 1
0 7 105 1 1
0 9 107 1 1
0 8 106 1 1
0 2 100 1 1
0 1 99 1 1
0 3 201 1 1
0 5 203 1 1
0 6 204 1 1
0 10 208 1 1
0 11 209 1 1
0 4 202 1 1
0 13 198 1 1
0 7 205 1 1
0 9 207 1 1
0 8 206 1 1
0 2 200 1 1
0 1 199 1 1
0 2 199 1 1
0 3 199 1 1
0 12 199 1 1
0 4 199 1 1
0 5 199 1 1
0 8 199 1 1
0 6 199 1 1
0 9 199 1 1
0 7 199 1 1
0 10 199 1 1
0 11 199 1 1
0 1 199 1 1
