0 1 0 1 1
0 2 1 1 1
0 3 3 1 1
0 5 5 1 1
0 6 5 1 1
0 5 4 1 1
0 4 4 1 1
0 3 2 1 1
0 2 2 1 1
0 9 0 1 1
0 4 3 1 1
0 1 1 1 1
0 2 1 1 1
0 3 1 1 1
0 4 1 1 1
0 5 1 1 1
0 6 1 1 1
0 7 1 1 1
0 1 1 1 1
0 1 5 1 1
0 4 5 1 1
0 3 3 1 1
0 5 4 1 1
0 2 0 1 1
0 8 2 1 1
0 5 1 1 1
0 6 0 1 1
0 1 1 1 1
0 6 3 1 1
0 2 4 1 1
0 4 2 1 1
0 1 1 1 1
0 2 2 1 1
0 3 4 1 1
0 5 6 1 1
0 6 6 1 1
0 5 5 1 1
0 4 5 1 1
0 3 3 1 1
0 2 3 1 1
0 9 1 1 1
0 4 4 1 1
0 1 2 1 1
0 1 10 1 1
0 2 11 1 1
0 3 13 1 1
0 5 15 1 1
0 6 15 1 1
0 5 14 1 1
0 4 14 1 1
0 3 12 1 1
0 2 12 1 1
0 9 10 1 1
0 4 13 1 1
0 1 11 1 1
0 2 11 1 1
0 3 11 1 1
0 4 11 1 1
0 5 11 1 1
0 6 11 1 1
0 7 11 1 1
0 1 11 1 1
0 1 15 1 1
0 4 15 1 1
0 3 13 1 1
0 5 14 1 1
0 2 10 1 1
0 8 12 1 1
0 5 11 1 1
0 6 10 1 1
0 1 11 1 1
0 6 13 1 1
0 2 14 1 1
0 4 12 1 1
0 1 10 1 1
0 2 11 1 1
0 1 14 1 1
0 6 12 1 1
0 6 15 1 1
0 5 14 1 1
0 2 15 1 1
0 5 11 1 1
0 9 13 1 1
0 3 12 1 1
0 4 10 1 1
0 4 13 1 1
0 7 14 1 1
0 6 14 1 1
0 5 14 1 1
0 4 14 1 1
0 3 14 1 1
0 2 14 1 1
0 1 14 1 1
0 1 3 1 1
0 2 4 1 1
0 3 6 1 1
0 5 8 1 1
0 6 8 1 1
0 5 7 1 1
0 4 7 1 1
0 3 5 1 1
0 2 5 1 1
0 9 3 1 1
0 4 6 1 1
0 1 4 1 1
0 1 12 1 1
0 2 13 1 1
0 3 15 1 1
0 5 17 1 1
0 6 17 1 1
0 5 16 1 1
0 4 16 1 1
0 3 14 1 1
0 2 14 1 1
0 9 12 1 1
0 4 15 1 1
0 1 13 1 1
0 2 13 1 1
0 3 13 1 1
0 4 13 1 1
0 5 13 1 1
0 6 13 1 1
0 7 13 1 1
0 1 13 1 1
0 1 17 1 1
0 4 17 1 1
0 3 15 1 1
0 5 16 1 1
0 2 12 1 1
0 8 14 1 1
0 5 13 1 1
0 6 12 1 1
0 1 13 1 1
0 6 15 1 1
0 2 16 1 1
0 4 14 1 1
0 1 20 1 1
0 2 21 1 1
0 3 23 1 1
0 5 25 1 1
0 6 25 1 1
0 5 24 1 1
0 4 24 1 1
0 3 22 1 1
0 2 22 1 1
0 9 20 1 1
0 4 23 1 1
0 1 21 1 1
0 2 21 1 1
0 3 21 1 1
0 4 21 1 1
0 5 21 1 1
0 6 21 1 1
0 7 21 1 1
0 1 21 1 1
0 1 25 1 1
0 4 25 1 1
0 3 23 1 1
0 5 24 1 1
0 2 20 1 1
0 8 22 1 1
0 5 21 1 1
0 6 20 1 1
0 1 21 1 1
0 6 23 1 1
0 2 24 1 1
0 4 22 1 1
0 1 20 1 1
0 2 21 1 1
0 1 24 1 1
0 6 22 1 1
0 6 25 1 1
0 5 24 1 1
0 2 25 1 1
0 5 21 1 1
0 9 23 1 1
0 3 22 1 1
0 4 20 1 1
0 4 23 1 1
0 1 30 1 1
0 2 31 1 1
0 3 33 1 1
0 5 35 1 1
0 6 35 1 1
0 5 34 1 1
0 4 34 1 1
0 3 32 1 1
0 2 32 1 1
0 9 30 1 1
0 4 33 1 1
0 1 31 1 1
0 2 31 1 1
0 3 31 1 1
0 4 31 1 1
0 5 31 1 1
0 6 31 1 1
0 7 31 1 1
0 1 31 1 1
0 1 35 1 1
0 4 35 1 1
0 3 33 1 1
0 5 34 1 1
0 2 30 1 1
0 8 32 1 1
0 5 31 1 1
0 6 30 1 1
0 1 31 1 1
0 6 33 1 1
0 2 34 1 1
0 4 32 1 1
0 1 30 1 1
0 2 31 1 1
0 1 34 1 1
0 6 32 1 1
0 6 35 1 1
0 5 34 1 1
0 2 35 1 1
0 5 31 1 1
0 9 33 1 1
0 3 32 1 1
0 4 30 1 1
0 4 33 1 1
0 7 34 1 1
0 6 34 1 1
0 5 34 1 1
0 4 34 1 1
0 3 34 1 1
0 2 34 1 1
0 1 34 1 1
0 1 14 1 1
0 2 15 1 1
0 3 17 1 1
0 5 19 1 1
0 6 19 1 1
0 5 18 1 1
0 4 18 1 1
0 3 16 1 1
0 2 16 1 1
0 9 14 1 1
0 4 17 1 1
0 1 15 1 1
0 2 15 1 1
0 3 15 1 1
0 4 15 1 1
0 5 15 1 1
0 6 15 1 1
0 7 15 1 1
0 1 15 1 1
0 1 32 1 1
0 2 33 1 1
0 3 35 1 1
0 5 37 1 1
0 6 37 1 1
0 5 36 1 1
0 4 36 1 1
0 3 34 1 1
0 2 34 1 1
0 9 32 1 1
0 4 35 1 1
0 1 33 1 1
0 2 33 1 1
0 3 33 1 1
0 4 33 1 1
0 5 33 1 1
0 6 33 1 1
0 7 33 1 1
0 1 33 1 1
0 1 37 1 1
0 4 37 1 1
0 3 35 1 1
0 5 36 1 1
0 2 32 1 1
0 8 34 1 1
0 5 33 1 1
0 6 32 1 1
0 1 33 1 1
0 6 35 1 1
0 2 36 1 1
0 4 34 1 1
0 1 32 1 1
0 2 33 1 1
0 1 36 1 1
0 6 34 1 1
0 6 37 1 1
0 5 36 1 1
0 2 37 1 1
0 5 33 1 1
0 9 35 1 1
0 3 34 1 1
0 4 32 1 1
0 4 35 1 1
0 1 27 1 1
0 2 28 1 1
0 3 30 1 1
0 5 32 1 1
0 6 32 1 1
0 5 31 1 1
0 4 31 1 1
0 3 29 1 1
0 2 29 1 1
0 9 27 1 1
0 4 30 1 1
0 1 28 1 1
0 2 28 1 1
0 3 28 1 1
0 4 28 1 1
0 5 28 1 1
0 6 28 1 1
0 7 28 1 1
0 1 28 1 1
0 1 32 1 1
0 4 32 1 1
0 3 30 1 1
0 5 31 1 1
0 2 27 1 1
0 8 29 1 1
0 5 28 1 1
0 6 27 1 1
0 1 28 1 1
0 6 30 1 1
0 2 31 1 1
0 4 29 1 1
0 1 20 1 1
0 2 21 1 1
0 3 23 1 1
0 5 25 1 1
0 6 25 1 1
0 5 24 1 1
0 4 24 1 1
0 3 22 1 1
0 2 22 1 1
0 9 20 1 1
0 4 23 1 1
0 1 21 1 1
0 2 21 1 1
0 3 21 1 1
0 4 21 1 1
0 5 21 1 1
0 6 21 1 1
0 7 21 1 1
0 1 21 1 1
0 1 11 1 1
0 2 12 1 1
0 3 14 1 1
0 5 16 1 1
0 6 16 1 1
0 5 15 1 1
0 4 15 1 1
0 3 13 1 1
0 2 13 1 1
0 9 11 1 1
0 4 14 1 1
0 1 12 1 1
0 1 60 1 1
0 2 61 1 1
0 3 63 1 1
0 5 65 1 1
0 6 65 1 1
0 5 64 1 1
0 4 64 1 1
0 3 62 1 1
0 2 62 1 1
0 9 60 1 1
0 4 63 1 1
0 1 61 1 1
0 2 61 1 1
0 3 61 1 1
0 4 61 1 1
0 5 61 1 1
0 6 61 1 1
0 7 61 1 1
0 1 61 1 1
0 1 65 1 1
0 4 65 1 1
0 3 63 1 1
0 5 64 1 1
0 2 60 1 1
0 8 62 1 1
0 5 61 1 1
0 6 60 1 1
0 1 61 1 1
0 6 63 1 1
0 2 64 1 1
0 4 62 1 1
0 1 60 1 1
0 2 61 1 1
0 1 64 1 1
0 6 62 1 1
0 6 65 1 1
0 5 64 1 1
0 2 65 1 1
0 5 61 1 1
0 9 63 1 1
0 3 62 1 1
0 4 60 1 1
0 4 63 1 1
0 7 64 1 1
0 6 64 1 1
0 5 64 1 1
0 4 64 1 1
0 3 64 1 1
0 2 64 1 1
0 1 64 1 1
0 1 26 1 1
0 2 27 1 1
0 3 29 1 1
0 5 31 1 1
0 6 31 1 1
0 5 30 1 1
0 4 30 1 1
0 3 28 1 1
0 2 28 1 1
0 9 26 1 1
0 4 29 1 1
0 1 27 1 1
0 2 27 1 1
0 3 27 1 1
0 4 27 1 1
0 5 27 1 1
0 6 27 1 1
0 7 27 1 1
0 1 27 1 1
0 1 14 1 1
0 2 15 1 1
0 3 17 1 1
0 5 19 1 1
0 6 19 1 1
0 5 18 1 1
0 4 18 1 1
0 3 16 1 1
0 2 16 1 1
0 9 14 1 1
0 4 17 1 1
0 1 15 1 1
0 1 15 1 1
0 2 16 1 1
0 3 18 1 1
0 5 20 1 1
0 6 20 1 1
0 5 19 1 1
0 4 19 1 1
0 3 17 1 1
0 2 17 1 1
0 9 15 1 1
0 4 18 1 1
0 1 16 1 1
0 1 32 1 1
0 2 33 1 1
0 3 35 1 1
0 5 37 1 1
0 6 37 1 1
0 5 36 1 1
0 4 36 1 1
0 3 34 1 1
0 2 34 1 1
0 9 32 1 1
0 4 35 1 1
0 1 33 1 1
0 2 33 1 1
0 3 33 1 1
0 4 33 1 1
0 5 33 1 1
0 6 33 1 1
0 7 33 1 1
0 1 33 1 1
0 1 68 1 1
0 2 69 1 1
0 3 71 1 1
0 5 73 1 1
0 6 73 1 1
0 5 72 1 1
0 4 72 1 1
0 3 70 1 1
0 2 70 1 1
0 9 68 1 1
0 4 71 1 1
0 1 69 1 1
0 2 69 1 1
0 3 69 1 1
0 4 69 1 1
0 5 69 1 1
0 6 69 1 1
0 7 69 1 1
0 1 69 1 1
0 1 73 1 1
0 4 73 1 1
0 3 71 1 1
0 5 72 1 1
0 2 68 1 1
0 8 70 1 1
0 5 69 1 1
0 6 68 1 1
0 1 69 1 1
0 6 71 1 1
0 2 72 1 1
0 4 70 1 1
0 1 68 1 1
0 2 69 1 1
0 1 72 1 1
0 6 70 1 1
0 6 73 1 1
0 5 72 1 1
0 2 73 1 1
0 5 69 1 1
0 9 71 1 1
0 3 70 1 1
0 4 68 1 1
0 4 71 1 1
0 1 72 1 1
0 2 73 1 1
0 3 75 1 1
0 5 77 1 1
0 6 77 1 1
0 5 76 1 1
0 4 76 1 1
0 3 74 1 1
0 2 74 1 1
0 9 72 1 1
0 4 75 1 1
0 1 73 1 1
0 2 73 1 1
0 3 73 1 1
0 4 73 1 1
0 5 73 1 1
0 6 73 1 1
0 7 73 1 1
0 1 73 1 1
0 1 77 1 1
0 4 77 1 1
0 3 75 1 1
0 5 76 1 1
0 2 72 1 1
0 8 74 1 1
0 5 73 1 1
0 6 72 1 1
0 1 73 1 1
0 6 75 1 1
0 2 76 1 1
0 4 74 1 1
0 1 72 1 1
0 2 73 1 1
0 1 76 1 1
0 6 74 1 1
0 6 77 1 1
0 5 76 1 1
0 2 77 1 1
0 5 73 1 1
0 9 75 1 1
0 3 74 1 1
0 4 72 1 1
0 4 75 1 1
0 1 76 1 1
0 2 77 1 1
0 3 79 1 1
0 5 81 1 1
0 6 81 1 1
0 5 80 1 1
0 4 80 1 1
0 3 78 1 1
0 2 78 1 1
0 9 76 1 1
0 4 79 1 1
0 1 77 1 1
0 2 77 1 1
0 3 77 1 1
0 4 77 1 1
0 5 77 1 1
0 6 77 1 1
0 7 77 1 1
0 1 77 1 1
0 1 81 1 1
0 4 81 1 1
0 3 79 1 1
0 5 80 1 1
0 2 76 1 1
0 8 78 1 1
0 5 77 1 1
0 6 76 1 1
0 1 77 1 1
0 6 79 1 1
0 2 80 1 1
0 4 78 1 1
0 1 76 1 1
0 2 77 1 1
0 1 80 1 1
0 6 78 1 1
0 6 81 1 1
0 5 80 1 1
0 2 81 1 1
0 5 77 1 1
0 9 79 1 1
0 3 78 1 1
0 4 76 1 1
0 4 79 1 1
0 1 40 1 1
0 2 41 1 1
0 3 43 1 1
0 5 45 1 1
0 6 45 1 1
0 5 44 1 1
0 4 44 1 1
0 3 42 1 1
0 2 42 1 1
0 9 40 1 1
0 4 43 1 1
0 1 41 1 1
0 2 41 1 1
0 3 41 1 1
0 4 41 1 1
0 5 41 1 1
0 6 41 1 1
0 7 41 1 1
0 1 41 1 1
0 1 105 1 1
0 2 106 1 1
0 3 108 1 1
0 5 110 1 1
0 6 110 1 1
0 5 109 1 1
0 4 109 1 1
0 3 107 1 1
0 2 107 1 1
0 9 105 1 1
0 4 108 1 1
0 1 106 1 1
0 2 106 1 1
0 3 106 1 1
0 4 106 1 1
0 5 106 1 1
0 6 106 1 1
0 7 106 1 1
0 1 106 1 1
0 1 110 1 1
0 4 110 1 1
0 3 108 1 1
0 5 109 1 1
0 2 105 1 1
0 8 107 1 1
0 5 106 1 1
0 6 105 1 1
0 1 106 1 1
0 6 108 1 1
0 2 109 1 1
0 4 107 1 1
0 1 105 1 1
0 2 106 1 1
0 1 109 1 1
0 6 107 1 1
0 6 110 1 1
0 5 109 1 1
0 2 110 1 1
0 5 106 1 1
0 9 108 1 1
0 3 107 1 1
0 4 105 1 1
0 4 108 1 1
0 7 109 1 1
0 6 109 1 1
0 5 109 1 1
0 4 109 1 1
0 3 109 1 1
0 2 109 1 1
0 1 109 1 1
0 1 88 1 1
0 2 89 1 1
0 3 91 1 1
0 5 93 1 1
0 6 93 1 1
0 5 92 1 1
0 4 92 1 1
0 3 90 1 1
0 2 90 1 1
0 9 88 1 1
0 4 91 1 1
0 1 89 1 1
0 2 89 1 1
0 3 89 1 1
0 4 89 1 1
0 5 89 1 1
0 6 89 1 1
0 7 89 1 1
0 1 89 1 1
0 1 93 1 1
0 4 93 1 1
0 3 91 1 1
0 5 92 1 1
0 2 88 1 1
0 8 90 1 1
0 5 89 1 1
0 6 88 1 1
0 1 89 1 1
0 6 91 1 1
0 2 92 1 1
0 4 90 1 1
0 1 88 1 1
0 2 89 1 1
0 1 92 1 1
0 6 90 1 1
0 6 93 1 1
0 5 92 1 1
0 2 93 1 1
0 5 89 1 1
0 9 91 1 1
0 3 90 1 1
0 4 88 1 1
0 4 91 1 1
0 1 92 1 1
0 2 93 1 1
0 3 95 1 1
0 5 97 1 1
0 6 97 1 1
0 5 96 1 1
0 4 96 1 1
0 3 94 1 1
0 2 94 1 1
0 9 92 1 1
0 4 95 1 1
0 1 93 1 1
0 2 93 1 1
0 3 93 1 1
0 4 93 1 1
0 5 93 1 1
0 6 93 1 1
0 7 93 1 1
0 1 93 1 1
0 1 97 1 1
0 4 97 1 1
0 3 95 1 1
0 5 96 1 1
0 2 92 1 1
0 8 94 1 1
0 5 93 1 1
0 6 92 1 1
0 1 93 1 1
0 6 95 1 1
0 2 96 1 1
0 4 94 1 1
0 1 92 1 1
0 2 93 1 1
0 1 96 1 1
0 6 94 1 1
0 6 97 1 1
0 5 96 1 1
0 2 97 1 1
0 5 93 1 1
0 9 95 1 1
0 3 94 1 1
0 4 92 1 1
0 4 95 1 1
0 1 96 1 1
0 2 97 1 1
0 3 99 1 1
0 5 101 1 1
0 6 101 1 1
0 5 100 1 1
0 4 100 1 1
0 3 98 1 1
0 2 98 1 1
0 9 96 1 1
0 4 99 1 1
0 1 97 1 1
0 2 97 1 1
0 3 97 1 1
0 4 97 1 1
0 5 97 1 1
0 6 97 1 1
0 7 97 1 1
0 1 97 1 1
0 1 101 1 1
0 4 101 1 1
0 3 99 1 1
0 5 100 1 1
0 2 96 1 1
0 8 98 1 1
0 5 97 1 1
0 6 96 1 1
0 1 97 1 1
0 6 99 1 1
0 2 100 1 1
0 4 98 1 1
0 1 96 1 1
0 2 97 1 1
0 1 100 1 1
0 6 98 1 1
0 6 101 1 1
0 5 100 1 1
0 2 101 1 1
0 5 97 1 1
0 9 99 1 1
0 3 98 1 1
0 4 96 1 1
0 4 99 1 1
0 1 50 1 1
0 2 51 1 1
0 3 53 1 1
0 5 55 1 1
0 6 55 1 1
0 5 54 1 1
0 4 54 1 1
0 3 52 1 1
0 2 52 1 1
0 9 50 1 1
0 4 53 1 1
0 1 51 1 1
0 2 51 1 1
0 3 51 1 1
0 4 51 1 1
0 5 51 1 1
0 6 51 1 1
0 7 51 1 1
0 1 51 1 1
0 1 78 1 1
0 2 79 1 1
0 3 81 1 1
0 5 83 1 1
0 6 83 1 1
0 5 82 1 1
0 4 82 1 1
0 3 80 1 1
0 2 80 1 1
0 9 78 1 1
0 4 81 1 1
0 1 79 1 1
0 2 79 1 1
0 3 79 1 1
0 4 79 1 1
0 5 79 1 1
0 6 79 1 1
0 7 79 1 1
0 1 79 1 1
0 1 83 1 1
0 4 83 1 1
0 3 81 1 1
0 5 82 1 1
0 2 78 1 1
0 8 80 1 1
0 5 79 1 1
0 6 78 1 1
0 1 79 1 1
0 6 81 1 1
0 2 82 1 1
0 4 80 1 1
0 1 54 1 1
0 2 55 1 1
0 3 57 1 1
0 5 59 1 1
0 6 59 1 1
0 5 58 1 1
0 4 58 1 1
0 3 56 1 1
0 2 56 1 1
0 9 54 1 1
0 4 57 1 1
0 1 55 1 1
0 2 55 1 1
0 3 55 1 1
0 4 55 1 1
0 5 55 1 1
0 6 55 1 1
0 7 55 1 1
0 1 55 1 1
0 1 84 1 1
0 2 85 1 1
0 3 87 1 1
0 5 89 1 1
0 6 89 1 1
0 5 88 1 1
0 4 88 1 1
0 3 86 1 1
0 2 86 1 1
0 9 84 1 1
0 4 87 1 1
0 1 85 1 1
0 2 85 1 1
0 3 85 1 1
0 4 85 1 1
0 5 85 1 1
0 6 85 1 1
0 7 85 1 1
0 1 85 1 1
0 1 89 1 1
0 4 89 1 1
0 3 87 1 1
0 5 88 1 1
0 2 84 1 1
0 8 86 1 1
0 5 85 1 1
0 6 84 1 1
0 1 85 1 1
0 6 87 1 1
0 2 88 1 1
0 4 86 1 1
0 1 58 1 1
0 2 59 1 1
0 3 61 1 1
0 5 63 1 1
0 6 63 1 1
0 5 62 1 1
0 4 62 1 1
0 3 60 1 1
0 2 60 1 1
0 9 58 1 1
0 4 61 1 1
0 1 59 1 1
0 2 59 1 1
0 3 59 1 1
0 4 59 1 1
0 5 59 1 1
0 6 59 1 1
0 7 59 1 1
0 1 59 1 1
0 1 30 1 1
0 2 31 1 1
0 3 33 1 1
0 5 35 1 1
0 6 35 1 1
0 5 34 1 1
0 4 34 1 1
0 3 32 1 1
0 2 32 1 1
0 9 30 1 1
0 4 33 1 1
0 1 31 1 1
0 1 155 1 1
0 2 156 1 1
0 3 158 1 1
0 5 160 1 1
0 6 160 1 1
0 5 159 1 1
0 4 159 1 1
0 3 157 1 1
0 2 157 1 1
0 9 155 1 1
0 4 158 1 1
0 1 156 1 1
0 2 156 1 1
0 3 156 1 1
0 4 156 1 1
0 5 156 1 1
0 6 156 1 1
0 7 156 1 1
0 1 156 1 1
0 1 160 1 1
0 4 160 1 1
0 3 158 1 1
0 5 159 1 1
0 2 155 1 1
0 8 157 1 1
0 5 156 1 1
0 6 155 1 1
0 1 156 1 1
0 6 158 1 1
0 2 159 1 1
0 4 157 1 1
0 1 155 1 1
0 2 156 1 1
0 1 159 1 1
0 6 157 1 1
0 6 160 1 1
0 5 159 1 1
0 2 160 1 1
0 5 156 1 1
0 9 158 1 1
0 3 157 1 1
0 4 155 1 1
0 4 158 1 1
0 7 159 1 1
0 6 159 1 1
0 5 159 1 1
0 4 159 1 1
0 3 159 1 1
0 2 159 1 1
0 1 159 1 1
0 1 160 1 1
0 2 161 1 1
0 3 163 1 1
0 5 165 1 1
0 6 165 1 1
0 5 164 1 1
0 4 164 1 1
0 3 162 1 1
0 2 162 1 1
0 9 160 1 1
0 4 163 1 1
0 1 161 1 1
0 2 161 1 1
0 3 161 1 1
0 4 161 1 1
0 5 161 1 1
0 6 161 1 1
0 7 161 1 1
0 1 161 1 1
0 1 165 1 1
0 4 165 1 1
0 3 163 1 1
0 5 164 1 1
0 2 160 1 1
0 8 162 1 1
0 5 161 1 1
0 6 160 1 1
0 1 161 1 1
0 6 163 1 1
0 2 164 1 1
0 4 162 1 1
0 1 160 1 1
0 2 161 1 1
0 1 164 1 1
0 6 162 1 1
0 6 165 1 1
0 5 164 1 1
0 2 165 1 1
0 5 161 1 1
0 9 163 1 1
0 3 162 1 1
0 4 160 1 1
0 4 163 1 1
0 7 164 1 1
0 6 164 1 1
0 5 164 1 1
0 4 164 1 1
0 3 164 1 1
0 2 164 1 1
0 1 164 1 1
0 1 99 1 1
0 2 100 1 1
0 3 102 1 1
0 5 104 1 1
0 6 104 1 1
0 5 103 1 1
0 4 103 1 1
0 3 101 1 1
0 2 101 1 1
0 9 99 1 1
0 4 102 1 1
0 1 100 1 1
0 2 100 1 1
0 3 100 1 1
0 4 100 1 1
0 5 100 1 1
0 6 100 1 1
0 7 100 1 1
0 1 100 1 1
0 1 104 1 1
0 4 104 1 1
0 3 102 1 1
0 5 103 1 1
0 2 99 1 1
0 8 101 1 1
0 5 100 1 1
0 6 99 1 1
0 1 100 1 1
0 6 102 1 1
0 2 103 1 1
0 4 101 1 1
0 1 170 1 1
0 2 171 1 1
0 3 173 1 1
0 5 175 1 1
0 6 175 1 1
0 5 174 1 1
0 4 174 1 1
0 3 172 1 1
0 2 172 1 1
0 9 170 1 1
0 4 173 1 1
0 1 171 1 1
0 2 171 1 1
0 3 171 1 1
0 4 171 1 1
0 5 171 1 1
0 6 171 1 1
0 7 171 1 1
0 1 171 1 1
0 1 175 1 1
0 4 175 1 1
0 3 173 1 1
0 5 174 1 1
0 2 170 1 1
0 8 172 1 1
0 5 171 1 1
0 6 170 1 1
0 1 171 1 1
0 6 173 1 1
0 2 174 1 1
0 4 172 1 1
0 1 170 1 1
0 2 171 1 1
0 1 174 1 1
0 6 172 1 1
0 6 175 1 1
0 5 174 1 1
0 2 175 1 1
0 5 171 1 1
0 9 173 1 1
0 3 172 1 1
0 4 170 1 1
0 4 173 1 1
0 7 174 1 1
0 6 174 1 1
0 5 174 1 1
0 4 174 1 1
0 3 174 1 1
0 2 174 1 1
0 1 174 1 1
0 1 35 1 1
0 2 36 1 1
0 3 38 1 1
0 5 40 1 1
0 6 40 1 1
0 5 39 1 1
0 4 39 1 1
0 3 37 1 1
0 2 37 1 1
0 9 35 1 1
0 4 38 1 1
0 1 36 1 1
0 1 108 1 1
0 2 109 1 1
0 3 111 1 1
0 5 113 1 1
0 6 113 1 1
0 5 112 1 1
0 4 112 1 1
0 3 110 1 1
0 2 110 1 1
0 9 108 1 1
0 4 111 1 1
0 1 109 1 1
0 2 109 1 1
0 3 109 1 1
0 4 109 1 1
0 5 109 1 1
0 6 109 1 1
0 7 109 1 1
0 1 109 1 1
0 1 113 1 1
0 4 113 1 1
0 3 111 1 1
0 5 112 1 1
0 2 108 1 1
0 8 110 1 1
0 5 109 1 1
0 6 108 1 1
0 1 109 1 1
0 6 111 1 1
0 2 112 1 1
0 4 110 1 1
0 1 37 1 1
0 2 38 1 1
0 3 40 1 1
0 5 42 1 1
0 6 42 1 1
0 5 41 1 1
0 4 41 1 1
0 3 39 1 1
0 2 39 1 1
0 9 37 1 1
0 4 40 1 1
0 1 38 1 1
0 1 114 1 1
0 2 115 1 1
0 3 117 1 1
0 5 119 1 1
0 6 119 1 1
0 5 118 1 1
0 4 118 1 1
0 3 116 1 1
0 2 116 1 1
0 9 114 1 1
0 4 117 1 1
0 1 115 1 1
0 2 115 1 1
0 3 115 1 1
0 4 115 1 1
0 5 115 1 1
0 6 115 1 1
0 7 115 1 1
0 1 115 1 1
0 1 119 1 1
0 4 119 1 1
0 3 117 1 1
0 5 118 1 1
0 2 114 1 1
0 8 116 1 1
0 5 115 1 1
0 6 114 1 1
0 1 115 1 1
0 6 117 1 1
0 2 118 1 1
0 4 116 1 1
0 1 78 1 1
0 2 79 1 1
0 3 81 1 1
0 5 83 1 1
0 6 83 1 1
0 5 82 1 1
0 4 82 1 1
0 3 80 1 1
0 2 80 1 1
0 9 78 1 1
0 4 81 1 1
0 1 79 1 1
0 2 79 1 1
0 3 79 1 1
0 4 79 1 1
0 5 79 1 1
0 6 79 1 1
0 7 79 1 1
0 1 79 1 1
0 1 120 1 1
0 2 121 1 1
0 3 123 1 1
0 5 125 1 1
0 6 125 1 1
0 5 124 1 1
0 4 124 1 1
0 3 122 1 1
0 2 122 1 1
0 9 120 1 1
0 4 123 1 1
0 1 121 1 1
0 2 121 1 1
0 3 121 1 1
0 4 121 1 1
0 5 121 1 1
0 6 121 1 1
0 7 121 1 1
0 1 121 1 1
0 1 125 1 1
0 4 125 1 1
0 3 123 1 1
0 5 124 1 1
0 2 120 1 1
0 8 122 1 1
0 5 121 1 1
0 6 120 1 1
0 1 121 1 1
0 6 123 1 1
0 2 124 1 1
0 4 122 1 1
0 1 164 1 1
0 2 165 1 1
0 3 167 1 1
0 5 169 1 1
0 6 169 1 1
0 5 168 1 1
0 4 168 1 1
0 3 166 1 1
0 2 166 1 1
0 9 164 1 1
0 4 167 1 1
0 1 165 1 1
0 2 165 1 1
0 3 165 1 1
0 4 165 1 1
0 5 165 1 1
0 6 165 1 1
0 7 165 1 1
0 1 165 1 1
0 1 169 1 1
0 4 169 1 1
0 3 167 1 1
0 5 168 1 1
0 2 164 1 1
0 8 166 1 1
0 5 165 1 1
0 6 164 1 1
0 1 165 1 1
0 6 167 1 1
0 2 168 1 1
0 4 166 1 1
0 1 164 1 1
0 2 165 1 1
0 1 168 1 1
0 6 166 1 1
0 6 169 1 1
0 5 168 1 1
0 2 169 1 1
0 5 165 1 1
0 9 167 1 1
0 3 166 1 1
0 4 164 1 1
0 4 167 1 1
0 1 168 1 1
0 2 169 1 1
0 3 171 1 1
0 5 173 1 1
0 6 173 1 1
0 5 172 1 1
0 4 172 1 1
0 3 170 1 1
0 2 170 1 1
0 9 168 1 1
0 4 171 1 1
0 1 169 1 1
0 2 169 1 1
0 3 169 1 1
0 4 169 1 1
0 5 169 1 1
0 6 169 1 1
0 7 169 1 1
0 1 169 1 1
0 1 173 1 1
0 4 173 1 1
0 3 171 1 1
0 5 172 1 1
0 2 168 1 1
0 8 170 1 1
0 5 169 1 1
0 6 168 1 1
0 1 169 1 1
0 6 171 1 1
0 2 172 1 1
0 4 170 1 1
0 1 168 1 1
0 2 169 1 1
0 1 172 1 1
0 6 170 1 1
0 6 173 1 1
0 5 172 1 1
0 2 173 1 1
0 5 169 1 1
0 9 171 1 1
0 3 170 1 1
0 4 168 1 1
0 4 171 1 1
0 1 86 1 1
0 2 87 1 1
0 3 89 1 1
0 5 91 1 1
0 6 91 1 1
0 5 90 1 1
0 4 90 1 1
0 3 88 1 1
0 2 88 1 1
0 9 86 1 1
0 4 89 1 1
0 1 87 1 1
0 2 87 1 1
0 3 87 1 1
0 4 87 1 1
0 5 87 1 1
0 6 87 1 1
0 7 87 1 1
0 1 87 1 1
0 1 132 1 1
0 2 133 1 1
0 3 135 1 1
0 5 137 1 1
0 6 137 1 1
0 5 136 1 1
0 4 136 1 1
0 3 134 1 1
0 2 134 1 1
0 9 132 1 1
0 4 135 1 1
0 1 133 1 1
0 2 133 1 1
0 3 133 1 1
0 4 133 1 1
0 5 133 1 1
0 6 133 1 1
0 7 133 1 1
0 1 133 1 1
0 1 137 1 1
0 4 137 1 1
0 3 135 1 1
0 5 136 1 1
0 2 132 1 1
0 8 134 1 1
0 5 133 1 1
0 6 132 1 1
0 1 133 1 1
0 6 135 1 1
0 2 136 1 1
0 4 134 1 1
0 1 135 1 1
0 2 136 1 1
0 3 138 1 1
0 5 140 1 1
0 6 140 1 1
0 5 139 1 1
0 4 139 1 1
0 3 137 1 1
0 2 137 1 1
0 9 135 1 1
0 4 138 1 1
0 1 136 1 1
0 2 136 1 1
0 3 136 1 1
0 4 136 1 1
0 5 136 1 1
0 6 136 1 1
0 7 136 1 1
0 1 136 1 1
0 1 140 1 1
0 4 140 1 1
0 3 138 1 1
0 5 139 1 1
0 2 135 1 1
0 8 137 1 1
0 5 136 1 1
0 6 135 1 1
0 1 136 1 1
0 6 138 1 1
0 2 139 1 1
0 4 137 1 1
0 1 46 1 1
0 2 47 1 1
0 3 49 1 1
0 5 51 1 1
0 6 51 1 1
0 5 50 1 1
0 4 50 1 1
0 3 48 1 1
0 2 48 1 1
0 9 46 1 1
0 4 49 1 1
0 1 47 1 1
0 1 47 1 1
0 2 48 1 1
0 3 50 1 1
0 5 52 1 1
0 6 52 1 1
0 5 51 1 1
0 4 51 1 1
0 3 49 1 1
0 2 49 1 1
0 9 47 1 1
0 4 50 1 1
0 1 48 1 1
0 1 144 1 1
0 2 145 1 1
0 3 147 1 1
0 5 149 1 1
0 6 149 1 1
0 5 148 1 1
0 4 148 1 1
0 3 146 1 1
0 2 146 1 1
0 9 144 1 1
0 4 147 1 1
0 1 145 1 1
0 2 145 1 1
0 3 145 1 1
0 4 145 1 1
0 5 145 1 1
0 6 145 1 1
0 7 145 1 1
0 1 145 1 1
0 1 149 1 1
0 4 149 1 1
0 3 147 1 1
0 5 148 1 1
0 2 144 1 1
0 8 146 1 1
0 5 145 1 1
0 6 144 1 1
0 1 145 1 1
0 6 147 1 1
0 2 148 1 1
0 4 146 1 1
0 1 98 1 1
0 2 99 1 1
0 3 101 1 1
0 5 103 1 1
0 6 103 1 1
0 5 102 1 1
0 4 102 1 1
0 3 100 1 1
0 2 100 1 1
0 9 98 1 1
0 4 101 1 1
0 1 99 1 1
0 2 99 1 1
0 3 99 1 1
0 4 99 1 1
0 5 99 1 1
0 6 99 1 1
0 7 99 1 1
0 1 99 1 1
0 1 50 1 1
0 2 51 1 1
0 3 53 1 1
0 5 55 1 1
0 6 55 1 1
0 5 54 1 1
0 4 54 1 1
0 3 52 1 1
0 2 52 1 1
0 9 50 1 1
0 4 53 1 1
0 1 51 1 1
0 1 102 1 1
0 2 103 1 1
0 3 105 1 1
0 5 107 1 1
0 6 107 1 1
0 5 106 1 1
0 4 106 1 1
0 3 104 1 1
0 2 104 1 1
0 9 102 1 1
0 4 105 1 1
0 1 103 1 1
0 2 103 1 1
0 3 103 1 1
0 4 103 1 1
0 5 103 1 1
0 6 103 1 1
0 7 103 1 1
0 1 103 1 1
0 1 156 1 1
0 2 157 1 1
0 3 159 1 1
0 5 161 1 1
0 6 161 1 1
0 5 160 1 1
0 4 160 1 1
0 3 158 1 1
0 2 158 1 1
0 9 156 1 1
0 4 159 1 1
0 1 157 1 1
0 2 157 1 1
0 3 157 1 1
0 4 157 1 1
0 5 157 1 1
0 6 157 1 1
0 7 157 1 1
0 1 157 1 1
0 1 161 1 1
0 4 161 1 1
0 3 159 1 1
0 5 160 1 1
0 2 156 1 1
0 8 158 1 1
0 5 157 1 1
0 6 156 1 1
0 1 157 1 1
0 6 159 1 1
0 2 160 1 1
0 4 158 1 1
0 1 265 1 1
0 2 266 1 1
0 3 268 1 1
0 5 270 1 1
0 6 270 1 1
0 5 269 1 1
0 4 269 1 1
0 3 267 1 1
0 2 267 1 1
0 9 265 1 1
0 4 268 1 1
0 1 266 1 1
0 2 266 1 1
0 3 266 1 1
0 4 266 1 1
0 5 266 1 1
0 6 266 1 1
0 7 266 1 1
0 1 266 1 1
0 1 270 1 1
0 4 270 1 1
0 3 268 1 1
0 5 269 1 1
0 2 265 1 1
0 8 267 1 1
0 5 266 1 1
0 6 265 1 1
0 1 266 1 1
0 6 268 1 1
0 2 269 1 1
0 4 267 1 1
0 1 265 1 1
0 2 266 1 1
0 1 269 1 1
0 6 267 1 1
0 6 270 1 1
0 5 269 1 1
0 2 270 1 1
0 5 266 1 1
0 9 268 1 1
0 3 267 1 1
0 4 265 1 1
0 4 268 1 1
0 7 269 1 1
0 6 269 1 1
0 5 269 1 1
0 4 269 1 1
0 3 269 1 1
0 2 269 1 1
0 1 269 1 1
0 1 270 1 1
0 2 271 1 1
0 3 273 1 1
0 5 275 1 1
0 6 275 1 1
0 5 274 1 1
0 4 274 1 1
0 3 272 1 1
0 2 272 1 1
0 9 270 1 1
0 4 273 1 1
0 1 271 1 1
0 2 271 1 1
0 3 271 1 1
0 4 271 1 1
0 5 271 1 1
0 6 271 1 1
0 7 271 1 1
0 1 271 1 1
0 1 275 1 1
0 4 275 1 1
0 3 273 1 1
0 5 274 1 1
0 2 270 1 1
0 8 272 1 1
0 5 271 1 1
0 6 270 1 1
0 1 271 1 1
0 6 273 1 1
0 2 274 1 1
0 4 272 1 1
0 1 270 1 1
0 2 271 1 1
0 1 274 1 1
0 6 272 1 1
0 6 275 1 1
0 5 274 1 1
0 2 275 1 1
0 5 271 1 1
0 9 273 1 1
0 3 272 1 1
0 4 270 1 1
0 4 273 1 1
0 7 274 1 1
0 6 274 1 1
0 5 274 1 1
0 4 274 1 1
0 3 274 1 1
0 2 274 1 1
0 1 274 1 1
0 1 55 1 1
0 2 56 1 1
0 3 58 1 1
0 5 60 1 1
0 6 60 1 1
0 5 59 1 1
0 4 59 1 1
0 3 57 1 1
0 2 57 1 1
0 9 55 1 1
0 4 58 1 1
0 1 56 1 1
0 1 224 1 1
0 2 225 1 1
0 3 227 1 1
0 5 229 1 1
0 6 229 1 1
0 5 228 1 1
0 4 228 1 1
0 3 226 1 1
0 2 226 1 1
0 9 224 1 1
0 4 227 1 1
0 1 225 1 1
0 2 225 1 1
0 3 225 1 1
0 4 225 1 1
0 5 225 1 1
0 6 225 1 1
0 7 225 1 1
0 1 225 1 1
0 1 229 1 1
0 4 229 1 1
0 3 227 1 1
0 5 228 1 1
0 2 224 1 1
0 8 226 1 1
0 5 225 1 1
0 6 224 1 1
0 1 225 1 1
0 6 227 1 1
0 2 228 1 1
0 4 226 1 1
0 1 224 1 1
0 2 225 1 1
0 1 228 1 1
0 6 226 1 1
0 6 229 1 1
0 5 228 1 1
0 2 229 1 1
0 5 225 1 1
0 9 227 1 1
0 3 226 1 1
0 4 224 1 1
0 4 227 1 1
0 1 228 1 1
0 2 229 1 1
0 3 231 1 1
0 5 233 1 1
0 6 233 1 1
0 5 232 1 1
0 4 232 1 1
0 3 230 1 1
0 2 230 1 1
0 9 228 1 1
0 4 231 1 1
0 1 229 1 1
0 2 229 1 1
0 3 229 1 1
0 4 229 1 1
0 5 229 1 1
0 6 229 1 1
0 7 229 1 1
0 1 229 1 1
0 1 233 1 1
0 4 233 1 1
0 3 231 1 1
0 5 232 1 1
0 2 228 1 1
0 8 230 1 1
0 5 229 1 1
0 6 228 1 1
0 1 229 1 1
0 6 231 1 1
0 2 232 1 1
0 4 230 1 1
0 1 228 1 1
0 2 229 1 1
0 1 232 1 1
0 6 230 1 1
0 6 233 1 1
0 5 232 1 1
0 2 233 1 1
0 5 229 1 1
0 9 231 1 1
0 3 230 1 1
0 4 228 1 1
0 4 231 1 1
0 1 116 1 1
0 2 117 1 1
0 3 119 1 1
0 5 121 1 1
0 6 121 1 1
0 5 120 1 1
0 4 120 1 1
0 3 118 1 1
0 2 118 1 1
0 9 116 1 1
0 4 119 1 1
0 1 117 1 1
0 2 117 1 1
0 3 117 1 1
0 4 117 1 1
0 5 117 1 1
0 6 117 1 1
0 7 117 1 1
0 1 117 1 1
0 1 295 1 1
0 2 296 1 1
0 3 298 1 1
0 5 300 1 1
0 6 300 1 1
0 5 299 1 1
0 4 299 1 1
0 3 297 1 1
0 2 297 1 1
0 9 295 1 1
0 4 298 1 1
0 1 296 1 1
0 2 296 1 1
0 3 296 1 1
0 4 296 1 1
0 5 296 1 1
0 6 296 1 1
0 7 296 1 1
0 1 296 1 1
0 1 300 1 1
0 4 300 1 1
0 3 298 1 1
0 5 299 1 1
0 2 295 1 1
0 8 297 1 1
0 5 296 1 1
0 6 295 1 1
0 1 296 1 1
0 6 298 1 1
0 2 299 1 1
0 4 297 1 1
0 1 295 1 1
0 2 296 1 1
0 1 299 1 1
0 6 297 1 1
0 6 300 1 1
0 5 299 1 1
0 2 300 1 1
0 5 296 1 1
0 9 298 1 1
0 3 297 1 1
0 4 295 1 1
0 4 298 1 1
0 7 299 1 1
0 6 299 1 1
0 5 299 1 1
0 4 299 1 1
0 3 299 1 1
0 2 299 1 1
0 1 299 1 1
0 1 180 1 1
0 2 181 1 1
0 3 183 1 1
0 5 185 1 1
0 6 185 1 1
0 5 184 1 1
0 4 184 1 1
0 3 182 1 1
0 2 182 1 1
0 9 180 1 1
0 4 183 1 1
0 1 181 1 1
0 2 181 1 1
0 3 181 1 1
0 4 181 1 1
0 5 181 1 1
0 6 181 1 1
0 7 181 1 1
0 1 181 1 1
0 1 185 1 1
0 4 185 1 1
0 3 183 1 1
0 5 184 1 1
0 2 180 1 1
0 8 182 1 1
0 5 181 1 1
0 6 180 1 1
0 1 181 1 1
0 6 183 1 1
0 2 184 1 1
0 4 182 1 1
0 1 244 1 1
0 2 245 1 1
0 3 247 1 1
0 5 249 1 1
0 6 249 1 1
0 5 248 1 1
0 4 248 1 1
0 3 246 1 1
0 2 246 1 1
0 9 244 1 1
0 4 247 1 1
0 1 245 1 1
0 2 245 1 1
0 3 245 1 1
0 4 245 1 1
0 5 245 1 1
0 6 245 1 1
0 7 245 1 1
0 1 245 1 1
0 1 249 1 1
0 4 249 1 1
0 3 247 1 1
0 5 248 1 1
0 2 244 1 1
0 8 246 1 1
0 5 245 1 1
0 6 244 1 1
0 1 245 1 1
0 6 247 1 1
0 2 248 1 1
0 4 246 1 1
0 1 244 1 1
0 2 245 1 1
0 1 248 1 1
0 6 246 1 1
0 6 249 1 1
0 5 248 1 1
0 2 249 1 1
0 5 245 1 1
0 9 247 1 1
0 3 246 1 1
0 4 244 1 1
0 4 247 1 1
0 1 186 1 1
0 2 187 1 1
0 3 189 1 1
0 5 191 1 1
0 6 191 1 1
0 5 190 1 1
0 4 190 1 1
0 3 188 1 1
0 2 188 1 1
0 9 186 1 1
0 4 189 1 1
0 1 187 1 1
0 2 187 1 1
0 3 187 1 1
0 4 187 1 1
0 5 187 1 1
0 6 187 1 1
0 7 187 1 1
0 1 187 1 1
0 1 191 1 1
0 4 191 1 1
0 3 189 1 1
0 5 190 1 1
0 2 186 1 1
0 8 188 1 1
0 5 187 1 1
0 6 186 1 1
0 1 187 1 1
0 6 189 1 1
0 2 190 1 1
0 4 188 1 1
0 1 189 1 1
0 2 190 1 1
0 3 192 1 1
0 5 194 1 1
0 6 194 1 1
0 5 193 1 1
0 4 193 1 1
0 3 191 1 1
0 2 191 1 1
0 9 189 1 1
0 4 192 1 1
0 1 190 1 1
0 2 190 1 1
0 3 190 1 1
0 4 190 1 1
0 5 190 1 1
0 6 190 1 1
0 7 190 1 1
0 1 190 1 1
0 1 194 1 1
0 4 194 1 1
0 3 192 1 1
0 5 193 1 1
0 2 189 1 1
0 8 191 1 1
0 5 190 1 1
0 6 189 1 1
0 1 190 1 1
0 6 192 1 1
0 2 193 1 1
0 4 191 1 1
0 1 128 1 1
0 2 129 1 1
0 3 131 1 1
0 5 133 1 1
0 6 133 1 1
0 5 132 1 1
0 4 132 1 1
0 3 130 1 1
0 2 130 1 1
0 9 128 1 1
0 4 131 1 1
0 1 129 1 1
0 2 129 1 1
0 3 129 1 1
0 4 129 1 1
0 5 129 1 1
0 6 129 1 1
0 7 129 1 1
0 1 129 1 1
0 1 65 1 1
0 2 66 1 1
0 3 68 1 1
0 5 70 1 1
0 6 70 1 1
0 5 69 1 1
0 4 69 1 1
0 3 67 1 1
0 2 67 1 1
0 9 65 1 1
0 4 68 1 1
0 1 66 1 1
0 1 66 1 1
0 2 67 1 1
0 3 69 1 1
0 5 71 1 1
0 6 71 1 1
0 5 70 1 1
0 4 70 1 1
0 3 68 1 1
0 2 68 1 1
0 9 66 1 1
0 4 69 1 1
0 1 67 1 1
0 1 268 1 1
0 2 269 1 1
0 3 271 1 1
0 5 273 1 1
0 6 273 1 1
0 5 272 1 1
0 4 272 1 1
0 3 270 1 1
0 2 270 1 1
0 9 268 1 1
0 4 271 1 1
0 1 269 1 1
0 2 269 1 1
0 3 269 1 1
0 4 269 1 1
0 5 269 1 1
0 6 269 1 1
0 7 269 1 1
0 1 269 1 1
0 1 273 1 1
0 4 273 1 1
0 3 271 1 1
0 5 272 1 1
0 2 268 1 1
0 8 270 1 1
0 5 269 1 1
0 6 268 1 1
0 1 269 1 1
0 6 271 1 1
0 2 272 1 1
0 4 270 1 1
0 1 268 1 1
0 2 269 1 1
0 1 272 1 1
0 6 270 1 1
0 6 273 1 1
0 5 272 1 1
0 2 273 1 1
0 5 269 1 1
0 9 271 1 1
0 3 270 1 1
0 4 268 1 1
0 4 271 1 1
0 1 340 1 1
0 2 341 1 1
0 3 343 1 1
0 5 345 1 1
0 6 345 1 1
0 5 344 1 1
0 4 344 1 1
0 3 342 1 1
0 2 342 1 1
0 9 340 1 1
0 4 343 1 1
0 1 341 1 1
0 2 341 1 1
0 3 341 1 1
0 4 341 1 1
0 5 341 1 1
0 6 341 1 1
0 7 341 1 1
0 1 341 1 1
0 1 345 1 1
0 4 345 1 1
0 3 343 1 1
0 5 344 1 1
0 2 340 1 1
0 8 342 1 1
0 5 341 1 1
0 6 340 1 1
0 1 341 1 1
0 6 343 1 1
0 2 344 1 1
0 4 342 1 1
0 1 340 1 1
0 2 341 1 1
0 1 344 1 1
0 6 342 1 1
0 6 345 1 1
0 5 344 1 1
0 2 345 1 1
0 5 341 1 1
0 9 343 1 1
0 3 342 1 1
0 4 340 1 1
0 4 343 1 1
0 7 344 1 1
0 6 344 1 1
0 5 344 1 1
0 4 344 1 1
0 3 344 1 1
0 2 344 1 1
0 1 344 1 1
0 1 138 1 1
0 2 139 1 1
0 3 141 1 1
0 5 143 1 1
0 6 143 1 1
0 5 142 1 1
0 4 142 1 1
0 3 140 1 1
0 2 140 1 1
0 9 138 1 1
0 4 141 1 1
0 1 139 1 1
0 2 139 1 1
0 3 139 1 1
0 4 139 1 1
0 5 139 1 1
0 6 139 1 1
0 7 139 1 1
0 1 139 1 1
0 1 210 1 1
0 2 211 1 1
0 3 213 1 1
0 5 215 1 1
0 6 215 1 1
0 5 214 1 1
0 4 214 1 1
0 3 212 1 1
0 2 212 1 1
0 9 210 1 1
0 4 213 1 1
0 1 211 1 1
0 2 211 1 1
0 3 211 1 1
0 4 211 1 1
0 5 211 1 1
0 6 211 1 1
0 7 211 1 1
0 1 211 1 1
0 1 215 1 1
0 4 215 1 1
0 3 213 1 1
0 5 214 1 1
0 2 210 1 1
0 8 212 1 1
0 5 211 1 1
0 6 210 1 1
0 1 211 1 1
0 6 213 1 1
0 2 214 1 1
0 4 212 1 1
0 1 355 1 1
0 2 356 1 1
0 3 358 1 1
0 5 360 1 1
0 6 360 1 1
0 5 359 1 1
0 4 359 1 1
0 3 357 1 1
0 2 357 1 1
0 9 355 1 1
0 4 358 1 1
0 1 356 1 1
0 2 356 1 1
0 3 356 1 1
0 4 356 1 1
0 5 356 1 1
0 6 356 1 1
0 7 356 1 1
0 1 356 1 1
0 1 360 1 1
0 4 360 1 1
0 3 358 1 1
0 5 359 1 1
0 2 355 1 1
0 8 357 1 1
0 5 356 1 1
0 6 355 1 1
0 1 356 1 1
0 6 358 1 1
0 2 359 1 1
0 4 357 1 1
0 1 355 1 1
0 2 356 1 1
0 1 359 1 1
0 6 357 1 1
0 6 360 1 1
0 5 359 1 1
0 2 360 1 1
0 5 356 1 1
0 9 358 1 1
0 3 357 1 1
0 4 355 1 1
0 4 358 1 1
0 7 359 1 1
0 6 359 1 1
0 5 359 1 1
0 4 359 1 1
0 3 359 1 1
0 2 359 1 1
0 1 359 1 1
0 1 72 1 1
0 2 73 1 1
0 3 75 1 1
0 5 77 1 1
0 6 77 1 1
0 5 76 1 1
0 4 76 1 1
0 3 74 1 1
0 2 74 1 1
0 9 72 1 1
0 4 75 1 1
0 1 73 1 1
0 1 365 1 1
0 2 366 1 1
0 3 368 1 1
0 5 370 1 1
0 6 370 1 1
0 5 369 1 1
0 4 369 1 1
0 3 367 1 1
0 2 367 1 1
0 9 365 1 1
0 4 368 1 1
0 1 366 1 1
0 2 366 1 1
0 3 366 1 1
0 4 366 1 1
0 5 366 1 1
0 6 366 1 1
0 7 366 1 1
0 1 366 1 1
0 1 370 1 1
0 4 370 1 1
0 3 368 1 1
0 5 369 1 1
0 2 365 1 1
0 8 367 1 1
0 5 366 1 1
0 6 365 1 1
0 1 366 1 1
0 6 368 1 1
0 2 369 1 1
0 4 367 1 1
0 1 365 1 1
0 2 366 1 1
0 1 369 1 1
0 6 367 1 1
0 6 370 1 1
0 5 369 1 1
0 2 370 1 1
0 5 366 1 1
0 9 368 1 1
0 3 367 1 1
0 4 365 1 1
0 4 368 1 1
0 7 369 1 1
0 6 369 1 1
0 5 369 1 1
0 4 369 1 1
0 3 369 1 1
0 2 369 1 1
0 1 369 1 1
0 1 74 1 1
0 2 75 1 1
0 3 77 1 1
0 5 79 1 1
0 6 79 1 1
0 5 78 1 1
0 4 78 1 1
0 3 76 1 1
0 2 76 1 1
0 9 74 1 1
0 4 77 1 1
0 1 75 1 1
0 1 300 1 1
0 2 301 1 1
0 3 303 1 1
0 5 305 1 1
0 6 305 1 1
0 5 304 1 1
0 4 304 1 1
0 3 302 1 1
0 2 302 1 1
0 9 300 1 1
0 4 303 1 1
0 1 301 1 1
0 2 301 1 1
0 3 301 1 1
0 4 301 1 1
0 5 301 1 1
0 6 301 1 1
0 7 301 1 1
0 1 301 1 1
0 1 305 1 1
0 4 305 1 1
0 3 303 1 1
0 5 304 1 1
0 2 300 1 1
0 8 302 1 1
0 5 301 1 1
0 6 300 1 1
0 1 301 1 1
0 6 303 1 1
0 2 304 1 1
0 4 302 1 1
0 1 300 1 1
0 2 301 1 1
0 1 304 1 1
0 6 302 1 1
0 6 305 1 1
0 5 304 1 1
0 2 305 1 1
0 5 301 1 1
0 9 303 1 1
0 3 302 1 1
0 4 300 1 1
0 4 303 1 1
0 1 380 1 1
0 2 381 1 1
0 3 383 1 1
0 5 385 1 1
0 6 385 1 1
0 5 384 1 1
0 4 384 1 1
0 3 382 1 1
0 2 382 1 1
0 9 380 1 1
0 4 383 1 1
0 1 381 1 1
0 2 381 1 1
0 3 381 1 1
0 4 381 1 1
0 5 381 1 1
0 6 381 1 1
0 7 381 1 1
0 1 381 1 1
0 1 385 1 1
0 4 385 1 1
0 3 383 1 1
0 5 384 1 1
0 2 380 1 1
0 8 382 1 1
0 5 381 1 1
0 6 380 1 1
0 1 381 1 1
0 6 383 1 1
0 2 384 1 1
0 4 382 1 1
0 1 380 1 1
0 2 381 1 1
0 1 384 1 1
0 6 382 1 1
0 6 385 1 1
0 5 384 1 1
0 2 385 1 1
0 5 381 1 1
0 9 383 1 1
0 3 382 1 1
0 4 380 1 1
0 4 383 1 1
0 7 384 1 1
0 6 384 1 1
0 5 384 1 1
0 4 384 1 1
0 3 384 1 1
0 2 384 1 1
0 1 384 1 1
0 1 154 1 1
0 2 155 1 1
0 3 157 1 1
0 5 159 1 1
0 6 159 1 1
0 5 158 1 1
0 4 158 1 1
0 3 156 1 1
0 2 156 1 1
0 9 154 1 1
0 4 157 1 1
0 1 155 1 1
0 2 155 1 1
0 3 155 1 1
0 4 155 1 1
0 5 155 1 1
0 6 155 1 1
0 7 155 1 1
0 1 155 1 1
0 1 234 1 1
0 2 235 1 1
0 3 237 1 1
0 5 239 1 1
0 6 239 1 1
0 5 238 1 1
0 4 238 1 1
0 3 236 1 1
0 2 236 1 1
0 9 234 1 1
0 4 237 1 1
0 1 235 1 1
0 2 235 1 1
0 3 235 1 1
0 4 235 1 1
0 5 235 1 1
0 6 235 1 1
0 7 235 1 1
0 1 235 1 1
0 1 239 1 1
0 4 239 1 1
0 3 237 1 1
0 5 238 1 1
0 2 234 1 1
0 8 236 1 1
0 5 235 1 1
0 6 234 1 1
0 1 235 1 1
0 6 237 1 1
0 2 238 1 1
0 4 236 1 1
0 1 395 1 1
0 2 396 1 1
0 3 398 1 1
0 5 400 1 1
0 6 400 1 1
0 5 399 1 1
0 4 399 1 1
0 3 397 1 1
0 2 397 1 1
0 9 395 1 1
0 4 398 1 1
0 1 396 1 1
0 2 396 1 1
0 3 396 1 1
0 4 396 1 1
0 5 396 1 1
0 6 396 1 1
0 7 396 1 1
0 1 396 1 1
0 1 400 1 1
0 4 400 1 1
0 3 398 1 1
0 5 399 1 1
0 2 395 1 1
0 8 397 1 1
0 5 396 1 1
0 6 395 1 1
0 1 396 1 1
0 6 398 1 1
0 2 399 1 1
0 4 397 1 1
0 1 395 1 1
0 2 396 1 1
0 1 399 1 1
0 6 397 1 1
0 6 400 1 1
0 5 399 1 1
0 2 400 1 1
0 5 396 1 1
0 9 398 1 1
0 3 397 1 1
0 4 395 1 1
0 4 398 1 1
0 7 399 1 1
0 6 399 1 1
0 5 399 1 1
0 4 399 1 1
0 3 399 1 1
0 2 399 1 1
0 1 399 1 1
0 1 160 1 1
0 2 161 1 1
0 3 163 1 1
0 5 165 1 1
0 6 165 1 1
0 5 164 1 1
0 4 164 1 1
0 3 162 1 1
0 2 162 1 1
0 9 160 1 1
0 4 163 1 1
0 1 161 1 1
0 2 161 1 1
0 3 161 1 1
0 4 161 1 1
0 5 161 1 1
0 6 161 1 1
0 7 161 1 1
0 1 161 1 1
0 1 405 1 1
0 2 406 1 1
0 3 408 1 1
0 5 410 1 1
0 6 410 1 1
0 5 409 1 1
0 4 409 1 1
0 3 407 1 1
0 2 407 1 1
0 9 405 1 1
0 4 408 1 1
0 1 406 1 1
0 2 406 1 1
0 3 406 1 1
0 4 406 1 1
0 5 406 1 1
0 6 406 1 1
0 7 406 1 1
0 1 406 1 1
0 1 410 1 1
0 4 410 1 1
0 3 408 1 1
0 5 409 1 1
0 2 405 1 1
0 8 407 1 1
0 5 406 1 1
0 6 405 1 1
0 1 406 1 1
0 6 408 1 1
0 2 409 1 1
0 4 407 1 1
0 1 405 1 1
0 2 406 1 1
0 1 409 1 1
0 6 407 1 1
0 6 410 1 1
0 5 409 1 1
0 2 410 1 1
0 5 406 1 1
0 9 408 1 1
0 3 407 1 1
0 4 405 1 1
0 4 408 1 1
0 7 409 1 1
0 6 409 1 1
0 5 409 1 1
0 4 409 1 1
0 3 409 1 1
0 2 409 1 1
0 1 409 1 1
0 1 164 1 1
0 2 165 1 1
0 3 167 1 1
0 5 169 1 1
0 6 169 1 1
0 5 168 1 1
0 4 168 1 1
0 3 166 1 1
0 2 166 1 1
0 9 164 1 1
0 4 167 1 1
0 1 165 1 1
0 2 165 1 1
0 3 165 1 1
0 4 165 1 1
0 5 165 1 1
0 6 165 1 1
0 7 165 1 1
0 1 165 1 1
0 1 332 1 1
0 2 333 1 1
0 3 335 1 1
0 5 337 1 1
0 6 337 1 1
0 5 336 1 1
0 4 336 1 1
0 3 334 1 1
0 2 334 1 1
0 9 332 1 1
0 4 335 1 1
0 1 333 1 1
0 2 333 1 1
0 3 333 1 1
0 4 333 1 1
0 5 333 1 1
0 6 333 1 1
0 7 333 1 1
0 1 333 1 1
0 1 337 1 1
0 4 337 1 1
0 3 335 1 1
0 5 336 1 1
0 2 332 1 1
0 8 334 1 1
0 5 333 1 1
0 6 332 1 1
0 1 333 1 1
0 6 335 1 1
0 2 336 1 1
0 4 334 1 1
0 1 332 1 1
0 2 333 1 1
0 1 336 1 1
0 6 334 1 1
0 6 337 1 1
0 5 336 1 1
0 2 337 1 1
0 5 333 1 1
0 9 335 1 1
0 3 334 1 1
0 4 332 1 1
0 4 335 1 1
0 1 84 1 1
0 2 85 1 1
0 3 87 1 1
0 5 89 1 1
0 6 89 1 1
0 5 88 1 1
0 4 88 1 1
0 3 86 1 1
0 2 86 1 1
0 9 84 1 1
0 4 87 1 1
0 1 85 1 1
0 1 340 1 1
0 2 341 1 1
0 3 343 1 1
0 5 345 1 1
0 6 345 1 1
0 5 344 1 1
0 4 344 1 1
0 3 342 1 1
0 2 342 1 1
0 9 340 1 1
0 4 343 1 1
0 1 341 1 1
0 2 341 1 1
0 3 341 1 1
0 4 341 1 1
0 5 341 1 1
0 6 341 1 1
0 7 341 1 1
0 1 341 1 1
0 1 345 1 1
0 4 345 1 1
0 3 343 1 1
0 5 344 1 1
0 2 340 1 1
0 8 342 1 1
0 5 341 1 1
0 6 340 1 1
0 1 341 1 1
0 6 343 1 1
0 2 344 1 1
0 4 342 1 1
0 1 340 1 1
0 2 341 1 1
0 1 344 1 1
0 6 342 1 1
0 6 345 1 1
0 5 344 1 1
0 2 345 1 1
0 5 341 1 1
0 9 343 1 1
0 3 342 1 1
0 4 340 1 1
0 4 343 1 1
0 1 430 1 1
0 2 431 1 1
0 3 433 1 1
0 5 435 1 1
0 6 435 1 1
0 5 434 1 1
0 4 434 1 1
0 3 432 1 1
0 2 432 1 1
0 9 430 1 1
0 4 433 1 1
0 1 431 1 1
0 2 431 1 1
0 3 431 1 1
0 4 431 1 1
0 5 431 1 1
0 6 431 1 1
0 7 431 1 1
0 1 431 1 1
0 1 435 1 1
0 4 435 1 1
0 3 433 1 1
0 5 434 1 1
0 2 430 1 1
0 8 432 1 1
0 5 431 1 1
0 6 430 1 1
0 1 431 1 1
0 6 433 1 1
0 2 434 1 1
0 4 432 1 1
0 1 430 1 1
0 2 431 1 1
0 1 434 1 1
0 6 432 1 1
0 6 435 1 1
0 5 434 1 1
0 2 435 1 1
0 5 431 1 1
0 9 433 1 1
0 3 432 1 1
0 4 430 1 1
0 4 433 1 1
0 7 434 1 1
0 6 434 1 1
0 5 434 1 1
0 4 434 1 1
0 3 434 1 1
0 2 434 1 1
0 1 434 1 1
0 1 174 1 1
0 2 175 1 1
0 3 177 1 1
0 5 179 1 1
0 6 179 1 1
0 5 178 1 1
0 4 178 1 1
0 3 176 1 1
0 2 176 1 1
0 9 174 1 1
0 4 177 1 1
0 1 175 1 1
0 2 175 1 1
0 3 175 1 1
0 4 175 1 1
0 5 175 1 1
0 6 175 1 1
0 7 175 1 1
0 1 175 1 1
0 1 88 1 1
0 2 89 1 1
0 3 91 1 1
0 5 93 1 1
0 6 93 1 1
0 5 92 1 1
0 4 92 1 1
0 3 90 1 1
0 2 90 1 1
0 9 88 1 1
0 4 91 1 1
0 1 89 1 1
0 1 445 1 1
0 2 446 1 1
0 3 448 1 1
0 5 450 1 1
0 6 450 1 1
0 5 449 1 1
0 4 449 1 1
0 3 447 1 1
0 2 447 1 1
0 9 445 1 1
0 4 448 1 1
0 1 446 1 1
0 2 446 1 1
0 3 446 1 1
0 4 446 1 1
0 5 446 1 1
0 6 446 1 1
0 7 446 1 1
0 1 446 1 1
0 1 450 1 1
0 4 450 1 1
0 3 448 1 1
0 5 449 1 1
0 2 445 1 1
0 8 447 1 1
0 5 446 1 1
0 6 445 1 1
0 1 446 1 1
0 6 448 1 1
0 2 449 1 1
0 4 447 1 1
0 1 445 1 1
0 2 446 1 1
0 1 449 1 1
0 6 447 1 1
0 6 450 1 1
0 5 449 1 1
0 2 450 1 1
0 5 446 1 1
0 9 448 1 1
0 3 447 1 1
0 4 445 1 1
0 4 448 1 1
0 7 449 1 1
0 6 449 1 1
0 5 449 1 1
0 4 449 1 1
0 3 449 1 1
0 2 449 1 1
0 1 449 1 1
0 1 450 1 1
0 2 451 1 1
0 3 453 1 1
0 5 455 1 1
0 6 455 1 1
0 5 454 1 1
0 4 454 1 1
0 3 452 1 1
0 2 452 1 1
0 9 450 1 1
0 4 453 1 1
0 1 451 1 1
0 2 451 1 1
0 3 451 1 1
0 4 451 1 1
0 5 451 1 1
0 6 451 1 1
0 7 451 1 1
0 1 451 1 1
0 1 455 1 1
0 4 455 1 1
0 3 453 1 1
0 5 454 1 1
0 2 450 1 1
0 8 452 1 1
0 5 451 1 1
0 6 450 1 1
0 1 451 1 1
0 6 453 1 1
0 2 454 1 1
0 4 452 1 1
0 1 450 1 1
0 2 451 1 1
0 1 454 1 1
0 6 452 1 1
0 6 455 1 1
0 5 454 1 1
0 2 455 1 1
0 5 451 1 1
0 9 453 1 1
0 3 452 1 1
0 4 450 1 1
0 4 453 1 1
0 7 454 1 1
0 6 454 1 1
0 5 454 1 1
0 4 454 1 1
0 3 454 1 1
0 2 454 1 1
0 1 454 1 1
0 1 182 1 1
0 2 183 1 1
0 3 185 1 1
0 5 187 1 1
0 6 187 1 1
0 5 186 1 1
0 4 186 1 1
0 3 184 1 1
0 2 184 1 1
0 9 182 1 1
0 4 185 1 1
0 1 183 1 1
0 2 183 1 1
0 3 183 1 1
0 4 183 1 1
0 5 183 1 1
0 6 183 1 1
0 7 183 1 1
0 1 183 1 1
0 1 276 1 1
0 2 277 1 1
0 3 279 1 1
0 5 281 1 1
0 6 281 1 1
0 5 280 1 1
0 4 280 1 1
0 3 278 1 1
0 2 278 1 1
0 9 276 1 1
0 4 279 1 1
0 1 277 1 1
0 2 277 1 1
0 3 277 1 1
0 4 277 1 1
0 5 277 1 1
0 6 277 1 1
0 7 277 1 1
0 1 277 1 1
0 1 281 1 1
0 4 281 1 1
0 3 279 1 1
0 5 280 1 1
0 2 276 1 1
0 8 278 1 1
0 5 277 1 1
0 6 276 1 1
0 1 277 1 1
0 6 279 1 1
0 2 280 1 1
0 4 278 1 1
0 1 93 1 1
0 2 94 1 1
0 3 96 1 1
0 5 98 1 1
0 6 98 1 1
0 5 97 1 1
0 4 97 1 1
0 3 95 1 1
0 2 95 1 1
0 9 93 1 1
0 4 96 1 1
0 1 94 1 1
0 1 188 1 1
0 2 189 1 1
0 3 191 1 1
0 5 193 1 1
0 6 193 1 1
0 5 192 1 1
0 4 192 1 1
0 3 190 1 1
0 2 190 1 1
0 9 188 1 1
0 4 191 1 1
0 1 189 1 1
0 2 189 1 1
0 3 189 1 1
0 4 189 1 1
0 5 189 1 1
0 6 189 1 1
0 7 189 1 1
0 1 189 1 1
0 1 285 1 1
0 2 286 1 1
0 3 288 1 1
0 5 290 1 1
0 6 290 1 1
0 5 289 1 1
0 4 289 1 1
0 3 287 1 1
0 2 287 1 1
0 9 285 1 1
0 4 288 1 1
0 1 286 1 1
0 2 286 1 1
0 3 286 1 1
0 4 286 1 1
0 5 286 1 1
0 6 286 1 1
0 7 286 1 1
0 1 286 1 1
0 1 290 1 1
0 4 290 1 1
0 3 288 1 1
0 5 289 1 1
0 2 285 1 1
0 8 287 1 1
0 5 286 1 1
0 6 285 1 1
0 1 286 1 1
0 6 288 1 1
0 2 289 1 1
0 4 287 1 1
0 1 288 1 1
0 2 289 1 1
0 3 291 1 1
0 5 293 1 1
0 6 293 1 1
0 5 292 1 1
0 4 292 1 1
0 3 290 1 1
0 2 290 1 1
0 9 288 1 1
0 4 291 1 1
0 1 289 1 1
0 2 289 1 1
0 3 289 1 1
0 4 289 1 1
0 5 289 1 1
0 6 289 1 1
0 7 289 1 1
0 1 289 1 1
0 1 293 1 1
0 4 293 1 1
0 3 291 1 1
0 5 292 1 1
0 2 288 1 1
0 8 290 1 1
0 5 289 1 1
0 6 288 1 1
0 1 289 1 1
0 6 291 1 1
0 2 292 1 1
0 4 290 1 1
0 1 194 1 1
0 2 195 1 1
0 3 197 1 1
0 5 199 1 1
0 6 199 1 1
0 5 198 1 1
0 4 198 1 1
0 3 196 1 1
0 2 196 1 1
0 9 194 1 1
0 4 197 1 1
0 1 195 1 1
0 2 195 1 1
0 3 195 1 1
0 4 195 1 1
0 5 195 1 1
0 6 195 1 1
0 7 195 1 1
0 1 195 1 1
0 1 294 1 1
0 2 295 1 1
0 3 297 1 1
0 5 299 1 1
0 6 299 1 1
0 5 298 1 1
0 4 298 1 1
0 3 296 1 1
0 2 296 1 1
0 9 294 1 1
0 4 297 1 1
0 1 295 1 1
0 2 295 1 1
0 3 295 1 1
0 4 295 1 1
0 5 295 1 1
0 6 295 1 1
0 7 295 1 1
0 1 295 1 1
0 1 299 1 1
0 4 299 1 1
0 3 297 1 1
0 5 298 1 1
0 2 294 1 1
0 8 296 1 1
0 5 295 1 1
0 6 294 1 1
0 1 295 1 1
0 6 297 1 1
0 2 298 1 1
0 4 296 1 1
0 1 495 1 1
0 2 496 1 1
0 3 498 1 1
0 5 500 1 1
0 6 500 1 1
0 5 499 1 1
0 4 499 1 1
0 3 497 1 1
0 2 497 1 1
0 9 495 1 1
0 4 498 1 1
0 1 496 1 1
0 2 496 1 1
0 3 496 1 1
0 4 496 1 1
0 5 496 1 1
0 6 496 1 1
0 7 496 1 1
0 1 496 1 1
0 1 500 1 1
0 4 500 1 1
0 3 498 1 1
0 5 499 1 1
0 2 495 1 1
0 8 497 1 1
0 5 496 1 1
0 6 495 1 1
0 1 496 1 1
0 6 498 1 1
0 2 499 1 1
0 4 497 1 1
0 1 495 1 1
0 2 496 1 1
0 1 499 1 1
0 6 497 1 1
0 6 500 1 1
0 5 499 1 1
0 2 500 1 1
0 5 496 1 1
0 9 498 1 1
0 3 497 1 1
0 4 495 1 1
0 4 498 1 1
0 7 499 1 1
0 6 499 1 1
0 5 499 1 1
0 4 499 1 1
0 3 499 1 1
0 2 499 1 1
0 1 499 1 1
