0 1 0 1 1
0 2 1 1 1
0 3 3 1 1
0 7 0 1 1
0 3 2 1 1
0 2 2 1 1
0 4 3 1 1
0 1 1 1 1
0 2 1 1 1
0 5 1 1 1
0 3 1 1 1
0 1 1 1 1
0 4 1 1 1
0 1 2 1 1
0 2 3 1 1
0 3 5 1 1
0 7 2 1 1
0 3 4 1 1
0 2 4 1 1
0 4 5 1 1
0 1 3 1 1
0 2 3 1 1
0 5 3 1 1
0 3 3 1 1
0 1 3 1 1
0 4 3 1 1
0 1 6 1 1
0 2 7 1 1
0 3 9 1 1
0 7 6 1 1
0 3 8 1 1
0 2 8 1 1
0 4 9 1 1
0 1 7 1 1
0 2 7 1 1
0 5 7 1 1
0 3 7 1 1
0 1 7 1 1
0 4 7 1 1
0 3 7 1 1
0 6 8 1 1
0 2 8 1 1
0 1 9 1 1
0 1 7 1 1
0 4 6 1 1
0 4 9 1 1
0 2 6 1 1
0 1 9 1 1
0 2 10 1 1
0 3 12 1 1
0 7 9 1 1
0 3 11 1 1
0 2 11 1 1
0 4 12 1 1
0 1 10 1 1
0 2 10 1 1
0 5 10 1 1
0 3 10 1 1
0 1 10 1 1
0 4 10 1 1
0 3 10 1 1
0 6 11 1 1
0 2 11 1 1
0 1 12 1 1
0 1 10 1 1
0 4 9 1 1
0 4 12 1 1
0 2 9 1 1
0 1 4 1 1
0 2 5 1 1
0 3 7 1 1
0 7 4 1 1
0 3 6 1 1
0 2 6 1 1
0 4 7 1 1
0 1 5 1 1
0 1 10 1 1
0 2 11 1 1
0 3 13 1 1
0 7 10 1 1
0 3 12 1 1
0 2 12 1 1
0 4 13 1 1
0 1 11 1 1
0 2 11 1 1
0 5 11 1 1
0 3 11 1 1
0 1 11 1 1
0 4 11 1 1
0 1 12 1 1
0 2 13 1 1
0 3 15 1 1
0 7 12 1 1
0 3 14 1 1
0 2 14 1 1
0 4 15 1 1
0 1 13 1 1
0 2 13 1 1
0 5 13 1 1
0 3 13 1 1
0 1 13 1 1
0 4 13 1 1
0 1 7 1 1
0 2 8 1 1
0 3 10 1 1
0 7 7 1 1
0 3 9 1 1
0 2 9 1 1
0 4 10 1 1
0 1 8 1 1
0 1 8 1 1
0 2 9 1 1
0 3 11 1 1
0 7 8 1 1
0 3 10 1 1
0 2 10 1 1
0 4 11 1 1
0 1 9 1 1
0 1 18 1 1
0 2 19 1 1
0 3 21 1 1
0 7 18 1 1
0 3 20 1 1
0 2 20 1 1
0 4 21 1 1
0 1 19 1 1
0 2 19 1 1
0 5 19 1 1
0 3 19 1 1
0 1 19 1 1
0 4 19 1 1
0 1 10 1 1
0 2 11 1 1
0 3 13 1 1
0 7 10 1 1
0 3 12 1 1
0 2 12 1 1
0 4 13 1 1
0 1 11 1 1
0 1 33 1 1
0 2 34 1 1
0 3 36 1 1
0 7 33 1 1
0 3 35 1 1
0 2 35 1 1
0 4 36 1 1
0 1 34 1 1
0 2 34 1 1
0 5 34 1 1
0 3 34 1 1
0 1 34 1 1
0 4 34 1 1
0 3 34 1 1
0 6 35 1 1
0 2 35 1 1
0 1 36 1 1
0 1 34 1 1
0 4 33 1 1
0 4 36 1 1
0 2 33 1 1
0 1 36 1 1
0 2 37 1 1
0 3 39 1 1
0 7 36 1 1
0 3 38 1 1
0 2 38 1 1
0 4 39 1 1
0 1 37 1 1
0 2 37 1 1
0 5 37 1 1
0 3 37 1 1
0 1 37 1 1
0 4 37 1 1
0 3 37 1 1
0 6 38 1 1
0 2 38 1 1
0 1 39 1 1
0 1 37 1 1
0 4 36 1 1
0 4 39 1 1
0 2 36 1 1
0 1 39 1 1
0 2 40 1 1
0 3 42 1 1
0 7 39 1 1
0 3 41 1 1
0 2 41 1 1
0 4 42 1 1
0 1 40 1 1
0 2 40 1 1
0 5 40 1 1
0 3 40 1 1
0 1 40 1 1
0 4 40 1 1
0 3 40 1 1
0 6 41 1 1
0 2 41 1 1
0 1 42 1 1
0 1 40 1 1
0 4 39 1 1
0 4 42 1 1
0 2 39 1 1
0 1 42 1 1
0 2 43 1 1
0 3 45 1 1
0 7 42 1 1
0 3 44 1 1
0 2 44 1 1
0 4 45 1 1
0 1 43 1 1
0 2 43 1 1
0 5 43 1 1
0 3 43 1 1
0 1 43 1 1
0 4 43 1 1
0 3 43 1 1
0 6 44 1 1
0 2 44 1 1
0 1 45 1 1
0 1 43 1 1
0 4 42 1 1
0 4 45 1 1
0 2 42 1 1
0 1 45 1 1
0 2 46 1 1
0 3 48 1 1
0 7 45 1 1
0 3 47 1 1
0 2 47 1 1
0 4 48 1 1
0 1 46 1 1
0 2 46 1 1
0 5 46 1 1
0 3 46 1 1
0 1 46 1 1
0 4 46 1 1
0 3 46 1 1
0 6 47 1 1
0 2 47 1 1
0 1 48 1 1
0 1 46 1 1
0 4 45 1 1
0 4 48 1 1
0 2 45 1 1
0 1 32 1 1
0 2 33 1 1
0 3 35 1 1
0 7 32 1 1
0 3 34 1 1
0 2 34 1 1
0 4 35 1 1
0 1 33 1 1
0 2 33 1 1
0 5 33 1 1
0 3 33 1 1
0 1 33 1 1
0 4 33 1 1
0 1 17 1 1
0 2 18 1 1
0 3 20 1 1
0 7 17 1 1
0 3 19 1 1
0 2 19 1 1
0 4 20 1 1
0 1 18 1 1
0 1 18 1 1
0 2 19 1 1
0 3 21 1 1
0 7 18 1 1
0 3 20 1 1
0 2 20 1 1
0 4 21 1 1
0 1 19 1 1
0 1 57 1 1
0 2 58 1 1
0 3 60 1 1
0 7 57 1 1
0 3 59 1 1
0 2 59 1 1
0 4 60 1 1
0 1 58 1 1
0 2 58 1 1
0 5 58 1 1
0 3 58 1 1
0 1 58 1 1
0 4 58 1 1
0 3 58 1 1
0 6 59 1 1
0 2 59 1 1
0 1 60 1 1
0 1 58 1 1
0 4 57 1 1
0 4 60 1 1
0 2 57 1 1
0 1 40 1 1
0 2 41 1 1
0 3 43 1 1
0 7 40 1 1
0 3 42 1 1
0 2 42 1 1
0 4 43 1 1
0 1 41 1 1
0 2 41 1 1
0 5 41 1 1
0 3 41 1 1
0 1 41 1 1
0 4 41 1 1
0 1 63 1 1
0 2 64 1 1
0 3 66 1 1
0 7 63 1 1
0 3 65 1 1
0 2 65 1 1
0 4 66 1 1
0 1 64 1 1
0 2 64 1 1
0 5 64 1 1
0 3 64 1 1
0 1 64 1 1
0 4 64 1 1
0 3 64 1 1
0 6 65 1 1
0 2 65 1 1
0 1 66 1 1
0 1 64 1 1
0 4 63 1 1
0 4 66 1 1
0 2 63 1 1
0 1 22 1 1
0 2 23 1 1
0 3 25 1 1
0 7 22 1 1
0 3 24 1 1
0 2 24 1 1
0 4 25 1 1
0 1 23 1 1
0 1 46 1 1
0 2 47 1 1
0 3 49 1 1
0 7 46 1 1
0 3 48 1 1
0 2 48 1 1
0 4 49 1 1
0 1 47 1 1
0 2 47 1 1
0 5 47 1 1
0 3 47 1 1
0 1 47 1 1
0 4 47 1 1
0 1 72 1 1
0 2 73 1 1
0 3 75 1 1
0 7 72 1 1
0 3 74 1 1
0 2 74 1 1
0 4 75 1 1
0 1 73 1 1
0 2 73 1 1
0 5 73 1 1
0 3 73 1 1
0 1 73 1 1
0 4 73 1 1
0 3 73 1 1
0 6 74 1 1
0 2 74 1 1
0 1 75 1 1
0 1 73 1 1
0 4 72 1 1
0 4 75 1 1
0 2 72 1 1
0 1 50 1 1
0 2 51 1 1
0 3 53 1 1
0 7 50 1 1
0 3 52 1 1
0 2 52 1 1
0 4 53 1 1
0 1 51 1 1
0 2 51 1 1
0 5 51 1 1
0 3 51 1 1
0 1 51 1 1
0 4 51 1 1
0 1 26 1 1
0 2 27 1 1
0 3 29 1 1
0 7 26 1 1
0 3 28 1 1
0 2 28 1 1
0 4 29 1 1
0 1 27 1 1
0 1 27 1 1
0 2 28 1 1
0 3 30 1 1
0 7 27 1 1
0 3 29 1 1
0 2 29 1 1
0 4 30 1 1
0 1 28 1 1
0 1 84 1 1
0 2 85 1 1
0 3 87 1 1
0 7 84 1 1
0 3 86 1 1
0 2 86 1 1
0 4 87 1 1
0 1 85 1 1
0 2 85 1 1
0 5 85 1 1
0 3 85 1 1
0 1 85 1 1
0 4 85 1 1
0 3 85 1 1
0 6 86 1 1
0 2 86 1 1
0 1 87 1 1
0 1 85 1 1
0 4 84 1 1
0 4 87 1 1
0 2 84 1 1
0 1 87 1 1
0 2 88 1 1
0 3 90 1 1
0 7 87 1 1
0 3 89 1 1
0 2 89 1 1
0 4 90 1 1
0 1 88 1 1
0 2 88 1 1
0 5 88 1 1
0 3 88 1 1
0 1 88 1 1
0 4 88 1 1
0 3 88 1 1
0 6 89 1 1
0 2 89 1 1
0 1 90 1 1
0 1 88 1 1
0 4 87 1 1
0 4 90 1 1
0 2 87 1 1
0 1 90 1 1
0 2 91 1 1
0 3 93 1 1
0 7 90 1 1
0 3 92 1 1
0 2 92 1 1
0 4 93 1 1
0 1 91 1 1
0 2 91 1 1
0 5 91 1 1
0 3 91 1 1
0 1 91 1 1
0 4 91 1 1
0 3 91 1 1
0 6 92 1 1
0 2 92 1 1
0 1 93 1 1
0 1 91 1 1
0 4 90 1 1
0 4 93 1 1
0 2 90 1 1
0 1 62 1 1
0 2 63 1 1
0 3 65 1 1
0 7 62 1 1
0 3 64 1 1
0 2 64 1 1
0 4 65 1 1
0 1 63 1 1
0 2 63 1 1
0 5 63 1 1
0 3 63 1 1
0 1 63 1 1
0 4 63 1 1
0 1 96 1 1
0 2 97 1 1
0 3 99 1 1
0 7 96 1 1
0 3 98 1 1
0 2 98 1 1
0 4 99 1 1
0 1 97 1 1
0 2 97 1 1
0 5 97 1 1
0 3 97 1 1
0 1 97 1 1
0 4 97 1 1
0 3 97 1 1
0 6 98 1 1
0 2 98 1 1
0 1 99 1 1
0 1 97 1 1
0 4 96 1 1
0 4 99 1 1
0 2 96 1 1
0 1 99 1 1
0 2 100 1 1
0 3 102 1 1
0 7 99 1 1
0 3 101 1 1
0 2 101 1 1
0 4 102 1 1
0 1 100 1 1
0 2 100 1 1
0 5 100 1 1
0 3 100 1 1
0 1 100 1 1
0 4 100 1 1
0 3 100 1 1
0 6 101 1 1
0 2 101 1 1
0 1 102 1 1
0 1 100 1 1
0 4 99 1 1
0 4 102 1 1
0 2 99 1 1
0 1 34 1 1
0 2 35 1 1
0 3 37 1 1
0 7 34 1 1
0 3 36 1 1
0 2 36 1 1
0 4 37 1 1
0 1 35 1 1
0 1 105 1 1
0 2 106 1 1
0 3 108 1 1
0 7 105 1 1
0 3 107 1 1
0 2 107 1 1
0 4 108 1 1
0 1 106 1 1
0 2 106 1 1
0 5 106 1 1
0 3 106 1 1
0 1 106 1 1
0 4 106 1 1
0 3 106 1 1
0 6 107 1 1
0 2 107 1 1
0 1 108 1 1
0 1 106 1 1
0 4 105 1 1
0 4 108 1 1
0 2 105 1 1
0 1 108 1 1
0 2 109 1 1
0 3 111 1 1
0 7 108 1 1
0 3 110 1 1
0 2 110 1 1
0 4 111 1 1
0 1 109 1 1
0 2 109 1 1
0 5 109 1 1
0 3 109 1 1
0 1 109 1 1
0 4 109 1 1
0 3 109 1 1
0 6 110 1 1
0 2 110 1 1
0 1 111 1 1
0 1 109 1 1
0 4 108 1 1
0 4 111 1 1
0 2 108 1 1
0 1 74 1 1
0 2 75 1 1
0 3 77 1 1
0 7 74 1 1
0 3 76 1 1
0 2 76 1 1
0 4 77 1 1
0 1 75 1 1
0 2 75 1 1
0 5 75 1 1
0 3 75 1 1
0 1 75 1 1
0 4 75 1 1
0 1 38 1 1
0 2 39 1 1
0 3 41 1 1
0 7 38 1 1
0 3 40 1 1
0 2 40 1 1
0 4 41 1 1
0 1 39 1 1
0 1 117 1 1
0 2 118 1 1
0 3 120 1 1
0 7 117 1 1
0 3 119 1 1
0 2 119 1 1
0 4 120 1 1
0 1 118 1 1
0 2 118 1 1
0 5 118 1 1
0 3 118 1 1
0 1 118 1 1
0 4 118 1 1
0 3 118 1 1
0 6 119 1 1
0 2 119 1 1
0 1 120 1 1
0 1 118 1 1
0 4 117 1 1
0 4 120 1 1
0 2 117 1 1
0 1 80 1 1
0 2 81 1 1
0 3 83 1 1
0 7 80 1 1
0 3 82 1 1
0 2 82 1 1
0 4 83 1 1
0 1 81 1 1
0 2 81 1 1
0 5 81 1 1
0 3 81 1 1
0 1 81 1 1
0 4 81 1 1
0 1 123 1 1
0 2 124 1 1
0 3 126 1 1
0 7 123 1 1
0 3 125 1 1
0 2 125 1 1
0 4 126 1 1
0 1 124 1 1
0 2 124 1 1
0 5 124 1 1
0 3 124 1 1
0 1 124 1 1
0 4 124 1 1
0 3 124 1 1
0 6 125 1 1
0 2 125 1 1
0 1 126 1 1
0 1 124 1 1
0 4 123 1 1
0 4 126 1 1
0 2 123 1 1
0 1 84 1 1
0 2 85 1 1
0 3 87 1 1
0 7 84 1 1
0 3 86 1 1
0 2 86 1 1
0 4 87 1 1
0 1 85 1 1
0 2 85 1 1
0 5 85 1 1
0 3 85 1 1
0 1 85 1 1
0 4 85 1 1
0 1 129 1 1
0 2 130 1 1
0 3 132 1 1
0 7 129 1 1
0 3 131 1 1
0 2 131 1 1
0 4 132 1 1
0 1 130 1 1
0 2 130 1 1
0 5 130 1 1
0 3 130 1 1
0 1 130 1 1
0 4 130 1 1
0 3 130 1 1
0 6 131 1 1
0 2 131 1 1
0 1 132 1 1
0 1 130 1 1
0 4 129 1 1
0 4 132 1 1
0 2 129 1 1
0 1 44 1 1
0 2 45 1 1
0 3 47 1 1
0 7 44 1 1
0 3 46 1 1
0 2 46 1 1
0 4 47 1 1
0 1 45 1 1
0 1 45 1 1
0 2 46 1 1
0 3 48 1 1
0 7 45 1 1
0 3 47 1 1
0 2 47 1 1
0 4 48 1 1
0 1 46 1 1
0 1 92 1 1
0 2 93 1 1
0 3 95 1 1
0 7 92 1 1
0 3 94 1 1
0 2 94 1 1
0 4 95 1 1
0 1 93 1 1
0 2 93 1 1
0 5 93 1 1
0 3 93 1 1
0 1 93 1 1
0 4 93 1 1
0 1 141 1 1
0 2 142 1 1
0 3 144 1 1
0 7 141 1 1
0 3 143 1 1
0 2 143 1 1
0 4 144 1 1
0 1 142 1 1
0 2 142 1 1
0 5 142 1 1
0 3 142 1 1
0 1 142 1 1
0 4 142 1 1
0 3 142 1 1
0 6 143 1 1
0 2 143 1 1
0 1 144 1 1
0 1 142 1 1
0 4 141 1 1
0 4 144 1 1
0 2 141 1 1
0 1 144 1 1
0 2 145 1 1
0 3 147 1 1
0 7 144 1 1
0 3 146 1 1
0 2 146 1 1
0 4 147 1 1
0 1 145 1 1
0 2 145 1 1
0 5 145 1 1
0 3 145 1 1
0 1 145 1 1
0 4 145 1 1
0 3 145 1 1
0 6 146 1 1
0 2 146 1 1
0 1 147 1 1
0 1 145 1 1
0 4 144 1 1
0 4 147 1 1
0 2 144 1 1
0 1 147 1 1
0 2 148 1 1
0 3 150 1 1
0 7 147 1 1
0 3 149 1 1
0 2 149 1 1
0 4 150 1 1
0 1 148 1 1
0 2 148 1 1
0 5 148 1 1
0 3 148 1 1
0 1 148 1 1
0 4 148 1 1
0 3 148 1 1
0 6 149 1 1
0 2 149 1 1
0 1 150 1 1
0 1 148 1 1
0 4 147 1 1
0 4 150 1 1
0 2 147 1 1
0 1 50 1 1
0 2 51 1 1
0 3 53 1 1
0 7 50 1 1
0 3 52 1 1
0 2 52 1 1
0 4 53 1 1
0 1 51 1 1
0 1 51 1 1
0 2 52 1 1
0 3 54 1 1
0 7 51 1 1
0 3 53 1 1
0 2 53 1 1
0 4 54 1 1
0 1 52 1 1
0 1 52 1 1
0 2 53 1 1
0 3 55 1 1
0 7 52 1 1
0 3 54 1 1
0 2 54 1 1
0 4 55 1 1
0 1 53 1 1
0 1 53 1 1
0 2 54 1 1
0 3 56 1 1
0 7 53 1 1
0 3 55 1 1
0 2 55 1 1
0 4 56 1 1
0 1 54 1 1
0 1 108 1 1
0 2 109 1 1
0 3 111 1 1
0 7 108 1 1
0 3 110 1 1
0 2 110 1 1
0 4 111 1 1
0 1 109 1 1
0 2 109 1 1
0 5 109 1 1
0 3 109 1 1
0 1 109 1 1
0 4 109 1 1
0 1 55 1 1
0 2 56 1 1
0 3 58 1 1
0 7 55 1 1
0 3 57 1 1
0 2 57 1 1
0 4 58 1 1
0 1 56 1 1
0 1 168 1 1
0 2 169 1 1
0 3 171 1 1
0 7 168 1 1
0 3 170 1 1
0 2 170 1 1
0 4 171 1 1
0 1 169 1 1
0 2 169 1 1
0 5 169 1 1
0 3 169 1 1
0 1 169 1 1
0 4 169 1 1
0 3 169 1 1
0 6 170 1 1
0 2 170 1 1
0 1 171 1 1
0 1 169 1 1
0 4 168 1 1
0 4 171 1 1
0 2 168 1 1
0 1 171 1 1
0 2 172 1 1
0 3 174 1 1
0 7 171 1 1
0 3 173 1 1
0 2 173 1 1
0 4 174 1 1
0 1 172 1 1
0 2 172 1 1
0 5 172 1 1
0 3 172 1 1
0 1 172 1 1
0 4 172 1 1
0 3 172 1 1
0 6 173 1 1
0 2 173 1 1
0 1 174 1 1
0 1 172 1 1
0 4 171 1 1
0 4 174 1 1
0 2 171 1 1
0 1 116 1 1
0 2 117 1 1
0 3 119 1 1
0 7 116 1 1
0 3 118 1 1
0 2 118 1 1
0 4 119 1 1
0 1 117 1 1
0 2 117 1 1
0 5 117 1 1
0 3 117 1 1
0 1 117 1 1
0 4 117 1 1
0 1 118 1 1
0 2 119 1 1
0 3 121 1 1
0 7 118 1 1
0 3 120 1 1
0 2 120 1 1
0 4 121 1 1
0 1 119 1 1
0 2 119 1 1
0 5 119 1 1
0 3 119 1 1
0 1 119 1 1
0 4 119 1 1
0 1 180 1 1
0 2 181 1 1
0 3 183 1 1
0 7 180 1 1
0 3 182 1 1
0 2 182 1 1
0 4 183 1 1
0 1 181 1 1
0 2 181 1 1
0 5 181 1 1
0 3 181 1 1
0 1 181 1 1
0 4 181 1 1
0 3 181 1 1
0 6 182 1 1
0 2 182 1 1
0 1 183 1 1
0 1 181 1 1
0 4 180 1 1
0 4 183 1 1
0 2 180 1 1
0 1 122 1 1
0 2 123 1 1
0 3 125 1 1
0 7 122 1 1
0 3 124 1 1
0 2 124 1 1
0 4 125 1 1
0 1 123 1 1
0 2 123 1 1
0 5 123 1 1
0 3 123 1 1
0 1 123 1 1
0 4 123 1 1
0 1 124 1 1
0 2 125 1 1
0 3 127 1 1
0 7 124 1 1
0 3 126 1 1
0 2 126 1 1
0 4 127 1 1
0 1 125 1 1
0 2 125 1 1
0 5 125 1 1
0 3 125 1 1
0 1 125 1 1
0 4 125 1 1
0 1 126 1 1
0 2 127 1 1
0 3 129 1 1
0 7 126 1 1
0 3 128 1 1
0 2 128 1 1
0 4 129 1 1
0 1 127 1 1
0 2 127 1 1
0 5 127 1 1
0 3 127 1 1
0 1 127 1 1
0 4 127 1 1
0 1 128 1 1
0 2 129 1 1
0 3 131 1 1
0 7 128 1 1
0 3 130 1 1
0 2 130 1 1
0 4 131 1 1
0 1 129 1 1
0 2 129 1 1
0 5 129 1 1
0 3 129 1 1
0 1 129 1 1
0 4 129 1 1
0 1 195 1 1
0 2 196 1 1
0 3 198 1 1
0 7 195 1 1
0 3 197 1 1
0 2 197 1 1
0 4 198 1 1
0 1 196 1 1
0 2 196 1 1
0 5 196 1 1
0 3 196 1 1
0 1 196 1 1
0 4 196 1 1
0 3 196 1 1
0 6 197 1 1
0 2 197 1 1
0 1 198 1 1
0 1 196 1 1
0 4 195 1 1
0 4 198 1 1
0 2 195 1 1
0 1 198 1 1
0 2 199 1 1
0 3 201 1 1
0 7 198 1 1
0 3 200 1 1
0 2 200 1 1
0 4 201 1 1
0 1 199 1 1
0 2 199 1 1
0 5 199 1 1
0 3 199 1 1
0 1 199 1 1
0 4 199 1 1
0 3 199 1 1
0 6 200 1 1
0 2 200 1 1
0 1 201 1 1
0 1 199 1 1
0 4 198 1 1
0 4 201 1 1
0 2 198 1 1
0 1 67 1 1
0 2 68 1 1
0 3 70 1 1
0 7 67 1 1
0 3 69 1 1
0 2 69 1 1
0 4 70 1 1
0 1 68 1 1
0 1 136 1 1
0 2 137 1 1
0 3 139 1 1
0 7 136 1 1
0 3 138 1 1
0 2 138 1 1
0 4 139 1 1
0 1 137 1 1
0 2 137 1 1
0 5 137 1 1
0 3 137 1 1
0 1 137 1 1
0 4 137 1 1
0 1 138 1 1
0 2 139 1 1
0 3 141 1 1
0 7 138 1 1
0 3 140 1 1
0 2 140 1 1
0 4 141 1 1
0 1 139 1 1
0 2 139 1 1
0 5 139 1 1
0 3 139 1 1
0 1 139 1 1
0 4 139 1 1
0 1 210 1 1
0 2 211 1 1
0 3 213 1 1
0 7 210 1 1
0 3 212 1 1
0 2 212 1 1
0 4 213 1 1
0 1 211 1 1
0 2 211 1 1
0 5 211 1 1
0 3 211 1 1
0 1 211 1 1
0 4 211 1 1
0 3 211 1 1
0 6 212 1 1
0 2 212 1 1
0 1 213 1 1
0 1 211 1 1
0 4 210 1 1
0 4 213 1 1
0 2 210 1 1
0 1 142 1 1
0 2 143 1 1
0 3 145 1 1
0 7 142 1 1
0 3 144 1 1
0 2 144 1 1
0 4 145 1 1
0 1 143 1 1
0 2 143 1 1
0 5 143 1 1
0 3 143 1 1
0 1 143 1 1
0 4 143 1 1
0 1 216 1 1
0 2 217 1 1
0 3 219 1 1
0 7 216 1 1
0 3 218 1 1
0 2 218 1 1
0 4 219 1 1
0 1 217 1 1
0 2 217 1 1
0 5 217 1 1
0 3 217 1 1
0 1 217 1 1
0 4 217 1 1
0 3 217 1 1
0 6 218 1 1
0 2 218 1 1
0 1 219 1 1
0 1 217 1 1
0 4 216 1 1
0 4 219 1 1
0 2 216 1 1
0 1 146 1 1
0 2 147 1 1
0 3 149 1 1
0 7 146 1 1
0 3 148 1 1
0 2 148 1 1
0 4 149 1 1
0 1 147 1 1
0 2 147 1 1
0 5 147 1 1
0 3 147 1 1
0 1 147 1 1
0 4 147 1 1
0 1 74 1 1
0 2 75 1 1
0 3 77 1 1
0 7 74 1 1
0 3 76 1 1
0 2 76 1 1
0 4 77 1 1
0 1 75 1 1
0 1 75 1 1
0 2 76 1 1
0 3 78 1 1
0 7 75 1 1
0 3 77 1 1
0 2 77 1 1
0 4 78 1 1
0 1 76 1 1
0 1 76 1 1
0 2 77 1 1
0 3 79 1 1
0 7 76 1 1
0 3 78 1 1
0 2 78 1 1
0 4 79 1 1
0 1 77 1 1
0 1 154 1 1
0 2 155 1 1
0 3 157 1 1
0 7 154 1 1
0 3 156 1 1
0 2 156 1 1
0 4 157 1 1
0 1 155 1 1
0 2 155 1 1
0 5 155 1 1
0 3 155 1 1
0 1 155 1 1
0 4 155 1 1
0 1 78 1 1
0 2 79 1 1
0 3 81 1 1
0 7 78 1 1
0 3 80 1 1
0 2 80 1 1
0 4 81 1 1
0 1 79 1 1
0 1 237 1 1
0 2 238 1 1
0 3 240 1 1
0 7 237 1 1
0 3 239 1 1
0 2 239 1 1
0 4 240 1 1
0 1 238 1 1
0 2 238 1 1
0 5 238 1 1
0 3 238 1 1
0 1 238 1 1
0 4 238 1 1
0 3 238 1 1
0 6 239 1 1
0 2 239 1 1
0 1 240 1 1
0 1 238 1 1
0 4 237 1 1
0 4 240 1 1
0 2 237 1 1
0 1 160 1 1
0 2 161 1 1
0 3 163 1 1
0 7 160 1 1
0 3 162 1 1
0 2 162 1 1
0 4 163 1 1
0 1 161 1 1
0 2 161 1 1
0 5 161 1 1
0 3 161 1 1
0 1 161 1 1
0 4 161 1 1
0 1 162 1 1
0 2 163 1 1
0 3 165 1 1
0 7 162 1 1
0 3 164 1 1
0 2 164 1 1
0 4 165 1 1
0 1 163 1 1
0 2 163 1 1
0 5 163 1 1
0 3 163 1 1
0 1 163 1 1
0 4 163 1 1
0 1 164 1 1
0 2 165 1 1
0 3 167 1 1
0 7 164 1 1
0 3 166 1 1
0 2 166 1 1
0 4 167 1 1
0 1 165 1 1
0 2 165 1 1
0 5 165 1 1
0 3 165 1 1
0 1 165 1 1
0 4 165 1 1
0 1 249 1 1
0 2 250 1 1
0 3 252 1 1
0 7 249 1 1
0 3 251 1 1
0 2 251 1 1
0 4 252 1 1
0 1 250 1 1
0 2 250 1 1
0 5 250 1 1
0 3 250 1 1
0 1 250 1 1
0 4 250 1 1
0 3 250 1 1
0 6 251 1 1
0 2 251 1 1
0 1 252 1 1
0 1 250 1 1
0 4 249 1 1
0 4 252 1 1
0 2 249 1 1
0 1 84 1 1
0 2 85 1 1
0 3 87 1 1
0 7 84 1 1
0 3 86 1 1
0 2 86 1 1
0 4 87 1 1
0 1 85 1 1
0 1 170 1 1
0 2 171 1 1
0 3 173 1 1
0 7 170 1 1
0 3 172 1 1
0 2 172 1 1
0 4 173 1 1
0 1 171 1 1
0 2 171 1 1
0 5 171 1 1
0 3 171 1 1
0 1 171 1 1
0 4 171 1 1
0 1 172 1 1
0 2 173 1 1
0 3 175 1 1
0 7 172 1 1
0 3 174 1 1
0 2 174 1 1
0 4 175 1 1
0 1 173 1 1
0 2 173 1 1
0 5 173 1 1
0 3 173 1 1
0 1 173 1 1
0 4 173 1 1
0 1 174 1 1
0 2 175 1 1
0 3 177 1 1
0 7 174 1 1
0 3 176 1 1
0 2 176 1 1
0 4 177 1 1
0 1 175 1 1
0 2 175 1 1
0 5 175 1 1
0 3 175 1 1
0 1 175 1 1
0 4 175 1 1
0 1 264 1 1
0 2 265 1 1
0 3 267 1 1
0 7 264 1 1
0 3 266 1 1
0 2 266 1 1
0 4 267 1 1
0 1 265 1 1
0 2 265 1 1
0 5 265 1 1
0 3 265 1 1
0 1 265 1 1
0 4 265 1 1
0 3 265 1 1
0 6 266 1 1
0 2 266 1 1
0 1 267 1 1
0 1 265 1 1
0 4 264 1 1
0 4 267 1 1
0 2 264 1 1
0 1 267 1 1
0 2 268 1 1
0 3 270 1 1
0 7 267 1 1
0 3 269 1 1
0 2 269 1 1
0 4 270 1 1
0 1 268 1 1
0 2 268 1 1
0 5 268 1 1
0 3 268 1 1
0 1 268 1 1
0 4 268 1 1
0 3 268 1 1
0 6 269 1 1
0 2 269 1 1
0 1 270 1 1
0 1 268 1 1
0 4 267 1 1
0 4 270 1 1
0 2 267 1 1
0 1 180 1 1
0 2 181 1 1
0 3 183 1 1
0 7 180 1 1
0 3 182 1 1
0 2 182 1 1
0 4 183 1 1
0 1 181 1 1
0 2 181 1 1
0 5 181 1 1
0 3 181 1 1
0 1 181 1 1
0 4 181 1 1
0 1 91 1 1
0 2 92 1 1
0 3 94 1 1
0 7 91 1 1
0 3 93 1 1
0 2 93 1 1
0 4 94 1 1
0 1 92 1 1
0 1 184 1 1
0 2 185 1 1
0 3 187 1 1
0 7 184 1 1
0 3 186 1 1
0 2 186 1 1
0 4 187 1 1
0 1 185 1 1
0 2 185 1 1
0 5 185 1 1
0 3 185 1 1
0 1 185 1 1
0 4 185 1 1
0 1 93 1 1
0 2 94 1 1
0 3 96 1 1
0 7 93 1 1
0 3 95 1 1
0 2 95 1 1
0 4 96 1 1
0 1 94 1 1
0 1 282 1 1
0 2 283 1 1
0 3 285 1 1
0 7 282 1 1
0 3 284 1 1
0 2 284 1 1
0 4 285 1 1
0 1 283 1 1
0 2 283 1 1
0 5 283 1 1
0 3 283 1 1
0 1 283 1 1
0 4 283 1 1
0 3 283 1 1
0 6 284 1 1
0 2 284 1 1
0 1 285 1 1
0 1 283 1 1
0 4 282 1 1
0 4 285 1 1
0 2 282 1 1
0 1 190 1 1
0 2 191 1 1
0 3 193 1 1
0 7 190 1 1
0 3 192 1 1
0 2 192 1 1
0 4 193 1 1
0 1 191 1 1
0 2 191 1 1
0 5 191 1 1
0 3 191 1 1
0 1 191 1 1
0 4 191 1 1
0 1 192 1 1
0 2 193 1 1
0 3 195 1 1
0 7 192 1 1
0 3 194 1 1
0 2 194 1 1
0 4 195 1 1
0 1 193 1 1
0 2 193 1 1
0 5 193 1 1
0 3 193 1 1
0 1 193 1 1
0 4 193 1 1
0 1 291 1 1
0 2 292 1 1
0 3 294 1 1
0 7 291 1 1
0 3 293 1 1
0 2 293 1 1
0 4 294 1 1
0 1 292 1 1
0 2 292 1 1
0 5 292 1 1
0 3 292 1 1
0 1 292 1 1
0 4 292 1 1
0 3 292 1 1
0 6 293 1 1
0 2 293 1 1
0 1 294 1 1
0 1 292 1 1
0 4 291 1 1
0 4 294 1 1
0 2 291 1 1
0 1 98 1 1
0 2 99 1 1
0 3 101 1 1
0 7 98 1 1
0 3 100 1 1
0 2 100 1 1
0 4 101 1 1
0 1 99 1 1
0 1 99 1 1
0 2 100 1 1
0 3 102 1 1
0 7 99 1 1
0 3 101 1 1
0 2 101 1 1
0 4 102 1 1
0 1 100 1 1
