0 6 0 1 1
0 4 4 1 1
0 1 1 1 1
0 5 5 1 1
0 2 2 1 1
0 6 3 1 1
0 4 7 1 1
0 1 4 1 1
0 5 8 1 1
0 2 5 1 1
0 3 4 1 1
0 6 4 1 1
0 1 4 1 1
0 4 4 1 1
0 7 4 1 1
0 2 3 1 1
0 4 8 1 1
0 3 5 1 1
0 1 4 1 1
0 6 6 1 1
0 6 6 1 1
0 4 10 1 1
0 1 7 1 1
0 5 11 1 1
0 2 8 1 1
0 3 7 1 1
0 6 7 1 1
0 1 7 1 1
0 4 7 1 1
0 7 7 1 1
0 2 6 1 1
0 4 11 1 1
0 3 8 1 1
0 1 7 1 1
0 6 9 1 1
0 6 3 1 1
0 4 7 1 1
0 1 4 1 1
0 5 8 1 1
0 2 5 1 1
0 6 16 1 1
0 4 20 1 1
0 1 17 1 1
0 5 21 1 1
0 2 18 1 1
0 3 17 1 1
0 6 17 1 1
0 1 17 1 1
0 4 17 1 1
0 7 17 1 1
0 2 16 1 1
0 4 21 1 1
0 3 18 1 1
0 1 17 1 1
0 6 19 1 1
0 3 19 1 1
0 6 18 1 1
0 1 20 1 1
0 4 16 1 1
0 2 21 1 1
0 6 20 1 1
0 4 24 1 1
0 1 21 1 1
0 5 25 1 1
0 2 22 1 1
0 3 21 1 1
0 6 21 1 1
0 1 21 1 1
0 4 21 1 1
0 7 21 1 1
0 2 20 1 1
0 4 25 1 1
0 3 22 1 1
0 1 21 1 1
0 6 23 1 1
0 3 23 1 1
0 6 22 1 1
0 1 24 1 1
0 4 20 1 1
0 2 25 1 1
0 6 12 1 1
0 4 16 1 1
0 1 13 1 1
0 5 17 1 1
0 2 14 1 1
0 3 13 1 1
0 6 13 1 1
0 1 13 1 1
0 4 13 1 1
0 7 13 1 1
0 6 35 1 1
0 4 39 1 1
0 1 36 1 1
0 5 40 1 1
0 2 37 1 1
0 3 36 1 1
0 6 36 1 1
0 1 36 1 1
0 4 36 1 1
0 7 36 1 1
0 2 35 1 1
0 4 40 1 1
0 3 37 1 1
0 1 36 1 1
0 6 38 1 1
0 3 38 1 1
0 6 37 1 1
0 1 39 1 1
0 4 35 1 1
0 2 40 1 1
0 7 39 1 1
0 4 39 1 1
0 1 39 1 1
0 6 39 1 1
0 3 39 1 1
0 6 24 1 1
0 4 28 1 1
0 1 25 1 1
0 5 29 1 1
0 2 26 1 1
0 3 25 1 1
0 6 25 1 1
0 1 25 1 1
0 4 25 1 1
0 7 25 1 1
0 2 24 1 1
0 4 29 1 1
0 3 26 1 1
0 1 25 1 1
0 6 27 1 1
0 6 18 1 1
0 4 22 1 1
0 1 19 1 1
0 5 23 1 1
0 2 20 1 1
0 3 19 1 1
0 6 19 1 1
0 1 19 1 1
0 4 19 1 1
0 7 19 1 1
0 6 40 1 1
0 4 44 1 1
0 1 41 1 1
0 5 45 1 1
0 2 42 1 1
0 3 41 1 1
0 6 41 1 1
0 1 41 1 1
0 4 41 1 1
0 7 41 1 1
0 2 40 1 1
0 4 45 1 1
0 3 42 1 1
0 1 41 1 1
0 6 43 1 1
0 3 43 1 1
0 6 42 1 1
0 1 44 1 1
0 4 40 1 1
0 2 45 1 1
0 6 11 1 1
0 4 15 1 1
0 1 12 1 1
0 5 16 1 1
0 2 13 1 1
0 6 12 1 1
0 4 16 1 1
0 1 13 1 1
0 5 17 1 1
0 2 14 1 1
0 6 39 1 1
0 4 43 1 1
0 1 40 1 1
0 5 44 1 1
0 2 41 1 1
0 3 40 1 1
0 6 40 1 1
0 1 40 1 1
0 4 40 1 1
0 7 40 1 1
0 2 39 1 1
0 4 44 1 1
0 3 41 1 1
0 1 40 1 1
0 6 42 1 1
0 6 56 1 1
0 4 60 1 1
0 1 57 1 1
0 5 61 1 1
0 2 58 1 1
0 3 57 1 1
0 6 57 1 1
0 1 57 1 1
0 4 57 1 1
0 7 57 1 1
0 2 56 1 1
0 4 61 1 1
0 3 58 1 1
0 1 57 1 1
0 6 59 1 1
0 3 59 1 1
0 6 58 1 1
0 1 60 1 1
0 4 56 1 1
0 2 61 1 1
0 6 45 1 1
0 4 49 1 1
0 1 46 1 1
0 5 50 1 1
0 2 47 1 1
0 3 46 1 1
0 6 46 1 1
0 1 46 1 1
0 4 46 1 1
0 7 46 1 1
0 2 45 1 1
0 4 50 1 1
0 3 47 1 1
0 1 46 1 1
0 6 48 1 1
0 6 32 1 1
0 4 36 1 1
0 1 33 1 1
0 5 37 1 1
0 2 34 1 1
0 3 33 1 1
0 6 33 1 1
0 1 33 1 1
0 4 33 1 1
0 7 33 1 1
0 6 34 1 1
0 4 38 1 1
0 1 35 1 1
0 5 39 1 1
0 2 36 1 1
0 3 35 1 1
0 6 35 1 1
0 1 35 1 1
0 4 35 1 1
0 7 35 1 1
0 6 90 1 1
0 4 94 1 1
0 1 91 1 1
0 5 95 1 1
0 2 92 1 1
0 3 91 1 1
0 6 91 1 1
0 1 91 1 1
0 4 91 1 1
0 7 91 1 1
0 2 90 1 1
0 4 95 1 1
0 3 92 1 1
0 1 91 1 1
0 6 93 1 1
0 3 93 1 1
0 6 92 1 1
0 1 94 1 1
0 4 90 1 1
0 2 95 1 1
0 7 94 1 1
0 4 94 1 1
0 1 94 1 1
0 6 94 1 1
0 3 94 1 1
0 6 57 1 1
0 4 61 1 1
0 1 58 1 1
0 5 62 1 1
0 2 59 1 1
0 3 58 1 1
0 6 58 1 1
0 1 58 1 1
0 4 58 1 1
0 7 58 1 1
0 2 57 1 1
0 4 62 1 1
0 3 59 1 1
0 1 58 1 1
0 6 60 1 1
0 6 100 1 1
0 4 104 1 1
0 1 101 1 1
0 5 105 1 1
0 2 102 1 1
0 3 101 1 1
0 6 101 1 1
0 1 101 1 1
0 4 101 1 1
0 7 101 1 1
0 2 100 1 1
0 4 105 1 1
0 3 102 1 1
0 1 101 1 1
0 6 103 1 1
0 3 103 1 1
0 6 102 1 1
0 1 104 1 1
0 4 100 1 1
0 2 105 1 1
0 7 104 1 1
0 4 104 1 1
0 1 104 1 1
0 6 104 1 1
0 3 104 1 1
0 6 21 1 1
0 4 25 1 1
0 1 22 1 1
0 5 26 1 1
0 2 23 1 1
0 6 88 1 1
0 4 92 1 1
0 1 89 1 1
0 5 93 1 1
0 2 90 1 1
0 3 89 1 1
0 6 89 1 1
0 1 89 1 1
0 4 89 1 1
0 7 89 1 1
0 2 88 1 1
0 4 93 1 1
0 3 90 1 1
0 1 89 1 1
0 6 91 1 1
0 3 91 1 1
0 6 90 1 1
0 1 92 1 1
0 4 88 1 1
0 2 93 1 1
0 6 92 1 1
0 4 96 1 1
0 1 93 1 1
0 5 97 1 1
0 2 94 1 1
0 3 93 1 1
0 6 93 1 1
0 1 93 1 1
0 4 93 1 1
0 7 93 1 1
0 2 92 1 1
0 4 97 1 1
0 3 94 1 1
0 1 93 1 1
0 6 95 1 1
0 3 95 1 1
0 6 94 1 1
0 1 96 1 1
0 4 92 1 1
0 2 97 1 1
0 6 96 1 1
0 4 100 1 1
0 1 97 1 1
0 5 101 1 1
0 2 98 1 1
0 3 97 1 1
0 6 97 1 1
0 1 97 1 1
0 4 97 1 1
0 7 97 1 1
0 2 96 1 1
0 4 101 1 1
0 3 98 1 1
0 1 97 1 1
0 6 99 1 1
0 3 99 1 1
0 6 98 1 1
0 1 100 1 1
0 4 96 1 1
0 2 101 1 1
0 6 125 1 1
0 4 129 1 1
0 1 126 1 1
0 5 130 1 1
0 2 127 1 1
0 3 126 1 1
0 6 126 1 1
0 1 126 1 1
0 4 126 1 1
0 7 126 1 1
0 2 125 1 1
0 4 130 1 1
0 3 127 1 1
0 1 126 1 1
0 6 128 1 1
0 3 128 1 1
0 6 127 1 1
0 1 129 1 1
0 4 125 1 1
0 2 130 1 1
0 7 129 1 1
0 4 129 1 1
0 1 129 1 1
0 6 129 1 1
0 3 129 1 1
0 6 130 1 1
0 4 134 1 1
0 1 131 1 1
0 5 135 1 1
0 2 132 1 1
0 3 131 1 1
0 6 131 1 1
0 1 131 1 1
0 4 131 1 1
0 7 131 1 1
0 2 130 1 1
0 4 135 1 1
0 3 132 1 1
0 1 131 1 1
0 6 133 1 1
0 3 133 1 1
0 6 132 1 1
0 1 134 1 1
0 4 130 1 1
0 2 135 1 1
0 7 134 1 1
0 4 134 1 1
0 1 134 1 1
0 6 134 1 1
0 3 134 1 1
0 6 81 1 1
0 4 85 1 1
0 1 82 1 1
0 5 86 1 1
0 2 83 1 1
0 3 82 1 1
0 6 82 1 1
0 1 82 1 1
0 4 82 1 1
0 7 82 1 1
0 2 81 1 1
0 4 86 1 1
0 3 83 1 1
0 1 82 1 1
0 6 84 1 1
0 6 140 1 1
0 4 144 1 1
0 1 141 1 1
0 5 145 1 1
0 2 142 1 1
0 3 141 1 1
0 6 141 1 1
0 1 141 1 1
0 4 141 1 1
0 7 141 1 1
0 2 140 1 1
0 4 145 1 1
0 3 142 1 1
0 1 141 1 1
0 6 143 1 1
0 3 143 1 1
0 6 142 1 1
0 1 144 1 1
0 4 140 1 1
0 2 145 1 1
0 7 144 1 1
0 4 144 1 1
0 1 144 1 1
0 6 144 1 1
0 3 144 1 1
0 6 145 1 1
0 4 149 1 1
0 1 146 1 1
0 5 150 1 1
0 2 147 1 1
0 3 146 1 1
0 6 146 1 1
0 1 146 1 1
0 4 146 1 1
0 7 146 1 1
0 2 145 1 1
0 4 150 1 1
0 3 147 1 1
0 1 146 1 1
0 6 148 1 1
0 3 148 1 1
0 6 147 1 1
0 1 149 1 1
0 4 145 1 1
0 2 150 1 1
0 7 149 1 1
0 4 149 1 1
0 1 149 1 1
0 6 149 1 1
0 3 149 1 1
0 6 120 1 1
0 4 124 1 1
0 1 121 1 1
0 5 125 1 1
0 2 122 1 1
0 3 121 1 1
0 6 121 1 1
0 1 121 1 1
0 4 121 1 1
0 7 121 1 1
0 2 120 1 1
0 4 125 1 1
0 3 122 1 1
0 1 121 1 1
0 6 123 1 1
0 3 123 1 1
0 6 122 1 1
0 1 124 1 1
0 4 120 1 1
0 2 125 1 1
0 6 31 1 1
0 4 35 1 1
0 1 32 1 1
0 5 36 1 1
0 2 33 1 1
0 6 32 1 1
0 4 36 1 1
0 1 33 1 1
0 5 37 1 1
0 2 34 1 1
0 6 132 1 1
0 4 136 1 1
0 1 133 1 1
0 5 137 1 1
0 2 134 1 1
0 3 133 1 1
0 6 133 1 1
0 1 133 1 1
0 4 133 1 1
0 7 133 1 1
0 2 132 1 1
0 4 137 1 1
0 3 134 1 1
0 1 133 1 1
0 6 135 1 1
0 3 135 1 1
0 6 134 1 1
0 1 136 1 1
0 4 132 1 1
0 2 137 1 1
0 6 136 1 1
0 4 140 1 1
0 1 137 1 1
0 5 141 1 1
0 2 138 1 1
0 3 137 1 1
0 6 137 1 1
0 1 137 1 1
0 4 137 1 1
0 7 137 1 1
0 2 136 1 1
0 4 141 1 1
0 3 138 1 1
0 1 137 1 1
0 6 139 1 1
0 3 139 1 1
0 6 138 1 1
0 1 140 1 1
0 4 136 1 1
0 2 141 1 1
0 6 105 1 1
0 4 109 1 1
0 1 106 1 1
0 5 110 1 1
0 2 107 1 1
0 3 106 1 1
0 6 106 1 1
0 1 106 1 1
0 4 106 1 1
0 7 106 1 1
0 2 105 1 1
0 4 110 1 1
0 3 107 1 1
0 1 106 1 1
0 6 108 1 1
0 6 108 1 1
0 4 112 1 1
0 1 109 1 1
0 5 113 1 1
0 2 110 1 1
0 3 109 1 1
0 6 109 1 1
0 1 109 1 1
0 4 109 1 1
0 7 109 1 1
0 2 108 1 1
0 4 113 1 1
0 3 110 1 1
0 1 109 1 1
0 6 111 1 1
0 6 185 1 1
0 4 189 1 1
0 1 186 1 1
0 5 190 1 1
0 2 187 1 1
0 3 186 1 1
0 6 186 1 1
0 1 186 1 1
0 4 186 1 1
0 7 186 1 1
0 2 185 1 1
0 4 190 1 1
0 3 187 1 1
0 1 186 1 1
0 6 188 1 1
0 3 188 1 1
0 6 187 1 1
0 1 189 1 1
0 4 185 1 1
0 2 190 1 1
0 7 189 1 1
0 4 189 1 1
0 1 189 1 1
0 6 189 1 1
0 3 189 1 1
0 6 114 1 1
0 4 118 1 1
0 1 115 1 1
0 5 119 1 1
0 2 116 1 1
0 3 115 1 1
0 6 115 1 1
0 1 115 1 1
0 4 115 1 1
0 7 115 1 1
0 2 114 1 1
0 4 119 1 1
0 3 116 1 1
0 1 115 1 1
0 6 117 1 1
0 6 195 1 1
0 4 199 1 1
0 1 196 1 1
0 5 200 1 1
0 2 197 1 1
0 3 196 1 1
0 6 196 1 1
0 1 196 1 1
0 4 196 1 1
0 7 196 1 1
0 2 195 1 1
0 4 200 1 1
0 3 197 1 1
0 1 196 1 1
0 6 198 1 1
0 3 198 1 1
0 6 197 1 1
0 1 199 1 1
0 4 195 1 1
0 2 200 1 1
0 7 199 1 1
0 4 199 1 1
0 1 199 1 1
0 6 199 1 1
0 3 199 1 1
0 6 40 1 1
0 4 44 1 1
0 1 41 1 1
0 5 45 1 1
0 2 42 1 1
0 6 82 1 1
0 4 86 1 1
0 1 83 1 1
0 5 87 1 1
0 2 84 1 1
0 3 83 1 1
0 6 83 1 1
0 1 83 1 1
0 4 83 1 1
0 7 83 1 1
0 6 168 1 1
0 4 172 1 1
0 1 169 1 1
0 5 173 1 1
0 2 170 1 1
0 3 169 1 1
0 6 169 1 1
0 1 169 1 1
0 4 169 1 1
0 7 169 1 1
0 2 168 1 1
0 4 173 1 1
0 3 170 1 1
0 1 169 1 1
0 6 171 1 1
0 3 171 1 1
0 6 170 1 1
0 1 172 1 1
0 4 168 1 1
0 2 173 1 1
0 6 172 1 1
0 4 176 1 1
0 1 173 1 1
0 5 177 1 1
0 2 174 1 1
0 3 173 1 1
0 6 173 1 1
0 1 173 1 1
0 4 173 1 1
0 7 173 1 1
0 2 172 1 1
0 4 177 1 1
0 3 174 1 1
0 1 173 1 1
0 6 175 1 1
0 3 175 1 1
0 6 174 1 1
0 1 176 1 1
0 4 172 1 1
0 2 177 1 1
0 6 176 1 1
0 4 180 1 1
0 1 177 1 1
0 5 181 1 1
0 2 178 1 1
0 3 177 1 1
0 6 177 1 1
0 1 177 1 1
0 4 177 1 1
0 7 177 1 1
0 2 176 1 1
0 4 181 1 1
0 3 178 1 1
0 1 177 1 1
0 6 179 1 1
0 3 179 1 1
0 6 178 1 1
0 1 180 1 1
0 4 176 1 1
0 2 181 1 1
0 6 180 1 1
0 4 184 1 1
0 1 181 1 1
0 5 185 1 1
0 2 182 1 1
0 3 181 1 1
0 6 181 1 1
0 1 181 1 1
0 4 181 1 1
0 7 181 1 1
0 2 180 1 1
0 4 185 1 1
0 3 182 1 1
0 1 181 1 1
0 6 183 1 1
0 3 183 1 1
0 6 182 1 1
0 1 184 1 1
0 4 180 1 1
0 2 185 1 1
0 6 92 1 1
0 4 96 1 1
0 1 93 1 1
0 5 97 1 1
0 2 94 1 1
0 3 93 1 1
0 6 93 1 1
0 1 93 1 1
0 4 93 1 1
0 7 93 1 1
0 6 94 1 1
0 4 98 1 1
0 1 95 1 1
0 5 99 1 1
0 2 96 1 1
0 3 95 1 1
0 6 95 1 1
0 1 95 1 1
0 4 95 1 1
0 7 95 1 1
0 6 96 1 1
0 4 100 1 1
0 1 97 1 1
0 5 101 1 1
0 2 98 1 1
0 3 97 1 1
0 6 97 1 1
0 1 97 1 1
0 4 97 1 1
0 7 97 1 1
0 6 49 1 1
0 4 53 1 1
0 1 50 1 1
0 5 54 1 1
0 2 51 1 1
0 6 250 1 1
0 4 254 1 1
0 1 251 1 1
0 5 255 1 1
0 2 252 1 1
0 3 251 1 1
0 6 251 1 1
0 1 251 1 1
0 4 251 1 1
0 7 251 1 1
0 2 250 1 1
0 4 255 1 1
0 3 252 1 1
0 1 251 1 1
0 6 253 1 1
0 3 253 1 1
0 6 252 1 1
0 1 254 1 1
0 4 250 1 1
0 2 255 1 1
0 7 254 1 1
0 4 254 1 1
0 1 254 1 1
0 6 254 1 1
0 3 254 1 1
0 6 51 1 1
0 4 55 1 1
0 1 52 1 1
0 5 56 1 1
0 2 53 1 1
0 6 52 1 1
0 4 56 1 1
0 1 53 1 1
0 5 57 1 1
0 2 54 1 1
0 6 53 1 1
0 4 57 1 1
0 1 54 1 1
0 5 58 1 1
0 2 55 1 1
0 6 162 1 1
0 4 166 1 1
0 1 163 1 1
0 5 167 1 1
0 2 164 1 1
0 3 163 1 1
0 6 163 1 1
0 1 163 1 1
0 4 163 1 1
0 7 163 1 1
0 2 162 1 1
0 4 167 1 1
0 3 164 1 1
0 1 163 1 1
0 6 165 1 1
0 6 220 1 1
0 4 224 1 1
0 1 221 1 1
0 5 225 1 1
0 2 222 1 1
0 3 221 1 1
0 6 221 1 1
0 1 221 1 1
0 4 221 1 1
0 7 221 1 1
0 2 220 1 1
0 4 225 1 1
0 3 222 1 1
0 1 221 1 1
0 6 223 1 1
0 3 223 1 1
0 6 222 1 1
0 1 224 1 1
0 4 220 1 1
0 2 225 1 1
0 6 224 1 1
0 4 228 1 1
0 1 225 1 1
0 5 229 1 1
0 2 226 1 1
0 3 225 1 1
0 6 225 1 1
0 1 225 1 1
0 4 225 1 1
0 7 225 1 1
0 2 224 1 1
0 4 229 1 1
0 3 226 1 1
0 1 225 1 1
0 6 227 1 1
0 3 227 1 1
0 6 226 1 1
0 1 228 1 1
0 4 224 1 1
0 2 229 1 1
0 6 228 1 1
0 4 232 1 1
0 1 229 1 1
0 5 233 1 1
0 2 230 1 1
0 3 229 1 1
0 6 229 1 1
0 1 229 1 1
0 4 229 1 1
0 7 229 1 1
0 2 228 1 1
0 4 233 1 1
0 3 230 1 1
0 1 229 1 1
0 6 231 1 1
0 3 231 1 1
0 6 230 1 1
0 1 232 1 1
0 4 228 1 1
0 2 233 1 1
0 6 116 1 1
0 4 120 1 1
0 1 117 1 1
0 5 121 1 1
0 2 118 1 1
0 3 117 1 1
0 6 117 1 1
0 1 117 1 1
0 4 117 1 1
0 7 117 1 1
0 6 177 1 1
0 4 181 1 1
0 1 178 1 1
0 5 182 1 1
0 2 179 1 1
0 3 178 1 1
0 6 178 1 1
0 1 178 1 1
0 4 178 1 1
0 7 178 1 1
0 2 177 1 1
0 4 182 1 1
0 3 179 1 1
0 1 178 1 1
0 6 180 1 1
0 6 60 1 1
0 4 64 1 1
0 1 61 1 1
0 5 65 1 1
0 2 62 1 1
0 6 305 1 1
0 4 309 1 1
0 1 306 1 1
0 5 310 1 1
0 2 307 1 1
0 3 306 1 1
0 6 306 1 1
0 1 306 1 1
0 4 306 1 1
0 7 306 1 1
0 2 305 1 1
0 4 310 1 1
0 3 307 1 1
0 1 306 1 1
0 6 308 1 1
0 3 308 1 1
0 6 307 1 1
0 1 309 1 1
0 4 305 1 1
0 2 310 1 1
0 7 309 1 1
0 4 309 1 1
0 1 309 1 1
0 6 309 1 1
0 3 309 1 1
0 6 124 1 1
0 4 128 1 1
0 1 125 1 1
0 5 129 1 1
0 2 126 1 1
0 3 125 1 1
0 6 125 1 1
0 1 125 1 1
0 4 125 1 1
0 7 125 1 1
0 6 252 1 1
0 4 256 1 1
0 1 253 1 1
0 5 257 1 1
0 2 254 1 1
0 3 253 1 1
0 6 253 1 1
0 1 253 1 1
0 4 253 1 1
0 7 253 1 1
0 2 252 1 1
0 4 257 1 1
0 3 254 1 1
0 1 253 1 1
0 6 255 1 1
0 3 255 1 1
0 6 254 1 1
0 1 256 1 1
0 4 252 1 1
0 2 257 1 1
0 6 64 1 1
0 4 68 1 1
0 1 65 1 1
0 5 69 1 1
0 2 66 1 1
0 6 325 1 1
0 4 329 1 1
0 1 326 1 1
0 5 330 1 1
0 2 327 1 1
0 3 326 1 1
0 6 326 1 1
0 1 326 1 1
0 4 326 1 1
0 7 326 1 1
0 2 325 1 1
0 4 330 1 1
0 3 327 1 1
0 1 326 1 1
0 6 328 1 1
0 3 328 1 1
0 6 327 1 1
0 1 329 1 1
0 4 325 1 1
0 2 330 1 1
0 7 329 1 1
0 4 329 1 1
0 1 329 1 1
0 6 329 1 1
0 3 329 1 1
0 6 264 1 1
0 4 268 1 1
0 1 265 1 1
0 5 269 1 1
0 2 266 1 1
0 3 265 1 1
0 6 265 1 1
0 1 265 1 1
0 4 265 1 1
0 7 265 1 1
0 2 264 1 1
0 4 269 1 1
0 3 266 1 1
0 1 265 1 1
0 6 267 1 1
0 3 267 1 1
0 6 266 1 1
0 1 268 1 1
0 4 264 1 1
0 2 269 1 1
0 6 67 1 1
0 4 71 1 1
0 1 68 1 1
0 5 72 1 1
0 2 69 1 1
0 6 272 1 1
0 4 276 1 1
0 1 273 1 1
0 5 277 1 1
0 2 274 1 1
0 3 273 1 1
0 6 273 1 1
0 1 273 1 1
0 4 273 1 1
0 7 273 1 1
0 2 272 1 1
0 4 277 1 1
0 3 274 1 1
0 1 273 1 1
0 6 275 1 1
0 3 275 1 1
0 6 274 1 1
0 1 276 1 1
0 4 272 1 1
0 2 277 1 1
0 6 345 1 1
0 4 349 1 1
0 1 346 1 1
0 5 350 1 1
0 2 347 1 1
0 3 346 1 1
0 6 346 1 1
0 1 346 1 1
0 4 346 1 1
0 7 346 1 1
0 2 345 1 1
0 4 350 1 1
0 3 347 1 1
0 1 346 1 1
0 6 348 1 1
0 3 348 1 1
0 6 347 1 1
0 1 349 1 1
0 4 345 1 1
0 2 350 1 1
0 7 349 1 1
0 4 349 1 1
0 1 349 1 1
0 6 349 1 1
0 3 349 1 1
0 6 350 1 1
0 4 354 1 1
0 1 351 1 1
0 5 355 1 1
0 2 352 1 1
0 3 351 1 1
0 6 351 1 1
0 1 351 1 1
0 4 351 1 1
0 7 351 1 1
0 2 350 1 1
0 4 355 1 1
0 3 352 1 1
0 1 351 1 1
0 6 353 1 1
0 3 353 1 1
0 6 352 1 1
0 1 354 1 1
0 4 350 1 1
0 2 355 1 1
0 7 354 1 1
0 4 354 1 1
0 1 354 1 1
0 6 354 1 1
0 3 354 1 1
0 6 355 1 1
0 4 359 1 1
0 1 356 1 1
0 5 360 1 1
0 2 357 1 1
0 3 356 1 1
0 6 356 1 1
0 1 356 1 1
0 4 356 1 1
0 7 356 1 1
0 2 355 1 1
0 4 360 1 1
0 3 357 1 1
0 1 356 1 1
0 6 358 1 1
0 3 358 1 1
0 6 357 1 1
0 1 359 1 1
0 4 355 1 1
0 2 360 1 1
0 7 359 1 1
0 4 359 1 1
0 1 359 1 1
0 6 359 1 1
0 3 359 1 1
0 6 216 1 1
0 4 220 1 1
0 1 217 1 1
0 5 221 1 1
0 2 218 1 1
0 3 217 1 1
0 6 217 1 1
0 1 217 1 1
0 4 217 1 1
0 7 217 1 1
0 2 216 1 1
0 4 221 1 1
0 3 218 1 1
0 1 217 1 1
0 6 219 1 1
0 6 73 1 1
0 4 77 1 1
0 1 74 1 1
0 5 78 1 1
0 2 75 1 1
0 6 370 1 1
0 4 374 1 1
0 1 371 1 1
0 5 375 1 1
0 2 372 1 1
0 3 371 1 1
0 6 371 1 1
0 1 371 1 1
0 4 371 1 1
0 7 371 1 1
0 2 370 1 1
0 4 375 1 1
0 3 372 1 1
0 1 371 1 1
0 6 373 1 1
0 3 373 1 1
0 6 372 1 1
0 1 374 1 1
0 4 370 1 1
0 2 375 1 1
0 7 374 1 1
0 4 374 1 1
0 1 374 1 1
0 6 374 1 1
0 3 374 1 1
0 6 225 1 1
0 4 229 1 1
0 1 226 1 1
0 5 230 1 1
0 2 227 1 1
0 3 226 1 1
0 6 226 1 1
0 1 226 1 1
0 4 226 1 1
0 7 226 1 1
0 2 225 1 1
0 4 230 1 1
0 3 227 1 1
0 1 226 1 1
0 6 228 1 1
0 6 152 1 1
0 4 156 1 1
0 1 153 1 1
0 5 157 1 1
0 2 154 1 1
0 3 153 1 1
0 6 153 1 1
0 1 153 1 1
0 4 153 1 1
0 7 153 1 1
0 6 308 1 1
0 4 312 1 1
0 1 309 1 1
0 5 313 1 1
0 2 310 1 1
0 3 309 1 1
0 6 309 1 1
0 1 309 1 1
0 4 309 1 1
0 7 309 1 1
0 2 308 1 1
0 4 313 1 1
0 3 310 1 1
0 1 309 1 1
0 6 311 1 1
0 3 311 1 1
0 6 310 1 1
0 1 312 1 1
0 4 308 1 1
0 2 313 1 1
0 6 390 1 1
0 4 394 1 1
0 1 391 1 1
0 5 395 1 1
0 2 392 1 1
0 3 391 1 1
0 6 391 1 1
0 1 391 1 1
0 4 391 1 1
0 7 391 1 1
0 2 390 1 1
0 4 395 1 1
0 3 392 1 1
0 1 391 1 1
0 6 393 1 1
0 3 393 1 1
0 6 392 1 1
0 1 394 1 1
0 4 390 1 1
0 2 395 1 1
0 7 394 1 1
0 4 394 1 1
0 1 394 1 1
0 6 394 1 1
0 3 394 1 1
0 6 79 1 1
0 4 83 1 1
0 1 80 1 1
0 5 84 1 1
0 2 81 1 1
0 6 160 1 1
0 4 164 1 1
0 1 161 1 1
0 5 165 1 1
0 2 162 1 1
0 3 161 1 1
0 6 161 1 1
0 1 161 1 1
0 4 161 1 1
0 7 161 1 1
0 6 162 1 1
0 4 166 1 1
0 1 163 1 1
0 5 167 1 1
0 2 164 1 1
0 3 163 1 1
0 6 163 1 1
0 1 163 1 1
0 4 163 1 1
0 7 163 1 1
0 6 410 1 1
0 4 414 1 1
0 1 411 1 1
0 5 415 1 1
0 2 412 1 1
0 3 411 1 1
0 6 411 1 1
0 1 411 1 1
0 4 411 1 1
0 7 411 1 1
0 2 410 1 1
0 4 415 1 1
0 3 412 1 1
0 1 411 1 1
0 6 413 1 1
0 3 413 1 1
0 6 412 1 1
0 1 414 1 1
0 4 410 1 1
0 2 415 1 1
0 7 414 1 1
0 4 414 1 1
0 1 414 1 1
0 6 414 1 1
0 3 414 1 1
0 6 249 1 1
0 4 253 1 1
0 1 250 1 1
0 5 254 1 1
0 2 251 1 1
0 3 250 1 1
0 6 250 1 1
0 1 250 1 1
0 4 250 1 1
0 7 250 1 1
0 2 249 1 1
0 4 254 1 1
0 3 251 1 1
0 1 250 1 1
0 6 252 1 1
0 6 84 1 1
0 4 88 1 1
0 1 85 1 1
0 5 89 1 1
0 2 86 1 1
0 6 340 1 1
0 4 344 1 1
0 1 341 1 1
0 5 345 1 1
0 2 342 1 1
0 3 341 1 1
0 6 341 1 1
0 1 341 1 1
0 4 341 1 1
0 7 341 1 1
0 2 340 1 1
0 4 345 1 1
0 3 342 1 1
0 1 341 1 1
0 6 343 1 1
0 3 343 1 1
0 6 342 1 1
0 1 344 1 1
0 4 340 1 1
0 2 345 1 1
0 6 344 1 1
0 4 348 1 1
0 1 345 1 1
0 5 349 1 1
0 2 346 1 1
0 3 345 1 1
0 6 345 1 1
0 1 345 1 1
0 4 345 1 1
0 7 345 1 1
0 2 344 1 1
0 4 349 1 1
0 3 346 1 1
0 1 345 1 1
0 6 347 1 1
0 3 347 1 1
0 6 346 1 1
0 1 348 1 1
0 4 344 1 1
0 2 349 1 1
0 6 261 1 1
0 4 265 1 1
0 1 262 1 1
0 5 266 1 1
0 2 263 1 1
0 3 262 1 1
0 6 262 1 1
0 1 262 1 1
0 4 262 1 1
0 7 262 1 1
0 2 261 1 1
0 4 266 1 1
0 3 263 1 1
0 1 262 1 1
0 6 264 1 1
0 6 176 1 1
0 4 180 1 1
0 1 177 1 1
0 5 181 1 1
0 2 178 1 1
0 3 177 1 1
0 6 177 1 1
0 1 177 1 1
0 4 177 1 1
0 7 177 1 1
0 6 445 1 1
0 4 449 1 1
0 1 446 1 1
0 5 450 1 1
0 2 447 1 1
0 3 446 1 1
0 6 446 1 1
0 1 446 1 1
0 4 446 1 1
0 7 446 1 1
0 2 445 1 1
0 4 450 1 1
0 3 447 1 1
0 1 446 1 1
0 6 448 1 1
0 3 448 1 1
0 6 447 1 1
0 1 449 1 1
0 4 445 1 1
0 2 450 1 1
0 7 449 1 1
0 4 449 1 1
0 1 449 1 1
0 6 449 1 1
0 3 449 1 1
0 6 270 1 1
0 4 274 1 1
0 1 271 1 1
0 5 275 1 1
0 2 272 1 1
0 3 271 1 1
0 6 271 1 1
0 1 271 1 1
0 4 271 1 1
0 7 271 1 1
0 2 270 1 1
0 4 275 1 1
0 3 272 1 1
0 1 271 1 1
0 6 273 1 1
0 6 364 1 1
0 4 368 1 1
0 1 365 1 1
0 5 369 1 1
0 2 366 1 1
0 3 365 1 1
0 6 365 1 1
0 1 365 1 1
0 4 365 1 1
0 7 365 1 1
0 2 364 1 1
0 4 369 1 1
0 3 366 1 1
0 1 365 1 1
0 6 367 1 1
0 3 367 1 1
0 6 366 1 1
0 1 368 1 1
0 4 364 1 1
0 2 369 1 1
0 6 276 1 1
0 4 280 1 1
0 1 277 1 1
0 5 281 1 1
0 2 278 1 1
0 3 277 1 1
0 6 277 1 1
0 1 277 1 1
0 4 277 1 1
0 7 277 1 1
0 2 276 1 1
0 4 281 1 1
0 3 278 1 1
0 1 277 1 1
0 6 279 1 1
0 6 372 1 1
0 4 376 1 1
0 1 373 1 1
0 5 377 1 1
0 2 374 1 1
0 3 373 1 1
0 6 373 1 1
0 1 373 1 1
0 4 373 1 1
0 7 373 1 1
0 2 372 1 1
0 4 377 1 1
0 3 374 1 1
0 1 373 1 1
0 6 375 1 1
0 3 375 1 1
0 6 374 1 1
0 1 376 1 1
0 4 372 1 1
0 2 377 1 1
0 6 376 1 1
0 4 380 1 1
0 1 377 1 1
0 5 381 1 1
0 2 378 1 1
0 3 377 1 1
0 6 377 1 1
0 1 377 1 1
0 4 377 1 1
0 7 377 1 1
0 2 376 1 1
0 4 381 1 1
0 3 378 1 1
0 1 377 1 1
0 6 379 1 1
0 3 379 1 1
0 6 378 1 1
0 1 380 1 1
0 4 376 1 1
0 2 381 1 1
0 6 380 1 1
0 4 384 1 1
0 1 381 1 1
0 5 385 1 1
0 2 382 1 1
0 3 381 1 1
0 6 381 1 1
0 1 381 1 1
0 4 381 1 1
0 7 381 1 1
0 2 380 1 1
0 4 385 1 1
0 3 382 1 1
0 1 381 1 1
0 6 383 1 1
0 3 383 1 1
0 6 382 1 1
0 1 384 1 1
0 4 380 1 1
0 2 385 1 1
0 6 480 1 1
0 4 484 1 1
0 1 481 1 1
0 5 485 1 1
0 2 482 1 1
0 3 481 1 1
0 6 481 1 1
0 1 481 1 1
0 4 481 1 1
0 7 481 1 1
0 2 480 1 1
0 4 485 1 1
0 3 482 1 1
0 1 481 1 1
0 6 483 1 1
0 3 483 1 1
0 6 482 1 1
0 1 484 1 1
0 4 480 1 1
0 2 485 1 1
0 7 484 1 1
0 4 484 1 1
0 1 484 1 1
0 6 484 1 1
0 3 484 1 1
0 6 194 1 1
0 4 198 1 1
0 1 195 1 1
0 5 199 1 1
0 2 196 1 1
0 3 195 1 1
0 6 195 1 1
0 1 195 1 1
0 4 195 1 1
0 7 195 1 1
0 6 490 1 1
0 4 494 1 1
0 1 491 1 1
0 5 495 1 1
0 2 492 1 1
0 3 491 1 1
0 6 491 1 1
0 1 491 1 1
0 4 491 1 1
0 7 491 1 1
0 2 490 1 1
0 4 495 1 1
0 3 492 1 1
0 1 491 1 1
0 6 493 1 1
0 3 493 1 1
0 6 492 1 1
0 1 494 1 1
0 4 490 1 1
0 2 495 1 1
0 7 494 1 1
0 4 494 1 1
0 1 494 1 1
0 6 494 1 1
0 3 494 1 1
0 6 99 1 1
0 4 103 1 1
0 1 100 1 1
0 5 104 1 1
0 2 101 1 1
