0 3 3 1 1
0 5 5 1 1
0 10 10 1 1
0 11 11 1 1
0 4 4 1 1
0 7 7 1 1
0 9 9 1 1
0 12 0 1 1
0 8 8 1 1
0 2 2 1 1
0 1 1 1 1
0 3 1 1 1
0 12 1 1 1
0 13 1 1 1
0 4 1 1 1
0 5 1 1 1
0 8 1 1 1
0 6 1 1 1
0 9 1 1 1
0 7 1 1 1
0 10 1 1 1
0 1 1 1 1
0 5 10 1 1
0 9 6 1 1
0 4 11 1 1
0 10 5 1 1
0 12 3 1 1
0 1 1 1 1
0 3 2 1 1
0 7 8 1 1
0 6 9 1 1
0 2 0 1 1
0 11 4 1 1
0 7 10 1 1
0 8 11 1 1
0 2 5 1 1
0 5 8 1 1
0 3 6 1 1
0 4 7 1 1
0 9 3 1 1
0 10 0 1 1
0 12 2 1 1
0 6 9 1 1
0 1 4 1 1
0 10 4 1 1
0 7 4 1 1
0 9 4 1 1
0 6 4 1 1
0 4 4 1 1
0 13 4 1 1
0 12 4 1 1
0 3 4 1 1
0 2 4 1 1
0 1 4 1 1
0 11 4 1 1
0 3 7 1 1
0 5 9 1 1
0 10 14 1 1
0 11 15 1 1
0 4 8 1 1
0 7 11 1 1
0 9 13 1 1
0 12 4 1 1
0 8 12 1 1
0 2 6 1 1
0 1 5 1 1
0 3 5 1 1
0 12 5 1 1
0 13 5 1 1
0 4 5 1 1
0 5 5 1 1
0 8 5 1 1
0 6 5 1 1
0 9 5 1 1
0 7 5 1 1
0 10 5 1 1
0 1 5 1 1
0 5 14 1 1
0 9 10 1 1
0 4 15 1 1
0 10 9 1 1
0 12 7 1 1
0 1 5 1 1
0 3 6 1 1
0 7 12 1 1
0 6 13 1 1
0 2 4 1 1
0 11 8 1 1
0 7 14 1 1
0 8 15 1 1
0 2 9 1 1
0 5 12 1 1
0 3 10 1 1
0 4 11 1 1
0 9 7 1 1
0 10 4 1 1
0 12 6 1 1
0 6 13 1 1
0 1 8 1 1
0 3 19 1 1
0 5 21 1 1
0 10 26 1 1
0 11 27 1 1
0 4 20 1 1
0 7 23 1 1
0 9 25 1 1
0 12 16 1 1
0 8 24 1 1
0 2 18 1 1
0 1 17 1 1
0 3 17 1 1
0 12 17 1 1
0 13 17 1 1
0 4 17 1 1
0 5 17 1 1
0 8 17 1 1
0 6 17 1 1
0 9 17 1 1
0 7 17 1 1
0 10 17 1 1
0 1 17 1 1
0 5 26 1 1
0 9 22 1 1
0 4 27 1 1
0 10 21 1 1
0 12 19 1 1
0 1 17 1 1
0 3 18 1 1
0 7 24 1 1
0 6 25 1 1
0 2 16 1 1
0 11 20 1 1
0 7 26 1 1
0 8 27 1 1
0 2 21 1 1
0 5 24 1 1
0 3 22 1 1
0 4 23 1 1
0 9 19 1 1
0 10 16 1 1
0 12 18 1 1
0 6 25 1 1
0 1 20 1 1
0 10 20 1 1
0 7 20 1 1
0 9 20 1 1
0 6 20 1 1
0 4 20 1 1
0 13 20 1 1
0 12 20 1 1
0 3 20 1 1
0 2 20 1 1
0 1 20 1 1
0 11 20 1 1
0 7 27 1 1
0 2 19 1 1
0 8 26 1 1
0 6 21 1 1
0 12 22 1 1
0 9 25 1 1
0 4 17 1 1
0 10 24 1 1
0 5 16 1 1
0 11 23 1 1
0 1 20 1 1
0 4 26 1 1
0 2 24 1 1
0 5 27 1 1
0 1 23 1 1
0 9 18 1 1
0 10 19 1 1
0 12 21 1 1
0 6 22 1 1
0 7 16 1 1
0 8 17 1 1
0 11 20 1 1
0 3 23 1 1
0 1 23 1 1
0 12 23 1 1
0 6 23 1 1
0 13 23 1 1
0 7 23 1 1
0 4 23 1 1
0 10 23 1 1
0 11 23 1 1
0 2 23 1 1
0 9 23 1 1
0 3 27 1 1
0 5 29 1 1
0 10 34 1 1
0 11 35 1 1
0 4 28 1 1
0 7 31 1 1
0 9 33 1 1
0 12 24 1 1
0 8 32 1 1
0 2 26 1 1
0 1 25 1 1
0 3 25 1 1
0 12 25 1 1
0 13 25 1 1
0 4 25 1 1
0 5 25 1 1
0 8 25 1 1
0 6 25 1 1
0 9 25 1 1
0 7 25 1 1
0 10 25 1 1
0 1 25 1 1
0 5 34 1 1
0 9 30 1 1
0 4 35 1 1
0 10 29 1 1
0 12 27 1 1
0 1 25 1 1
0 3 26 1 1
0 7 32 1 1
0 6 33 1 1
0 2 24 1 1
0 11 28 1 1
0 7 34 1 1
0 8 35 1 1
0 2 29 1 1
0 5 32 1 1
0 3 30 1 1
0 4 31 1 1
0 9 27 1 1
0 10 24 1 1
0 12 26 1 1
0 6 33 1 1
0 1 28 1 1
0 10 28 1 1
0 7 28 1 1
0 9 28 1 1
0 6 28 1 1
0 4 28 1 1
0 13 28 1 1
0 12 28 1 1
0 3 28 1 1
0 2 28 1 1
0 1 28 1 1
0 11 28 1 1
0 7 35 1 1
0 2 27 1 1
0 8 34 1 1
0 6 29 1 1
0 12 30 1 1
0 9 33 1 1
0 4 25 1 1
0 10 32 1 1
0 5 24 1 1
0 11 31 1 1
0 1 28 1 1
0 4 34 1 1
0 2 32 1 1
0 5 35 1 1
0 1 31 1 1
0 9 26 1 1
0 10 27 1 1
0 12 29 1 1
0 6 30 1 1
0 7 24 1 1
0 8 25 1 1
0 11 28 1 1
0 3 31 1 1
0 1 31 1 1
0 12 31 1 1
0 6 31 1 1
0 13 31 1 1
0 7 31 1 1
0 4 31 1 1
0 10 31 1 1
0 11 31 1 1
0 2 31 1 1
0 9 31 1 1
0 3 47 1 1
0 5 49 1 1
0 10 54 1 1
0 11 55 1 1
0 4 48 1 1
0 7 51 1 1
0 9 53 1 1
0 12 44 1 1
0 8 52 1 1
0 2 46 1 1
0 1 45 1 1
0 3 45 1 1
0 12 45 1 1
0 13 45 1 1
0 4 45 1 1
0 5 45 1 1
0 8 45 1 1
0 6 45 1 1
0 9 45 1 1
0 7 45 1 1
0 10 45 1 1
0 1 45 1 1
0 5 54 1 1
0 9 50 1 1
0 4 55 1 1
0 10 49 1 1
0 12 47 1 1
0 1 45 1 1
0 3 46 1 1
0 7 52 1 1
0 6 53 1 1
0 2 44 1 1
0 11 48 1 1
0 7 54 1 1
0 8 55 1 1
0 2 49 1 1
0 5 52 1 1
0 3 50 1 1
0 4 51 1 1
0 9 47 1 1
0 10 44 1 1
0 12 46 1 1
0 6 53 1 1
0 1 48 1 1
0 10 48 1 1
0 7 48 1 1
0 9 48 1 1
0 6 48 1 1
0 4 48 1 1
0 13 48 1 1
0 12 48 1 1
0 3 48 1 1
0 2 48 1 1
0 1 48 1 1
0 11 48 1 1
0 7 55 1 1
0 2 47 1 1
0 8 54 1 1
0 6 49 1 1
0 12 50 1 1
0 9 53 1 1
0 4 45 1 1
0 10 52 1 1
0 5 44 1 1
0 11 51 1 1
0 1 48 1 1
0 4 54 1 1
0 2 52 1 1
0 5 55 1 1
0 1 51 1 1
0 9 46 1 1
0 10 47 1 1
0 12 49 1 1
0 6 50 1 1
0 7 44 1 1
0 8 45 1 1
0 11 48 1 1
0 3 51 1 1
0 1 51 1 1
0 12 51 1 1
0 6 51 1 1
0 13 51 1 1
0 7 51 1 1
0 4 51 1 1
0 10 51 1 1
0 11 51 1 1
0 2 51 1 1
0 9 51 1 1
0 10 55 1 1
0 6 46 1 1
0 1 51 1 1
0 4 48 1 1
0 9 52 1 1
0 2 50 1 1
0 3 49 1 1
0 7 45 1 1
0 8 44 1 1
0 12 53 1 1
0 5 47 1 1
0 9 49 1 1
0 6 46 1 1
0 12 52 1 1
0 2 55 1 1
0 10 50 1 1
0 3 53 1 1
0 5 45 1 1
0 1 54 1 1
0 4 44 1 1
0 11 51 1 1
0 7 47 1 1
0 8 54 1 1
0 5 54 1 1
0 4 54 1 1
0 10 54 1 1
0 7 54 1 1
0 13 54 1 1
0 6 54 1 1
0 12 54 1 1
0 1 54 1 1
0 3 54 1 1
0 9 54 1 1
0 3 53 1 1
0 5 55 1 1
0 10 60 1 1
0 11 61 1 1
0 4 54 1 1
0 7 57 1 1
0 9 59 1 1
0 12 50 1 1
0 8 58 1 1
0 2 52 1 1
0 1 51 1 1
0 3 51 1 1
0 12 51 1 1
0 13 51 1 1
0 4 51 1 1
0 5 51 1 1
0 8 51 1 1
0 6 51 1 1
0 9 51 1 1
0 7 51 1 1
0 10 51 1 1
0 1 51 1 1
0 5 60 1 1
0 9 56 1 1
0 4 61 1 1
0 10 55 1 1
0 12 53 1 1
0 1 51 1 1
0 3 52 1 1
0 7 58 1 1
0 6 59 1 1
0 2 50 1 1
0 11 54 1 1
0 7 60 1 1
0 8 61 1 1
0 2 55 1 1
0 5 58 1 1
0 3 56 1 1
0 4 57 1 1
0 9 53 1 1
0 10 50 1 1
0 12 52 1 1
0 6 59 1 1
0 1 54 1 1
0 10 54 1 1
0 7 54 1 1
0 9 54 1 1
0 6 54 1 1
0 4 54 1 1
0 13 54 1 1
0 12 54 1 1
0 3 54 1 1
0 2 54 1 1
0 1 54 1 1
0 11 54 1 1
0 7 61 1 1
0 2 53 1 1
0 8 60 1 1
0 6 55 1 1
0 12 56 1 1
0 9 59 1 1
0 4 51 1 1
0 10 58 1 1
0 5 50 1 1
0 11 57 1 1
0 1 54 1 1
0 4 60 1 1
0 2 58 1 1
0 5 61 1 1
0 1 57 1 1
0 9 52 1 1
0 10 53 1 1
0 12 55 1 1
0 6 56 1 1
0 7 50 1 1
0 8 51 1 1
0 11 54 1 1
0 3 57 1 1
0 1 57 1 1
0 12 57 1 1
0 6 57 1 1
0 13 57 1 1
0 7 57 1 1
0 4 57 1 1
0 10 57 1 1
0 11 57 1 1
0 2 57 1 1
0 9 57 1 1
0 10 61 1 1
0 6 52 1 1
0 1 57 1 1
0 4 54 1 1
0 9 58 1 1
0 2 56 1 1
0 3 55 1 1
0 7 51 1 1
0 8 50 1 1
0 12 59 1 1
0 5 53 1 1
0 9 55 1 1
0 6 52 1 1
0 12 58 1 1
0 2 61 1 1
0 10 56 1 1
0 3 59 1 1
0 5 51 1 1
0 1 60 1 1
0 4 50 1 1
0 11 57 1 1
0 7 53 1 1
0 3 15 1 1
0 5 17 1 1
0 10 22 1 1
0 11 23 1 1
0 4 16 1 1
0 7 19 1 1
0 9 21 1 1
0 12 12 1 1
0 8 20 1 1
0 2 14 1 1
0 1 13 1 1
0 3 13 1 1
0 12 13 1 1
0 13 13 1 1
0 4 13 1 1
0 5 13 1 1
0 8 13 1 1
0 6 13 1 1
0 9 13 1 1
0 7 13 1 1
0 10 13 1 1
0 1 13 1 1
0 3 10 1 1
0 5 12 1 1
0 10 17 1 1
0 11 18 1 1
0 4 11 1 1
0 7 14 1 1
0 9 16 1 1
0 12 7 1 1
0 8 15 1 1
0 2 9 1 1
0 1 8 1 1
0 3 83 1 1
0 5 85 1 1
0 10 90 1 1
0 11 91 1 1
0 4 84 1 1
0 7 87 1 1
0 9 89 1 1
0 12 80 1 1
0 8 88 1 1
0 2 82 1 1
0 1 81 1 1
0 3 81 1 1
0 12 81 1 1
0 13 81 1 1
0 4 81 1 1
0 5 81 1 1
0 8 81 1 1
0 6 81 1 1
0 9 81 1 1
0 7 81 1 1
0 10 81 1 1
0 1 81 1 1
0 5 90 1 1
0 9 86 1 1
0 4 91 1 1
0 10 85 1 1
0 12 83 1 1
0 1 81 1 1
0 3 82 1 1
0 7 88 1 1
0 6 89 1 1
0 2 80 1 1
0 11 84 1 1
0 7 90 1 1
0 8 91 1 1
0 2 85 1 1
0 5 88 1 1
0 3 86 1 1
0 4 87 1 1
0 9 83 1 1
0 10 80 1 1
0 12 82 1 1
0 6 89 1 1
0 1 84 1 1
0 10 84 1 1
0 7 84 1 1
0 9 84 1 1
0 6 84 1 1
0 4 84 1 1
0 13 84 1 1
0 12 84 1 1
0 3 84 1 1
0 2 84 1 1
0 1 84 1 1
0 11 84 1 1
0 7 91 1 1
0 2 83 1 1
0 8 90 1 1
0 6 85 1 1
0 12 86 1 1
0 9 89 1 1
0 4 81 1 1
0 10 88 1 1
0 5 80 1 1
0 11 87 1 1
0 1 84 1 1
0 4 90 1 1
0 2 88 1 1
0 5 91 1 1
0 1 87 1 1
0 9 82 1 1
0 10 83 1 1
0 12 85 1 1
0 6 86 1 1
0 7 80 1 1
0 8 81 1 1
0 11 84 1 1
0 3 87 1 1
0 1 87 1 1
0 12 87 1 1
0 6 87 1 1
0 13 87 1 1
0 7 87 1 1
0 4 87 1 1
0 10 87 1 1
0 11 87 1 1
0 2 87 1 1
0 9 87 1 1
0 10 91 1 1
0 6 82 1 1
0 1 87 1 1
0 4 84 1 1
0 9 88 1 1
0 2 86 1 1
0 3 85 1 1
0 7 81 1 1
0 8 80 1 1
0 12 89 1 1
0 5 83 1 1
0 9 85 1 1
0 6 82 1 1
0 12 88 1 1
0 2 91 1 1
0 10 86 1 1
0 3 89 1 1
0 5 81 1 1
0 1 90 1 1
0 4 80 1 1
0 11 87 1 1
0 7 83 1 1
0 3 84 1 1
0 5 86 1 1
0 10 91 1 1
0 11 92 1 1
0 4 85 1 1
0 7 88 1 1
0 9 90 1 1
0 12 81 1 1
0 8 89 1 1
0 2 83 1 1
0 1 82 1 1
0 3 82 1 1
0 12 82 1 1
0 13 82 1 1
0 4 82 1 1
0 5 82 1 1
0 8 82 1 1
0 6 82 1 1
0 9 82 1 1
0 7 82 1 1
0 10 82 1 1
0 1 82 1 1
0 5 91 1 1
0 9 87 1 1
0 4 92 1 1
0 10 86 1 1
0 12 84 1 1
0 1 82 1 1
0 3 83 1 1
0 7 89 1 1
0 6 90 1 1
0 2 81 1 1
0 11 85 1 1
0 7 91 1 1
0 8 92 1 1
0 2 86 1 1
0 5 89 1 1
0 3 87 1 1
0 4 88 1 1
0 9 84 1 1
0 10 81 1 1
0 12 83 1 1
0 6 90 1 1
0 1 85 1 1
0 10 85 1 1
0 7 85 1 1
0 9 85 1 1
0 6 85 1 1
0 4 85 1 1
0 13 85 1 1
0 12 85 1 1
0 3 85 1 1
0 2 85 1 1
0 1 85 1 1
0 11 85 1 1
0 7 92 1 1
0 2 84 1 1
0 8 91 1 1
0 6 86 1 1
0 12 87 1 1
0 9 90 1 1
0 4 82 1 1
0 10 89 1 1
0 5 81 1 1
0 11 88 1 1
0 1 85 1 1
0 4 91 1 1
0 2 89 1 1
0 5 92 1 1
0 1 88 1 1
0 9 83 1 1
0 10 84 1 1
0 12 86 1 1
0 6 87 1 1
0 7 81 1 1
0 8 82 1 1
0 11 85 1 1
0 3 88 1 1
0 1 88 1 1
0 12 88 1 1
0 6 88 1 1
0 13 88 1 1
0 7 88 1 1
0 4 88 1 1
0 10 88 1 1
0 11 88 1 1
0 2 88 1 1
0 9 88 1 1
0 10 92 1 1
0 6 83 1 1
0 1 88 1 1
0 4 85 1 1
0 9 89 1 1
0 2 87 1 1
0 3 86 1 1
0 7 82 1 1
0 8 81 1 1
0 12 90 1 1
0 5 84 1 1
0 3 103 1 1
0 5 105 1 1
0 10 110 1 1
0 11 111 1 1
0 4 104 1 1
0 7 107 1 1
0 9 109 1 1
0 12 100 1 1
0 8 108 1 1
0 2 102 1 1
0 1 101 1 1
0 3 101 1 1
0 12 101 1 1
0 13 101 1 1
0 4 101 1 1
0 5 101 1 1
0 8 101 1 1
0 6 101 1 1
0 9 101 1 1
0 7 101 1 1
0 10 101 1 1
0 1 101 1 1
0 5 110 1 1
0 9 106 1 1
0 4 111 1 1
0 10 105 1 1
0 12 103 1 1
0 1 101 1 1
0 3 102 1 1
0 7 108 1 1
0 6 109 1 1
0 2 100 1 1
0 11 104 1 1
0 7 110 1 1
0 8 111 1 1
0 2 105 1 1
0 5 108 1 1
0 3 106 1 1
0 4 107 1 1
0 9 103 1 1
0 10 100 1 1
0 12 102 1 1
0 6 109 1 1
0 1 104 1 1
0 10 104 1 1
0 7 104 1 1
0 9 104 1 1
0 6 104 1 1
0 4 104 1 1
0 13 104 1 1
0 12 104 1 1
0 3 104 1 1
0 2 104 1 1
0 1 104 1 1
0 11 104 1 1
0 7 111 1 1
0 2 103 1 1
0 8 110 1 1
0 6 105 1 1
0 12 106 1 1
0 9 109 1 1
0 4 101 1 1
0 10 108 1 1
0 5 100 1 1
0 11 107 1 1
0 1 104 1 1
0 4 110 1 1
0 2 108 1 1
0 5 111 1 1
0 1 107 1 1
0 9 102 1 1
0 10 103 1 1
0 12 105 1 1
0 6 106 1 1
0 7 100 1 1
0 8 101 1 1
0 11 104 1 1
0 3 107 1 1
0 1 107 1 1
0 12 107 1 1
0 6 107 1 1
0 13 107 1 1
0 7 107 1 1
0 4 107 1 1
0 10 107 1 1
0 11 107 1 1
0 2 107 1 1
0 9 107 1 1
0 10 111 1 1
0 6 102 1 1
0 1 107 1 1
0 4 104 1 1
0 9 108 1 1
0 2 106 1 1
0 3 105 1 1
0 7 101 1 1
0 8 100 1 1
0 12 109 1 1
0 5 103 1 1
0 9 105 1 1
0 6 102 1 1
0 12 108 1 1
0 2 111 1 1
0 10 106 1 1
0 3 109 1 1
0 5 101 1 1
0 1 110 1 1
0 4 100 1 1
0 11 107 1 1
0 7 103 1 1
0 3 36 1 1
0 5 38 1 1
0 10 43 1 1
0 11 44 1 1
0 4 37 1 1
0 7 40 1 1
0 9 42 1 1
0 12 33 1 1
0 8 41 1 1
0 2 35 1 1
0 1 34 1 1
0 3 34 1 1
0 12 34 1 1
0 13 34 1 1
0 4 34 1 1
0 5 34 1 1
0 8 34 1 1
0 6 34 1 1
0 9 34 1 1
0 7 34 1 1
0 10 34 1 1
0 1 34 1 1
0 5 43 1 1
0 9 39 1 1
0 4 44 1 1
0 10 38 1 1
0 12 36 1 1
0 1 34 1 1
0 3 35 1 1
0 7 41 1 1
0 6 42 1 1
0 2 33 1 1
0 11 37 1 1
0 3 87 1 1
0 5 89 1 1
0 10 94 1 1
0 11 95 1 1
0 4 88 1 1
0 7 91 1 1
0 9 93 1 1
0 12 84 1 1
0 8 92 1 1
0 2 86 1 1
0 1 85 1 1
0 3 85 1 1
0 12 85 1 1
0 13 85 1 1
0 4 85 1 1
0 5 85 1 1
0 8 85 1 1
0 6 85 1 1
0 9 85 1 1
0 7 85 1 1
0 10 85 1 1
0 1 85 1 1
0 5 94 1 1
0 9 90 1 1
0 4 95 1 1
0 10 89 1 1
0 12 87 1 1
0 1 85 1 1
0 3 86 1 1
0 7 92 1 1
0 6 93 1 1
0 2 84 1 1
0 11 88 1 1
0 7 94 1 1
0 8 95 1 1
0 2 89 1 1
0 5 92 1 1
0 3 90 1 1
0 4 91 1 1
0 9 87 1 1
0 10 84 1 1
0 12 86 1 1
0 6 93 1 1
0 1 88 1 1
0 10 88 1 1
0 7 88 1 1
0 9 88 1 1
0 6 88 1 1
0 4 88 1 1
0 13 88 1 1
0 12 88 1 1
0 3 88 1 1
0 2 88 1 1
0 1 88 1 1
0 11 88 1 1
0 7 95 1 1
0 2 87 1 1
0 8 94 1 1
0 6 89 1 1
0 12 90 1 1
0 9 93 1 1
0 4 85 1 1
0 10 92 1 1
0 5 84 1 1
0 11 91 1 1
0 1 88 1 1
0 4 94 1 1
0 2 92 1 1
0 5 95 1 1
0 1 91 1 1
0 9 86 1 1
0 10 87 1 1
0 12 89 1 1
0 6 90 1 1
0 7 84 1 1
0 8 85 1 1
0 11 88 1 1
0 3 133 1 1
0 5 135 1 1
0 10 140 1 1
0 11 141 1 1
0 4 134 1 1
0 7 137 1 1
0 9 139 1 1
0 12 130 1 1
0 8 138 1 1
0 2 132 1 1
0 1 131 1 1
0 3 131 1 1
0 12 131 1 1
0 13 131 1 1
0 4 131 1 1
0 5 131 1 1
0 8 131 1 1
0 6 131 1 1
0 9 131 1 1
0 7 131 1 1
0 10 131 1 1
0 1 131 1 1
0 5 140 1 1
0 9 136 1 1
0 4 141 1 1
0 10 135 1 1
0 12 133 1 1
0 1 131 1 1
0 3 132 1 1
0 7 138 1 1
0 6 139 1 1
0 2 130 1 1
0 11 134 1 1
0 7 140 1 1
0 8 141 1 1
0 2 135 1 1
0 5 138 1 1
0 3 136 1 1
0 4 137 1 1
0 9 133 1 1
0 10 130 1 1
0 12 132 1 1
0 6 139 1 1
0 1 134 1 1
0 10 134 1 1
0 7 134 1 1
0 9 134 1 1
0 6 134 1 1
0 4 134 1 1
0 13 134 1 1
0 12 134 1 1
0 3 134 1 1
0 2 134 1 1
0 1 134 1 1
0 11 134 1 1
0 7 141 1 1
0 2 133 1 1
0 8 140 1 1
0 6 135 1 1
0 12 136 1 1
0 9 139 1 1
0 4 131 1 1
0 10 138 1 1
0 5 130 1 1
0 11 137 1 1
0 1 134 1 1
0 4 140 1 1
0 2 138 1 1
0 5 141 1 1
0 1 137 1 1
0 9 132 1 1
0 10 133 1 1
0 12 135 1 1
0 6 136 1 1
0 7 130 1 1
0 8 131 1 1
0 11 134 1 1
0 3 137 1 1
0 1 137 1 1
0 12 137 1 1
0 6 137 1 1
0 13 137 1 1
0 7 137 1 1
0 4 137 1 1
0 10 137 1 1
0 11 137 1 1
0 2 137 1 1
0 9 137 1 1
0 10 141 1 1
0 6 132 1 1
0 1 137 1 1
0 4 134 1 1
0 9 138 1 1
0 2 136 1 1
0 3 135 1 1
0 7 131 1 1
0 8 130 1 1
0 12 139 1 1
0 5 133 1 1
0 9 135 1 1
0 6 132 1 1
0 12 138 1 1
0 2 141 1 1
0 10 136 1 1
0 3 139 1 1
0 5 131 1 1
0 1 140 1 1
0 4 130 1 1
0 11 137 1 1
0 7 133 1 1
0 3 59 1 1
0 5 61 1 1
0 10 66 1 1
0 11 67 1 1
0 4 60 1 1
0 7 63 1 1
0 9 65 1 1
0 12 56 1 1
0 8 64 1 1
0 2 58 1 1
0 1 57 1 1
0 3 57 1 1
0 12 57 1 1
0 13 57 1 1
0 4 57 1 1
0 5 57 1 1
0 8 57 1 1
0 6 57 1 1
0 9 57 1 1
0 7 57 1 1
0 10 57 1 1
0 1 57 1 1
0 5 66 1 1
0 9 62 1 1
0 4 67 1 1
0 10 61 1 1
0 12 59 1 1
0 1 57 1 1
0 3 58 1 1
0 7 64 1 1
0 6 65 1 1
0 2 56 1 1
0 11 60 1 1
0 7 66 1 1
0 8 67 1 1
0 2 61 1 1
0 5 64 1 1
0 3 62 1 1
0 4 63 1 1
0 9 59 1 1
0 10 56 1 1
0 12 58 1 1
0 6 65 1 1
0 1 60 1 1
0 3 123 1 1
0 5 125 1 1
0 10 130 1 1
0 11 131 1 1
0 4 124 1 1
0 7 127 1 1
0 9 129 1 1
0 12 120 1 1
0 8 128 1 1
0 2 122 1 1
0 1 121 1 1
0 3 121 1 1
0 12 121 1 1
0 13 121 1 1
0 4 121 1 1
0 5 121 1 1
0 8 121 1 1
0 6 121 1 1
0 9 121 1 1
0 7 121 1 1
0 10 121 1 1
0 1 121 1 1
0 5 130 1 1
0 9 126 1 1
0 4 131 1 1
0 10 125 1 1
0 12 123 1 1
0 1 121 1 1
0 3 122 1 1
0 7 128 1 1
0 6 129 1 1
0 2 120 1 1
0 11 124 1 1
0 7 130 1 1
0 8 131 1 1
0 2 125 1 1
0 5 128 1 1
0 3 126 1 1
0 4 127 1 1
0 9 123 1 1
0 10 120 1 1
0 12 122 1 1
0 6 129 1 1
0 1 124 1 1
0 10 124 1 1
0 7 124 1 1
0 9 124 1 1
0 6 124 1 1
0 4 124 1 1
0 13 124 1 1
0 12 124 1 1
0 3 124 1 1
0 2 124 1 1
0 1 124 1 1
0 11 124 1 1
0 7 131 1 1
0 2 123 1 1
0 8 130 1 1
0 6 125 1 1
0 12 126 1 1
0 9 129 1 1
0 4 121 1 1
0 10 128 1 1
0 5 120 1 1
0 11 127 1 1
0 1 124 1 1
0 4 130 1 1
0 2 128 1 1
0 5 131 1 1
0 1 127 1 1
0 9 122 1 1
0 10 123 1 1
0 12 125 1 1
0 6 126 1 1
0 7 120 1 1
0 8 121 1 1
0 11 124 1 1
0 3 127 1 1
0 1 127 1 1
0 12 127 1 1
0 6 127 1 1
0 13 127 1 1
0 7 127 1 1
0 4 127 1 1
0 10 127 1 1
0 11 127 1 1
0 2 127 1 1
0 9 127 1 1
0 3 19 1 1
0 5 21 1 1
0 10 26 1 1
0 11 27 1 1
0 4 20 1 1
0 7 23 1 1
0 9 25 1 1
0 12 16 1 1
0 8 24 1 1
0 2 18 1 1
0 1 17 1 1
0 3 54 1 1
0 5 56 1 1
0 10 61 1 1
0 11 62 1 1
0 4 55 1 1
0 7 58 1 1
0 9 60 1 1
0 12 51 1 1
0 8 59 1 1
0 2 53 1 1
0 1 52 1 1
0 3 52 1 1
0 12 52 1 1
0 13 52 1 1
0 4 52 1 1
0 5 52 1 1
0 8 52 1 1
0 6 52 1 1
0 9 52 1 1
0 7 52 1 1
0 10 52 1 1
0 1 52 1 1
0 5 61 1 1
0 9 57 1 1
0 4 62 1 1
0 10 56 1 1
0 12 54 1 1
0 1 52 1 1
0 3 53 1 1
0 7 59 1 1
0 6 60 1 1
0 2 51 1 1
0 11 55 1 1
0 3 129 1 1
0 5 131 1 1
0 10 136 1 1
0 11 137 1 1
0 4 130 1 1
0 7 133 1 1
0 9 135 1 1
0 12 126 1 1
0 8 134 1 1
0 2 128 1 1
0 1 127 1 1
0 3 127 1 1
0 12 127 1 1
0 13 127 1 1
0 4 127 1 1
0 5 127 1 1
0 8 127 1 1
0 6 127 1 1
0 9 127 1 1
0 7 127 1 1
0 10 127 1 1
0 1 127 1 1
0 5 136 1 1
0 9 132 1 1
0 4 137 1 1
0 10 131 1 1
0 12 129 1 1
0 1 127 1 1
0 3 128 1 1
0 7 134 1 1
0 6 135 1 1
0 2 126 1 1
0 11 130 1 1
0 7 136 1 1
0 8 137 1 1
0 2 131 1 1
0 5 134 1 1
0 3 132 1 1
0 4 133 1 1
0 9 129 1 1
0 10 126 1 1
0 12 128 1 1
0 6 135 1 1
0 1 130 1 1
0 10 130 1 1
0 7 130 1 1
0 9 130 1 1
0 6 130 1 1
0 4 130 1 1
0 13 130 1 1
0 12 130 1 1
0 3 130 1 1
0 2 130 1 1
0 1 130 1 1
0 11 130 1 1
0 7 137 1 1
0 2 129 1 1
0 8 136 1 1
0 6 131 1 1
0 12 132 1 1
0 9 135 1 1
0 4 127 1 1
0 10 134 1 1
0 5 126 1 1
0 11 133 1 1
0 1 130 1 1
0 4 136 1 1
0 2 134 1 1
0 5 137 1 1
0 1 133 1 1
0 9 128 1 1
0 10 129 1 1
0 12 131 1 1
0 6 132 1 1
0 7 126 1 1
0 8 127 1 1
0 11 130 1 1
0 3 22 1 1
0 5 24 1 1
0 10 29 1 1
0 11 30 1 1
0 4 23 1 1
0 7 26 1 1
0 9 28 1 1
0 12 19 1 1
0 8 27 1 1
0 2 21 1 1
0 1 20 1 1
0 3 183 1 1
0 5 185 1 1
0 10 190 1 1
0 11 191 1 1
0 4 184 1 1
0 7 187 1 1
0 9 189 1 1
0 12 180 1 1
0 8 188 1 1
0 2 182 1 1
0 1 181 1 1
0 3 181 1 1
0 12 181 1 1
0 13 181 1 1
0 4 181 1 1
0 5 181 1 1
0 8 181 1 1
0 6 181 1 1
0 9 181 1 1
0 7 181 1 1
0 10 181 1 1
0 1 181 1 1
0 5 190 1 1
0 9 186 1 1
0 4 191 1 1
0 10 185 1 1
0 12 183 1 1
0 1 181 1 1
0 3 182 1 1
0 7 188 1 1
0 6 189 1 1
0 2 180 1 1
0 11 184 1 1
0 7 190 1 1
0 8 191 1 1
0 2 185 1 1
0 5 188 1 1
0 3 186 1 1
0 4 187 1 1
0 9 183 1 1
0 10 180 1 1
0 12 182 1 1
0 6 189 1 1
0 1 184 1 1
0 10 184 1 1
0 7 184 1 1
0 9 184 1 1
0 6 184 1 1
0 4 184 1 1
0 13 184 1 1
0 12 184 1 1
0 3 184 1 1
0 2 184 1 1
0 1 184 1 1
0 11 184 1 1
0 7 191 1 1
0 2 183 1 1
0 8 190 1 1
0 6 185 1 1
0 12 186 1 1
0 9 189 1 1
0 4 181 1 1
0 10 188 1 1
0 5 180 1 1
0 11 187 1 1
0 1 184 1 1
0 4 190 1 1
0 2 188 1 1
0 5 191 1 1
0 1 187 1 1
0 9 182 1 1
0 10 183 1 1
0 12 185 1 1
0 6 186 1 1
0 7 180 1 1
0 8 181 1 1
0 11 184 1 1
0 3 187 1 1
0 1 187 1 1
0 12 187 1 1
0 6 187 1 1
0 13 187 1 1
0 7 187 1 1
0 4 187 1 1
0 10 187 1 1
0 11 187 1 1
0 2 187 1 1
0 9 187 1 1
0 10 191 1 1
0 6 182 1 1
0 1 187 1 1
0 4 184 1 1
0 9 188 1 1
0 2 186 1 1
0 3 185 1 1
0 7 181 1 1
0 8 180 1 1
0 12 189 1 1
0 5 183 1 1
0 3 150 1 1
0 5 152 1 1
0 10 157 1 1
0 11 158 1 1
0 4 151 1 1
0 7 154 1 1
0 9 156 1 1
0 12 147 1 1
0 8 155 1 1
0 2 149 1 1
0 1 148 1 1
0 3 148 1 1
0 12 148 1 1
0 13 148 1 1
0 4 148 1 1
0 5 148 1 1
0 8 148 1 1
0 6 148 1 1
0 9 148 1 1
0 7 148 1 1
0 10 148 1 1
0 1 148 1 1
0 5 157 1 1
0 9 153 1 1
0 4 158 1 1
0 10 152 1 1
0 12 150 1 1
0 1 148 1 1
0 3 149 1 1
0 7 155 1 1
0 6 156 1 1
0 2 147 1 1
0 11 151 1 1
0 7 157 1 1
0 8 158 1 1
0 2 152 1 1
0 5 155 1 1
0 3 153 1 1
0 4 154 1 1
0 9 150 1 1
0 10 147 1 1
0 12 149 1 1
0 6 156 1 1
0 1 151 1 1
0 10 151 1 1
0 7 151 1 1
0 9 151 1 1
0 6 151 1 1
0 4 151 1 1
0 13 151 1 1
0 12 151 1 1
0 3 151 1 1
0 2 151 1 1
0 1 151 1 1
0 11 151 1 1
0 7 158 1 1
0 2 150 1 1
0 8 157 1 1
0 6 152 1 1
0 12 153 1 1
0 9 156 1 1
0 4 148 1 1
0 10 155 1 1
0 5 147 1 1
0 11 154 1 1
0 1 151 1 1
0 4 157 1 1
0 2 155 1 1
0 5 158 1 1
0 1 154 1 1
0 9 149 1 1
0 10 150 1 1
0 12 152 1 1
0 6 153 1 1
0 7 147 1 1
0 8 148 1 1
0 11 151 1 1
0 3 25 1 1
0 5 27 1 1
0 10 32 1 1
0 11 33 1 1
0 4 26 1 1
0 7 29 1 1
0 9 31 1 1
0 12 22 1 1
0 8 30 1 1
0 2 24 1 1
0 1 23 1 1
0 3 72 1 1
0 5 74 1 1
0 10 79 1 1
0 11 80 1 1
0 4 73 1 1
0 7 76 1 1
0 9 78 1 1
0 12 69 1 1
0 8 77 1 1
0 2 71 1 1
0 1 70 1 1
0 3 70 1 1
0 12 70 1 1
0 13 70 1 1
0 4 70 1 1
0 5 70 1 1
0 8 70 1 1
0 6 70 1 1
0 9 70 1 1
0 7 70 1 1
0 10 70 1 1
0 1 70 1 1
0 5 79 1 1
0 9 75 1 1
0 4 80 1 1
0 10 74 1 1
0 12 72 1 1
0 1 70 1 1
0 3 71 1 1
0 7 77 1 1
0 6 78 1 1
0 2 69 1 1
0 11 73 1 1
0 3 219 1 1
0 5 221 1 1
0 10 226 1 1
0 11 227 1 1
0 4 220 1 1
0 7 223 1 1
0 9 225 1 1
0 12 216 1 1
0 8 224 1 1
0 2 218 1 1
0 1 217 1 1
0 3 217 1 1
0 12 217 1 1
0 13 217 1 1
0 4 217 1 1
0 5 217 1 1
0 8 217 1 1
0 6 217 1 1
0 9 217 1 1
0 7 217 1 1
0 10 217 1 1
0 1 217 1 1
0 5 226 1 1
0 9 222 1 1
0 4 227 1 1
0 10 221 1 1
0 12 219 1 1
0 1 217 1 1
0 3 218 1 1
0 7 224 1 1
0 6 225 1 1
0 2 216 1 1
0 11 220 1 1
0 7 226 1 1
0 8 227 1 1
0 2 221 1 1
0 5 224 1 1
0 3 222 1 1
0 4 223 1 1
0 9 219 1 1
0 10 216 1 1
0 12 218 1 1
0 6 225 1 1
0 1 220 1 1
0 10 220 1 1
0 7 220 1 1
0 9 220 1 1
0 6 220 1 1
0 4 220 1 1
0 13 220 1 1
0 12 220 1 1
0 3 220 1 1
0 2 220 1 1
0 1 220 1 1
0 11 220 1 1
0 7 227 1 1
0 2 219 1 1
0 8 226 1 1
0 6 221 1 1
0 12 222 1 1
0 9 225 1 1
0 4 217 1 1
0 10 224 1 1
0 5 216 1 1
0 11 223 1 1
0 1 220 1 1
0 4 226 1 1
0 2 224 1 1
0 5 227 1 1
0 1 223 1 1
0 9 218 1 1
0 10 219 1 1
0 12 221 1 1
0 6 222 1 1
0 7 216 1 1
0 8 217 1 1
0 11 220 1 1
0 3 223 1 1
0 1 223 1 1
0 12 223 1 1
0 6 223 1 1
0 13 223 1 1
0 7 223 1 1
0 4 223 1 1
0 10 223 1 1
0 11 223 1 1
0 2 223 1 1
0 9 223 1 1
0 10 227 1 1
0 6 218 1 1
0 1 223 1 1
0 4 220 1 1
0 9 224 1 1
0 2 222 1 1
0 3 221 1 1
0 7 217 1 1
0 8 216 1 1
0 12 225 1 1
0 5 219 1 1
0 3 278 1 1
0 5 280 1 1
0 10 285 1 1
0 11 286 1 1
0 4 279 1 1
0 7 282 1 1
0 9 284 1 1
0 12 275 1 1
0 8 283 1 1
0 2 277 1 1
0 1 276 1 1
0 3 276 1 1
0 12 276 1 1
0 13 276 1 1
0 4 276 1 1
0 5 276 1 1
0 8 276 1 1
0 6 276 1 1
0 9 276 1 1
0 7 276 1 1
0 10 276 1 1
0 1 276 1 1
0 5 285 1 1
0 9 281 1 1
0 4 286 1 1
0 10 280 1 1
0 12 278 1 1
0 1 276 1 1
0 3 277 1 1
0 7 283 1 1
0 6 284 1 1
0 2 275 1 1
0 11 279 1 1
0 7 285 1 1
0 8 286 1 1
0 2 280 1 1
0 5 283 1 1
0 3 281 1 1
0 4 282 1 1
0 9 278 1 1
0 10 275 1 1
0 12 277 1 1
0 6 284 1 1
0 1 279 1 1
0 10 279 1 1
0 7 279 1 1
0 9 279 1 1
0 6 279 1 1
0 4 279 1 1
0 13 279 1 1
0 12 279 1 1
0 3 279 1 1
0 2 279 1 1
0 1 279 1 1
0 11 279 1 1
0 7 286 1 1
0 2 278 1 1
0 8 285 1 1
0 6 280 1 1
0 12 281 1 1
0 9 284 1 1
0 4 276 1 1
0 10 283 1 1
0 5 275 1 1
0 11 282 1 1
0 1 279 1 1
0 4 285 1 1
0 2 283 1 1
0 5 286 1 1
0 1 282 1 1
0 9 277 1 1
0 10 278 1 1
0 12 280 1 1
0 6 281 1 1
0 7 275 1 1
0 8 276 1 1
0 11 279 1 1
0 3 282 1 1
0 1 282 1 1
0 12 282 1 1
0 6 282 1 1
0 13 282 1 1
0 7 282 1 1
0 4 282 1 1
0 10 282 1 1
0 11 282 1 1
0 2 282 1 1
0 9 282 1 1
0 10 286 1 1
0 6 277 1 1
0 1 282 1 1
0 4 279 1 1
0 9 283 1 1
0 2 281 1 1
0 3 280 1 1
0 7 276 1 1
0 8 275 1 1
0 12 284 1 1
0 5 278 1 1
0 9 280 1 1
0 6 277 1 1
0 12 283 1 1
0 2 286 1 1
0 10 281 1 1
0 3 284 1 1
0 5 276 1 1
0 1 285 1 1
0 4 275 1 1
0 11 282 1 1
0 7 278 1 1
0 8 285 1 1
0 5 285 1 1
0 4 285 1 1
0 10 285 1 1
0 7 285 1 1
0 13 285 1 1
0 6 285 1 1
0 12 285 1 1
0 1 285 1 1
0 3 285 1 1
0 9 285 1 1
0 3 159 1 1
0 5 161 1 1
0 10 166 1 1
0 11 167 1 1
0 4 160 1 1
0 7 163 1 1
0 9 165 1 1
0 12 156 1 1
0 8 164 1 1
0 2 158 1 1
0 1 157 1 1
0 3 157 1 1
0 12 157 1 1
0 13 157 1 1
0 4 157 1 1
0 5 157 1 1
0 8 157 1 1
0 6 157 1 1
0 9 157 1 1
0 7 157 1 1
0 10 157 1 1
0 1 157 1 1
0 5 166 1 1
0 9 162 1 1
0 4 167 1 1
0 10 161 1 1
0 12 159 1 1
0 1 157 1 1
0 3 158 1 1
0 7 164 1 1
0 6 165 1 1
0 2 156 1 1
0 11 160 1 1
0 7 166 1 1
0 8 167 1 1
0 2 161 1 1
0 5 164 1 1
0 3 162 1 1
0 4 163 1 1
0 9 159 1 1
0 10 156 1 1
0 12 158 1 1
0 6 165 1 1
0 1 160 1 1
0 10 160 1 1
0 7 160 1 1
0 9 160 1 1
0 6 160 1 1
0 4 160 1 1
0 13 160 1 1
0 12 160 1 1
0 3 160 1 1
0 2 160 1 1
0 1 160 1 1
0 11 160 1 1
0 7 167 1 1
0 2 159 1 1
0 8 166 1 1
0 6 161 1 1
0 12 162 1 1
0 9 165 1 1
0 4 157 1 1
0 10 164 1 1
0 5 156 1 1
0 11 163 1 1
0 1 160 1 1
0 3 138 1 1
0 5 140 1 1
0 10 145 1 1
0 11 146 1 1
0 4 139 1 1
0 7 142 1 1
0 9 144 1 1
0 12 135 1 1
0 8 143 1 1
0 2 137 1 1
0 1 136 1 1
0 3 136 1 1
0 12 136 1 1
0 13 136 1 1
0 4 136 1 1
0 5 136 1 1
0 8 136 1 1
0 6 136 1 1
0 9 136 1 1
0 7 136 1 1
0 10 136 1 1
0 1 136 1 1
0 5 145 1 1
0 9 141 1 1
0 4 146 1 1
0 10 140 1 1
0 12 138 1 1
0 1 136 1 1
0 3 137 1 1
0 7 143 1 1
0 6 144 1 1
0 2 135 1 1
0 11 139 1 1
0 7 145 1 1
0 8 146 1 1
0 2 140 1 1
0 5 143 1 1
0 3 141 1 1
0 4 142 1 1
0 9 138 1 1
0 10 135 1 1
0 12 137 1 1
0 6 144 1 1
0 1 139 1 1
0 10 139 1 1
0 7 139 1 1
0 9 139 1 1
0 6 139 1 1
0 4 139 1 1
0 13 139 1 1
0 12 139 1 1
0 3 139 1 1
0 2 139 1 1
0 1 139 1 1
0 11 139 1 1
0 3 143 1 1
0 5 145 1 1
0 10 150 1 1
0 11 151 1 1
0 4 144 1 1
0 7 147 1 1
0 9 149 1 1
0 12 140 1 1
0 8 148 1 1
0 2 142 1 1
0 1 141 1 1
0 3 141 1 1
0 12 141 1 1
0 13 141 1 1
0 4 141 1 1
0 5 141 1 1
0 8 141 1 1
0 6 141 1 1
0 9 141 1 1
0 7 141 1 1
0 10 141 1 1
0 1 141 1 1
0 5 150 1 1
0 9 146 1 1
0 4 151 1 1
0 10 145 1 1
0 12 143 1 1
0 1 141 1 1
0 3 142 1 1
0 7 148 1 1
0 6 149 1 1
0 2 140 1 1
0 11 144 1 1
0 7 150 1 1
0 8 151 1 1
0 2 145 1 1
0 5 148 1 1
0 3 146 1 1
0 4 147 1 1
0 9 143 1 1
0 10 140 1 1
0 12 142 1 1
0 6 149 1 1
0 1 144 1 1
0 10 144 1 1
0 7 144 1 1
0 9 144 1 1
0 6 144 1 1
0 4 144 1 1
0 13 144 1 1
0 12 144 1 1
0 3 144 1 1
0 2 144 1 1
0 1 144 1 1
0 11 144 1 1
0 3 177 1 1
0 5 179 1 1
0 10 184 1 1
0 11 185 1 1
0 4 178 1 1
0 7 181 1 1
0 9 183 1 1
0 12 174 1 1
0 8 182 1 1
0 2 176 1 1
0 1 175 1 1
0 3 175 1 1
0 12 175 1 1
0 13 175 1 1
0 4 175 1 1
0 5 175 1 1
0 8 175 1 1
0 6 175 1 1
0 9 175 1 1
0 7 175 1 1
0 10 175 1 1
0 1 175 1 1
0 5 184 1 1
0 9 180 1 1
0 4 185 1 1
0 10 179 1 1
0 12 177 1 1
0 1 175 1 1
0 3 176 1 1
0 7 182 1 1
0 6 183 1 1
0 2 174 1 1
0 11 178 1 1
0 7 184 1 1
0 8 185 1 1
0 2 179 1 1
0 5 182 1 1
0 3 180 1 1
0 4 181 1 1
0 9 177 1 1
0 10 174 1 1
0 12 176 1 1
0 6 183 1 1
0 1 178 1 1
0 10 178 1 1
0 7 178 1 1
0 9 178 1 1
0 6 178 1 1
0 4 178 1 1
0 13 178 1 1
0 12 178 1 1
0 3 178 1 1
0 2 178 1 1
0 1 178 1 1
0 11 178 1 1
0 7 185 1 1
0 2 177 1 1
0 8 184 1 1
0 6 179 1 1
0 12 180 1 1
0 9 183 1 1
0 4 175 1 1
0 10 182 1 1
0 5 174 1 1
0 11 181 1 1
0 1 178 1 1
0 3 33 1 1
0 5 35 1 1
0 10 40 1 1
0 11 41 1 1
0 4 34 1 1
0 7 37 1 1
0 9 39 1 1
0 12 30 1 1
0 8 38 1 1
0 2 32 1 1
0 1 31 1 1
0 3 127 1 1
0 5 129 1 1
0 10 134 1 1
0 11 135 1 1
0 4 128 1 1
0 7 131 1 1
0 9 133 1 1
0 12 124 1 1
0 8 132 1 1
0 2 126 1 1
0 1 125 1 1
0 3 125 1 1
0 12 125 1 1
0 13 125 1 1
0 4 125 1 1
0 5 125 1 1
0 8 125 1 1
0 6 125 1 1
0 9 125 1 1
0 7 125 1 1
0 10 125 1 1
0 1 125 1 1
0 5 134 1 1
0 9 130 1 1
0 4 135 1 1
0 10 129 1 1
0 12 127 1 1
0 1 125 1 1
0 3 126 1 1
0 7 132 1 1
0 6 133 1 1
0 2 124 1 1
0 11 128 1 1
0 7 134 1 1
0 8 135 1 1
0 2 129 1 1
0 5 132 1 1
0 3 130 1 1
0 4 131 1 1
0 9 127 1 1
0 10 124 1 1
0 12 126 1 1
0 6 133 1 1
0 1 128 1 1
0 3 67 1 1
0 5 69 1 1
0 10 74 1 1
0 11 75 1 1
0 4 68 1 1
0 7 71 1 1
0 9 73 1 1
0 12 64 1 1
0 8 72 1 1
0 2 66 1 1
0 1 65 1 1
0 3 65 1 1
0 12 65 1 1
0 13 65 1 1
0 4 65 1 1
0 5 65 1 1
0 8 65 1 1
0 6 65 1 1
0 9 65 1 1
0 7 65 1 1
0 10 65 1 1
0 1 65 1 1
0 3 267 1 1
0 5 269 1 1
0 10 274 1 1
0 11 275 1 1
0 4 268 1 1
0 7 271 1 1
0 9 273 1 1
0 12 264 1 1
0 8 272 1 1
0 2 266 1 1
0 1 265 1 1
0 3 265 1 1
0 12 265 1 1
0 13 265 1 1
0 4 265 1 1
0 5 265 1 1
0 8 265 1 1
0 6 265 1 1
0 9 265 1 1
0 7 265 1 1
0 10 265 1 1
0 1 265 1 1
0 5 274 1 1
0 9 270 1 1
0 4 275 1 1
0 10 269 1 1
0 12 267 1 1
0 1 265 1 1
0 3 266 1 1
0 7 272 1 1
0 6 273 1 1
0 2 264 1 1
0 11 268 1 1
0 7 274 1 1
0 8 275 1 1
0 2 269 1 1
0 5 272 1 1
0 3 270 1 1
0 4 271 1 1
0 9 267 1 1
0 10 264 1 1
0 12 266 1 1
0 6 273 1 1
0 1 268 1 1
0 10 268 1 1
0 7 268 1 1
0 9 268 1 1
0 6 268 1 1
0 4 268 1 1
0 13 268 1 1
0 12 268 1 1
0 3 268 1 1
0 2 268 1 1
0 1 268 1 1
0 11 268 1 1
0 7 275 1 1
0 2 267 1 1
0 8 274 1 1
0 6 269 1 1
0 12 270 1 1
0 9 273 1 1
0 4 265 1 1
0 10 272 1 1
0 5 264 1 1
0 11 271 1 1
0 1 268 1 1
0 4 274 1 1
0 2 272 1 1
0 5 275 1 1
0 1 271 1 1
0 9 266 1 1
0 10 267 1 1
0 12 269 1 1
0 6 270 1 1
0 7 264 1 1
0 8 265 1 1
0 11 268 1 1
0 3 271 1 1
0 1 271 1 1
0 12 271 1 1
0 6 271 1 1
0 13 271 1 1
0 7 271 1 1
0 4 271 1 1
0 10 271 1 1
0 11 271 1 1
0 2 271 1 1
0 9 271 1 1
0 3 139 1 1
0 5 141 1 1
0 10 146 1 1
0 11 147 1 1
0 4 140 1 1
0 7 143 1 1
0 9 145 1 1
0 12 136 1 1
0 8 144 1 1
0 2 138 1 1
0 1 137 1 1
0 3 137 1 1
0 12 137 1 1
0 13 137 1 1
0 4 137 1 1
0 5 137 1 1
0 8 137 1 1
0 6 137 1 1
0 9 137 1 1
0 7 137 1 1
0 10 137 1 1
0 1 137 1 1
0 5 146 1 1
0 9 142 1 1
0 4 147 1 1
0 10 141 1 1
0 12 139 1 1
0 1 137 1 1
0 3 138 1 1
0 7 144 1 1
0 6 145 1 1
0 2 136 1 1
0 11 140 1 1
0 7 146 1 1
0 8 147 1 1
0 2 141 1 1
0 5 144 1 1
0 3 142 1 1
0 4 143 1 1
0 9 139 1 1
0 10 136 1 1
0 12 138 1 1
0 6 145 1 1
0 1 140 1 1
0 3 213 1 1
0 5 215 1 1
0 10 220 1 1
0 11 221 1 1
0 4 214 1 1
0 7 217 1 1
0 9 219 1 1
0 12 210 1 1
0 8 218 1 1
0 2 212 1 1
0 1 211 1 1
0 3 211 1 1
0 12 211 1 1
0 13 211 1 1
0 4 211 1 1
0 5 211 1 1
0 8 211 1 1
0 6 211 1 1
0 9 211 1 1
0 7 211 1 1
0 10 211 1 1
0 1 211 1 1
0 5 220 1 1
0 9 216 1 1
0 4 221 1 1
0 10 215 1 1
0 12 213 1 1
0 1 211 1 1
0 3 212 1 1
0 7 218 1 1
0 6 219 1 1
0 2 210 1 1
0 11 214 1 1
0 7 220 1 1
0 8 221 1 1
0 2 215 1 1
0 5 218 1 1
0 3 216 1 1
0 4 217 1 1
0 9 213 1 1
0 10 210 1 1
0 12 212 1 1
0 6 219 1 1
0 1 214 1 1
0 10 214 1 1
0 7 214 1 1
0 9 214 1 1
0 6 214 1 1
0 4 214 1 1
0 13 214 1 1
0 12 214 1 1
0 3 214 1 1
0 2 214 1 1
0 1 214 1 1
0 11 214 1 1
0 7 221 1 1
0 2 213 1 1
0 8 220 1 1
0 6 215 1 1
0 12 216 1 1
0 9 219 1 1
0 4 211 1 1
0 10 218 1 1
0 5 210 1 1
0 11 217 1 1
0 1 214 1 1
0 3 39 1 1
0 5 41 1 1
0 10 46 1 1
0 11 47 1 1
0 4 40 1 1
0 7 43 1 1
0 9 45 1 1
0 12 36 1 1
0 8 44 1 1
0 2 38 1 1
0 1 37 1 1
0 3 40 1 1
0 5 42 1 1
0 10 47 1 1
0 11 48 1 1
0 4 41 1 1
0 7 44 1 1
0 9 46 1 1
0 12 37 1 1
0 8 45 1 1
0 2 39 1 1
0 1 38 1 1
0 3 345 1 1
0 5 347 1 1
0 10 352 1 1
0 11 353 1 1
0 4 346 1 1
0 7 349 1 1
0 9 351 1 1
0 12 342 1 1
0 8 350 1 1
0 2 344 1 1
0 1 343 1 1
0 3 343 1 1
0 12 343 1 1
0 13 343 1 1
0 4 343 1 1
0 5 343 1 1
0 8 343 1 1
0 6 343 1 1
0 9 343 1 1
0 7 343 1 1
0 10 343 1 1
0 1 343 1 1
0 5 352 1 1
0 9 348 1 1
0 4 353 1 1
0 10 347 1 1
0 12 345 1 1
0 1 343 1 1
0 3 344 1 1
0 7 350 1 1
0 6 351 1 1
0 2 342 1 1
0 11 346 1 1
0 7 352 1 1
0 8 353 1 1
0 2 347 1 1
0 5 350 1 1
0 3 348 1 1
0 4 349 1 1
0 9 345 1 1
0 10 342 1 1
0 12 344 1 1
0 6 351 1 1
0 1 346 1 1
0 10 346 1 1
0 7 346 1 1
0 9 346 1 1
0 6 346 1 1
0 4 346 1 1
0 13 346 1 1
0 12 346 1 1
0 3 346 1 1
0 2 346 1 1
0 1 346 1 1
0 11 346 1 1
0 7 353 1 1
0 2 345 1 1
0 8 352 1 1
0 6 347 1 1
0 12 348 1 1
0 9 351 1 1
0 4 343 1 1
0 10 350 1 1
0 5 342 1 1
0 11 349 1 1
0 1 346 1 1
0 4 352 1 1
0 2 350 1 1
0 5 353 1 1
0 1 349 1 1
0 9 344 1 1
0 10 345 1 1
0 12 347 1 1
0 6 348 1 1
0 7 342 1 1
0 8 343 1 1
0 11 346 1 1
0 3 349 1 1
0 1 349 1 1
0 12 349 1 1
0 6 349 1 1
0 13 349 1 1
0 7 349 1 1
0 4 349 1 1
0 10 349 1 1
0 11 349 1 1
0 2 349 1 1
0 9 349 1 1
0 10 353 1 1
0 6 344 1 1
0 1 349 1 1
0 4 346 1 1
0 9 350 1 1
0 2 348 1 1
0 3 347 1 1
0 7 343 1 1
0 8 342 1 1
0 12 351 1 1
0 5 345 1 1
0 3 159 1 1
0 5 161 1 1
0 10 166 1 1
0 11 167 1 1
0 4 160 1 1
0 7 163 1 1
0 9 165 1 1
0 12 156 1 1
0 8 164 1 1
0 2 158 1 1
0 1 157 1 1
0 3 157 1 1
0 12 157 1 1
0 13 157 1 1
0 4 157 1 1
0 5 157 1 1
0 8 157 1 1
0 6 157 1 1
0 9 157 1 1
0 7 157 1 1
0 10 157 1 1
0 1 157 1 1
0 5 166 1 1
0 9 162 1 1
0 4 167 1 1
0 10 161 1 1
0 12 159 1 1
0 1 157 1 1
0 3 158 1 1
0 7 164 1 1
0 6 165 1 1
0 2 156 1 1
0 11 160 1 1
0 7 166 1 1
0 8 167 1 1
0 2 161 1 1
0 5 164 1 1
0 3 162 1 1
0 4 163 1 1
0 9 159 1 1
0 10 156 1 1
0 12 158 1 1
0 6 165 1 1
0 1 160 1 1
0 3 363 1 1
0 5 365 1 1
0 10 370 1 1
0 11 371 1 1
0 4 364 1 1
0 7 367 1 1
0 9 369 1 1
0 12 360 1 1
0 8 368 1 1
0 2 362 1 1
0 1 361 1 1
0 3 361 1 1
0 12 361 1 1
0 13 361 1 1
0 4 361 1 1
0 5 361 1 1
0 8 361 1 1
0 6 361 1 1
0 9 361 1 1
0 7 361 1 1
0 10 361 1 1
0 1 361 1 1
0 5 370 1 1
0 9 366 1 1
0 4 371 1 1
0 10 365 1 1
0 12 363 1 1
0 1 361 1 1
0 3 362 1 1
0 7 368 1 1
0 6 369 1 1
0 2 360 1 1
0 11 364 1 1
0 7 370 1 1
0 8 371 1 1
0 2 365 1 1
0 5 368 1 1
0 3 366 1 1
0 4 367 1 1
0 9 363 1 1
0 10 360 1 1
0 12 362 1 1
0 6 369 1 1
0 1 364 1 1
0 10 364 1 1
0 7 364 1 1
0 9 364 1 1
0 6 364 1 1
0 4 364 1 1
0 13 364 1 1
0 12 364 1 1
0 3 364 1 1
0 2 364 1 1
0 1 364 1 1
0 11 364 1 1
0 7 371 1 1
0 2 363 1 1
0 8 370 1 1
0 6 365 1 1
0 12 366 1 1
0 9 369 1 1
0 4 361 1 1
0 10 368 1 1
0 5 360 1 1
0 11 367 1 1
0 1 364 1 1
0 4 370 1 1
0 2 368 1 1
0 5 371 1 1
0 1 367 1 1
0 9 362 1 1
0 10 363 1 1
0 12 365 1 1
0 6 366 1 1
0 7 360 1 1
0 8 361 1 1
0 11 364 1 1
0 3 367 1 1
0 1 367 1 1
0 12 367 1 1
0 6 367 1 1
0 13 367 1 1
0 7 367 1 1
0 4 367 1 1
0 10 367 1 1
0 11 367 1 1
0 2 367 1 1
0 9 367 1 1
0 10 371 1 1
0 6 362 1 1
0 1 367 1 1
0 4 364 1 1
0 9 368 1 1
0 2 366 1 1
0 3 365 1 1
0 7 361 1 1
0 8 360 1 1
0 12 369 1 1
0 5 363 1 1
0 3 372 1 1
0 5 374 1 1
0 10 379 1 1
0 11 380 1 1
0 4 373 1 1
0 7 376 1 1
0 9 378 1 1
0 12 369 1 1
0 8 377 1 1
0 2 371 1 1
0 1 370 1 1
0 3 370 1 1
0 12 370 1 1
0 13 370 1 1
0 4 370 1 1
0 5 370 1 1
0 8 370 1 1
0 6 370 1 1
0 9 370 1 1
0 7 370 1 1
0 10 370 1 1
0 1 370 1 1
0 5 379 1 1
0 9 375 1 1
0 4 380 1 1
0 10 374 1 1
0 12 372 1 1
0 1 370 1 1
0 3 371 1 1
0 7 377 1 1
0 6 378 1 1
0 2 369 1 1
0 11 373 1 1
0 7 379 1 1
0 8 380 1 1
0 2 374 1 1
0 5 377 1 1
0 3 375 1 1
0 4 376 1 1
0 9 372 1 1
0 10 369 1 1
0 12 371 1 1
0 6 378 1 1
0 1 373 1 1
0 10 373 1 1
0 7 373 1 1
0 9 373 1 1
0 6 373 1 1
0 4 373 1 1
0 13 373 1 1
0 12 373 1 1
0 3 373 1 1
0 2 373 1 1
0 1 373 1 1
0 11 373 1 1
0 7 380 1 1
0 2 372 1 1
0 8 379 1 1
0 6 374 1 1
0 12 375 1 1
0 9 378 1 1
0 4 370 1 1
0 10 377 1 1
0 5 369 1 1
0 11 376 1 1
0 1 373 1 1
0 4 379 1 1
0 2 377 1 1
0 5 380 1 1
0 1 376 1 1
0 9 371 1 1
0 10 372 1 1
0 12 374 1 1
0 6 375 1 1
0 7 369 1 1
0 8 370 1 1
0 11 373 1 1
0 3 376 1 1
0 1 376 1 1
0 12 376 1 1
0 6 376 1 1
0 13 376 1 1
0 7 376 1 1
0 4 376 1 1
0 10 376 1 1
0 11 376 1 1
0 2 376 1 1
0 9 376 1 1
0 10 380 1 1
0 6 371 1 1
0 1 376 1 1
0 4 373 1 1
0 9 377 1 1
0 2 375 1 1
0 3 374 1 1
0 7 370 1 1
0 8 369 1 1
0 12 378 1 1
0 5 372 1 1
0 3 339 1 1
0 5 341 1 1
0 10 346 1 1
0 11 347 1 1
0 4 340 1 1
0 7 343 1 1
0 9 345 1 1
0 12 336 1 1
0 8 344 1 1
0 2 338 1 1
0 1 337 1 1
0 3 337 1 1
0 12 337 1 1
0 13 337 1 1
0 4 337 1 1
0 5 337 1 1
0 8 337 1 1
0 6 337 1 1
0 9 337 1 1
0 7 337 1 1
0 10 337 1 1
0 1 337 1 1
0 5 346 1 1
0 9 342 1 1
0 4 347 1 1
0 10 341 1 1
0 12 339 1 1
0 1 337 1 1
0 3 338 1 1
0 7 344 1 1
0 6 345 1 1
0 2 336 1 1
0 11 340 1 1
0 7 346 1 1
0 8 347 1 1
0 2 341 1 1
0 5 344 1 1
0 3 342 1 1
0 4 343 1 1
0 9 339 1 1
0 10 336 1 1
0 12 338 1 1
0 6 345 1 1
0 1 340 1 1
0 10 340 1 1
0 7 340 1 1
0 9 340 1 1
0 6 340 1 1
0 4 340 1 1
0 13 340 1 1
0 12 340 1 1
0 3 340 1 1
0 2 340 1 1
0 1 340 1 1
0 11 340 1 1
0 7 347 1 1
0 2 339 1 1
0 8 346 1 1
0 6 341 1 1
0 12 342 1 1
0 9 345 1 1
0 4 337 1 1
0 10 344 1 1
0 5 336 1 1
0 11 343 1 1
0 1 340 1 1
0 4 346 1 1
0 2 344 1 1
0 5 347 1 1
0 1 343 1 1
0 9 338 1 1
0 10 339 1 1
0 12 341 1 1
0 6 342 1 1
0 7 336 1 1
0 8 337 1 1
0 11 340 1 1
0 3 343 1 1
0 1 343 1 1
0 12 343 1 1
0 6 343 1 1
0 13 343 1 1
0 7 343 1 1
0 4 343 1 1
0 10 343 1 1
0 11 343 1 1
0 2 343 1 1
0 9 343 1 1
0 3 304 1 1
0 5 306 1 1
0 10 311 1 1
0 11 312 1 1
0 4 305 1 1
0 7 308 1 1
0 9 310 1 1
0 12 301 1 1
0 8 309 1 1
0 2 303 1 1
0 1 302 1 1
0 3 302 1 1
0 12 302 1 1
0 13 302 1 1
0 4 302 1 1
0 5 302 1 1
0 8 302 1 1
0 6 302 1 1
0 9 302 1 1
0 7 302 1 1
0 10 302 1 1
0 1 302 1 1
0 5 311 1 1
0 9 307 1 1
0 4 312 1 1
0 10 306 1 1
0 12 304 1 1
0 1 302 1 1
0 3 303 1 1
0 7 309 1 1
0 6 310 1 1
0 2 301 1 1
0 11 305 1 1
0 7 311 1 1
0 8 312 1 1
0 2 306 1 1
0 5 309 1 1
0 3 307 1 1
0 4 308 1 1
0 9 304 1 1
0 10 301 1 1
0 12 303 1 1
0 6 310 1 1
0 1 305 1 1
0 10 305 1 1
0 7 305 1 1
0 9 305 1 1
0 6 305 1 1
0 4 305 1 1
0 13 305 1 1
0 12 305 1 1
0 3 305 1 1
0 2 305 1 1
0 1 305 1 1
0 11 305 1 1
0 7 312 1 1
0 2 304 1 1
0 8 311 1 1
0 6 306 1 1
0 12 307 1 1
0 9 310 1 1
0 4 302 1 1
0 10 309 1 1
0 5 301 1 1
0 11 308 1 1
0 1 305 1 1
0 4 311 1 1
0 2 309 1 1
0 5 312 1 1
0 1 308 1 1
0 9 303 1 1
0 10 304 1 1
0 12 306 1 1
0 6 307 1 1
0 7 301 1 1
0 8 302 1 1
0 11 305 1 1
0 3 135 1 1
0 5 137 1 1
0 10 142 1 1
0 11 143 1 1
0 4 136 1 1
0 7 139 1 1
0 9 141 1 1
0 12 132 1 1
0 8 140 1 1
0 2 134 1 1
0 1 133 1 1
0 3 133 1 1
0 12 133 1 1
0 13 133 1 1
0 4 133 1 1
0 5 133 1 1
0 8 133 1 1
0 6 133 1 1
0 9 133 1 1
0 7 133 1 1
0 10 133 1 1
0 1 133 1 1
0 5 142 1 1
0 9 138 1 1
0 4 143 1 1
0 10 137 1 1
0 12 135 1 1
0 1 133 1 1
0 3 134 1 1
0 7 140 1 1
0 6 141 1 1
0 2 132 1 1
0 11 136 1 1
0 3 363 1 1
0 5 365 1 1
0 10 370 1 1
0 11 371 1 1
0 4 364 1 1
0 7 367 1 1
0 9 369 1 1
0 12 360 1 1
0 8 368 1 1
0 2 362 1 1
0 1 361 1 1
0 3 361 1 1
0 12 361 1 1
0 13 361 1 1
0 4 361 1 1
0 5 361 1 1
0 8 361 1 1
0 6 361 1 1
0 9 361 1 1
0 7 361 1 1
0 10 361 1 1
0 1 361 1 1
0 5 370 1 1
0 9 366 1 1
0 4 371 1 1
0 10 365 1 1
0 12 363 1 1
0 1 361 1 1
0 3 362 1 1
0 7 368 1 1
0 6 369 1 1
0 2 360 1 1
0 11 364 1 1
0 7 370 1 1
0 8 371 1 1
0 2 365 1 1
0 5 368 1 1
0 3 366 1 1
0 4 367 1 1
0 9 363 1 1
0 10 360 1 1
0 12 362 1 1
0 6 369 1 1
0 1 364 1 1
0 10 364 1 1
0 7 364 1 1
0 9 364 1 1
0 6 364 1 1
0 4 364 1 1
0 13 364 1 1
0 12 364 1 1
0 3 364 1 1
0 2 364 1 1
0 1 364 1 1
0 11 364 1 1
0 7 371 1 1
0 2 363 1 1
0 8 370 1 1
0 6 365 1 1
0 12 366 1 1
0 9 369 1 1
0 4 361 1 1
0 10 368 1 1
0 5 360 1 1
0 11 367 1 1
0 1 364 1 1
0 4 370 1 1
0 2 368 1 1
0 5 371 1 1
0 1 367 1 1
0 9 362 1 1
0 10 363 1 1
0 12 365 1 1
0 6 366 1 1
0 7 360 1 1
0 8 361 1 1
0 11 364 1 1
0 3 367 1 1
0 1 367 1 1
0 12 367 1 1
0 6 367 1 1
0 13 367 1 1
0 7 367 1 1
0 4 367 1 1
0 10 367 1 1
0 11 367 1 1
0 2 367 1 1
0 9 367 1 1
0 3 233 1 1
0 5 235 1 1
0 10 240 1 1
0 11 241 1 1
0 4 234 1 1
0 7 237 1 1
0 9 239 1 1
0 12 230 1 1
0 8 238 1 1
0 2 232 1 1
0 1 231 1 1
0 3 231 1 1
0 12 231 1 1
0 13 231 1 1
0 4 231 1 1
0 5 231 1 1
0 8 231 1 1
0 6 231 1 1
0 9 231 1 1
0 7 231 1 1
0 10 231 1 1
0 1 231 1 1
0 5 240 1 1
0 9 236 1 1
0 4 241 1 1
0 10 235 1 1
0 12 233 1 1
0 1 231 1 1
0 3 232 1 1
0 7 238 1 1
0 6 239 1 1
0 2 230 1 1
0 11 234 1 1
0 7 240 1 1
0 8 241 1 1
0 2 235 1 1
0 5 238 1 1
0 3 236 1 1
0 4 237 1 1
0 9 233 1 1
0 10 230 1 1
0 12 232 1 1
0 6 239 1 1
0 1 234 1 1
0 10 234 1 1
0 7 234 1 1
0 9 234 1 1
0 6 234 1 1
0 4 234 1 1
0 13 234 1 1
0 12 234 1 1
0 3 234 1 1
0 2 234 1 1
0 1 234 1 1
0 11 234 1 1
0 3 332 1 1
0 5 334 1 1
0 10 339 1 1
0 11 340 1 1
0 4 333 1 1
0 7 336 1 1
0 9 338 1 1
0 12 329 1 1
0 8 337 1 1
0 2 331 1 1
0 1 330 1 1
0 3 330 1 1
0 12 330 1 1
0 13 330 1 1
0 4 330 1 1
0 5 330 1 1
0 8 330 1 1
0 6 330 1 1
0 9 330 1 1
0 7 330 1 1
0 10 330 1 1
0 1 330 1 1
0 5 339 1 1
0 9 335 1 1
0 4 340 1 1
0 10 334 1 1
0 12 332 1 1
0 1 330 1 1
0 3 331 1 1
0 7 337 1 1
0 6 338 1 1
0 2 329 1 1
0 11 333 1 1
0 7 339 1 1
0 8 340 1 1
0 2 334 1 1
0 5 337 1 1
0 3 335 1 1
0 4 336 1 1
0 9 332 1 1
0 10 329 1 1
0 12 331 1 1
0 6 338 1 1
0 1 333 1 1
0 10 333 1 1
0 7 333 1 1
0 9 333 1 1
0 6 333 1 1
0 4 333 1 1
0 13 333 1 1
0 12 333 1 1
0 3 333 1 1
0 2 333 1 1
0 1 333 1 1
0 11 333 1 1
0 7 340 1 1
0 2 332 1 1
0 8 339 1 1
0 6 334 1 1
0 12 335 1 1
0 9 338 1 1
0 4 330 1 1
0 10 337 1 1
0 5 329 1 1
0 11 336 1 1
0 1 333 1 1
0 4 339 1 1
0 2 337 1 1
0 5 340 1 1
0 1 336 1 1
0 9 331 1 1
0 10 332 1 1
0 12 334 1 1
0 6 335 1 1
0 7 329 1 1
0 8 330 1 1
0 11 333 1 1
0 3 387 1 1
0 5 389 1 1
0 10 394 1 1
0 11 395 1 1
0 4 388 1 1
0 7 391 1 1
0 9 393 1 1
0 12 384 1 1
0 8 392 1 1
0 2 386 1 1
0 1 385 1 1
0 3 385 1 1
0 12 385 1 1
0 13 385 1 1
0 4 385 1 1
0 5 385 1 1
0 8 385 1 1
0 6 385 1 1
0 9 385 1 1
0 7 385 1 1
0 10 385 1 1
0 1 385 1 1
0 5 394 1 1
0 9 390 1 1
0 4 395 1 1
0 10 389 1 1
0 12 387 1 1
0 1 385 1 1
0 3 386 1 1
0 7 392 1 1
0 6 393 1 1
0 2 384 1 1
0 11 388 1 1
0 7 394 1 1
0 8 395 1 1
0 2 389 1 1
0 5 392 1 1
0 3 390 1 1
0 4 391 1 1
0 9 387 1 1
0 10 384 1 1
0 12 386 1 1
0 6 393 1 1
0 1 388 1 1
0 10 388 1 1
0 7 388 1 1
0 9 388 1 1
0 6 388 1 1
0 4 388 1 1
0 13 388 1 1
0 12 388 1 1
0 3 388 1 1
0 2 388 1 1
0 1 388 1 1
0 11 388 1 1
0 7 395 1 1
0 2 387 1 1
0 8 394 1 1
0 6 389 1 1
0 12 390 1 1
0 9 393 1 1
0 4 385 1 1
0 10 392 1 1
0 5 384 1 1
0 11 391 1 1
0 1 388 1 1
0 4 394 1 1
0 2 392 1 1
0 5 395 1 1
0 1 391 1 1
0 9 386 1 1
0 10 387 1 1
0 12 389 1 1
0 6 390 1 1
0 7 384 1 1
0 8 385 1 1
0 11 388 1 1
0 3 391 1 1
0 1 391 1 1
0 12 391 1 1
0 6 391 1 1
0 13 391 1 1
0 7 391 1 1
0 4 391 1 1
0 10 391 1 1
0 11 391 1 1
0 2 391 1 1
0 9 391 1 1
0 3 150 1 1
0 5 152 1 1
0 10 157 1 1
0 11 158 1 1
0 4 151 1 1
0 7 154 1 1
0 9 156 1 1
0 12 147 1 1
0 8 155 1 1
0 2 149 1 1
0 1 148 1 1
0 3 148 1 1
0 12 148 1 1
0 13 148 1 1
0 4 148 1 1
0 5 148 1 1
0 8 148 1 1
0 6 148 1 1
0 9 148 1 1
0 7 148 1 1
0 10 148 1 1
0 1 148 1 1
0 5 157 1 1
0 9 153 1 1
0 4 158 1 1
0 10 152 1 1
0 12 150 1 1
0 1 148 1 1
0 3 149 1 1
0 7 155 1 1
0 6 156 1 1
0 2 147 1 1
0 11 151 1 1
0 3 103 1 1
0 5 105 1 1
0 10 110 1 1
0 11 111 1 1
0 4 104 1 1
0 7 107 1 1
0 9 109 1 1
0 12 100 1 1
0 8 108 1 1
0 2 102 1 1
0 1 101 1 1
0 3 101 1 1
0 12 101 1 1
0 13 101 1 1
0 4 101 1 1
0 5 101 1 1
0 8 101 1 1
0 6 101 1 1
0 9 101 1 1
0 7 101 1 1
0 10 101 1 1
0 1 101 1 1
0 3 462 1 1
0 5 464 1 1
0 10 469 1 1
0 11 470 1 1
0 4 463 1 1
0 7 466 1 1
0 9 468 1 1
0 12 459 1 1
0 8 467 1 1
0 2 461 1 1
0 1 460 1 1
0 3 460 1 1
0 12 460 1 1
0 13 460 1 1
0 4 460 1 1
0 5 460 1 1
0 8 460 1 1
0 6 460 1 1
0 9 460 1 1
0 7 460 1 1
0 10 460 1 1
0 1 460 1 1
0 5 469 1 1
0 9 465 1 1
0 4 470 1 1
0 10 464 1 1
0 12 462 1 1
0 1 460 1 1
0 3 461 1 1
0 7 467 1 1
0 6 468 1 1
0 2 459 1 1
0 11 463 1 1
0 7 469 1 1
0 8 470 1 1
0 2 464 1 1
0 5 467 1 1
0 3 465 1 1
0 4 466 1 1
0 9 462 1 1
0 10 459 1 1
0 12 461 1 1
0 6 468 1 1
0 1 463 1 1
0 10 463 1 1
0 7 463 1 1
0 9 463 1 1
0 6 463 1 1
0 4 463 1 1
0 13 463 1 1
0 12 463 1 1
0 3 463 1 1
0 2 463 1 1
0 1 463 1 1
0 11 463 1 1
0 7 470 1 1
0 2 462 1 1
0 8 469 1 1
0 6 464 1 1
0 12 465 1 1
0 9 468 1 1
0 4 460 1 1
0 10 467 1 1
0 5 459 1 1
0 11 466 1 1
0 1 463 1 1
0 4 469 1 1
0 2 467 1 1
0 5 470 1 1
0 1 466 1 1
0 9 461 1 1
0 10 462 1 1
0 12 464 1 1
0 6 465 1 1
0 7 459 1 1
0 8 460 1 1
0 11 463 1 1
0 3 466 1 1
0 1 466 1 1
0 12 466 1 1
0 6 466 1 1
0 13 466 1 1
0 7 466 1 1
0 4 466 1 1
0 10 466 1 1
0 11 466 1 1
0 2 466 1 1
0 9 466 1 1
0 10 470 1 1
0 6 461 1 1
0 1 466 1 1
0 4 463 1 1
0 9 467 1 1
0 2 465 1 1
0 3 464 1 1
0 7 460 1 1
0 8 459 1 1
0 12 468 1 1
0 5 462 1 1
0 3 471 1 1
0 5 473 1 1
0 10 478 1 1
0 11 479 1 1
0 4 472 1 1
0 7 475 1 1
0 9 477 1 1
0 12 468 1 1
0 8 476 1 1
0 2 470 1 1
0 1 469 1 1
0 3 469 1 1
0 12 469 1 1
0 13 469 1 1
0 4 469 1 1
0 5 469 1 1
0 8 469 1 1
0 6 469 1 1
0 9 469 1 1
0 7 469 1 1
0 10 469 1 1
0 1 469 1 1
0 5 478 1 1
0 9 474 1 1
0 4 479 1 1
0 10 473 1 1
0 12 471 1 1
0 1 469 1 1
0 3 470 1 1
0 7 476 1 1
0 6 477 1 1
0 2 468 1 1
0 11 472 1 1
0 7 478 1 1
0 8 479 1 1
0 2 473 1 1
0 5 476 1 1
0 3 474 1 1
0 4 475 1 1
0 9 471 1 1
0 10 468 1 1
0 12 470 1 1
0 6 477 1 1
0 1 472 1 1
0 10 472 1 1
0 7 472 1 1
0 9 472 1 1
0 6 472 1 1
0 4 472 1 1
0 13 472 1 1
0 12 472 1 1
0 3 472 1 1
0 2 472 1 1
0 1 472 1 1
0 11 472 1 1
0 7 479 1 1
0 2 471 1 1
0 8 478 1 1
0 6 473 1 1
0 12 474 1 1
0 9 477 1 1
0 4 469 1 1
0 10 476 1 1
0 5 468 1 1
0 11 475 1 1
0 1 472 1 1
0 4 478 1 1
0 2 476 1 1
0 5 479 1 1
0 1 475 1 1
0 9 470 1 1
0 10 471 1 1
0 12 473 1 1
0 6 474 1 1
0 7 468 1 1
0 8 469 1 1
0 11 472 1 1
0 3 475 1 1
0 1 475 1 1
0 12 475 1 1
0 6 475 1 1
0 13 475 1 1
0 7 475 1 1
0 4 475 1 1
0 10 475 1 1
0 11 475 1 1
0 2 475 1 1
0 9 475 1 1
0 10 479 1 1
0 6 470 1 1
0 1 475 1 1
0 4 472 1 1
0 9 476 1 1
0 2 474 1 1
0 3 473 1 1
0 7 469 1 1
0 8 468 1 1
0 12 477 1 1
0 5 471 1 1
0 3 427 1 1
0 5 429 1 1
0 10 434 1 1
0 11 435 1 1
0 4 428 1 1
0 7 431 1 1
0 9 433 1 1
0 12 424 1 1
0 8 432 1 1
0 2 426 1 1
0 1 425 1 1
0 3 425 1 1
0 12 425 1 1
0 13 425 1 1
0 4 425 1 1
0 5 425 1 1
0 8 425 1 1
0 6 425 1 1
0 9 425 1 1
0 7 425 1 1
0 10 425 1 1
0 1 425 1 1
0 5 434 1 1
0 9 430 1 1
0 4 435 1 1
0 10 429 1 1
0 12 427 1 1
0 1 425 1 1
0 3 426 1 1
0 7 432 1 1
0 6 433 1 1
0 2 424 1 1
0 11 428 1 1
0 7 434 1 1
0 8 435 1 1
0 2 429 1 1
0 5 432 1 1
0 3 430 1 1
0 4 431 1 1
0 9 427 1 1
0 10 424 1 1
0 12 426 1 1
0 6 433 1 1
0 1 428 1 1
0 10 428 1 1
0 7 428 1 1
0 9 428 1 1
0 6 428 1 1
0 4 428 1 1
0 13 428 1 1
0 12 428 1 1
0 3 428 1 1
0 2 428 1 1
0 1 428 1 1
0 11 428 1 1
0 7 435 1 1
0 2 427 1 1
0 8 434 1 1
0 6 429 1 1
0 12 430 1 1
0 9 433 1 1
0 4 425 1 1
0 10 432 1 1
0 5 424 1 1
0 11 431 1 1
0 1 428 1 1
0 4 434 1 1
0 2 432 1 1
0 5 435 1 1
0 1 431 1 1
0 9 426 1 1
0 10 427 1 1
0 12 429 1 1
0 6 430 1 1
0 7 424 1 1
0 8 425 1 1
0 11 428 1 1
0 3 431 1 1
0 1 431 1 1
0 12 431 1 1
0 6 431 1 1
0 13 431 1 1
0 7 431 1 1
0 4 431 1 1
0 10 431 1 1
0 11 431 1 1
0 2 431 1 1
0 9 431 1 1
0 3 219 1 1
0 5 221 1 1
0 10 226 1 1
0 11 227 1 1
0 4 220 1 1
0 7 223 1 1
0 9 225 1 1
0 12 216 1 1
0 8 224 1 1
0 2 218 1 1
0 1 217 1 1
0 3 217 1 1
0 12 217 1 1
0 13 217 1 1
0 4 217 1 1
0 5 217 1 1
0 8 217 1 1
0 6 217 1 1
0 9 217 1 1
0 7 217 1 1
0 10 217 1 1
0 1 217 1 1
0 5 226 1 1
0 9 222 1 1
0 4 227 1 1
0 10 221 1 1
0 12 219 1 1
0 1 217 1 1
0 3 218 1 1
0 7 224 1 1
0 6 225 1 1
0 2 216 1 1
0 11 220 1 1
0 7 226 1 1
0 8 227 1 1
0 2 221 1 1
0 5 224 1 1
0 3 222 1 1
0 4 223 1 1
0 9 219 1 1
0 10 216 1 1
0 12 218 1 1
0 6 225 1 1
0 1 220 1 1
0 3 168 1 1
0 5 170 1 1
0 10 175 1 1
0 11 176 1 1
0 4 169 1 1
0 7 172 1 1
0 9 174 1 1
0 12 165 1 1
0 8 173 1 1
0 2 167 1 1
0 1 166 1 1
0 3 166 1 1
0 12 166 1 1
0 13 166 1 1
0 4 166 1 1
0 5 166 1 1
0 8 166 1 1
0 6 166 1 1
0 9 166 1 1
0 7 166 1 1
0 10 166 1 1
0 1 166 1 1
0 5 175 1 1
0 9 171 1 1
0 4 176 1 1
0 10 170 1 1
0 12 168 1 1
0 1 166 1 1
0 3 167 1 1
0 7 173 1 1
0 6 174 1 1
0 2 165 1 1
0 11 169 1 1
0 3 395 1 1
0 5 397 1 1
0 10 402 1 1
0 11 403 1 1
0 4 396 1 1
0 7 399 1 1
0 9 401 1 1
0 12 392 1 1
0 8 400 1 1
0 2 394 1 1
0 1 393 1 1
0 3 393 1 1
0 12 393 1 1
0 13 393 1 1
0 4 393 1 1
0 5 393 1 1
0 8 393 1 1
0 6 393 1 1
0 9 393 1 1
0 7 393 1 1
0 10 393 1 1
0 1 393 1 1
0 5 402 1 1
0 9 398 1 1
0 4 403 1 1
0 10 397 1 1
0 12 395 1 1
0 1 393 1 1
0 3 394 1 1
0 7 400 1 1
0 6 401 1 1
0 2 392 1 1
0 11 396 1 1
0 7 402 1 1
0 8 403 1 1
0 2 397 1 1
0 5 400 1 1
0 3 398 1 1
0 4 399 1 1
0 9 395 1 1
0 10 392 1 1
0 12 394 1 1
0 6 401 1 1
0 1 396 1 1
0 10 396 1 1
0 7 396 1 1
0 9 396 1 1
0 6 396 1 1
0 4 396 1 1
0 13 396 1 1
0 12 396 1 1
0 3 396 1 1
0 2 396 1 1
0 1 396 1 1
0 11 396 1 1
0 7 403 1 1
0 2 395 1 1
0 8 402 1 1
0 6 397 1 1
0 12 398 1 1
0 9 401 1 1
0 4 393 1 1
0 10 400 1 1
0 5 392 1 1
0 11 399 1 1
0 1 396 1 1
0 4 402 1 1
0 2 400 1 1
0 5 403 1 1
0 1 399 1 1
0 9 394 1 1
0 10 395 1 1
0 12 397 1 1
0 6 398 1 1
0 7 392 1 1
0 8 393 1 1
0 11 396 1 1
0 3 516 1 1
0 5 518 1 1
0 10 523 1 1
0 11 524 1 1
0 4 517 1 1
0 7 520 1 1
0 9 522 1 1
0 12 513 1 1
0 8 521 1 1
0 2 515 1 1
0 1 514 1 1
0 3 514 1 1
0 12 514 1 1
0 13 514 1 1
0 4 514 1 1
0 5 514 1 1
0 8 514 1 1
0 6 514 1 1
0 9 514 1 1
0 7 514 1 1
0 10 514 1 1
0 1 514 1 1
0 5 523 1 1
0 9 519 1 1
0 4 524 1 1
0 10 518 1 1
0 12 516 1 1
0 1 514 1 1
0 3 515 1 1
0 7 521 1 1
0 6 522 1 1
0 2 513 1 1
0 11 517 1 1
0 7 523 1 1
0 8 524 1 1
0 2 518 1 1
0 5 521 1 1
0 3 519 1 1
0 4 520 1 1
0 9 516 1 1
0 10 513 1 1
0 12 515 1 1
0 6 522 1 1
0 1 517 1 1
0 10 517 1 1
0 7 517 1 1
0 9 517 1 1
0 6 517 1 1
0 4 517 1 1
0 13 517 1 1
0 12 517 1 1
0 3 517 1 1
0 2 517 1 1
0 1 517 1 1
0 11 517 1 1
0 7 524 1 1
0 2 516 1 1
0 8 523 1 1
0 6 518 1 1
0 12 519 1 1
0 9 522 1 1
0 4 514 1 1
0 10 521 1 1
0 5 513 1 1
0 11 520 1 1
0 1 517 1 1
0 4 523 1 1
0 2 521 1 1
0 5 524 1 1
0 1 520 1 1
0 9 515 1 1
0 10 516 1 1
0 12 518 1 1
0 6 519 1 1
0 7 513 1 1
0 8 514 1 1
0 11 517 1 1
0 3 520 1 1
0 1 520 1 1
0 12 520 1 1
0 6 520 1 1
0 13 520 1 1
0 7 520 1 1
0 4 520 1 1
0 10 520 1 1
0 11 520 1 1
0 2 520 1 1
0 9 520 1 1
0 10 524 1 1
0 6 515 1 1
0 1 520 1 1
0 4 517 1 1
0 9 521 1 1
0 2 519 1 1
0 3 518 1 1
0 7 514 1 1
0 8 513 1 1
0 12 522 1 1
0 5 516 1 1
0 3 583 1 1
0 5 585 1 1
0 10 590 1 1
0 11 591 1 1
0 4 584 1 1
0 7 587 1 1
0 9 589 1 1
0 12 580 1 1
0 8 588 1 1
0 2 582 1 1
0 1 581 1 1
0 3 581 1 1
0 12 581 1 1
0 13 581 1 1
0 4 581 1 1
0 5 581 1 1
0 8 581 1 1
0 6 581 1 1
0 9 581 1 1
0 7 581 1 1
0 10 581 1 1
0 1 581 1 1
0 5 590 1 1
0 9 586 1 1
0 4 591 1 1
0 10 585 1 1
0 12 583 1 1
0 1 581 1 1
0 3 582 1 1
0 7 588 1 1
0 6 589 1 1
0 2 580 1 1
0 11 584 1 1
0 7 590 1 1
0 8 591 1 1
0 2 585 1 1
0 5 588 1 1
0 3 586 1 1
0 4 587 1 1
0 9 583 1 1
0 10 580 1 1
0 12 582 1 1
0 6 589 1 1
0 1 584 1 1
0 10 584 1 1
0 7 584 1 1
0 9 584 1 1
0 6 584 1 1
0 4 584 1 1
0 13 584 1 1
0 12 584 1 1
0 3 584 1 1
0 2 584 1 1
0 1 584 1 1
0 11 584 1 1
0 7 591 1 1
0 2 583 1 1
0 8 590 1 1
0 6 585 1 1
0 12 586 1 1
0 9 589 1 1
0 4 581 1 1
0 10 588 1 1
0 5 580 1 1
0 11 587 1 1
0 1 584 1 1
0 4 590 1 1
0 2 588 1 1
0 5 591 1 1
0 1 587 1 1
0 9 582 1 1
0 10 583 1 1
0 12 585 1 1
0 6 586 1 1
0 7 580 1 1
0 8 581 1 1
0 11 584 1 1
0 3 587 1 1
0 1 587 1 1
0 12 587 1 1
0 6 587 1 1
0 13 587 1 1
0 7 587 1 1
0 4 587 1 1
0 10 587 1 1
0 11 587 1 1
0 2 587 1 1
0 9 587 1 1
0 10 591 1 1
0 6 582 1 1
0 1 587 1 1
0 4 584 1 1
0 9 588 1 1
0 2 586 1 1
0 3 585 1 1
0 7 581 1 1
0 8 580 1 1
0 12 589 1 1
0 5 583 1 1
0 9 585 1 1
0 6 582 1 1
0 12 588 1 1
0 2 591 1 1
0 10 586 1 1
0 3 589 1 1
0 5 581 1 1
0 1 590 1 1
0 4 580 1 1
0 11 587 1 1
0 7 583 1 1
0 3 298 1 1
0 5 300 1 1
0 10 305 1 1
0 11 306 1 1
0 4 299 1 1
0 7 302 1 1
0 9 304 1 1
0 12 295 1 1
0 8 303 1 1
0 2 297 1 1
0 1 296 1 1
0 3 296 1 1
0 12 296 1 1
0 13 296 1 1
0 4 296 1 1
0 5 296 1 1
0 8 296 1 1
0 6 296 1 1
0 9 296 1 1
0 7 296 1 1
0 10 296 1 1
0 1 296 1 1
0 5 305 1 1
0 9 301 1 1
0 4 306 1 1
0 10 300 1 1
0 12 298 1 1
0 1 296 1 1
0 3 297 1 1
0 7 303 1 1
0 6 304 1 1
0 2 295 1 1
0 11 299 1 1
0 7 305 1 1
0 8 306 1 1
0 2 300 1 1
0 5 303 1 1
0 3 301 1 1
0 4 302 1 1
0 9 298 1 1
0 10 295 1 1
0 12 297 1 1
0 6 304 1 1
0 1 299 1 1
0 10 299 1 1
0 7 299 1 1
0 9 299 1 1
0 6 299 1 1
0 4 299 1 1
0 13 299 1 1
0 12 299 1 1
0 3 299 1 1
0 2 299 1 1
0 1 299 1 1
0 11 299 1 1
0 3 363 1 1
0 5 365 1 1
0 10 370 1 1
0 11 371 1 1
0 4 364 1 1
0 7 367 1 1
0 9 369 1 1
0 12 360 1 1
0 8 368 1 1
0 2 362 1 1
0 1 361 1 1
0 3 361 1 1
0 12 361 1 1
0 13 361 1 1
0 4 361 1 1
0 5 361 1 1
0 8 361 1 1
0 6 361 1 1
0 9 361 1 1
0 7 361 1 1
0 10 361 1 1
0 1 361 1 1
0 5 370 1 1
0 9 366 1 1
0 4 371 1 1
0 10 365 1 1
0 12 363 1 1
0 1 361 1 1
0 3 362 1 1
0 7 368 1 1
0 6 369 1 1
0 2 360 1 1
0 11 364 1 1
0 7 370 1 1
0 8 371 1 1
0 2 365 1 1
0 5 368 1 1
0 3 366 1 1
0 4 367 1 1
0 9 363 1 1
0 10 360 1 1
0 12 362 1 1
0 6 369 1 1
0 1 364 1 1
0 10 364 1 1
0 7 364 1 1
0 9 364 1 1
0 6 364 1 1
0 4 364 1 1
0 13 364 1 1
0 12 364 1 1
0 3 364 1 1
0 2 364 1 1
0 1 364 1 1
0 11 364 1 1
0 7 371 1 1
0 2 363 1 1
0 8 370 1 1
0 6 365 1 1
0 12 366 1 1
0 9 369 1 1
0 4 361 1 1
0 10 368 1 1
0 5 360 1 1
0 11 367 1 1
0 1 364 1 1
0 3 369 1 1
0 5 371 1 1
0 10 376 1 1
0 11 377 1 1
0 4 370 1 1
0 7 373 1 1
0 9 375 1 1
0 12 366 1 1
0 8 374 1 1
0 2 368 1 1
0 1 367 1 1
0 3 367 1 1
0 12 367 1 1
0 13 367 1 1
0 4 367 1 1
0 5 367 1 1
0 8 367 1 1
0 6 367 1 1
0 9 367 1 1
0 7 367 1 1
0 10 367 1 1
0 1 367 1 1
0 5 376 1 1
0 9 372 1 1
0 4 377 1 1
0 10 371 1 1
0 12 369 1 1
0 1 367 1 1
0 3 368 1 1
0 7 374 1 1
0 6 375 1 1
0 2 366 1 1
0 11 370 1 1
0 7 376 1 1
0 8 377 1 1
0 2 371 1 1
0 5 374 1 1
0 3 372 1 1
0 4 373 1 1
0 9 369 1 1
0 10 366 1 1
0 12 368 1 1
0 6 375 1 1
0 1 370 1 1
0 10 370 1 1
0 7 370 1 1
0 9 370 1 1
0 6 370 1 1
0 4 370 1 1
0 13 370 1 1
0 12 370 1 1
0 3 370 1 1
0 2 370 1 1
0 1 370 1 1
0 11 370 1 1
0 7 377 1 1
0 2 369 1 1
0 8 376 1 1
0 6 371 1 1
0 12 372 1 1
0 9 375 1 1
0 4 367 1 1
0 10 374 1 1
0 5 366 1 1
0 11 373 1 1
0 1 370 1 1
0 3 375 1 1
0 5 377 1 1
0 10 382 1 1
0 11 383 1 1
0 4 376 1 1
0 7 379 1 1
0 9 381 1 1
0 12 372 1 1
0 8 380 1 1
0 2 374 1 1
0 1 373 1 1
0 3 373 1 1
0 12 373 1 1
0 13 373 1 1
0 4 373 1 1
0 5 373 1 1
0 8 373 1 1
0 6 373 1 1
0 9 373 1 1
0 7 373 1 1
0 10 373 1 1
0 1 373 1 1
0 5 382 1 1
0 9 378 1 1
0 4 383 1 1
0 10 377 1 1
0 12 375 1 1
0 1 373 1 1
0 3 374 1 1
0 7 380 1 1
0 6 381 1 1
0 2 372 1 1
0 11 376 1 1
0 7 382 1 1
0 8 383 1 1
0 2 377 1 1
0 5 380 1 1
0 3 378 1 1
0 4 379 1 1
0 9 375 1 1
0 10 372 1 1
0 12 374 1 1
0 6 381 1 1
0 1 376 1 1
0 10 376 1 1
0 7 376 1 1
0 9 376 1 1
0 6 376 1 1
0 4 376 1 1
0 13 376 1 1
0 12 376 1 1
0 3 376 1 1
0 2 376 1 1
0 1 376 1 1
0 11 376 1 1
0 7 383 1 1
0 2 375 1 1
0 8 382 1 1
0 6 377 1 1
0 12 378 1 1
0 9 381 1 1
0 4 373 1 1
0 10 380 1 1
0 5 372 1 1
0 11 379 1 1
0 1 376 1 1
0 3 255 1 1
0 5 257 1 1
0 10 262 1 1
0 11 263 1 1
0 4 256 1 1
0 7 259 1 1
0 9 261 1 1
0 12 252 1 1
0 8 260 1 1
0 2 254 1 1
0 1 253 1 1
0 3 253 1 1
0 12 253 1 1
0 13 253 1 1
0 4 253 1 1
0 5 253 1 1
0 8 253 1 1
0 6 253 1 1
0 9 253 1 1
0 7 253 1 1
0 10 253 1 1
0 1 253 1 1
0 5 262 1 1
0 9 258 1 1
0 4 263 1 1
0 10 257 1 1
0 12 255 1 1
0 1 253 1 1
0 3 254 1 1
0 7 260 1 1
0 6 261 1 1
0 2 252 1 1
0 11 256 1 1
0 7 262 1 1
0 8 263 1 1
0 2 257 1 1
0 5 260 1 1
0 3 258 1 1
0 4 259 1 1
0 9 255 1 1
0 10 252 1 1
0 12 254 1 1
0 6 261 1 1
0 1 256 1 1
0 3 707 1 1
0 5 709 1 1
0 10 714 1 1
0 11 715 1 1
0 4 708 1 1
0 7 711 1 1
0 9 713 1 1
0 12 704 1 1
0 8 712 1 1
0 2 706 1 1
0 1 705 1 1
0 3 705 1 1
0 12 705 1 1
0 13 705 1 1
0 4 705 1 1
0 5 705 1 1
0 8 705 1 1
0 6 705 1 1
0 9 705 1 1
0 7 705 1 1
0 10 705 1 1
0 1 705 1 1
0 5 714 1 1
0 9 710 1 1
0 4 715 1 1
0 10 709 1 1
0 12 707 1 1
0 1 705 1 1
0 3 706 1 1
0 7 712 1 1
0 6 713 1 1
0 2 704 1 1
0 11 708 1 1
0 7 714 1 1
0 8 715 1 1
0 2 709 1 1
0 5 712 1 1
0 3 710 1 1
0 4 711 1 1
0 9 707 1 1
0 10 704 1 1
0 12 706 1 1
0 6 713 1 1
0 1 708 1 1
0 10 708 1 1
0 7 708 1 1
0 9 708 1 1
0 6 708 1 1
0 4 708 1 1
0 13 708 1 1
0 12 708 1 1
0 3 708 1 1
0 2 708 1 1
0 1 708 1 1
0 11 708 1 1
0 7 715 1 1
0 2 707 1 1
0 8 714 1 1
0 6 709 1 1
0 12 710 1 1
0 9 713 1 1
0 4 705 1 1
0 10 712 1 1
0 5 704 1 1
0 11 711 1 1
0 1 708 1 1
0 4 714 1 1
0 2 712 1 1
0 5 715 1 1
0 1 711 1 1
0 9 706 1 1
0 10 707 1 1
0 12 709 1 1
0 6 710 1 1
0 7 704 1 1
0 8 705 1 1
0 11 708 1 1
0 3 711 1 1
0 1 711 1 1
0 12 711 1 1
0 6 711 1 1
0 13 711 1 1
0 7 711 1 1
0 4 711 1 1
0 10 711 1 1
0 11 711 1 1
0 2 711 1 1
0 9 711 1 1
0 10 715 1 1
0 6 706 1 1
0 1 711 1 1
0 4 708 1 1
0 9 712 1 1
0 2 710 1 1
0 3 709 1 1
0 7 705 1 1
0 8 704 1 1
0 12 713 1 1
0 5 707 1 1
0 9 709 1 1
0 6 706 1 1
0 12 712 1 1
0 2 715 1 1
0 10 710 1 1
0 3 713 1 1
0 5 705 1 1
0 1 714 1 1
0 4 704 1 1
0 11 711 1 1
0 7 707 1 1
0 8 714 1 1
0 5 714 1 1
0 4 714 1 1
0 10 714 1 1
0 7 714 1 1
0 13 714 1 1
0 6 714 1 1
0 12 714 1 1
0 1 714 1 1
0 3 714 1 1
0 9 714 1 1
0 3 653 1 1
0 5 655 1 1
0 10 660 1 1
0 11 661 1 1
0 4 654 1 1
0 7 657 1 1
0 9 659 1 1
0 12 650 1 1
0 8 658 1 1
0 2 652 1 1
0 1 651 1 1
0 3 651 1 1
0 12 651 1 1
0 13 651 1 1
0 4 651 1 1
0 5 651 1 1
0 8 651 1 1
0 6 651 1 1
0 9 651 1 1
0 7 651 1 1
0 10 651 1 1
0 1 651 1 1
0 5 660 1 1
0 9 656 1 1
0 4 661 1 1
0 10 655 1 1
0 12 653 1 1
0 1 651 1 1
0 3 652 1 1
0 7 658 1 1
0 6 659 1 1
0 2 650 1 1
0 11 654 1 1
0 7 660 1 1
0 8 661 1 1
0 2 655 1 1
0 5 658 1 1
0 3 656 1 1
0 4 657 1 1
0 9 653 1 1
0 10 650 1 1
0 12 652 1 1
0 6 659 1 1
0 1 654 1 1
0 10 654 1 1
0 7 654 1 1
0 9 654 1 1
0 6 654 1 1
0 4 654 1 1
0 13 654 1 1
0 12 654 1 1
0 3 654 1 1
0 2 654 1 1
0 1 654 1 1
0 11 654 1 1
0 7 661 1 1
0 2 653 1 1
0 8 660 1 1
0 6 655 1 1
0 12 656 1 1
0 9 659 1 1
0 4 651 1 1
0 10 658 1 1
0 5 650 1 1
0 11 657 1 1
0 1 654 1 1
0 4 660 1 1
0 2 658 1 1
0 5 661 1 1
0 1 657 1 1
0 9 652 1 1
0 10 653 1 1
0 12 655 1 1
0 6 656 1 1
0 7 650 1 1
0 8 651 1 1
0 11 654 1 1
0 3 657 1 1
0 1 657 1 1
0 12 657 1 1
0 6 657 1 1
0 13 657 1 1
0 7 657 1 1
0 4 657 1 1
0 10 657 1 1
0 11 657 1 1
0 2 657 1 1
0 9 657 1 1
0 10 661 1 1
0 6 652 1 1
0 1 657 1 1
0 4 654 1 1
0 9 658 1 1
0 2 656 1 1
0 3 655 1 1
0 7 651 1 1
0 8 650 1 1
0 12 659 1 1
0 5 653 1 1
0 9 655 1 1
0 6 652 1 1
0 12 658 1 1
0 2 661 1 1
0 10 656 1 1
0 3 659 1 1
0 5 651 1 1
0 1 660 1 1
0 4 650 1 1
0 11 657 1 1
0 7 653 1 1
0 3 729 1 1
0 5 731 1 1
0 10 736 1 1
0 11 737 1 1
0 4 730 1 1
0 7 733 1 1
0 9 735 1 1
0 12 726 1 1
0 8 734 1 1
0 2 728 1 1
0 1 727 1 1
0 3 727 1 1
0 12 727 1 1
0 13 727 1 1
0 4 727 1 1
0 5 727 1 1
0 8 727 1 1
0 6 727 1 1
0 9 727 1 1
0 7 727 1 1
0 10 727 1 1
0 1 727 1 1
0 5 736 1 1
0 9 732 1 1
0 4 737 1 1
0 10 731 1 1
0 12 729 1 1
0 1 727 1 1
0 3 728 1 1
0 7 734 1 1
0 6 735 1 1
0 2 726 1 1
0 11 730 1 1
0 7 736 1 1
0 8 737 1 1
0 2 731 1 1
0 5 734 1 1
0 3 732 1 1
0 4 733 1 1
0 9 729 1 1
0 10 726 1 1
0 12 728 1 1
0 6 735 1 1
0 1 730 1 1
0 10 730 1 1
0 7 730 1 1
0 9 730 1 1
0 6 730 1 1
0 4 730 1 1
0 13 730 1 1
0 12 730 1 1
0 3 730 1 1
0 2 730 1 1
0 1 730 1 1
0 11 730 1 1
0 7 737 1 1
0 2 729 1 1
0 8 736 1 1
0 6 731 1 1
0 12 732 1 1
0 9 735 1 1
0 4 727 1 1
0 10 734 1 1
0 5 726 1 1
0 11 733 1 1
0 1 730 1 1
0 4 736 1 1
0 2 734 1 1
0 5 737 1 1
0 1 733 1 1
0 9 728 1 1
0 10 729 1 1
0 12 731 1 1
0 6 732 1 1
0 7 726 1 1
0 8 727 1 1
0 11 730 1 1
0 3 733 1 1
0 1 733 1 1
0 12 733 1 1
0 6 733 1 1
0 13 733 1 1
0 7 733 1 1
0 4 733 1 1
0 10 733 1 1
0 11 733 1 1
0 2 733 1 1
0 9 733 1 1
0 10 737 1 1
0 6 728 1 1
0 1 733 1 1
0 4 730 1 1
0 9 734 1 1
0 2 732 1 1
0 3 731 1 1
0 7 727 1 1
0 8 726 1 1
0 12 735 1 1
0 5 729 1 1
0 9 731 1 1
0 6 728 1 1
0 12 734 1 1
0 2 737 1 1
0 10 732 1 1
0 3 735 1 1
0 5 727 1 1
0 1 736 1 1
0 4 726 1 1
0 11 733 1 1
0 7 729 1 1
0 8 736 1 1
0 5 736 1 1
0 4 736 1 1
0 10 736 1 1
0 7 736 1 1
0 13 736 1 1
0 6 736 1 1
0 12 736 1 1
0 1 736 1 1
0 3 736 1 1
0 9 736 1 1
0 3 70 1 1
0 5 72 1 1
0 10 77 1 1
0 11 78 1 1
0 4 71 1 1
0 7 74 1 1
0 9 76 1 1
0 12 67 1 1
0 8 75 1 1
0 2 69 1 1
0 1 68 1 1
0 3 547 1 1
0 5 549 1 1
0 10 554 1 1
0 11 555 1 1
0 4 548 1 1
0 7 551 1 1
0 9 553 1 1
0 12 544 1 1
0 8 552 1 1
0 2 546 1 1
0 1 545 1 1
0 3 545 1 1
0 12 545 1 1
0 13 545 1 1
0 4 545 1 1
0 5 545 1 1
0 8 545 1 1
0 6 545 1 1
0 9 545 1 1
0 7 545 1 1
0 10 545 1 1
0 1 545 1 1
0 5 554 1 1
0 9 550 1 1
0 4 555 1 1
0 10 549 1 1
0 12 547 1 1
0 1 545 1 1
0 3 546 1 1
0 7 552 1 1
0 6 553 1 1
0 2 544 1 1
0 11 548 1 1
0 7 554 1 1
0 8 555 1 1
0 2 549 1 1
0 5 552 1 1
0 3 550 1 1
0 4 551 1 1
0 9 547 1 1
0 10 544 1 1
0 12 546 1 1
0 6 553 1 1
0 1 548 1 1
0 10 548 1 1
0 7 548 1 1
0 9 548 1 1
0 6 548 1 1
0 4 548 1 1
0 13 548 1 1
0 12 548 1 1
0 3 548 1 1
0 2 548 1 1
0 1 548 1 1
0 11 548 1 1
0 7 555 1 1
0 2 547 1 1
0 8 554 1 1
0 6 549 1 1
0 12 550 1 1
0 9 553 1 1
0 4 545 1 1
0 10 552 1 1
0 5 544 1 1
0 11 551 1 1
0 1 548 1 1
0 4 554 1 1
0 2 552 1 1
0 5 555 1 1
0 1 551 1 1
0 9 546 1 1
0 10 547 1 1
0 12 549 1 1
0 6 550 1 1
0 7 544 1 1
0 8 545 1 1
0 11 548 1 1
0 3 551 1 1
0 1 551 1 1
0 12 551 1 1
0 6 551 1 1
0 13 551 1 1
0 7 551 1 1
0 4 551 1 1
0 10 551 1 1
0 11 551 1 1
0 2 551 1 1
0 9 551 1 1
0 3 486 1 1
0 5 488 1 1
0 10 493 1 1
0 11 494 1 1
0 4 487 1 1
0 7 490 1 1
0 9 492 1 1
0 12 483 1 1
0 8 491 1 1
0 2 485 1 1
0 1 484 1 1
0 3 484 1 1
0 12 484 1 1
0 13 484 1 1
0 4 484 1 1
0 5 484 1 1
0 8 484 1 1
0 6 484 1 1
0 9 484 1 1
0 7 484 1 1
0 10 484 1 1
0 1 484 1 1
0 5 493 1 1
0 9 489 1 1
0 4 494 1 1
0 10 488 1 1
0 12 486 1 1
0 1 484 1 1
0 3 485 1 1
0 7 491 1 1
0 6 492 1 1
0 2 483 1 1
0 11 487 1 1
0 7 493 1 1
0 8 494 1 1
0 2 488 1 1
0 5 491 1 1
0 3 489 1 1
0 4 490 1 1
0 9 486 1 1
0 10 483 1 1
0 12 485 1 1
0 6 492 1 1
0 1 487 1 1
0 10 487 1 1
0 7 487 1 1
0 9 487 1 1
0 6 487 1 1
0 4 487 1 1
0 13 487 1 1
0 12 487 1 1
0 3 487 1 1
0 2 487 1 1
0 1 487 1 1
0 11 487 1 1
0 7 494 1 1
0 2 486 1 1
0 8 493 1 1
0 6 488 1 1
0 12 489 1 1
0 9 492 1 1
0 4 484 1 1
0 10 491 1 1
0 5 483 1 1
0 11 490 1 1
0 1 487 1 1
0 4 493 1 1
0 2 491 1 1
0 5 494 1 1
0 1 490 1 1
0 9 485 1 1
0 10 486 1 1
0 12 488 1 1
0 6 489 1 1
0 7 483 1 1
0 8 484 1 1
0 11 487 1 1
0 3 423 1 1
0 5 425 1 1
0 10 430 1 1
0 11 431 1 1
0 4 424 1 1
0 7 427 1 1
0 9 429 1 1
0 12 420 1 1
0 8 428 1 1
0 2 422 1 1
0 1 421 1 1
0 3 421 1 1
0 12 421 1 1
0 13 421 1 1
0 4 421 1 1
0 5 421 1 1
0 8 421 1 1
0 6 421 1 1
0 9 421 1 1
0 7 421 1 1
0 10 421 1 1
0 1 421 1 1
0 5 430 1 1
0 9 426 1 1
0 4 431 1 1
0 10 425 1 1
0 12 423 1 1
0 1 421 1 1
0 3 422 1 1
0 7 428 1 1
0 6 429 1 1
0 2 420 1 1
0 11 424 1 1
0 7 430 1 1
0 8 431 1 1
0 2 425 1 1
0 5 428 1 1
0 3 426 1 1
0 4 427 1 1
0 9 423 1 1
0 10 420 1 1
0 12 422 1 1
0 6 429 1 1
0 1 424 1 1
0 10 424 1 1
0 7 424 1 1
0 9 424 1 1
0 6 424 1 1
0 4 424 1 1
0 13 424 1 1
0 12 424 1 1
0 3 424 1 1
0 2 424 1 1
0 1 424 1 1
0 11 424 1 1
0 7 431 1 1
0 2 423 1 1
0 8 430 1 1
0 6 425 1 1
0 12 426 1 1
0 9 429 1 1
0 4 421 1 1
0 10 428 1 1
0 5 420 1 1
0 11 427 1 1
0 1 424 1 1
0 3 571 1 1
0 5 573 1 1
0 10 578 1 1
0 11 579 1 1
0 4 572 1 1
0 7 575 1 1
0 9 577 1 1
0 12 568 1 1
0 8 576 1 1
0 2 570 1 1
0 1 569 1 1
0 3 569 1 1
0 12 569 1 1
0 13 569 1 1
0 4 569 1 1
0 5 569 1 1
0 8 569 1 1
0 6 569 1 1
0 9 569 1 1
0 7 569 1 1
0 10 569 1 1
0 1 569 1 1
0 5 578 1 1
0 9 574 1 1
0 4 579 1 1
0 10 573 1 1
0 12 571 1 1
0 1 569 1 1
0 3 570 1 1
0 7 576 1 1
0 6 577 1 1
0 2 568 1 1
0 11 572 1 1
0 7 578 1 1
0 8 579 1 1
0 2 573 1 1
0 5 576 1 1
0 3 574 1 1
0 4 575 1 1
0 9 571 1 1
0 10 568 1 1
0 12 570 1 1
0 6 577 1 1
0 1 572 1 1
0 10 572 1 1
0 7 572 1 1
0 9 572 1 1
0 6 572 1 1
0 4 572 1 1
0 13 572 1 1
0 12 572 1 1
0 3 572 1 1
0 2 572 1 1
0 1 572 1 1
0 11 572 1 1
0 7 579 1 1
0 2 571 1 1
0 8 578 1 1
0 6 573 1 1
0 12 574 1 1
0 9 577 1 1
0 4 569 1 1
0 10 576 1 1
0 5 568 1 1
0 11 575 1 1
0 1 572 1 1
0 4 578 1 1
0 2 576 1 1
0 5 579 1 1
0 1 575 1 1
0 9 570 1 1
0 10 571 1 1
0 12 573 1 1
0 6 574 1 1
0 7 568 1 1
0 8 569 1 1
0 11 572 1 1
0 3 575 1 1
0 1 575 1 1
0 12 575 1 1
0 6 575 1 1
0 13 575 1 1
0 7 575 1 1
0 4 575 1 1
0 10 575 1 1
0 11 575 1 1
0 2 575 1 1
0 9 575 1 1
0 3 507 1 1
0 5 509 1 1
0 10 514 1 1
0 11 515 1 1
0 4 508 1 1
0 7 511 1 1
0 9 513 1 1
0 12 504 1 1
0 8 512 1 1
0 2 506 1 1
0 1 505 1 1
0 3 505 1 1
0 12 505 1 1
0 13 505 1 1
0 4 505 1 1
0 5 505 1 1
0 8 505 1 1
0 6 505 1 1
0 9 505 1 1
0 7 505 1 1
0 10 505 1 1
0 1 505 1 1
0 5 514 1 1
0 9 510 1 1
0 4 515 1 1
0 10 509 1 1
0 12 507 1 1
0 1 505 1 1
0 3 506 1 1
0 7 512 1 1
0 6 513 1 1
0 2 504 1 1
0 11 508 1 1
0 7 514 1 1
0 8 515 1 1
0 2 509 1 1
0 5 512 1 1
0 3 510 1 1
0 4 511 1 1
0 9 507 1 1
0 10 504 1 1
0 12 506 1 1
0 6 513 1 1
0 1 508 1 1
0 10 508 1 1
0 7 508 1 1
0 9 508 1 1
0 6 508 1 1
0 4 508 1 1
0 13 508 1 1
0 12 508 1 1
0 3 508 1 1
0 2 508 1 1
0 1 508 1 1
0 11 508 1 1
0 7 515 1 1
0 2 507 1 1
0 8 514 1 1
0 6 509 1 1
0 12 510 1 1
0 9 513 1 1
0 4 505 1 1
0 10 512 1 1
0 5 504 1 1
0 11 511 1 1
0 1 508 1 1
0 4 514 1 1
0 2 512 1 1
0 5 515 1 1
0 1 511 1 1
0 9 506 1 1
0 10 507 1 1
0 12 509 1 1
0 6 510 1 1
0 7 504 1 1
0 8 505 1 1
0 11 508 1 1
0 3 76 1 1
0 5 78 1 1
0 10 83 1 1
0 11 84 1 1
0 4 77 1 1
0 7 80 1 1
0 9 82 1 1
0 12 73 1 1
0 8 81 1 1
0 2 75 1 1
0 1 74 1 1
0 3 521 1 1
0 5 523 1 1
0 10 528 1 1
0 11 529 1 1
0 4 522 1 1
0 7 525 1 1
0 9 527 1 1
0 12 518 1 1
0 8 526 1 1
0 2 520 1 1
0 1 519 1 1
0 3 519 1 1
0 12 519 1 1
0 13 519 1 1
0 4 519 1 1
0 5 519 1 1
0 8 519 1 1
0 6 519 1 1
0 9 519 1 1
0 7 519 1 1
0 10 519 1 1
0 1 519 1 1
0 5 528 1 1
0 9 524 1 1
0 4 529 1 1
0 10 523 1 1
0 12 521 1 1
0 1 519 1 1
0 3 520 1 1
0 7 526 1 1
0 6 527 1 1
0 2 518 1 1
0 11 522 1 1
0 7 528 1 1
0 8 529 1 1
0 2 523 1 1
0 5 526 1 1
0 3 524 1 1
0 4 525 1 1
0 9 521 1 1
0 10 518 1 1
0 12 520 1 1
0 6 527 1 1
0 1 522 1 1
0 10 522 1 1
0 7 522 1 1
0 9 522 1 1
0 6 522 1 1
0 4 522 1 1
0 13 522 1 1
0 12 522 1 1
0 3 522 1 1
0 2 522 1 1
0 1 522 1 1
0 11 522 1 1
0 7 529 1 1
0 2 521 1 1
0 8 528 1 1
0 6 523 1 1
0 12 524 1 1
0 9 527 1 1
0 4 519 1 1
0 10 526 1 1
0 5 518 1 1
0 11 525 1 1
0 1 522 1 1
0 4 528 1 1
0 2 526 1 1
0 5 529 1 1
0 1 525 1 1
0 9 520 1 1
0 10 521 1 1
0 12 523 1 1
0 6 524 1 1
0 7 518 1 1
0 8 519 1 1
0 11 522 1 1
0 3 78 1 1
0 5 80 1 1
0 10 85 1 1
0 11 86 1 1
0 4 79 1 1
0 7 82 1 1
0 9 84 1 1
0 12 75 1 1
0 8 83 1 1
0 2 77 1 1
0 1 76 1 1
0 3 611 1 1
0 5 613 1 1
0 10 618 1 1
0 11 619 1 1
0 4 612 1 1
0 7 615 1 1
0 9 617 1 1
0 12 608 1 1
0 8 616 1 1
0 2 610 1 1
0 1 609 1 1
0 3 609 1 1
0 12 609 1 1
0 13 609 1 1
0 4 609 1 1
0 5 609 1 1
0 8 609 1 1
0 6 609 1 1
0 9 609 1 1
0 7 609 1 1
0 10 609 1 1
0 1 609 1 1
0 5 618 1 1
0 9 614 1 1
0 4 619 1 1
0 10 613 1 1
0 12 611 1 1
0 1 609 1 1
0 3 610 1 1
0 7 616 1 1
0 6 617 1 1
0 2 608 1 1
0 11 612 1 1
0 7 618 1 1
0 8 619 1 1
0 2 613 1 1
0 5 616 1 1
0 3 614 1 1
0 4 615 1 1
0 9 611 1 1
0 10 608 1 1
0 12 610 1 1
0 6 617 1 1
0 1 612 1 1
0 10 612 1 1
0 7 612 1 1
0 9 612 1 1
0 6 612 1 1
0 4 612 1 1
0 13 612 1 1
0 12 612 1 1
0 3 612 1 1
0 2 612 1 1
0 1 612 1 1
0 11 612 1 1
0 7 619 1 1
0 2 611 1 1
0 8 618 1 1
0 6 613 1 1
0 12 614 1 1
0 9 617 1 1
0 4 609 1 1
0 10 616 1 1
0 5 608 1 1
0 11 615 1 1
0 1 612 1 1
0 4 618 1 1
0 2 616 1 1
0 5 619 1 1
0 1 615 1 1
0 9 610 1 1
0 10 611 1 1
0 12 613 1 1
0 6 614 1 1
0 7 608 1 1
0 8 609 1 1
0 11 612 1 1
0 3 615 1 1
0 1 615 1 1
0 12 615 1 1
0 6 615 1 1
0 13 615 1 1
0 7 615 1 1
0 4 615 1 1
0 10 615 1 1
0 11 615 1 1
0 2 615 1 1
0 9 615 1 1
0 3 696 1 1
0 5 698 1 1
0 10 703 1 1
0 11 704 1 1
0 4 697 1 1
0 7 700 1 1
0 9 702 1 1
0 12 693 1 1
0 8 701 1 1
0 2 695 1 1
0 1 694 1 1
0 3 694 1 1
0 12 694 1 1
0 13 694 1 1
0 4 694 1 1
0 5 694 1 1
0 8 694 1 1
0 6 694 1 1
0 9 694 1 1
0 7 694 1 1
0 10 694 1 1
0 1 694 1 1
0 5 703 1 1
0 9 699 1 1
0 4 704 1 1
0 10 698 1 1
0 12 696 1 1
0 1 694 1 1
0 3 695 1 1
0 7 701 1 1
0 6 702 1 1
0 2 693 1 1
0 11 697 1 1
0 7 703 1 1
0 8 704 1 1
0 2 698 1 1
0 5 701 1 1
0 3 699 1 1
0 4 700 1 1
0 9 696 1 1
0 10 693 1 1
0 12 695 1 1
0 6 702 1 1
0 1 697 1 1
0 10 697 1 1
0 7 697 1 1
0 9 697 1 1
0 6 697 1 1
0 4 697 1 1
0 13 697 1 1
0 12 697 1 1
0 3 697 1 1
0 2 697 1 1
0 1 697 1 1
0 11 697 1 1
0 7 704 1 1
0 2 696 1 1
0 8 703 1 1
0 6 698 1 1
0 12 699 1 1
0 9 702 1 1
0 4 694 1 1
0 10 701 1 1
0 5 693 1 1
0 11 700 1 1
0 1 697 1 1
0 4 703 1 1
0 2 701 1 1
0 5 704 1 1
0 1 700 1 1
0 9 695 1 1
0 10 696 1 1
0 12 698 1 1
0 6 699 1 1
0 7 693 1 1
0 8 694 1 1
0 11 697 1 1
0 3 700 1 1
0 1 700 1 1
0 12 700 1 1
0 6 700 1 1
0 13 700 1 1
0 7 700 1 1
0 4 700 1 1
0 10 700 1 1
0 11 700 1 1
0 2 700 1 1
0 9 700 1 1
0 10 704 1 1
0 6 695 1 1
0 1 700 1 1
0 4 697 1 1
0 9 701 1 1
0 2 699 1 1
0 3 698 1 1
0 7 694 1 1
0 8 693 1 1
0 12 702 1 1
0 5 696 1 1
0 3 393 1 1
0 5 395 1 1
0 10 400 1 1
0 11 401 1 1
0 4 394 1 1
0 7 397 1 1
0 9 399 1 1
0 12 390 1 1
0 8 398 1 1
0 2 392 1 1
0 1 391 1 1
0 3 391 1 1
0 12 391 1 1
0 13 391 1 1
0 4 391 1 1
0 5 391 1 1
0 8 391 1 1
0 6 391 1 1
0 9 391 1 1
0 7 391 1 1
0 10 391 1 1
0 1 391 1 1
0 5 400 1 1
0 9 396 1 1
0 4 401 1 1
0 10 395 1 1
0 12 393 1 1
0 1 391 1 1
0 3 392 1 1
0 7 398 1 1
0 6 399 1 1
0 2 390 1 1
0 11 394 1 1
0 7 400 1 1
0 8 401 1 1
0 2 395 1 1
0 5 398 1 1
0 3 396 1 1
0 4 397 1 1
0 9 393 1 1
0 10 390 1 1
0 12 392 1 1
0 6 399 1 1
0 1 394 1 1
0 10 394 1 1
0 7 394 1 1
0 9 394 1 1
0 6 394 1 1
0 4 394 1 1
0 13 394 1 1
0 12 394 1 1
0 3 394 1 1
0 2 394 1 1
0 1 394 1 1
0 11 394 1 1
0 3 398 1 1
0 5 400 1 1
0 10 405 1 1
0 11 406 1 1
0 4 399 1 1
0 7 402 1 1
0 9 404 1 1
0 12 395 1 1
0 8 403 1 1
0 2 397 1 1
0 1 396 1 1
0 3 396 1 1
0 12 396 1 1
0 13 396 1 1
0 4 396 1 1
0 5 396 1 1
0 8 396 1 1
0 6 396 1 1
0 9 396 1 1
0 7 396 1 1
0 10 396 1 1
0 1 396 1 1
0 5 405 1 1
0 9 401 1 1
0 4 406 1 1
0 10 400 1 1
0 12 398 1 1
0 1 396 1 1
0 3 397 1 1
0 7 403 1 1
0 6 404 1 1
0 2 395 1 1
0 11 399 1 1
0 7 405 1 1
0 8 406 1 1
0 2 400 1 1
0 5 403 1 1
0 3 401 1 1
0 4 402 1 1
0 9 398 1 1
0 10 395 1 1
0 12 397 1 1
0 6 404 1 1
0 1 399 1 1
0 10 399 1 1
0 7 399 1 1
0 9 399 1 1
0 6 399 1 1
0 4 399 1 1
0 13 399 1 1
0 12 399 1 1
0 3 399 1 1
0 2 399 1 1
0 1 399 1 1
0 11 399 1 1
0 3 723 1 1
0 5 725 1 1
0 10 730 1 1
0 11 731 1 1
0 4 724 1 1
0 7 727 1 1
0 9 729 1 1
0 12 720 1 1
0 8 728 1 1
0 2 722 1 1
0 1 721 1 1
0 3 721 1 1
0 12 721 1 1
0 13 721 1 1
0 4 721 1 1
0 5 721 1 1
0 8 721 1 1
0 6 721 1 1
0 9 721 1 1
0 7 721 1 1
0 10 721 1 1
0 1 721 1 1
0 5 730 1 1
0 9 726 1 1
0 4 731 1 1
0 10 725 1 1
0 12 723 1 1
0 1 721 1 1
0 3 722 1 1
0 7 728 1 1
0 6 729 1 1
0 2 720 1 1
0 11 724 1 1
0 7 730 1 1
0 8 731 1 1
0 2 725 1 1
0 5 728 1 1
0 3 726 1 1
0 4 727 1 1
0 9 723 1 1
0 10 720 1 1
0 12 722 1 1
0 6 729 1 1
0 1 724 1 1
0 10 724 1 1
0 7 724 1 1
0 9 724 1 1
0 6 724 1 1
0 4 724 1 1
0 13 724 1 1
0 12 724 1 1
0 3 724 1 1
0 2 724 1 1
0 1 724 1 1
0 11 724 1 1
0 7 731 1 1
0 2 723 1 1
0 8 730 1 1
0 6 725 1 1
0 12 726 1 1
0 9 729 1 1
0 4 721 1 1
0 10 728 1 1
0 5 720 1 1
0 11 727 1 1
0 1 724 1 1
0 4 730 1 1
0 2 728 1 1
0 5 731 1 1
0 1 727 1 1
0 9 722 1 1
0 10 723 1 1
0 12 725 1 1
0 6 726 1 1
0 7 720 1 1
0 8 721 1 1
0 11 724 1 1
0 3 727 1 1
0 1 727 1 1
0 12 727 1 1
0 6 727 1 1
0 13 727 1 1
0 7 727 1 1
0 4 727 1 1
0 10 727 1 1
0 11 727 1 1
0 2 727 1 1
0 9 727 1 1
0 10 731 1 1
0 6 722 1 1
0 1 727 1 1
0 4 724 1 1
0 9 728 1 1
0 2 726 1 1
0 3 725 1 1
0 7 721 1 1
0 8 720 1 1
0 12 729 1 1
0 5 723 1 1
0 3 165 1 1
0 5 167 1 1
0 10 172 1 1
0 11 173 1 1
0 4 166 1 1
0 7 169 1 1
0 9 171 1 1
0 12 162 1 1
0 8 170 1 1
0 2 164 1 1
0 1 163 1 1
0 3 163 1 1
0 12 163 1 1
0 13 163 1 1
0 4 163 1 1
0 5 163 1 1
0 8 163 1 1
0 6 163 1 1
0 9 163 1 1
0 7 163 1 1
0 10 163 1 1
0 1 163 1 1
0 3 413 1 1
0 5 415 1 1
0 10 420 1 1
0 11 421 1 1
0 4 414 1 1
0 7 417 1 1
0 9 419 1 1
0 12 410 1 1
0 8 418 1 1
0 2 412 1 1
0 1 411 1 1
0 3 411 1 1
0 12 411 1 1
0 13 411 1 1
0 4 411 1 1
0 5 411 1 1
0 8 411 1 1
0 6 411 1 1
0 9 411 1 1
0 7 411 1 1
0 10 411 1 1
0 1 411 1 1
0 5 420 1 1
0 9 416 1 1
0 4 421 1 1
0 10 415 1 1
0 12 413 1 1
0 1 411 1 1
0 3 412 1 1
0 7 418 1 1
0 6 419 1 1
0 2 410 1 1
0 11 414 1 1
0 7 420 1 1
0 8 421 1 1
0 2 415 1 1
0 5 418 1 1
0 3 416 1 1
0 4 417 1 1
0 9 413 1 1
0 10 410 1 1
0 12 412 1 1
0 6 419 1 1
0 1 414 1 1
0 10 414 1 1
0 7 414 1 1
0 9 414 1 1
0 6 414 1 1
0 4 414 1 1
0 13 414 1 1
0 12 414 1 1
0 3 414 1 1
0 2 414 1 1
0 1 414 1 1
0 11 414 1 1
0 3 833 1 1
0 5 835 1 1
0 10 840 1 1
0 11 841 1 1
0 4 834 1 1
0 7 837 1 1
0 9 839 1 1
0 12 830 1 1
0 8 838 1 1
0 2 832 1 1
0 1 831 1 1
0 3 831 1 1
0 12 831 1 1
0 13 831 1 1
0 4 831 1 1
0 5 831 1 1
0 8 831 1 1
0 6 831 1 1
0 9 831 1 1
0 7 831 1 1
0 10 831 1 1
0 1 831 1 1
0 5 840 1 1
0 9 836 1 1
0 4 841 1 1
0 10 835 1 1
0 12 833 1 1
0 1 831 1 1
0 3 832 1 1
0 7 838 1 1
0 6 839 1 1
0 2 830 1 1
0 11 834 1 1
0 7 840 1 1
0 8 841 1 1
0 2 835 1 1
0 5 838 1 1
0 3 836 1 1
0 4 837 1 1
0 9 833 1 1
0 10 830 1 1
0 12 832 1 1
0 6 839 1 1
0 1 834 1 1
0 10 834 1 1
0 7 834 1 1
0 9 834 1 1
0 6 834 1 1
0 4 834 1 1
0 13 834 1 1
0 12 834 1 1
0 3 834 1 1
0 2 834 1 1
0 1 834 1 1
0 11 834 1 1
0 7 841 1 1
0 2 833 1 1
0 8 840 1 1
0 6 835 1 1
0 12 836 1 1
0 9 839 1 1
0 4 831 1 1
0 10 838 1 1
0 5 830 1 1
0 11 837 1 1
0 1 834 1 1
0 4 840 1 1
0 2 838 1 1
0 5 841 1 1
0 1 837 1 1
0 9 832 1 1
0 10 833 1 1
0 12 835 1 1
0 6 836 1 1
0 7 830 1 1
0 8 831 1 1
0 11 834 1 1
0 3 837 1 1
0 1 837 1 1
0 12 837 1 1
0 6 837 1 1
0 13 837 1 1
0 7 837 1 1
0 4 837 1 1
0 10 837 1 1
0 11 837 1 1
0 2 837 1 1
0 9 837 1 1
0 10 841 1 1
0 6 832 1 1
0 1 837 1 1
0 4 834 1 1
0 9 838 1 1
0 2 836 1 1
0 3 835 1 1
0 7 831 1 1
0 8 830 1 1
0 12 839 1 1
0 5 833 1 1
0 9 835 1 1
0 6 832 1 1
0 12 838 1 1
0 2 841 1 1
0 10 836 1 1
0 3 839 1 1
0 5 831 1 1
0 1 840 1 1
0 4 830 1 1
0 11 837 1 1
0 7 833 1 1
0 3 843 1 1
0 5 845 1 1
0 10 850 1 1
0 11 851 1 1
0 4 844 1 1
0 7 847 1 1
0 9 849 1 1
0 12 840 1 1
0 8 848 1 1
0 2 842 1 1
0 1 841 1 1
0 3 841 1 1
0 12 841 1 1
0 13 841 1 1
0 4 841 1 1
0 5 841 1 1
0 8 841 1 1
0 6 841 1 1
0 9 841 1 1
0 7 841 1 1
0 10 841 1 1
0 1 841 1 1
0 5 850 1 1
0 9 846 1 1
0 4 851 1 1
0 10 845 1 1
0 12 843 1 1
0 1 841 1 1
0 3 842 1 1
0 7 848 1 1
0 6 849 1 1
0 2 840 1 1
0 11 844 1 1
0 7 850 1 1
0 8 851 1 1
0 2 845 1 1
0 5 848 1 1
0 3 846 1 1
0 4 847 1 1
0 9 843 1 1
0 10 840 1 1
0 12 842 1 1
0 6 849 1 1
0 1 844 1 1
0 10 844 1 1
0 7 844 1 1
0 9 844 1 1
0 6 844 1 1
0 4 844 1 1
0 13 844 1 1
0 12 844 1 1
0 3 844 1 1
0 2 844 1 1
0 1 844 1 1
0 11 844 1 1
0 7 851 1 1
0 2 843 1 1
0 8 850 1 1
0 6 845 1 1
0 12 846 1 1
0 9 849 1 1
0 4 841 1 1
0 10 848 1 1
0 5 840 1 1
0 11 847 1 1
0 1 844 1 1
0 4 850 1 1
0 2 848 1 1
0 5 851 1 1
0 1 847 1 1
0 9 842 1 1
0 10 843 1 1
0 12 845 1 1
0 6 846 1 1
0 7 840 1 1
0 8 841 1 1
0 11 844 1 1
0 3 847 1 1
0 1 847 1 1
0 12 847 1 1
0 6 847 1 1
0 13 847 1 1
0 7 847 1 1
0 4 847 1 1
0 10 847 1 1
0 11 847 1 1
0 2 847 1 1
0 9 847 1 1
0 10 851 1 1
0 6 842 1 1
0 1 847 1 1
0 4 844 1 1
0 9 848 1 1
0 2 846 1 1
0 3 845 1 1
0 7 841 1 1
0 8 840 1 1
0 12 849 1 1
0 5 843 1 1
0 9 845 1 1
0 6 842 1 1
0 12 848 1 1
0 2 851 1 1
0 10 846 1 1
0 3 849 1 1
0 5 841 1 1
0 1 850 1 1
0 4 840 1 1
0 11 847 1 1
0 7 843 1 1
0 3 258 1 1
0 5 260 1 1
0 10 265 1 1
0 11 266 1 1
0 4 259 1 1
0 7 262 1 1
0 9 264 1 1
0 12 255 1 1
0 8 263 1 1
0 2 257 1 1
0 1 256 1 1
0 3 256 1 1
0 12 256 1 1
0 13 256 1 1
0 4 256 1 1
0 5 256 1 1
0 8 256 1 1
0 6 256 1 1
0 9 256 1 1
0 7 256 1 1
0 10 256 1 1
0 1 256 1 1
0 5 265 1 1
0 9 261 1 1
0 4 266 1 1
0 10 260 1 1
0 12 258 1 1
0 1 256 1 1
0 3 257 1 1
0 7 263 1 1
0 6 264 1 1
0 2 255 1 1
0 11 259 1 1
0 3 863 1 1
0 5 865 1 1
0 10 870 1 1
0 11 871 1 1
0 4 864 1 1
0 7 867 1 1
0 9 869 1 1
0 12 860 1 1
0 8 868 1 1
0 2 862 1 1
0 1 861 1 1
0 3 861 1 1
0 12 861 1 1
0 13 861 1 1
0 4 861 1 1
0 5 861 1 1
0 8 861 1 1
0 6 861 1 1
0 9 861 1 1
0 7 861 1 1
0 10 861 1 1
0 1 861 1 1
0 5 870 1 1
0 9 866 1 1
0 4 871 1 1
0 10 865 1 1
0 12 863 1 1
0 1 861 1 1
0 3 862 1 1
0 7 868 1 1
0 6 869 1 1
0 2 860 1 1
0 11 864 1 1
0 7 870 1 1
0 8 871 1 1
0 2 865 1 1
0 5 868 1 1
0 3 866 1 1
0 4 867 1 1
0 9 863 1 1
0 10 860 1 1
0 12 862 1 1
0 6 869 1 1
0 1 864 1 1
0 10 864 1 1
0 7 864 1 1
0 9 864 1 1
0 6 864 1 1
0 4 864 1 1
0 13 864 1 1
0 12 864 1 1
0 3 864 1 1
0 2 864 1 1
0 1 864 1 1
0 11 864 1 1
0 7 871 1 1
0 2 863 1 1
0 8 870 1 1
0 6 865 1 1
0 12 866 1 1
0 9 869 1 1
0 4 861 1 1
0 10 868 1 1
0 5 860 1 1
0 11 867 1 1
0 1 864 1 1
0 4 870 1 1
0 2 868 1 1
0 5 871 1 1
0 1 867 1 1
0 9 862 1 1
0 10 863 1 1
0 12 865 1 1
0 6 866 1 1
0 7 860 1 1
0 8 861 1 1
0 11 864 1 1
0 3 867 1 1
0 1 867 1 1
0 12 867 1 1
0 6 867 1 1
0 13 867 1 1
0 7 867 1 1
0 4 867 1 1
0 10 867 1 1
0 11 867 1 1
0 2 867 1 1
0 9 867 1 1
0 10 871 1 1
0 6 862 1 1
0 1 867 1 1
0 4 864 1 1
0 9 868 1 1
0 2 866 1 1
0 3 865 1 1
0 7 861 1 1
0 8 860 1 1
0 12 869 1 1
0 5 863 1 1
0 9 865 1 1
0 6 862 1 1
0 12 868 1 1
0 2 871 1 1
0 10 866 1 1
0 3 869 1 1
0 5 861 1 1
0 1 870 1 1
0 4 860 1 1
0 11 867 1 1
0 7 863 1 1
0 3 960 1 1
0 5 962 1 1
0 10 967 1 1
0 11 968 1 1
0 4 961 1 1
0 7 964 1 1
0 9 966 1 1
0 12 957 1 1
0 8 965 1 1
0 2 959 1 1
0 1 958 1 1
0 3 958 1 1
0 12 958 1 1
0 13 958 1 1
0 4 958 1 1
0 5 958 1 1
0 8 958 1 1
0 6 958 1 1
0 9 958 1 1
0 7 958 1 1
0 10 958 1 1
0 1 958 1 1
0 5 967 1 1
0 9 963 1 1
0 4 968 1 1
0 10 962 1 1
0 12 960 1 1
0 1 958 1 1
0 3 959 1 1
0 7 965 1 1
0 6 966 1 1
0 2 957 1 1
0 11 961 1 1
0 7 967 1 1
0 8 968 1 1
0 2 962 1 1
0 5 965 1 1
0 3 963 1 1
0 4 964 1 1
0 9 960 1 1
0 10 957 1 1
0 12 959 1 1
0 6 966 1 1
0 1 961 1 1
0 10 961 1 1
0 7 961 1 1
0 9 961 1 1
0 6 961 1 1
0 4 961 1 1
0 13 961 1 1
0 12 961 1 1
0 3 961 1 1
0 2 961 1 1
0 1 961 1 1
0 11 961 1 1
0 7 968 1 1
0 2 960 1 1
0 8 967 1 1
0 6 962 1 1
0 12 963 1 1
0 9 966 1 1
0 4 958 1 1
0 10 965 1 1
0 5 957 1 1
0 11 964 1 1
0 1 961 1 1
0 4 967 1 1
0 2 965 1 1
0 5 968 1 1
0 1 964 1 1
0 9 959 1 1
0 10 960 1 1
0 12 962 1 1
0 6 963 1 1
0 7 957 1 1
0 8 958 1 1
0 11 961 1 1
0 3 964 1 1
0 1 964 1 1
0 12 964 1 1
0 6 964 1 1
0 13 964 1 1
0 7 964 1 1
0 4 964 1 1
0 10 964 1 1
0 11 964 1 1
0 2 964 1 1
0 9 964 1 1
0 10 968 1 1
0 6 959 1 1
0 1 964 1 1
0 4 961 1 1
0 9 965 1 1
0 2 963 1 1
0 3 962 1 1
0 7 958 1 1
0 8 957 1 1
0 12 966 1 1
0 5 960 1 1
0 9 962 1 1
0 6 959 1 1
0 12 965 1 1
0 2 968 1 1
0 10 963 1 1
0 3 966 1 1
0 5 958 1 1
0 1 967 1 1
0 4 957 1 1
0 11 964 1 1
0 7 960 1 1
0 8 967 1 1
0 5 967 1 1
0 4 967 1 1
0 10 967 1 1
0 7 967 1 1
0 13 967 1 1
0 6 967 1 1
0 12 967 1 1
0 1 967 1 1
0 3 967 1 1
0 9 967 1 1
0 3 531 1 1
0 5 533 1 1
0 10 538 1 1
0 11 539 1 1
0 4 532 1 1
0 7 535 1 1
0 9 537 1 1
0 12 528 1 1
0 8 536 1 1
0 2 530 1 1
0 1 529 1 1
0 3 529 1 1
0 12 529 1 1
0 13 529 1 1
0 4 529 1 1
0 5 529 1 1
0 8 529 1 1
0 6 529 1 1
0 9 529 1 1
0 7 529 1 1
0 10 529 1 1
0 1 529 1 1
0 5 538 1 1
0 9 534 1 1
0 4 539 1 1
0 10 533 1 1
0 12 531 1 1
0 1 529 1 1
0 3 530 1 1
0 7 536 1 1
0 6 537 1 1
0 2 528 1 1
0 11 532 1 1
0 7 538 1 1
0 8 539 1 1
0 2 533 1 1
0 5 536 1 1
0 3 534 1 1
0 4 535 1 1
0 9 531 1 1
0 10 528 1 1
0 12 530 1 1
0 6 537 1 1
0 1 532 1 1
0 10 532 1 1
0 7 532 1 1
0 9 532 1 1
0 6 532 1 1
0 4 532 1 1
0 13 532 1 1
0 12 532 1 1
0 3 532 1 1
0 2 532 1 1
0 1 532 1 1
0 11 532 1 1
0 7 539 1 1
0 2 531 1 1
0 8 538 1 1
0 6 533 1 1
0 12 534 1 1
0 9 537 1 1
0 4 529 1 1
0 10 536 1 1
0 5 528 1 1
0 11 535 1 1
0 1 532 1 1
0 3 804 1 1
0 5 806 1 1
0 10 811 1 1
0 11 812 1 1
0 4 805 1 1
0 7 808 1 1
0 9 810 1 1
0 12 801 1 1
0 8 809 1 1
0 2 803 1 1
0 1 802 1 1
0 3 802 1 1
0 12 802 1 1
0 13 802 1 1
0 4 802 1 1
0 5 802 1 1
0 8 802 1 1
0 6 802 1 1
0 9 802 1 1
0 7 802 1 1
0 10 802 1 1
0 1 802 1 1
0 5 811 1 1
0 9 807 1 1
0 4 812 1 1
0 10 806 1 1
0 12 804 1 1
0 1 802 1 1
0 3 803 1 1
0 7 809 1 1
0 6 810 1 1
0 2 801 1 1
0 11 805 1 1
0 7 811 1 1
0 8 812 1 1
0 2 806 1 1
0 5 809 1 1
0 3 807 1 1
0 4 808 1 1
0 9 804 1 1
0 10 801 1 1
0 12 803 1 1
0 6 810 1 1
0 1 805 1 1
0 10 805 1 1
0 7 805 1 1
0 9 805 1 1
0 6 805 1 1
0 4 805 1 1
0 13 805 1 1
0 12 805 1 1
0 3 805 1 1
0 2 805 1 1
0 1 805 1 1
0 11 805 1 1
0 7 812 1 1
0 2 804 1 1
0 8 811 1 1
0 6 806 1 1
0 12 807 1 1
0 9 810 1 1
0 4 802 1 1
0 10 809 1 1
0 5 801 1 1
0 11 808 1 1
0 1 805 1 1
0 4 811 1 1
0 2 809 1 1
0 5 812 1 1
0 1 808 1 1
0 9 803 1 1
0 10 804 1 1
0 12 806 1 1
0 6 807 1 1
0 7 801 1 1
0 8 802 1 1
0 11 805 1 1
0 3 808 1 1
0 1 808 1 1
0 12 808 1 1
0 6 808 1 1
0 13 808 1 1
0 7 808 1 1
0 4 808 1 1
0 10 808 1 1
0 11 808 1 1
0 2 808 1 1
0 9 808 1 1
0 10 812 1 1
0 6 803 1 1
0 1 808 1 1
0 4 805 1 1
0 9 809 1 1
0 2 807 1 1
0 3 806 1 1
0 7 802 1 1
0 8 801 1 1
0 12 810 1 1
0 5 804 1 1
0 3 813 1 1
0 5 815 1 1
0 10 820 1 1
0 11 821 1 1
0 4 814 1 1
0 7 817 1 1
0 9 819 1 1
0 12 810 1 1
0 8 818 1 1
0 2 812 1 1
0 1 811 1 1
0 3 811 1 1
0 12 811 1 1
0 13 811 1 1
0 4 811 1 1
0 5 811 1 1
0 8 811 1 1
0 6 811 1 1
0 9 811 1 1
0 7 811 1 1
0 10 811 1 1
0 1 811 1 1
0 5 820 1 1
0 9 816 1 1
0 4 821 1 1
0 10 815 1 1
0 12 813 1 1
0 1 811 1 1
0 3 812 1 1
0 7 818 1 1
0 6 819 1 1
0 2 810 1 1
0 11 814 1 1
0 7 820 1 1
0 8 821 1 1
0 2 815 1 1
0 5 818 1 1
0 3 816 1 1
0 4 817 1 1
0 9 813 1 1
0 10 810 1 1
0 12 812 1 1
0 6 819 1 1
0 1 814 1 1
0 10 814 1 1
0 7 814 1 1
0 9 814 1 1
0 6 814 1 1
0 4 814 1 1
0 13 814 1 1
0 12 814 1 1
0 3 814 1 1
0 2 814 1 1
0 1 814 1 1
0 11 814 1 1
0 7 821 1 1
0 2 813 1 1
0 8 820 1 1
0 6 815 1 1
0 12 816 1 1
0 9 819 1 1
0 4 811 1 1
0 10 818 1 1
0 5 810 1 1
0 11 817 1 1
0 1 814 1 1
0 4 820 1 1
0 2 818 1 1
0 5 821 1 1
0 1 817 1 1
0 9 812 1 1
0 10 813 1 1
0 12 815 1 1
0 6 816 1 1
0 7 810 1 1
0 8 811 1 1
0 11 814 1 1
0 3 817 1 1
0 1 817 1 1
0 12 817 1 1
0 6 817 1 1
0 13 817 1 1
0 7 817 1 1
0 4 817 1 1
0 10 817 1 1
0 11 817 1 1
0 2 817 1 1
0 9 817 1 1
0 10 821 1 1
0 6 812 1 1
0 1 817 1 1
0 4 814 1 1
0 9 818 1 1
0 2 816 1 1
0 3 815 1 1
0 7 811 1 1
0 8 810 1 1
0 12 819 1 1
0 5 813 1 1
0 3 822 1 1
0 5 824 1 1
0 10 829 1 1
0 11 830 1 1
0 4 823 1 1
0 7 826 1 1
0 9 828 1 1
0 12 819 1 1
0 8 827 1 1
0 2 821 1 1
0 1 820 1 1
0 3 820 1 1
0 12 820 1 1
0 13 820 1 1
0 4 820 1 1
0 5 820 1 1
0 8 820 1 1
0 6 820 1 1
0 9 820 1 1
0 7 820 1 1
0 10 820 1 1
0 1 820 1 1
0 5 829 1 1
0 9 825 1 1
0 4 830 1 1
0 10 824 1 1
0 12 822 1 1
0 1 820 1 1
0 3 821 1 1
0 7 827 1 1
0 6 828 1 1
0 2 819 1 1
0 11 823 1 1
0 7 829 1 1
0 8 830 1 1
0 2 824 1 1
0 5 827 1 1
0 3 825 1 1
0 4 826 1 1
0 9 822 1 1
0 10 819 1 1
0 12 821 1 1
0 6 828 1 1
0 1 823 1 1
0 10 823 1 1
0 7 823 1 1
0 9 823 1 1
0 6 823 1 1
0 4 823 1 1
0 13 823 1 1
0 12 823 1 1
0 3 823 1 1
0 2 823 1 1
0 1 823 1 1
0 11 823 1 1
0 7 830 1 1
0 2 822 1 1
0 8 829 1 1
0 6 824 1 1
0 12 825 1 1
0 9 828 1 1
0 4 820 1 1
0 10 827 1 1
0 5 819 1 1
0 11 826 1 1
0 1 823 1 1
0 4 829 1 1
0 2 827 1 1
0 5 830 1 1
0 1 826 1 1
0 9 821 1 1
0 10 822 1 1
0 12 824 1 1
0 6 825 1 1
0 7 819 1 1
0 8 820 1 1
0 11 823 1 1
0 3 826 1 1
0 1 826 1 1
0 12 826 1 1
0 6 826 1 1
0 13 826 1 1
0 7 826 1 1
0 4 826 1 1
0 10 826 1 1
0 11 826 1 1
0 2 826 1 1
0 9 826 1 1
0 10 830 1 1
0 6 821 1 1
0 1 826 1 1
0 4 823 1 1
0 9 827 1 1
0 2 825 1 1
0 3 824 1 1
0 7 820 1 1
0 8 819 1 1
0 12 828 1 1
0 5 822 1 1
0 3 739 1 1
0 5 741 1 1
0 10 746 1 1
0 11 747 1 1
0 4 740 1 1
0 7 743 1 1
0 9 745 1 1
0 12 736 1 1
0 8 744 1 1
0 2 738 1 1
0 1 737 1 1
0 3 737 1 1
0 12 737 1 1
0 13 737 1 1
0 4 737 1 1
0 5 737 1 1
0 8 737 1 1
0 6 737 1 1
0 9 737 1 1
0 7 737 1 1
0 10 737 1 1
0 1 737 1 1
0 5 746 1 1
0 9 742 1 1
0 4 747 1 1
0 10 741 1 1
0 12 739 1 1
0 1 737 1 1
0 3 738 1 1
0 7 744 1 1
0 6 745 1 1
0 2 736 1 1
0 11 740 1 1
0 7 746 1 1
0 8 747 1 1
0 2 741 1 1
0 5 744 1 1
0 3 742 1 1
0 4 743 1 1
0 9 739 1 1
0 10 736 1 1
0 12 738 1 1
0 6 745 1 1
0 1 740 1 1
0 10 740 1 1
0 7 740 1 1
0 9 740 1 1
0 6 740 1 1
0 4 740 1 1
0 13 740 1 1
0 12 740 1 1
0 3 740 1 1
0 2 740 1 1
0 1 740 1 1
0 11 740 1 1
0 7 747 1 1
0 2 739 1 1
0 8 746 1 1
0 6 741 1 1
0 12 742 1 1
0 9 745 1 1
0 4 737 1 1
0 10 744 1 1
0 5 736 1 1
0 11 743 1 1
0 1 740 1 1
0 4 746 1 1
0 2 744 1 1
0 5 747 1 1
0 1 743 1 1
0 9 738 1 1
0 10 739 1 1
0 12 741 1 1
0 6 742 1 1
0 7 736 1 1
0 8 737 1 1
0 11 740 1 1
0 3 743 1 1
0 1 743 1 1
0 12 743 1 1
0 6 743 1 1
0 13 743 1 1
0 7 743 1 1
0 4 743 1 1
0 10 743 1 1
0 11 743 1 1
0 2 743 1 1
0 9 743 1 1
0 3 840 1 1
0 5 842 1 1
0 10 847 1 1
0 11 848 1 1
0 4 841 1 1
0 7 844 1 1
0 9 846 1 1
0 12 837 1 1
0 8 845 1 1
0 2 839 1 1
0 1 838 1 1
0 3 838 1 1
0 12 838 1 1
0 13 838 1 1
0 4 838 1 1
0 5 838 1 1
0 8 838 1 1
0 6 838 1 1
0 9 838 1 1
0 7 838 1 1
0 10 838 1 1
0 1 838 1 1
0 5 847 1 1
0 9 843 1 1
0 4 848 1 1
0 10 842 1 1
0 12 840 1 1
0 1 838 1 1
0 3 839 1 1
0 7 845 1 1
0 6 846 1 1
0 2 837 1 1
0 11 841 1 1
0 7 847 1 1
0 8 848 1 1
0 2 842 1 1
0 5 845 1 1
0 3 843 1 1
0 4 844 1 1
0 9 840 1 1
0 10 837 1 1
0 12 839 1 1
0 6 846 1 1
0 1 841 1 1
0 10 841 1 1
0 7 841 1 1
0 9 841 1 1
0 6 841 1 1
0 4 841 1 1
0 13 841 1 1
0 12 841 1 1
0 3 841 1 1
0 2 841 1 1
0 1 841 1 1
0 11 841 1 1
0 7 848 1 1
0 2 840 1 1
0 8 847 1 1
0 6 842 1 1
0 12 843 1 1
0 9 846 1 1
0 4 838 1 1
0 10 845 1 1
0 5 837 1 1
0 11 844 1 1
0 1 841 1 1
0 4 847 1 1
0 2 845 1 1
0 5 848 1 1
0 1 844 1 1
0 9 839 1 1
0 10 840 1 1
0 12 842 1 1
0 6 843 1 1
0 7 837 1 1
0 8 838 1 1
0 11 841 1 1
0 3 844 1 1
0 1 844 1 1
0 12 844 1 1
0 6 844 1 1
0 13 844 1 1
0 7 844 1 1
0 4 844 1 1
0 10 844 1 1
0 11 844 1 1
0 2 844 1 1
0 9 844 1 1
0 10 848 1 1
0 6 839 1 1
0 1 844 1 1
0 4 841 1 1
0 9 845 1 1
0 2 843 1 1
0 3 842 1 1
0 7 838 1 1
0 8 837 1 1
0 12 846 1 1
0 5 840 1 1
0 3 755 1 1
0 5 757 1 1
0 10 762 1 1
0 11 763 1 1
0 4 756 1 1
0 7 759 1 1
0 9 761 1 1
0 12 752 1 1
0 8 760 1 1
0 2 754 1 1
0 1 753 1 1
0 3 753 1 1
0 12 753 1 1
0 13 753 1 1
0 4 753 1 1
0 5 753 1 1
0 8 753 1 1
0 6 753 1 1
0 9 753 1 1
0 7 753 1 1
0 10 753 1 1
0 1 753 1 1
0 5 762 1 1
0 9 758 1 1
0 4 763 1 1
0 10 757 1 1
0 12 755 1 1
0 1 753 1 1
0 3 754 1 1
0 7 760 1 1
0 6 761 1 1
0 2 752 1 1
0 11 756 1 1
0 7 762 1 1
0 8 763 1 1
0 2 757 1 1
0 5 760 1 1
0 3 758 1 1
0 4 759 1 1
0 9 755 1 1
0 10 752 1 1
0 12 754 1 1
0 6 761 1 1
0 1 756 1 1
0 10 756 1 1
0 7 756 1 1
0 9 756 1 1
0 6 756 1 1
0 4 756 1 1
0 13 756 1 1
0 12 756 1 1
0 3 756 1 1
0 2 756 1 1
0 1 756 1 1
0 11 756 1 1
0 7 763 1 1
0 2 755 1 1
0 8 762 1 1
0 6 757 1 1
0 12 758 1 1
0 9 761 1 1
0 4 753 1 1
0 10 760 1 1
0 5 752 1 1
0 11 759 1 1
0 1 756 1 1
0 4 762 1 1
0 2 760 1 1
0 5 763 1 1
0 1 759 1 1
0 9 754 1 1
0 10 755 1 1
0 12 757 1 1
0 6 758 1 1
0 7 752 1 1
0 8 753 1 1
0 11 756 1 1
0 3 759 1 1
0 1 759 1 1
0 12 759 1 1
0 6 759 1 1
0 13 759 1 1
0 7 759 1 1
0 4 759 1 1
0 10 759 1 1
0 11 759 1 1
0 2 759 1 1
0 9 759 1 1
0 3 858 1 1
0 5 860 1 1
0 10 865 1 1
0 11 866 1 1
0 4 859 1 1
0 7 862 1 1
0 9 864 1 1
0 12 855 1 1
0 8 863 1 1
0 2 857 1 1
0 1 856 1 1
0 3 856 1 1
0 12 856 1 1
0 13 856 1 1
0 4 856 1 1
0 5 856 1 1
0 8 856 1 1
0 6 856 1 1
0 9 856 1 1
0 7 856 1 1
0 10 856 1 1
0 1 856 1 1
0 5 865 1 1
0 9 861 1 1
0 4 866 1 1
0 10 860 1 1
0 12 858 1 1
0 1 856 1 1
0 3 857 1 1
0 7 863 1 1
0 6 864 1 1
0 2 855 1 1
0 11 859 1 1
0 7 865 1 1
0 8 866 1 1
0 2 860 1 1
0 5 863 1 1
0 3 861 1 1
0 4 862 1 1
0 9 858 1 1
0 10 855 1 1
0 12 857 1 1
0 6 864 1 1
0 1 859 1 1
0 10 859 1 1
0 7 859 1 1
0 9 859 1 1
0 6 859 1 1
0 4 859 1 1
0 13 859 1 1
0 12 859 1 1
0 3 859 1 1
0 2 859 1 1
0 1 859 1 1
0 11 859 1 1
0 7 866 1 1
0 2 858 1 1
0 8 865 1 1
0 6 860 1 1
0 12 861 1 1
0 9 864 1 1
0 4 856 1 1
0 10 863 1 1
0 5 855 1 1
0 11 862 1 1
0 1 859 1 1
0 4 865 1 1
0 2 863 1 1
0 5 866 1 1
0 1 862 1 1
0 9 857 1 1
0 10 858 1 1
0 12 860 1 1
0 6 861 1 1
0 7 855 1 1
0 8 856 1 1
0 11 859 1 1
0 3 862 1 1
0 1 862 1 1
0 12 862 1 1
0 6 862 1 1
0 13 862 1 1
0 7 862 1 1
0 4 862 1 1
0 10 862 1 1
0 11 862 1 1
0 2 862 1 1
0 9 862 1 1
0 10 866 1 1
0 6 857 1 1
0 1 862 1 1
0 4 859 1 1
0 9 863 1 1
0 2 861 1 1
0 3 860 1 1
0 7 856 1 1
0 8 855 1 1
0 12 864 1 1
0 5 858 1 1
0 3 1059 1 1
0 5 1061 1 1
0 10 1066 1 1
0 11 1067 1 1
0 4 1060 1 1
0 7 1063 1 1
0 9 1065 1 1
0 12 1056 1 1
0 8 1064 1 1
0 2 1058 1 1
0 1 1057 1 1
0 3 1057 1 1
0 12 1057 1 1
0 13 1057 1 1
0 4 1057 1 1
0 5 1057 1 1
0 8 1057 1 1
0 6 1057 1 1
0 9 1057 1 1
0 7 1057 1 1
0 10 1057 1 1
0 1 1057 1 1
0 5 1066 1 1
0 9 1062 1 1
0 4 1067 1 1
0 10 1061 1 1
0 12 1059 1 1
0 1 1057 1 1
0 3 1058 1 1
0 7 1064 1 1
0 6 1065 1 1
0 2 1056 1 1
0 11 1060 1 1
0 7 1066 1 1
0 8 1067 1 1
0 2 1061 1 1
0 5 1064 1 1
0 3 1062 1 1
0 4 1063 1 1
0 9 1059 1 1
0 10 1056 1 1
0 12 1058 1 1
0 6 1065 1 1
0 1 1060 1 1
0 10 1060 1 1
0 7 1060 1 1
0 9 1060 1 1
0 6 1060 1 1
0 4 1060 1 1
0 13 1060 1 1
0 12 1060 1 1
0 3 1060 1 1
0 2 1060 1 1
0 1 1060 1 1
0 11 1060 1 1
0 7 1067 1 1
0 2 1059 1 1
0 8 1066 1 1
0 6 1061 1 1
0 12 1062 1 1
0 9 1065 1 1
0 4 1057 1 1
0 10 1064 1 1
0 5 1056 1 1
0 11 1063 1 1
0 1 1060 1 1
0 4 1066 1 1
0 2 1064 1 1
0 5 1067 1 1
0 1 1063 1 1
0 9 1058 1 1
0 10 1059 1 1
0 12 1061 1 1
0 6 1062 1 1
0 7 1056 1 1
0 8 1057 1 1
0 11 1060 1 1
0 3 1063 1 1
0 1 1063 1 1
0 12 1063 1 1
0 6 1063 1 1
0 13 1063 1 1
0 7 1063 1 1
0 4 1063 1 1
0 10 1063 1 1
0 11 1063 1 1
0 2 1063 1 1
0 9 1063 1 1
0 10 1067 1 1
0 6 1058 1 1
0 1 1063 1 1
0 4 1060 1 1
0 9 1064 1 1
0 2 1062 1 1
0 3 1061 1 1
0 7 1057 1 1
0 8 1056 1 1
0 12 1065 1 1
0 5 1059 1 1
0 9 1061 1 1
0 6 1058 1 1
0 12 1064 1 1
0 2 1067 1 1
0 10 1062 1 1
0 3 1065 1 1
0 5 1057 1 1
0 1 1066 1 1
0 4 1056 1 1
0 11 1063 1 1
0 7 1059 1 1
0 8 1066 1 1
0 5 1066 1 1
0 4 1066 1 1
0 10 1066 1 1
0 7 1066 1 1
0 13 1066 1 1
0 6 1066 1 1
0 12 1066 1 1
0 1 1066 1 1
0 3 1066 1 1
0 9 1066 1 1
0 3 391 1 1
0 5 393 1 1
0 10 398 1 1
0 11 399 1 1
0 4 392 1 1
0 7 395 1 1
0 9 397 1 1
0 12 388 1 1
0 8 396 1 1
0 2 390 1 1
0 1 389 1 1
0 3 389 1 1
0 12 389 1 1
0 13 389 1 1
0 4 389 1 1
0 5 389 1 1
0 8 389 1 1
0 6 389 1 1
0 9 389 1 1
0 7 389 1 1
0 10 389 1 1
0 1 389 1 1
0 5 398 1 1
0 9 394 1 1
0 4 399 1 1
0 10 393 1 1
0 12 391 1 1
0 1 389 1 1
0 3 390 1 1
0 7 396 1 1
0 6 397 1 1
0 2 388 1 1
0 11 392 1 1
0 7 398 1 1
0 8 399 1 1
0 2 393 1 1
0 5 396 1 1
0 3 394 1 1
0 4 395 1 1
0 9 391 1 1
0 10 388 1 1
0 12 390 1 1
0 6 397 1 1
0 1 392 1 1
0 3 395 1 1
0 5 397 1 1
0 10 402 1 1
0 11 403 1 1
0 4 396 1 1
0 7 399 1 1
0 9 401 1 1
0 12 392 1 1
0 8 400 1 1
0 2 394 1 1
0 1 393 1 1
0 3 393 1 1
0 12 393 1 1
0 13 393 1 1
0 4 393 1 1
0 5 393 1 1
0 8 393 1 1
0 6 393 1 1
0 9 393 1 1
0 7 393 1 1
0 10 393 1 1
0 1 393 1 1
0 5 402 1 1
0 9 398 1 1
0 4 403 1 1
0 10 397 1 1
0 12 395 1 1
0 1 393 1 1
0 3 394 1 1
0 7 400 1 1
0 6 401 1 1
0 2 392 1 1
0 11 396 1 1
0 7 402 1 1
0 8 403 1 1
0 2 397 1 1
0 5 400 1 1
0 3 398 1 1
0 4 399 1 1
0 9 395 1 1
0 10 392 1 1
0 12 394 1 1
0 6 401 1 1
0 1 396 1 1
0 3 795 1 1
0 5 797 1 1
0 10 802 1 1
0 11 803 1 1
0 4 796 1 1
0 7 799 1 1
0 9 801 1 1
0 12 792 1 1
0 8 800 1 1
0 2 794 1 1
0 1 793 1 1
0 3 793 1 1
0 12 793 1 1
0 13 793 1 1
0 4 793 1 1
0 5 793 1 1
0 8 793 1 1
0 6 793 1 1
0 9 793 1 1
0 7 793 1 1
0 10 793 1 1
0 1 793 1 1
0 5 802 1 1
0 9 798 1 1
0 4 803 1 1
0 10 797 1 1
0 12 795 1 1
0 1 793 1 1
0 3 794 1 1
0 7 800 1 1
0 6 801 1 1
0 2 792 1 1
0 11 796 1 1
0 7 802 1 1
0 8 803 1 1
0 2 797 1 1
0 5 800 1 1
0 3 798 1 1
0 4 799 1 1
0 9 795 1 1
0 10 792 1 1
0 12 794 1 1
0 6 801 1 1
0 1 796 1 1
0 10 796 1 1
0 7 796 1 1
0 9 796 1 1
0 6 796 1 1
0 4 796 1 1
0 13 796 1 1
0 12 796 1 1
0 3 796 1 1
0 2 796 1 1
0 1 796 1 1
0 11 796 1 1
0 7 803 1 1
0 2 795 1 1
0 8 802 1 1
0 6 797 1 1
0 12 798 1 1
0 9 801 1 1
0 4 793 1 1
0 10 800 1 1
0 5 792 1 1
0 11 799 1 1
0 1 796 1 1
0 4 802 1 1
0 2 800 1 1
0 5 803 1 1
0 1 799 1 1
0 9 794 1 1
0 10 795 1 1
0 12 797 1 1
0 6 798 1 1
0 7 792 1 1
0 8 793 1 1
0 11 796 1 1
0 3 799 1 1
0 1 799 1 1
0 12 799 1 1
0 6 799 1 1
0 13 799 1 1
0 7 799 1 1
0 4 799 1 1
0 10 799 1 1
0 11 799 1 1
0 2 799 1 1
0 9 799 1 1
