0 3 3 1 1
0 6 6 1 1
0 4 4 1 1
0 7 7 1 1
0 9 9 1 1
0 8 8 1 1
0 10 0 1 1
0 2 2 1 1
0 1 1 1 1
0 3 12 1 1
0 6 15 1 1
0 4 13 1 1
0 7 16 1 1
0 9 18 1 1
0 8 17 1 1
0 10 9 1 1
0 2 11 1 1
0 1 10 1 1
0 3 10 1 1
0 4 10 1 1
0 5 10 1 1
0 8 10 1 1
0 6 10 1 1
0 7 10 1 1
0 10 10 1 1
0 11 10 1 1
0 1 10 1 1
0 9 13 1 1
0 6 16 1 1
0 10 12 1 1
0 1 10 1 1
0 3 11 1 1
0 4 18 1 1
0 5 17 1 1
0 2 9 1 1
0 8 14 1 1
0 2 14 1 1
0 5 17 1 1
0 10 11 1 1
0 3 15 1 1
0 4 16 1 1
0 6 18 1 1
0 7 12 1 1
0 8 9 1 1
0 1 13 1 1
0 10 13 1 1
0 7 13 1 1
0 9 13 1 1
0 8 13 1 1
0 4 13 1 1
0 3 13 1 1
0 2 13 1 1
0 1 13 1 1
0 11 13 1 1
0 2 12 1 1
0 6 14 1 1
0 9 16 1 1
0 10 15 1 1
0 4 10 1 1
0 8 17 1 1
0 5 9 1 1
0 1 13 1 1
0 7 18 1 1
0 7 11 1 1
0 4 15 1 1
0 9 13 1 1
0 10 14 1 1
0 1 16 1 1
0 3 18 1 1
0 8 12 1 1
0 5 9 1 1
0 6 10 1 1
0 1 16 1 1
0 6 16 1 1
0 7 16 1 1
0 4 16 1 1
0 5 16 1 1
0 10 16 1 1
0 11 16 1 1
0 2 16 1 1
0 9 16 1 1
0 6 11 1 1
0 1 16 1 1
0 4 13 1 1
0 9 17 1 1
0 2 15 1 1
0 3 14 1 1
0 7 10 1 1
0 8 9 1 1
0 5 12 1 1
0 3 13 1 1
0 6 16 1 1
0 4 14 1 1
0 7 17 1 1
0 9 19 1 1
0 8 18 1 1
0 10 10 1 1
0 2 12 1 1
0 1 11 1 1
0 3 11 1 1
0 4 11 1 1
0 5 11 1 1
0 8 11 1 1
0 6 11 1 1
0 7 11 1 1
0 10 11 1 1
0 11 11 1 1
0 1 11 1 1
0 9 14 1 1
0 6 17 1 1
0 10 13 1 1
0 1 11 1 1
0 3 12 1 1
0 4 19 1 1
0 5 18 1 1
0 2 10 1 1
0 8 15 1 1
0 2 15 1 1
0 5 18 1 1
0 10 12 1 1
0 3 16 1 1
0 4 17 1 1
0 6 19 1 1
0 7 13 1 1
0 8 10 1 1
0 1 14 1 1
0 10 14 1 1
0 7 14 1 1
0 9 14 1 1
0 8 14 1 1
0 4 14 1 1
0 3 14 1 1
0 2 14 1 1
0 1 14 1 1
0 11 14 1 1
0 3 24 1 1
0 6 27 1 1
0 4 25 1 1
0 7 28 1 1
0 9 30 1 1
0 8 29 1 1
0 10 21 1 1
0 2 23 1 1
0 1 22 1 1
0 3 22 1 1
0 4 22 1 1
0 5 22 1 1
0 8 22 1 1
0 6 22 1 1
0 7 22 1 1
0 10 22 1 1
0 11 22 1 1
0 1 22 1 1
0 9 25 1 1
0 6 28 1 1
0 10 24 1 1
0 1 22 1 1
0 3 23 1 1
0 4 30 1 1
0 5 29 1 1
0 2 21 1 1
0 8 26 1 1
0 2 26 1 1
0 5 29 1 1
0 10 23 1 1
0 3 27 1 1
0 4 28 1 1
0 6 30 1 1
0 7 24 1 1
0 8 21 1 1
0 1 25 1 1
0 10 25 1 1
0 7 25 1 1
0 9 25 1 1
0 8 25 1 1
0 4 25 1 1
0 3 25 1 1
0 2 25 1 1
0 1 25 1 1
0 11 25 1 1
0 2 24 1 1
0 6 26 1 1
0 9 28 1 1
0 10 27 1 1
0 4 22 1 1
0 8 29 1 1
0 5 21 1 1
0 1 25 1 1
0 7 30 1 1
0 7 23 1 1
0 4 27 1 1
0 9 25 1 1
0 10 26 1 1
0 1 28 1 1
0 3 30 1 1
0 8 24 1 1
0 5 21 1 1
0 6 22 1 1
0 3 23 1 1
0 6 26 1 1
0 4 24 1 1
0 7 27 1 1
0 9 29 1 1
0 8 28 1 1
0 10 20 1 1
0 2 22 1 1
0 1 21 1 1
0 3 21 1 1
0 4 21 1 1
0 5 21 1 1
0 8 21 1 1
0 6 21 1 1
0 7 21 1 1
0 10 21 1 1
0 11 21 1 1
0 1 21 1 1
0 9 24 1 1
0 6 27 1 1
0 10 23 1 1
0 1 21 1 1
0 3 22 1 1
0 4 29 1 1
0 5 28 1 1
0 2 20 1 1
0 8 25 1 1
0 2 25 1 1
0 5 28 1 1
0 10 22 1 1
0 3 26 1 1
0 4 27 1 1
0 6 29 1 1
0 7 23 1 1
0 8 20 1 1
0 1 24 1 1
0 10 24 1 1
0 7 24 1 1
0 9 24 1 1
0 8 24 1 1
0 4 24 1 1
0 3 24 1 1
0 2 24 1 1
0 1 24 1 1
0 11 24 1 1
0 3 38 1 1
0 6 41 1 1
0 4 39 1 1
0 7 42 1 1
0 9 44 1 1
0 8 43 1 1
0 10 35 1 1
0 2 37 1 1
0 1 36 1 1
0 3 36 1 1
0 4 36 1 1
0 5 36 1 1
0 8 36 1 1
0 6 36 1 1
0 7 36 1 1
0 10 36 1 1
0 11 36 1 1
0 1 36 1 1
0 9 39 1 1
0 6 42 1 1
0 10 38 1 1
0 1 36 1 1
0 3 37 1 1
0 4 44 1 1
0 5 43 1 1
0 2 35 1 1
0 8 40 1 1
0 2 40 1 1
0 5 43 1 1
0 10 37 1 1
0 3 41 1 1
0 4 42 1 1
0 6 44 1 1
0 7 38 1 1
0 8 35 1 1
0 1 39 1 1
0 10 39 1 1
0 7 39 1 1
0 9 39 1 1
0 8 39 1 1
0 4 39 1 1
0 3 39 1 1
0 2 39 1 1
0 1 39 1 1
0 11 39 1 1
0 2 38 1 1
0 6 40 1 1
0 9 42 1 1
0 10 41 1 1
0 4 36 1 1
0 8 43 1 1
0 5 35 1 1
0 1 39 1 1
0 7 44 1 1
0 7 37 1 1
0 4 41 1 1
0 9 39 1 1
0 10 40 1 1
0 1 42 1 1
0 3 44 1 1
0 8 38 1 1
0 5 35 1 1
0 6 36 1 1
0 3 15 1 1
0 6 18 1 1
0 4 16 1 1
0 7 19 1 1
0 9 21 1 1
0 8 20 1 1
0 10 12 1 1
0 2 14 1 1
0 1 13 1 1
0 3 13 1 1
0 4 13 1 1
0 5 13 1 1
0 8 13 1 1
0 6 13 1 1
0 7 13 1 1
0 10 13 1 1
0 11 13 1 1
0 1 13 1 1
0 3 66 1 1
0 6 69 1 1
0 4 67 1 1
0 7 70 1 1
0 9 72 1 1
0 8 71 1 1
0 10 63 1 1
0 2 65 1 1
0 1 64 1 1
0 3 64 1 1
0 4 64 1 1
0 5 64 1 1
0 8 64 1 1
0 6 64 1 1
0 7 64 1 1
0 10 64 1 1
0 11 64 1 1
0 1 64 1 1
0 9 67 1 1
0 6 70 1 1
0 10 66 1 1
0 1 64 1 1
0 3 65 1 1
0 4 72 1 1
0 5 71 1 1
0 2 63 1 1
0 8 68 1 1
0 2 68 1 1
0 5 71 1 1
0 10 65 1 1
0 3 69 1 1
0 4 70 1 1
0 6 72 1 1
0 7 66 1 1
0 8 63 1 1
0 1 67 1 1
0 10 67 1 1
0 7 67 1 1
0 9 67 1 1
0 8 67 1 1
0 4 67 1 1
0 3 67 1 1
0 2 67 1 1
0 1 67 1 1
0 11 67 1 1
0 2 66 1 1
0 6 68 1 1
0 9 70 1 1
0 10 69 1 1
0 4 64 1 1
0 8 71 1 1
0 5 63 1 1
0 1 67 1 1
0 7 72 1 1
0 7 65 1 1
0 4 69 1 1
0 9 67 1 1
0 10 68 1 1
0 1 70 1 1
0 3 72 1 1
0 8 66 1 1
0 5 63 1 1
0 6 64 1 1
0 1 70 1 1
0 6 70 1 1
0 7 70 1 1
0 4 70 1 1
0 5 70 1 1
0 10 70 1 1
0 11 70 1 1
0 2 70 1 1
0 9 70 1 1
0 6 65 1 1
0 1 70 1 1
0 4 67 1 1
0 9 71 1 1
0 2 69 1 1
0 3 68 1 1
0 7 64 1 1
0 8 63 1 1
0 5 66 1 1
0 3 59 1 1
0 6 62 1 1
0 4 60 1 1
0 7 63 1 1
0 9 65 1 1
0 8 64 1 1
0 10 56 1 1
0 2 58 1 1
0 1 57 1 1
0 3 57 1 1
0 4 57 1 1
0 5 57 1 1
0 8 57 1 1
0 6 57 1 1
0 7 57 1 1
0 10 57 1 1
0 11 57 1 1
0 1 57 1 1
0 9 60 1 1
0 6 63 1 1
0 10 59 1 1
0 1 57 1 1
0 3 58 1 1
0 4 65 1 1
0 5 64 1 1
0 2 56 1 1
0 8 61 1 1
0 2 61 1 1
0 5 64 1 1
0 10 58 1 1
0 3 62 1 1
0 4 63 1 1
0 6 65 1 1
0 7 59 1 1
0 8 56 1 1
0 1 60 1 1
0 10 60 1 1
0 7 60 1 1
0 9 60 1 1
0 8 60 1 1
0 4 60 1 1
0 3 60 1 1
0 2 60 1 1
0 1 60 1 1
0 11 60 1 1
0 2 59 1 1
0 6 61 1 1
0 9 63 1 1
0 10 62 1 1
0 4 57 1 1
0 8 64 1 1
0 5 56 1 1
0 1 60 1 1
0 7 65 1 1
0 7 58 1 1
0 4 62 1 1
0 9 60 1 1
0 10 61 1 1
0 1 63 1 1
0 3 65 1 1
0 8 59 1 1
0 5 56 1 1
0 6 57 1 1
0 3 39 1 1
0 6 42 1 1
0 4 40 1 1
0 7 43 1 1
0 9 45 1 1
0 8 44 1 1
0 10 36 1 1
0 2 38 1 1
0 1 37 1 1
0 3 37 1 1
0 4 37 1 1
0 5 37 1 1
0 8 37 1 1
0 6 37 1 1
0 7 37 1 1
0 10 37 1 1
0 11 37 1 1
0 1 37 1 1
0 9 40 1 1
0 6 43 1 1
0 10 39 1 1
0 1 37 1 1
0 3 38 1 1
0 4 45 1 1
0 5 44 1 1
0 2 36 1 1
0 8 41 1 1
0 2 41 1 1
0 5 44 1 1
0 10 38 1 1
0 3 42 1 1
0 4 43 1 1
0 6 45 1 1
0 7 39 1 1
0 8 36 1 1
0 1 40 1 1
0 3 93 1 1
0 6 96 1 1
0 4 94 1 1
0 7 97 1 1
0 9 99 1 1
0 8 98 1 1
0 10 90 1 1
0 2 92 1 1
0 1 91 1 1
0 3 91 1 1
0 4 91 1 1
0 5 91 1 1
0 8 91 1 1
0 6 91 1 1
0 7 91 1 1
0 10 91 1 1
0 11 91 1 1
0 1 91 1 1
0 9 94 1 1
0 6 97 1 1
0 10 93 1 1
0 1 91 1 1
0 3 92 1 1
0 4 99 1 1
0 5 98 1 1
0 2 90 1 1
0 8 95 1 1
0 2 95 1 1
0 5 98 1 1
0 10 92 1 1
0 3 96 1 1
0 4 97 1 1
0 6 99 1 1
0 7 93 1 1
0 8 90 1 1
0 1 94 1 1
0 10 94 1 1
0 7 94 1 1
0 9 94 1 1
0 8 94 1 1
0 4 94 1 1
0 3 94 1 1
0 2 94 1 1
0 1 94 1 1
0 11 94 1 1
0 2 93 1 1
0 6 95 1 1
0 9 97 1 1
0 10 96 1 1
0 4 91 1 1
0 8 98 1 1
0 5 90 1 1
0 1 94 1 1
0 7 99 1 1
0 7 92 1 1
0 4 96 1 1
0 9 94 1 1
0 10 95 1 1
0 1 97 1 1
0 3 99 1 1
0 8 93 1 1
0 5 90 1 1
0 6 91 1 1
0 1 97 1 1
0 6 97 1 1
0 7 97 1 1
0 4 97 1 1
0 5 97 1 1
0 10 97 1 1
0 11 97 1 1
0 2 97 1 1
0 9 97 1 1
0 6 92 1 1
0 1 97 1 1
0 4 94 1 1
0 9 98 1 1
0 2 96 1 1
0 3 95 1 1
0 7 91 1 1
0 8 90 1 1
0 5 93 1 1
0 3 36 1 1
0 6 39 1 1
0 4 37 1 1
0 7 40 1 1
0 9 42 1 1
0 8 41 1 1
0 10 33 1 1
0 2 35 1 1
0 1 34 1 1
0 3 34 1 1
0 4 34 1 1
0 5 34 1 1
0 8 34 1 1
0 6 34 1 1
0 7 34 1 1
0 10 34 1 1
0 11 34 1 1
0 1 34 1 1
0 9 37 1 1
0 6 40 1 1
0 10 36 1 1
0 1 34 1 1
0 3 35 1 1
0 4 42 1 1
0 5 41 1 1
0 2 33 1 1
0 8 38 1 1
0 3 27 1 1
0 6 30 1 1
0 4 28 1 1
0 7 31 1 1
0 9 33 1 1
0 8 32 1 1
0 10 24 1 1
0 2 26 1 1
0 1 25 1 1
0 3 25 1 1
0 4 25 1 1
0 5 25 1 1
0 8 25 1 1
0 6 25 1 1
0 7 25 1 1
0 10 25 1 1
0 11 25 1 1
0 1 25 1 1
0 3 94 1 1
0 6 97 1 1
0 4 95 1 1
0 7 98 1 1
0 9 100 1 1
0 8 99 1 1
0 10 91 1 1
0 2 93 1 1
0 1 92 1 1
0 3 92 1 1
0 4 92 1 1
0 5 92 1 1
0 8 92 1 1
0 6 92 1 1
0 7 92 1 1
0 10 92 1 1
0 11 92 1 1
0 1 92 1 1
0 9 95 1 1
0 6 98 1 1
0 10 94 1 1
0 1 92 1 1
0 3 93 1 1
0 4 100 1 1
0 5 99 1 1
0 2 91 1 1
0 8 96 1 1
0 2 96 1 1
0 5 99 1 1
0 10 93 1 1
0 3 97 1 1
0 4 98 1 1
0 6 100 1 1
0 7 94 1 1
0 8 91 1 1
0 1 95 1 1
0 10 95 1 1
0 7 95 1 1
0 9 95 1 1
0 8 95 1 1
0 4 95 1 1
0 3 95 1 1
0 2 95 1 1
0 1 95 1 1
0 11 95 1 1
0 2 94 1 1
0 6 96 1 1
0 9 98 1 1
0 10 97 1 1
0 4 92 1 1
0 8 99 1 1
0 5 91 1 1
0 1 95 1 1
0 7 100 1 1
0 7 93 1 1
0 4 97 1 1
0 9 95 1 1
0 10 96 1 1
0 1 98 1 1
0 3 100 1 1
0 8 94 1 1
0 5 91 1 1
0 6 92 1 1
0 3 73 1 1
0 6 76 1 1
0 4 74 1 1
0 7 77 1 1
0 9 79 1 1
0 8 78 1 1
0 10 70 1 1
0 2 72 1 1
0 1 71 1 1
0 3 71 1 1
0 4 71 1 1
0 5 71 1 1
0 8 71 1 1
0 6 71 1 1
0 7 71 1 1
0 10 71 1 1
0 11 71 1 1
0 1 71 1 1
0 9 74 1 1
0 6 77 1 1
0 10 73 1 1
0 1 71 1 1
0 3 72 1 1
0 4 79 1 1
0 5 78 1 1
0 2 70 1 1
0 8 75 1 1
0 2 75 1 1
0 5 78 1 1
0 10 72 1 1
0 3 76 1 1
0 4 77 1 1
0 6 79 1 1
0 7 73 1 1
0 8 70 1 1
0 1 74 1 1
0 10 74 1 1
0 7 74 1 1
0 9 74 1 1
0 8 74 1 1
0 4 74 1 1
0 3 74 1 1
0 2 74 1 1
0 1 74 1 1
0 11 74 1 1
0 3 123 1 1
0 6 126 1 1
0 4 124 1 1
0 7 127 1 1
0 9 129 1 1
0 8 128 1 1
0 10 120 1 1
0 2 122 1 1
0 1 121 1 1
0 3 121 1 1
0 4 121 1 1
0 5 121 1 1
0 8 121 1 1
0 6 121 1 1
0 7 121 1 1
0 10 121 1 1
0 11 121 1 1
0 1 121 1 1
0 9 124 1 1
0 6 127 1 1
0 10 123 1 1
0 1 121 1 1
0 3 122 1 1
0 4 129 1 1
0 5 128 1 1
0 2 120 1 1
0 8 125 1 1
0 2 125 1 1
0 5 128 1 1
0 10 122 1 1
0 3 126 1 1
0 4 127 1 1
0 6 129 1 1
0 7 123 1 1
0 8 120 1 1
0 1 124 1 1
0 10 124 1 1
0 7 124 1 1
0 9 124 1 1
0 8 124 1 1
0 4 124 1 1
0 3 124 1 1
0 2 124 1 1
0 1 124 1 1
0 11 124 1 1
0 2 123 1 1
0 6 125 1 1
0 9 127 1 1
0 10 126 1 1
0 4 121 1 1
0 8 128 1 1
0 5 120 1 1
0 1 124 1 1
0 7 129 1 1
0 7 122 1 1
0 4 126 1 1
0 9 124 1 1
0 10 125 1 1
0 1 127 1 1
0 3 129 1 1
0 8 123 1 1
0 5 120 1 1
0 6 121 1 1
0 1 127 1 1
0 6 127 1 1
0 7 127 1 1
0 4 127 1 1
0 5 127 1 1
0 10 127 1 1
0 11 127 1 1
0 2 127 1 1
0 9 127 1 1
0 3 67 1 1
0 6 70 1 1
0 4 68 1 1
0 7 71 1 1
0 9 73 1 1
0 8 72 1 1
0 10 64 1 1
0 2 66 1 1
0 1 65 1 1
0 3 65 1 1
0 4 65 1 1
0 5 65 1 1
0 8 65 1 1
0 6 65 1 1
0 7 65 1 1
0 10 65 1 1
0 11 65 1 1
0 1 65 1 1
0 9 68 1 1
0 6 71 1 1
0 10 67 1 1
0 1 65 1 1
0 3 66 1 1
0 4 73 1 1
0 5 72 1 1
0 2 64 1 1
0 8 69 1 1
0 2 69 1 1
0 5 72 1 1
0 10 66 1 1
0 3 70 1 1
0 4 71 1 1
0 6 73 1 1
0 7 67 1 1
0 8 64 1 1
0 1 68 1 1
0 3 71 1 1
0 6 74 1 1
0 4 72 1 1
0 7 75 1 1
0 9 77 1 1
0 8 76 1 1
0 10 68 1 1
0 2 70 1 1
0 1 69 1 1
0 3 69 1 1
0 4 69 1 1
0 5 69 1 1
0 8 69 1 1
0 6 69 1 1
0 7 69 1 1
0 10 69 1 1
0 11 69 1 1
0 1 69 1 1
0 9 72 1 1
0 6 75 1 1
0 10 71 1 1
0 1 69 1 1
0 3 70 1 1
0 4 77 1 1
0 5 76 1 1
0 2 68 1 1
0 8 73 1 1
0 2 73 1 1
0 5 76 1 1
0 10 70 1 1
0 3 74 1 1
0 4 75 1 1
0 6 77 1 1
0 7 71 1 1
0 8 68 1 1
0 1 72 1 1
0 3 93 1 1
0 6 96 1 1
0 4 94 1 1
0 7 97 1 1
0 9 99 1 1
0 8 98 1 1
0 10 90 1 1
0 2 92 1 1
0 1 91 1 1
0 3 91 1 1
0 4 91 1 1
0 5 91 1 1
0 8 91 1 1
0 6 91 1 1
0 7 91 1 1
0 10 91 1 1
0 11 91 1 1
0 1 91 1 1
0 9 94 1 1
0 6 97 1 1
0 10 93 1 1
0 1 91 1 1
0 3 92 1 1
0 4 99 1 1
0 5 98 1 1
0 2 90 1 1
0 8 95 1 1
0 2 95 1 1
0 5 98 1 1
0 10 92 1 1
0 3 96 1 1
0 4 97 1 1
0 6 99 1 1
0 7 93 1 1
0 8 90 1 1
0 1 94 1 1
0 10 94 1 1
0 7 94 1 1
0 9 94 1 1
0 8 94 1 1
0 4 94 1 1
0 3 94 1 1
0 2 94 1 1
0 1 94 1 1
0 11 94 1 1
0 3 117 1 1
0 6 120 1 1
0 4 118 1 1
0 7 121 1 1
0 9 123 1 1
0 8 122 1 1
0 10 114 1 1
0 2 116 1 1
0 1 115 1 1
0 3 115 1 1
0 4 115 1 1
0 5 115 1 1
0 8 115 1 1
0 6 115 1 1
0 7 115 1 1
0 10 115 1 1
0 11 115 1 1
0 1 115 1 1
0 9 118 1 1
0 6 121 1 1
0 10 117 1 1
0 1 115 1 1
0 3 116 1 1
0 4 123 1 1
0 5 122 1 1
0 2 114 1 1
0 8 119 1 1
0 2 119 1 1
0 5 122 1 1
0 10 116 1 1
0 3 120 1 1
0 4 121 1 1
0 6 123 1 1
0 7 117 1 1
0 8 114 1 1
0 1 118 1 1
0 10 118 1 1
0 7 118 1 1
0 9 118 1 1
0 8 118 1 1
0 4 118 1 1
0 3 118 1 1
0 2 118 1 1
0 1 118 1 1
0 11 118 1 1
0 2 117 1 1
0 6 119 1 1
0 9 121 1 1
0 10 120 1 1
0 4 115 1 1
0 8 122 1 1
0 5 114 1 1
0 1 118 1 1
0 7 123 1 1
0 3 63 1 1
0 6 66 1 1
0 4 64 1 1
0 7 67 1 1
0 9 69 1 1
0 8 68 1 1
0 10 60 1 1
0 2 62 1 1
0 1 61 1 1
0 3 61 1 1
0 4 61 1 1
0 5 61 1 1
0 8 61 1 1
0 6 61 1 1
0 7 61 1 1
0 10 61 1 1
0 11 61 1 1
0 1 61 1 1
0 9 64 1 1
0 6 67 1 1
0 10 63 1 1
0 1 61 1 1
0 3 62 1 1
0 4 69 1 1
0 5 68 1 1
0 2 60 1 1
0 8 65 1 1
0 3 150 1 1
0 6 153 1 1
0 4 151 1 1
0 7 154 1 1
0 9 156 1 1
0 8 155 1 1
0 10 147 1 1
0 2 149 1 1
0 1 148 1 1
0 3 148 1 1
0 4 148 1 1
0 5 148 1 1
0 8 148 1 1
0 6 148 1 1
0 7 148 1 1
0 10 148 1 1
0 11 148 1 1
0 1 148 1 1
0 9 151 1 1
0 6 154 1 1
0 10 150 1 1
0 1 148 1 1
0 3 149 1 1
0 4 156 1 1
0 5 155 1 1
0 2 147 1 1
0 8 152 1 1
0 2 152 1 1
0 5 155 1 1
0 10 149 1 1
0 3 153 1 1
0 4 154 1 1
0 6 156 1 1
0 7 150 1 1
0 8 147 1 1
0 1 151 1 1
0 10 151 1 1
0 7 151 1 1
0 9 151 1 1
0 8 151 1 1
0 4 151 1 1
0 3 151 1 1
0 2 151 1 1
0 1 151 1 1
0 11 151 1 1
0 2 150 1 1
0 6 152 1 1
0 9 154 1 1
0 10 153 1 1
0 4 148 1 1
0 8 155 1 1
0 5 147 1 1
0 1 151 1 1
0 7 156 1 1
0 7 149 1 1
0 4 153 1 1
0 9 151 1 1
0 10 152 1 1
0 1 154 1 1
0 3 156 1 1
0 8 150 1 1
0 5 147 1 1
0 6 148 1 1
0 3 47 1 1
0 6 50 1 1
0 4 48 1 1
0 7 51 1 1
0 9 53 1 1
0 8 52 1 1
0 10 44 1 1
0 2 46 1 1
0 1 45 1 1
0 3 45 1 1
0 4 45 1 1
0 5 45 1 1
0 8 45 1 1
0 6 45 1 1
0 7 45 1 1
0 10 45 1 1
0 11 45 1 1
0 1 45 1 1
0 3 210 1 1
0 6 213 1 1
0 4 211 1 1
0 7 214 1 1
0 9 216 1 1
0 8 215 1 1
0 10 207 1 1
0 2 209 1 1
0 1 208 1 1
0 3 208 1 1
0 4 208 1 1
0 5 208 1 1
0 8 208 1 1
0 6 208 1 1
0 7 208 1 1
0 10 208 1 1
0 11 208 1 1
0 1 208 1 1
0 9 211 1 1
0 6 214 1 1
0 10 210 1 1
0 1 208 1 1
0 3 209 1 1
0 4 216 1 1
0 5 215 1 1
0 2 207 1 1
0 8 212 1 1
0 2 212 1 1
0 5 215 1 1
0 10 209 1 1
0 3 213 1 1
0 4 214 1 1
0 6 216 1 1
0 7 210 1 1
0 8 207 1 1
0 1 211 1 1
0 10 211 1 1
0 7 211 1 1
0 9 211 1 1
0 8 211 1 1
0 4 211 1 1
0 3 211 1 1
0 2 211 1 1
0 1 211 1 1
0 11 211 1 1
0 2 210 1 1
0 6 212 1 1
0 9 214 1 1
0 10 213 1 1
0 4 208 1 1
0 8 215 1 1
0 5 207 1 1
0 1 211 1 1
0 7 216 1 1
0 7 209 1 1
0 4 213 1 1
0 9 211 1 1
0 10 212 1 1
0 1 214 1 1
0 3 216 1 1
0 8 210 1 1
0 5 207 1 1
0 6 208 1 1
0 1 214 1 1
0 6 214 1 1
0 7 214 1 1
0 4 214 1 1
0 5 214 1 1
0 10 214 1 1
0 11 214 1 1
0 2 214 1 1
0 9 214 1 1
0 6 209 1 1
0 1 214 1 1
0 4 211 1 1
0 9 215 1 1
0 2 213 1 1
0 3 212 1 1
0 7 208 1 1
0 8 207 1 1
0 5 210 1 1
0 3 123 1 1
0 6 126 1 1
0 4 124 1 1
0 7 127 1 1
0 9 129 1 1
0 8 128 1 1
0 10 120 1 1
0 2 122 1 1
0 1 121 1 1
0 3 121 1 1
0 4 121 1 1
0 5 121 1 1
0 8 121 1 1
0 6 121 1 1
0 7 121 1 1
0 10 121 1 1
0 11 121 1 1
0 1 121 1 1
0 9 124 1 1
0 6 127 1 1
0 10 123 1 1
0 1 121 1 1
0 3 122 1 1
0 4 129 1 1
0 5 128 1 1
0 2 120 1 1
0 8 125 1 1
0 2 125 1 1
0 5 128 1 1
0 10 122 1 1
0 3 126 1 1
0 4 127 1 1
0 6 129 1 1
0 7 123 1 1
0 8 120 1 1
0 1 124 1 1
0 10 124 1 1
0 7 124 1 1
0 9 124 1 1
0 8 124 1 1
0 4 124 1 1
0 3 124 1 1
0 2 124 1 1
0 1 124 1 1
0 11 124 1 1
0 3 53 1 1
0 6 56 1 1
0 4 54 1 1
0 7 57 1 1
0 9 59 1 1
0 8 58 1 1
0 10 50 1 1
0 2 52 1 1
0 1 51 1 1
0 3 51 1 1
0 4 51 1 1
0 5 51 1 1
0 8 51 1 1
0 6 51 1 1
0 7 51 1 1
0 10 51 1 1
0 11 51 1 1
0 1 51 1 1
0 3 107 1 1
0 6 110 1 1
0 4 108 1 1
0 7 111 1 1
0 9 113 1 1
0 8 112 1 1
0 10 104 1 1
0 2 106 1 1
0 1 105 1 1
0 3 105 1 1
0 4 105 1 1
0 5 105 1 1
0 8 105 1 1
0 6 105 1 1
0 7 105 1 1
0 10 105 1 1
0 11 105 1 1
0 1 105 1 1
0 9 108 1 1
0 6 111 1 1
0 10 107 1 1
0 1 105 1 1
0 3 106 1 1
0 4 113 1 1
0 5 112 1 1
0 2 104 1 1
0 8 109 1 1
0 2 109 1 1
0 5 112 1 1
0 10 106 1 1
0 3 110 1 1
0 4 111 1 1
0 6 113 1 1
0 7 107 1 1
0 8 104 1 1
0 1 108 1 1
0 3 192 1 1
0 6 195 1 1
0 4 193 1 1
0 7 196 1 1
0 9 198 1 1
0 8 197 1 1
0 10 189 1 1
0 2 191 1 1
0 1 190 1 1
0 3 190 1 1
0 4 190 1 1
0 5 190 1 1
0 8 190 1 1
0 6 190 1 1
0 7 190 1 1
0 10 190 1 1
0 11 190 1 1
0 1 190 1 1
0 9 193 1 1
0 6 196 1 1
0 10 192 1 1
0 1 190 1 1
0 3 191 1 1
0 4 198 1 1
0 5 197 1 1
0 2 189 1 1
0 8 194 1 1
0 2 194 1 1
0 5 197 1 1
0 10 191 1 1
0 3 195 1 1
0 4 196 1 1
0 6 198 1 1
0 7 192 1 1
0 8 189 1 1
0 1 193 1 1
0 10 193 1 1
0 7 193 1 1
0 9 193 1 1
0 8 193 1 1
0 4 193 1 1
0 3 193 1 1
0 2 193 1 1
0 1 193 1 1
0 11 193 1 1
0 2 192 1 1
0 6 194 1 1
0 9 196 1 1
0 10 195 1 1
0 4 190 1 1
0 8 197 1 1
0 5 189 1 1
0 1 193 1 1
0 7 198 1 1
0 7 191 1 1
0 4 195 1 1
0 9 193 1 1
0 10 194 1 1
0 1 196 1 1
0 3 198 1 1
0 8 192 1 1
0 5 189 1 1
0 6 190 1 1
0 3 171 1 1
0 6 174 1 1
0 4 172 1 1
0 7 175 1 1
0 9 177 1 1
0 8 176 1 1
0 10 168 1 1
0 2 170 1 1
0 1 169 1 1
0 3 169 1 1
0 4 169 1 1
0 5 169 1 1
0 8 169 1 1
0 6 169 1 1
0 7 169 1 1
0 10 169 1 1
0 11 169 1 1
0 1 169 1 1
0 9 172 1 1
0 6 175 1 1
0 10 171 1 1
0 1 169 1 1
0 3 170 1 1
0 4 177 1 1
0 5 176 1 1
0 2 168 1 1
0 8 173 1 1
0 2 173 1 1
0 5 176 1 1
0 10 170 1 1
0 3 174 1 1
0 4 175 1 1
0 6 177 1 1
0 7 171 1 1
0 8 168 1 1
0 1 172 1 1
0 10 172 1 1
0 7 172 1 1
0 9 172 1 1
0 8 172 1 1
0 4 172 1 1
0 3 172 1 1
0 2 172 1 1
0 1 172 1 1
0 11 172 1 1
0 2 171 1 1
0 6 173 1 1
0 9 175 1 1
0 10 174 1 1
0 4 169 1 1
0 8 176 1 1
0 5 168 1 1
0 1 172 1 1
0 7 177 1 1
0 3 90 1 1
0 6 93 1 1
0 4 91 1 1
0 7 94 1 1
0 9 96 1 1
0 8 95 1 1
0 10 87 1 1
0 2 89 1 1
0 1 88 1 1
0 3 88 1 1
0 4 88 1 1
0 5 88 1 1
0 8 88 1 1
0 6 88 1 1
0 7 88 1 1
0 10 88 1 1
0 11 88 1 1
0 1 88 1 1
0 9 91 1 1
0 6 94 1 1
0 10 90 1 1
0 1 88 1 1
0 3 89 1 1
0 4 96 1 1
0 5 95 1 1
0 2 87 1 1
0 8 92 1 1
0 3 123 1 1
0 6 126 1 1
0 4 124 1 1
0 7 127 1 1
0 9 129 1 1
0 8 128 1 1
0 10 120 1 1
0 2 122 1 1
0 1 121 1 1
0 3 121 1 1
0 4 121 1 1
0 5 121 1 1
0 8 121 1 1
0 6 121 1 1
0 7 121 1 1
0 10 121 1 1
0 11 121 1 1
0 1 121 1 1
0 9 124 1 1
0 6 127 1 1
0 10 123 1 1
0 1 121 1 1
0 3 122 1 1
0 4 129 1 1
0 5 128 1 1
0 2 120 1 1
0 8 125 1 1
0 2 125 1 1
0 5 128 1 1
0 10 122 1 1
0 3 126 1 1
0 4 127 1 1
0 6 129 1 1
0 7 123 1 1
0 8 120 1 1
0 1 124 1 1
0 3 34 1 1
0 6 37 1 1
0 4 35 1 1
0 7 38 1 1
0 9 40 1 1
0 8 39 1 1
0 10 31 1 1
0 2 33 1 1
0 1 32 1 1
0 3 131 1 1
0 6 134 1 1
0 4 132 1 1
0 7 135 1 1
0 9 137 1 1
0 8 136 1 1
0 10 128 1 1
0 2 130 1 1
0 1 129 1 1
0 3 129 1 1
0 4 129 1 1
0 5 129 1 1
0 8 129 1 1
0 6 129 1 1
0 7 129 1 1
0 10 129 1 1
0 11 129 1 1
0 1 129 1 1
0 9 132 1 1
0 6 135 1 1
0 10 131 1 1
0 1 129 1 1
0 3 130 1 1
0 4 137 1 1
0 5 136 1 1
0 2 128 1 1
0 8 133 1 1
0 2 133 1 1
0 5 136 1 1
0 10 130 1 1
0 3 134 1 1
0 4 135 1 1
0 6 137 1 1
0 7 131 1 1
0 8 128 1 1
0 1 132 1 1
0 3 300 1 1
0 6 303 1 1
0 4 301 1 1
0 7 304 1 1
0 9 306 1 1
0 8 305 1 1
0 10 297 1 1
0 2 299 1 1
0 1 298 1 1
0 3 298 1 1
0 4 298 1 1
0 5 298 1 1
0 8 298 1 1
0 6 298 1 1
0 7 298 1 1
0 10 298 1 1
0 11 298 1 1
0 1 298 1 1
0 9 301 1 1
0 6 304 1 1
0 10 300 1 1
0 1 298 1 1
0 3 299 1 1
0 4 306 1 1
0 5 305 1 1
0 2 297 1 1
0 8 302 1 1
0 2 302 1 1
0 5 305 1 1
0 10 299 1 1
0 3 303 1 1
0 4 304 1 1
0 6 306 1 1
0 7 300 1 1
0 8 297 1 1
0 1 301 1 1
0 10 301 1 1
0 7 301 1 1
0 9 301 1 1
0 8 301 1 1
0 4 301 1 1
0 3 301 1 1
0 2 301 1 1
0 1 301 1 1
0 11 301 1 1
0 2 300 1 1
0 6 302 1 1
0 9 304 1 1
0 10 303 1 1
0 4 298 1 1
0 8 305 1 1
0 5 297 1 1
0 1 301 1 1
0 7 306 1 1
0 7 299 1 1
0 4 303 1 1
0 9 301 1 1
0 10 302 1 1
0 1 304 1 1
0 3 306 1 1
0 8 300 1 1
0 5 297 1 1
0 6 298 1 1
0 1 304 1 1
0 6 304 1 1
0 7 304 1 1
0 4 304 1 1
0 5 304 1 1
0 10 304 1 1
0 11 304 1 1
0 2 304 1 1
0 9 304 1 1
0 6 299 1 1
0 1 304 1 1
0 4 301 1 1
0 9 305 1 1
0 2 303 1 1
0 3 302 1 1
0 7 298 1 1
0 8 297 1 1
0 5 300 1 1
0 3 207 1 1
0 6 210 1 1
0 4 208 1 1
0 7 211 1 1
0 9 213 1 1
0 8 212 1 1
0 10 204 1 1
0 2 206 1 1
0 1 205 1 1
0 3 205 1 1
0 4 205 1 1
0 5 205 1 1
0 8 205 1 1
0 6 205 1 1
0 7 205 1 1
0 10 205 1 1
0 11 205 1 1
0 1 205 1 1
0 9 208 1 1
0 6 211 1 1
0 10 207 1 1
0 1 205 1 1
0 3 206 1 1
0 4 213 1 1
0 5 212 1 1
0 2 204 1 1
0 8 209 1 1
0 2 209 1 1
0 5 212 1 1
0 10 206 1 1
0 3 210 1 1
0 4 211 1 1
0 6 213 1 1
0 7 207 1 1
0 8 204 1 1
0 1 208 1 1
0 10 208 1 1
0 7 208 1 1
0 9 208 1 1
0 8 208 1 1
0 4 208 1 1
0 3 208 1 1
0 2 208 1 1
0 1 208 1 1
0 11 208 1 1
0 2 207 1 1
0 6 209 1 1
0 9 211 1 1
0 10 210 1 1
0 4 205 1 1
0 8 212 1 1
0 5 204 1 1
0 1 208 1 1
0 7 213 1 1
0 3 213 1 1
0 6 216 1 1
0 4 214 1 1
0 7 217 1 1
0 9 219 1 1
0 8 218 1 1
0 10 210 1 1
0 2 212 1 1
0 1 211 1 1
0 3 211 1 1
0 4 211 1 1
0 5 211 1 1
0 8 211 1 1
0 6 211 1 1
0 7 211 1 1
0 10 211 1 1
0 11 211 1 1
0 1 211 1 1
0 9 214 1 1
0 6 217 1 1
0 10 213 1 1
0 1 211 1 1
0 3 212 1 1
0 4 219 1 1
0 5 218 1 1
0 2 210 1 1
0 8 215 1 1
0 2 215 1 1
0 5 218 1 1
0 10 212 1 1
0 3 216 1 1
0 4 217 1 1
0 6 219 1 1
0 7 213 1 1
0 8 210 1 1
0 1 214 1 1
0 10 214 1 1
0 7 214 1 1
0 9 214 1 1
0 8 214 1 1
0 4 214 1 1
0 3 214 1 1
0 2 214 1 1
0 1 214 1 1
0 11 214 1 1
0 2 213 1 1
0 6 215 1 1
0 9 217 1 1
0 10 216 1 1
0 4 211 1 1
0 8 218 1 1
0 5 210 1 1
0 1 214 1 1
0 7 219 1 1
0 3 39 1 1
0 6 42 1 1
0 4 40 1 1
0 7 43 1 1
0 9 45 1 1
0 8 44 1 1
0 10 36 1 1
0 2 38 1 1
0 1 37 1 1
0 3 40 1 1
0 6 43 1 1
0 4 41 1 1
0 7 44 1 1
0 9 46 1 1
0 8 45 1 1
0 10 37 1 1
0 2 39 1 1
0 1 38 1 1
0 3 307 1 1
0 6 310 1 1
0 4 308 1 1
0 7 311 1 1
0 9 313 1 1
0 8 312 1 1
0 10 304 1 1
0 2 306 1 1
0 1 305 1 1
0 3 305 1 1
0 4 305 1 1
0 5 305 1 1
0 8 305 1 1
0 6 305 1 1
0 7 305 1 1
0 10 305 1 1
0 11 305 1 1
0 1 305 1 1
0 9 308 1 1
0 6 311 1 1
0 10 307 1 1
0 1 305 1 1
0 3 306 1 1
0 4 313 1 1
0 5 312 1 1
0 2 304 1 1
0 8 309 1 1
0 2 309 1 1
0 5 312 1 1
0 10 306 1 1
0 3 310 1 1
0 4 311 1 1
0 6 313 1 1
0 7 307 1 1
0 8 304 1 1
0 1 308 1 1
0 10 308 1 1
0 7 308 1 1
0 9 308 1 1
0 8 308 1 1
0 4 308 1 1
0 3 308 1 1
0 2 308 1 1
0 1 308 1 1
0 11 308 1 1
0 2 307 1 1
0 6 309 1 1
0 9 311 1 1
0 10 310 1 1
0 4 305 1 1
0 8 312 1 1
0 5 304 1 1
0 1 308 1 1
0 7 313 1 1
0 7 306 1 1
0 4 310 1 1
0 9 308 1 1
0 10 309 1 1
0 1 311 1 1
0 3 313 1 1
0 8 307 1 1
0 5 304 1 1
0 6 305 1 1
0 1 311 1 1
0 6 311 1 1
0 7 311 1 1
0 4 311 1 1
0 5 311 1 1
0 10 311 1 1
0 11 311 1 1
0 2 311 1 1
0 9 311 1 1
0 3 198 1 1
0 6 201 1 1
0 4 199 1 1
0 7 202 1 1
0 9 204 1 1
0 8 203 1 1
0 10 195 1 1
0 2 197 1 1
0 1 196 1 1
0 3 196 1 1
0 4 196 1 1
0 5 196 1 1
0 8 196 1 1
0 6 196 1 1
0 7 196 1 1
0 10 196 1 1
0 11 196 1 1
0 1 196 1 1
0 9 199 1 1
0 6 202 1 1
0 10 198 1 1
0 1 196 1 1
0 3 197 1 1
0 4 204 1 1
0 5 203 1 1
0 2 195 1 1
0 8 200 1 1
0 2 200 1 1
0 5 203 1 1
0 10 197 1 1
0 3 201 1 1
0 4 202 1 1
0 6 204 1 1
0 7 198 1 1
0 8 195 1 1
0 1 199 1 1
0 10 199 1 1
0 7 199 1 1
0 9 199 1 1
0 8 199 1 1
0 4 199 1 1
0 3 199 1 1
0 2 199 1 1
0 1 199 1 1
0 11 199 1 1
0 3 323 1 1
0 6 326 1 1
0 4 324 1 1
0 7 327 1 1
0 9 329 1 1
0 8 328 1 1
0 10 320 1 1
0 2 322 1 1
0 1 321 1 1
0 3 321 1 1
0 4 321 1 1
0 5 321 1 1
0 8 321 1 1
0 6 321 1 1
0 7 321 1 1
0 10 321 1 1
0 11 321 1 1
0 1 321 1 1
0 9 324 1 1
0 6 327 1 1
0 10 323 1 1
0 1 321 1 1
0 3 322 1 1
0 4 329 1 1
0 5 328 1 1
0 2 320 1 1
0 8 325 1 1
0 2 325 1 1
0 5 328 1 1
0 10 322 1 1
0 3 326 1 1
0 4 327 1 1
0 6 329 1 1
0 7 323 1 1
0 8 320 1 1
0 1 324 1 1
0 10 324 1 1
0 7 324 1 1
0 9 324 1 1
0 8 324 1 1
0 4 324 1 1
0 3 324 1 1
0 2 324 1 1
0 1 324 1 1
0 11 324 1 1
0 2 323 1 1
0 6 325 1 1
0 9 327 1 1
0 10 326 1 1
0 4 321 1 1
0 8 328 1 1
0 5 320 1 1
0 1 324 1 1
0 7 329 1 1
0 7 322 1 1
0 4 326 1 1
0 9 324 1 1
0 10 325 1 1
0 1 327 1 1
0 3 329 1 1
0 8 323 1 1
0 5 320 1 1
0 6 321 1 1
0 1 327 1 1
0 6 327 1 1
0 7 327 1 1
0 4 327 1 1
0 5 327 1 1
0 10 327 1 1
0 11 327 1 1
0 2 327 1 1
0 9 327 1 1
0 3 331 1 1
0 6 334 1 1
0 4 332 1 1
0 7 335 1 1
0 9 337 1 1
0 8 336 1 1
0 10 328 1 1
0 2 330 1 1
0 1 329 1 1
0 3 329 1 1
0 4 329 1 1
0 5 329 1 1
0 8 329 1 1
0 6 329 1 1
0 7 329 1 1
0 10 329 1 1
0 11 329 1 1
0 1 329 1 1
0 9 332 1 1
0 6 335 1 1
0 10 331 1 1
0 1 329 1 1
0 3 330 1 1
0 4 337 1 1
0 5 336 1 1
0 2 328 1 1
0 8 333 1 1
0 2 333 1 1
0 5 336 1 1
0 10 330 1 1
0 3 334 1 1
0 4 335 1 1
0 6 337 1 1
0 7 331 1 1
0 8 328 1 1
0 1 332 1 1
0 10 332 1 1
0 7 332 1 1
0 9 332 1 1
0 8 332 1 1
0 4 332 1 1
0 3 332 1 1
0 2 332 1 1
0 1 332 1 1
0 11 332 1 1
0 2 331 1 1
0 6 333 1 1
0 9 335 1 1
0 10 334 1 1
0 4 329 1 1
0 8 336 1 1
0 5 328 1 1
0 1 332 1 1
0 7 337 1 1
0 7 330 1 1
0 4 334 1 1
0 9 332 1 1
0 10 333 1 1
0 1 335 1 1
0 3 337 1 1
0 8 331 1 1
0 5 328 1 1
0 6 329 1 1
0 1 335 1 1
0 6 335 1 1
0 7 335 1 1
0 4 335 1 1
0 5 335 1 1
0 10 335 1 1
0 11 335 1 1
0 2 335 1 1
0 9 335 1 1
0 3 255 1 1
0 6 258 1 1
0 4 256 1 1
0 7 259 1 1
0 9 261 1 1
0 8 260 1 1
0 10 252 1 1
0 2 254 1 1
0 1 253 1 1
0 3 253 1 1
0 4 253 1 1
0 5 253 1 1
0 8 253 1 1
0 6 253 1 1
0 7 253 1 1
0 10 253 1 1
0 11 253 1 1
0 1 253 1 1
0 9 256 1 1
0 6 259 1 1
0 10 255 1 1
0 1 253 1 1
0 3 254 1 1
0 4 261 1 1
0 5 260 1 1
0 2 252 1 1
0 8 257 1 1
0 2 257 1 1
0 5 260 1 1
0 10 254 1 1
0 3 258 1 1
0 4 259 1 1
0 6 261 1 1
0 7 255 1 1
0 8 252 1 1
0 1 256 1 1
0 10 256 1 1
0 7 256 1 1
0 9 256 1 1
0 8 256 1 1
0 4 256 1 1
0 3 256 1 1
0 2 256 1 1
0 1 256 1 1
0 11 256 1 1
0 2 255 1 1
0 6 257 1 1
0 9 259 1 1
0 10 258 1 1
0 4 253 1 1
0 8 260 1 1
0 5 252 1 1
0 1 256 1 1
0 7 261 1 1
0 3 175 1 1
0 6 178 1 1
0 4 176 1 1
0 7 179 1 1
0 9 181 1 1
0 8 180 1 1
0 10 172 1 1
0 2 174 1 1
0 1 173 1 1
0 3 173 1 1
0 4 173 1 1
0 5 173 1 1
0 8 173 1 1
0 6 173 1 1
0 7 173 1 1
0 10 173 1 1
0 11 173 1 1
0 1 173 1 1
0 9 176 1 1
0 6 179 1 1
0 10 175 1 1
0 1 173 1 1
0 3 174 1 1
0 4 181 1 1
0 5 180 1 1
0 2 172 1 1
0 8 177 1 1
0 2 177 1 1
0 5 180 1 1
0 10 174 1 1
0 3 178 1 1
0 4 179 1 1
0 6 181 1 1
0 7 175 1 1
0 8 172 1 1
0 1 176 1 1
0 3 135 1 1
0 6 138 1 1
0 4 136 1 1
0 7 139 1 1
0 9 141 1 1
0 8 140 1 1
0 10 132 1 1
0 2 134 1 1
0 1 133 1 1
0 3 133 1 1
0 4 133 1 1
0 5 133 1 1
0 8 133 1 1
0 6 133 1 1
0 7 133 1 1
0 10 133 1 1
0 11 133 1 1
0 1 133 1 1
0 9 136 1 1
0 6 139 1 1
0 10 135 1 1
0 1 133 1 1
0 3 134 1 1
0 4 141 1 1
0 5 140 1 1
0 2 132 1 1
0 8 137 1 1
0 3 228 1 1
0 6 231 1 1
0 4 229 1 1
0 7 232 1 1
0 9 234 1 1
0 8 233 1 1
0 10 225 1 1
0 2 227 1 1
0 1 226 1 1
0 3 226 1 1
0 4 226 1 1
0 5 226 1 1
0 8 226 1 1
0 6 226 1 1
0 7 226 1 1
0 10 226 1 1
0 11 226 1 1
0 1 226 1 1
0 9 229 1 1
0 6 232 1 1
0 10 228 1 1
0 1 226 1 1
0 3 227 1 1
0 4 234 1 1
0 5 233 1 1
0 2 225 1 1
0 8 230 1 1
0 2 230 1 1
0 5 233 1 1
0 10 227 1 1
0 3 231 1 1
0 4 232 1 1
0 6 234 1 1
0 7 228 1 1
0 8 225 1 1
0 1 229 1 1
0 10 229 1 1
0 7 229 1 1
0 9 229 1 1
0 8 229 1 1
0 4 229 1 1
0 3 229 1 1
0 2 229 1 1
0 1 229 1 1
0 11 229 1 1
0 3 141 1 1
0 6 144 1 1
0 4 142 1 1
0 7 145 1 1
0 9 147 1 1
0 8 146 1 1
0 10 138 1 1
0 2 140 1 1
0 1 139 1 1
0 3 139 1 1
0 4 139 1 1
0 5 139 1 1
0 8 139 1 1
0 6 139 1 1
0 7 139 1 1
0 10 139 1 1
0 11 139 1 1
0 1 139 1 1
0 9 142 1 1
0 6 145 1 1
0 10 141 1 1
0 1 139 1 1
0 3 140 1 1
0 4 147 1 1
0 5 146 1 1
0 2 138 1 1
0 8 143 1 1
0 3 379 1 1
0 6 382 1 1
0 4 380 1 1
0 7 383 1 1
0 9 385 1 1
0 8 384 1 1
0 10 376 1 1
0 2 378 1 1
0 1 377 1 1
0 3 377 1 1
0 4 377 1 1
0 5 377 1 1
0 8 377 1 1
0 6 377 1 1
0 7 377 1 1
0 10 377 1 1
0 11 377 1 1
0 1 377 1 1
0 9 380 1 1
0 6 383 1 1
0 10 379 1 1
0 1 377 1 1
0 3 378 1 1
0 4 385 1 1
0 5 384 1 1
0 2 376 1 1
0 8 381 1 1
0 2 381 1 1
0 5 384 1 1
0 10 378 1 1
0 3 382 1 1
0 4 383 1 1
0 6 385 1 1
0 7 379 1 1
0 8 376 1 1
0 1 380 1 1
0 10 380 1 1
0 7 380 1 1
0 9 380 1 1
0 8 380 1 1
0 4 380 1 1
0 3 380 1 1
0 2 380 1 1
0 1 380 1 1
0 11 380 1 1
0 2 379 1 1
0 6 381 1 1
0 9 383 1 1
0 10 382 1 1
0 4 377 1 1
0 8 384 1 1
0 5 376 1 1
0 1 380 1 1
0 7 385 1 1
0 7 378 1 1
0 4 382 1 1
0 9 380 1 1
0 10 381 1 1
0 1 383 1 1
0 3 385 1 1
0 8 379 1 1
0 5 376 1 1
0 6 377 1 1
0 1 383 1 1
0 6 383 1 1
0 7 383 1 1
0 4 383 1 1
0 5 383 1 1
0 10 383 1 1
0 11 383 1 1
0 2 383 1 1
0 9 383 1 1
0 3 291 1 1
0 6 294 1 1
0 4 292 1 1
0 7 295 1 1
0 9 297 1 1
0 8 296 1 1
0 10 288 1 1
0 2 290 1 1
0 1 289 1 1
0 3 289 1 1
0 4 289 1 1
0 5 289 1 1
0 8 289 1 1
0 6 289 1 1
0 7 289 1 1
0 10 289 1 1
0 11 289 1 1
0 1 289 1 1
0 9 292 1 1
0 6 295 1 1
0 10 291 1 1
0 1 289 1 1
0 3 290 1 1
0 4 297 1 1
0 5 296 1 1
0 2 288 1 1
0 8 293 1 1
0 2 293 1 1
0 5 296 1 1
0 10 290 1 1
0 3 294 1 1
0 4 295 1 1
0 6 297 1 1
0 7 291 1 1
0 8 288 1 1
0 1 292 1 1
0 10 292 1 1
0 7 292 1 1
0 9 292 1 1
0 8 292 1 1
0 4 292 1 1
0 3 292 1 1
0 2 292 1 1
0 1 292 1 1
0 11 292 1 1
0 2 291 1 1
0 6 293 1 1
0 9 295 1 1
0 10 294 1 1
0 4 289 1 1
0 8 296 1 1
0 5 288 1 1
0 1 292 1 1
0 7 297 1 1
0 3 248 1 1
0 6 251 1 1
0 4 249 1 1
0 7 252 1 1
0 9 254 1 1
0 8 253 1 1
0 10 245 1 1
0 2 247 1 1
0 1 246 1 1
0 3 246 1 1
0 4 246 1 1
0 5 246 1 1
0 8 246 1 1
0 6 246 1 1
0 7 246 1 1
0 10 246 1 1
0 11 246 1 1
0 1 246 1 1
0 9 249 1 1
0 6 252 1 1
0 10 248 1 1
0 1 246 1 1
0 3 247 1 1
0 4 254 1 1
0 5 253 1 1
0 2 245 1 1
0 8 250 1 1
0 2 250 1 1
0 5 253 1 1
0 10 247 1 1
0 3 251 1 1
0 4 252 1 1
0 6 254 1 1
0 7 248 1 1
0 8 245 1 1
0 1 249 1 1
0 10 249 1 1
0 7 249 1 1
0 9 249 1 1
0 8 249 1 1
0 4 249 1 1
0 3 249 1 1
0 2 249 1 1
0 1 249 1 1
0 11 249 1 1
0 3 53 1 1
0 6 56 1 1
0 4 54 1 1
0 7 57 1 1
0 9 59 1 1
0 8 58 1 1
0 10 50 1 1
0 2 52 1 1
0 1 51 1 1
0 3 360 1 1
0 6 363 1 1
0 4 361 1 1
0 7 364 1 1
0 9 366 1 1
0 8 365 1 1
0 10 357 1 1
0 2 359 1 1
0 1 358 1 1
0 3 358 1 1
0 4 358 1 1
0 5 358 1 1
0 8 358 1 1
0 6 358 1 1
0 7 358 1 1
0 10 358 1 1
0 11 358 1 1
0 1 358 1 1
0 9 361 1 1
0 6 364 1 1
0 10 360 1 1
0 1 358 1 1
0 3 359 1 1
0 4 366 1 1
0 5 365 1 1
0 2 357 1 1
0 8 362 1 1
0 2 362 1 1
0 5 365 1 1
0 10 359 1 1
0 3 363 1 1
0 4 364 1 1
0 6 366 1 1
0 7 360 1 1
0 8 357 1 1
0 1 361 1 1
0 10 361 1 1
0 7 361 1 1
0 9 361 1 1
0 8 361 1 1
0 4 361 1 1
0 3 361 1 1
0 2 361 1 1
0 1 361 1 1
0 11 361 1 1
0 2 360 1 1
0 6 362 1 1
0 9 364 1 1
0 10 363 1 1
0 4 358 1 1
0 8 365 1 1
0 5 357 1 1
0 1 361 1 1
0 7 366 1 1
0 7 359 1 1
0 4 363 1 1
0 9 361 1 1
0 10 362 1 1
0 1 364 1 1
0 3 366 1 1
0 8 360 1 1
0 5 357 1 1
0 6 358 1 1
0 3 159 1 1
0 6 162 1 1
0 4 160 1 1
0 7 163 1 1
0 9 165 1 1
0 8 164 1 1
0 10 156 1 1
0 2 158 1 1
0 1 157 1 1
0 3 157 1 1
0 4 157 1 1
0 5 157 1 1
0 8 157 1 1
0 6 157 1 1
0 7 157 1 1
0 10 157 1 1
0 11 157 1 1
0 1 157 1 1
0 9 160 1 1
0 6 163 1 1
0 10 159 1 1
0 1 157 1 1
0 3 158 1 1
0 4 165 1 1
0 5 164 1 1
0 2 156 1 1
0 8 161 1 1
0 3 427 1 1
0 6 430 1 1
0 4 428 1 1
0 7 431 1 1
0 9 433 1 1
0 8 432 1 1
0 10 424 1 1
0 2 426 1 1
0 1 425 1 1
0 3 425 1 1
0 4 425 1 1
0 5 425 1 1
0 8 425 1 1
0 6 425 1 1
0 7 425 1 1
0 10 425 1 1
0 11 425 1 1
0 1 425 1 1
0 9 428 1 1
0 6 431 1 1
0 10 427 1 1
0 1 425 1 1
0 3 426 1 1
0 4 433 1 1
0 5 432 1 1
0 2 424 1 1
0 8 429 1 1
0 2 429 1 1
0 5 432 1 1
0 10 426 1 1
0 3 430 1 1
0 4 431 1 1
0 6 433 1 1
0 7 427 1 1
0 8 424 1 1
0 1 428 1 1
0 10 428 1 1
0 7 428 1 1
0 9 428 1 1
0 8 428 1 1
0 4 428 1 1
0 3 428 1 1
0 2 428 1 1
0 1 428 1 1
0 11 428 1 1
0 2 427 1 1
0 6 429 1 1
0 9 431 1 1
0 10 430 1 1
0 4 425 1 1
0 8 432 1 1
0 5 424 1 1
0 1 428 1 1
0 7 433 1 1
0 7 426 1 1
0 4 430 1 1
0 9 428 1 1
0 10 429 1 1
0 1 431 1 1
0 3 433 1 1
0 8 427 1 1
0 5 424 1 1
0 6 425 1 1
0 1 431 1 1
0 6 431 1 1
0 7 431 1 1
0 4 431 1 1
0 5 431 1 1
0 10 431 1 1
0 11 431 1 1
0 2 431 1 1
0 9 431 1 1
0 3 165 1 1
0 6 168 1 1
0 4 166 1 1
0 7 169 1 1
0 9 171 1 1
0 8 170 1 1
0 10 162 1 1
0 2 164 1 1
0 1 163 1 1
0 3 163 1 1
0 4 163 1 1
0 5 163 1 1
0 8 163 1 1
0 6 163 1 1
0 7 163 1 1
0 10 163 1 1
0 11 163 1 1
0 1 163 1 1
0 9 166 1 1
0 6 169 1 1
0 10 165 1 1
0 1 163 1 1
0 3 164 1 1
0 4 171 1 1
0 5 170 1 1
0 2 162 1 1
0 8 167 1 1
0 3 58 1 1
0 6 61 1 1
0 4 59 1 1
0 7 62 1 1
0 9 64 1 1
0 8 63 1 1
0 10 55 1 1
0 2 57 1 1
0 1 56 1 1
0 3 227 1 1
0 6 230 1 1
0 4 228 1 1
0 7 231 1 1
0 9 233 1 1
0 8 232 1 1
0 10 224 1 1
0 2 226 1 1
0 1 225 1 1
0 3 225 1 1
0 4 225 1 1
0 5 225 1 1
0 8 225 1 1
0 6 225 1 1
0 7 225 1 1
0 10 225 1 1
0 11 225 1 1
0 1 225 1 1
0 9 228 1 1
0 6 231 1 1
0 10 227 1 1
0 1 225 1 1
0 3 226 1 1
0 4 233 1 1
0 5 232 1 1
0 2 224 1 1
0 8 229 1 1
0 2 229 1 1
0 5 232 1 1
0 10 226 1 1
0 3 230 1 1
0 4 231 1 1
0 6 233 1 1
0 7 227 1 1
0 8 224 1 1
0 1 228 1 1
0 3 174 1 1
0 6 177 1 1
0 4 175 1 1
0 7 178 1 1
0 9 180 1 1
0 8 179 1 1
0 10 171 1 1
0 2 173 1 1
0 1 172 1 1
0 3 172 1 1
0 4 172 1 1
0 5 172 1 1
0 8 172 1 1
0 6 172 1 1
0 7 172 1 1
0 10 172 1 1
0 11 172 1 1
0 1 172 1 1
0 9 175 1 1
0 6 178 1 1
0 10 174 1 1
0 1 172 1 1
0 3 173 1 1
0 4 180 1 1
0 5 179 1 1
0 2 171 1 1
0 8 176 1 1
0 3 61 1 1
0 6 64 1 1
0 4 62 1 1
0 7 65 1 1
0 9 67 1 1
0 8 66 1 1
0 10 58 1 1
0 2 60 1 1
0 1 59 1 1
0 3 121 1 1
0 6 124 1 1
0 4 122 1 1
0 7 125 1 1
0 9 127 1 1
0 8 126 1 1
0 10 118 1 1
0 2 120 1 1
0 1 119 1 1
0 3 119 1 1
0 4 119 1 1
0 5 119 1 1
0 8 119 1 1
0 6 119 1 1
0 7 119 1 1
0 10 119 1 1
0 11 119 1 1
0 1 119 1 1
0 3 123 1 1
0 6 126 1 1
0 4 124 1 1
0 7 127 1 1
0 9 129 1 1
0 8 128 1 1
0 10 120 1 1
0 2 122 1 1
0 1 121 1 1
0 3 121 1 1
0 4 121 1 1
0 5 121 1 1
0 8 121 1 1
0 6 121 1 1
0 7 121 1 1
0 10 121 1 1
0 11 121 1 1
0 1 121 1 1
0 3 186 1 1
0 6 189 1 1
0 4 187 1 1
0 7 190 1 1
0 9 192 1 1
0 8 191 1 1
0 10 183 1 1
0 2 185 1 1
0 1 184 1 1
0 3 184 1 1
0 4 184 1 1
0 5 184 1 1
0 8 184 1 1
0 6 184 1 1
0 7 184 1 1
0 10 184 1 1
0 11 184 1 1
0 1 184 1 1
0 9 187 1 1
0 6 190 1 1
0 10 186 1 1
0 1 184 1 1
0 3 185 1 1
0 4 192 1 1
0 5 191 1 1
0 2 183 1 1
0 8 188 1 1
0 3 65 1 1
0 6 68 1 1
0 4 66 1 1
0 7 69 1 1
0 9 71 1 1
0 8 70 1 1
0 10 62 1 1
0 2 64 1 1
0 1 63 1 1
0 3 255 1 1
0 6 258 1 1
0 4 256 1 1
0 7 259 1 1
0 9 261 1 1
0 8 260 1 1
0 10 252 1 1
0 2 254 1 1
0 1 253 1 1
0 3 253 1 1
0 4 253 1 1
0 5 253 1 1
0 8 253 1 1
0 6 253 1 1
0 7 253 1 1
0 10 253 1 1
0 11 253 1 1
0 1 253 1 1
0 9 256 1 1
0 6 259 1 1
0 10 255 1 1
0 1 253 1 1
0 3 254 1 1
0 4 261 1 1
0 5 260 1 1
0 2 252 1 1
0 8 257 1 1
0 2 257 1 1
0 5 260 1 1
0 10 254 1 1
0 3 258 1 1
0 4 259 1 1
0 6 261 1 1
0 7 255 1 1
0 8 252 1 1
0 1 256 1 1
0 3 323 1 1
0 6 326 1 1
0 4 324 1 1
0 7 327 1 1
0 9 329 1 1
0 8 328 1 1
0 10 320 1 1
0 2 322 1 1
0 1 321 1 1
0 3 321 1 1
0 4 321 1 1
0 5 321 1 1
0 8 321 1 1
0 6 321 1 1
0 7 321 1 1
0 10 321 1 1
0 11 321 1 1
0 1 321 1 1
0 9 324 1 1
0 6 327 1 1
0 10 323 1 1
0 1 321 1 1
0 3 322 1 1
0 4 329 1 1
0 5 328 1 1
0 2 320 1 1
0 8 325 1 1
0 2 325 1 1
0 5 328 1 1
0 10 322 1 1
0 3 326 1 1
0 4 327 1 1
0 6 329 1 1
0 7 323 1 1
0 8 320 1 1
0 1 324 1 1
0 10 324 1 1
0 7 324 1 1
0 9 324 1 1
0 8 324 1 1
0 4 324 1 1
0 3 324 1 1
0 2 324 1 1
0 1 324 1 1
0 11 324 1 1
0 3 523 1 1
0 6 526 1 1
0 4 524 1 1
0 7 527 1 1
0 9 529 1 1
0 8 528 1 1
0 10 520 1 1
0 2 522 1 1
0 1 521 1 1
0 3 521 1 1
0 4 521 1 1
0 5 521 1 1
0 8 521 1 1
0 6 521 1 1
0 7 521 1 1
0 10 521 1 1
0 11 521 1 1
0 1 521 1 1
0 9 524 1 1
0 6 527 1 1
0 10 523 1 1
0 1 521 1 1
0 3 522 1 1
0 4 529 1 1
0 5 528 1 1
0 2 520 1 1
0 8 525 1 1
0 2 525 1 1
0 5 528 1 1
0 10 522 1 1
0 3 526 1 1
0 4 527 1 1
0 6 529 1 1
0 7 523 1 1
0 8 520 1 1
0 1 524 1 1
0 10 524 1 1
0 7 524 1 1
0 9 524 1 1
0 8 524 1 1
0 4 524 1 1
0 3 524 1 1
0 2 524 1 1
0 1 524 1 1
0 11 524 1 1
0 2 523 1 1
0 6 525 1 1
0 9 527 1 1
0 10 526 1 1
0 4 521 1 1
0 8 528 1 1
0 5 520 1 1
0 1 524 1 1
0 7 529 1 1
0 7 522 1 1
0 4 526 1 1
0 9 524 1 1
0 10 525 1 1
0 1 527 1 1
0 3 529 1 1
0 8 523 1 1
0 5 520 1 1
0 6 521 1 1
0 1 527 1 1
0 6 527 1 1
0 7 527 1 1
0 4 527 1 1
0 5 527 1 1
0 10 527 1 1
0 11 527 1 1
0 2 527 1 1
0 9 527 1 1
0 3 597 1 1
0 6 600 1 1
0 4 598 1 1
0 7 601 1 1
0 9 603 1 1
0 8 602 1 1
0 10 594 1 1
0 2 596 1 1
0 1 595 1 1
0 3 595 1 1
0 4 595 1 1
0 5 595 1 1
0 8 595 1 1
0 6 595 1 1
0 7 595 1 1
0 10 595 1 1
0 11 595 1 1
0 1 595 1 1
0 9 598 1 1
0 6 601 1 1
0 10 597 1 1
0 1 595 1 1
0 3 596 1 1
0 4 603 1 1
0 5 602 1 1
0 2 594 1 1
0 8 599 1 1
0 2 599 1 1
0 5 602 1 1
0 10 596 1 1
0 3 600 1 1
0 4 601 1 1
0 6 603 1 1
0 7 597 1 1
0 8 594 1 1
0 1 598 1 1
0 10 598 1 1
0 7 598 1 1
0 9 598 1 1
0 8 598 1 1
0 4 598 1 1
0 3 598 1 1
0 2 598 1 1
0 1 598 1 1
0 11 598 1 1
0 2 597 1 1
0 6 599 1 1
0 9 601 1 1
0 10 600 1 1
0 4 595 1 1
0 8 602 1 1
0 5 594 1 1
0 1 598 1 1
0 7 603 1 1
0 7 596 1 1
0 4 600 1 1
0 9 598 1 1
0 10 599 1 1
0 1 601 1 1
0 3 603 1 1
0 8 597 1 1
0 5 594 1 1
0 6 595 1 1
0 1 601 1 1
0 6 601 1 1
0 7 601 1 1
0 4 601 1 1
0 5 601 1 1
0 10 601 1 1
0 11 601 1 1
0 2 601 1 1
0 9 601 1 1
0 6 596 1 1
0 1 601 1 1
0 4 598 1 1
0 9 602 1 1
0 2 600 1 1
0 3 599 1 1
0 7 595 1 1
0 8 594 1 1
0 5 597 1 1
0 3 204 1 1
0 6 207 1 1
0 4 205 1 1
0 7 208 1 1
0 9 210 1 1
0 8 209 1 1
0 10 201 1 1
0 2 203 1 1
0 1 202 1 1
0 3 202 1 1
0 4 202 1 1
0 5 202 1 1
0 8 202 1 1
0 6 202 1 1
0 7 202 1 1
0 10 202 1 1
0 11 202 1 1
0 1 202 1 1
0 9 205 1 1
0 6 208 1 1
0 10 204 1 1
0 1 202 1 1
0 3 203 1 1
0 4 210 1 1
0 5 209 1 1
0 2 201 1 1
0 8 206 1 1
0 3 547 1 1
0 6 550 1 1
0 4 548 1 1
0 7 551 1 1
0 9 553 1 1
0 8 552 1 1
0 10 544 1 1
0 2 546 1 1
0 1 545 1 1
0 3 545 1 1
0 4 545 1 1
0 5 545 1 1
0 8 545 1 1
0 6 545 1 1
0 7 545 1 1
0 10 545 1 1
0 11 545 1 1
0 1 545 1 1
0 9 548 1 1
0 6 551 1 1
0 10 547 1 1
0 1 545 1 1
0 3 546 1 1
0 4 553 1 1
0 5 552 1 1
0 2 544 1 1
0 8 549 1 1
0 2 549 1 1
0 5 552 1 1
0 10 546 1 1
0 3 550 1 1
0 4 551 1 1
0 6 553 1 1
0 7 547 1 1
0 8 544 1 1
0 1 548 1 1
0 10 548 1 1
0 7 548 1 1
0 9 548 1 1
0 8 548 1 1
0 4 548 1 1
0 3 548 1 1
0 2 548 1 1
0 1 548 1 1
0 11 548 1 1
0 2 547 1 1
0 6 549 1 1
0 9 551 1 1
0 10 550 1 1
0 4 545 1 1
0 8 552 1 1
0 5 544 1 1
0 1 548 1 1
0 7 553 1 1
0 7 546 1 1
0 4 550 1 1
0 9 548 1 1
0 10 549 1 1
0 1 551 1 1
0 3 553 1 1
0 8 547 1 1
0 5 544 1 1
0 6 545 1 1
0 1 551 1 1
0 6 551 1 1
0 7 551 1 1
0 4 551 1 1
0 5 551 1 1
0 10 551 1 1
0 11 551 1 1
0 2 551 1 1
0 9 551 1 1
0 3 279 1 1
0 6 282 1 1
0 4 280 1 1
0 7 283 1 1
0 9 285 1 1
0 8 284 1 1
0 10 276 1 1
0 2 278 1 1
0 1 277 1 1
0 3 277 1 1
0 4 277 1 1
0 5 277 1 1
0 8 277 1 1
0 6 277 1 1
0 7 277 1 1
0 10 277 1 1
0 11 277 1 1
0 1 277 1 1
0 9 280 1 1
0 6 283 1 1
0 10 279 1 1
0 1 277 1 1
0 3 278 1 1
0 4 285 1 1
0 5 284 1 1
0 2 276 1 1
0 8 281 1 1
0 2 281 1 1
0 5 284 1 1
0 10 278 1 1
0 3 282 1 1
0 4 283 1 1
0 6 285 1 1
0 7 279 1 1
0 8 276 1 1
0 1 280 1 1
0 3 73 1 1
0 6 76 1 1
0 4 74 1 1
0 7 77 1 1
0 9 79 1 1
0 8 78 1 1
0 10 70 1 1
0 2 72 1 1
0 1 71 1 1
0 3 500 1 1
0 6 503 1 1
0 4 501 1 1
0 7 504 1 1
0 9 506 1 1
0 8 505 1 1
0 10 497 1 1
0 2 499 1 1
0 1 498 1 1
0 3 498 1 1
0 4 498 1 1
0 5 498 1 1
0 8 498 1 1
0 6 498 1 1
0 7 498 1 1
0 10 498 1 1
0 11 498 1 1
0 1 498 1 1
0 9 501 1 1
0 6 504 1 1
0 10 500 1 1
0 1 498 1 1
0 3 499 1 1
0 4 506 1 1
0 5 505 1 1
0 2 497 1 1
0 8 502 1 1
0 2 502 1 1
0 5 505 1 1
0 10 499 1 1
0 3 503 1 1
0 4 504 1 1
0 6 506 1 1
0 7 500 1 1
0 8 497 1 1
0 1 501 1 1
0 10 501 1 1
0 7 501 1 1
0 9 501 1 1
0 8 501 1 1
0 4 501 1 1
0 3 501 1 1
0 2 501 1 1
0 1 501 1 1
0 11 501 1 1
0 2 500 1 1
0 6 502 1 1
0 9 504 1 1
0 10 503 1 1
0 4 498 1 1
0 8 505 1 1
0 5 497 1 1
0 1 501 1 1
0 7 506 1 1
0 7 499 1 1
0 4 503 1 1
0 9 501 1 1
0 10 502 1 1
0 1 504 1 1
0 3 506 1 1
0 8 500 1 1
0 5 497 1 1
0 6 498 1 1
0 3 651 1 1
0 6 654 1 1
0 4 652 1 1
0 7 655 1 1
0 9 657 1 1
0 8 656 1 1
0 10 648 1 1
0 2 650 1 1
0 1 649 1 1
0 3 649 1 1
0 4 649 1 1
0 5 649 1 1
0 8 649 1 1
0 6 649 1 1
0 7 649 1 1
0 10 649 1 1
0 11 649 1 1
0 1 649 1 1
0 9 652 1 1
0 6 655 1 1
0 10 651 1 1
0 1 649 1 1
0 3 650 1 1
0 4 657 1 1
0 5 656 1 1
0 2 648 1 1
0 8 653 1 1
0 2 653 1 1
0 5 656 1 1
0 10 650 1 1
0 3 654 1 1
0 4 655 1 1
0 6 657 1 1
0 7 651 1 1
0 8 648 1 1
0 1 652 1 1
0 10 652 1 1
0 7 652 1 1
0 9 652 1 1
0 8 652 1 1
0 4 652 1 1
0 3 652 1 1
0 2 652 1 1
0 1 652 1 1
0 11 652 1 1
0 2 651 1 1
0 6 653 1 1
0 9 655 1 1
0 10 654 1 1
0 4 649 1 1
0 8 656 1 1
0 5 648 1 1
0 1 652 1 1
0 7 657 1 1
0 7 650 1 1
0 4 654 1 1
0 9 652 1 1
0 10 653 1 1
0 1 655 1 1
0 3 657 1 1
0 8 651 1 1
0 5 648 1 1
0 6 649 1 1
0 1 655 1 1
0 6 655 1 1
0 7 655 1 1
0 4 655 1 1
0 5 655 1 1
0 10 655 1 1
0 11 655 1 1
0 2 655 1 1
0 9 655 1 1
0 6 650 1 1
0 1 655 1 1
0 4 652 1 1
0 9 656 1 1
0 2 654 1 1
0 3 653 1 1
0 7 649 1 1
0 8 648 1 1
0 5 651 1 1
0 3 660 1 1
0 6 663 1 1
0 4 661 1 1
0 7 664 1 1
0 9 666 1 1
0 8 665 1 1
0 10 657 1 1
0 2 659 1 1
0 1 658 1 1
0 3 658 1 1
0 4 658 1 1
0 5 658 1 1
0 8 658 1 1
0 6 658 1 1
0 7 658 1 1
0 10 658 1 1
0 11 658 1 1
0 1 658 1 1
0 9 661 1 1
0 6 664 1 1
0 10 660 1 1
0 1 658 1 1
0 3 659 1 1
0 4 666 1 1
0 5 665 1 1
0 2 657 1 1
0 8 662 1 1
0 2 662 1 1
0 5 665 1 1
0 10 659 1 1
0 3 663 1 1
0 4 664 1 1
0 6 666 1 1
0 7 660 1 1
0 8 657 1 1
0 1 661 1 1
0 10 661 1 1
0 7 661 1 1
0 9 661 1 1
0 8 661 1 1
0 4 661 1 1
0 3 661 1 1
0 2 661 1 1
0 1 661 1 1
0 11 661 1 1
0 2 660 1 1
0 6 662 1 1
0 9 664 1 1
0 10 663 1 1
0 4 658 1 1
0 8 665 1 1
0 5 657 1 1
0 1 661 1 1
0 7 666 1 1
0 7 659 1 1
0 4 663 1 1
0 9 661 1 1
0 10 662 1 1
0 1 664 1 1
0 3 666 1 1
0 8 660 1 1
0 5 657 1 1
0 6 658 1 1
0 1 664 1 1
0 6 664 1 1
0 7 664 1 1
0 4 664 1 1
0 5 664 1 1
0 10 664 1 1
0 11 664 1 1
0 2 664 1 1
0 9 664 1 1
0 6 659 1 1
0 1 664 1 1
0 4 661 1 1
0 9 665 1 1
0 2 663 1 1
0 3 662 1 1
0 7 658 1 1
0 8 657 1 1
0 5 660 1 1
0 3 595 1 1
0 6 598 1 1
0 4 596 1 1
0 7 599 1 1
0 9 601 1 1
0 8 600 1 1
0 10 592 1 1
0 2 594 1 1
0 1 593 1 1
0 3 593 1 1
0 4 593 1 1
0 5 593 1 1
0 8 593 1 1
0 6 593 1 1
0 7 593 1 1
0 10 593 1 1
0 11 593 1 1
0 1 593 1 1
0 9 596 1 1
0 6 599 1 1
0 10 595 1 1
0 1 593 1 1
0 3 594 1 1
0 4 601 1 1
0 5 600 1 1
0 2 592 1 1
0 8 597 1 1
0 2 597 1 1
0 5 600 1 1
0 10 594 1 1
0 3 598 1 1
0 4 599 1 1
0 6 601 1 1
0 7 595 1 1
0 8 592 1 1
0 1 596 1 1
0 10 596 1 1
0 7 596 1 1
0 9 596 1 1
0 8 596 1 1
0 4 596 1 1
0 3 596 1 1
0 2 596 1 1
0 1 596 1 1
0 11 596 1 1
0 2 595 1 1
0 6 597 1 1
0 9 599 1 1
0 10 598 1 1
0 4 593 1 1
0 8 600 1 1
0 5 592 1 1
0 1 596 1 1
0 7 601 1 1
0 7 594 1 1
0 4 598 1 1
0 9 596 1 1
0 10 597 1 1
0 1 599 1 1
0 3 601 1 1
0 8 595 1 1
0 5 592 1 1
0 6 593 1 1
0 1 599 1 1
0 6 599 1 1
0 7 599 1 1
0 4 599 1 1
0 5 599 1 1
0 10 599 1 1
0 11 599 1 1
0 2 599 1 1
0 9 599 1 1
0 3 378 1 1
0 6 381 1 1
0 4 379 1 1
0 7 382 1 1
0 9 384 1 1
0 8 383 1 1
0 10 375 1 1
0 2 377 1 1
0 1 376 1 1
0 3 376 1 1
0 4 376 1 1
0 5 376 1 1
0 8 376 1 1
0 6 376 1 1
0 7 376 1 1
0 10 376 1 1
0 11 376 1 1
0 1 376 1 1
0 9 379 1 1
0 6 382 1 1
0 10 378 1 1
0 1 376 1 1
0 3 377 1 1
0 4 384 1 1
0 5 383 1 1
0 2 375 1 1
0 8 380 1 1
0 2 380 1 1
0 5 383 1 1
0 10 377 1 1
0 3 381 1 1
0 4 382 1 1
0 6 384 1 1
0 7 378 1 1
0 8 375 1 1
0 1 379 1 1
0 10 379 1 1
0 7 379 1 1
0 9 379 1 1
0 8 379 1 1
0 4 379 1 1
0 3 379 1 1
0 2 379 1 1
0 1 379 1 1
0 11 379 1 1
0 3 383 1 1
0 6 386 1 1
0 4 384 1 1
0 7 387 1 1
0 9 389 1 1
0 8 388 1 1
0 10 380 1 1
0 2 382 1 1
0 1 381 1 1
0 3 381 1 1
0 4 381 1 1
0 5 381 1 1
0 8 381 1 1
0 6 381 1 1
0 7 381 1 1
0 10 381 1 1
0 11 381 1 1
0 1 381 1 1
0 9 384 1 1
0 6 387 1 1
0 10 383 1 1
0 1 381 1 1
0 3 382 1 1
0 4 389 1 1
0 5 388 1 1
0 2 380 1 1
0 8 385 1 1
0 2 385 1 1
0 5 388 1 1
0 10 382 1 1
0 3 386 1 1
0 4 387 1 1
0 6 389 1 1
0 7 383 1 1
0 8 380 1 1
0 1 384 1 1
0 10 384 1 1
0 7 384 1 1
0 9 384 1 1
0 8 384 1 1
0 4 384 1 1
0 3 384 1 1
0 2 384 1 1
0 1 384 1 1
0 11 384 1 1
0 3 157 1 1
0 6 160 1 1
0 4 158 1 1
0 7 161 1 1
0 9 163 1 1
0 8 162 1 1
0 10 154 1 1
0 2 156 1 1
0 1 155 1 1
0 3 155 1 1
0 4 155 1 1
0 5 155 1 1
0 8 155 1 1
0 6 155 1 1
0 7 155 1 1
0 10 155 1 1
0 11 155 1 1
0 1 155 1 1
0 3 159 1 1
0 6 162 1 1
0 4 160 1 1
0 7 163 1 1
0 9 165 1 1
0 8 164 1 1
0 10 156 1 1
0 2 158 1 1
0 1 157 1 1
0 3 157 1 1
0 4 157 1 1
0 5 157 1 1
0 8 157 1 1
0 6 157 1 1
0 7 157 1 1
0 10 157 1 1
0 11 157 1 1
0 1 157 1 1
0 3 635 1 1
0 6 638 1 1
0 4 636 1 1
0 7 639 1 1
0 9 641 1 1
0 8 640 1 1
0 10 632 1 1
0 2 634 1 1
0 1 633 1 1
0 3 633 1 1
0 4 633 1 1
0 5 633 1 1
0 8 633 1 1
0 6 633 1 1
0 7 633 1 1
0 10 633 1 1
0 11 633 1 1
0 1 633 1 1
0 9 636 1 1
0 6 639 1 1
0 10 635 1 1
0 1 633 1 1
0 3 634 1 1
0 4 641 1 1
0 5 640 1 1
0 2 632 1 1
0 8 637 1 1
0 2 637 1 1
0 5 640 1 1
0 10 634 1 1
0 3 638 1 1
0 4 639 1 1
0 6 641 1 1
0 7 635 1 1
0 8 632 1 1
0 1 636 1 1
0 10 636 1 1
0 7 636 1 1
0 9 636 1 1
0 8 636 1 1
0 4 636 1 1
0 3 636 1 1
0 2 636 1 1
0 1 636 1 1
0 11 636 1 1
0 2 635 1 1
0 6 637 1 1
0 9 639 1 1
0 10 638 1 1
0 4 633 1 1
0 8 640 1 1
0 5 632 1 1
0 1 636 1 1
0 7 641 1 1
0 7 634 1 1
0 4 638 1 1
0 9 636 1 1
0 10 637 1 1
0 1 639 1 1
0 3 641 1 1
0 8 635 1 1
0 5 632 1 1
0 6 633 1 1
0 1 639 1 1
0 6 639 1 1
0 7 639 1 1
0 4 639 1 1
0 5 639 1 1
0 10 639 1 1
0 11 639 1 1
0 2 639 1 1
0 9 639 1 1
0 3 643 1 1
0 6 646 1 1
0 4 644 1 1
0 7 647 1 1
0 9 649 1 1
0 8 648 1 1
0 10 640 1 1
0 2 642 1 1
0 1 641 1 1
0 3 641 1 1
0 4 641 1 1
0 5 641 1 1
0 8 641 1 1
0 6 641 1 1
0 7 641 1 1
0 10 641 1 1
0 11 641 1 1
0 1 641 1 1
0 9 644 1 1
0 6 647 1 1
0 10 643 1 1
0 1 641 1 1
0 3 642 1 1
0 4 649 1 1
0 5 648 1 1
0 2 640 1 1
0 8 645 1 1
0 2 645 1 1
0 5 648 1 1
0 10 642 1 1
0 3 646 1 1
0 4 647 1 1
0 6 649 1 1
0 7 643 1 1
0 8 640 1 1
0 1 644 1 1
0 10 644 1 1
0 7 644 1 1
0 9 644 1 1
0 8 644 1 1
0 4 644 1 1
0 3 644 1 1
0 2 644 1 1
0 1 644 1 1
0 11 644 1 1
0 2 643 1 1
0 6 645 1 1
0 9 647 1 1
0 10 646 1 1
0 4 641 1 1
0 8 648 1 1
0 5 640 1 1
0 1 644 1 1
0 7 649 1 1
0 7 642 1 1
0 4 646 1 1
0 9 644 1 1
0 10 645 1 1
0 1 647 1 1
0 3 649 1 1
0 8 643 1 1
0 5 640 1 1
0 6 641 1 1
0 1 647 1 1
0 6 647 1 1
0 7 647 1 1
0 4 647 1 1
0 5 647 1 1
0 10 647 1 1
0 11 647 1 1
0 2 647 1 1
0 9 647 1 1
0 3 84 1 1
0 6 87 1 1
0 4 85 1 1
0 7 88 1 1
0 9 90 1 1
0 8 89 1 1
0 10 81 1 1
0 2 83 1 1
0 1 82 1 1
0 3 659 1 1
0 6 662 1 1
0 4 660 1 1
0 7 663 1 1
0 9 665 1 1
0 8 664 1 1
0 10 656 1 1
0 2 658 1 1
0 1 657 1 1
0 3 657 1 1
0 4 657 1 1
0 5 657 1 1
0 8 657 1 1
0 6 657 1 1
0 7 657 1 1
0 10 657 1 1
0 11 657 1 1
0 1 657 1 1
0 9 660 1 1
0 6 663 1 1
0 10 659 1 1
0 1 657 1 1
0 3 658 1 1
0 4 665 1 1
0 5 664 1 1
0 2 656 1 1
0 8 661 1 1
0 2 661 1 1
0 5 664 1 1
0 10 658 1 1
0 3 662 1 1
0 4 663 1 1
0 6 665 1 1
0 7 659 1 1
0 8 656 1 1
0 1 660 1 1
0 10 660 1 1
0 7 660 1 1
0 9 660 1 1
0 8 660 1 1
0 4 660 1 1
0 3 660 1 1
0 2 660 1 1
0 1 660 1 1
0 11 660 1 1
0 2 659 1 1
0 6 661 1 1
0 9 663 1 1
0 10 662 1 1
0 4 657 1 1
0 8 664 1 1
0 5 656 1 1
0 1 660 1 1
0 7 665 1 1
0 7 658 1 1
0 4 662 1 1
0 9 660 1 1
0 10 661 1 1
0 1 663 1 1
0 3 665 1 1
0 8 659 1 1
0 5 656 1 1
0 6 657 1 1
0 1 663 1 1
0 6 663 1 1
0 7 663 1 1
0 4 663 1 1
0 5 663 1 1
0 10 663 1 1
0 11 663 1 1
0 2 663 1 1
0 9 663 1 1
0 3 418 1 1
0 6 421 1 1
0 4 419 1 1
0 7 422 1 1
0 9 424 1 1
0 8 423 1 1
0 10 415 1 1
0 2 417 1 1
0 1 416 1 1
0 3 416 1 1
0 4 416 1 1
0 5 416 1 1
0 8 416 1 1
0 6 416 1 1
0 7 416 1 1
0 10 416 1 1
0 11 416 1 1
0 1 416 1 1
0 9 419 1 1
0 6 422 1 1
0 10 418 1 1
0 1 416 1 1
0 3 417 1 1
0 4 424 1 1
0 5 423 1 1
0 2 415 1 1
0 8 420 1 1
0 2 420 1 1
0 5 423 1 1
0 10 417 1 1
0 3 421 1 1
0 4 422 1 1
0 6 424 1 1
0 7 418 1 1
0 8 415 1 1
0 1 419 1 1
0 10 419 1 1
0 7 419 1 1
0 9 419 1 1
0 8 419 1 1
0 4 419 1 1
0 3 419 1 1
0 2 419 1 1
0 1 419 1 1
0 11 419 1 1
0 3 591 1 1
0 6 594 1 1
0 4 592 1 1
0 7 595 1 1
0 9 597 1 1
0 8 596 1 1
0 10 588 1 1
0 2 590 1 1
0 1 589 1 1
0 3 589 1 1
0 4 589 1 1
0 5 589 1 1
0 8 589 1 1
0 6 589 1 1
0 7 589 1 1
0 10 589 1 1
0 11 589 1 1
0 1 589 1 1
0 9 592 1 1
0 6 595 1 1
0 10 591 1 1
0 1 589 1 1
0 3 590 1 1
0 4 597 1 1
0 5 596 1 1
0 2 588 1 1
0 8 593 1 1
0 2 593 1 1
0 5 596 1 1
0 10 590 1 1
0 3 594 1 1
0 4 595 1 1
0 6 597 1 1
0 7 591 1 1
0 8 588 1 1
0 1 592 1 1
0 10 592 1 1
0 7 592 1 1
0 9 592 1 1
0 8 592 1 1
0 4 592 1 1
0 3 592 1 1
0 2 592 1 1
0 1 592 1 1
0 11 592 1 1
0 2 591 1 1
0 6 593 1 1
0 9 595 1 1
0 10 594 1 1
0 4 589 1 1
0 8 596 1 1
0 5 588 1 1
0 1 592 1 1
0 7 597 1 1
0 7 590 1 1
0 4 594 1 1
0 9 592 1 1
0 10 593 1 1
0 1 595 1 1
0 3 597 1 1
0 8 591 1 1
0 5 588 1 1
0 6 589 1 1
0 3 88 1 1
0 6 91 1 1
0 4 89 1 1
0 7 92 1 1
0 9 94 1 1
0 8 93 1 1
0 10 85 1 1
0 2 87 1 1
0 1 86 1 1
0 3 605 1 1
0 6 608 1 1
0 4 606 1 1
0 7 609 1 1
0 9 611 1 1
0 8 610 1 1
0 10 602 1 1
0 2 604 1 1
0 1 603 1 1
0 3 603 1 1
0 4 603 1 1
0 5 603 1 1
0 8 603 1 1
0 6 603 1 1
0 7 603 1 1
0 10 603 1 1
0 11 603 1 1
0 1 603 1 1
0 9 606 1 1
0 6 609 1 1
0 10 605 1 1
0 1 603 1 1
0 3 604 1 1
0 4 611 1 1
0 5 610 1 1
0 2 602 1 1
0 8 607 1 1
0 2 607 1 1
0 5 610 1 1
0 10 604 1 1
0 3 608 1 1
0 4 609 1 1
0 6 611 1 1
0 7 605 1 1
0 8 602 1 1
0 1 606 1 1
0 10 606 1 1
0 7 606 1 1
0 9 606 1 1
0 8 606 1 1
0 4 606 1 1
0 3 606 1 1
0 2 606 1 1
0 1 606 1 1
0 11 606 1 1
0 2 605 1 1
0 6 607 1 1
0 9 609 1 1
0 10 608 1 1
0 4 603 1 1
0 8 610 1 1
0 5 602 1 1
0 1 606 1 1
0 7 611 1 1
0 7 604 1 1
0 4 608 1 1
0 9 606 1 1
0 10 607 1 1
0 1 609 1 1
0 3 611 1 1
0 8 605 1 1
0 5 602 1 1
0 6 603 1 1
0 3 438 1 1
0 6 441 1 1
0 4 439 1 1
0 7 442 1 1
0 9 444 1 1
0 8 443 1 1
0 10 435 1 1
0 2 437 1 1
0 1 436 1 1
0 3 436 1 1
0 4 436 1 1
0 5 436 1 1
0 8 436 1 1
0 6 436 1 1
0 7 436 1 1
0 10 436 1 1
0 11 436 1 1
0 1 436 1 1
0 9 439 1 1
0 6 442 1 1
0 10 438 1 1
0 1 436 1 1
0 3 437 1 1
0 4 444 1 1
0 5 443 1 1
0 2 435 1 1
0 8 440 1 1
0 2 440 1 1
0 5 443 1 1
0 10 437 1 1
0 3 441 1 1
0 4 442 1 1
0 6 444 1 1
0 7 438 1 1
0 8 435 1 1
0 1 439 1 1
0 10 439 1 1
0 7 439 1 1
0 9 439 1 1
0 8 439 1 1
0 4 439 1 1
0 3 439 1 1
0 2 439 1 1
0 1 439 1 1
0 11 439 1 1
0 3 443 1 1
0 6 446 1 1
0 4 444 1 1
0 7 447 1 1
0 9 449 1 1
0 8 448 1 1
0 10 440 1 1
0 2 442 1 1
0 1 441 1 1
0 3 441 1 1
0 4 441 1 1
0 5 441 1 1
0 8 441 1 1
0 6 441 1 1
0 7 441 1 1
0 10 441 1 1
0 11 441 1 1
0 1 441 1 1
0 9 444 1 1
0 6 447 1 1
0 10 443 1 1
0 1 441 1 1
0 3 442 1 1
0 4 449 1 1
0 5 448 1 1
0 2 440 1 1
0 8 445 1 1
0 2 445 1 1
0 5 448 1 1
0 10 442 1 1
0 3 446 1 1
0 4 447 1 1
0 6 449 1 1
0 7 443 1 1
0 8 440 1 1
0 1 444 1 1
0 10 444 1 1
0 7 444 1 1
0 9 444 1 1
0 8 444 1 1
0 4 444 1 1
0 3 444 1 1
0 2 444 1 1
0 1 444 1 1
0 11 444 1 1
0 3 804 1 1
0 6 807 1 1
0 4 805 1 1
0 7 808 1 1
0 9 810 1 1
0 8 809 1 1
0 10 801 1 1
0 2 803 1 1
0 1 802 1 1
0 3 802 1 1
0 4 802 1 1
0 5 802 1 1
0 8 802 1 1
0 6 802 1 1
0 7 802 1 1
0 10 802 1 1
0 11 802 1 1
0 1 802 1 1
0 9 805 1 1
0 6 808 1 1
0 10 804 1 1
0 1 802 1 1
0 3 803 1 1
0 4 810 1 1
0 5 809 1 1
0 2 801 1 1
0 8 806 1 1
0 2 806 1 1
0 5 809 1 1
0 10 803 1 1
0 3 807 1 1
0 4 808 1 1
0 6 810 1 1
0 7 804 1 1
0 8 801 1 1
0 1 805 1 1
0 10 805 1 1
0 7 805 1 1
0 9 805 1 1
0 8 805 1 1
0 4 805 1 1
0 3 805 1 1
0 2 805 1 1
0 1 805 1 1
0 11 805 1 1
0 2 804 1 1
0 6 806 1 1
0 9 808 1 1
0 10 807 1 1
0 4 802 1 1
0 8 809 1 1
0 5 801 1 1
0 1 805 1 1
0 7 810 1 1
0 7 803 1 1
0 4 807 1 1
0 9 805 1 1
0 10 806 1 1
0 1 808 1 1
0 3 810 1 1
0 8 804 1 1
0 5 801 1 1
0 6 802 1 1
0 1 808 1 1
0 6 808 1 1
0 7 808 1 1
0 4 808 1 1
0 5 808 1 1
0 10 808 1 1
0 11 808 1 1
0 2 808 1 1
0 9 808 1 1
0 6 803 1 1
0 1 808 1 1
0 4 805 1 1
0 9 809 1 1
0 2 807 1 1
0 3 806 1 1
0 7 802 1 1
0 8 801 1 1
0 5 804 1 1
0 3 363 1 1
0 6 366 1 1
0 4 364 1 1
0 7 367 1 1
0 9 369 1 1
0 8 368 1 1
0 10 360 1 1
0 2 362 1 1
0 1 361 1 1
0 3 361 1 1
0 4 361 1 1
0 5 361 1 1
0 8 361 1 1
0 6 361 1 1
0 7 361 1 1
0 10 361 1 1
0 11 361 1 1
0 1 361 1 1
0 9 364 1 1
0 6 367 1 1
0 10 363 1 1
0 1 361 1 1
0 3 362 1 1
0 4 369 1 1
0 5 368 1 1
0 2 360 1 1
0 8 365 1 1
0 2 365 1 1
0 5 368 1 1
0 10 362 1 1
0 3 366 1 1
0 4 367 1 1
0 6 369 1 1
0 7 363 1 1
0 8 360 1 1
0 1 364 1 1
0 3 458 1 1
0 6 461 1 1
0 4 459 1 1
0 7 462 1 1
0 9 464 1 1
0 8 463 1 1
0 10 455 1 1
0 2 457 1 1
0 1 456 1 1
0 3 456 1 1
0 4 456 1 1
0 5 456 1 1
0 8 456 1 1
0 6 456 1 1
0 7 456 1 1
0 10 456 1 1
0 11 456 1 1
0 1 456 1 1
0 9 459 1 1
0 6 462 1 1
0 10 458 1 1
0 1 456 1 1
0 3 457 1 1
0 4 464 1 1
0 5 463 1 1
0 2 455 1 1
0 8 460 1 1
0 2 460 1 1
0 5 463 1 1
0 10 457 1 1
0 3 461 1 1
0 4 462 1 1
0 6 464 1 1
0 7 458 1 1
0 8 455 1 1
0 1 459 1 1
0 10 459 1 1
0 7 459 1 1
0 9 459 1 1
0 8 459 1 1
0 4 459 1 1
0 3 459 1 1
0 2 459 1 1
0 1 459 1 1
0 11 459 1 1
0 3 95 1 1
0 6 98 1 1
0 4 96 1 1
0 7 99 1 1
0 9 101 1 1
0 8 100 1 1
0 10 92 1 1
0 2 94 1 1
0 1 93 1 1
0 3 96 1 1
0 6 99 1 1
0 4 97 1 1
0 7 100 1 1
0 9 102 1 1
0 8 101 1 1
0 10 93 1 1
0 2 95 1 1
0 1 94 1 1
0 3 755 1 1
0 6 758 1 1
0 4 756 1 1
0 7 759 1 1
0 9 761 1 1
0 8 760 1 1
0 10 752 1 1
0 2 754 1 1
0 1 753 1 1
0 3 753 1 1
0 4 753 1 1
0 5 753 1 1
0 8 753 1 1
0 6 753 1 1
0 7 753 1 1
0 10 753 1 1
0 11 753 1 1
0 1 753 1 1
0 9 756 1 1
0 6 759 1 1
0 10 755 1 1
0 1 753 1 1
0 3 754 1 1
0 4 761 1 1
0 5 760 1 1
0 2 752 1 1
0 8 757 1 1
0 2 757 1 1
0 5 760 1 1
0 10 754 1 1
0 3 758 1 1
0 4 759 1 1
0 6 761 1 1
0 7 755 1 1
0 8 752 1 1
0 1 756 1 1
0 10 756 1 1
0 7 756 1 1
0 9 756 1 1
0 8 756 1 1
0 4 756 1 1
0 3 756 1 1
0 2 756 1 1
0 1 756 1 1
0 11 756 1 1
0 2 755 1 1
0 6 757 1 1
0 9 759 1 1
0 10 758 1 1
0 4 753 1 1
0 8 760 1 1
0 5 752 1 1
0 1 756 1 1
0 7 761 1 1
0 7 754 1 1
0 4 758 1 1
0 9 756 1 1
0 10 757 1 1
0 1 759 1 1
0 3 761 1 1
0 8 755 1 1
0 5 752 1 1
0 6 753 1 1
0 1 759 1 1
0 6 759 1 1
0 7 759 1 1
0 4 759 1 1
0 5 759 1 1
0 10 759 1 1
0 11 759 1 1
0 2 759 1 1
0 9 759 1 1
0 3 98 1 1
0 6 101 1 1
0 4 99 1 1
0 7 102 1 1
0 9 104 1 1
0 8 103 1 1
0 10 95 1 1
0 2 97 1 1
0 1 96 1 1
0 3 867 1 1
0 6 870 1 1
0 4 868 1 1
0 7 871 1 1
0 9 873 1 1
0 8 872 1 1
0 10 864 1 1
0 2 866 1 1
0 1 865 1 1
0 3 865 1 1
0 4 865 1 1
0 5 865 1 1
0 8 865 1 1
0 6 865 1 1
0 7 865 1 1
0 10 865 1 1
0 11 865 1 1
0 1 865 1 1
0 9 868 1 1
0 6 871 1 1
0 10 867 1 1
0 1 865 1 1
0 3 866 1 1
0 4 873 1 1
0 5 872 1 1
0 2 864 1 1
0 8 869 1 1
0 2 869 1 1
0 5 872 1 1
0 10 866 1 1
0 3 870 1 1
0 4 871 1 1
0 6 873 1 1
0 7 867 1 1
0 8 864 1 1
0 1 868 1 1
0 10 868 1 1
0 7 868 1 1
0 9 868 1 1
0 8 868 1 1
0 4 868 1 1
0 3 868 1 1
0 2 868 1 1
0 1 868 1 1
0 11 868 1 1
0 2 867 1 1
0 6 869 1 1
0 9 871 1 1
0 10 870 1 1
0 4 865 1 1
0 8 872 1 1
0 5 864 1 1
0 1 868 1 1
0 7 873 1 1
0 7 866 1 1
0 4 870 1 1
0 9 868 1 1
0 10 869 1 1
0 1 871 1 1
0 3 873 1 1
0 8 867 1 1
0 5 864 1 1
0 6 865 1 1
0 1 871 1 1
0 6 871 1 1
0 7 871 1 1
0 4 871 1 1
0 5 871 1 1
0 10 871 1 1
0 11 871 1 1
0 2 871 1 1
0 9 871 1 1
0 6 866 1 1
0 1 871 1 1
0 4 868 1 1
0 9 872 1 1
0 2 870 1 1
0 3 869 1 1
0 7 865 1 1
0 8 864 1 1
0 5 867 1 1
0 3 876 1 1
0 6 879 1 1
0 4 877 1 1
0 7 880 1 1
0 9 882 1 1
0 8 881 1 1
0 10 873 1 1
0 2 875 1 1
0 1 874 1 1
0 3 874 1 1
0 4 874 1 1
0 5 874 1 1
0 8 874 1 1
0 6 874 1 1
0 7 874 1 1
0 10 874 1 1
0 11 874 1 1
0 1 874 1 1
0 9 877 1 1
0 6 880 1 1
0 10 876 1 1
0 1 874 1 1
0 3 875 1 1
0 4 882 1 1
0 5 881 1 1
0 2 873 1 1
0 8 878 1 1
0 2 878 1 1
0 5 881 1 1
0 10 875 1 1
0 3 879 1 1
0 4 880 1 1
0 6 882 1 1
0 7 876 1 1
0 8 873 1 1
0 1 877 1 1
0 10 877 1 1
0 7 877 1 1
0 9 877 1 1
0 8 877 1 1
0 4 877 1 1
0 3 877 1 1
0 2 877 1 1
0 1 877 1 1
0 11 877 1 1
0 2 876 1 1
0 6 878 1 1
0 9 880 1 1
0 10 879 1 1
0 4 874 1 1
0 8 881 1 1
0 5 873 1 1
0 1 877 1 1
0 7 882 1 1
0 7 875 1 1
0 4 879 1 1
0 9 877 1 1
0 10 878 1 1
0 1 880 1 1
0 3 882 1 1
0 8 876 1 1
0 5 873 1 1
0 6 874 1 1
0 1 880 1 1
0 6 880 1 1
0 7 880 1 1
0 4 880 1 1
0 5 880 1 1
0 10 880 1 1
0 11 880 1 1
0 2 880 1 1
0 9 880 1 1
0 6 875 1 1
0 1 880 1 1
0 4 877 1 1
0 9 881 1 1
0 2 879 1 1
0 3 878 1 1
0 7 874 1 1
0 8 873 1 1
0 5 876 1 1
0 3 689 1 1
0 6 692 1 1
0 4 690 1 1
0 7 693 1 1
0 9 695 1 1
0 8 694 1 1
0 10 686 1 1
0 2 688 1 1
0 1 687 1 1
0 3 687 1 1
0 4 687 1 1
0 5 687 1 1
0 8 687 1 1
0 6 687 1 1
0 7 687 1 1
0 10 687 1 1
0 11 687 1 1
0 1 687 1 1
0 9 690 1 1
0 6 693 1 1
0 10 689 1 1
0 1 687 1 1
0 3 688 1 1
0 4 695 1 1
0 5 694 1 1
0 2 686 1 1
0 8 691 1 1
0 2 691 1 1
0 5 694 1 1
0 10 688 1 1
0 3 692 1 1
0 4 693 1 1
0 6 695 1 1
0 7 689 1 1
0 8 686 1 1
0 1 690 1 1
0 10 690 1 1
0 7 690 1 1
0 9 690 1 1
0 8 690 1 1
0 4 690 1 1
0 3 690 1 1
0 2 690 1 1
0 1 690 1 1
0 11 690 1 1
0 2 689 1 1
0 6 691 1 1
0 9 693 1 1
0 10 692 1 1
0 4 687 1 1
0 8 694 1 1
0 5 686 1 1
0 1 690 1 1
0 7 695 1 1
0 7 688 1 1
0 4 692 1 1
0 9 690 1 1
0 10 691 1 1
0 1 693 1 1
0 3 695 1 1
0 8 689 1 1
0 5 686 1 1
0 6 687 1 1
0 3 597 1 1
0 6 600 1 1
0 4 598 1 1
0 7 601 1 1
0 9 603 1 1
0 8 602 1 1
0 10 594 1 1
0 2 596 1 1
0 1 595 1 1
0 3 595 1 1
0 4 595 1 1
0 5 595 1 1
0 8 595 1 1
0 6 595 1 1
0 7 595 1 1
0 10 595 1 1
0 11 595 1 1
0 1 595 1 1
0 9 598 1 1
0 6 601 1 1
0 10 597 1 1
0 1 595 1 1
0 3 596 1 1
0 4 603 1 1
0 5 602 1 1
0 2 594 1 1
0 8 599 1 1
0 2 599 1 1
0 5 602 1 1
0 10 596 1 1
0 3 600 1 1
0 4 601 1 1
0 6 603 1 1
0 7 597 1 1
0 8 594 1 1
0 1 598 1 1
0 10 598 1 1
0 7 598 1 1
0 9 598 1 1
0 8 598 1 1
0 4 598 1 1
0 3 598 1 1
0 2 598 1 1
0 1 598 1 1
0 11 598 1 1
0 2 597 1 1
0 6 599 1 1
0 9 601 1 1
0 10 600 1 1
0 4 595 1 1
0 8 602 1 1
0 5 594 1 1
0 1 598 1 1
0 7 603 1 1
