0 3 3 1 1
0 5 5 1 1
0 10 10 1 1
0 11 11 1 1
0 4 4 1 1
0 7 7 1 1
0 9 9 1 1
0 12 0 1 1
0 8 8 1 1
0 2 2 1 1
0 1 1 1 1
0 3 1 1 1
0 12 1 1 1
0 13 1 1 1
0 4 1 1 1
0 5 1 1 1
0 8 1 1 1
0 6 1 1 1
0 9 1 1 1
0 7 1 1 1
0 10 1 1 1
0 1 1 1 1
0 5 10 1 1
0 9 6 1 1
0 4 11 1 1
0 10 5 1 1
0 12 3 1 1
0 1 1 1 1
0 3 2 1 1
0 7 8 1 1
0 6 9 1 1
0 2 0 1 1
0 11 4 1 1
0 7 10 1 1
0 8 11 1 1
0 2 5 1 1
0 5 8 1 1
0 3 6 1 1
0 4 7 1 1
0 9 3 1 1
0 10 0 1 1
0 12 2 1 1
0 6 9 1 1
0 1 4 1 1
0 10 4 1 1
0 7 4 1 1
0 9 4 1 1
0 6 4 1 1
0 4 4 1 1
0 13 4 1 1
0 12 4 1 1
0 3 4 1 1
0 2 4 1 1
0 1 4 1 1
0 11 4 1 1
0 7 11 1 1
0 2 3 1 1
0 8 10 1 1
0 6 5 1 1
0 12 6 1 1
0 9 9 1 1
0 4 1 1 1
0 10 8 1 1
0 5 0 1 1
0 11 7 1 1
0 1 4 1 1
