0 4 0 1 1
0 1 1 1 1
0 3 3 1 1
0 4 2 1 1
0 1 3 1 1
0 3 5 1 1
0 5 3 1 1
0 1 3 1 1
0 4 3 1 1
0 4 2 1 1
0 1 3 1 1
0 3 5 1 1
0 4 3 1 1
0 1 4 1 1
0 3 6 1 1
0 4 4 1 1
0 1 5 1 1
0 3 7 1 1
0 4 15 1 1
0 1 16 1 1
0 3 18 1 1
0 5 16 1 1
0 1 16 1 1
0 4 16 1 1
0 2 15 1 1
0 3 17 1 1
0 1 16 1 1
0 4 6 1 1
0 1 7 1 1
0 3 9 1 1
0 4 14 1 1
0 1 15 1 1
0 3 17 1 1
0 5 15 1 1
0 1 15 1 1
0 4 15 1 1
0 4 8 1 1
0 1 9 1 1
0 3 11 1 1
0 4 27 1 1
0 1 28 1 1
0 3 30 1 1
0 5 28 1 1
0 1 28 1 1
0 4 28 1 1
0 2 27 1 1
0 3 29 1 1
0 1 28 1 1
0 4 30 1 1
0 1 31 1 1
0 3 33 1 1
0 5 31 1 1
0 1 31 1 1
0 4 31 1 1
0 2 30 1 1
0 3 32 1 1
0 1 31 1 1
0 4 33 1 1
0 1 34 1 1
0 3 36 1 1
0 5 34 1 1
0 1 34 1 1
0 4 34 1 1
0 2 33 1 1
0 3 35 1 1
0 1 34 1 1
0 4 24 1 1
0 1 25 1 1
0 3 27 1 1
0 5 25 1 1
0 1 25 1 1
0 4 25 1 1
0 4 26 1 1
0 1 27 1 1
0 3 29 1 1
0 5 27 1 1
0 1 27 1 1
0 4 27 1 1
0 4 28 1 1
0 1 29 1 1
0 3 31 1 1
0 5 29 1 1
0 1 29 1 1
0 4 29 1 1
0 4 30 1 1
0 1 31 1 1
0 3 33 1 1
0 5 31 1 1
0 1 31 1 1
0 4 31 1 1
0 4 16 1 1
0 1 17 1 1
0 3 19 1 1
0 4 51 1 1
0 1 52 1 1
0 3 54 1 1
0 5 52 1 1
0 1 52 1 1
0 4 52 1 1
0 2 51 1 1
0 3 53 1 1
0 1 52 1 1
0 4 18 1 1
0 1 19 1 1
0 3 21 1 1
0 4 19 1 1
0 1 20 1 1
0 3 22 1 1
0 4 60 1 1
0 1 61 1 1
0 3 63 1 1
0 5 61 1 1
0 1 61 1 1
0 4 61 1 1
0 2 60 1 1
0 3 62 1 1
0 1 61 1 1
0 4 63 1 1
0 1 64 1 1
0 3 66 1 1
0 5 64 1 1
0 1 64 1 1
0 4 64 1 1
0 2 63 1 1
0 3 65 1 1
0 1 64 1 1
0 4 44 1 1
0 1 45 1 1
0 3 47 1 1
0 5 45 1 1
0 1 45 1 1
0 4 45 1 1
0 4 69 1 1
0 1 70 1 1
0 3 72 1 1
0 5 70 1 1
0 1 70 1 1
0 4 70 1 1
0 2 69 1 1
0 3 71 1 1
0 1 70 1 1
0 4 72 1 1
0 1 73 1 1
0 3 75 1 1
0 5 73 1 1
0 1 73 1 1
0 4 73 1 1
0 2 72 1 1
0 3 74 1 1
0 1 73 1 1
0 4 50 1 1
0 1 51 1 1
0 3 53 1 1
0 5 51 1 1
0 1 51 1 1
0 4 51 1 1
0 4 78 1 1
0 1 79 1 1
0 3 81 1 1
0 5 79 1 1
0 1 79 1 1
0 4 79 1 1
0 2 78 1 1
0 3 80 1 1
0 1 79 1 1
0 4 54 1 1
0 1 55 1 1
0 3 57 1 1
0 5 55 1 1
0 1 55 1 1
0 4 55 1 1
0 4 84 1 1
0 1 85 1 1
0 3 87 1 1
0 5 85 1 1
0 1 85 1 1
0 4 85 1 1
0 2 84 1 1
0 3 86 1 1
0 1 85 1 1
0 4 87 1 1
0 1 88 1 1
0 3 90 1 1
0 5 88 1 1
0 1 88 1 1
0 4 88 1 1
0 2 87 1 1
0 3 89 1 1
0 1 88 1 1
0 4 90 1 1
0 1 91 1 1
0 3 93 1 1
0 5 91 1 1
0 1 91 1 1
0 4 91 1 1
0 2 90 1 1
0 3 92 1 1
0 1 91 1 1
0 4 62 1 1
0 1 63 1 1
0 3 65 1 1
0 5 63 1 1
0 1 63 1 1
0 4 63 1 1
0 4 64 1 1
0 1 65 1 1
0 3 67 1 1
0 5 65 1 1
0 1 65 1 1
0 4 65 1 1
0 4 99 1 1
0 1 100 1 1
0 3 102 1 1
0 5 100 1 1
0 1 100 1 1
0 4 100 1 1
0 2 99 1 1
0 3 101 1 1
0 1 100 1 1
0 4 34 1 1
0 1 35 1 1
0 3 37 1 1
0 4 70 1 1
0 1 71 1 1
0 3 73 1 1
0 5 71 1 1
0 1 71 1 1
0 4 71 1 1
0 4 36 1 1
0 1 37 1 1
0 3 39 1 1
0 4 111 1 1
0 1 112 1 1
0 3 114 1 1
0 5 112 1 1
0 1 112 1 1
0 4 112 1 1
0 2 111 1 1
0 3 113 1 1
0 1 112 1 1
0 4 38 1 1
0 1 39 1 1
0 3 41 1 1
0 4 39 1 1
0 1 40 1 1
0 3 42 1 1
0 4 80 1 1
0 1 81 1 1
0 3 83 1 1
0 5 81 1 1
0 1 81 1 1
0 4 81 1 1
0 4 82 1 1
0 1 83 1 1
0 3 85 1 1
0 5 83 1 1
0 1 83 1 1
0 4 83 1 1
0 4 126 1 1
0 1 127 1 1
0 3 129 1 1
0 5 127 1 1
0 1 127 1 1
0 4 127 1 1
0 2 126 1 1
0 3 128 1 1
0 1 127 1 1
0 4 129 1 1
0 1 130 1 1
0 3 132 1 1
0 5 130 1 1
0 1 130 1 1
0 4 130 1 1
0 2 129 1 1
0 3 131 1 1
0 1 130 1 1
0 4 132 1 1
0 1 133 1 1
0 3 135 1 1
0 5 133 1 1
0 1 133 1 1
0 4 133 1 1
0 2 132 1 1
0 3 134 1 1
0 1 133 1 1
0 4 90 1 1
0 1 91 1 1
0 3 93 1 1
0 5 91 1 1
0 1 91 1 1
0 4 91 1 1
0 4 92 1 1
0 1 93 1 1
0 3 95 1 1
0 5 93 1 1
0 1 93 1 1
0 4 93 1 1
0 4 141 1 1
0 1 142 1 1
0 3 144 1 1
0 5 142 1 1
0 1 142 1 1
0 4 142 1 1
0 2 141 1 1
0 3 143 1 1
0 1 142 1 1
0 4 96 1 1
0 1 97 1 1
0 3 99 1 1
0 5 97 1 1
0 1 97 1 1
0 4 97 1 1
0 4 98 1 1
0 1 99 1 1
0 3 101 1 1
0 5 99 1 1
0 1 99 1 1
0 4 99 1 1
0 4 50 1 1
0 1 51 1 1
0 3 53 1 1
0 4 102 1 1
0 1 103 1 1
0 3 105 1 1
0 5 103 1 1
0 1 103 1 1
0 4 103 1 1
0 4 104 1 1
0 1 105 1 1
0 3 107 1 1
0 5 105 1 1
0 1 105 1 1
0 4 105 1 1
0 4 159 1 1
0 1 160 1 1
0 3 162 1 1
0 5 160 1 1
0 1 160 1 1
0 4 160 1 1
0 2 159 1 1
0 3 161 1 1
0 1 160 1 1
0 4 108 1 1
0 1 109 1 1
0 3 111 1 1
0 5 109 1 1
0 1 109 1 1
0 4 109 1 1
0 4 165 1 1
0 1 166 1 1
0 3 168 1 1
0 5 166 1 1
0 1 166 1 1
0 4 166 1 1
0 2 165 1 1
0 3 167 1 1
0 1 166 1 1
0 4 168 1 1
0 1 169 1 1
0 3 171 1 1
0 5 169 1 1
0 1 169 1 1
0 4 169 1 1
0 2 168 1 1
0 3 170 1 1
0 1 169 1 1
0 4 57 1 1
0 1 58 1 1
0 3 60 1 1
0 4 58 1 1
0 1 59 1 1
0 3 61 1 1
0 4 177 1 1
0 1 178 1 1
0 3 180 1 1
0 5 178 1 1
0 1 178 1 1
0 4 178 1 1
0 2 177 1 1
0 3 179 1 1
0 1 178 1 1
0 4 180 1 1
0 1 181 1 1
0 3 183 1 1
0 5 181 1 1
0 1 181 1 1
0 4 181 1 1
0 2 180 1 1
0 3 182 1 1
0 1 181 1 1
0 4 183 1 1
0 1 184 1 1
0 3 186 1 1
0 5 184 1 1
0 1 184 1 1
0 4 184 1 1
0 2 183 1 1
0 3 185 1 1
0 1 184 1 1
0 4 62 1 1
0 1 63 1 1
0 3 65 1 1
0 4 126 1 1
0 1 127 1 1
0 3 129 1 1
0 5 127 1 1
0 1 127 1 1
0 4 127 1 1
0 4 128 1 1
0 1 129 1 1
0 3 131 1 1
0 5 129 1 1
0 1 129 1 1
0 4 129 1 1
0 4 130 1 1
0 1 131 1 1
0 3 133 1 1
0 5 131 1 1
0 1 131 1 1
0 4 131 1 1
0 4 198 1 1
0 1 199 1 1
0 3 201 1 1
0 5 199 1 1
0 1 199 1 1
0 4 199 1 1
0 2 198 1 1
0 3 200 1 1
0 1 199 1 1
0 4 67 1 1
0 1 68 1 1
0 3 70 1 1
0 4 68 1 1
0 1 69 1 1
0 3 71 1 1
0 4 69 1 1
0 1 70 1 1
0 3 72 1 1
0 4 210 1 1
0 1 211 1 1
0 3 213 1 1
0 5 211 1 1
0 1 211 1 1
0 4 211 1 1
0 2 210 1 1
0 3 212 1 1
0 1 211 1 1
0 4 71 1 1
0 1 72 1 1
0 3 74 1 1
0 4 216 1 1
0 1 217 1 1
0 3 219 1 1
0 5 217 1 1
0 1 217 1 1
0 4 217 1 1
0 2 216 1 1
0 3 218 1 1
0 1 217 1 1
0 4 219 1 1
0 1 220 1 1
0 3 222 1 1
0 5 220 1 1
0 1 220 1 1
0 4 220 1 1
0 2 219 1 1
0 3 221 1 1
0 1 220 1 1
0 4 74 1 1
0 1 75 1 1
0 3 77 1 1
0 4 75 1 1
0 1 76 1 1
0 3 78 1 1
0 4 152 1 1
0 1 153 1 1
0 3 155 1 1
0 5 153 1 1
0 1 153 1 1
0 4 153 1 1
0 4 77 1 1
0 1 78 1 1
0 3 80 1 1
0 4 234 1 1
0 1 235 1 1
0 3 237 1 1
0 5 235 1 1
0 1 235 1 1
0 4 235 1 1
0 2 234 1 1
0 3 236 1 1
0 1 235 1 1
0 4 79 1 1
0 1 80 1 1
0 3 82 1 1
0 4 240 1 1
0 1 241 1 1
0 3 243 1 1
0 5 241 1 1
0 1 241 1 1
0 4 241 1 1
0 2 240 1 1
0 3 242 1 1
0 1 241 1 1
0 4 162 1 1
0 1 163 1 1
0 3 165 1 1
0 5 163 1 1
0 1 163 1 1
0 4 163 1 1
0 4 164 1 1
0 1 165 1 1
0 3 167 1 1
0 5 165 1 1
0 1 165 1 1
0 4 165 1 1
0 4 166 1 1
0 1 167 1 1
0 3 169 1 1
0 5 167 1 1
0 1 167 1 1
0 4 167 1 1
0 4 168 1 1
0 1 169 1 1
0 3 171 1 1
0 5 169 1 1
0 1 169 1 1
0 4 169 1 1
0 4 85 1 1
0 1 86 1 1
0 3 88 1 1
0 4 172 1 1
0 1 173 1 1
0 3 175 1 1
0 5 173 1 1
0 1 173 1 1
0 4 173 1 1
0 4 174 1 1
0 1 175 1 1
0 3 177 1 1
0 5 175 1 1
0 1 175 1 1
0 4 175 1 1
0 4 176 1 1
0 1 177 1 1
0 3 179 1 1
0 5 177 1 1
0 1 177 1 1
0 4 177 1 1
0 4 89 1 1
0 1 90 1 1
0 3 92 1 1
0 4 180 1 1
0 1 181 1 1
0 3 183 1 1
0 5 181 1 1
0 1 181 1 1
0 4 181 1 1
0 4 273 1 1
0 1 274 1 1
0 3 276 1 1
0 5 274 1 1
0 1 274 1 1
0 4 274 1 1
0 2 273 1 1
0 3 275 1 1
0 1 274 1 1
0 4 92 1 1
0 1 93 1 1
0 3 95 1 1
0 4 186 1 1
0 1 187 1 1
0 3 189 1 1
0 5 187 1 1
0 1 187 1 1
0 4 187 1 1
0 4 94 1 1
0 1 95 1 1
0 3 97 1 1
0 4 285 1 1
0 1 286 1 1
0 3 288 1 1
0 5 286 1 1
0 1 286 1 1
0 4 286 1 1
0 2 285 1 1
0 3 287 1 1
0 1 286 1 1
0 4 192 1 1
0 1 193 1 1
0 3 195 1 1
0 5 193 1 1
0 1 193 1 1
0 4 193 1 1
0 4 291 1 1
0 1 292 1 1
0 3 294 1 1
0 5 292 1 1
0 1 292 1 1
0 4 292 1 1
0 2 291 1 1
0 3 293 1 1
0 1 292 1 1
0 4 294 1 1
0 1 295 1 1
0 3 297 1 1
0 5 295 1 1
0 1 295 1 1
0 4 295 1 1
0 2 294 1 1
0 3 296 1 1
0 1 295 1 1
0 4 297 1 1
0 1 298 1 1
0 3 300 1 1
0 5 298 1 1
0 1 298 1 1
0 4 298 1 1
0 2 297 1 1
0 3 299 1 1
0 1 298 1 1
