0 3 3 1 1
0 5 5 1 1
0 6 6 1 1
0 4 4 1 1
0 7 7 1 1
0 9 9 1 1
0 12 0 1 1
0 8 8 1 1
0 2 2 1 1
0 1 1 1 1
0 2 1 1 1
0 3 1 1 1
0 4 1 1 1
0 5 1 1 1
0 8 1 1 1
0 6 1 1 1
0 9 1 1 1
0 7 1 1 1
0 10 1 1 1
0 1 1 1 1
0 7 6 1 1
0 9 4 1 1
0 6 7 1 1
0 10 3 1 1
0 11 2 1 1
0 1 1 1 1
0 4 9 1 1
0 5 8 1 1
0 2 0 1 1
0 8 5 1 1
0 12 3 1 1
0 2 5 1 1
0 5 8 1 1
0 10 2 1 1
0 3 6 1 1
0 4 7 1 1
0 9 1 1 1
0 6 9 1 1
0 8 0 1 1
0 1 4 1 1
0 10 4 1 1
0 7 4 1 1
0 9 4 1 1
0 6 4 1 1
0 8 4 1 1
0 5 4 1 1
0 4 4 1 1
0 3 4 1 1
0 2 4 1 1
0 1 4 1 1
0 2 3 1 1
0 11 5 1 1
0 9 7 1 1
0 10 6 1 1
0 4 1 1 1
0 8 8 1 1
0 5 0 1 1
0 3 2 1 1
0 1 4 1 1
0 7 9 1 1
0 7 2 1 1
0 9 4 1 1
0 2 8 1 1
0 10 5 1 1
0 1 7 1 1
0 3 9 1 1
0 8 3 1 1
0 6 1 1 1
0 5 0 1 1
0 12 6 1 1
0 3 7 1 1
0 1 7 1 1
0 6 7 1 1
0 7 7 1 1
0 4 7 1 1
0 5 7 1 1
0 10 7 1 1
0 8 7 1 1
0 2 7 1 1
0 9 7 1 1
0 6 2 1 1
0 1 7 1 1
0 11 8 1 1
0 4 4 1 1
0 10 9 1 1
0 2 6 1 1
0 3 5 1 1
0 7 1 1 1
0 8 0 1 1
0 5 3 1 1
0 3 10 1 1
0 5 12 1 1
0 6 13 1 1
0 4 11 1 1
0 7 14 1 1
0 9 16 1 1
0 12 7 1 1
0 8 15 1 1
0 2 9 1 1
0 1 8 1 1
0 2 8 1 1
0 3 8 1 1
0 4 8 1 1
0 5 8 1 1
0 8 8 1 1
0 6 8 1 1
0 9 8 1 1
0 7 8 1 1
0 10 8 1 1
0 1 8 1 1
0 7 13 1 1
0 9 11 1 1
0 6 14 1 1
0 10 10 1 1
0 11 9 1 1
0 1 8 1 1
0 4 16 1 1
0 5 15 1 1
0 2 7 1 1
0 8 12 1 1
0 12 10 1 1
0 2 12 1 1
0 5 15 1 1
0 10 9 1 1
0 3 13 1 1
0 4 14 1 1
0 9 8 1 1
0 6 16 1 1
0 8 7 1 1
0 1 11 1 1
0 10 11 1 1
0 7 11 1 1
0 9 11 1 1
0 6 11 1 1
0 8 11 1 1
0 5 11 1 1
0 4 11 1 1
0 3 11 1 1
0 2 11 1 1
0 1 11 1 1
0 2 10 1 1
0 11 12 1 1
0 9 14 1 1
0 10 13 1 1
0 4 8 1 1
0 8 15 1 1
0 5 7 1 1
0 3 9 1 1
0 1 11 1 1
0 7 16 1 1
0 7 9 1 1
0 9 11 1 1
0 2 15 1 1
0 10 12 1 1
0 1 14 1 1
0 3 16 1 1
0 8 10 1 1
0 6 8 1 1
0 5 7 1 1
0 12 13 1 1
0 3 21 1 1
0 5 23 1 1
0 6 24 1 1
0 4 22 1 1
0 7 25 1 1
0 9 27 1 1
0 12 18 1 1
0 8 26 1 1
0 2 20 1 1
0 1 19 1 1
0 2 19 1 1
0 3 19 1 1
0 4 19 1 1
0 5 19 1 1
0 8 19 1 1
0 6 19 1 1
0 9 19 1 1
0 7 19 1 1
0 10 19 1 1
0 1 19 1 1
0 7 24 1 1
0 9 22 1 1
0 6 25 1 1
0 10 21 1 1
0 11 20 1 1
0 1 19 1 1
0 4 27 1 1
0 5 26 1 1
0 2 18 1 1
0 8 23 1 1
0 12 21 1 1
0 2 23 1 1
0 5 26 1 1
0 10 20 1 1
0 3 24 1 1
0 4 25 1 1
0 9 19 1 1
0 6 27 1 1
0 8 18 1 1
0 1 22 1 1
0 10 22 1 1
0 7 22 1 1
0 9 22 1 1
0 6 22 1 1
0 8 22 1 1
0 5 22 1 1
0 4 22 1 1
0 3 22 1 1
0 2 22 1 1
0 1 22 1 1
0 2 21 1 1
0 11 23 1 1
0 9 25 1 1
0 10 24 1 1
0 4 19 1 1
0 8 26 1 1
0 5 18 1 1
0 3 20 1 1
0 1 22 1 1
0 7 27 1 1
0 7 20 1 1
0 9 22 1 1
0 2 26 1 1
0 10 23 1 1
0 1 25 1 1
0 3 27 1 1
0 8 21 1 1
0 6 19 1 1
0 5 18 1 1
0 12 24 1 1
0 3 25 1 1
0 1 25 1 1
0 6 25 1 1
0 7 25 1 1
0 4 25 1 1
0 5 25 1 1
0 10 25 1 1
0 8 25 1 1
0 2 25 1 1
0 9 25 1 1
0 6 20 1 1
0 1 25 1 1
0 11 26 1 1
0 4 22 1 1
0 10 27 1 1
0 2 24 1 1
0 3 23 1 1
0 7 19 1 1
0 8 18 1 1
0 5 21 1 1
0 3 6 1 1
0 5 8 1 1
0 6 9 1 1
0 4 7 1 1
0 7 10 1 1
0 9 12 1 1
0 12 3 1 1
0 8 11 1 1
0 2 5 1 1
0 1 4 1 1
0 3 39 1 1
0 5 41 1 1
0 6 42 1 1
0 4 40 1 1
0 7 43 1 1
0 9 45 1 1
0 12 36 1 1
0 8 44 1 1
0 2 38 1 1
0 1 37 1 1
0 2 37 1 1
0 3 37 1 1
0 4 37 1 1
0 5 37 1 1
0 8 37 1 1
0 6 37 1 1
0 9 37 1 1
0 7 37 1 1
0 10 37 1 1
0 1 37 1 1
0 7 42 1 1
0 9 40 1 1
0 6 43 1 1
0 10 39 1 1
0 11 38 1 1
0 1 37 1 1
0 4 45 1 1
0 5 44 1 1
0 2 36 1 1
0 8 41 1 1
0 12 39 1 1
0 2 41 1 1
0 5 44 1 1
0 10 38 1 1
0 3 42 1 1
0 4 43 1 1
0 9 37 1 1
0 6 45 1 1
0 8 36 1 1
0 1 40 1 1
0 10 40 1 1
0 7 40 1 1
0 9 40 1 1
0 6 40 1 1
0 8 40 1 1
0 5 40 1 1
0 4 40 1 1
0 3 40 1 1
0 2 40 1 1
0 1 40 1 1
0 2 39 1 1
0 11 41 1 1
0 9 43 1 1
0 10 42 1 1
0 4 37 1 1
0 8 44 1 1
0 5 36 1 1
0 3 38 1 1
0 1 40 1 1
0 7 45 1 1
0 7 38 1 1
0 9 40 1 1
0 2 44 1 1
0 10 41 1 1
0 1 43 1 1
0 3 45 1 1
0 8 39 1 1
0 6 37 1 1
0 5 36 1 1
0 12 42 1 1
0 3 43 1 1
0 1 43 1 1
0 6 43 1 1
0 7 43 1 1
0 4 43 1 1
0 5 43 1 1
0 10 43 1 1
0 8 43 1 1
0 2 43 1 1
0 9 43 1 1
0 6 38 1 1
0 1 43 1 1
0 11 44 1 1
0 4 40 1 1
0 10 45 1 1
0 2 42 1 1
0 3 41 1 1
0 7 37 1 1
0 8 36 1 1
0 5 39 1 1
0 3 18 1 1
0 5 20 1 1
0 6 21 1 1
0 4 19 1 1
0 7 22 1 1
0 9 24 1 1
0 12 15 1 1
0 8 23 1 1
0 2 17 1 1
0 1 16 1 1
0 2 16 1 1
0 3 16 1 1
0 4 16 1 1
0 5 16 1 1
0 8 16 1 1
0 6 16 1 1
0 9 16 1 1
0 7 16 1 1
0 10 16 1 1
0 1 16 1 1
0 7 21 1 1
0 9 19 1 1
0 6 22 1 1
0 10 18 1 1
0 11 17 1 1
0 1 16 1 1
0 4 24 1 1
0 5 23 1 1
0 2 15 1 1
0 8 20 1 1
0 3 51 1 1
0 5 53 1 1
0 6 54 1 1
0 4 52 1 1
0 7 55 1 1
0 9 57 1 1
0 12 48 1 1
0 8 56 1 1
0 2 50 1 1
0 1 49 1 1
0 2 49 1 1
0 3 49 1 1
0 4 49 1 1
0 5 49 1 1
0 8 49 1 1
0 6 49 1 1
0 9 49 1 1
0 7 49 1 1
0 10 49 1 1
0 1 49 1 1
0 7 54 1 1
0 9 52 1 1
0 6 55 1 1
0 10 51 1 1
0 11 50 1 1
0 1 49 1 1
0 4 57 1 1
0 5 56 1 1
0 2 48 1 1
0 8 53 1 1
0 12 51 1 1
0 2 53 1 1
0 5 56 1 1
0 10 50 1 1
0 3 54 1 1
0 4 55 1 1
0 9 49 1 1
0 6 57 1 1
0 8 48 1 1
0 1 52 1 1
0 10 52 1 1
0 7 52 1 1
0 9 52 1 1
0 6 52 1 1
0 8 52 1 1
0 5 52 1 1
0 4 52 1 1
0 3 52 1 1
0 2 52 1 1
0 1 52 1 1
0 2 51 1 1
0 11 53 1 1
0 9 55 1 1
0 10 54 1 1
0 4 49 1 1
0 8 56 1 1
0 5 48 1 1
0 3 50 1 1
0 1 52 1 1
0 7 57 1 1
0 7 50 1 1
0 9 52 1 1
0 2 56 1 1
0 10 53 1 1
0 1 55 1 1
0 3 57 1 1
0 8 51 1 1
0 6 49 1 1
0 5 48 1 1
0 12 54 1 1
0 3 55 1 1
0 1 55 1 1
0 6 55 1 1
0 7 55 1 1
0 4 55 1 1
0 5 55 1 1
0 10 55 1 1
0 8 55 1 1
0 2 55 1 1
0 9 55 1 1
0 3 45 1 1
0 5 47 1 1
0 6 48 1 1
0 4 46 1 1
0 7 49 1 1
0 9 51 1 1
0 12 42 1 1
0 8 50 1 1
0 2 44 1 1
0 1 43 1 1
0 2 43 1 1
0 3 43 1 1
0 4 43 1 1
0 5 43 1 1
0 8 43 1 1
0 6 43 1 1
0 9 43 1 1
0 7 43 1 1
0 10 43 1 1
0 1 43 1 1
0 7 48 1 1
0 9 46 1 1
0 6 49 1 1
0 10 45 1 1
0 11 44 1 1
0 1 43 1 1
0 4 51 1 1
0 5 50 1 1
0 2 42 1 1
0 8 47 1 1
0 12 45 1 1
0 2 47 1 1
0 5 50 1 1
0 10 44 1 1
0 3 48 1 1
0 4 49 1 1
0 9 43 1 1
0 6 51 1 1
0 8 42 1 1
0 1 46 1 1
0 10 46 1 1
0 7 46 1 1
0 9 46 1 1
0 6 46 1 1
0 8 46 1 1
0 5 46 1 1
0 4 46 1 1
0 3 46 1 1
0 2 46 1 1
0 1 46 1 1
0 2 45 1 1
0 11 47 1 1
0 9 49 1 1
0 10 48 1 1
0 4 43 1 1
0 8 50 1 1
0 5 42 1 1
0 3 44 1 1
0 1 46 1 1
0 7 51 1 1
0 3 19 1 1
0 5 21 1 1
0 6 22 1 1
0 4 20 1 1
0 7 23 1 1
0 9 25 1 1
0 12 16 1 1
0 8 24 1 1
0 2 18 1 1
0 1 17 1 1
0 2 17 1 1
0 3 17 1 1
0 4 17 1 1
0 5 17 1 1
0 8 17 1 1
0 6 17 1 1
0 9 17 1 1
0 7 17 1 1
0 10 17 1 1
0 1 17 1 1
0 3 66 1 1
0 5 68 1 1
0 6 69 1 1
0 4 67 1 1
0 7 70 1 1
0 9 72 1 1
0 12 63 1 1
0 8 71 1 1
0 2 65 1 1
0 1 64 1 1
0 2 64 1 1
0 3 64 1 1
0 4 64 1 1
0 5 64 1 1
0 8 64 1 1
0 6 64 1 1
0 9 64 1 1
0 7 64 1 1
0 10 64 1 1
0 1 64 1 1
0 7 69 1 1
0 9 67 1 1
0 6 70 1 1
0 10 66 1 1
0 11 65 1 1
0 1 64 1 1
0 4 72 1 1
0 5 71 1 1
0 2 63 1 1
0 8 68 1 1
0 12 66 1 1
0 2 68 1 1
0 5 71 1 1
0 10 65 1 1
0 3 69 1 1
0 4 70 1 1
0 9 64 1 1
0 6 72 1 1
0 8 63 1 1
0 1 67 1 1
0 10 67 1 1
0 7 67 1 1
0 9 67 1 1
0 6 67 1 1
0 8 67 1 1
0 5 67 1 1
0 4 67 1 1
0 3 67 1 1
0 2 67 1 1
0 1 67 1 1
0 2 66 1 1
0 11 68 1 1
0 9 70 1 1
0 10 69 1 1
0 4 64 1 1
0 8 71 1 1
0 5 63 1 1
0 3 65 1 1
0 1 67 1 1
0 7 72 1 1
0 7 65 1 1
0 9 67 1 1
0 2 71 1 1
0 10 68 1 1
0 1 70 1 1
0 3 72 1 1
0 8 66 1 1
0 6 64 1 1
0 5 63 1 1
0 12 69 1 1
0 3 93 1 1
0 5 95 1 1
0 6 96 1 1
0 4 94 1 1
0 7 97 1 1
0 9 99 1 1
0 12 90 1 1
0 8 98 1 1
0 2 92 1 1
0 1 91 1 1
0 2 91 1 1
0 3 91 1 1
0 4 91 1 1
0 5 91 1 1
0 8 91 1 1
0 6 91 1 1
0 9 91 1 1
0 7 91 1 1
0 10 91 1 1
0 1 91 1 1
0 7 96 1 1
0 9 94 1 1
0 6 97 1 1
0 10 93 1 1
0 11 92 1 1
0 1 91 1 1
0 4 99 1 1
0 5 98 1 1
0 2 90 1 1
0 8 95 1 1
0 12 93 1 1
0 2 95 1 1
0 5 98 1 1
0 10 92 1 1
0 3 96 1 1
0 4 97 1 1
0 9 91 1 1
0 6 99 1 1
0 8 90 1 1
0 1 94 1 1
0 10 94 1 1
0 7 94 1 1
0 9 94 1 1
0 6 94 1 1
0 8 94 1 1
0 5 94 1 1
0 4 94 1 1
0 3 94 1 1
0 2 94 1 1
0 1 94 1 1
0 2 93 1 1
0 11 95 1 1
0 9 97 1 1
0 10 96 1 1
0 4 91 1 1
0 8 98 1 1
0 5 90 1 1
0 3 92 1 1
0 1 94 1 1
0 7 99 1 1
0 7 92 1 1
0 9 94 1 1
0 2 98 1 1
0 10 95 1 1
0 1 97 1 1
0 3 99 1 1
0 8 93 1 1
0 6 91 1 1
0 5 90 1 1
0 12 96 1 1
0 3 97 1 1
0 1 97 1 1
0 6 97 1 1
0 7 97 1 1
0 4 97 1 1
0 5 97 1 1
0 10 97 1 1
0 8 97 1 1
0 2 97 1 1
0 9 97 1 1
0 6 92 1 1
0 1 97 1 1
0 11 98 1 1
0 4 94 1 1
0 10 99 1 1
0 2 96 1 1
0 3 95 1 1
0 7 91 1 1
0 8 90 1 1
0 5 93 1 1
0 3 102 1 1
0 5 104 1 1
0 6 105 1 1
0 4 103 1 1
0 7 106 1 1
0 9 108 1 1
0 12 99 1 1
0 8 107 1 1
0 2 101 1 1
0 1 100 1 1
0 2 100 1 1
0 3 100 1 1
0 4 100 1 1
0 5 100 1 1
0 8 100 1 1
0 6 100 1 1
0 9 100 1 1
0 7 100 1 1
0 10 100 1 1
0 1 100 1 1
0 7 105 1 1
0 9 103 1 1
0 6 106 1 1
0 10 102 1 1
0 11 101 1 1
0 1 100 1 1
0 4 108 1 1
0 5 107 1 1
0 2 99 1 1
0 8 104 1 1
0 12 102 1 1
0 2 104 1 1
0 5 107 1 1
0 10 101 1 1
0 3 105 1 1
0 4 106 1 1
0 9 100 1 1
0 6 108 1 1
0 8 99 1 1
0 1 103 1 1
0 10 103 1 1
0 7 103 1 1
0 9 103 1 1
0 6 103 1 1
0 8 103 1 1
0 5 103 1 1
0 4 103 1 1
0 3 103 1 1
0 2 103 1 1
0 1 103 1 1
0 2 102 1 1
0 11 104 1 1
0 9 106 1 1
0 10 105 1 1
0 4 100 1 1
0 8 107 1 1
0 5 99 1 1
0 3 101 1 1
0 1 103 1 1
0 7 108 1 1
0 7 101 1 1
0 9 103 1 1
0 2 107 1 1
0 10 104 1 1
0 1 106 1 1
0 3 108 1 1
0 8 102 1 1
0 6 100 1 1
0 5 99 1 1
0 12 105 1 1
0 3 106 1 1
0 1 106 1 1
0 6 106 1 1
0 7 106 1 1
0 4 106 1 1
0 5 106 1 1
0 10 106 1 1
0 8 106 1 1
0 2 106 1 1
0 9 106 1 1
0 6 101 1 1
0 1 106 1 1
0 11 107 1 1
0 4 103 1 1
0 10 108 1 1
0 2 105 1 1
0 3 104 1 1
0 7 100 1 1
0 8 99 1 1
0 5 102 1 1
0 3 87 1 1
0 5 89 1 1
0 6 90 1 1
0 4 88 1 1
0 7 91 1 1
0 9 93 1 1
0 12 84 1 1
0 8 92 1 1
0 2 86 1 1
0 1 85 1 1
0 2 85 1 1
0 3 85 1 1
0 4 85 1 1
0 5 85 1 1
0 8 85 1 1
0 6 85 1 1
0 9 85 1 1
0 7 85 1 1
0 10 85 1 1
0 1 85 1 1
0 7 90 1 1
0 9 88 1 1
0 6 91 1 1
0 10 87 1 1
0 11 86 1 1
0 1 85 1 1
0 4 93 1 1
0 5 92 1 1
0 2 84 1 1
0 8 89 1 1
0 12 87 1 1
0 2 89 1 1
0 5 92 1 1
0 10 86 1 1
0 3 90 1 1
0 4 91 1 1
0 9 85 1 1
0 6 93 1 1
0 8 84 1 1
0 1 88 1 1
0 10 88 1 1
0 7 88 1 1
0 9 88 1 1
0 6 88 1 1
0 8 88 1 1
0 5 88 1 1
0 4 88 1 1
0 3 88 1 1
0 2 88 1 1
0 1 88 1 1
0 2 87 1 1
0 11 89 1 1
0 9 91 1 1
0 10 90 1 1
0 4 85 1 1
0 8 92 1 1
0 5 84 1 1
0 3 86 1 1
0 1 88 1 1
0 7 93 1 1
0 7 86 1 1
0 9 88 1 1
0 2 92 1 1
0 10 89 1 1
0 1 91 1 1
0 3 93 1 1
0 8 87 1 1
0 6 85 1 1
0 5 84 1 1
0 12 90 1 1
0 3 29 1 1
0 5 31 1 1
0 6 32 1 1
0 4 30 1 1
0 7 33 1 1
0 9 35 1 1
0 12 26 1 1
0 8 34 1 1
0 2 28 1 1
0 1 27 1 1
0 2 27 1 1
0 3 27 1 1
0 4 27 1 1
0 5 27 1 1
0 8 27 1 1
0 6 27 1 1
0 9 27 1 1
0 7 27 1 1
0 10 27 1 1
0 1 27 1 1
0 3 115 1 1
0 5 117 1 1
0 6 118 1 1
0 4 116 1 1
0 7 119 1 1
0 9 121 1 1
0 12 112 1 1
0 8 120 1 1
0 2 114 1 1
0 1 113 1 1
0 2 113 1 1
0 3 113 1 1
0 4 113 1 1
0 5 113 1 1
0 8 113 1 1
0 6 113 1 1
0 9 113 1 1
0 7 113 1 1
0 10 113 1 1
0 1 113 1 1
0 7 118 1 1
0 9 116 1 1
0 6 119 1 1
0 10 115 1 1
0 11 114 1 1
0 1 113 1 1
0 4 121 1 1
0 5 120 1 1
0 2 112 1 1
0 8 117 1 1
0 12 115 1 1
0 2 117 1 1
0 5 120 1 1
0 10 114 1 1
0 3 118 1 1
0 4 119 1 1
0 9 113 1 1
0 6 121 1 1
0 8 112 1 1
0 1 116 1 1
0 10 116 1 1
0 7 116 1 1
0 9 116 1 1
0 6 116 1 1
0 8 116 1 1
0 5 116 1 1
0 4 116 1 1
0 3 116 1 1
0 2 116 1 1
0 1 116 1 1
0 2 115 1 1
0 11 117 1 1
0 9 119 1 1
0 10 118 1 1
0 4 113 1 1
0 8 120 1 1
0 5 112 1 1
0 3 114 1 1
0 1 116 1 1
0 7 121 1 1
0 7 114 1 1
0 9 116 1 1
0 2 120 1 1
0 10 117 1 1
0 1 119 1 1
0 3 121 1 1
0 8 115 1 1
0 6 113 1 1
0 5 112 1 1
0 12 118 1 1
0 3 119 1 1
0 1 119 1 1
0 6 119 1 1
0 7 119 1 1
0 4 119 1 1
0 5 119 1 1
0 10 119 1 1
0 8 119 1 1
0 2 119 1 1
0 9 119 1 1
0 3 138 1 1
0 5 140 1 1
0 6 141 1 1
0 4 139 1 1
0 7 142 1 1
0 9 144 1 1
0 12 135 1 1
0 8 143 1 1
0 2 137 1 1
0 1 136 1 1
0 2 136 1 1
0 3 136 1 1
0 4 136 1 1
0 5 136 1 1
0 8 136 1 1
0 6 136 1 1
0 9 136 1 1
0 7 136 1 1
0 10 136 1 1
0 1 136 1 1
0 7 141 1 1
0 9 139 1 1
0 6 142 1 1
0 10 138 1 1
0 11 137 1 1
0 1 136 1 1
0 4 144 1 1
0 5 143 1 1
0 2 135 1 1
0 8 140 1 1
0 12 138 1 1
0 2 140 1 1
0 5 143 1 1
0 10 137 1 1
0 3 141 1 1
0 4 142 1 1
0 9 136 1 1
0 6 144 1 1
0 8 135 1 1
0 1 139 1 1
0 10 139 1 1
0 7 139 1 1
0 9 139 1 1
0 6 139 1 1
0 8 139 1 1
0 5 139 1 1
0 4 139 1 1
0 3 139 1 1
0 2 139 1 1
0 1 139 1 1
0 2 138 1 1
0 11 140 1 1
0 9 142 1 1
0 10 141 1 1
0 4 136 1 1
0 8 143 1 1
0 5 135 1 1
0 3 137 1 1
0 1 139 1 1
0 7 144 1 1
0 7 137 1 1
0 9 139 1 1
0 2 143 1 1
0 10 140 1 1
0 1 142 1 1
0 3 144 1 1
0 8 138 1 1
0 6 136 1 1
0 5 135 1 1
0 12 141 1 1
0 3 142 1 1
0 1 142 1 1
0 6 142 1 1
0 7 142 1 1
0 4 142 1 1
0 5 142 1 1
0 10 142 1 1
0 8 142 1 1
0 2 142 1 1
0 9 142 1 1
0 6 137 1 1
0 1 142 1 1
0 11 143 1 1
0 4 139 1 1
0 10 144 1 1
0 2 141 1 1
0 3 140 1 1
0 7 136 1 1
0 8 135 1 1
0 5 138 1 1
0 3 131 1 1
0 5 133 1 1
0 6 134 1 1
0 4 132 1 1
0 7 135 1 1
0 9 137 1 1
0 12 128 1 1
0 8 136 1 1
0 2 130 1 1
0 1 129 1 1
0 2 129 1 1
0 3 129 1 1
0 4 129 1 1
0 5 129 1 1
0 8 129 1 1
0 6 129 1 1
0 9 129 1 1
0 7 129 1 1
0 10 129 1 1
0 1 129 1 1
0 7 134 1 1
0 9 132 1 1
0 6 135 1 1
0 10 131 1 1
0 11 130 1 1
0 1 129 1 1
0 4 137 1 1
0 5 136 1 1
0 2 128 1 1
0 8 133 1 1
0 12 131 1 1
0 2 133 1 1
0 5 136 1 1
0 10 130 1 1
0 3 134 1 1
0 4 135 1 1
0 9 129 1 1
0 6 137 1 1
0 8 128 1 1
0 1 132 1 1
0 10 132 1 1
0 7 132 1 1
0 9 132 1 1
0 6 132 1 1
0 8 132 1 1
0 5 132 1 1
0 4 132 1 1
0 3 132 1 1
0 2 132 1 1
0 1 132 1 1
0 2 131 1 1
0 11 133 1 1
0 9 135 1 1
0 10 134 1 1
0 4 129 1 1
0 8 136 1 1
0 5 128 1 1
0 3 130 1 1
0 1 132 1 1
0 7 137 1 1
0 7 130 1 1
0 9 132 1 1
0 2 136 1 1
0 10 133 1 1
0 1 135 1 1
0 3 137 1 1
0 8 131 1 1
0 6 129 1 1
0 5 128 1 1
0 12 134 1 1
0 3 135 1 1
0 1 135 1 1
0 6 135 1 1
0 7 135 1 1
0 4 135 1 1
0 5 135 1 1
0 10 135 1 1
0 8 135 1 1
0 2 135 1 1
0 9 135 1 1
0 3 122 1 1
0 5 124 1 1
0 6 125 1 1
0 4 123 1 1
0 7 126 1 1
0 9 128 1 1
0 12 119 1 1
0 8 127 1 1
0 2 121 1 1
0 1 120 1 1
0 2 120 1 1
0 3 120 1 1
0 4 120 1 1
0 5 120 1 1
0 8 120 1 1
0 6 120 1 1
0 9 120 1 1
0 7 120 1 1
0 10 120 1 1
0 1 120 1 1
0 7 125 1 1
0 9 123 1 1
0 6 126 1 1
0 10 122 1 1
0 11 121 1 1
0 1 120 1 1
0 4 128 1 1
0 5 127 1 1
0 2 119 1 1
0 8 124 1 1
0 12 122 1 1
0 2 124 1 1
0 5 127 1 1
0 10 121 1 1
0 3 125 1 1
0 4 126 1 1
0 9 120 1 1
0 6 128 1 1
0 8 119 1 1
0 1 123 1 1
0 10 123 1 1
0 7 123 1 1
0 9 123 1 1
0 6 123 1 1
0 8 123 1 1
0 5 123 1 1
0 4 123 1 1
0 3 123 1 1
0 2 123 1 1
0 1 123 1 1
0 2 122 1 1
0 11 124 1 1
0 9 126 1 1
0 10 125 1 1
0 4 120 1 1
0 8 127 1 1
0 5 119 1 1
0 3 121 1 1
0 1 123 1 1
0 7 128 1 1
0 7 121 1 1
0 9 123 1 1
0 2 127 1 1
0 10 124 1 1
0 1 126 1 1
0 3 128 1 1
0 8 122 1 1
0 6 120 1 1
0 5 119 1 1
0 12 125 1 1
0 3 21 1 1
0 5 23 1 1
0 6 24 1 1
0 4 22 1 1
0 7 25 1 1
0 9 27 1 1
0 12 18 1 1
0 8 26 1 1
0 2 20 1 1
0 1 19 1 1
0 3 41 1 1
0 5 43 1 1
0 6 44 1 1
0 4 42 1 1
0 7 45 1 1
0 9 47 1 1
0 12 38 1 1
0 8 46 1 1
0 2 40 1 1
0 1 39 1 1
0 2 39 1 1
0 3 39 1 1
0 4 39 1 1
0 5 39 1 1
0 8 39 1 1
0 6 39 1 1
0 9 39 1 1
0 7 39 1 1
0 10 39 1 1
0 1 39 1 1
0 3 143 1 1
0 5 145 1 1
0 6 146 1 1
0 4 144 1 1
0 7 147 1 1
0 9 149 1 1
0 12 140 1 1
0 8 148 1 1
0 2 142 1 1
0 1 141 1 1
0 2 141 1 1
0 3 141 1 1
0 4 141 1 1
0 5 141 1 1
0 8 141 1 1
0 6 141 1 1
0 9 141 1 1
0 7 141 1 1
0 10 141 1 1
0 1 141 1 1
0 7 146 1 1
0 9 144 1 1
0 6 147 1 1
0 10 143 1 1
0 11 142 1 1
0 1 141 1 1
0 4 149 1 1
0 5 148 1 1
0 2 140 1 1
0 8 145 1 1
0 12 143 1 1
0 2 145 1 1
0 5 148 1 1
0 10 142 1 1
0 3 146 1 1
0 4 147 1 1
0 9 141 1 1
0 6 149 1 1
0 8 140 1 1
0 1 144 1 1
0 10 144 1 1
0 7 144 1 1
0 9 144 1 1
0 6 144 1 1
0 8 144 1 1
0 5 144 1 1
0 4 144 1 1
0 3 144 1 1
0 2 144 1 1
0 1 144 1 1
0 2 143 1 1
0 11 145 1 1
0 9 147 1 1
0 10 146 1 1
0 4 141 1 1
0 8 148 1 1
0 5 140 1 1
0 3 142 1 1
0 1 144 1 1
0 7 149 1 1
0 7 142 1 1
0 9 144 1 1
0 2 148 1 1
0 10 145 1 1
0 1 147 1 1
0 3 149 1 1
0 8 143 1 1
0 6 141 1 1
0 5 140 1 1
0 12 146 1 1
0 3 108 1 1
0 5 110 1 1
0 6 111 1 1
0 4 109 1 1
0 7 112 1 1
0 9 114 1 1
0 12 105 1 1
0 8 113 1 1
0 2 107 1 1
0 1 106 1 1
0 2 106 1 1
0 3 106 1 1
0 4 106 1 1
0 5 106 1 1
0 8 106 1 1
0 6 106 1 1
0 9 106 1 1
0 7 106 1 1
0 10 106 1 1
0 1 106 1 1
0 7 111 1 1
0 9 109 1 1
0 6 112 1 1
0 10 108 1 1
0 11 107 1 1
0 1 106 1 1
0 4 114 1 1
0 5 113 1 1
0 2 105 1 1
0 8 110 1 1
0 12 108 1 1
0 2 110 1 1
0 5 113 1 1
0 10 107 1 1
0 3 111 1 1
0 4 112 1 1
0 9 106 1 1
0 6 114 1 1
0 8 105 1 1
0 1 109 1 1
0 10 109 1 1
0 7 109 1 1
0 9 109 1 1
0 6 109 1 1
0 8 109 1 1
0 5 109 1 1
0 4 109 1 1
0 3 109 1 1
0 2 109 1 1
0 1 109 1 1
0 3 135 1 1
0 5 137 1 1
0 6 138 1 1
0 4 136 1 1
0 7 139 1 1
0 9 141 1 1
0 12 132 1 1
0 8 140 1 1
0 2 134 1 1
0 1 133 1 1
0 2 133 1 1
0 3 133 1 1
0 4 133 1 1
0 5 133 1 1
0 8 133 1 1
0 6 133 1 1
0 9 133 1 1
0 7 133 1 1
0 10 133 1 1
0 1 133 1 1
0 7 138 1 1
0 9 136 1 1
0 6 139 1 1
0 10 135 1 1
0 11 134 1 1
0 1 133 1 1
0 4 141 1 1
0 5 140 1 1
0 2 132 1 1
0 8 137 1 1
0 12 135 1 1
0 2 137 1 1
0 5 140 1 1
0 10 134 1 1
0 3 138 1 1
0 4 139 1 1
0 9 133 1 1
0 6 141 1 1
0 8 132 1 1
0 1 136 1 1
0 10 136 1 1
0 7 136 1 1
0 9 136 1 1
0 6 136 1 1
0 8 136 1 1
0 5 136 1 1
0 4 136 1 1
0 3 136 1 1
0 2 136 1 1
0 1 136 1 1
0 2 135 1 1
0 11 137 1 1
0 9 139 1 1
0 10 138 1 1
0 4 133 1 1
0 8 140 1 1
0 5 132 1 1
0 3 134 1 1
0 1 136 1 1
0 7 141 1 1
0 3 26 1 1
0 5 28 1 1
0 6 29 1 1
0 4 27 1 1
0 7 30 1 1
0 9 32 1 1
0 12 23 1 1
0 8 31 1 1
0 2 25 1 1
0 1 24 1 1
0 3 195 1 1
0 5 197 1 1
0 6 198 1 1
0 4 196 1 1
0 7 199 1 1
0 9 201 1 1
0 12 192 1 1
0 8 200 1 1
0 2 194 1 1
0 1 193 1 1
0 2 193 1 1
0 3 193 1 1
0 4 193 1 1
0 5 193 1 1
0 8 193 1 1
0 6 193 1 1
0 9 193 1 1
0 7 193 1 1
0 10 193 1 1
0 1 193 1 1
0 7 198 1 1
0 9 196 1 1
0 6 199 1 1
0 10 195 1 1
0 11 194 1 1
0 1 193 1 1
0 4 201 1 1
0 5 200 1 1
0 2 192 1 1
0 8 197 1 1
0 12 195 1 1
0 2 197 1 1
0 5 200 1 1
0 10 194 1 1
0 3 198 1 1
0 4 199 1 1
0 9 193 1 1
0 6 201 1 1
0 8 192 1 1
0 1 196 1 1
0 10 196 1 1
0 7 196 1 1
0 9 196 1 1
0 6 196 1 1
0 8 196 1 1
0 5 196 1 1
0 4 196 1 1
0 3 196 1 1
0 2 196 1 1
0 1 196 1 1
0 2 195 1 1
0 11 197 1 1
0 9 199 1 1
0 10 198 1 1
0 4 193 1 1
0 8 200 1 1
0 5 192 1 1
0 3 194 1 1
0 1 196 1 1
0 7 201 1 1
0 7 194 1 1
0 9 196 1 1
0 2 200 1 1
0 10 197 1 1
0 1 199 1 1
0 3 201 1 1
0 8 195 1 1
0 6 193 1 1
0 5 192 1 1
0 12 198 1 1
0 3 199 1 1
0 1 199 1 1
0 6 199 1 1
0 7 199 1 1
0 4 199 1 1
0 5 199 1 1
0 10 199 1 1
0 8 199 1 1
0 2 199 1 1
0 9 199 1 1
0 3 78 1 1
0 5 80 1 1
0 6 81 1 1
0 4 79 1 1
0 7 82 1 1
0 9 84 1 1
0 12 75 1 1
0 8 83 1 1
0 2 77 1 1
0 1 76 1 1
0 2 76 1 1
0 3 76 1 1
0 4 76 1 1
0 5 76 1 1
0 8 76 1 1
0 6 76 1 1
0 9 76 1 1
0 7 76 1 1
0 10 76 1 1
0 1 76 1 1
0 7 81 1 1
0 9 79 1 1
0 6 82 1 1
0 10 78 1 1
0 11 77 1 1
0 1 76 1 1
0 4 84 1 1
0 5 83 1 1
0 2 75 1 1
0 8 80 1 1
0 3 55 1 1
0 5 57 1 1
0 6 58 1 1
0 4 56 1 1
0 7 59 1 1
0 9 61 1 1
0 12 52 1 1
0 8 60 1 1
0 2 54 1 1
0 1 53 1 1
0 2 53 1 1
0 3 53 1 1
0 4 53 1 1
0 5 53 1 1
0 8 53 1 1
0 6 53 1 1
0 9 53 1 1
0 7 53 1 1
0 10 53 1 1
0 1 53 1 1
0 3 138 1 1
0 5 140 1 1
0 6 141 1 1
0 4 139 1 1
0 7 142 1 1
0 9 144 1 1
0 12 135 1 1
0 8 143 1 1
0 2 137 1 1
0 1 136 1 1
0 2 136 1 1
0 3 136 1 1
0 4 136 1 1
0 5 136 1 1
0 8 136 1 1
0 6 136 1 1
0 9 136 1 1
0 7 136 1 1
0 10 136 1 1
0 1 136 1 1
0 7 141 1 1
0 9 139 1 1
0 6 142 1 1
0 10 138 1 1
0 11 137 1 1
0 1 136 1 1
0 4 144 1 1
0 5 143 1 1
0 2 135 1 1
0 8 140 1 1
0 12 138 1 1
0 2 140 1 1
0 5 143 1 1
0 10 137 1 1
0 3 141 1 1
0 4 142 1 1
0 9 136 1 1
0 6 144 1 1
0 8 135 1 1
0 1 139 1 1
0 10 139 1 1
0 7 139 1 1
0 9 139 1 1
0 6 139 1 1
0 8 139 1 1
0 5 139 1 1
0 4 139 1 1
0 3 139 1 1
0 2 139 1 1
0 1 139 1 1
0 3 171 1 1
0 5 173 1 1
0 6 174 1 1
0 4 172 1 1
0 7 175 1 1
0 9 177 1 1
0 12 168 1 1
0 8 176 1 1
0 2 170 1 1
0 1 169 1 1
0 2 169 1 1
0 3 169 1 1
0 4 169 1 1
0 5 169 1 1
0 8 169 1 1
0 6 169 1 1
0 9 169 1 1
0 7 169 1 1
0 10 169 1 1
0 1 169 1 1
0 7 174 1 1
0 9 172 1 1
0 6 175 1 1
0 10 171 1 1
0 11 170 1 1
0 1 169 1 1
0 4 177 1 1
0 5 176 1 1
0 2 168 1 1
0 8 173 1 1
0 12 171 1 1
0 2 173 1 1
0 5 176 1 1
0 10 170 1 1
0 3 174 1 1
0 4 175 1 1
0 9 169 1 1
0 6 177 1 1
0 8 168 1 1
0 1 172 1 1
0 10 172 1 1
0 7 172 1 1
0 9 172 1 1
0 6 172 1 1
0 8 172 1 1
0 5 172 1 1
0 4 172 1 1
0 3 172 1 1
0 2 172 1 1
0 1 172 1 1
0 2 171 1 1
0 11 173 1 1
0 9 175 1 1
0 10 174 1 1
0 4 169 1 1
0 8 176 1 1
0 5 168 1 1
0 3 170 1 1
0 1 172 1 1
0 7 177 1 1
0 3 61 1 1
0 5 63 1 1
0 6 64 1 1
0 4 62 1 1
0 7 65 1 1
0 9 67 1 1
0 12 58 1 1
0 8 66 1 1
0 2 60 1 1
0 1 59 1 1
0 2 59 1 1
0 3 59 1 1
0 4 59 1 1
0 5 59 1 1
0 8 59 1 1
0 6 59 1 1
0 9 59 1 1
0 7 59 1 1
0 10 59 1 1
0 1 59 1 1
0 3 183 1 1
0 5 185 1 1
0 6 186 1 1
0 4 184 1 1
0 7 187 1 1
0 9 189 1 1
0 12 180 1 1
0 8 188 1 1
0 2 182 1 1
0 1 181 1 1
0 2 181 1 1
0 3 181 1 1
0 4 181 1 1
0 5 181 1 1
0 8 181 1 1
0 6 181 1 1
0 9 181 1 1
0 7 181 1 1
0 10 181 1 1
0 1 181 1 1
0 7 186 1 1
0 9 184 1 1
0 6 187 1 1
0 10 183 1 1
0 11 182 1 1
0 1 181 1 1
0 4 189 1 1
0 5 188 1 1
0 2 180 1 1
0 8 185 1 1
0 12 183 1 1
0 2 185 1 1
0 5 188 1 1
0 10 182 1 1
0 3 186 1 1
0 4 187 1 1
0 9 181 1 1
0 6 189 1 1
0 8 180 1 1
0 1 184 1 1
0 10 184 1 1
0 7 184 1 1
0 9 184 1 1
0 6 184 1 1
0 8 184 1 1
0 5 184 1 1
0 4 184 1 1
0 3 184 1 1
0 2 184 1 1
0 1 184 1 1
0 2 183 1 1
0 11 185 1 1
0 9 187 1 1
0 10 186 1 1
0 4 181 1 1
0 8 188 1 1
0 5 180 1 1
0 3 182 1 1
0 1 184 1 1
0 7 189 1 1
0 3 96 1 1
0 5 98 1 1
0 6 99 1 1
0 4 97 1 1
0 7 100 1 1
0 9 102 1 1
0 12 93 1 1
0 8 101 1 1
0 2 95 1 1
0 1 94 1 1
0 2 94 1 1
0 3 94 1 1
0 4 94 1 1
0 5 94 1 1
0 8 94 1 1
0 6 94 1 1
0 9 94 1 1
0 7 94 1 1
0 10 94 1 1
0 1 94 1 1
0 7 99 1 1
0 9 97 1 1
0 6 100 1 1
0 10 96 1 1
0 11 95 1 1
0 1 94 1 1
0 4 102 1 1
0 5 101 1 1
0 2 93 1 1
0 8 98 1 1
0 3 131 1 1
0 5 133 1 1
0 6 134 1 1
0 4 132 1 1
0 7 135 1 1
0 9 137 1 1
0 12 128 1 1
0 8 136 1 1
0 2 130 1 1
0 1 129 1 1
0 2 129 1 1
0 3 129 1 1
0 4 129 1 1
0 5 129 1 1
0 8 129 1 1
0 6 129 1 1
0 9 129 1 1
0 7 129 1 1
0 10 129 1 1
0 1 129 1 1
0 7 134 1 1
0 9 132 1 1
0 6 135 1 1
0 10 131 1 1
0 11 130 1 1
0 1 129 1 1
0 4 137 1 1
0 5 136 1 1
0 2 128 1 1
0 8 133 1 1
0 12 131 1 1
0 2 133 1 1
0 5 136 1 1
0 10 130 1 1
0 3 134 1 1
0 4 135 1 1
0 9 129 1 1
0 6 137 1 1
0 8 128 1 1
0 1 132 1 1
0 3 102 1 1
0 5 104 1 1
0 6 105 1 1
0 4 103 1 1
0 7 106 1 1
0 9 108 1 1
0 12 99 1 1
0 8 107 1 1
0 2 101 1 1
0 1 100 1 1
0 2 100 1 1
0 3 100 1 1
0 4 100 1 1
0 5 100 1 1
0 8 100 1 1
0 6 100 1 1
0 9 100 1 1
0 7 100 1 1
0 10 100 1 1
0 1 100 1 1
0 7 105 1 1
0 9 103 1 1
0 6 106 1 1
0 10 102 1 1
0 11 101 1 1
0 1 100 1 1
0 4 108 1 1
0 5 107 1 1
0 2 99 1 1
0 8 104 1 1
0 3 241 1 1
0 5 243 1 1
0 6 244 1 1
0 4 242 1 1
0 7 245 1 1
0 9 247 1 1
0 12 238 1 1
0 8 246 1 1
0 2 240 1 1
0 1 239 1 1
0 2 239 1 1
0 3 239 1 1
0 4 239 1 1
0 5 239 1 1
0 8 239 1 1
0 6 239 1 1
0 9 239 1 1
0 7 239 1 1
0 10 239 1 1
0 1 239 1 1
0 7 244 1 1
0 9 242 1 1
0 6 245 1 1
0 10 241 1 1
0 11 240 1 1
0 1 239 1 1
0 4 247 1 1
0 5 246 1 1
0 2 238 1 1
0 8 243 1 1
0 12 241 1 1
0 2 243 1 1
0 5 246 1 1
0 10 240 1 1
0 3 244 1 1
0 4 245 1 1
0 9 239 1 1
0 6 247 1 1
0 8 238 1 1
0 1 242 1 1
0 10 242 1 1
0 7 242 1 1
0 9 242 1 1
0 6 242 1 1
0 8 242 1 1
0 5 242 1 1
0 4 242 1 1
0 3 242 1 1
0 2 242 1 1
0 1 242 1 1
0 2 241 1 1
0 11 243 1 1
0 9 245 1 1
0 10 244 1 1
0 4 239 1 1
0 8 246 1 1
0 5 238 1 1
0 3 240 1 1
0 1 242 1 1
0 7 247 1 1
0 7 240 1 1
0 9 242 1 1
0 2 246 1 1
0 10 243 1 1
0 1 245 1 1
0 3 247 1 1
0 8 241 1 1
0 6 239 1 1
0 5 238 1 1
0 12 244 1 1
0 3 143 1 1
0 5 145 1 1
0 6 146 1 1
0 4 144 1 1
0 7 147 1 1
0 9 149 1 1
0 12 140 1 1
0 8 148 1 1
0 2 142 1 1
0 1 141 1 1
0 2 141 1 1
0 3 141 1 1
0 4 141 1 1
0 5 141 1 1
0 8 141 1 1
0 6 141 1 1
0 9 141 1 1
0 7 141 1 1
0 10 141 1 1
0 1 141 1 1
0 7 146 1 1
0 9 144 1 1
0 6 147 1 1
0 10 143 1 1
0 11 142 1 1
0 1 141 1 1
0 4 149 1 1
0 5 148 1 1
0 2 140 1 1
0 8 145 1 1
0 12 143 1 1
0 2 145 1 1
0 5 148 1 1
0 10 142 1 1
0 3 146 1 1
0 4 147 1 1
0 9 141 1 1
0 6 149 1 1
0 8 140 1 1
0 1 144 1 1
0 3 291 1 1
0 5 293 1 1
0 6 294 1 1
0 4 292 1 1
0 7 295 1 1
0 9 297 1 1
0 12 288 1 1
0 8 296 1 1
0 2 290 1 1
0 1 289 1 1
0 2 289 1 1
0 3 289 1 1
0 4 289 1 1
0 5 289 1 1
0 8 289 1 1
0 6 289 1 1
0 9 289 1 1
0 7 289 1 1
0 10 289 1 1
0 1 289 1 1
0 7 294 1 1
0 9 292 1 1
0 6 295 1 1
0 10 291 1 1
0 11 290 1 1
0 1 289 1 1
0 4 297 1 1
0 5 296 1 1
0 2 288 1 1
0 8 293 1 1
0 12 291 1 1
0 2 293 1 1
0 5 296 1 1
0 10 290 1 1
0 3 294 1 1
0 4 295 1 1
0 9 289 1 1
0 6 297 1 1
0 8 288 1 1
0 1 292 1 1
0 10 292 1 1
0 7 292 1 1
0 9 292 1 1
0 6 292 1 1
0 8 292 1 1
0 5 292 1 1
0 4 292 1 1
0 3 292 1 1
0 2 292 1 1
0 1 292 1 1
0 2 291 1 1
0 11 293 1 1
0 9 295 1 1
0 10 294 1 1
0 4 289 1 1
0 8 296 1 1
0 5 288 1 1
0 3 290 1 1
0 1 292 1 1
0 7 297 1 1
0 7 290 1 1
0 9 292 1 1
0 2 296 1 1
0 10 293 1 1
0 1 295 1 1
0 3 297 1 1
0 8 291 1 1
0 6 289 1 1
0 5 288 1 1
0 12 294 1 1
0 3 295 1 1
0 1 295 1 1
0 6 295 1 1
0 7 295 1 1
0 4 295 1 1
0 5 295 1 1
0 10 295 1 1
0 8 295 1 1
0 2 295 1 1
0 9 295 1 1
0 3 225 1 1
0 5 227 1 1
0 6 228 1 1
0 4 226 1 1
0 7 229 1 1
0 9 231 1 1
0 12 222 1 1
0 8 230 1 1
0 2 224 1 1
0 1 223 1 1
0 2 223 1 1
0 3 223 1 1
0 4 223 1 1
0 5 223 1 1
0 8 223 1 1
0 6 223 1 1
0 9 223 1 1
0 7 223 1 1
0 10 223 1 1
0 1 223 1 1
0 7 228 1 1
0 9 226 1 1
0 6 229 1 1
0 10 225 1 1
0 11 224 1 1
0 1 223 1 1
0 4 231 1 1
0 5 230 1 1
0 2 222 1 1
0 8 227 1 1
0 12 225 1 1
0 2 227 1 1
0 5 230 1 1
0 10 224 1 1
0 3 228 1 1
0 4 229 1 1
0 9 223 1 1
0 6 231 1 1
0 8 222 1 1
0 1 226 1 1
0 10 226 1 1
0 7 226 1 1
0 9 226 1 1
0 6 226 1 1
0 8 226 1 1
0 5 226 1 1
0 4 226 1 1
0 3 226 1 1
0 2 226 1 1
0 1 226 1 1
0 2 225 1 1
0 11 227 1 1
0 9 229 1 1
0 10 228 1 1
0 4 223 1 1
0 8 230 1 1
0 5 222 1 1
0 3 224 1 1
0 1 226 1 1
0 7 231 1 1
0 3 307 1 1
0 5 309 1 1
0 6 310 1 1
0 4 308 1 1
0 7 311 1 1
0 9 313 1 1
0 12 304 1 1
0 8 312 1 1
0 2 306 1 1
0 1 305 1 1
0 2 305 1 1
0 3 305 1 1
0 4 305 1 1
0 5 305 1 1
0 8 305 1 1
0 6 305 1 1
0 9 305 1 1
0 7 305 1 1
0 10 305 1 1
0 1 305 1 1
0 7 310 1 1
0 9 308 1 1
0 6 311 1 1
0 10 307 1 1
0 11 306 1 1
0 1 305 1 1
0 4 313 1 1
0 5 312 1 1
0 2 304 1 1
0 8 309 1 1
0 12 307 1 1
0 2 309 1 1
0 5 312 1 1
0 10 306 1 1
0 3 310 1 1
0 4 311 1 1
0 9 305 1 1
0 6 313 1 1
0 8 304 1 1
0 1 308 1 1
0 10 308 1 1
0 7 308 1 1
0 9 308 1 1
0 6 308 1 1
0 8 308 1 1
0 5 308 1 1
0 4 308 1 1
0 3 308 1 1
0 2 308 1 1
0 1 308 1 1
0 2 307 1 1
0 11 309 1 1
0 9 311 1 1
0 10 310 1 1
0 4 305 1 1
0 8 312 1 1
0 5 304 1 1
0 3 306 1 1
0 1 308 1 1
0 7 313 1 1
0 7 306 1 1
0 9 308 1 1
0 2 312 1 1
0 10 309 1 1
0 1 311 1 1
0 3 313 1 1
0 8 307 1 1
0 6 305 1 1
0 5 304 1 1
0 12 310 1 1
0 3 311 1 1
0 1 311 1 1
0 6 311 1 1
0 7 311 1 1
0 4 311 1 1
0 5 311 1 1
0 10 311 1 1
0 8 311 1 1
0 2 311 1 1
0 9 311 1 1
0 3 198 1 1
0 5 200 1 1
0 6 201 1 1
0 4 199 1 1
0 7 202 1 1
0 9 204 1 1
0 12 195 1 1
0 8 203 1 1
0 2 197 1 1
0 1 196 1 1
0 2 196 1 1
0 3 196 1 1
0 4 196 1 1
0 5 196 1 1
0 8 196 1 1
0 6 196 1 1
0 9 196 1 1
0 7 196 1 1
0 10 196 1 1
0 1 196 1 1
0 7 201 1 1
0 9 199 1 1
0 6 202 1 1
0 10 198 1 1
0 11 197 1 1
0 1 196 1 1
0 4 204 1 1
0 5 203 1 1
0 2 195 1 1
0 8 200 1 1
0 12 198 1 1
0 2 200 1 1
0 5 203 1 1
0 10 197 1 1
0 3 201 1 1
0 4 202 1 1
0 9 196 1 1
0 6 204 1 1
0 8 195 1 1
0 1 199 1 1
0 10 199 1 1
0 7 199 1 1
0 9 199 1 1
0 6 199 1 1
0 8 199 1 1
0 5 199 1 1
0 4 199 1 1
0 3 199 1 1
0 2 199 1 1
0 1 199 1 1
0 3 203 1 1
0 5 205 1 1
0 6 206 1 1
0 4 204 1 1
0 7 207 1 1
0 9 209 1 1
0 12 200 1 1
0 8 208 1 1
0 2 202 1 1
0 1 201 1 1
0 2 201 1 1
0 3 201 1 1
0 4 201 1 1
0 5 201 1 1
0 8 201 1 1
0 6 201 1 1
0 9 201 1 1
0 7 201 1 1
0 10 201 1 1
0 1 201 1 1
0 7 206 1 1
0 9 204 1 1
0 6 207 1 1
0 10 203 1 1
0 11 202 1 1
0 1 201 1 1
0 4 209 1 1
0 5 208 1 1
0 2 200 1 1
0 8 205 1 1
0 12 203 1 1
0 2 205 1 1
0 5 208 1 1
0 10 202 1 1
0 3 206 1 1
0 4 207 1 1
0 9 201 1 1
0 6 209 1 1
0 8 200 1 1
0 1 204 1 1
0 10 204 1 1
0 7 204 1 1
0 9 204 1 1
0 6 204 1 1
0 8 204 1 1
0 5 204 1 1
0 4 204 1 1
0 3 204 1 1
0 2 204 1 1
0 1 204 1 1
0 3 208 1 1
0 5 210 1 1
0 6 211 1 1
0 4 209 1 1
0 7 212 1 1
0 9 214 1 1
0 12 205 1 1
0 8 213 1 1
0 2 207 1 1
0 1 206 1 1
0 2 206 1 1
0 3 206 1 1
0 4 206 1 1
0 5 206 1 1
0 8 206 1 1
0 6 206 1 1
0 9 206 1 1
0 7 206 1 1
0 10 206 1 1
0 1 206 1 1
0 7 211 1 1
0 9 209 1 1
0 6 212 1 1
0 10 208 1 1
0 11 207 1 1
0 1 206 1 1
0 4 214 1 1
0 5 213 1 1
0 2 205 1 1
0 8 210 1 1
0 12 208 1 1
0 2 210 1 1
0 5 213 1 1
0 10 207 1 1
0 3 211 1 1
0 4 212 1 1
0 9 206 1 1
0 6 214 1 1
0 8 205 1 1
0 1 209 1 1
0 10 209 1 1
0 7 209 1 1
0 9 209 1 1
0 6 209 1 1
0 8 209 1 1
0 5 209 1 1
0 4 209 1 1
0 3 209 1 1
0 2 209 1 1
0 1 209 1 1
0 3 213 1 1
0 5 215 1 1
0 6 216 1 1
0 4 214 1 1
0 7 217 1 1
0 9 219 1 1
0 12 210 1 1
0 8 218 1 1
0 2 212 1 1
0 1 211 1 1
0 2 211 1 1
0 3 211 1 1
0 4 211 1 1
0 5 211 1 1
0 8 211 1 1
0 6 211 1 1
0 9 211 1 1
0 7 211 1 1
0 10 211 1 1
0 1 211 1 1
0 7 216 1 1
0 9 214 1 1
0 6 217 1 1
0 10 213 1 1
0 11 212 1 1
0 1 211 1 1
0 4 219 1 1
0 5 218 1 1
0 2 210 1 1
0 8 215 1 1
0 12 213 1 1
0 2 215 1 1
0 5 218 1 1
0 10 212 1 1
0 3 216 1 1
0 4 217 1 1
0 9 211 1 1
0 6 219 1 1
0 8 210 1 1
0 1 214 1 1
0 10 214 1 1
0 7 214 1 1
0 9 214 1 1
0 6 214 1 1
0 8 214 1 1
0 5 214 1 1
0 4 214 1 1
0 3 214 1 1
0 2 214 1 1
0 1 214 1 1
0 3 347 1 1
0 5 349 1 1
0 6 350 1 1
0 4 348 1 1
0 7 351 1 1
0 9 353 1 1
0 12 344 1 1
0 8 352 1 1
0 2 346 1 1
0 1 345 1 1
0 2 345 1 1
0 3 345 1 1
0 4 345 1 1
0 5 345 1 1
0 8 345 1 1
0 6 345 1 1
0 9 345 1 1
0 7 345 1 1
0 10 345 1 1
0 1 345 1 1
0 7 350 1 1
0 9 348 1 1
0 6 351 1 1
0 10 347 1 1
0 11 346 1 1
0 1 345 1 1
0 4 353 1 1
0 5 352 1 1
0 2 344 1 1
0 8 349 1 1
0 12 347 1 1
0 2 349 1 1
0 5 352 1 1
0 10 346 1 1
0 3 350 1 1
0 4 351 1 1
0 9 345 1 1
0 6 353 1 1
0 8 344 1 1
0 1 348 1 1
0 10 348 1 1
0 7 348 1 1
0 9 348 1 1
0 6 348 1 1
0 8 348 1 1
0 5 348 1 1
0 4 348 1 1
0 3 348 1 1
0 2 348 1 1
0 1 348 1 1
0 2 347 1 1
0 11 349 1 1
0 9 351 1 1
0 10 350 1 1
0 4 345 1 1
0 8 352 1 1
0 5 344 1 1
0 3 346 1 1
0 1 348 1 1
0 7 353 1 1
0 7 346 1 1
0 9 348 1 1
0 2 352 1 1
0 10 349 1 1
0 1 351 1 1
0 3 353 1 1
0 8 347 1 1
0 6 345 1 1
0 5 344 1 1
0 12 350 1 1
0 3 351 1 1
0 1 351 1 1
0 6 351 1 1
0 7 351 1 1
0 4 351 1 1
0 5 351 1 1
0 10 351 1 1
0 8 351 1 1
0 2 351 1 1
0 9 351 1 1
0 3 223 1 1
0 5 225 1 1
0 6 226 1 1
0 4 224 1 1
0 7 227 1 1
0 9 229 1 1
0 12 220 1 1
0 8 228 1 1
0 2 222 1 1
0 1 221 1 1
0 2 221 1 1
0 3 221 1 1
0 4 221 1 1
0 5 221 1 1
0 8 221 1 1
0 6 221 1 1
0 9 221 1 1
0 7 221 1 1
0 10 221 1 1
0 1 221 1 1
0 7 226 1 1
0 9 224 1 1
0 6 227 1 1
0 10 223 1 1
0 11 222 1 1
0 1 221 1 1
0 4 229 1 1
0 5 228 1 1
0 2 220 1 1
0 8 225 1 1
0 12 223 1 1
0 2 225 1 1
0 5 228 1 1
0 10 222 1 1
0 3 226 1 1
0 4 227 1 1
0 9 221 1 1
0 6 229 1 1
0 8 220 1 1
0 1 224 1 1
0 10 224 1 1
0 7 224 1 1
0 9 224 1 1
0 6 224 1 1
0 8 224 1 1
0 5 224 1 1
0 4 224 1 1
0 3 224 1 1
0 2 224 1 1
0 1 224 1 1
0 3 183 1 1
0 5 185 1 1
0 6 186 1 1
0 4 184 1 1
0 7 187 1 1
0 9 189 1 1
0 12 180 1 1
0 8 188 1 1
0 2 182 1 1
0 1 181 1 1
0 2 181 1 1
0 3 181 1 1
0 4 181 1 1
0 5 181 1 1
0 8 181 1 1
0 6 181 1 1
0 9 181 1 1
0 7 181 1 1
0 10 181 1 1
0 1 181 1 1
0 7 186 1 1
0 9 184 1 1
0 6 187 1 1
0 10 183 1 1
0 11 182 1 1
0 1 181 1 1
0 4 189 1 1
0 5 188 1 1
0 2 180 1 1
0 8 185 1 1
0 12 183 1 1
0 2 185 1 1
0 5 188 1 1
0 10 182 1 1
0 3 186 1 1
0 4 187 1 1
0 9 181 1 1
0 6 189 1 1
0 8 180 1 1
0 1 184 1 1
0 3 49 1 1
0 5 51 1 1
0 6 52 1 1
0 4 50 1 1
0 7 53 1 1
0 9 55 1 1
0 12 46 1 1
0 8 54 1 1
0 2 48 1 1
0 1 47 1 1
0 3 97 1 1
0 5 99 1 1
0 6 100 1 1
0 4 98 1 1
0 7 101 1 1
0 9 103 1 1
0 12 94 1 1
0 8 102 1 1
0 2 96 1 1
0 1 95 1 1
0 2 95 1 1
0 3 95 1 1
0 4 95 1 1
0 5 95 1 1
0 8 95 1 1
0 6 95 1 1
0 9 95 1 1
0 7 95 1 1
0 10 95 1 1
0 1 95 1 1
0 3 243 1 1
0 5 245 1 1
0 6 246 1 1
0 4 244 1 1
0 7 247 1 1
0 9 249 1 1
0 12 240 1 1
0 8 248 1 1
0 2 242 1 1
0 1 241 1 1
0 2 241 1 1
0 3 241 1 1
0 4 241 1 1
0 5 241 1 1
0 8 241 1 1
0 6 241 1 1
0 9 241 1 1
0 7 241 1 1
0 10 241 1 1
0 1 241 1 1
0 7 246 1 1
0 9 244 1 1
0 6 247 1 1
0 10 243 1 1
0 11 242 1 1
0 1 241 1 1
0 4 249 1 1
0 5 248 1 1
0 2 240 1 1
0 8 245 1 1
0 12 243 1 1
0 2 245 1 1
0 5 248 1 1
0 10 242 1 1
0 3 246 1 1
0 4 247 1 1
0 9 241 1 1
0 6 249 1 1
0 8 240 1 1
0 1 244 1 1
0 10 244 1 1
0 7 244 1 1
0 9 244 1 1
0 6 244 1 1
0 8 244 1 1
0 5 244 1 1
0 4 244 1 1
0 3 244 1 1
0 2 244 1 1
0 1 244 1 1
0 3 297 1 1
0 5 299 1 1
0 6 300 1 1
0 4 298 1 1
0 7 301 1 1
0 9 303 1 1
0 12 294 1 1
0 8 302 1 1
0 2 296 1 1
0 1 295 1 1
0 2 295 1 1
0 3 295 1 1
0 4 295 1 1
0 5 295 1 1
0 8 295 1 1
0 6 295 1 1
0 9 295 1 1
0 7 295 1 1
0 10 295 1 1
0 1 295 1 1
0 7 300 1 1
0 9 298 1 1
0 6 301 1 1
0 10 297 1 1
0 11 296 1 1
0 1 295 1 1
0 4 303 1 1
0 5 302 1 1
0 2 294 1 1
0 8 299 1 1
0 12 297 1 1
0 2 299 1 1
0 5 302 1 1
0 10 296 1 1
0 3 300 1 1
0 4 301 1 1
0 9 295 1 1
0 6 303 1 1
0 8 294 1 1
0 1 298 1 1
0 10 298 1 1
0 7 298 1 1
0 9 298 1 1
0 6 298 1 1
0 8 298 1 1
0 5 298 1 1
0 4 298 1 1
0 3 298 1 1
0 2 298 1 1
0 1 298 1 1
0 2 297 1 1
0 11 299 1 1
0 9 301 1 1
0 10 300 1 1
0 4 295 1 1
0 8 302 1 1
0 5 294 1 1
0 3 296 1 1
0 1 298 1 1
0 7 303 1 1
0 3 153 1 1
0 5 155 1 1
0 6 156 1 1
0 4 154 1 1
0 7 157 1 1
0 9 159 1 1
0 12 150 1 1
0 8 158 1 1
0 2 152 1 1
0 1 151 1 1
0 2 151 1 1
0 3 151 1 1
0 4 151 1 1
0 5 151 1 1
0 8 151 1 1
0 6 151 1 1
0 9 151 1 1
0 7 151 1 1
0 10 151 1 1
0 1 151 1 1
0 7 156 1 1
0 9 154 1 1
0 6 157 1 1
0 10 153 1 1
0 11 152 1 1
0 1 151 1 1
0 4 159 1 1
0 5 158 1 1
0 2 150 1 1
0 8 155 1 1
0 3 462 1 1
0 5 464 1 1
0 6 465 1 1
0 4 463 1 1
0 7 466 1 1
0 9 468 1 1
0 12 459 1 1
0 8 467 1 1
0 2 461 1 1
0 1 460 1 1
0 2 460 1 1
0 3 460 1 1
0 4 460 1 1
0 5 460 1 1
0 8 460 1 1
0 6 460 1 1
0 9 460 1 1
0 7 460 1 1
0 10 460 1 1
0 1 460 1 1
0 7 465 1 1
0 9 463 1 1
0 6 466 1 1
0 10 462 1 1
0 11 461 1 1
0 1 460 1 1
0 4 468 1 1
0 5 467 1 1
0 2 459 1 1
0 8 464 1 1
0 12 462 1 1
0 2 464 1 1
0 5 467 1 1
0 10 461 1 1
0 3 465 1 1
0 4 466 1 1
0 9 460 1 1
0 6 468 1 1
0 8 459 1 1
0 1 463 1 1
0 10 463 1 1
0 7 463 1 1
0 9 463 1 1
0 6 463 1 1
0 8 463 1 1
0 5 463 1 1
0 4 463 1 1
0 3 463 1 1
0 2 463 1 1
0 1 463 1 1
0 2 462 1 1
0 11 464 1 1
0 9 466 1 1
0 10 465 1 1
0 4 460 1 1
0 8 467 1 1
0 5 459 1 1
0 3 461 1 1
0 1 463 1 1
0 7 468 1 1
0 7 461 1 1
0 9 463 1 1
0 2 467 1 1
0 10 464 1 1
0 1 466 1 1
0 3 468 1 1
0 8 462 1 1
0 6 460 1 1
0 5 459 1 1
0 12 465 1 1
0 3 466 1 1
0 1 466 1 1
0 6 466 1 1
0 7 466 1 1
0 4 466 1 1
0 5 466 1 1
0 10 466 1 1
0 8 466 1 1
0 2 466 1 1
0 9 466 1 1
0 6 461 1 1
0 1 466 1 1
0 11 467 1 1
0 4 463 1 1
0 10 468 1 1
0 2 465 1 1
0 3 464 1 1
0 7 460 1 1
0 8 459 1 1
0 5 462 1 1
0 3 211 1 1
0 5 213 1 1
0 6 214 1 1
0 4 212 1 1
0 7 215 1 1
0 9 217 1 1
0 12 208 1 1
0 8 216 1 1
0 2 210 1 1
0 1 209 1 1
0 2 209 1 1
0 3 209 1 1
0 4 209 1 1
0 5 209 1 1
0 8 209 1 1
0 6 209 1 1
0 9 209 1 1
0 7 209 1 1
0 10 209 1 1
0 1 209 1 1
0 7 214 1 1
0 9 212 1 1
0 6 215 1 1
0 10 211 1 1
0 11 210 1 1
0 1 209 1 1
0 4 217 1 1
0 5 216 1 1
0 2 208 1 1
0 8 213 1 1
0 12 211 1 1
0 2 213 1 1
0 5 216 1 1
0 10 210 1 1
0 3 214 1 1
0 4 215 1 1
0 9 209 1 1
0 6 217 1 1
0 8 208 1 1
0 1 212 1 1
0 3 321 1 1
0 5 323 1 1
0 6 324 1 1
0 4 322 1 1
0 7 325 1 1
0 9 327 1 1
0 12 318 1 1
0 8 326 1 1
0 2 320 1 1
0 1 319 1 1
0 2 319 1 1
0 3 319 1 1
0 4 319 1 1
0 5 319 1 1
0 8 319 1 1
0 6 319 1 1
0 9 319 1 1
0 7 319 1 1
0 10 319 1 1
0 1 319 1 1
0 7 324 1 1
0 9 322 1 1
0 6 325 1 1
0 10 321 1 1
0 11 320 1 1
0 1 319 1 1
0 4 327 1 1
0 5 326 1 1
0 2 318 1 1
0 8 323 1 1
0 12 321 1 1
0 2 323 1 1
0 5 326 1 1
0 10 320 1 1
0 3 324 1 1
0 4 325 1 1
0 9 319 1 1
0 6 327 1 1
0 8 318 1 1
0 1 322 1 1
0 10 322 1 1
0 7 322 1 1
0 9 322 1 1
0 6 322 1 1
0 8 322 1 1
0 5 322 1 1
0 4 322 1 1
0 3 322 1 1
0 2 322 1 1
0 1 322 1 1
0 2 321 1 1
0 11 323 1 1
0 9 325 1 1
0 10 324 1 1
0 4 319 1 1
0 8 326 1 1
0 5 318 1 1
0 3 320 1 1
0 1 322 1 1
0 7 327 1 1
0 3 489 1 1
0 5 491 1 1
0 6 492 1 1
0 4 490 1 1
0 7 493 1 1
0 9 495 1 1
0 12 486 1 1
0 8 494 1 1
0 2 488 1 1
0 1 487 1 1
0 2 487 1 1
0 3 487 1 1
0 4 487 1 1
0 5 487 1 1
0 8 487 1 1
0 6 487 1 1
0 9 487 1 1
0 7 487 1 1
0 10 487 1 1
0 1 487 1 1
0 7 492 1 1
0 9 490 1 1
0 6 493 1 1
0 10 489 1 1
0 11 488 1 1
0 1 487 1 1
0 4 495 1 1
0 5 494 1 1
0 2 486 1 1
0 8 491 1 1
0 12 489 1 1
0 2 491 1 1
0 5 494 1 1
0 10 488 1 1
0 3 492 1 1
0 4 493 1 1
0 9 487 1 1
0 6 495 1 1
0 8 486 1 1
0 1 490 1 1
0 10 490 1 1
0 7 490 1 1
0 9 490 1 1
0 6 490 1 1
0 8 490 1 1
0 5 490 1 1
0 4 490 1 1
0 3 490 1 1
0 2 490 1 1
0 1 490 1 1
0 2 489 1 1
0 11 491 1 1
0 9 493 1 1
0 10 492 1 1
0 4 487 1 1
0 8 494 1 1
0 5 486 1 1
0 3 488 1 1
0 1 490 1 1
0 7 495 1 1
0 7 488 1 1
0 9 490 1 1
0 2 494 1 1
0 10 491 1 1
0 1 493 1 1
0 3 495 1 1
0 8 489 1 1
0 6 487 1 1
0 5 486 1 1
0 12 492 1 1
0 3 493 1 1
0 1 493 1 1
0 6 493 1 1
0 7 493 1 1
0 4 493 1 1
0 5 493 1 1
0 10 493 1 1
0 8 493 1 1
0 2 493 1 1
0 9 493 1 1
0 6 488 1 1
0 1 493 1 1
0 11 494 1 1
0 4 490 1 1
0 10 495 1 1
0 2 492 1 1
0 3 491 1 1
0 7 487 1 1
0 8 486 1 1
0 5 489 1 1
0 3 223 1 1
0 5 225 1 1
0 6 226 1 1
0 4 224 1 1
0 7 227 1 1
0 9 229 1 1
0 12 220 1 1
0 8 228 1 1
0 2 222 1 1
0 1 221 1 1
0 2 221 1 1
0 3 221 1 1
0 4 221 1 1
0 5 221 1 1
0 8 221 1 1
0 6 221 1 1
0 9 221 1 1
0 7 221 1 1
0 10 221 1 1
0 1 221 1 1
0 7 226 1 1
0 9 224 1 1
0 6 227 1 1
0 10 223 1 1
0 11 222 1 1
0 1 221 1 1
0 4 229 1 1
0 5 228 1 1
0 2 220 1 1
0 8 225 1 1
0 12 223 1 1
0 2 225 1 1
0 5 228 1 1
0 10 222 1 1
0 3 226 1 1
0 4 227 1 1
0 9 221 1 1
0 6 229 1 1
0 8 220 1 1
0 1 224 1 1
0 3 171 1 1
0 5 173 1 1
0 6 174 1 1
0 4 172 1 1
0 7 175 1 1
0 9 177 1 1
0 12 168 1 1
0 8 176 1 1
0 2 170 1 1
0 1 169 1 1
0 2 169 1 1
0 3 169 1 1
0 4 169 1 1
0 5 169 1 1
0 8 169 1 1
0 6 169 1 1
0 9 169 1 1
0 7 169 1 1
0 10 169 1 1
0 1 169 1 1
0 7 174 1 1
0 9 172 1 1
0 6 175 1 1
0 10 171 1 1
0 11 170 1 1
0 1 169 1 1
0 4 177 1 1
0 5 176 1 1
0 2 168 1 1
0 8 173 1 1
0 3 402 1 1
0 5 404 1 1
0 6 405 1 1
0 4 403 1 1
0 7 406 1 1
0 9 408 1 1
0 12 399 1 1
0 8 407 1 1
0 2 401 1 1
0 1 400 1 1
0 2 400 1 1
0 3 400 1 1
0 4 400 1 1
0 5 400 1 1
0 8 400 1 1
0 6 400 1 1
0 9 400 1 1
0 7 400 1 1
0 10 400 1 1
0 1 400 1 1
0 7 405 1 1
0 9 403 1 1
0 6 406 1 1
0 10 402 1 1
0 11 401 1 1
0 1 400 1 1
0 4 408 1 1
0 5 407 1 1
0 2 399 1 1
0 8 404 1 1
0 12 402 1 1
0 2 404 1 1
0 5 407 1 1
0 10 401 1 1
0 3 405 1 1
0 4 406 1 1
0 9 400 1 1
0 6 408 1 1
0 8 399 1 1
0 1 403 1 1
0 10 403 1 1
0 7 403 1 1
0 9 403 1 1
0 6 403 1 1
0 8 403 1 1
0 5 403 1 1
0 4 403 1 1
0 3 403 1 1
0 2 403 1 1
0 1 403 1 1
0 2 402 1 1
0 11 404 1 1
0 9 406 1 1
0 10 405 1 1
0 4 400 1 1
0 8 407 1 1
0 5 399 1 1
0 3 401 1 1
0 1 403 1 1
0 7 408 1 1
0 7 401 1 1
0 9 403 1 1
0 2 407 1 1
0 10 404 1 1
0 1 406 1 1
0 3 408 1 1
0 8 402 1 1
0 6 400 1 1
0 5 399 1 1
0 12 405 1 1
0 3 235 1 1
0 5 237 1 1
0 6 238 1 1
0 4 236 1 1
0 7 239 1 1
0 9 241 1 1
0 12 232 1 1
0 8 240 1 1
0 2 234 1 1
0 1 233 1 1
0 2 233 1 1
0 3 233 1 1
0 4 233 1 1
0 5 233 1 1
0 8 233 1 1
0 6 233 1 1
0 9 233 1 1
0 7 233 1 1
0 10 233 1 1
0 1 233 1 1
0 7 238 1 1
0 9 236 1 1
0 6 239 1 1
0 10 235 1 1
0 11 234 1 1
0 1 233 1 1
0 4 241 1 1
0 5 240 1 1
0 2 232 1 1
0 8 237 1 1
0 12 235 1 1
0 2 237 1 1
0 5 240 1 1
0 10 234 1 1
0 3 238 1 1
0 4 239 1 1
0 9 233 1 1
0 6 241 1 1
0 8 232 1 1
0 1 236 1 1
0 3 121 1 1
0 5 123 1 1
0 6 124 1 1
0 4 122 1 1
0 7 125 1 1
0 9 127 1 1
0 12 118 1 1
0 8 126 1 1
0 2 120 1 1
0 1 119 1 1
0 2 119 1 1
0 3 119 1 1
0 4 119 1 1
0 5 119 1 1
0 8 119 1 1
0 6 119 1 1
0 9 119 1 1
0 7 119 1 1
0 10 119 1 1
0 1 119 1 1
0 3 243 1 1
0 5 245 1 1
0 6 246 1 1
0 4 244 1 1
0 7 247 1 1
0 9 249 1 1
0 12 240 1 1
0 8 248 1 1
0 2 242 1 1
0 1 241 1 1
0 2 241 1 1
0 3 241 1 1
0 4 241 1 1
0 5 241 1 1
0 8 241 1 1
0 6 241 1 1
0 9 241 1 1
0 7 241 1 1
0 10 241 1 1
0 1 241 1 1
0 7 246 1 1
0 9 244 1 1
0 6 247 1 1
0 10 243 1 1
0 11 242 1 1
0 1 241 1 1
0 4 249 1 1
0 5 248 1 1
0 2 240 1 1
0 8 245 1 1
0 12 243 1 1
0 2 245 1 1
0 5 248 1 1
0 10 242 1 1
0 3 246 1 1
0 4 247 1 1
0 9 241 1 1
0 6 249 1 1
0 8 240 1 1
0 1 244 1 1
0 3 491 1 1
0 5 493 1 1
0 6 494 1 1
0 4 492 1 1
0 7 495 1 1
0 9 497 1 1
0 12 488 1 1
0 8 496 1 1
0 2 490 1 1
0 1 489 1 1
0 2 489 1 1
0 3 489 1 1
0 4 489 1 1
0 5 489 1 1
0 8 489 1 1
0 6 489 1 1
0 9 489 1 1
0 7 489 1 1
0 10 489 1 1
0 1 489 1 1
0 7 494 1 1
0 9 492 1 1
0 6 495 1 1
0 10 491 1 1
0 11 490 1 1
0 1 489 1 1
0 4 497 1 1
0 5 496 1 1
0 2 488 1 1
0 8 493 1 1
0 12 491 1 1
0 2 493 1 1
0 5 496 1 1
0 10 490 1 1
0 3 494 1 1
0 4 495 1 1
0 9 489 1 1
0 6 497 1 1
0 8 488 1 1
0 1 492 1 1
0 10 492 1 1
0 7 492 1 1
0 9 492 1 1
0 6 492 1 1
0 8 492 1 1
0 5 492 1 1
0 4 492 1 1
0 3 492 1 1
0 2 492 1 1
0 1 492 1 1
0 2 491 1 1
0 11 493 1 1
0 9 495 1 1
0 10 494 1 1
0 4 489 1 1
0 8 496 1 1
0 5 488 1 1
0 3 490 1 1
0 1 492 1 1
0 7 497 1 1
0 7 490 1 1
0 9 492 1 1
0 2 496 1 1
0 10 493 1 1
0 1 495 1 1
0 3 497 1 1
0 8 491 1 1
0 6 489 1 1
0 5 488 1 1
0 12 494 1 1
0 3 495 1 1
0 1 495 1 1
0 6 495 1 1
0 7 495 1 1
0 4 495 1 1
0 5 495 1 1
0 10 495 1 1
0 8 495 1 1
0 2 495 1 1
0 9 495 1 1
0 3 251 1 1
0 5 253 1 1
0 6 254 1 1
0 4 252 1 1
0 7 255 1 1
0 9 257 1 1
0 12 248 1 1
0 8 256 1 1
0 2 250 1 1
0 1 249 1 1
0 2 249 1 1
0 3 249 1 1
0 4 249 1 1
0 5 249 1 1
0 8 249 1 1
0 6 249 1 1
0 9 249 1 1
0 7 249 1 1
0 10 249 1 1
0 1 249 1 1
0 7 254 1 1
0 9 252 1 1
0 6 255 1 1
0 10 251 1 1
0 11 250 1 1
0 1 249 1 1
0 4 257 1 1
0 5 256 1 1
0 2 248 1 1
0 8 253 1 1
0 12 251 1 1
0 2 253 1 1
0 5 256 1 1
0 10 250 1 1
0 3 254 1 1
0 4 255 1 1
0 9 249 1 1
0 6 257 1 1
0 8 248 1 1
0 1 252 1 1
0 3 66 1 1
0 5 68 1 1
0 6 69 1 1
0 4 67 1 1
0 7 70 1 1
0 9 72 1 1
0 12 63 1 1
0 8 71 1 1
0 2 65 1 1
0 1 64 1 1
0 3 195 1 1
0 5 197 1 1
0 6 198 1 1
0 4 196 1 1
0 7 199 1 1
0 9 201 1 1
0 12 192 1 1
0 8 200 1 1
0 2 194 1 1
0 1 193 1 1
0 2 193 1 1
0 3 193 1 1
0 4 193 1 1
0 5 193 1 1
0 8 193 1 1
0 6 193 1 1
0 9 193 1 1
0 7 193 1 1
0 10 193 1 1
0 1 193 1 1
0 7 198 1 1
0 9 196 1 1
0 6 199 1 1
0 10 195 1 1
0 11 194 1 1
0 1 193 1 1
0 4 201 1 1
0 5 200 1 1
0 2 192 1 1
0 8 197 1 1
0 3 458 1 1
0 5 460 1 1
0 6 461 1 1
0 4 459 1 1
0 7 462 1 1
0 9 464 1 1
0 12 455 1 1
0 8 463 1 1
0 2 457 1 1
0 1 456 1 1
0 2 456 1 1
0 3 456 1 1
0 4 456 1 1
0 5 456 1 1
0 8 456 1 1
0 6 456 1 1
0 9 456 1 1
0 7 456 1 1
0 10 456 1 1
0 1 456 1 1
0 7 461 1 1
0 9 459 1 1
0 6 462 1 1
0 10 458 1 1
0 11 457 1 1
0 1 456 1 1
0 4 464 1 1
0 5 463 1 1
0 2 455 1 1
0 8 460 1 1
0 12 458 1 1
0 2 460 1 1
0 5 463 1 1
0 10 457 1 1
0 3 461 1 1
0 4 462 1 1
0 9 456 1 1
0 6 464 1 1
0 8 455 1 1
0 1 459 1 1
0 10 459 1 1
0 7 459 1 1
0 9 459 1 1
0 6 459 1 1
0 8 459 1 1
0 5 459 1 1
0 4 459 1 1
0 3 459 1 1
0 2 459 1 1
0 1 459 1 1
0 2 458 1 1
0 11 460 1 1
0 9 462 1 1
0 10 461 1 1
0 4 456 1 1
0 8 463 1 1
0 5 455 1 1
0 3 457 1 1
0 1 459 1 1
0 7 464 1 1
0 7 457 1 1
0 9 459 1 1
0 2 463 1 1
0 10 460 1 1
0 1 462 1 1
0 3 464 1 1
0 8 458 1 1
0 6 456 1 1
0 5 455 1 1
0 12 461 1 1
0 3 465 1 1
0 5 467 1 1
0 6 468 1 1
0 4 466 1 1
0 7 469 1 1
0 9 471 1 1
0 12 462 1 1
0 8 470 1 1
0 2 464 1 1
0 1 463 1 1
0 2 463 1 1
0 3 463 1 1
0 4 463 1 1
0 5 463 1 1
0 8 463 1 1
0 6 463 1 1
0 9 463 1 1
0 7 463 1 1
0 10 463 1 1
0 1 463 1 1
0 7 468 1 1
0 9 466 1 1
0 6 469 1 1
0 10 465 1 1
0 11 464 1 1
0 1 463 1 1
0 4 471 1 1
0 5 470 1 1
0 2 462 1 1
0 8 467 1 1
0 12 465 1 1
0 2 467 1 1
0 5 470 1 1
0 10 464 1 1
0 3 468 1 1
0 4 469 1 1
0 9 463 1 1
0 6 471 1 1
0 8 462 1 1
0 1 466 1 1
0 10 466 1 1
0 7 466 1 1
0 9 466 1 1
0 6 466 1 1
0 8 466 1 1
0 5 466 1 1
0 4 466 1 1
0 3 466 1 1
0 2 466 1 1
0 1 466 1 1
0 2 465 1 1
0 11 467 1 1
0 9 469 1 1
0 10 468 1 1
0 4 463 1 1
0 8 470 1 1
0 5 462 1 1
0 3 464 1 1
0 1 466 1 1
0 7 471 1 1
0 7 464 1 1
0 9 466 1 1
0 2 470 1 1
0 10 467 1 1
0 1 469 1 1
0 3 471 1 1
0 8 465 1 1
0 6 463 1 1
0 5 462 1 1
0 12 468 1 1
0 3 204 1 1
0 5 206 1 1
0 6 207 1 1
0 4 205 1 1
0 7 208 1 1
0 9 210 1 1
0 12 201 1 1
0 8 209 1 1
0 2 203 1 1
0 1 202 1 1
0 2 202 1 1
0 3 202 1 1
0 4 202 1 1
0 5 202 1 1
0 8 202 1 1
0 6 202 1 1
0 9 202 1 1
0 7 202 1 1
0 10 202 1 1
0 1 202 1 1
0 7 207 1 1
0 9 205 1 1
0 6 208 1 1
0 10 204 1 1
0 11 203 1 1
0 1 202 1 1
0 4 210 1 1
0 5 209 1 1
0 2 201 1 1
0 8 206 1 1
0 3 479 1 1
0 5 481 1 1
0 6 482 1 1
0 4 480 1 1
0 7 483 1 1
0 9 485 1 1
0 12 476 1 1
0 8 484 1 1
0 2 478 1 1
0 1 477 1 1
0 2 477 1 1
0 3 477 1 1
0 4 477 1 1
0 5 477 1 1
0 8 477 1 1
0 6 477 1 1
0 9 477 1 1
0 7 477 1 1
0 10 477 1 1
0 1 477 1 1
0 7 482 1 1
0 9 480 1 1
0 6 483 1 1
0 10 479 1 1
0 11 478 1 1
0 1 477 1 1
0 4 485 1 1
0 5 484 1 1
0 2 476 1 1
0 8 481 1 1
0 12 479 1 1
0 2 481 1 1
0 5 484 1 1
0 10 478 1 1
0 3 482 1 1
0 4 483 1 1
0 9 477 1 1
0 6 485 1 1
0 8 476 1 1
0 1 480 1 1
0 10 480 1 1
0 7 480 1 1
0 9 480 1 1
0 6 480 1 1
0 8 480 1 1
0 5 480 1 1
0 4 480 1 1
0 3 480 1 1
0 2 480 1 1
0 1 480 1 1
0 2 479 1 1
0 11 481 1 1
0 9 483 1 1
0 10 482 1 1
0 4 477 1 1
0 8 484 1 1
0 5 476 1 1
0 3 478 1 1
0 1 480 1 1
0 7 485 1 1
0 7 478 1 1
0 9 480 1 1
0 2 484 1 1
0 10 481 1 1
0 1 483 1 1
0 3 485 1 1
0 8 479 1 1
0 6 477 1 1
0 5 476 1 1
0 12 482 1 1
0 3 279 1 1
0 5 281 1 1
0 6 282 1 1
0 4 280 1 1
0 7 283 1 1
0 9 285 1 1
0 12 276 1 1
0 8 284 1 1
0 2 278 1 1
0 1 277 1 1
0 2 277 1 1
0 3 277 1 1
0 4 277 1 1
0 5 277 1 1
0 8 277 1 1
0 6 277 1 1
0 9 277 1 1
0 7 277 1 1
0 10 277 1 1
0 1 277 1 1
0 7 282 1 1
0 9 280 1 1
0 6 283 1 1
0 10 279 1 1
0 11 278 1 1
0 1 277 1 1
0 4 285 1 1
0 5 284 1 1
0 2 276 1 1
0 8 281 1 1
0 12 279 1 1
0 2 281 1 1
0 5 284 1 1
0 10 278 1 1
0 3 282 1 1
0 4 283 1 1
0 9 277 1 1
0 6 285 1 1
0 8 276 1 1
0 1 280 1 1
0 3 143 1 1
0 5 145 1 1
0 6 146 1 1
0 4 144 1 1
0 7 147 1 1
0 9 149 1 1
0 12 140 1 1
0 8 148 1 1
0 2 142 1 1
0 1 141 1 1
0 2 141 1 1
0 3 141 1 1
0 4 141 1 1
0 5 141 1 1
0 8 141 1 1
0 6 141 1 1
0 9 141 1 1
0 7 141 1 1
0 10 141 1 1
0 1 141 1 1
0 3 74 1 1
0 5 76 1 1
0 6 77 1 1
0 4 75 1 1
0 7 78 1 1
0 9 80 1 1
0 12 71 1 1
0 8 79 1 1
0 2 73 1 1
0 1 72 1 1
0 3 363 1 1
0 5 365 1 1
0 6 366 1 1
0 4 364 1 1
0 7 367 1 1
0 9 369 1 1
0 12 360 1 1
0 8 368 1 1
0 2 362 1 1
0 1 361 1 1
0 2 361 1 1
0 3 361 1 1
0 4 361 1 1
0 5 361 1 1
0 8 361 1 1
0 6 361 1 1
0 9 361 1 1
0 7 361 1 1
0 10 361 1 1
0 1 361 1 1
0 7 366 1 1
0 9 364 1 1
0 6 367 1 1
0 10 363 1 1
0 11 362 1 1
0 1 361 1 1
0 4 369 1 1
0 5 368 1 1
0 2 360 1 1
0 8 365 1 1
0 12 363 1 1
0 2 365 1 1
0 5 368 1 1
0 10 362 1 1
0 3 366 1 1
0 4 367 1 1
0 9 361 1 1
0 6 369 1 1
0 8 360 1 1
0 1 364 1 1
0 10 364 1 1
0 7 364 1 1
0 9 364 1 1
0 6 364 1 1
0 8 364 1 1
0 5 364 1 1
0 4 364 1 1
0 3 364 1 1
0 2 364 1 1
0 1 364 1 1
0 3 587 1 1
0 5 589 1 1
0 6 590 1 1
0 4 588 1 1
0 7 591 1 1
0 9 593 1 1
0 12 584 1 1
0 8 592 1 1
0 2 586 1 1
0 1 585 1 1
0 2 585 1 1
0 3 585 1 1
0 4 585 1 1
0 5 585 1 1
0 8 585 1 1
0 6 585 1 1
0 9 585 1 1
0 7 585 1 1
0 10 585 1 1
0 1 585 1 1
0 7 590 1 1
0 9 588 1 1
0 6 591 1 1
0 10 587 1 1
0 11 586 1 1
0 1 585 1 1
0 4 593 1 1
0 5 592 1 1
0 2 584 1 1
0 8 589 1 1
0 12 587 1 1
0 2 589 1 1
0 5 592 1 1
0 10 586 1 1
0 3 590 1 1
0 4 591 1 1
0 9 585 1 1
0 6 593 1 1
0 8 584 1 1
0 1 588 1 1
0 10 588 1 1
0 7 588 1 1
0 9 588 1 1
0 6 588 1 1
0 8 588 1 1
0 5 588 1 1
0 4 588 1 1
0 3 588 1 1
0 2 588 1 1
0 1 588 1 1
0 2 587 1 1
0 11 589 1 1
0 9 591 1 1
0 10 590 1 1
0 4 585 1 1
0 8 592 1 1
0 5 584 1 1
0 3 586 1 1
0 1 588 1 1
0 7 593 1 1
0 7 586 1 1
0 9 588 1 1
0 2 592 1 1
0 10 589 1 1
0 1 591 1 1
0 3 593 1 1
0 8 587 1 1
0 6 585 1 1
0 5 584 1 1
0 12 590 1 1
0 3 591 1 1
0 1 591 1 1
0 6 591 1 1
0 7 591 1 1
0 4 591 1 1
0 5 591 1 1
0 10 591 1 1
0 8 591 1 1
0 2 591 1 1
0 9 591 1 1
0 3 299 1 1
0 5 301 1 1
0 6 302 1 1
0 4 300 1 1
0 7 303 1 1
0 9 305 1 1
0 12 296 1 1
0 8 304 1 1
0 2 298 1 1
0 1 297 1 1
0 2 297 1 1
0 3 297 1 1
0 4 297 1 1
0 5 297 1 1
0 8 297 1 1
0 6 297 1 1
0 9 297 1 1
0 7 297 1 1
0 10 297 1 1
0 1 297 1 1
0 7 302 1 1
0 9 300 1 1
0 6 303 1 1
0 10 299 1 1
0 11 298 1 1
0 1 297 1 1
0 4 305 1 1
0 5 304 1 1
0 2 296 1 1
0 8 301 1 1
0 12 299 1 1
0 2 301 1 1
0 5 304 1 1
0 10 298 1 1
0 3 302 1 1
0 4 303 1 1
0 9 297 1 1
0 6 305 1 1
0 8 296 1 1
0 1 300 1 1
0 3 678 1 1
0 5 680 1 1
0 6 681 1 1
0 4 679 1 1
0 7 682 1 1
0 9 684 1 1
0 12 675 1 1
0 8 683 1 1
0 2 677 1 1
0 1 676 1 1
0 2 676 1 1
0 3 676 1 1
0 4 676 1 1
0 5 676 1 1
0 8 676 1 1
0 6 676 1 1
0 9 676 1 1
0 7 676 1 1
0 10 676 1 1
0 1 676 1 1
0 7 681 1 1
0 9 679 1 1
0 6 682 1 1
0 10 678 1 1
0 11 677 1 1
0 1 676 1 1
0 4 684 1 1
0 5 683 1 1
0 2 675 1 1
0 8 680 1 1
0 12 678 1 1
0 2 680 1 1
0 5 683 1 1
0 10 677 1 1
0 3 681 1 1
0 4 682 1 1
0 9 676 1 1
0 6 684 1 1
0 8 675 1 1
0 1 679 1 1
0 10 679 1 1
0 7 679 1 1
0 9 679 1 1
0 6 679 1 1
0 8 679 1 1
0 5 679 1 1
0 4 679 1 1
0 3 679 1 1
0 2 679 1 1
0 1 679 1 1
0 2 678 1 1
0 11 680 1 1
0 9 682 1 1
0 10 681 1 1
0 4 676 1 1
0 8 683 1 1
0 5 675 1 1
0 3 677 1 1
0 1 679 1 1
0 7 684 1 1
0 7 677 1 1
0 9 679 1 1
0 2 683 1 1
0 10 680 1 1
0 1 682 1 1
0 3 684 1 1
0 8 678 1 1
0 6 676 1 1
0 5 675 1 1
0 12 681 1 1
0 3 682 1 1
0 1 682 1 1
0 6 682 1 1
0 7 682 1 1
0 4 682 1 1
0 5 682 1 1
0 10 682 1 1
0 8 682 1 1
0 2 682 1 1
0 9 682 1 1
0 6 677 1 1
0 1 682 1 1
0 11 683 1 1
0 4 679 1 1
0 10 684 1 1
0 2 681 1 1
0 3 680 1 1
0 7 676 1 1
0 8 675 1 1
0 5 678 1 1
0 3 79 1 1
0 5 81 1 1
0 6 82 1 1
0 4 80 1 1
0 7 83 1 1
0 9 85 1 1
0 12 76 1 1
0 8 84 1 1
0 2 78 1 1
0 1 77 1 1
0 3 388 1 1
0 5 390 1 1
0 6 391 1 1
0 4 389 1 1
0 7 392 1 1
0 9 394 1 1
0 12 385 1 1
0 8 393 1 1
0 2 387 1 1
0 1 386 1 1
0 2 386 1 1
0 3 386 1 1
0 4 386 1 1
0 5 386 1 1
0 8 386 1 1
0 6 386 1 1
0 9 386 1 1
0 7 386 1 1
0 10 386 1 1
0 1 386 1 1
0 7 391 1 1
0 9 389 1 1
0 6 392 1 1
0 10 388 1 1
0 11 387 1 1
0 1 386 1 1
0 4 394 1 1
0 5 393 1 1
0 2 385 1 1
0 8 390 1 1
0 12 388 1 1
0 2 390 1 1
0 5 393 1 1
0 10 387 1 1
0 3 391 1 1
0 4 392 1 1
0 9 386 1 1
0 6 394 1 1
0 8 385 1 1
0 1 389 1 1
0 10 389 1 1
0 7 389 1 1
0 9 389 1 1
0 6 389 1 1
0 8 389 1 1
0 5 389 1 1
0 4 389 1 1
0 3 389 1 1
0 2 389 1 1
0 1 389 1 1
0 3 81 1 1
0 5 83 1 1
0 6 84 1 1
0 4 82 1 1
0 7 85 1 1
0 9 87 1 1
0 12 78 1 1
0 8 86 1 1
0 2 80 1 1
0 1 79 1 1
0 3 635 1 1
0 5 637 1 1
0 6 638 1 1
0 4 636 1 1
0 7 639 1 1
0 9 641 1 1
0 12 632 1 1
0 8 640 1 1
0 2 634 1 1
0 1 633 1 1
0 2 633 1 1
0 3 633 1 1
0 4 633 1 1
0 5 633 1 1
0 8 633 1 1
0 6 633 1 1
0 9 633 1 1
0 7 633 1 1
0 10 633 1 1
0 1 633 1 1
0 7 638 1 1
0 9 636 1 1
0 6 639 1 1
0 10 635 1 1
0 11 634 1 1
0 1 633 1 1
0 4 641 1 1
0 5 640 1 1
0 2 632 1 1
0 8 637 1 1
0 12 635 1 1
0 2 637 1 1
0 5 640 1 1
0 10 634 1 1
0 3 638 1 1
0 4 639 1 1
0 9 633 1 1
0 6 641 1 1
0 8 632 1 1
0 1 636 1 1
0 10 636 1 1
0 7 636 1 1
0 9 636 1 1
0 6 636 1 1
0 8 636 1 1
0 5 636 1 1
0 4 636 1 1
0 3 636 1 1
0 2 636 1 1
0 1 636 1 1
0 2 635 1 1
0 11 637 1 1
0 9 639 1 1
0 10 638 1 1
0 4 633 1 1
0 8 640 1 1
0 5 632 1 1
0 3 634 1 1
0 1 636 1 1
0 7 641 1 1
0 7 634 1 1
0 9 636 1 1
0 2 640 1 1
0 10 637 1 1
0 1 639 1 1
0 3 641 1 1
0 8 635 1 1
0 6 633 1 1
0 5 632 1 1
0 12 638 1 1
0 3 639 1 1
0 1 639 1 1
0 6 639 1 1
0 7 639 1 1
0 4 639 1 1
0 5 639 1 1
0 10 639 1 1
0 8 639 1 1
0 2 639 1 1
0 9 639 1 1
0 3 83 1 1
0 5 85 1 1
0 6 86 1 1
0 4 84 1 1
0 7 87 1 1
0 9 89 1 1
0 12 80 1 1
0 8 88 1 1
0 2 82 1 1
0 1 81 1 1
0 3 489 1 1
0 5 491 1 1
0 6 492 1 1
0 4 490 1 1
0 7 493 1 1
0 9 495 1 1
0 12 486 1 1
0 8 494 1 1
0 2 488 1 1
0 1 487 1 1
0 2 487 1 1
0 3 487 1 1
0 4 487 1 1
0 5 487 1 1
0 8 487 1 1
0 6 487 1 1
0 9 487 1 1
0 7 487 1 1
0 10 487 1 1
0 1 487 1 1
0 7 492 1 1
0 9 490 1 1
0 6 493 1 1
0 10 489 1 1
0 11 488 1 1
0 1 487 1 1
0 4 495 1 1
0 5 494 1 1
0 2 486 1 1
0 8 491 1 1
0 12 489 1 1
0 2 491 1 1
0 5 494 1 1
0 10 488 1 1
0 3 492 1 1
0 4 493 1 1
0 9 487 1 1
0 6 495 1 1
0 8 486 1 1
0 1 490 1 1
0 10 490 1 1
0 7 490 1 1
0 9 490 1 1
0 6 490 1 1
0 8 490 1 1
0 5 490 1 1
0 4 490 1 1
0 3 490 1 1
0 2 490 1 1
0 1 490 1 1
0 2 489 1 1
0 11 491 1 1
0 9 493 1 1
0 10 492 1 1
0 4 487 1 1
0 8 494 1 1
0 5 486 1 1
0 3 488 1 1
0 1 490 1 1
0 7 495 1 1
0 3 577 1 1
0 5 579 1 1
0 6 580 1 1
0 4 578 1 1
0 7 581 1 1
0 9 583 1 1
0 12 574 1 1
0 8 582 1 1
0 2 576 1 1
0 1 575 1 1
0 2 575 1 1
0 3 575 1 1
0 4 575 1 1
0 5 575 1 1
0 8 575 1 1
0 6 575 1 1
0 9 575 1 1
0 7 575 1 1
0 10 575 1 1
0 1 575 1 1
0 7 580 1 1
0 9 578 1 1
0 6 581 1 1
0 10 577 1 1
0 11 576 1 1
0 1 575 1 1
0 4 583 1 1
0 5 582 1 1
0 2 574 1 1
0 8 579 1 1
0 12 577 1 1
0 2 579 1 1
0 5 582 1 1
0 10 576 1 1
0 3 580 1 1
0 4 581 1 1
0 9 575 1 1
0 6 583 1 1
0 8 574 1 1
0 1 578 1 1
0 10 578 1 1
0 7 578 1 1
0 9 578 1 1
0 6 578 1 1
0 8 578 1 1
0 5 578 1 1
0 4 578 1 1
0 3 578 1 1
0 2 578 1 1
0 1 578 1 1
0 2 577 1 1
0 11 579 1 1
0 9 581 1 1
0 10 580 1 1
0 4 575 1 1
0 8 582 1 1
0 5 574 1 1
0 3 576 1 1
0 1 578 1 1
0 7 583 1 1
0 7 576 1 1
0 9 578 1 1
0 2 582 1 1
0 10 579 1 1
0 1 581 1 1
0 3 583 1 1
0 8 577 1 1
0 6 575 1 1
0 5 574 1 1
0 12 580 1 1
0 3 335 1 1
0 5 337 1 1
0 6 338 1 1
0 4 336 1 1
0 7 339 1 1
0 9 341 1 1
0 12 332 1 1
0 8 340 1 1
0 2 334 1 1
0 1 333 1 1
0 2 333 1 1
0 3 333 1 1
0 4 333 1 1
0 5 333 1 1
0 8 333 1 1
0 6 333 1 1
0 9 333 1 1
0 7 333 1 1
0 10 333 1 1
0 1 333 1 1
0 7 338 1 1
0 9 336 1 1
0 6 339 1 1
0 10 335 1 1
0 11 334 1 1
0 1 333 1 1
0 4 341 1 1
0 5 340 1 1
0 2 332 1 1
0 8 337 1 1
0 12 335 1 1
0 2 337 1 1
0 5 340 1 1
0 10 334 1 1
0 3 338 1 1
0 4 339 1 1
0 9 333 1 1
0 6 341 1 1
0 8 332 1 1
0 1 336 1 1
0 3 759 1 1
0 5 761 1 1
0 6 762 1 1
0 4 760 1 1
0 7 763 1 1
0 9 765 1 1
0 12 756 1 1
0 8 764 1 1
0 2 758 1 1
0 1 757 1 1
0 2 757 1 1
0 3 757 1 1
0 4 757 1 1
0 5 757 1 1
0 8 757 1 1
0 6 757 1 1
0 9 757 1 1
0 7 757 1 1
0 10 757 1 1
0 1 757 1 1
0 7 762 1 1
0 9 760 1 1
0 6 763 1 1
0 10 759 1 1
0 11 758 1 1
0 1 757 1 1
0 4 765 1 1
0 5 764 1 1
0 2 756 1 1
0 8 761 1 1
0 12 759 1 1
0 2 761 1 1
0 5 764 1 1
0 10 758 1 1
0 3 762 1 1
0 4 763 1 1
0 9 757 1 1
0 6 765 1 1
0 8 756 1 1
0 1 760 1 1
0 10 760 1 1
0 7 760 1 1
0 9 760 1 1
0 6 760 1 1
0 8 760 1 1
0 5 760 1 1
0 4 760 1 1
0 3 760 1 1
0 2 760 1 1
0 1 760 1 1
0 2 759 1 1
0 11 761 1 1
0 9 763 1 1
0 10 762 1 1
0 4 757 1 1
0 8 764 1 1
0 5 756 1 1
0 3 758 1 1
0 1 760 1 1
0 7 765 1 1
0 7 758 1 1
0 9 760 1 1
0 2 764 1 1
0 10 761 1 1
0 1 763 1 1
0 3 765 1 1
0 8 759 1 1
0 6 757 1 1
0 5 756 1 1
0 12 762 1 1
0 3 763 1 1
0 1 763 1 1
0 6 763 1 1
0 7 763 1 1
0 4 763 1 1
0 5 763 1 1
0 10 763 1 1
0 8 763 1 1
0 2 763 1 1
0 9 763 1 1
0 6 758 1 1
0 1 763 1 1
0 11 764 1 1
0 4 760 1 1
0 10 765 1 1
0 2 762 1 1
0 3 761 1 1
0 7 757 1 1
0 8 756 1 1
0 5 759 1 1
0 3 173 1 1
0 5 175 1 1
0 6 176 1 1
0 4 174 1 1
0 7 177 1 1
0 9 179 1 1
0 12 170 1 1
0 8 178 1 1
0 2 172 1 1
0 1 171 1 1
0 2 171 1 1
0 3 171 1 1
0 4 171 1 1
0 5 171 1 1
0 8 171 1 1
0 6 171 1 1
0 9 171 1 1
0 7 171 1 1
0 10 171 1 1
0 1 171 1 1
0 3 175 1 1
0 5 177 1 1
0 6 178 1 1
0 4 176 1 1
0 7 179 1 1
0 9 181 1 1
0 12 172 1 1
0 8 180 1 1
0 2 174 1 1
0 1 173 1 1
0 2 173 1 1
0 3 173 1 1
0 4 173 1 1
0 5 173 1 1
0 8 173 1 1
0 6 173 1 1
0 9 173 1 1
0 7 173 1 1
0 10 173 1 1
0 1 173 1 1
0 3 525 1 1
0 5 527 1 1
0 6 528 1 1
0 4 526 1 1
0 7 529 1 1
0 9 531 1 1
0 12 522 1 1
0 8 530 1 1
0 2 524 1 1
0 1 523 1 1
0 2 523 1 1
0 3 523 1 1
0 4 523 1 1
0 5 523 1 1
0 8 523 1 1
0 6 523 1 1
0 9 523 1 1
0 7 523 1 1
0 10 523 1 1
0 1 523 1 1
0 7 528 1 1
0 9 526 1 1
0 6 529 1 1
0 10 525 1 1
0 11 524 1 1
0 1 523 1 1
0 4 531 1 1
0 5 530 1 1
0 2 522 1 1
0 8 527 1 1
0 12 525 1 1
0 2 527 1 1
0 5 530 1 1
0 10 524 1 1
0 3 528 1 1
0 4 529 1 1
0 9 523 1 1
0 6 531 1 1
0 8 522 1 1
0 1 526 1 1
0 10 526 1 1
0 7 526 1 1
0 9 526 1 1
0 6 526 1 1
0 8 526 1 1
0 5 526 1 1
0 4 526 1 1
0 3 526 1 1
0 2 526 1 1
0 1 526 1 1
0 2 525 1 1
0 11 527 1 1
0 9 529 1 1
0 10 528 1 1
0 4 523 1 1
0 8 530 1 1
0 5 522 1 1
0 3 524 1 1
0 1 526 1 1
0 7 531 1 1
0 3 267 1 1
0 5 269 1 1
0 6 270 1 1
0 4 268 1 1
0 7 271 1 1
0 9 273 1 1
0 12 264 1 1
0 8 272 1 1
0 2 266 1 1
0 1 265 1 1
0 2 265 1 1
0 3 265 1 1
0 4 265 1 1
0 5 265 1 1
0 8 265 1 1
0 6 265 1 1
0 9 265 1 1
0 7 265 1 1
0 10 265 1 1
0 1 265 1 1
0 7 270 1 1
0 9 268 1 1
0 6 271 1 1
0 10 267 1 1
0 11 266 1 1
0 1 265 1 1
0 4 273 1 1
0 5 272 1 1
0 2 264 1 1
0 8 269 1 1
0 3 270 1 1
0 5 272 1 1
0 6 273 1 1
0 4 271 1 1
0 7 274 1 1
0 9 276 1 1
0 12 267 1 1
0 8 275 1 1
0 2 269 1 1
0 1 268 1 1
0 2 268 1 1
0 3 268 1 1
0 4 268 1 1
0 5 268 1 1
0 8 268 1 1
0 6 268 1 1
0 9 268 1 1
0 7 268 1 1
0 10 268 1 1
0 1 268 1 1
0 7 273 1 1
0 9 271 1 1
0 6 274 1 1
0 10 270 1 1
0 11 269 1 1
0 1 268 1 1
0 4 276 1 1
0 5 275 1 1
0 2 267 1 1
0 8 272 1 1
0 3 723 1 1
0 5 725 1 1
0 6 726 1 1
0 4 724 1 1
0 7 727 1 1
0 9 729 1 1
0 12 720 1 1
0 8 728 1 1
0 2 722 1 1
0 1 721 1 1
0 2 721 1 1
0 3 721 1 1
0 4 721 1 1
0 5 721 1 1
0 8 721 1 1
0 6 721 1 1
0 9 721 1 1
0 7 721 1 1
0 10 721 1 1
0 1 721 1 1
0 7 726 1 1
0 9 724 1 1
0 6 727 1 1
0 10 723 1 1
0 11 722 1 1
0 1 721 1 1
0 4 729 1 1
0 5 728 1 1
0 2 720 1 1
0 8 725 1 1
0 12 723 1 1
0 2 725 1 1
0 5 728 1 1
0 10 722 1 1
0 3 726 1 1
0 4 727 1 1
0 9 721 1 1
0 6 729 1 1
0 8 720 1 1
0 1 724 1 1
0 10 724 1 1
0 7 724 1 1
0 9 724 1 1
0 6 724 1 1
0 8 724 1 1
0 5 724 1 1
0 4 724 1 1
0 3 724 1 1
0 2 724 1 1
0 1 724 1 1
0 2 723 1 1
0 11 725 1 1
0 9 727 1 1
0 10 726 1 1
0 4 721 1 1
0 8 728 1 1
0 5 720 1 1
0 3 722 1 1
0 1 724 1 1
0 7 729 1 1
0 7 722 1 1
0 9 724 1 1
0 2 728 1 1
0 10 725 1 1
0 1 727 1 1
0 3 729 1 1
0 8 723 1 1
0 6 721 1 1
0 5 720 1 1
0 12 726 1 1
0 3 727 1 1
0 1 727 1 1
0 6 727 1 1
0 7 727 1 1
0 4 727 1 1
0 5 727 1 1
0 10 727 1 1
0 8 727 1 1
0 2 727 1 1
0 9 727 1 1
0 3 367 1 1
0 5 369 1 1
0 6 370 1 1
0 4 368 1 1
0 7 371 1 1
0 9 373 1 1
0 12 364 1 1
0 8 372 1 1
0 2 366 1 1
0 1 365 1 1
0 2 365 1 1
0 3 365 1 1
0 4 365 1 1
0 5 365 1 1
0 8 365 1 1
0 6 365 1 1
0 9 365 1 1
0 7 365 1 1
0 10 365 1 1
0 1 365 1 1
0 7 370 1 1
0 9 368 1 1
0 6 371 1 1
0 10 367 1 1
0 11 366 1 1
0 1 365 1 1
0 4 373 1 1
0 5 372 1 1
0 2 364 1 1
0 8 369 1 1
0 12 367 1 1
0 2 369 1 1
0 5 372 1 1
0 10 366 1 1
0 3 370 1 1
0 4 371 1 1
0 9 365 1 1
0 6 373 1 1
0 8 364 1 1
0 1 368 1 1
0 3 371 1 1
0 5 373 1 1
0 6 374 1 1
0 4 372 1 1
0 7 375 1 1
0 9 377 1 1
0 12 368 1 1
0 8 376 1 1
0 2 370 1 1
0 1 369 1 1
0 2 369 1 1
0 3 369 1 1
0 4 369 1 1
0 5 369 1 1
0 8 369 1 1
0 6 369 1 1
0 9 369 1 1
0 7 369 1 1
0 10 369 1 1
0 1 369 1 1
0 7 374 1 1
0 9 372 1 1
0 6 375 1 1
0 10 371 1 1
0 11 370 1 1
0 1 369 1 1
0 4 377 1 1
0 5 376 1 1
0 2 368 1 1
0 8 373 1 1
0 12 371 1 1
0 2 373 1 1
0 5 376 1 1
0 10 370 1 1
0 3 374 1 1
0 4 375 1 1
0 9 369 1 1
0 6 377 1 1
0 8 368 1 1
0 1 372 1 1
0 3 654 1 1
0 5 656 1 1
0 6 657 1 1
0 4 655 1 1
0 7 658 1 1
0 9 660 1 1
0 12 651 1 1
0 8 659 1 1
0 2 653 1 1
0 1 652 1 1
0 2 652 1 1
0 3 652 1 1
0 4 652 1 1
0 5 652 1 1
0 8 652 1 1
0 6 652 1 1
0 9 652 1 1
0 7 652 1 1
0 10 652 1 1
0 1 652 1 1
0 7 657 1 1
0 9 655 1 1
0 6 658 1 1
0 10 654 1 1
0 11 653 1 1
0 1 652 1 1
0 4 660 1 1
0 5 659 1 1
0 2 651 1 1
0 8 656 1 1
0 12 654 1 1
0 2 656 1 1
0 5 659 1 1
0 10 653 1 1
0 3 657 1 1
0 4 658 1 1
0 9 652 1 1
0 6 660 1 1
0 8 651 1 1
0 1 655 1 1
0 10 655 1 1
0 7 655 1 1
0 9 655 1 1
0 6 655 1 1
0 8 655 1 1
0 5 655 1 1
0 4 655 1 1
0 3 655 1 1
0 2 655 1 1
0 1 655 1 1
0 2 654 1 1
0 11 656 1 1
0 9 658 1 1
0 10 657 1 1
0 4 652 1 1
0 8 659 1 1
0 5 651 1 1
0 3 653 1 1
0 1 655 1 1
0 7 660 1 1
0 7 653 1 1
0 9 655 1 1
0 2 659 1 1
0 10 656 1 1
0 1 658 1 1
0 3 660 1 1
0 8 654 1 1
0 6 652 1 1
0 5 651 1 1
0 12 657 1 1
0 3 285 1 1
0 5 287 1 1
0 6 288 1 1
0 4 286 1 1
0 7 289 1 1
0 9 291 1 1
0 12 282 1 1
0 8 290 1 1
0 2 284 1 1
0 1 283 1 1
0 2 283 1 1
0 3 283 1 1
0 4 283 1 1
0 5 283 1 1
0 8 283 1 1
0 6 283 1 1
0 9 283 1 1
0 7 283 1 1
0 10 283 1 1
0 1 283 1 1
0 7 288 1 1
0 9 286 1 1
0 6 289 1 1
0 10 285 1 1
0 11 284 1 1
0 1 283 1 1
0 4 291 1 1
0 5 290 1 1
0 2 282 1 1
0 8 287 1 1
0 3 193 1 1
0 5 195 1 1
0 6 196 1 1
0 4 194 1 1
0 7 197 1 1
0 9 199 1 1
0 12 190 1 1
0 8 198 1 1
0 2 192 1 1
0 1 191 1 1
0 2 191 1 1
0 3 191 1 1
0 4 191 1 1
0 5 191 1 1
0 8 191 1 1
0 6 191 1 1
0 9 191 1 1
0 7 191 1 1
0 10 191 1 1
0 1 191 1 1
0 3 291 1 1
0 5 293 1 1
0 6 294 1 1
0 4 292 1 1
0 7 295 1 1
0 9 297 1 1
0 12 288 1 1
0 8 296 1 1
0 2 290 1 1
0 1 289 1 1
0 2 289 1 1
0 3 289 1 1
0 4 289 1 1
0 5 289 1 1
0 8 289 1 1
0 6 289 1 1
0 9 289 1 1
0 7 289 1 1
0 10 289 1 1
0 1 289 1 1
0 7 294 1 1
0 9 292 1 1
0 6 295 1 1
0 10 291 1 1
0 11 290 1 1
0 1 289 1 1
0 4 297 1 1
0 5 296 1 1
0 2 288 1 1
0 8 293 1 1
0 3 876 1 1
0 5 878 1 1
0 6 879 1 1
0 4 877 1 1
0 7 880 1 1
0 9 882 1 1
0 12 873 1 1
0 8 881 1 1
0 2 875 1 1
0 1 874 1 1
0 2 874 1 1
0 3 874 1 1
0 4 874 1 1
0 5 874 1 1
0 8 874 1 1
0 6 874 1 1
0 9 874 1 1
0 7 874 1 1
0 10 874 1 1
0 1 874 1 1
0 7 879 1 1
0 9 877 1 1
0 6 880 1 1
0 10 876 1 1
0 11 875 1 1
0 1 874 1 1
0 4 882 1 1
0 5 881 1 1
0 2 873 1 1
0 8 878 1 1
0 12 876 1 1
0 2 878 1 1
0 5 881 1 1
0 10 875 1 1
0 3 879 1 1
0 4 880 1 1
0 9 874 1 1
0 6 882 1 1
0 8 873 1 1
0 1 877 1 1
0 10 877 1 1
0 7 877 1 1
0 9 877 1 1
0 6 877 1 1
0 8 877 1 1
0 5 877 1 1
0 4 877 1 1
0 3 877 1 1
0 2 877 1 1
0 1 877 1 1
0 2 876 1 1
0 11 878 1 1
0 9 880 1 1
0 10 879 1 1
0 4 874 1 1
0 8 881 1 1
0 5 873 1 1
0 3 875 1 1
0 1 877 1 1
0 7 882 1 1
0 7 875 1 1
0 9 877 1 1
0 2 881 1 1
0 10 878 1 1
0 1 880 1 1
0 3 882 1 1
0 8 876 1 1
0 6 874 1 1
0 5 873 1 1
0 12 879 1 1
0 3 880 1 1
0 1 880 1 1
0 6 880 1 1
0 7 880 1 1
0 4 880 1 1
0 5 880 1 1
0 10 880 1 1
0 8 880 1 1
0 2 880 1 1
0 9 880 1 1
0 6 875 1 1
0 1 880 1 1
0 11 881 1 1
0 4 877 1 1
0 10 882 1 1
0 2 879 1 1
0 3 878 1 1
0 7 874 1 1
0 8 873 1 1
0 5 876 1 1
0 3 885 1 1
0 5 887 1 1
0 6 888 1 1
0 4 886 1 1
0 7 889 1 1
0 9 891 1 1
0 12 882 1 1
0 8 890 1 1
0 2 884 1 1
0 1 883 1 1
0 2 883 1 1
0 3 883 1 1
0 4 883 1 1
0 5 883 1 1
0 8 883 1 1
0 6 883 1 1
0 9 883 1 1
0 7 883 1 1
0 10 883 1 1
0 1 883 1 1
0 7 888 1 1
0 9 886 1 1
0 6 889 1 1
0 10 885 1 1
0 11 884 1 1
0 1 883 1 1
0 4 891 1 1
0 5 890 1 1
0 2 882 1 1
0 8 887 1 1
0 12 885 1 1
0 2 887 1 1
0 5 890 1 1
0 10 884 1 1
0 3 888 1 1
0 4 889 1 1
0 9 883 1 1
0 6 891 1 1
0 8 882 1 1
0 1 886 1 1
0 10 886 1 1
0 7 886 1 1
0 9 886 1 1
0 6 886 1 1
0 8 886 1 1
0 5 886 1 1
0 4 886 1 1
0 3 886 1 1
0 2 886 1 1
0 1 886 1 1
0 2 885 1 1
0 11 887 1 1
0 9 889 1 1
0 10 888 1 1
0 4 883 1 1
0 8 890 1 1
0 5 882 1 1
0 3 884 1 1
0 1 886 1 1
0 7 891 1 1
0 7 884 1 1
0 9 886 1 1
0 2 890 1 1
0 10 887 1 1
0 1 889 1 1
0 3 891 1 1
0 8 885 1 1
0 6 883 1 1
0 5 882 1 1
0 12 888 1 1
0 3 889 1 1
0 1 889 1 1
0 6 889 1 1
0 7 889 1 1
0 4 889 1 1
0 5 889 1 1
0 10 889 1 1
0 8 889 1 1
0 2 889 1 1
0 9 889 1 1
0 6 884 1 1
0 1 889 1 1
0 11 890 1 1
0 4 886 1 1
0 10 891 1 1
0 2 888 1 1
0 3 887 1 1
0 7 883 1 1
0 8 882 1 1
0 5 885 1 1
0 3 795 1 1
0 5 797 1 1
0 6 798 1 1
0 4 796 1 1
0 7 799 1 1
0 9 801 1 1
0 12 792 1 1
0 8 800 1 1
0 2 794 1 1
0 1 793 1 1
0 2 793 1 1
0 3 793 1 1
0 4 793 1 1
0 5 793 1 1
0 8 793 1 1
0 6 793 1 1
0 9 793 1 1
0 7 793 1 1
0 10 793 1 1
0 1 793 1 1
0 7 798 1 1
0 9 796 1 1
0 6 799 1 1
0 10 795 1 1
0 11 794 1 1
0 1 793 1 1
0 4 801 1 1
0 5 800 1 1
0 2 792 1 1
0 8 797 1 1
0 12 795 1 1
0 2 797 1 1
0 5 800 1 1
0 10 794 1 1
0 3 798 1 1
0 4 799 1 1
0 9 793 1 1
0 6 801 1 1
0 8 792 1 1
0 1 796 1 1
0 10 796 1 1
0 7 796 1 1
0 9 796 1 1
0 6 796 1 1
0 8 796 1 1
0 5 796 1 1
0 4 796 1 1
0 3 796 1 1
0 2 796 1 1
0 1 796 1 1
0 2 795 1 1
0 11 797 1 1
0 9 799 1 1
0 10 798 1 1
0 4 793 1 1
0 8 800 1 1
0 5 792 1 1
0 3 794 1 1
0 1 796 1 1
0 7 801 1 1
0 7 794 1 1
0 9 796 1 1
0 2 800 1 1
0 10 797 1 1
0 1 799 1 1
0 3 801 1 1
0 8 795 1 1
0 6 793 1 1
0 5 792 1 1
0 12 798 1 1
0 3 799 1 1
0 1 799 1 1
0 6 799 1 1
0 7 799 1 1
0 4 799 1 1
0 5 799 1 1
0 10 799 1 1
0 8 799 1 1
0 2 799 1 1
0 9 799 1 1
