0 3 3 1 1
0 5 5 1 1
0 4 4 1 1
0 2 2 1 1
0 8 0 1 1
0 1 1 1 1
0 2 1 1 1
0 3 1 1 1
0 4 1 1 1
0 5 1 1 1
0 6 1 1 1
0 1 1 1 1
0 3 5 1 1
0 5 7 1 1
0 4 6 1 1
0 2 4 1 1
0 8 2 1 1
0 1 3 1 1
0 2 3 1 1
0 3 3 1 1
0 4 3 1 1
0 5 3 1 1
0 6 3 1 1
0 1 3 1 1
0 3 9 1 1
0 5 11 1 1
0 4 10 1 1
0 2 8 1 1
0 8 6 1 1
0 1 7 1 1
0 2 7 1 1
0 3 7 1 1
0 4 7 1 1
0 5 7 1 1
0 6 7 1 1
0 1 7 1 1
0 7 8 1 1
0 4 11 1 1
0 5 10 1 1
0 1 7 1 1
0 6 9 1 1
0 2 6 1 1
0 3 9 1 1
0 5 11 1 1
0 4 10 1 1
0 2 8 1 1
0 8 6 1 1
0 1 7 1 1
0 2 7 1 1
0 3 7 1 1
0 4 7 1 1
0 5 7 1 1
0 6 7 1 1
0 1 7 1 1
0 3 15 1 1
0 5 17 1 1
0 4 16 1 1
0 2 14 1 1
0 8 12 1 1
0 1 13 1 1
0 2 13 1 1
0 3 13 1 1
0 4 13 1 1
0 5 13 1 1
0 6 13 1 1
0 1 13 1 1
0 7 14 1 1
0 4 17 1 1
0 5 16 1 1
0 1 13 1 1
0 6 15 1 1
0 2 12 1 1
0 3 8 1 1
0 5 10 1 1
0 4 9 1 1
0 2 7 1 1
0 8 5 1 1
0 1 6 1 1
0 3 27 1 1
0 5 29 1 1
0 4 28 1 1
0 2 26 1 1
0 8 24 1 1
0 1 25 1 1
0 2 25 1 1
0 3 25 1 1
0 4 25 1 1
0 5 25 1 1
0 6 25 1 1
0 1 25 1 1
0 7 26 1 1
0 4 29 1 1
0 5 28 1 1
0 1 25 1 1
0 6 27 1 1
0 2 24 1 1
0 6 26 1 1
0 2 29 1 1
0 8 27 1 1
0 5 25 1 1
0 4 24 1 1
0 1 28 1 1
0 3 31 1 1
0 5 33 1 1
0 4 32 1 1
0 2 30 1 1
0 8 28 1 1
0 1 29 1 1
0 2 29 1 1
0 3 29 1 1
0 4 29 1 1
0 5 29 1 1
0 6 29 1 1
0 1 29 1 1
0 7 30 1 1
0 4 33 1 1
0 5 32 1 1
0 1 29 1 1
0 6 31 1 1
0 2 28 1 1
0 6 30 1 1
0 2 33 1 1
0 8 31 1 1
0 5 29 1 1
0 4 28 1 1
0 1 32 1 1
0 3 19 1 1
0 5 21 1 1
0 4 20 1 1
0 2 18 1 1
0 8 16 1 1
0 1 17 1 1
0 2 17 1 1
0 3 17 1 1
0 4 17 1 1
0 5 17 1 1
0 6 17 1 1
0 1 17 1 1
0 3 12 1 1
0 5 14 1 1
0 4 13 1 1
0 2 11 1 1
0 8 9 1 1
0 1 10 1 1
0 3 53 1 1
0 5 55 1 1
0 4 54 1 1
0 2 52 1 1
0 8 50 1 1
0 1 51 1 1
0 2 51 1 1
0 3 51 1 1
0 4 51 1 1
0 5 51 1 1
0 6 51 1 1
0 1 51 1 1
0 7 52 1 1
0 4 55 1 1
0 5 54 1 1
0 1 51 1 1
0 6 53 1 1
0 2 50 1 1
0 6 52 1 1
0 2 55 1 1
0 8 53 1 1
0 5 51 1 1
0 4 50 1 1
0 1 54 1 1
0 6 54 1 1
0 5 54 1 1
0 4 54 1 1
0 3 54 1 1
0 2 54 1 1
0 1 54 1 1
0 3 58 1 1
0 5 60 1 1
0 4 59 1 1
0 2 57 1 1
0 8 55 1 1
0 1 56 1 1
0 2 56 1 1
0 3 56 1 1
0 4 56 1 1
0 5 56 1 1
0 6 56 1 1
0 1 56 1 1
0 7 57 1 1
0 4 60 1 1
0 5 59 1 1
0 1 56 1 1
0 6 58 1 1
0 2 55 1 1
0 6 57 1 1
0 2 60 1 1
0 8 58 1 1
0 5 56 1 1
0 4 55 1 1
0 1 59 1 1
0 6 59 1 1
0 5 59 1 1
0 4 59 1 1
0 3 59 1 1
0 2 59 1 1
0 1 59 1 1
0 3 27 1 1
0 5 29 1 1
0 4 28 1 1
0 2 26 1 1
0 8 24 1 1
0 1 25 1 1
0 2 25 1 1
0 3 25 1 1
0 4 25 1 1
0 5 25 1 1
0 6 25 1 1
0 1 25 1 1
0 3 68 1 1
0 5 70 1 1
0 4 69 1 1
0 2 67 1 1
0 8 65 1 1
0 1 66 1 1
0 2 66 1 1
0 3 66 1 1
0 4 66 1 1
0 5 66 1 1
0 6 66 1 1
0 1 66 1 1
0 7 67 1 1
0 4 70 1 1
0 5 69 1 1
0 1 66 1 1
0 6 68 1 1
0 2 65 1 1
0 6 67 1 1
0 2 70 1 1
0 8 68 1 1
0 5 66 1 1
0 4 65 1 1
0 1 69 1 1
0 6 69 1 1
0 5 69 1 1
0 4 69 1 1
0 3 69 1 1
0 2 69 1 1
0 1 69 1 1
0 3 45 1 1
0 5 47 1 1
0 4 46 1 1
0 2 44 1 1
0 8 42 1 1
0 1 43 1 1
0 2 43 1 1
0 3 43 1 1
0 4 43 1 1
0 5 43 1 1
0 6 43 1 1
0 1 43 1 1
0 7 44 1 1
0 4 47 1 1
0 5 46 1 1
0 1 43 1 1
0 6 45 1 1
0 2 42 1 1
0 3 33 1 1
0 5 35 1 1
0 4 34 1 1
0 2 32 1 1
0 8 30 1 1
0 1 31 1 1
0 2 31 1 1
0 3 31 1 1
0 4 31 1 1
0 5 31 1 1
0 6 31 1 1
0 1 31 1 1
0 3 83 1 1
0 5 85 1 1
0 4 84 1 1
0 2 82 1 1
0 8 80 1 1
0 1 81 1 1
0 2 81 1 1
0 3 81 1 1
0 4 81 1 1
0 5 81 1 1
0 6 81 1 1
0 1 81 1 1
0 7 82 1 1
0 4 85 1 1
0 5 84 1 1
0 1 81 1 1
0 6 83 1 1
0 2 80 1 1
0 6 82 1 1
0 2 85 1 1
0 8 83 1 1
0 5 81 1 1
0 4 80 1 1
0 1 84 1 1
0 6 84 1 1
0 5 84 1 1
0 4 84 1 1
0 3 84 1 1
0 2 84 1 1
0 1 84 1 1
0 3 88 1 1
0 5 90 1 1
0 4 89 1 1
0 2 87 1 1
0 8 85 1 1
0 1 86 1 1
0 2 86 1 1
0 3 86 1 1
0 4 86 1 1
0 5 86 1 1
0 6 86 1 1
0 1 86 1 1
0 7 87 1 1
0 4 90 1 1
0 5 89 1 1
0 1 86 1 1
0 6 88 1 1
0 2 85 1 1
0 6 87 1 1
0 2 90 1 1
0 8 88 1 1
0 5 86 1 1
0 4 85 1 1
0 1 89 1 1
0 6 89 1 1
0 5 89 1 1
0 4 89 1 1
0 3 89 1 1
0 2 89 1 1
0 1 89 1 1
0 3 75 1 1
0 5 77 1 1
0 4 76 1 1
0 2 74 1 1
0 8 72 1 1
0 1 73 1 1
0 2 73 1 1
0 3 73 1 1
0 4 73 1 1
0 5 73 1 1
0 6 73 1 1
0 1 73 1 1
0 7 74 1 1
0 4 77 1 1
0 5 76 1 1
0 1 73 1 1
0 6 75 1 1
0 2 72 1 1
0 6 74 1 1
0 2 77 1 1
0 8 75 1 1
0 5 73 1 1
0 4 72 1 1
0 1 76 1 1
0 3 22 1 1
0 5 24 1 1
0 4 23 1 1
0 2 21 1 1
0 8 19 1 1
0 1 20 1 1
0 3 43 1 1
0 5 45 1 1
0 4 44 1 1
0 2 42 1 1
0 8 40 1 1
0 1 41 1 1
0 2 41 1 1
0 3 41 1 1
0 4 41 1 1
0 5 41 1 1
0 6 41 1 1
0 1 41 1 1
0 3 87 1 1
0 5 89 1 1
0 4 88 1 1
0 2 86 1 1
0 8 84 1 1
0 1 85 1 1
0 2 85 1 1
0 3 85 1 1
0 4 85 1 1
0 5 85 1 1
0 6 85 1 1
0 1 85 1 1
0 7 86 1 1
0 4 89 1 1
0 5 88 1 1
0 1 85 1 1
0 6 87 1 1
0 2 84 1 1
0 6 86 1 1
0 2 89 1 1
0 8 87 1 1
0 5 85 1 1
0 4 84 1 1
0 1 88 1 1
0 3 47 1 1
0 5 49 1 1
0 4 48 1 1
0 2 46 1 1
0 8 44 1 1
0 1 45 1 1
0 2 45 1 1
0 3 45 1 1
0 4 45 1 1
0 5 45 1 1
0 6 45 1 1
0 1 45 1 1
0 3 72 1 1
0 5 74 1 1
0 4 73 1 1
0 2 71 1 1
0 8 69 1 1
0 1 70 1 1
0 2 70 1 1
0 3 70 1 1
0 4 70 1 1
0 5 70 1 1
0 6 70 1 1
0 1 70 1 1
0 7 71 1 1
0 4 74 1 1
0 5 73 1 1
0 1 70 1 1
0 6 72 1 1
0 2 69 1 1
0 3 99 1 1
0 5 101 1 1
0 4 100 1 1
0 2 98 1 1
0 8 96 1 1
0 1 97 1 1
0 2 97 1 1
0 3 97 1 1
0 4 97 1 1
0 5 97 1 1
0 6 97 1 1
0 1 97 1 1
0 7 98 1 1
0 4 101 1 1
0 5 100 1 1
0 1 97 1 1
0 6 99 1 1
0 2 96 1 1
0 6 98 1 1
0 2 101 1 1
0 8 99 1 1
0 5 97 1 1
0 4 96 1 1
0 1 100 1 1
0 3 78 1 1
0 5 80 1 1
0 4 79 1 1
0 2 77 1 1
0 8 75 1 1
0 1 76 1 1
0 2 76 1 1
0 3 76 1 1
0 4 76 1 1
0 5 76 1 1
0 6 76 1 1
0 1 76 1 1
0 7 77 1 1
0 4 80 1 1
0 5 79 1 1
0 1 76 1 1
0 6 78 1 1
0 2 75 1 1
0 3 107 1 1
0 5 109 1 1
0 4 108 1 1
0 2 106 1 1
0 8 104 1 1
0 1 105 1 1
0 2 105 1 1
0 3 105 1 1
0 4 105 1 1
0 5 105 1 1
0 6 105 1 1
0 1 105 1 1
0 7 106 1 1
0 4 109 1 1
0 5 108 1 1
0 1 105 1 1
0 6 107 1 1
0 2 104 1 1
0 6 106 1 1
0 2 109 1 1
0 8 107 1 1
0 5 105 1 1
0 4 104 1 1
0 1 108 1 1
0 3 84 1 1
0 5 86 1 1
0 4 85 1 1
0 2 83 1 1
0 8 81 1 1
0 1 82 1 1
0 2 82 1 1
0 3 82 1 1
0 4 82 1 1
0 5 82 1 1
0 6 82 1 1
0 1 82 1 1
0 7 83 1 1
0 4 86 1 1
0 5 85 1 1
0 1 82 1 1
0 6 84 1 1
0 2 81 1 1
0 3 87 1 1
0 5 89 1 1
0 4 88 1 1
0 2 86 1 1
0 8 84 1 1
0 1 85 1 1
0 2 85 1 1
0 3 85 1 1
0 4 85 1 1
0 5 85 1 1
0 6 85 1 1
0 1 85 1 1
0 7 86 1 1
0 4 89 1 1
0 5 88 1 1
0 1 85 1 1
0 6 87 1 1
0 2 84 1 1
0 3 148 1 1
0 5 150 1 1
0 4 149 1 1
0 2 147 1 1
0 8 145 1 1
0 1 146 1 1
0 2 146 1 1
0 3 146 1 1
0 4 146 1 1
0 5 146 1 1
0 6 146 1 1
0 1 146 1 1
0 7 147 1 1
0 4 150 1 1
0 5 149 1 1
0 1 146 1 1
0 6 148 1 1
0 2 145 1 1
0 6 147 1 1
0 2 150 1 1
0 8 148 1 1
0 5 146 1 1
0 4 145 1 1
0 1 149 1 1
0 6 149 1 1
0 5 149 1 1
0 4 149 1 1
0 3 149 1 1
0 2 149 1 1
0 1 149 1 1
0 3 33 1 1
0 5 35 1 1
0 4 34 1 1
0 2 32 1 1
0 8 30 1 1
0 1 31 1 1
0 3 65 1 1
0 5 67 1 1
0 4 66 1 1
0 2 64 1 1
0 8 62 1 1
0 1 63 1 1
0 2 63 1 1
0 3 63 1 1
0 4 63 1 1
0 5 63 1 1
0 6 63 1 1
0 1 63 1 1
0 3 163 1 1
0 5 165 1 1
0 4 164 1 1
0 2 162 1 1
0 8 160 1 1
0 1 161 1 1
0 2 161 1 1
0 3 161 1 1
0 4 161 1 1
0 5 161 1 1
0 6 161 1 1
0 1 161 1 1
0 7 162 1 1
0 4 165 1 1
0 5 164 1 1
0 1 161 1 1
0 6 163 1 1
0 2 160 1 1
0 6 162 1 1
0 2 165 1 1
0 8 163 1 1
0 5 161 1 1
0 4 160 1 1
0 1 164 1 1
0 6 164 1 1
0 5 164 1 1
0 4 164 1 1
0 3 164 1 1
0 2 164 1 1
0 1 164 1 1
0 3 102 1 1
0 5 104 1 1
0 4 103 1 1
0 2 101 1 1
0 8 99 1 1
0 1 100 1 1
0 2 100 1 1
0 3 100 1 1
0 4 100 1 1
0 5 100 1 1
0 6 100 1 1
0 1 100 1 1
0 7 101 1 1
0 4 104 1 1
0 5 103 1 1
0 1 100 1 1
0 6 102 1 1
0 2 99 1 1
0 3 173 1 1
0 5 175 1 1
0 4 174 1 1
0 2 172 1 1
0 8 170 1 1
0 1 171 1 1
0 2 171 1 1
0 3 171 1 1
0 4 171 1 1
0 5 171 1 1
0 6 171 1 1
0 1 171 1 1
0 7 172 1 1
0 4 175 1 1
0 5 174 1 1
0 1 171 1 1
0 6 173 1 1
0 2 170 1 1
0 6 172 1 1
0 2 175 1 1
0 8 173 1 1
0 5 171 1 1
0 4 170 1 1
0 1 174 1 1
0 6 174 1 1
0 5 174 1 1
0 4 174 1 1
0 3 174 1 1
0 2 174 1 1
0 1 174 1 1
0 3 108 1 1
0 5 110 1 1
0 4 109 1 1
0 2 107 1 1
0 8 105 1 1
0 1 106 1 1
0 2 106 1 1
0 3 106 1 1
0 4 106 1 1
0 5 106 1 1
0 6 106 1 1
0 1 106 1 1
0 7 107 1 1
0 4 110 1 1
0 5 109 1 1
0 1 106 1 1
0 6 108 1 1
0 2 105 1 1
0 3 183 1 1
0 5 185 1 1
0 4 184 1 1
0 2 182 1 1
0 8 180 1 1
0 1 181 1 1
0 2 181 1 1
0 3 181 1 1
0 4 181 1 1
0 5 181 1 1
0 6 181 1 1
0 1 181 1 1
0 7 182 1 1
0 4 185 1 1
0 5 184 1 1
0 1 181 1 1
0 6 183 1 1
0 2 180 1 1
0 6 182 1 1
0 2 185 1 1
0 8 183 1 1
0 5 181 1 1
0 4 180 1 1
0 1 184 1 1
0 6 184 1 1
0 5 184 1 1
0 4 184 1 1
0 3 184 1 1
0 2 184 1 1
0 1 184 1 1
0 3 40 1 1
0 5 42 1 1
0 4 41 1 1
0 2 39 1 1
0 8 37 1 1
0 1 38 1 1
0 3 117 1 1
0 5 119 1 1
0 4 118 1 1
0 2 116 1 1
0 8 114 1 1
0 1 115 1 1
0 2 115 1 1
0 3 115 1 1
0 4 115 1 1
0 5 115 1 1
0 6 115 1 1
0 1 115 1 1
0 7 116 1 1
0 4 119 1 1
0 5 118 1 1
0 1 115 1 1
0 6 117 1 1
0 2 114 1 1
0 3 198 1 1
0 5 200 1 1
0 4 199 1 1
0 2 197 1 1
0 8 195 1 1
0 1 196 1 1
0 2 196 1 1
0 3 196 1 1
0 4 196 1 1
0 5 196 1 1
0 6 196 1 1
0 1 196 1 1
0 7 197 1 1
0 4 200 1 1
0 5 199 1 1
0 1 196 1 1
0 6 198 1 1
0 2 195 1 1
0 6 197 1 1
0 2 200 1 1
0 8 198 1 1
0 5 196 1 1
0 4 195 1 1
0 1 199 1 1
0 6 199 1 1
0 5 199 1 1
0 4 199 1 1
0 3 199 1 1
0 2 199 1 1
0 1 199 1 1
0 3 83 1 1
0 5 85 1 1
0 4 84 1 1
0 2 82 1 1
0 8 80 1 1
0 1 81 1 1
0 2 81 1 1
0 3 81 1 1
0 4 81 1 1
0 5 81 1 1
0 6 81 1 1
0 1 81 1 1
0 3 126 1 1
0 5 128 1 1
0 4 127 1 1
0 2 125 1 1
0 8 123 1 1
0 1 124 1 1
0 2 124 1 1
0 3 124 1 1
0 4 124 1 1
0 5 124 1 1
0 6 124 1 1
0 1 124 1 1
0 7 125 1 1
0 4 128 1 1
0 5 127 1 1
0 1 124 1 1
0 6 126 1 1
0 2 123 1 1
0 3 129 1 1
0 5 131 1 1
0 4 130 1 1
0 2 128 1 1
0 8 126 1 1
0 1 127 1 1
0 2 127 1 1
0 3 127 1 1
0 4 127 1 1
0 5 127 1 1
0 6 127 1 1
0 1 127 1 1
0 7 128 1 1
0 4 131 1 1
0 5 130 1 1
0 1 127 1 1
0 6 129 1 1
0 2 126 1 1
0 3 175 1 1
0 5 177 1 1
0 4 176 1 1
0 2 174 1 1
0 8 172 1 1
0 1 173 1 1
0 2 173 1 1
0 3 173 1 1
0 4 173 1 1
0 5 173 1 1
0 6 173 1 1
0 1 173 1 1
0 7 174 1 1
0 4 177 1 1
0 5 176 1 1
0 1 173 1 1
0 6 175 1 1
0 2 172 1 1
0 6 174 1 1
0 2 177 1 1
0 8 175 1 1
0 5 173 1 1
0 4 172 1 1
0 1 176 1 1
0 3 179 1 1
0 5 181 1 1
0 4 180 1 1
0 2 178 1 1
0 8 176 1 1
0 1 177 1 1
0 2 177 1 1
0 3 177 1 1
0 4 177 1 1
0 5 177 1 1
0 6 177 1 1
0 1 177 1 1
0 7 178 1 1
0 4 181 1 1
0 5 180 1 1
0 1 177 1 1
0 6 179 1 1
0 2 176 1 1
0 6 178 1 1
0 2 181 1 1
0 8 179 1 1
0 5 177 1 1
0 4 176 1 1
0 1 180 1 1
0 3 183 1 1
0 5 185 1 1
0 4 184 1 1
0 2 182 1 1
0 8 180 1 1
0 1 181 1 1
0 2 181 1 1
0 3 181 1 1
0 4 181 1 1
0 5 181 1 1
0 6 181 1 1
0 1 181 1 1
0 7 182 1 1
0 4 185 1 1
0 5 184 1 1
0 1 181 1 1
0 6 183 1 1
0 2 180 1 1
0 6 182 1 1
0 2 185 1 1
0 8 183 1 1
0 5 181 1 1
0 4 180 1 1
0 1 184 1 1
0 3 49 1 1
0 5 51 1 1
0 4 50 1 1
0 2 48 1 1
0 8 46 1 1
0 1 47 1 1
0 3 97 1 1
0 5 99 1 1
0 4 98 1 1
0 2 96 1 1
0 8 94 1 1
0 1 95 1 1
0 2 95 1 1
0 3 95 1 1
0 4 95 1 1
0 5 95 1 1
0 6 95 1 1
0 1 95 1 1
0 3 147 1 1
0 5 149 1 1
0 4 148 1 1
0 2 146 1 1
0 8 144 1 1
0 1 145 1 1
0 2 145 1 1
0 3 145 1 1
0 4 145 1 1
0 5 145 1 1
0 6 145 1 1
0 1 145 1 1
0 7 146 1 1
0 4 149 1 1
0 5 148 1 1
0 1 145 1 1
0 6 147 1 1
0 2 144 1 1
0 3 52 1 1
0 5 54 1 1
0 4 53 1 1
0 2 51 1 1
0 8 49 1 1
0 1 50 1 1
0 3 103 1 1
0 5 105 1 1
0 4 104 1 1
0 2 102 1 1
0 8 100 1 1
0 1 101 1 1
0 2 101 1 1
0 3 101 1 1
0 4 101 1 1
0 5 101 1 1
0 6 101 1 1
0 1 101 1 1
0 3 207 1 1
0 5 209 1 1
0 4 208 1 1
0 2 206 1 1
0 8 204 1 1
0 1 205 1 1
0 2 205 1 1
0 3 205 1 1
0 4 205 1 1
0 5 205 1 1
0 6 205 1 1
0 1 205 1 1
0 7 206 1 1
0 4 209 1 1
0 5 208 1 1
0 1 205 1 1
0 6 207 1 1
0 2 204 1 1
0 6 206 1 1
0 2 209 1 1
0 8 207 1 1
0 5 205 1 1
0 4 204 1 1
0 1 208 1 1
0 3 159 1 1
0 5 161 1 1
0 4 160 1 1
0 2 158 1 1
0 8 156 1 1
0 1 157 1 1
0 2 157 1 1
0 3 157 1 1
0 4 157 1 1
0 5 157 1 1
0 6 157 1 1
0 1 157 1 1
0 7 158 1 1
0 4 161 1 1
0 5 160 1 1
0 1 157 1 1
0 6 159 1 1
0 2 156 1 1
0 3 109 1 1
0 5 111 1 1
0 4 110 1 1
0 2 108 1 1
0 8 106 1 1
0 1 107 1 1
0 2 107 1 1
0 3 107 1 1
0 4 107 1 1
0 5 107 1 1
0 6 107 1 1
0 1 107 1 1
0 3 273 1 1
0 5 275 1 1
0 4 274 1 1
0 2 272 1 1
0 8 270 1 1
0 1 271 1 1
0 2 271 1 1
0 3 271 1 1
0 4 271 1 1
0 5 271 1 1
0 6 271 1 1
0 1 271 1 1
0 7 272 1 1
0 4 275 1 1
0 5 274 1 1
0 1 271 1 1
0 6 273 1 1
0 2 270 1 1
0 6 272 1 1
0 2 275 1 1
0 8 273 1 1
0 5 271 1 1
0 4 270 1 1
0 1 274 1 1
0 6 274 1 1
0 5 274 1 1
0 4 274 1 1
0 3 274 1 1
0 2 274 1 1
0 1 274 1 1
0 3 278 1 1
0 5 280 1 1
0 4 279 1 1
0 2 277 1 1
0 8 275 1 1
0 1 276 1 1
0 2 276 1 1
0 3 276 1 1
0 4 276 1 1
0 5 276 1 1
0 6 276 1 1
0 1 276 1 1
0 7 277 1 1
0 4 280 1 1
0 5 279 1 1
0 1 276 1 1
0 6 278 1 1
0 2 275 1 1
0 6 277 1 1
0 2 280 1 1
0 8 278 1 1
0 5 276 1 1
0 4 275 1 1
0 1 279 1 1
0 6 279 1 1
0 5 279 1 1
0 4 279 1 1
0 3 279 1 1
0 2 279 1 1
0 1 279 1 1
0 3 227 1 1
0 5 229 1 1
0 4 228 1 1
0 2 226 1 1
0 8 224 1 1
0 1 225 1 1
0 2 225 1 1
0 3 225 1 1
0 4 225 1 1
0 5 225 1 1
0 6 225 1 1
0 1 225 1 1
0 7 226 1 1
0 4 229 1 1
0 5 228 1 1
0 1 225 1 1
0 6 227 1 1
0 2 224 1 1
0 6 226 1 1
0 2 229 1 1
0 8 227 1 1
0 5 225 1 1
0 4 224 1 1
0 1 228 1 1
0 3 60 1 1
0 5 62 1 1
0 4 61 1 1
0 2 59 1 1
0 8 57 1 1
0 1 58 1 1
0 3 119 1 1
0 5 121 1 1
0 4 120 1 1
0 2 118 1 1
0 8 116 1 1
0 1 117 1 1
0 2 117 1 1
0 3 117 1 1
0 4 117 1 1
0 5 117 1 1
0 6 117 1 1
0 1 117 1 1
0 3 121 1 1
0 5 123 1 1
0 4 122 1 1
0 2 120 1 1
0 8 118 1 1
0 1 119 1 1
0 2 119 1 1
0 3 119 1 1
0 4 119 1 1
0 5 119 1 1
0 6 119 1 1
0 1 119 1 1
0 3 183 1 1
0 5 185 1 1
0 4 184 1 1
0 2 182 1 1
0 8 180 1 1
0 1 181 1 1
0 2 181 1 1
0 3 181 1 1
0 4 181 1 1
0 5 181 1 1
0 6 181 1 1
0 1 181 1 1
0 7 182 1 1
0 4 185 1 1
0 5 184 1 1
0 1 181 1 1
0 6 183 1 1
0 2 180 1 1
0 3 308 1 1
0 5 310 1 1
0 4 309 1 1
0 2 307 1 1
0 8 305 1 1
0 1 306 1 1
0 2 306 1 1
0 3 306 1 1
0 4 306 1 1
0 5 306 1 1
0 6 306 1 1
0 1 306 1 1
0 7 307 1 1
0 4 310 1 1
0 5 309 1 1
0 1 306 1 1
0 6 308 1 1
0 2 305 1 1
0 6 307 1 1
0 2 310 1 1
0 8 308 1 1
0 5 306 1 1
0 4 305 1 1
0 1 309 1 1
0 6 309 1 1
0 5 309 1 1
0 4 309 1 1
0 3 309 1 1
0 2 309 1 1
0 1 309 1 1
0 3 313 1 1
0 5 315 1 1
0 4 314 1 1
0 2 312 1 1
0 8 310 1 1
0 1 311 1 1
0 2 311 1 1
0 3 311 1 1
0 4 311 1 1
0 5 311 1 1
0 6 311 1 1
0 1 311 1 1
0 7 312 1 1
0 4 315 1 1
0 5 314 1 1
0 1 311 1 1
0 6 313 1 1
0 2 310 1 1
0 6 312 1 1
0 2 315 1 1
0 8 313 1 1
0 5 311 1 1
0 4 310 1 1
0 1 314 1 1
0 6 314 1 1
0 5 314 1 1
0 4 314 1 1
0 3 314 1 1
0 2 314 1 1
0 1 314 1 1
0 3 66 1 1
0 5 68 1 1
0 4 67 1 1
0 2 65 1 1
0 8 63 1 1
0 1 64 1 1
0 3 259 1 1
0 5 261 1 1
0 4 260 1 1
0 2 258 1 1
0 8 256 1 1
0 1 257 1 1
0 2 257 1 1
0 3 257 1 1
0 4 257 1 1
0 5 257 1 1
0 6 257 1 1
0 1 257 1 1
0 7 258 1 1
0 4 261 1 1
0 5 260 1 1
0 1 257 1 1
0 6 259 1 1
0 2 256 1 1
0 6 258 1 1
0 2 261 1 1
0 8 259 1 1
0 5 257 1 1
0 4 256 1 1
0 1 260 1 1
0 3 263 1 1
0 5 265 1 1
0 4 264 1 1
0 2 262 1 1
0 8 260 1 1
0 1 261 1 1
0 2 261 1 1
0 3 261 1 1
0 4 261 1 1
0 5 261 1 1
0 6 261 1 1
0 1 261 1 1
0 7 262 1 1
0 4 265 1 1
0 5 264 1 1
0 1 261 1 1
0 6 263 1 1
0 2 260 1 1
0 6 262 1 1
0 2 265 1 1
0 8 263 1 1
0 5 261 1 1
0 4 260 1 1
0 1 264 1 1
0 3 333 1 1
0 5 335 1 1
0 4 334 1 1
0 2 332 1 1
0 8 330 1 1
0 1 331 1 1
0 2 331 1 1
0 3 331 1 1
0 4 331 1 1
0 5 331 1 1
0 6 331 1 1
0 1 331 1 1
0 7 332 1 1
0 4 335 1 1
0 5 334 1 1
0 1 331 1 1
0 6 333 1 1
0 2 330 1 1
0 6 332 1 1
0 2 335 1 1
0 8 333 1 1
0 5 331 1 1
0 4 330 1 1
0 1 334 1 1
0 6 334 1 1
0 5 334 1 1
0 4 334 1 1
0 3 334 1 1
0 2 334 1 1
0 1 334 1 1
0 3 204 1 1
0 5 206 1 1
0 4 205 1 1
0 2 203 1 1
0 8 201 1 1
0 1 202 1 1
0 2 202 1 1
0 3 202 1 1
0 4 202 1 1
0 5 202 1 1
0 6 202 1 1
0 1 202 1 1
0 7 203 1 1
0 4 206 1 1
0 5 205 1 1
0 1 202 1 1
0 6 204 1 1
0 2 201 1 1
0 3 139 1 1
0 5 141 1 1
0 4 140 1 1
0 2 138 1 1
0 8 136 1 1
0 1 137 1 1
0 2 137 1 1
0 3 137 1 1
0 4 137 1 1
0 5 137 1 1
0 6 137 1 1
0 1 137 1 1
0 3 210 1 1
0 5 212 1 1
0 4 211 1 1
0 2 209 1 1
0 8 207 1 1
0 1 208 1 1
0 2 208 1 1
0 3 208 1 1
0 4 208 1 1
0 5 208 1 1
0 6 208 1 1
0 1 208 1 1
0 7 209 1 1
0 4 212 1 1
0 5 211 1 1
0 1 208 1 1
0 6 210 1 1
0 2 207 1 1
0 3 283 1 1
0 5 285 1 1
0 4 284 1 1
0 2 282 1 1
0 8 280 1 1
0 1 281 1 1
0 2 281 1 1
0 3 281 1 1
0 4 281 1 1
0 5 281 1 1
0 6 281 1 1
0 1 281 1 1
0 7 282 1 1
0 4 285 1 1
0 5 284 1 1
0 1 281 1 1
0 6 283 1 1
0 2 280 1 1
0 6 282 1 1
0 2 285 1 1
0 8 283 1 1
0 5 281 1 1
0 4 280 1 1
0 1 284 1 1
0 3 287 1 1
0 5 289 1 1
0 4 288 1 1
0 2 286 1 1
0 8 284 1 1
0 1 285 1 1
0 2 285 1 1
0 3 285 1 1
0 4 285 1 1
0 5 285 1 1
0 6 285 1 1
0 1 285 1 1
0 7 286 1 1
0 4 289 1 1
0 5 288 1 1
0 1 285 1 1
0 6 287 1 1
0 2 284 1 1
0 6 286 1 1
0 2 289 1 1
0 8 287 1 1
0 5 285 1 1
0 4 284 1 1
0 1 288 1 1
0 3 363 1 1
0 5 365 1 1
0 4 364 1 1
0 2 362 1 1
0 8 360 1 1
0 1 361 1 1
0 2 361 1 1
0 3 361 1 1
0 4 361 1 1
0 5 361 1 1
0 6 361 1 1
0 1 361 1 1
0 7 362 1 1
0 4 365 1 1
0 5 364 1 1
0 1 361 1 1
0 6 363 1 1
0 2 360 1 1
0 6 362 1 1
0 2 365 1 1
0 8 363 1 1
0 5 361 1 1
0 4 360 1 1
0 1 364 1 1
0 6 364 1 1
0 5 364 1 1
0 4 364 1 1
0 3 364 1 1
0 2 364 1 1
0 1 364 1 1
0 3 295 1 1
0 5 297 1 1
0 4 296 1 1
0 2 294 1 1
0 8 292 1 1
0 1 293 1 1
0 2 293 1 1
0 3 293 1 1
0 4 293 1 1
0 5 293 1 1
0 6 293 1 1
0 1 293 1 1
0 7 294 1 1
0 4 297 1 1
0 5 296 1 1
0 1 293 1 1
0 6 295 1 1
0 2 292 1 1
0 6 294 1 1
0 2 297 1 1
0 8 295 1 1
0 5 293 1 1
0 4 292 1 1
0 1 296 1 1
0 3 373 1 1
0 5 375 1 1
0 4 374 1 1
0 2 372 1 1
0 8 370 1 1
0 1 371 1 1
0 2 371 1 1
0 3 371 1 1
0 4 371 1 1
0 5 371 1 1
0 6 371 1 1
0 1 371 1 1
0 7 372 1 1
0 4 375 1 1
0 5 374 1 1
0 1 371 1 1
0 6 373 1 1
0 2 370 1 1
0 6 372 1 1
0 2 375 1 1
0 8 373 1 1
0 5 371 1 1
0 4 370 1 1
0 1 374 1 1
0 6 374 1 1
0 5 374 1 1
0 4 374 1 1
0 3 374 1 1
0 2 374 1 1
0 1 374 1 1
0 3 78 1 1
0 5 80 1 1
0 4 79 1 1
0 2 77 1 1
0 8 75 1 1
0 1 76 1 1
0 3 231 1 1
0 5 233 1 1
0 4 232 1 1
0 2 230 1 1
0 8 228 1 1
0 1 229 1 1
0 2 229 1 1
0 3 229 1 1
0 4 229 1 1
0 5 229 1 1
0 6 229 1 1
0 1 229 1 1
0 7 230 1 1
0 4 233 1 1
0 5 232 1 1
0 1 229 1 1
0 6 231 1 1
0 2 228 1 1
0 3 311 1 1
0 5 313 1 1
0 4 312 1 1
0 2 310 1 1
0 8 308 1 1
0 1 309 1 1
0 2 309 1 1
0 3 309 1 1
0 4 309 1 1
0 5 309 1 1
0 6 309 1 1
0 1 309 1 1
0 7 310 1 1
0 4 313 1 1
0 5 312 1 1
0 1 309 1 1
0 6 311 1 1
0 2 308 1 1
0 6 310 1 1
0 2 313 1 1
0 8 311 1 1
0 5 309 1 1
0 4 308 1 1
0 1 312 1 1
0 3 81 1 1
0 5 83 1 1
0 4 82 1 1
0 2 80 1 1
0 8 78 1 1
0 1 79 1 1
0 3 161 1 1
0 5 163 1 1
0 4 162 1 1
0 2 160 1 1
0 8 158 1 1
0 1 159 1 1
0 2 159 1 1
0 3 159 1 1
0 4 159 1 1
0 5 159 1 1
0 6 159 1 1
0 1 159 1 1
0 3 403 1 1
0 5 405 1 1
0 4 404 1 1
0 2 402 1 1
0 8 400 1 1
0 1 401 1 1
0 2 401 1 1
0 3 401 1 1
0 4 401 1 1
0 5 401 1 1
0 6 401 1 1
0 1 401 1 1
0 7 402 1 1
0 4 405 1 1
0 5 404 1 1
0 1 401 1 1
0 6 403 1 1
0 2 400 1 1
0 6 402 1 1
0 2 405 1 1
0 8 403 1 1
0 5 401 1 1
0 4 400 1 1
0 1 404 1 1
0 6 404 1 1
0 5 404 1 1
0 4 404 1 1
0 3 404 1 1
0 2 404 1 1
0 1 404 1 1
0 3 408 1 1
0 5 410 1 1
0 4 409 1 1
0 2 407 1 1
0 8 405 1 1
0 1 406 1 1
0 2 406 1 1
0 3 406 1 1
0 4 406 1 1
0 5 406 1 1
0 6 406 1 1
0 1 406 1 1
0 7 407 1 1
0 4 410 1 1
0 5 409 1 1
0 1 406 1 1
0 6 408 1 1
0 2 405 1 1
0 6 407 1 1
0 2 410 1 1
0 8 408 1 1
0 5 406 1 1
0 4 405 1 1
0 1 409 1 1
0 6 409 1 1
0 5 409 1 1
0 4 409 1 1
0 3 409 1 1
0 2 409 1 1
0 1 409 1 1
0 3 331 1 1
0 5 333 1 1
0 4 332 1 1
0 2 330 1 1
0 8 328 1 1
0 1 329 1 1
0 2 329 1 1
0 3 329 1 1
0 4 329 1 1
0 5 329 1 1
0 6 329 1 1
0 1 329 1 1
0 7 330 1 1
0 4 333 1 1
0 5 332 1 1
0 1 329 1 1
0 6 331 1 1
0 2 328 1 1
0 6 330 1 1
0 2 333 1 1
0 8 331 1 1
0 5 329 1 1
0 4 328 1 1
0 1 332 1 1
0 3 86 1 1
0 5 88 1 1
0 4 87 1 1
0 2 85 1 1
0 8 83 1 1
0 1 84 1 1
0 3 255 1 1
0 5 257 1 1
0 4 256 1 1
0 2 254 1 1
0 8 252 1 1
0 1 253 1 1
0 2 253 1 1
0 3 253 1 1
0 4 253 1 1
0 5 253 1 1
0 6 253 1 1
0 1 253 1 1
0 7 254 1 1
0 4 257 1 1
0 5 256 1 1
0 1 253 1 1
0 6 255 1 1
0 2 252 1 1
0 3 428 1 1
0 5 430 1 1
0 4 429 1 1
0 2 427 1 1
0 8 425 1 1
0 1 426 1 1
0 2 426 1 1
0 3 426 1 1
0 4 426 1 1
0 5 426 1 1
0 6 426 1 1
0 1 426 1 1
0 7 427 1 1
0 4 430 1 1
0 5 429 1 1
0 1 426 1 1
0 6 428 1 1
0 2 425 1 1
0 6 427 1 1
0 2 430 1 1
0 8 428 1 1
0 5 426 1 1
0 4 425 1 1
0 1 429 1 1
0 6 429 1 1
0 5 429 1 1
0 4 429 1 1
0 3 429 1 1
0 2 429 1 1
0 1 429 1 1
0 3 347 1 1
0 5 349 1 1
0 4 348 1 1
0 2 346 1 1
0 8 344 1 1
0 1 345 1 1
0 2 345 1 1
0 3 345 1 1
0 4 345 1 1
0 5 345 1 1
0 6 345 1 1
0 1 345 1 1
0 7 346 1 1
0 4 349 1 1
0 5 348 1 1
0 1 345 1 1
0 6 347 1 1
0 2 344 1 1
0 6 346 1 1
0 2 349 1 1
0 8 347 1 1
0 5 345 1 1
0 4 344 1 1
0 1 348 1 1
0 3 351 1 1
0 5 353 1 1
0 4 352 1 1
0 2 350 1 1
0 8 348 1 1
0 1 349 1 1
0 2 349 1 1
0 3 349 1 1
0 4 349 1 1
0 5 349 1 1
0 6 349 1 1
0 1 349 1 1
0 7 350 1 1
0 4 353 1 1
0 5 352 1 1
0 1 349 1 1
0 6 351 1 1
0 2 348 1 1
0 6 350 1 1
0 2 353 1 1
0 8 351 1 1
0 5 349 1 1
0 4 348 1 1
0 1 352 1 1
0 3 355 1 1
0 5 357 1 1
0 4 356 1 1
0 2 354 1 1
0 8 352 1 1
0 1 353 1 1
0 2 353 1 1
0 3 353 1 1
0 4 353 1 1
0 5 353 1 1
0 6 353 1 1
0 1 353 1 1
0 7 354 1 1
0 4 357 1 1
0 5 356 1 1
0 1 353 1 1
0 6 355 1 1
0 2 352 1 1
0 6 354 1 1
0 2 357 1 1
0 8 355 1 1
0 5 353 1 1
0 4 352 1 1
0 1 356 1 1
0 3 181 1 1
0 5 183 1 1
0 4 182 1 1
0 2 180 1 1
0 8 178 1 1
0 1 179 1 1
0 2 179 1 1
0 3 179 1 1
0 4 179 1 1
0 5 179 1 1
0 6 179 1 1
0 1 179 1 1
0 3 183 1 1
0 5 185 1 1
0 4 184 1 1
0 2 182 1 1
0 8 180 1 1
0 1 181 1 1
0 2 181 1 1
0 3 181 1 1
0 4 181 1 1
0 5 181 1 1
0 6 181 1 1
0 1 181 1 1
0 3 185 1 1
0 5 187 1 1
0 4 186 1 1
0 2 184 1 1
0 8 182 1 1
0 1 183 1 1
0 2 183 1 1
0 3 183 1 1
0 4 183 1 1
0 5 183 1 1
0 6 183 1 1
0 1 183 1 1
0 3 279 1 1
0 5 281 1 1
0 4 280 1 1
0 2 278 1 1
0 8 276 1 1
0 1 277 1 1
0 2 277 1 1
0 3 277 1 1
0 4 277 1 1
0 5 277 1 1
0 6 277 1 1
0 1 277 1 1
0 7 278 1 1
0 4 281 1 1
0 5 280 1 1
0 1 277 1 1
0 6 279 1 1
0 2 276 1 1
0 3 375 1 1
0 5 377 1 1
0 4 376 1 1
0 2 374 1 1
0 8 372 1 1
0 1 373 1 1
0 2 373 1 1
0 3 373 1 1
0 4 373 1 1
0 5 373 1 1
0 6 373 1 1
0 1 373 1 1
0 7 374 1 1
0 4 377 1 1
0 5 376 1 1
0 1 373 1 1
0 6 375 1 1
0 2 372 1 1
0 6 374 1 1
0 2 377 1 1
0 8 375 1 1
0 5 373 1 1
0 4 372 1 1
0 1 376 1 1
0 3 191 1 1
0 5 193 1 1
0 4 192 1 1
0 2 190 1 1
0 8 188 1 1
0 1 189 1 1
0 2 189 1 1
0 3 189 1 1
0 4 189 1 1
0 5 189 1 1
0 6 189 1 1
0 1 189 1 1
0 3 478 1 1
0 5 480 1 1
0 4 479 1 1
0 2 477 1 1
0 8 475 1 1
0 1 476 1 1
0 2 476 1 1
0 3 476 1 1
0 4 476 1 1
0 5 476 1 1
0 6 476 1 1
0 1 476 1 1
0 7 477 1 1
0 4 480 1 1
0 5 479 1 1
0 1 476 1 1
0 6 478 1 1
0 2 475 1 1
0 6 477 1 1
0 2 480 1 1
0 8 478 1 1
0 5 476 1 1
0 4 475 1 1
0 1 479 1 1
0 6 479 1 1
0 5 479 1 1
0 4 479 1 1
0 3 479 1 1
0 2 479 1 1
0 1 479 1 1
0 3 99 1 1
0 5 101 1 1
0 4 100 1 1
0 2 98 1 1
0 8 96 1 1
0 1 97 1 1
0 3 197 1 1
0 5 199 1 1
0 4 198 1 1
0 2 196 1 1
0 8 194 1 1
0 1 195 1 1
0 2 195 1 1
0 3 195 1 1
0 4 195 1 1
0 5 195 1 1
0 6 195 1 1
0 1 195 1 1
0 3 493 1 1
0 5 495 1 1
0 4 494 1 1
0 2 492 1 1
0 8 490 1 1
0 1 491 1 1
0 2 491 1 1
0 3 491 1 1
0 4 491 1 1
0 5 491 1 1
0 6 491 1 1
0 1 491 1 1
0 7 492 1 1
0 4 495 1 1
0 5 494 1 1
0 1 491 1 1
0 6 493 1 1
0 2 490 1 1
0 6 492 1 1
0 2 495 1 1
0 8 493 1 1
0 5 491 1 1
0 4 490 1 1
0 1 494 1 1
0 6 494 1 1
0 5 494 1 1
0 4 494 1 1
0 3 494 1 1
0 2 494 1 1
0 1 494 1 1
0 3 498 1 1
0 5 500 1 1
0 4 499 1 1
0 2 497 1 1
0 8 495 1 1
0 1 496 1 1
0 2 496 1 1
0 3 496 1 1
0 4 496 1 1
0 5 496 1 1
0 6 496 1 1
0 1 496 1 1
0 7 497 1 1
0 4 500 1 1
0 5 499 1 1
0 1 496 1 1
0 6 498 1 1
0 2 495 1 1
0 6 497 1 1
0 2 500 1 1
0 8 498 1 1
0 5 496 1 1
0 4 495 1 1
0 1 499 1 1
0 6 499 1 1
0 5 499 1 1
0 4 499 1 1
0 3 499 1 1
0 2 499 1 1
0 1 499 1 1
