0 6 0 1 1
0 2 3 1 1
0 3 2 1 1
0 4 1 1 1
0 6 1 1 1
0 2 4 1 1
0 3 3 1 1
0 4 2 1 1
0 6 6 1 1
0 2 9 1 1
0 3 8 1 1
0 4 7 1 1
0 2 7 1 1
0 3 7 1 1
0 1 7 1 1
0 4 7 1 1
0 3 6 1 1
0 1 9 1 1
0 4 7 1 1
0 5 8 1 1
0 6 3 1 1
0 2 6 1 1
0 3 5 1 1
0 4 4 1 1
0 6 4 1 1
0 2 7 1 1
0 3 6 1 1
0 4 5 1 1
0 6 15 1 1
0 2 18 1 1
0 3 17 1 1
0 4 16 1 1
0 2 16 1 1
0 3 16 1 1
0 1 16 1 1
0 4 16 1 1
0 3 15 1 1
0 1 18 1 1
0 4 16 1 1
0 5 17 1 1
0 6 12 1 1
0 2 15 1 1
0 3 14 1 1
0 4 13 1 1
0 2 13 1 1
0 3 13 1 1
0 1 13 1 1
0 4 13 1 1
0 6 21 1 1
0 2 24 1 1
0 3 23 1 1
0 4 22 1 1
0 2 22 1 1
0 3 22 1 1
0 1 22 1 1
0 4 22 1 1
0 3 21 1 1
0 1 24 1 1
0 4 22 1 1
0 5 23 1 1
0 6 24 1 1
0 2 27 1 1
0 3 26 1 1
0 4 25 1 1
0 2 25 1 1
0 3 25 1 1
0 1 25 1 1
0 4 25 1 1
0 3 24 1 1
0 1 27 1 1
0 4 25 1 1
0 5 26 1 1
0 6 27 1 1
0 2 30 1 1
0 3 29 1 1
0 4 28 1 1
0 2 28 1 1
0 3 28 1 1
0 1 28 1 1
0 4 28 1 1
0 3 27 1 1
0 1 30 1 1
0 4 28 1 1
0 5 29 1 1
0 6 10 1 1
0 2 13 1 1
0 3 12 1 1
0 4 11 1 1
0 6 33 1 1
0 2 36 1 1
0 3 35 1 1
0 4 34 1 1
0 2 34 1 1
0 3 34 1 1
0 1 34 1 1
0 4 34 1 1
0 3 33 1 1
0 1 36 1 1
0 4 34 1 1
0 5 35 1 1
0 6 24 1 1
0 2 27 1 1
0 3 26 1 1
0 4 25 1 1
0 2 25 1 1
0 3 25 1 1
0 1 25 1 1
0 4 25 1 1
0 6 26 1 1
0 2 29 1 1
0 3 28 1 1
0 4 27 1 1
0 2 27 1 1
0 3 27 1 1
0 1 27 1 1
0 4 27 1 1
0 6 14 1 1
0 2 17 1 1
0 3 16 1 1
0 4 15 1 1
0 6 30 1 1
0 2 33 1 1
0 3 32 1 1
0 4 31 1 1
0 2 31 1 1
0 3 31 1 1
0 1 31 1 1
0 4 31 1 1
0 6 32 1 1
0 2 35 1 1
0 3 34 1 1
0 4 33 1 1
0 2 33 1 1
0 3 33 1 1
0 1 33 1 1
0 4 33 1 1
0 6 34 1 1
0 2 37 1 1
0 3 36 1 1
0 4 35 1 1
0 2 35 1 1
0 3 35 1 1
0 1 35 1 1
0 4 35 1 1
0 6 36 1 1
0 2 39 1 1
0 3 38 1 1
0 4 37 1 1
0 2 37 1 1
0 3 37 1 1
0 1 37 1 1
0 4 37 1 1
0 6 57 1 1
0 2 60 1 1
0 3 59 1 1
0 4 58 1 1
0 2 58 1 1
0 3 58 1 1
0 1 58 1 1
0 4 58 1 1
0 3 57 1 1
0 1 60 1 1
0 4 58 1 1
0 5 59 1 1
0 6 20 1 1
0 2 23 1 1
0 3 22 1 1
0 4 21 1 1
0 6 42 1 1
0 2 45 1 1
0 3 44 1 1
0 4 43 1 1
0 2 43 1 1
0 3 43 1 1
0 1 43 1 1
0 4 43 1 1
0 6 44 1 1
0 2 47 1 1
0 3 46 1 1
0 4 45 1 1
0 2 45 1 1
0 3 45 1 1
0 1 45 1 1
0 4 45 1 1
0 6 23 1 1
0 2 26 1 1
0 3 25 1 1
0 4 24 1 1
0 6 48 1 1
0 2 51 1 1
0 3 50 1 1
0 4 49 1 1
0 2 49 1 1
0 3 49 1 1
0 1 49 1 1
0 4 49 1 1
0 6 25 1 1
0 2 28 1 1
0 3 27 1 1
0 4 26 1 1
0 6 26 1 1
0 2 29 1 1
0 3 28 1 1
0 4 27 1 1
0 6 81 1 1
0 2 84 1 1
0 3 83 1 1
0 4 82 1 1
0 2 82 1 1
0 3 82 1 1
0 1 82 1 1
0 4 82 1 1
0 3 81 1 1
0 1 84 1 1
0 4 82 1 1
0 5 83 1 1
0 6 84 1 1
0 2 87 1 1
0 3 86 1 1
0 4 85 1 1
0 2 85 1 1
0 3 85 1 1
0 1 85 1 1
0 4 85 1 1
0 3 84 1 1
0 1 87 1 1
0 4 85 1 1
0 5 86 1 1
0 6 87 1 1
0 2 90 1 1
0 3 89 1 1
0 4 88 1 1
0 2 88 1 1
0 3 88 1 1
0 1 88 1 1
0 4 88 1 1
0 3 87 1 1
0 1 90 1 1
0 4 88 1 1
0 5 89 1 1
0 6 90 1 1
0 2 93 1 1
0 3 92 1 1
0 4 91 1 1
0 2 91 1 1
0 3 91 1 1
0 1 91 1 1
0 4 91 1 1
0 3 90 1 1
0 1 93 1 1
0 4 91 1 1
0 5 92 1 1
0 6 93 1 1
0 2 96 1 1
0 3 95 1 1
0 4 94 1 1
0 2 94 1 1
0 3 94 1 1
0 1 94 1 1
0 4 94 1 1
0 3 93 1 1
0 1 96 1 1
0 4 94 1 1
0 5 95 1 1
0 6 96 1 1
0 2 99 1 1
0 3 98 1 1
0 4 97 1 1
0 2 97 1 1
0 3 97 1 1
0 1 97 1 1
0 4 97 1 1
0 3 96 1 1
0 1 99 1 1
0 4 97 1 1
0 5 98 1 1
0 6 33 1 1
0 2 36 1 1
0 3 35 1 1
0 4 34 1 1
0 6 34 1 1
0 2 37 1 1
0 3 36 1 1
0 4 35 1 1
0 6 35 1 1
0 2 38 1 1
0 3 37 1 1
0 4 36 1 1
0 6 72 1 1
0 2 75 1 1
0 3 74 1 1
0 4 73 1 1
0 2 73 1 1
0 3 73 1 1
0 1 73 1 1
0 4 73 1 1
0 6 37 1 1
0 2 40 1 1
0 3 39 1 1
0 4 38 1 1
0 6 76 1 1
0 2 79 1 1
0 3 78 1 1
0 4 77 1 1
0 2 77 1 1
0 3 77 1 1
0 1 77 1 1
0 4 77 1 1
0 6 78 1 1
0 2 81 1 1
0 3 80 1 1
0 4 79 1 1
0 2 79 1 1
0 3 79 1 1
0 1 79 1 1
0 4 79 1 1
0 6 40 1 1
0 2 43 1 1
0 3 42 1 1
0 4 41 1 1
0 6 41 1 1
0 2 44 1 1
0 3 43 1 1
0 4 42 1 1
0 6 84 1 1
0 2 87 1 1
0 3 86 1 1
0 4 85 1 1
0 2 85 1 1
0 3 85 1 1
0 1 85 1 1
0 4 85 1 1
0 6 129 1 1
0 2 132 1 1
0 3 131 1 1
0 4 130 1 1
0 2 130 1 1
0 3 130 1 1
0 1 130 1 1
0 4 130 1 1
0 3 129 1 1
0 1 132 1 1
0 4 130 1 1
0 5 131 1 1
0 6 88 1 1
0 2 91 1 1
0 3 90 1 1
0 4 89 1 1
0 2 89 1 1
0 3 89 1 1
0 1 89 1 1
0 4 89 1 1
0 6 135 1 1
0 2 138 1 1
0 3 137 1 1
0 4 136 1 1
0 2 136 1 1
0 3 136 1 1
0 1 136 1 1
0 4 136 1 1
0 3 135 1 1
0 1 138 1 1
0 4 136 1 1
0 5 137 1 1
0 6 92 1 1
0 2 95 1 1
0 3 94 1 1
0 4 93 1 1
0 2 93 1 1
0 3 93 1 1
0 1 93 1 1
0 4 93 1 1
0 6 94 1 1
0 2 97 1 1
0 3 96 1 1
0 4 95 1 1
0 2 95 1 1
0 3 95 1 1
0 1 95 1 1
0 4 95 1 1
0 6 144 1 1
0 2 147 1 1
0 3 146 1 1
0 4 145 1 1
0 2 145 1 1
0 3 145 1 1
0 1 145 1 1
0 4 145 1 1
0 3 144 1 1
0 1 147 1 1
0 4 145 1 1
0 5 146 1 1
0 6 147 1 1
0 2 150 1 1
0 3 149 1 1
0 4 148 1 1
0 2 148 1 1
0 3 148 1 1
0 1 148 1 1
0 4 148 1 1
0 3 147 1 1
0 1 150 1 1
0 4 148 1 1
0 5 149 1 1
0 6 100 1 1
0 2 103 1 1
0 3 102 1 1
0 4 101 1 1
0 2 101 1 1
0 3 101 1 1
0 1 101 1 1
0 4 101 1 1
0 6 102 1 1
0 2 105 1 1
0 3 104 1 1
0 4 103 1 1
0 2 103 1 1
0 3 103 1 1
0 1 103 1 1
0 4 103 1 1
0 6 52 1 1
0 2 55 1 1
0 3 54 1 1
0 4 53 1 1
0 6 53 1 1
0 2 56 1 1
0 3 55 1 1
0 4 54 1 1
0 6 108 1 1
0 2 111 1 1
0 3 110 1 1
0 4 109 1 1
0 2 109 1 1
0 3 109 1 1
0 1 109 1 1
0 4 109 1 1
0 6 165 1 1
0 2 168 1 1
0 3 167 1 1
0 4 166 1 1
0 2 166 1 1
0 3 166 1 1
0 1 166 1 1
0 4 166 1 1
0 3 165 1 1
0 1 168 1 1
0 4 166 1 1
0 5 167 1 1
0 6 168 1 1
0 2 171 1 1
0 3 170 1 1
0 4 169 1 1
0 2 169 1 1
0 3 169 1 1
0 1 169 1 1
0 4 169 1 1
0 3 168 1 1
0 1 171 1 1
0 4 169 1 1
0 5 170 1 1
0 6 114 1 1
0 2 117 1 1
0 3 116 1 1
0 4 115 1 1
0 2 115 1 1
0 3 115 1 1
0 1 115 1 1
0 4 115 1 1
0 6 116 1 1
0 2 119 1 1
0 3 118 1 1
0 4 117 1 1
0 2 117 1 1
0 3 117 1 1
0 1 117 1 1
0 4 117 1 1
0 6 118 1 1
0 2 121 1 1
0 3 120 1 1
0 4 119 1 1
0 2 119 1 1
0 3 119 1 1
0 1 119 1 1
0 4 119 1 1
0 6 120 1 1
0 2 123 1 1
0 3 122 1 1
0 4 121 1 1
0 2 121 1 1
0 3 121 1 1
0 1 121 1 1
0 4 121 1 1
0 6 183 1 1
0 2 186 1 1
0 3 185 1 1
0 4 184 1 1
0 2 184 1 1
0 3 184 1 1
0 1 184 1 1
0 4 184 1 1
0 3 183 1 1
0 1 186 1 1
0 4 184 1 1
0 5 185 1 1
0 6 62 1 1
0 2 65 1 1
0 3 64 1 1
0 4 63 1 1
0 6 63 1 1
0 2 66 1 1
0 3 65 1 1
0 4 64 1 1
0 6 64 1 1
0 2 67 1 1
0 3 66 1 1
0 4 65 1 1
0 6 130 1 1
0 2 133 1 1
0 3 132 1 1
0 4 131 1 1
0 2 131 1 1
0 3 131 1 1
0 1 131 1 1
0 4 131 1 1
0 6 66 1 1
0 2 69 1 1
0 3 68 1 1
0 4 67 1 1
0 6 201 1 1
0 2 204 1 1
0 3 203 1 1
0 4 202 1 1
0 2 202 1 1
0 3 202 1 1
0 1 202 1 1
0 4 202 1 1
0 3 201 1 1
0 1 204 1 1
0 4 202 1 1
0 5 203 1 1
0 6 136 1 1
0 2 139 1 1
0 3 138 1 1
0 4 137 1 1
0 2 137 1 1
0 3 137 1 1
0 1 137 1 1
0 4 137 1 1
0 6 69 1 1
0 2 72 1 1
0 3 71 1 1
0 4 70 1 1
0 6 140 1 1
0 2 143 1 1
0 3 142 1 1
0 4 141 1 1
0 2 141 1 1
0 3 141 1 1
0 1 141 1 1
0 4 141 1 1
0 6 142 1 1
0 2 145 1 1
0 3 144 1 1
0 4 143 1 1
0 2 143 1 1
0 3 143 1 1
0 1 143 1 1
0 4 143 1 1
0 6 72 1 1
0 2 75 1 1
0 3 74 1 1
0 4 73 1 1
0 6 146 1 1
0 2 149 1 1
0 3 148 1 1
0 4 147 1 1
0 2 147 1 1
0 3 147 1 1
0 1 147 1 1
0 4 147 1 1
0 6 148 1 1
0 2 151 1 1
0 3 150 1 1
0 4 149 1 1
0 2 149 1 1
0 3 149 1 1
0 1 149 1 1
0 4 149 1 1
0 6 75 1 1
0 2 78 1 1
0 3 77 1 1
0 4 76 1 1
0 6 152 1 1
0 2 155 1 1
0 3 154 1 1
0 4 153 1 1
0 2 153 1 1
0 3 153 1 1
0 1 153 1 1
0 4 153 1 1
0 6 77 1 1
0 2 80 1 1
0 3 79 1 1
0 4 78 1 1
0 6 234 1 1
0 2 237 1 1
0 3 236 1 1
0 4 235 1 1
0 2 235 1 1
0 3 235 1 1
0 1 235 1 1
0 4 235 1 1
0 3 234 1 1
0 1 237 1 1
0 4 235 1 1
0 5 236 1 1
0 6 237 1 1
0 2 240 1 1
0 3 239 1 1
0 4 238 1 1
0 2 238 1 1
0 3 238 1 1
0 1 238 1 1
0 4 238 1 1
0 3 237 1 1
0 1 240 1 1
0 4 238 1 1
0 5 239 1 1
0 6 80 1 1
0 2 83 1 1
0 3 82 1 1
0 4 81 1 1
0 6 81 1 1
0 2 84 1 1
0 3 83 1 1
0 4 82 1 1
0 6 82 1 1
0 2 85 1 1
0 3 84 1 1
0 4 83 1 1
0 6 166 1 1
0 2 169 1 1
0 3 168 1 1
0 4 167 1 1
0 2 167 1 1
0 3 167 1 1
0 1 167 1 1
0 4 167 1 1
0 6 84 1 1
0 2 87 1 1
0 3 86 1 1
0 4 85 1 1
0 6 170 1 1
0 2 173 1 1
0 3 172 1 1
0 4 171 1 1
0 2 171 1 1
0 3 171 1 1
0 1 171 1 1
0 4 171 1 1
0 6 258 1 1
0 2 261 1 1
0 3 260 1 1
0 4 259 1 1
0 2 259 1 1
0 3 259 1 1
0 1 259 1 1
0 4 259 1 1
0 3 258 1 1
0 1 261 1 1
0 4 259 1 1
0 5 260 1 1
0 6 87 1 1
0 2 90 1 1
0 3 89 1 1
0 4 88 1 1
0 6 176 1 1
0 2 179 1 1
0 3 178 1 1
0 4 177 1 1
0 2 177 1 1
0 3 177 1 1
0 1 177 1 1
0 4 177 1 1
0 6 89 1 1
0 2 92 1 1
0 3 91 1 1
0 4 90 1 1
0 6 90 1 1
0 2 93 1 1
0 3 92 1 1
0 4 91 1 1
0 6 91 1 1
0 2 94 1 1
0 3 93 1 1
0 4 92 1 1
0 6 276 1 1
0 2 279 1 1
0 3 278 1 1
0 4 277 1 1
0 2 277 1 1
0 3 277 1 1
0 1 277 1 1
0 4 277 1 1
0 3 276 1 1
0 1 279 1 1
0 4 277 1 1
0 5 278 1 1
0 6 279 1 1
0 2 282 1 1
0 3 281 1 1
0 4 280 1 1
0 2 280 1 1
0 3 280 1 1
0 1 280 1 1
0 4 280 1 1
0 3 279 1 1
0 1 282 1 1
0 4 280 1 1
0 5 281 1 1
0 6 282 1 1
0 2 285 1 1
0 3 284 1 1
0 4 283 1 1
0 2 283 1 1
0 3 283 1 1
0 1 283 1 1
0 4 283 1 1
0 3 282 1 1
0 1 285 1 1
0 4 283 1 1
0 5 284 1 1
0 6 95 1 1
0 2 98 1 1
0 3 97 1 1
0 4 96 1 1
0 6 96 1 1
0 2 99 1 1
0 3 98 1 1
0 4 97 1 1
0 6 97 1 1
0 2 100 1 1
0 3 99 1 1
0 4 98 1 1
0 6 196 1 1
0 2 199 1 1
0 3 198 1 1
0 4 197 1 1
0 2 197 1 1
0 3 197 1 1
0 1 197 1 1
0 4 197 1 1
0 6 198 1 1
0 2 201 1 1
0 3 200 1 1
0 4 199 1 1
0 2 199 1 1
0 3 199 1 1
0 1 199 1 1
0 4 199 1 1
