0 7 6 1 1
0 9 4 1 1
0 12 1 1 1
0 14 0 1 1
0 2 11 1 1
0 6 7 1 1
0 10 3 1 1
0 5 8 1 1
0 11 2 1 1
0 4 9 1 1
0 3 10 1 1
0 8 5 1 1
0 2 1 1 1
0 3 1 1 1
0 12 1 1 1
0 4 1 1 1
0 5 1 1 1
0 8 1 1 1
0 6 1 1 1
0 9 1 1 1
0 7 1 1 1
0 10 1 1 1
0 11 1 1 1
0 1 1 1 1
0 4 6 1 1
0 7 9 1 1
0 6 8 1 1
0 8 10 1 1
0 12 1 1 1
0 1 3 1 1
0 9 11 1 1
0 11 0 1 1
0 5 7 1 1
0 13 2 1 1
0 2 4 1 1
0 3 5 1 1
0 2 1 1 1
0 5 11 1 1
0 11 5 1 1
0 9 7 1 1
0 6 10 1 1
0 10 6 1 1
0 1 2 1 1
0 8 8 1 1
0 12 4 1 1
0 3 0 1 1
0 14 3 1 1
0 7 9 1 1
0 10 4 1 1
0 7 4 1 1
0 9 4 1 1
0 6 4 1 1
0 8 4 1 1
0 5 4 1 1
0 4 4 1 1
0 12 4 1 1
0 3 4 1 1
0 2 4 1 1
0 1 4 1 1
0 11 4 1 1
0 3 8 1 1
0 5 10 1 1
0 1 6 1 1
0 11 3 1 1
0 8 0 1 1
0 10 2 1 1
0 13 5 1 1
0 12 4 1 1
0 9 1 1 1
0 4 9 1 1
0 2 7 1 1
0 6 11 1 1
0 1 5 1 1
0 3 3 1 1
0 8 11 1 1
0 12 7 1 1
0 11 8 1 1
0 10 9 1 1
0 5 1 1 1
0 6 0 1 1
0 2 4 1 1
0 4 2 1 1
0 9 10 1 1
0 14 6 1 1
0 3 7 1 1
0 1 7 1 1
0 12 7 1 1
0 6 7 1 1
0 7 7 1 1
0 4 7 1 1
0 5 7 1 1
0 10 7 1 1
0 11 7 1 1
0 8 7 1 1
0 2 7 1 1
0 9 7 1 1
0 7 2 1 1
0 9 4 1 1
0 1 9 1 1
0 10 5 1 1
0 13 8 1 1
0 11 6 1 1
0 12 7 1 1
0 3 11 1 1
0 8 3 1 1
0 6 1 1 1
0 5 0 1 1
0 2 10 1 1
0 7 2 1 1
0 4 5 1 1
0 14 9 1 1
0 11 11 1 1
0 1 8 1 1
0 5 4 1 1
0 12 10 1 1
0 3 6 1 1
0 8 1 1 1
0 6 3 1 1
0 9 0 1 1
0 2 7 1 1
