0 2 5 1 1
0 6 1 1 1
0 3 4 1 1
0 5 2 1 1
0 8 0 1 1
0 4 3 1 1
0 2 7 1 1
0 6 3 1 1
0 3 6 1 1
0 5 4 1 1
0 8 2 1 1
0 4 5 1 1
0 2 3 1 1
0 3 3 1 1
0 4 3 1 1
0 5 3 1 1
0 6 3 1 1
0 1 3 1 1
0 2 13 1 1
0 6 9 1 1
0 3 12 1 1
0 5 10 1 1
0 8 8 1 1
0 4 11 1 1
0 2 9 1 1
0 3 9 1 1
0 4 9 1 1
0 5 9 1 1
0 6 9 1 1
0 1 9 1 1
0 7 10 1 1
0 1 11 1 1
0 5 8 1 1
0 6 9 1 1
0 2 12 1 1
0 3 13 1 1
0 2 9 1 1
0 6 12 1 1
0 5 13 1 1
0 1 10 1 1
0 8 11 1 1
0 3 8 1 1
0 2 11 1 1
0 6 7 1 1
0 3 10 1 1
0 5 8 1 1
0 8 6 1 1
0 4 9 1 1
0 2 7 1 1
0 3 7 1 1
0 4 7 1 1
0 5 7 1 1
0 6 7 1 1
0 1 7 1 1
0 2 25 1 1
0 6 21 1 1
0 3 24 1 1
0 5 22 1 1
0 8 20 1 1
0 4 23 1 1
0 2 21 1 1
0 3 21 1 1
0 4 21 1 1
0 5 21 1 1
0 6 21 1 1
0 1 21 1 1
0 7 22 1 1
0 1 23 1 1
0 5 20 1 1
0 6 21 1 1
0 2 24 1 1
0 3 25 1 1
0 2 21 1 1
0 6 24 1 1
0 5 25 1 1
0 1 22 1 1
0 8 23 1 1
0 3 20 1 1
0 6 24 1 1
0 5 24 1 1
0 4 24 1 1
0 3 24 1 1
0 2 24 1 1
0 1 24 1 1
0 2 30 1 1
0 6 26 1 1
0 3 29 1 1
0 5 27 1 1
0 8 25 1 1
0 4 28 1 1
0 2 26 1 1
0 3 26 1 1
0 4 26 1 1
0 5 26 1 1
0 6 26 1 1
0 1 26 1 1
0 7 27 1 1
0 1 28 1 1
0 5 25 1 1
0 6 26 1 1
0 2 29 1 1
0 3 30 1 1
0 2 26 1 1
0 6 29 1 1
0 5 30 1 1
0 1 27 1 1
0 8 28 1 1
0 3 25 1 1
0 6 29 1 1
0 5 29 1 1
0 4 29 1 1
0 3 29 1 1
0 2 29 1 1
0 1 29 1 1
0 2 11 1 1
0 6 7 1 1
0 3 10 1 1
0 5 8 1 1
0 8 6 1 1
0 4 9 1 1
0 2 33 1 1
0 6 29 1 1
0 3 32 1 1
0 5 30 1 1
0 8 28 1 1
0 4 31 1 1
0 2 29 1 1
0 3 29 1 1
0 4 29 1 1
0 5 29 1 1
0 6 29 1 1
0 1 29 1 1
0 7 30 1 1
0 1 31 1 1
0 5 28 1 1
0 6 29 1 1
0 2 32 1 1
0 3 33 1 1
0 2 29 1 1
0 6 32 1 1
0 5 33 1 1
0 1 30 1 1
0 8 31 1 1
0 3 28 1 1
0 2 21 1 1
0 6 17 1 1
0 3 20 1 1
0 5 18 1 1
0 8 16 1 1
0 4 19 1 1
0 2 17 1 1
0 3 17 1 1
0 4 17 1 1
0 5 17 1 1
0 6 17 1 1
0 1 17 1 1
0 2 50 1 1
0 6 46 1 1
0 3 49 1 1
0 5 47 1 1
0 8 45 1 1
0 4 48 1 1
0 2 46 1 1
0 3 46 1 1
0 4 46 1 1
0 5 46 1 1
0 6 46 1 1
0 1 46 1 1
0 7 47 1 1
0 1 48 1 1
0 5 45 1 1
0 6 46 1 1
0 2 49 1 1
0 3 50 1 1
0 2 46 1 1
0 6 49 1 1
0 5 50 1 1
0 1 47 1 1
0 8 48 1 1
0 3 45 1 1
0 6 49 1 1
0 5 49 1 1
0 4 49 1 1
0 3 49 1 1
0 2 49 1 1
0 1 49 1 1
0 2 45 1 1
0 6 41 1 1
0 3 44 1 1
0 5 42 1 1
0 8 40 1 1
0 4 43 1 1
0 2 41 1 1
0 3 41 1 1
0 4 41 1 1
0 5 41 1 1
0 6 41 1 1
0 1 41 1 1
0 7 42 1 1
0 1 43 1 1
0 5 40 1 1
0 6 41 1 1
0 2 44 1 1
0 3 45 1 1
0 2 41 1 1
0 6 44 1 1
0 5 45 1 1
0 1 42 1 1
0 8 43 1 1
0 3 40 1 1
0 2 16 1 1
0 6 12 1 1
0 3 15 1 1
0 5 13 1 1
0 8 11 1 1
0 4 14 1 1
0 2 29 1 1
0 6 25 1 1
0 3 28 1 1
0 5 26 1 1
0 8 24 1 1
0 4 27 1 1
0 2 25 1 1
0 3 25 1 1
0 4 25 1 1
0 5 25 1 1
0 6 25 1 1
0 1 25 1 1
0 2 70 1 1
0 6 66 1 1
0 3 69 1 1
0 5 67 1 1
0 8 65 1 1
0 4 68 1 1
0 2 66 1 1
0 3 66 1 1
0 4 66 1 1
0 5 66 1 1
0 6 66 1 1
0 1 66 1 1
0 7 67 1 1
0 1 68 1 1
0 5 65 1 1
0 6 66 1 1
0 2 69 1 1
0 3 70 1 1
0 2 66 1 1
0 6 69 1 1
0 5 70 1 1
0 1 67 1 1
0 8 68 1 1
0 3 65 1 1
0 6 69 1 1
0 5 69 1 1
0 4 69 1 1
0 3 69 1 1
0 2 69 1 1
0 1 69 1 1
0 2 61 1 1
0 6 57 1 1
0 3 60 1 1
0 5 58 1 1
0 8 56 1 1
0 4 59 1 1
0 2 57 1 1
0 3 57 1 1
0 4 57 1 1
0 5 57 1 1
0 6 57 1 1
0 1 57 1 1
0 7 58 1 1
0 1 59 1 1
0 5 56 1 1
0 6 57 1 1
0 2 60 1 1
0 3 61 1 1
0 2 57 1 1
0 6 60 1 1
0 5 61 1 1
0 1 58 1 1
0 8 59 1 1
0 3 56 1 1
0 2 65 1 1
0 6 61 1 1
0 3 64 1 1
0 5 62 1 1
0 8 60 1 1
0 4 63 1 1
0 2 61 1 1
0 3 61 1 1
0 4 61 1 1
0 5 61 1 1
0 6 61 1 1
0 1 61 1 1
0 7 62 1 1
0 1 63 1 1
0 5 60 1 1
0 6 61 1 1
0 2 64 1 1
0 3 65 1 1
0 2 61 1 1
0 6 64 1 1
0 5 65 1 1
0 1 62 1 1
0 8 63 1 1
0 3 60 1 1
0 2 53 1 1
0 6 49 1 1
0 3 52 1 1
0 5 50 1 1
0 8 48 1 1
0 4 51 1 1
0 2 49 1 1
0 3 49 1 1
0 4 49 1 1
0 5 49 1 1
0 6 49 1 1
0 1 49 1 1
0 7 50 1 1
0 1 51 1 1
0 5 48 1 1
0 6 49 1 1
0 2 52 1 1
0 3 53 1 1
0 2 56 1 1
0 6 52 1 1
0 3 55 1 1
0 5 53 1 1
0 8 51 1 1
0 4 54 1 1
0 2 52 1 1
0 3 52 1 1
0 4 52 1 1
0 5 52 1 1
0 6 52 1 1
0 1 52 1 1
0 7 53 1 1
0 1 54 1 1
0 5 51 1 1
0 6 52 1 1
0 2 55 1 1
0 3 56 1 1
0 2 95 1 1
0 6 91 1 1
0 3 94 1 1
0 5 92 1 1
0 8 90 1 1
0 4 93 1 1
0 2 91 1 1
0 3 91 1 1
0 4 91 1 1
0 5 91 1 1
0 6 91 1 1
0 1 91 1 1
0 7 92 1 1
0 1 93 1 1
0 5 90 1 1
0 6 91 1 1
0 2 94 1 1
0 3 95 1 1
0 2 91 1 1
0 6 94 1 1
0 5 95 1 1
0 1 92 1 1
0 8 93 1 1
0 3 90 1 1
0 6 94 1 1
0 5 94 1 1
0 4 94 1 1
0 3 94 1 1
0 2 94 1 1
0 1 94 1 1
0 2 43 1 1
0 6 39 1 1
0 3 42 1 1
0 5 40 1 1
0 8 38 1 1
0 4 41 1 1
0 2 39 1 1
0 3 39 1 1
0 4 39 1 1
0 5 39 1 1
0 6 39 1 1
0 1 39 1 1
0 2 25 1 1
0 6 21 1 1
0 3 24 1 1
0 5 22 1 1
0 8 20 1 1
0 4 23 1 1
0 2 110 1 1
0 6 106 1 1
0 3 109 1 1
0 5 107 1 1
0 8 105 1 1
0 4 108 1 1
0 2 106 1 1
0 3 106 1 1
0 4 106 1 1
0 5 106 1 1
0 6 106 1 1
0 1 106 1 1
0 7 107 1 1
0 1 108 1 1
0 5 105 1 1
0 6 106 1 1
0 2 109 1 1
0 3 110 1 1
0 2 106 1 1
0 6 109 1 1
0 5 110 1 1
0 1 107 1 1
0 8 108 1 1
0 3 105 1 1
0 6 109 1 1
0 5 109 1 1
0 4 109 1 1
0 3 109 1 1
0 2 109 1 1
0 1 109 1 1
0 2 49 1 1
0 6 45 1 1
0 3 48 1 1
0 5 46 1 1
0 8 44 1 1
0 4 47 1 1
0 2 45 1 1
0 3 45 1 1
0 4 45 1 1
0 5 45 1 1
0 6 45 1 1
0 1 45 1 1
0 2 97 1 1
0 6 93 1 1
0 3 96 1 1
0 5 94 1 1
0 8 92 1 1
0 4 95 1 1
0 2 93 1 1
0 3 93 1 1
0 4 93 1 1
0 5 93 1 1
0 6 93 1 1
0 1 93 1 1
0 7 94 1 1
0 1 95 1 1
0 5 92 1 1
0 6 93 1 1
0 2 96 1 1
0 3 97 1 1
0 2 93 1 1
0 6 96 1 1
0 5 97 1 1
0 1 94 1 1
0 8 95 1 1
0 3 92 1 1
0 2 77 1 1
0 6 73 1 1
0 3 76 1 1
0 5 74 1 1
0 8 72 1 1
0 4 75 1 1
0 2 73 1 1
0 3 73 1 1
0 4 73 1 1
0 5 73 1 1
0 6 73 1 1
0 1 73 1 1
0 7 74 1 1
0 1 75 1 1
0 5 72 1 1
0 6 73 1 1
0 2 76 1 1
0 3 77 1 1
0 2 30 1 1
0 6 26 1 1
0 3 29 1 1
0 5 27 1 1
0 8 25 1 1
0 4 28 1 1
0 2 57 1 1
0 6 53 1 1
0 3 56 1 1
0 5 54 1 1
0 8 52 1 1
0 4 55 1 1
0 2 53 1 1
0 3 53 1 1
0 4 53 1 1
0 5 53 1 1
0 6 53 1 1
0 1 53 1 1
0 2 59 1 1
0 6 55 1 1
0 3 58 1 1
0 5 56 1 1
0 8 54 1 1
0 4 57 1 1
0 2 55 1 1
0 3 55 1 1
0 4 55 1 1
0 5 55 1 1
0 6 55 1 1
0 1 55 1 1
0 2 33 1 1
0 6 29 1 1
0 3 32 1 1
0 5 30 1 1
0 8 28 1 1
0 4 31 1 1
0 2 92 1 1
0 6 88 1 1
0 3 91 1 1
0 5 89 1 1
0 8 87 1 1
0 4 90 1 1
0 2 88 1 1
0 3 88 1 1
0 4 88 1 1
0 5 88 1 1
0 6 88 1 1
0 1 88 1 1
0 7 89 1 1
0 1 90 1 1
0 5 87 1 1
0 6 88 1 1
0 2 91 1 1
0 3 92 1 1
0 2 35 1 1
0 6 31 1 1
0 3 34 1 1
0 5 32 1 1
0 8 30 1 1
0 4 33 1 1
0 2 67 1 1
0 6 63 1 1
0 3 66 1 1
0 5 64 1 1
0 8 62 1 1
0 4 65 1 1
0 2 63 1 1
0 3 63 1 1
0 4 63 1 1
0 5 63 1 1
0 6 63 1 1
0 1 63 1 1
0 2 69 1 1
0 6 65 1 1
0 3 68 1 1
0 5 66 1 1
0 8 64 1 1
0 4 67 1 1
0 2 65 1 1
0 3 65 1 1
0 4 65 1 1
0 5 65 1 1
0 6 65 1 1
0 1 65 1 1
0 2 104 1 1
0 6 100 1 1
0 3 103 1 1
0 5 101 1 1
0 8 99 1 1
0 4 102 1 1
0 2 100 1 1
0 3 100 1 1
0 4 100 1 1
0 5 100 1 1
0 6 100 1 1
0 1 100 1 1
0 7 101 1 1
0 1 102 1 1
0 5 99 1 1
0 6 100 1 1
0 2 103 1 1
0 3 104 1 1
0 2 141 1 1
0 6 137 1 1
0 3 140 1 1
0 5 138 1 1
0 8 136 1 1
0 4 139 1 1
0 2 137 1 1
0 3 137 1 1
0 4 137 1 1
0 5 137 1 1
0 6 137 1 1
0 1 137 1 1
0 7 138 1 1
0 1 139 1 1
0 5 136 1 1
0 6 137 1 1
0 2 140 1 1
0 3 141 1 1
0 2 137 1 1
0 6 140 1 1
0 5 141 1 1
0 1 138 1 1
0 8 139 1 1
0 3 136 1 1
0 2 40 1 1
0 6 36 1 1
0 3 39 1 1
0 5 37 1 1
0 8 35 1 1
0 4 38 1 1
0 2 113 1 1
0 6 109 1 1
0 3 112 1 1
0 5 110 1 1
0 8 108 1 1
0 4 111 1 1
0 2 109 1 1
0 3 109 1 1
0 4 109 1 1
0 5 109 1 1
0 6 109 1 1
0 1 109 1 1
0 7 110 1 1
0 1 111 1 1
0 5 108 1 1
0 6 109 1 1
0 2 112 1 1
0 3 113 1 1
0 2 116 1 1
0 6 112 1 1
0 3 115 1 1
0 5 113 1 1
0 8 111 1 1
0 4 114 1 1
0 2 112 1 1
0 3 112 1 1
0 4 112 1 1
0 5 112 1 1
0 6 112 1 1
0 1 112 1 1
0 7 113 1 1
0 1 114 1 1
0 5 111 1 1
0 6 112 1 1
0 2 115 1 1
0 3 116 1 1
0 2 119 1 1
0 6 115 1 1
0 3 118 1 1
0 5 116 1 1
0 8 114 1 1
0 4 117 1 1
0 2 115 1 1
0 3 115 1 1
0 4 115 1 1
0 5 115 1 1
0 6 115 1 1
0 1 115 1 1
0 7 116 1 1
0 1 117 1 1
0 5 114 1 1
0 6 115 1 1
0 2 118 1 1
0 3 119 1 1
0 2 161 1 1
0 6 157 1 1
0 3 160 1 1
0 5 158 1 1
0 8 156 1 1
0 4 159 1 1
0 2 157 1 1
0 3 157 1 1
0 4 157 1 1
0 5 157 1 1
0 6 157 1 1
0 1 157 1 1
0 7 158 1 1
0 1 159 1 1
0 5 156 1 1
0 6 157 1 1
0 2 160 1 1
0 3 161 1 1
0 2 157 1 1
0 6 160 1 1
0 5 161 1 1
0 1 158 1 1
0 8 159 1 1
0 3 156 1 1
0 2 85 1 1
0 6 81 1 1
0 3 84 1 1
0 5 82 1 1
0 8 80 1 1
0 4 83 1 1
0 2 81 1 1
0 3 81 1 1
0 4 81 1 1
0 5 81 1 1
0 6 81 1 1
0 1 81 1 1
0 2 87 1 1
0 6 83 1 1
0 3 86 1 1
0 5 84 1 1
0 8 82 1 1
0 4 85 1 1
0 2 83 1 1
0 3 83 1 1
0 4 83 1 1
0 5 83 1 1
0 6 83 1 1
0 1 83 1 1
0 2 47 1 1
0 6 43 1 1
0 3 46 1 1
0 5 44 1 1
0 8 42 1 1
0 4 45 1 1
0 2 134 1 1
0 6 130 1 1
0 3 133 1 1
0 5 131 1 1
0 8 129 1 1
0 4 132 1 1
0 2 130 1 1
0 3 130 1 1
0 4 130 1 1
0 5 130 1 1
0 6 130 1 1
0 1 130 1 1
0 7 131 1 1
0 1 132 1 1
0 5 129 1 1
0 6 130 1 1
0 2 133 1 1
0 3 134 1 1
0 2 93 1 1
0 6 89 1 1
0 3 92 1 1
0 5 90 1 1
0 8 88 1 1
0 4 91 1 1
0 2 89 1 1
0 3 89 1 1
0 4 89 1 1
0 5 89 1 1
0 6 89 1 1
0 1 89 1 1
0 2 230 1 1
0 6 226 1 1
0 3 229 1 1
0 5 227 1 1
0 8 225 1 1
0 4 228 1 1
0 2 226 1 1
0 3 226 1 1
0 4 226 1 1
0 5 226 1 1
0 6 226 1 1
0 1 226 1 1
0 7 227 1 1
0 1 228 1 1
0 5 225 1 1
0 6 226 1 1
0 2 229 1 1
0 3 230 1 1
0 2 226 1 1
0 6 229 1 1
0 5 230 1 1
0 1 227 1 1
0 8 228 1 1
0 3 225 1 1
0 6 229 1 1
0 5 229 1 1
0 4 229 1 1
0 3 229 1 1
0 2 229 1 1
0 1 229 1 1
0 2 143 1 1
0 6 139 1 1
0 3 142 1 1
0 5 140 1 1
0 8 138 1 1
0 4 141 1 1
0 2 139 1 1
0 3 139 1 1
0 4 139 1 1
0 5 139 1 1
0 6 139 1 1
0 1 139 1 1
0 7 140 1 1
0 1 141 1 1
0 5 138 1 1
0 6 139 1 1
0 2 142 1 1
0 3 143 1 1
0 2 52 1 1
0 6 48 1 1
0 3 51 1 1
0 5 49 1 1
0 8 47 1 1
0 4 50 1 1
0 2 245 1 1
0 6 241 1 1
0 3 244 1 1
0 5 242 1 1
0 8 240 1 1
0 4 243 1 1
0 2 241 1 1
0 3 241 1 1
0 4 241 1 1
0 5 241 1 1
0 6 241 1 1
0 1 241 1 1
0 7 242 1 1
0 1 243 1 1
0 5 240 1 1
0 6 241 1 1
0 2 244 1 1
0 3 245 1 1
0 2 241 1 1
0 6 244 1 1
0 5 245 1 1
0 1 242 1 1
0 8 243 1 1
0 3 240 1 1
0 6 244 1 1
0 5 244 1 1
0 4 244 1 1
0 3 244 1 1
0 2 244 1 1
0 1 244 1 1
0 2 103 1 1
0 6 99 1 1
0 3 102 1 1
0 5 100 1 1
0 8 98 1 1
0 4 101 1 1
0 2 99 1 1
0 3 99 1 1
0 4 99 1 1
0 5 99 1 1
0 6 99 1 1
0 1 99 1 1
0 2 105 1 1
0 6 101 1 1
0 3 104 1 1
0 5 102 1 1
0 8 100 1 1
0 4 103 1 1
0 2 101 1 1
0 3 101 1 1
0 4 101 1 1
0 5 101 1 1
0 6 101 1 1
0 1 101 1 1
0 2 158 1 1
0 6 154 1 1
0 3 157 1 1
0 5 155 1 1
0 8 153 1 1
0 4 156 1 1
0 2 154 1 1
0 3 154 1 1
0 4 154 1 1
0 5 154 1 1
0 6 154 1 1
0 1 154 1 1
0 7 155 1 1
0 1 156 1 1
0 5 153 1 1
0 6 154 1 1
0 2 157 1 1
0 3 158 1 1
0 2 57 1 1
0 6 53 1 1
0 3 56 1 1
0 5 54 1 1
0 8 52 1 1
0 4 55 1 1
0 2 270 1 1
0 6 266 1 1
0 3 269 1 1
0 5 267 1 1
0 8 265 1 1
0 4 268 1 1
0 2 266 1 1
0 3 266 1 1
0 4 266 1 1
0 5 266 1 1
0 6 266 1 1
0 1 266 1 1
0 7 267 1 1
0 1 268 1 1
0 5 265 1 1
0 6 266 1 1
0 2 269 1 1
0 3 270 1 1
0 2 266 1 1
0 6 269 1 1
0 5 270 1 1
0 1 267 1 1
0 8 268 1 1
0 3 265 1 1
0 6 269 1 1
0 5 269 1 1
0 4 269 1 1
0 3 269 1 1
0 2 269 1 1
0 1 269 1 1
0 2 113 1 1
0 6 109 1 1
0 3 112 1 1
0 5 110 1 1
0 8 108 1 1
0 4 111 1 1
0 2 109 1 1
0 3 109 1 1
0 4 109 1 1
0 5 109 1 1
0 6 109 1 1
0 1 109 1 1
0 2 225 1 1
0 6 221 1 1
0 3 224 1 1
0 5 222 1 1
0 8 220 1 1
0 4 223 1 1
0 2 221 1 1
0 3 221 1 1
0 4 221 1 1
0 5 221 1 1
0 6 221 1 1
0 1 221 1 1
0 7 222 1 1
0 1 223 1 1
0 5 220 1 1
0 6 221 1 1
0 2 224 1 1
0 3 225 1 1
0 2 221 1 1
0 6 224 1 1
0 5 225 1 1
0 1 222 1 1
0 8 223 1 1
0 3 220 1 1
0 2 173 1 1
0 6 169 1 1
0 3 172 1 1
0 5 170 1 1
0 8 168 1 1
0 4 171 1 1
0 2 169 1 1
0 3 169 1 1
0 4 169 1 1
0 5 169 1 1
0 6 169 1 1
0 1 169 1 1
0 7 170 1 1
0 1 171 1 1
0 5 168 1 1
0 6 169 1 1
0 2 172 1 1
0 3 173 1 1
0 2 176 1 1
0 6 172 1 1
0 3 175 1 1
0 5 173 1 1
0 8 171 1 1
0 4 174 1 1
0 2 172 1 1
0 3 172 1 1
0 4 172 1 1
0 5 172 1 1
0 6 172 1 1
0 1 172 1 1
0 7 173 1 1
0 1 174 1 1
0 5 171 1 1
0 6 172 1 1
0 2 175 1 1
0 3 176 1 1
0 2 121 1 1
0 6 117 1 1
0 3 120 1 1
0 5 118 1 1
0 8 116 1 1
0 4 119 1 1
0 2 117 1 1
0 3 117 1 1
0 4 117 1 1
0 5 117 1 1
0 6 117 1 1
0 1 117 1 1
0 2 182 1 1
0 6 178 1 1
0 3 181 1 1
0 5 179 1 1
0 8 177 1 1
0 4 180 1 1
0 2 178 1 1
0 3 178 1 1
0 4 178 1 1
0 5 178 1 1
0 6 178 1 1
0 1 178 1 1
0 7 179 1 1
0 1 180 1 1
0 5 177 1 1
0 6 178 1 1
0 2 181 1 1
0 3 182 1 1
0 2 245 1 1
0 6 241 1 1
0 3 244 1 1
0 5 242 1 1
0 8 240 1 1
0 4 243 1 1
0 2 241 1 1
0 3 241 1 1
0 4 241 1 1
0 5 241 1 1
0 6 241 1 1
0 1 241 1 1
0 7 242 1 1
0 1 243 1 1
0 5 240 1 1
0 6 241 1 1
0 2 244 1 1
0 3 245 1 1
0 2 241 1 1
0 6 244 1 1
0 5 245 1 1
0 1 242 1 1
0 8 243 1 1
0 3 240 1 1
0 2 249 1 1
0 6 245 1 1
0 3 248 1 1
0 5 246 1 1
0 8 244 1 1
0 4 247 1 1
0 2 245 1 1
0 3 245 1 1
0 4 245 1 1
0 5 245 1 1
0 6 245 1 1
0 1 245 1 1
0 7 246 1 1
0 1 247 1 1
0 5 244 1 1
0 6 245 1 1
0 2 248 1 1
0 3 249 1 1
0 2 245 1 1
0 6 248 1 1
0 5 249 1 1
0 1 246 1 1
0 8 247 1 1
0 3 244 1 1
0 2 191 1 1
0 6 187 1 1
0 3 190 1 1
0 5 188 1 1
0 8 186 1 1
0 4 189 1 1
0 2 187 1 1
0 3 187 1 1
0 4 187 1 1
0 5 187 1 1
0 6 187 1 1
0 1 187 1 1
0 7 188 1 1
0 1 189 1 1
0 5 186 1 1
0 6 187 1 1
0 2 190 1 1
0 3 191 1 1
0 2 131 1 1
0 6 127 1 1
0 3 130 1 1
0 5 128 1 1
0 8 126 1 1
0 4 129 1 1
0 2 127 1 1
0 3 127 1 1
0 4 127 1 1
0 5 127 1 1
0 6 127 1 1
0 1 127 1 1
0 2 325 1 1
0 6 321 1 1
0 3 324 1 1
0 5 322 1 1
0 8 320 1 1
0 4 323 1 1
0 2 321 1 1
0 3 321 1 1
0 4 321 1 1
0 5 321 1 1
0 6 321 1 1
0 1 321 1 1
0 7 322 1 1
0 1 323 1 1
0 5 320 1 1
0 6 321 1 1
0 2 324 1 1
0 3 325 1 1
0 2 321 1 1
0 6 324 1 1
0 5 325 1 1
0 1 322 1 1
0 8 323 1 1
0 3 320 1 1
0 6 324 1 1
0 5 324 1 1
0 4 324 1 1
0 3 324 1 1
0 2 324 1 1
0 1 324 1 1
0 2 70 1 1
0 6 66 1 1
0 3 69 1 1
0 5 67 1 1
0 8 65 1 1
0 4 68 1 1
0 2 71 1 1
0 6 67 1 1
0 3 70 1 1
0 5 68 1 1
0 8 66 1 1
0 4 69 1 1
0 2 72 1 1
0 6 68 1 1
0 3 71 1 1
0 5 69 1 1
0 8 67 1 1
0 4 70 1 1
0 2 277 1 1
0 6 273 1 1
0 3 276 1 1
0 5 274 1 1
0 8 272 1 1
0 4 275 1 1
0 2 273 1 1
0 3 273 1 1
0 4 273 1 1
0 5 273 1 1
0 6 273 1 1
0 1 273 1 1
0 7 274 1 1
0 1 275 1 1
0 5 272 1 1
0 6 273 1 1
0 2 276 1 1
0 3 277 1 1
0 2 273 1 1
0 6 276 1 1
0 5 277 1 1
0 1 274 1 1
0 8 275 1 1
0 3 272 1 1
0 2 74 1 1
0 6 70 1 1
0 3 73 1 1
0 5 71 1 1
0 8 69 1 1
0 4 72 1 1
0 2 215 1 1
0 6 211 1 1
0 3 214 1 1
0 5 212 1 1
0 8 210 1 1
0 4 213 1 1
0 2 211 1 1
0 3 211 1 1
0 4 211 1 1
0 5 211 1 1
0 6 211 1 1
0 1 211 1 1
0 7 212 1 1
0 1 213 1 1
0 5 210 1 1
0 6 211 1 1
0 2 214 1 1
0 3 215 1 1
0 2 147 1 1
0 6 143 1 1
0 3 146 1 1
0 5 144 1 1
0 8 142 1 1
0 4 145 1 1
0 2 143 1 1
0 3 143 1 1
0 4 143 1 1
0 5 143 1 1
0 6 143 1 1
0 1 143 1 1
0 2 293 1 1
0 6 289 1 1
0 3 292 1 1
0 5 290 1 1
0 8 288 1 1
0 4 291 1 1
0 2 289 1 1
0 3 289 1 1
0 4 289 1 1
0 5 289 1 1
0 6 289 1 1
0 1 289 1 1
0 7 290 1 1
0 1 291 1 1
0 5 288 1 1
0 6 289 1 1
0 2 292 1 1
0 3 293 1 1
0 2 289 1 1
0 6 292 1 1
0 5 293 1 1
0 1 290 1 1
0 8 291 1 1
0 3 288 1 1
0 2 78 1 1
0 6 74 1 1
0 3 77 1 1
0 5 75 1 1
0 8 73 1 1
0 4 76 1 1
0 2 301 1 1
0 6 297 1 1
0 3 300 1 1
0 5 298 1 1
0 8 296 1 1
0 4 299 1 1
0 2 297 1 1
0 3 297 1 1
0 4 297 1 1
0 5 297 1 1
0 6 297 1 1
0 1 297 1 1
0 7 298 1 1
0 1 299 1 1
0 5 296 1 1
0 6 297 1 1
0 2 300 1 1
0 3 301 1 1
0 2 297 1 1
0 6 300 1 1
0 5 301 1 1
0 1 298 1 1
0 8 299 1 1
0 3 296 1 1
0 2 230 1 1
0 6 226 1 1
0 3 229 1 1
0 5 227 1 1
0 8 225 1 1
0 4 228 1 1
0 2 226 1 1
0 3 226 1 1
0 4 226 1 1
0 5 226 1 1
0 6 226 1 1
0 1 226 1 1
0 7 227 1 1
0 1 228 1 1
0 5 225 1 1
0 6 226 1 1
0 2 229 1 1
0 3 230 1 1
0 2 233 1 1
0 6 229 1 1
0 3 232 1 1
0 5 230 1 1
0 8 228 1 1
0 4 231 1 1
0 2 229 1 1
0 3 229 1 1
0 4 229 1 1
0 5 229 1 1
0 6 229 1 1
0 1 229 1 1
0 7 230 1 1
0 1 231 1 1
0 5 228 1 1
0 6 229 1 1
0 2 232 1 1
0 3 233 1 1
0 2 82 1 1
0 6 78 1 1
0 3 81 1 1
0 5 79 1 1
0 8 77 1 1
0 4 80 1 1
0 2 317 1 1
0 6 313 1 1
0 3 316 1 1
0 5 314 1 1
0 8 312 1 1
0 4 315 1 1
0 2 313 1 1
0 3 313 1 1
0 4 313 1 1
0 5 313 1 1
0 6 313 1 1
0 1 313 1 1
0 7 314 1 1
0 1 315 1 1
0 5 312 1 1
0 6 313 1 1
0 2 316 1 1
0 3 317 1 1
0 2 313 1 1
0 6 316 1 1
0 5 317 1 1
0 1 314 1 1
0 8 315 1 1
0 3 312 1 1
0 2 163 1 1
0 6 159 1 1
0 3 162 1 1
0 5 160 1 1
0 8 158 1 1
0 4 161 1 1
0 2 159 1 1
0 3 159 1 1
0 4 159 1 1
0 5 159 1 1
0 6 159 1 1
0 1 159 1 1
0 2 165 1 1
0 6 161 1 1
0 3 164 1 1
0 5 162 1 1
0 8 160 1 1
0 4 163 1 1
0 2 161 1 1
0 3 161 1 1
0 4 161 1 1
0 5 161 1 1
0 6 161 1 1
0 1 161 1 1
0 2 329 1 1
0 6 325 1 1
0 3 328 1 1
0 5 326 1 1
0 8 324 1 1
0 4 327 1 1
0 2 325 1 1
0 3 325 1 1
0 4 325 1 1
0 5 325 1 1
0 6 325 1 1
0 1 325 1 1
0 7 326 1 1
0 1 327 1 1
0 5 324 1 1
0 6 325 1 1
0 2 328 1 1
0 3 329 1 1
0 2 325 1 1
0 6 328 1 1
0 5 329 1 1
0 1 326 1 1
0 8 327 1 1
0 3 324 1 1
0 2 251 1 1
0 6 247 1 1
0 3 250 1 1
0 5 248 1 1
0 8 246 1 1
0 4 249 1 1
0 2 247 1 1
0 3 247 1 1
0 4 247 1 1
0 5 247 1 1
0 6 247 1 1
0 1 247 1 1
0 7 248 1 1
0 1 249 1 1
0 5 246 1 1
0 6 247 1 1
0 2 250 1 1
0 3 251 1 1
0 2 420 1 1
0 6 416 1 1
0 3 419 1 1
0 5 417 1 1
0 8 415 1 1
0 4 418 1 1
0 2 416 1 1
0 3 416 1 1
0 4 416 1 1
0 5 416 1 1
0 6 416 1 1
0 1 416 1 1
0 7 417 1 1
0 1 418 1 1
0 5 415 1 1
0 6 416 1 1
0 2 419 1 1
0 3 420 1 1
0 2 416 1 1
0 6 419 1 1
0 5 420 1 1
0 1 417 1 1
0 8 418 1 1
0 3 415 1 1
0 6 419 1 1
0 5 419 1 1
0 4 419 1 1
0 3 419 1 1
0 2 419 1 1
0 1 419 1 1
0 2 89 1 1
0 6 85 1 1
0 3 88 1 1
0 5 86 1 1
0 8 84 1 1
0 4 87 1 1
0 2 260 1 1
0 6 256 1 1
0 3 259 1 1
0 5 257 1 1
0 8 255 1 1
0 4 258 1 1
0 2 256 1 1
0 3 256 1 1
0 4 256 1 1
0 5 256 1 1
0 6 256 1 1
0 1 256 1 1
0 7 257 1 1
0 1 258 1 1
0 5 255 1 1
0 6 256 1 1
0 2 259 1 1
0 3 260 1 1
0 2 349 1 1
0 6 345 1 1
0 3 348 1 1
0 5 346 1 1
0 8 344 1 1
0 4 347 1 1
0 2 345 1 1
0 3 345 1 1
0 4 345 1 1
0 5 345 1 1
0 6 345 1 1
0 1 345 1 1
0 7 346 1 1
0 1 347 1 1
0 5 344 1 1
0 6 345 1 1
0 2 348 1 1
0 3 349 1 1
0 2 345 1 1
0 6 348 1 1
0 5 349 1 1
0 1 346 1 1
0 8 347 1 1
0 3 344 1 1
0 2 440 1 1
0 6 436 1 1
0 3 439 1 1
0 5 437 1 1
0 8 435 1 1
0 4 438 1 1
0 2 436 1 1
0 3 436 1 1
0 4 436 1 1
0 5 436 1 1
0 6 436 1 1
0 1 436 1 1
0 7 437 1 1
0 1 438 1 1
0 5 435 1 1
0 6 436 1 1
0 2 439 1 1
0 3 440 1 1
0 2 436 1 1
0 6 439 1 1
0 5 440 1 1
0 1 437 1 1
0 8 438 1 1
0 3 435 1 1
0 6 439 1 1
0 5 439 1 1
0 4 439 1 1
0 3 439 1 1
0 2 439 1 1
0 1 439 1 1
0 2 93 1 1
0 6 89 1 1
0 3 92 1 1
0 5 90 1 1
0 8 88 1 1
0 4 91 1 1
0 2 450 1 1
0 6 446 1 1
0 3 449 1 1
0 5 447 1 1
0 8 445 1 1
0 4 448 1 1
0 2 446 1 1
0 3 446 1 1
0 4 446 1 1
0 5 446 1 1
0 6 446 1 1
0 1 446 1 1
0 7 447 1 1
0 1 448 1 1
0 5 445 1 1
0 6 446 1 1
0 2 449 1 1
0 3 450 1 1
0 2 446 1 1
0 6 449 1 1
0 5 450 1 1
0 1 447 1 1
0 8 448 1 1
0 3 445 1 1
0 6 449 1 1
0 5 449 1 1
0 4 449 1 1
0 3 449 1 1
0 2 449 1 1
0 1 449 1 1
0 2 185 1 1
0 6 181 1 1
0 3 184 1 1
0 5 182 1 1
0 8 180 1 1
0 4 183 1 1
0 2 181 1 1
0 3 181 1 1
0 4 181 1 1
0 5 181 1 1
0 6 181 1 1
0 1 181 1 1
0 2 187 1 1
0 6 183 1 1
0 3 186 1 1
0 5 184 1 1
0 8 182 1 1
0 4 185 1 1
0 2 183 1 1
0 3 183 1 1
0 4 183 1 1
0 5 183 1 1
0 6 183 1 1
0 1 183 1 1
0 2 189 1 1
0 6 185 1 1
0 3 188 1 1
0 5 186 1 1
0 8 184 1 1
0 4 187 1 1
0 2 185 1 1
0 3 185 1 1
0 4 185 1 1
0 5 185 1 1
0 6 185 1 1
0 1 185 1 1
0 2 98 1 1
0 6 94 1 1
0 3 97 1 1
0 5 95 1 1
0 8 93 1 1
0 4 96 1 1
0 2 193 1 1
0 6 189 1 1
0 3 192 1 1
0 5 190 1 1
0 8 188 1 1
0 4 191 1 1
0 2 189 1 1
0 3 189 1 1
0 4 189 1 1
0 5 189 1 1
0 6 189 1 1
0 1 189 1 1
0 2 290 1 1
0 6 286 1 1
0 3 289 1 1
0 5 287 1 1
0 8 285 1 1
0 4 288 1 1
0 2 286 1 1
0 3 286 1 1
0 4 286 1 1
0 5 286 1 1
0 6 286 1 1
0 1 286 1 1
0 7 287 1 1
0 1 288 1 1
0 5 285 1 1
0 6 286 1 1
0 2 289 1 1
0 3 290 1 1
0 2 101 1 1
0 6 97 1 1
0 3 100 1 1
0 5 98 1 1
0 8 96 1 1
0 4 99 1 1
0 2 393 1 1
0 6 389 1 1
0 3 392 1 1
0 5 390 1 1
0 8 388 1 1
0 4 391 1 1
0 2 389 1 1
0 3 389 1 1
0 4 389 1 1
0 5 389 1 1
0 6 389 1 1
0 1 389 1 1
0 7 390 1 1
0 1 391 1 1
0 5 388 1 1
0 6 389 1 1
0 2 392 1 1
0 3 393 1 1
0 2 389 1 1
0 6 392 1 1
0 5 393 1 1
0 1 390 1 1
0 8 391 1 1
0 3 388 1 1
0 2 397 1 1
0 6 393 1 1
0 3 396 1 1
0 5 394 1 1
0 8 392 1 1
0 4 395 1 1
0 2 393 1 1
0 3 393 1 1
0 4 393 1 1
0 5 393 1 1
0 6 393 1 1
0 1 393 1 1
0 7 394 1 1
0 1 395 1 1
0 5 392 1 1
0 6 393 1 1
0 2 396 1 1
0 3 397 1 1
0 2 393 1 1
0 6 396 1 1
0 5 397 1 1
0 1 394 1 1
0 8 395 1 1
0 3 392 1 1
0 2 401 1 1
0 6 397 1 1
0 3 400 1 1
0 5 398 1 1
0 8 396 1 1
0 4 399 1 1
0 2 397 1 1
0 3 397 1 1
0 4 397 1 1
0 5 397 1 1
0 6 397 1 1
0 1 397 1 1
0 7 398 1 1
0 1 399 1 1
0 5 396 1 1
0 6 397 1 1
0 2 400 1 1
0 3 401 1 1
0 2 397 1 1
0 6 400 1 1
0 5 401 1 1
0 1 398 1 1
0 8 399 1 1
0 3 396 1 1
