0 3 8 1 1
0 7 4 1 1
0 9 2 1 1
0 2 9 1 1
0 6 5 1 1
0 12 0 1 1
0 4 7 1 1
0 8 3 1 1
0 10 1 1 1
0 5 6 1 1
0 2 1 1 1
0 3 1 1 1
0 4 1 1 1
0 5 1 1 1
0 8 1 1 1
0 6 1 1 1
0 9 1 1 1
0 7 1 1 1
0 10 1 1 1
0 1 1 1 1
0 4 6 1 1
0 7 9 1 1
0 6 8 1 1
0 1 3 1 1
0 11 2 1 1
0 10 1 1 1
0 5 7 1 1
0 9 0 1 1
0 2 4 1 1
0 3 5 1 1
0 2 1 1 1
0 9 5 1 1
0 10 4 1 1
0 6 8 1 1
0 12 3 1 1
0 8 6 1 1
0 7 7 1 1
0 1 2 1 1
0 5 9 1 1
0 3 0 1 1
0 10 4 1 1
0 7 4 1 1
0 9 4 1 1
0 6 4 1 1
0 8 4 1 1
0 5 4 1 1
0 4 4 1 1
0 3 4 1 1
0 2 4 1 1
0 1 4 1 1
0 10 4 1 1
0 3 8 1 1
0 11 5 1 1
0 8 2 1 1
0 1 6 1 1
0 6 0 1 1
0 9 3 1 1
0 4 9 1 1
0 7 1 1 1
0 2 7 1 1
0 3 17 1 1
0 7 13 1 1
0 9 11 1 1
0 2 18 1 1
0 6 14 1 1
0 12 9 1 1
0 4 16 1 1
0 8 12 1 1
0 10 10 1 1
0 5 15 1 1
0 2 10 1 1
0 3 10 1 1
0 4 10 1 1
0 5 10 1 1
0 8 10 1 1
0 6 10 1 1
0 9 10 1 1
0 7 10 1 1
0 10 10 1 1
0 1 10 1 1
0 4 15 1 1
0 7 18 1 1
0 6 17 1 1
0 1 12 1 1
0 11 11 1 1
0 10 10 1 1
0 5 16 1 1
0 9 9 1 1
0 2 13 1 1
0 3 14 1 1
0 2 10 1 1
0 9 14 1 1
0 10 13 1 1
0 6 17 1 1
0 12 12 1 1
0 8 15 1 1
0 7 16 1 1
0 1 11 1 1
0 5 18 1 1
0 3 9 1 1
0 10 13 1 1
0 7 13 1 1
0 9 13 1 1
0 6 13 1 1
0 8 13 1 1
0 5 13 1 1
0 4 13 1 1
0 3 13 1 1
0 2 13 1 1
0 1 13 1 1
0 10 13 1 1
0 3 17 1 1
0 11 14 1 1
0 8 11 1 1
0 1 15 1 1
0 6 9 1 1
0 9 12 1 1
0 4 18 1 1
0 7 10 1 1
0 2 16 1 1
0 1 14 1 1
0 3 12 1 1
0 8 18 1 1
0 12 15 1 1
0 9 17 1 1
0 5 10 1 1
0 6 9 1 1
0 10 16 1 1
0 2 13 1 1
0 4 11 1 1
0 3 16 1 1
0 1 16 1 1
0 6 16 1 1
0 7 16 1 1
0 4 16 1 1
0 5 16 1 1
0 10 16 1 1
0 8 16 1 1
0 2 16 1 1
0 9 16 1 1
0 7 13 1 1
0 9 15 1 1
0 1 18 1 1
0 11 17 1 1
0 4 10 1 1
0 5 11 1 1
0 6 12 1 1
0 10 16 1 1
0 3 9 1 1
0 8 14 1 1
0 3 24 1 1
0 7 20 1 1
0 9 18 1 1
0 2 25 1 1
0 6 21 1 1
0 12 16 1 1
0 4 23 1 1
0 8 19 1 1
0 10 17 1 1
0 5 22 1 1
0 2 17 1 1
0 3 17 1 1
0 4 17 1 1
0 5 17 1 1
0 8 17 1 1
0 6 17 1 1
0 9 17 1 1
0 7 17 1 1
0 10 17 1 1
0 1 17 1 1
0 4 22 1 1
0 7 25 1 1
0 6 24 1 1
0 1 19 1 1
0 11 18 1 1
0 10 17 1 1
0 5 23 1 1
0 9 16 1 1
0 2 20 1 1
0 3 21 1 1
0 2 17 1 1
0 9 21 1 1
0 10 20 1 1
0 6 24 1 1
0 12 19 1 1
0 8 22 1 1
0 7 23 1 1
0 1 18 1 1
0 5 25 1 1
0 3 16 1 1
0 10 20 1 1
0 7 20 1 1
0 9 20 1 1
0 6 20 1 1
0 8 20 1 1
0 5 20 1 1
0 4 20 1 1
0 3 20 1 1
0 2 20 1 1
0 1 20 1 1
0 10 20 1 1
0 3 24 1 1
0 11 21 1 1
0 8 18 1 1
0 1 22 1 1
0 6 16 1 1
0 9 19 1 1
0 4 25 1 1
0 7 17 1 1
0 2 23 1 1
0 1 21 1 1
0 3 19 1 1
0 8 25 1 1
0 12 22 1 1
0 9 24 1 1
0 5 17 1 1
0 6 16 1 1
0 10 23 1 1
0 2 20 1 1
0 4 18 1 1
0 3 23 1 1
0 1 23 1 1
0 6 23 1 1
0 7 23 1 1
0 4 23 1 1
0 5 23 1 1
0 10 23 1 1
0 8 23 1 1
0 2 23 1 1
0 9 23 1 1
0 3 23 1 1
0 7 19 1 1
0 9 17 1 1
0 2 24 1 1
0 6 20 1 1
0 12 15 1 1
0 4 22 1 1
0 8 18 1 1
0 10 16 1 1
0 5 21 1 1
0 2 16 1 1
0 3 16 1 1
0 4 16 1 1
0 5 16 1 1
0 8 16 1 1
0 6 16 1 1
0 9 16 1 1
0 7 16 1 1
0 10 16 1 1
0 1 16 1 1
0 4 21 1 1
0 7 24 1 1
0 6 23 1 1
0 1 18 1 1
0 11 17 1 1
0 10 16 1 1
0 5 22 1 1
0 9 15 1 1
0 2 19 1 1
0 3 20 1 1
0 2 16 1 1
0 9 20 1 1
0 10 19 1 1
0 6 23 1 1
0 12 18 1 1
0 8 21 1 1
0 7 22 1 1
0 1 17 1 1
0 5 24 1 1
0 3 15 1 1
0 10 19 1 1
0 7 19 1 1
0 9 19 1 1
0 6 19 1 1
0 8 19 1 1
0 5 19 1 1
0 4 19 1 1
0 3 19 1 1
0 2 19 1 1
0 1 19 1 1
0 3 36 1 1
0 7 32 1 1
0 9 30 1 1
0 2 37 1 1
0 6 33 1 1
0 12 28 1 1
0 4 35 1 1
0 8 31 1 1
0 10 29 1 1
0 5 34 1 1
0 2 29 1 1
0 3 29 1 1
0 4 29 1 1
0 5 29 1 1
0 8 29 1 1
0 6 29 1 1
0 9 29 1 1
0 7 29 1 1
0 10 29 1 1
0 1 29 1 1
0 4 34 1 1
0 7 37 1 1
0 6 36 1 1
0 1 31 1 1
0 11 30 1 1
0 10 29 1 1
0 5 35 1 1
0 9 28 1 1
0 2 32 1 1
0 3 33 1 1
0 2 29 1 1
0 9 33 1 1
0 10 32 1 1
0 6 36 1 1
0 12 31 1 1
0 8 34 1 1
0 7 35 1 1
0 1 30 1 1
0 5 37 1 1
0 3 28 1 1
0 10 32 1 1
0 7 32 1 1
0 9 32 1 1
0 6 32 1 1
0 8 32 1 1
0 5 32 1 1
0 4 32 1 1
0 3 32 1 1
0 2 32 1 1
0 1 32 1 1
0 10 32 1 1
0 3 36 1 1
0 11 33 1 1
0 8 30 1 1
0 1 34 1 1
0 6 28 1 1
0 9 31 1 1
0 4 37 1 1
0 7 29 1 1
0 2 35 1 1
0 1 33 1 1
0 3 31 1 1
0 8 37 1 1
0 12 34 1 1
0 9 36 1 1
0 5 29 1 1
0 6 28 1 1
0 10 35 1 1
0 2 32 1 1
0 4 30 1 1
0 3 48 1 1
0 7 44 1 1
0 9 42 1 1
0 2 49 1 1
0 6 45 1 1
0 12 40 1 1
0 4 47 1 1
0 8 43 1 1
0 10 41 1 1
0 5 46 1 1
0 2 41 1 1
0 3 41 1 1
0 4 41 1 1
0 5 41 1 1
0 8 41 1 1
0 6 41 1 1
0 9 41 1 1
0 7 41 1 1
0 10 41 1 1
0 1 41 1 1
0 4 46 1 1
0 7 49 1 1
0 6 48 1 1
0 1 43 1 1
0 11 42 1 1
0 10 41 1 1
0 5 47 1 1
0 9 40 1 1
0 2 44 1 1
0 3 45 1 1
0 2 41 1 1
0 9 45 1 1
0 10 44 1 1
0 6 48 1 1
0 12 43 1 1
0 8 46 1 1
0 7 47 1 1
0 1 42 1 1
0 5 49 1 1
0 3 40 1 1
0 10 44 1 1
0 7 44 1 1
0 9 44 1 1
0 6 44 1 1
0 8 44 1 1
0 5 44 1 1
0 4 44 1 1
0 3 44 1 1
0 2 44 1 1
0 1 44 1 1
0 10 44 1 1
0 3 48 1 1
0 11 45 1 1
0 8 42 1 1
0 1 46 1 1
0 6 40 1 1
0 9 43 1 1
0 4 49 1 1
0 7 41 1 1
0 2 47 1 1
0 1 45 1 1
0 3 43 1 1
0 8 49 1 1
0 12 46 1 1
0 9 48 1 1
0 5 41 1 1
0 6 40 1 1
0 10 47 1 1
0 2 44 1 1
0 4 42 1 1
0 3 47 1 1
0 1 47 1 1
0 6 47 1 1
0 7 47 1 1
0 4 47 1 1
0 5 47 1 1
0 10 47 1 1
0 8 47 1 1
0 2 47 1 1
0 9 47 1 1
0 3 38 1 1
0 7 34 1 1
0 9 32 1 1
0 2 39 1 1
0 6 35 1 1
0 12 30 1 1
0 4 37 1 1
0 8 33 1 1
0 10 31 1 1
0 5 36 1 1
0 2 31 1 1
0 3 31 1 1
0 4 31 1 1
0 5 31 1 1
0 8 31 1 1
0 6 31 1 1
0 9 31 1 1
0 7 31 1 1
0 10 31 1 1
0 1 31 1 1
0 4 36 1 1
0 7 39 1 1
0 6 38 1 1
0 1 33 1 1
0 11 32 1 1
0 10 31 1 1
0 5 37 1 1
0 9 30 1 1
0 2 34 1 1
0 3 35 1 1
0 2 31 1 1
0 9 35 1 1
0 10 34 1 1
0 6 38 1 1
0 12 33 1 1
0 8 36 1 1
0 7 37 1 1
0 1 32 1 1
0 5 39 1 1
0 3 30 1 1
0 10 34 1 1
0 7 34 1 1
0 9 34 1 1
0 6 34 1 1
0 8 34 1 1
0 5 34 1 1
0 4 34 1 1
0 3 34 1 1
0 2 34 1 1
0 1 34 1 1
0 3 43 1 1
0 7 39 1 1
0 9 37 1 1
0 2 44 1 1
0 6 40 1 1
0 12 35 1 1
0 4 42 1 1
0 8 38 1 1
0 10 36 1 1
0 5 41 1 1
0 2 36 1 1
0 3 36 1 1
0 4 36 1 1
0 5 36 1 1
0 8 36 1 1
0 6 36 1 1
0 9 36 1 1
0 7 36 1 1
0 10 36 1 1
0 1 36 1 1
0 4 41 1 1
0 7 44 1 1
0 6 43 1 1
0 1 38 1 1
0 11 37 1 1
0 10 36 1 1
0 5 42 1 1
0 9 35 1 1
0 2 39 1 1
0 3 40 1 1
0 2 36 1 1
0 9 40 1 1
0 10 39 1 1
0 6 43 1 1
0 12 38 1 1
0 8 41 1 1
0 7 42 1 1
0 1 37 1 1
0 5 44 1 1
0 3 35 1 1
0 10 39 1 1
0 7 39 1 1
0 9 39 1 1
0 6 39 1 1
0 8 39 1 1
0 5 39 1 1
0 4 39 1 1
0 3 39 1 1
0 2 39 1 1
0 1 39 1 1
0 3 56 1 1
0 7 52 1 1
0 9 50 1 1
0 2 57 1 1
0 6 53 1 1
0 12 48 1 1
0 4 55 1 1
0 8 51 1 1
0 10 49 1 1
0 5 54 1 1
0 2 49 1 1
0 3 49 1 1
0 4 49 1 1
0 5 49 1 1
0 8 49 1 1
0 6 49 1 1
0 9 49 1 1
0 7 49 1 1
0 10 49 1 1
0 1 49 1 1
0 4 54 1 1
0 7 57 1 1
0 6 56 1 1
0 1 51 1 1
0 11 50 1 1
0 10 49 1 1
0 5 55 1 1
0 9 48 1 1
0 2 52 1 1
0 3 53 1 1
0 2 49 1 1
0 9 53 1 1
0 10 52 1 1
0 6 56 1 1
0 12 51 1 1
0 8 54 1 1
0 7 55 1 1
0 1 50 1 1
0 5 57 1 1
0 3 48 1 1
0 10 52 1 1
0 7 52 1 1
0 9 52 1 1
0 6 52 1 1
0 8 52 1 1
0 5 52 1 1
0 4 52 1 1
0 3 52 1 1
0 2 52 1 1
0 1 52 1 1
0 10 52 1 1
0 3 56 1 1
0 11 53 1 1
0 8 50 1 1
0 1 54 1 1
0 6 48 1 1
0 9 51 1 1
0 4 57 1 1
0 7 49 1 1
0 2 55 1 1
0 3 26 1 1
0 7 22 1 1
0 9 20 1 1
0 2 27 1 1
0 6 23 1 1
0 12 18 1 1
0 4 25 1 1
0 8 21 1 1
0 10 19 1 1
0 5 24 1 1
0 2 19 1 1
0 3 19 1 1
0 4 19 1 1
0 5 19 1 1
0 8 19 1 1
0 6 19 1 1
0 9 19 1 1
0 7 19 1 1
0 10 19 1 1
0 1 19 1 1
0 3 98 1 1
0 7 94 1 1
0 9 92 1 1
0 2 99 1 1
0 6 95 1 1
0 12 90 1 1
0 4 97 1 1
0 8 93 1 1
0 10 91 1 1
0 5 96 1 1
0 2 91 1 1
0 3 91 1 1
0 4 91 1 1
0 5 91 1 1
0 8 91 1 1
0 6 91 1 1
0 9 91 1 1
0 7 91 1 1
0 10 91 1 1
0 1 91 1 1
0 4 96 1 1
0 7 99 1 1
0 6 98 1 1
0 1 93 1 1
0 11 92 1 1
0 10 91 1 1
0 5 97 1 1
0 9 90 1 1
0 2 94 1 1
0 3 95 1 1
0 2 91 1 1
0 9 95 1 1
0 10 94 1 1
0 6 98 1 1
0 12 93 1 1
0 8 96 1 1
0 7 97 1 1
0 1 92 1 1
0 5 99 1 1
0 3 90 1 1
0 10 94 1 1
0 7 94 1 1
0 9 94 1 1
0 6 94 1 1
0 8 94 1 1
0 5 94 1 1
0 4 94 1 1
0 3 94 1 1
0 2 94 1 1
0 1 94 1 1
0 10 94 1 1
0 3 98 1 1
0 11 95 1 1
0 8 92 1 1
0 1 96 1 1
0 6 90 1 1
0 9 93 1 1
0 4 99 1 1
0 7 91 1 1
0 2 97 1 1
0 1 95 1 1
0 3 93 1 1
0 8 99 1 1
0 12 96 1 1
0 9 98 1 1
0 5 91 1 1
0 6 90 1 1
0 10 97 1 1
0 2 94 1 1
0 4 92 1 1
0 3 97 1 1
0 1 97 1 1
0 6 97 1 1
0 7 97 1 1
0 4 97 1 1
0 5 97 1 1
0 10 97 1 1
0 8 97 1 1
0 2 97 1 1
0 9 97 1 1
0 7 94 1 1
0 9 96 1 1
0 1 99 1 1
0 11 98 1 1
0 4 91 1 1
0 5 92 1 1
0 6 93 1 1
0 10 97 1 1
0 3 90 1 1
0 8 95 1 1
0 3 41 1 1
0 7 37 1 1
0 9 35 1 1
0 2 42 1 1
0 6 38 1 1
0 12 33 1 1
0 4 40 1 1
0 8 36 1 1
0 10 34 1 1
0 5 39 1 1
0 2 34 1 1
0 3 34 1 1
0 4 34 1 1
0 5 34 1 1
0 8 34 1 1
0 6 34 1 1
0 9 34 1 1
0 7 34 1 1
0 10 34 1 1
0 1 34 1 1
0 4 39 1 1
0 7 42 1 1
0 6 41 1 1
0 1 36 1 1
0 11 35 1 1
0 10 34 1 1
0 5 40 1 1
0 9 33 1 1
0 2 37 1 1
0 3 38 1 1
0 3 80 1 1
0 7 76 1 1
0 9 74 1 1
0 2 81 1 1
0 6 77 1 1
0 12 72 1 1
0 4 79 1 1
0 8 75 1 1
0 10 73 1 1
0 5 78 1 1
0 2 73 1 1
0 3 73 1 1
0 4 73 1 1
0 5 73 1 1
0 8 73 1 1
0 6 73 1 1
0 9 73 1 1
0 7 73 1 1
0 10 73 1 1
0 1 73 1 1
0 4 78 1 1
0 7 81 1 1
0 6 80 1 1
0 1 75 1 1
0 11 74 1 1
0 10 73 1 1
0 5 79 1 1
0 9 72 1 1
0 2 76 1 1
0 3 77 1 1
0 2 73 1 1
0 9 77 1 1
0 10 76 1 1
0 6 80 1 1
0 12 75 1 1
0 8 78 1 1
0 7 79 1 1
0 1 74 1 1
0 5 81 1 1
0 3 72 1 1
0 10 76 1 1
0 7 76 1 1
0 9 76 1 1
0 6 76 1 1
0 8 76 1 1
0 5 76 1 1
0 4 76 1 1
0 3 76 1 1
0 2 76 1 1
0 1 76 1 1
0 10 76 1 1
0 3 80 1 1
0 11 77 1 1
0 8 74 1 1
0 1 78 1 1
0 6 72 1 1
0 9 75 1 1
0 4 81 1 1
0 7 73 1 1
0 2 79 1 1
0 3 21 1 1
0 7 17 1 1
0 9 15 1 1
0 2 22 1 1
0 6 18 1 1
0 12 13 1 1
0 4 20 1 1
0 8 16 1 1
0 10 14 1 1
0 5 19 1 1
0 3 106 1 1
0 7 102 1 1
0 9 100 1 1
0 2 107 1 1
0 6 103 1 1
0 12 98 1 1
0 4 105 1 1
0 8 101 1 1
0 10 99 1 1
0 5 104 1 1
0 2 99 1 1
0 3 99 1 1
0 4 99 1 1
0 5 99 1 1
0 8 99 1 1
0 6 99 1 1
0 9 99 1 1
0 7 99 1 1
0 10 99 1 1
0 1 99 1 1
0 4 104 1 1
0 7 107 1 1
0 6 106 1 1
0 1 101 1 1
0 11 100 1 1
0 10 99 1 1
0 5 105 1 1
0 9 98 1 1
0 2 102 1 1
0 3 103 1 1
0 2 99 1 1
0 9 103 1 1
0 10 102 1 1
0 6 106 1 1
0 12 101 1 1
0 8 104 1 1
0 7 105 1 1
0 1 100 1 1
0 5 107 1 1
0 3 98 1 1
0 10 102 1 1
0 7 102 1 1
0 9 102 1 1
0 6 102 1 1
0 8 102 1 1
0 5 102 1 1
0 4 102 1 1
0 3 102 1 1
0 2 102 1 1
0 1 102 1 1
0 10 102 1 1
0 3 106 1 1
0 11 103 1 1
0 8 100 1 1
0 1 104 1 1
0 6 98 1 1
0 9 101 1 1
0 4 107 1 1
0 7 99 1 1
0 2 105 1 1
0 1 103 1 1
0 3 101 1 1
0 8 107 1 1
0 12 104 1 1
0 9 106 1 1
0 5 99 1 1
0 6 98 1 1
0 10 105 1 1
0 2 102 1 1
0 4 100 1 1
0 3 128 1 1
0 7 124 1 1
0 9 122 1 1
0 2 129 1 1
0 6 125 1 1
0 12 120 1 1
0 4 127 1 1
0 8 123 1 1
0 10 121 1 1
0 5 126 1 1
0 2 121 1 1
0 3 121 1 1
0 4 121 1 1
0 5 121 1 1
0 8 121 1 1
0 6 121 1 1
0 9 121 1 1
0 7 121 1 1
0 10 121 1 1
0 1 121 1 1
0 4 126 1 1
0 7 129 1 1
0 6 128 1 1
0 1 123 1 1
0 11 122 1 1
0 10 121 1 1
0 5 127 1 1
0 9 120 1 1
0 2 124 1 1
0 3 125 1 1
0 2 121 1 1
0 9 125 1 1
0 10 124 1 1
0 6 128 1 1
0 12 123 1 1
0 8 126 1 1
0 7 127 1 1
0 1 122 1 1
0 5 129 1 1
0 3 120 1 1
0 10 124 1 1
0 7 124 1 1
0 9 124 1 1
0 6 124 1 1
0 8 124 1 1
0 5 124 1 1
0 4 124 1 1
0 3 124 1 1
0 2 124 1 1
0 1 124 1 1
0 10 124 1 1
0 3 128 1 1
0 11 125 1 1
0 8 122 1 1
0 1 126 1 1
0 6 120 1 1
0 9 123 1 1
0 4 129 1 1
0 7 121 1 1
0 2 127 1 1
0 1 125 1 1
0 3 123 1 1
0 8 129 1 1
0 12 126 1 1
0 9 128 1 1
0 5 121 1 1
0 6 120 1 1
0 10 127 1 1
0 2 124 1 1
0 4 122 1 1
0 3 127 1 1
0 1 127 1 1
0 6 127 1 1
0 7 127 1 1
0 4 127 1 1
0 5 127 1 1
0 10 127 1 1
0 8 127 1 1
0 2 127 1 1
0 9 127 1 1
0 3 56 1 1
0 7 52 1 1
0 9 50 1 1
0 2 57 1 1
0 6 53 1 1
0 12 48 1 1
0 4 55 1 1
0 8 51 1 1
0 10 49 1 1
0 5 54 1 1
0 2 49 1 1
0 3 49 1 1
0 4 49 1 1
0 5 49 1 1
0 8 49 1 1
0 6 49 1 1
0 9 49 1 1
0 7 49 1 1
0 10 49 1 1
0 1 49 1 1
0 4 54 1 1
0 7 57 1 1
0 6 56 1 1
0 1 51 1 1
0 11 50 1 1
0 10 49 1 1
0 5 55 1 1
0 9 48 1 1
0 2 52 1 1
0 3 53 1 1
0 3 144 1 1
0 7 140 1 1
0 9 138 1 1
0 2 145 1 1
0 6 141 1 1
0 12 136 1 1
0 4 143 1 1
0 8 139 1 1
0 10 137 1 1
0 5 142 1 1
0 2 137 1 1
0 3 137 1 1
0 4 137 1 1
0 5 137 1 1
0 8 137 1 1
0 6 137 1 1
0 9 137 1 1
0 7 137 1 1
0 10 137 1 1
0 1 137 1 1
0 4 142 1 1
0 7 145 1 1
0 6 144 1 1
0 1 139 1 1
0 11 138 1 1
0 10 137 1 1
0 5 143 1 1
0 9 136 1 1
0 2 140 1 1
0 3 141 1 1
0 2 137 1 1
0 9 141 1 1
0 10 140 1 1
0 6 144 1 1
0 12 139 1 1
0 8 142 1 1
0 7 143 1 1
0 1 138 1 1
0 5 145 1 1
0 3 136 1 1
0 10 140 1 1
0 7 140 1 1
0 9 140 1 1
0 6 140 1 1
0 8 140 1 1
0 5 140 1 1
0 4 140 1 1
0 3 140 1 1
0 2 140 1 1
0 1 140 1 1
0 10 140 1 1
0 3 144 1 1
0 11 141 1 1
0 8 138 1 1
0 1 142 1 1
0 6 136 1 1
0 9 139 1 1
0 4 145 1 1
0 7 137 1 1
0 2 143 1 1
0 1 141 1 1
0 3 139 1 1
0 8 145 1 1
0 12 142 1 1
0 9 144 1 1
0 5 137 1 1
0 6 136 1 1
0 10 143 1 1
0 2 140 1 1
0 4 138 1 1
0 3 143 1 1
0 1 143 1 1
0 6 143 1 1
0 7 143 1 1
0 4 143 1 1
0 5 143 1 1
0 10 143 1 1
0 8 143 1 1
0 2 143 1 1
0 9 143 1 1
0 3 152 1 1
0 7 148 1 1
0 9 146 1 1
0 2 153 1 1
0 6 149 1 1
0 12 144 1 1
0 4 151 1 1
0 8 147 1 1
0 10 145 1 1
0 5 150 1 1
0 2 145 1 1
0 3 145 1 1
0 4 145 1 1
0 5 145 1 1
0 8 145 1 1
0 6 145 1 1
0 9 145 1 1
0 7 145 1 1
0 10 145 1 1
0 1 145 1 1
0 4 150 1 1
0 7 153 1 1
0 6 152 1 1
0 1 147 1 1
0 11 146 1 1
0 10 145 1 1
0 5 151 1 1
0 9 144 1 1
0 2 148 1 1
0 3 149 1 1
0 2 145 1 1
0 9 149 1 1
0 10 148 1 1
0 6 152 1 1
0 12 147 1 1
0 8 150 1 1
0 7 151 1 1
0 1 146 1 1
0 5 153 1 1
0 3 144 1 1
0 10 148 1 1
0 7 148 1 1
0 9 148 1 1
0 6 148 1 1
0 8 148 1 1
0 5 148 1 1
0 4 148 1 1
0 3 148 1 1
0 2 148 1 1
0 1 148 1 1
0 10 148 1 1
0 3 152 1 1
0 11 149 1 1
0 8 146 1 1
0 1 150 1 1
0 6 144 1 1
0 9 147 1 1
0 4 153 1 1
0 7 145 1 1
0 2 151 1 1
0 1 149 1 1
0 3 147 1 1
0 8 153 1 1
0 12 150 1 1
0 9 152 1 1
0 5 145 1 1
0 6 144 1 1
0 10 151 1 1
0 2 148 1 1
0 4 146 1 1
0 3 151 1 1
0 1 151 1 1
0 6 151 1 1
0 7 151 1 1
0 4 151 1 1
0 5 151 1 1
0 10 151 1 1
0 8 151 1 1
0 2 151 1 1
0 9 151 1 1
0 3 27 1 1
0 7 23 1 1
0 9 21 1 1
0 2 28 1 1
0 6 24 1 1
0 12 19 1 1
0 4 26 1 1
0 8 22 1 1
0 10 20 1 1
0 5 25 1 1
0 3 48 1 1
0 7 44 1 1
0 9 42 1 1
0 2 49 1 1
0 6 45 1 1
0 12 40 1 1
0 4 47 1 1
0 8 43 1 1
0 10 41 1 1
0 5 46 1 1
0 2 41 1 1
0 3 41 1 1
0 4 41 1 1
0 5 41 1 1
0 8 41 1 1
0 6 41 1 1
0 9 41 1 1
0 7 41 1 1
0 10 41 1 1
0 1 41 1 1
0 3 29 1 1
0 7 25 1 1
0 9 23 1 1
0 2 30 1 1
0 6 26 1 1
0 12 21 1 1
0 4 28 1 1
0 8 24 1 1
0 10 22 1 1
0 5 27 1 1
0 3 96 1 1
0 7 92 1 1
0 9 90 1 1
0 2 97 1 1
0 6 93 1 1
0 12 88 1 1
0 4 95 1 1
0 8 91 1 1
0 10 89 1 1
0 5 94 1 1
0 2 89 1 1
0 3 89 1 1
0 4 89 1 1
0 5 89 1 1
0 8 89 1 1
0 6 89 1 1
0 9 89 1 1
0 7 89 1 1
0 10 89 1 1
0 1 89 1 1
0 4 94 1 1
0 7 97 1 1
0 6 96 1 1
0 1 91 1 1
0 11 90 1 1
0 10 89 1 1
0 5 95 1 1
0 9 88 1 1
0 2 92 1 1
0 3 93 1 1
0 2 89 1 1
0 9 93 1 1
0 10 92 1 1
0 6 96 1 1
0 12 91 1 1
0 8 94 1 1
0 7 95 1 1
0 1 90 1 1
0 5 97 1 1
0 3 88 1 1
0 3 100 1 1
0 7 96 1 1
0 9 94 1 1
0 2 101 1 1
0 6 97 1 1
0 12 92 1 1
0 4 99 1 1
0 8 95 1 1
0 10 93 1 1
0 5 98 1 1
0 2 93 1 1
0 3 93 1 1
0 4 93 1 1
0 5 93 1 1
0 8 93 1 1
0 6 93 1 1
0 9 93 1 1
0 7 93 1 1
0 10 93 1 1
0 1 93 1 1
0 4 98 1 1
0 7 101 1 1
0 6 100 1 1
0 1 95 1 1
0 11 94 1 1
0 10 93 1 1
0 5 99 1 1
0 9 92 1 1
0 2 96 1 1
0 3 97 1 1
0 2 93 1 1
0 9 97 1 1
0 10 96 1 1
0 6 100 1 1
0 12 95 1 1
0 8 98 1 1
0 7 99 1 1
0 1 94 1 1
0 5 101 1 1
0 3 92 1 1
0 3 32 1 1
0 7 28 1 1
0 9 26 1 1
0 2 33 1 1
0 6 29 1 1
0 12 24 1 1
0 4 31 1 1
0 8 27 1 1
0 10 25 1 1
0 5 30 1 1
0 3 83 1 1
0 7 79 1 1
0 9 77 1 1
0 2 84 1 1
0 6 80 1 1
0 12 75 1 1
0 4 82 1 1
0 8 78 1 1
0 10 76 1 1
0 5 81 1 1
0 2 76 1 1
0 3 76 1 1
0 4 76 1 1
0 5 76 1 1
0 8 76 1 1
0 6 76 1 1
0 9 76 1 1
0 7 76 1 1
0 10 76 1 1
0 1 76 1 1
0 4 81 1 1
0 7 84 1 1
0 6 83 1 1
0 1 78 1 1
0 11 77 1 1
0 10 76 1 1
0 5 82 1 1
0 9 75 1 1
0 2 79 1 1
0 3 80 1 1
0 3 60 1 1
0 7 56 1 1
0 9 54 1 1
0 2 61 1 1
0 6 57 1 1
0 12 52 1 1
0 4 59 1 1
0 8 55 1 1
0 10 53 1 1
0 5 58 1 1
0 2 53 1 1
0 3 53 1 1
0 4 53 1 1
0 5 53 1 1
0 8 53 1 1
0 6 53 1 1
0 9 53 1 1
0 7 53 1 1
0 10 53 1 1
0 1 53 1 1
0 3 143 1 1
0 7 139 1 1
0 9 137 1 1
0 2 144 1 1
0 6 140 1 1
0 12 135 1 1
0 4 142 1 1
0 8 138 1 1
0 10 136 1 1
0 5 141 1 1
0 2 136 1 1
0 3 136 1 1
0 4 136 1 1
0 5 136 1 1
0 8 136 1 1
0 6 136 1 1
0 9 136 1 1
0 7 136 1 1
0 10 136 1 1
0 1 136 1 1
0 4 141 1 1
0 7 144 1 1
0 6 143 1 1
0 1 138 1 1
0 11 137 1 1
0 10 136 1 1
0 5 142 1 1
0 9 135 1 1
0 2 139 1 1
0 3 140 1 1
0 2 136 1 1
0 9 140 1 1
0 10 139 1 1
0 6 143 1 1
0 12 138 1 1
0 8 141 1 1
0 7 142 1 1
0 1 137 1 1
0 5 144 1 1
0 3 135 1 1
0 10 139 1 1
0 7 139 1 1
0 9 139 1 1
0 6 139 1 1
0 8 139 1 1
0 5 139 1 1
0 4 139 1 1
0 3 139 1 1
0 2 139 1 1
0 1 139 1 1
0 3 260 1 1
0 7 256 1 1
0 9 254 1 1
0 2 261 1 1
0 6 257 1 1
0 12 252 1 1
0 4 259 1 1
0 8 255 1 1
0 10 253 1 1
0 5 258 1 1
0 2 253 1 1
0 3 253 1 1
0 4 253 1 1
0 5 253 1 1
0 8 253 1 1
0 6 253 1 1
0 9 253 1 1
0 7 253 1 1
0 10 253 1 1
0 1 253 1 1
0 4 258 1 1
0 7 261 1 1
0 6 260 1 1
0 1 255 1 1
0 11 254 1 1
0 10 253 1 1
0 5 259 1 1
0 9 252 1 1
0 2 256 1 1
0 3 257 1 1
0 2 253 1 1
0 9 257 1 1
0 10 256 1 1
0 6 260 1 1
0 12 255 1 1
0 8 258 1 1
0 7 259 1 1
0 1 254 1 1
0 5 261 1 1
0 3 252 1 1
0 10 256 1 1
0 7 256 1 1
0 9 256 1 1
0 6 256 1 1
0 8 256 1 1
0 5 256 1 1
0 4 256 1 1
0 3 256 1 1
0 2 256 1 1
0 1 256 1 1
0 10 256 1 1
0 3 260 1 1
0 11 257 1 1
0 8 254 1 1
0 1 258 1 1
0 6 252 1 1
0 9 255 1 1
0 4 261 1 1
0 7 253 1 1
0 2 259 1 1
0 1 257 1 1
0 3 255 1 1
0 8 261 1 1
0 12 258 1 1
0 9 260 1 1
0 5 253 1 1
0 6 252 1 1
0 10 259 1 1
0 2 256 1 1
0 4 254 1 1
0 3 259 1 1
0 1 259 1 1
0 6 259 1 1
0 7 259 1 1
0 4 259 1 1
0 5 259 1 1
0 10 259 1 1
0 8 259 1 1
0 2 259 1 1
0 9 259 1 1
0 7 256 1 1
0 9 258 1 1
0 1 261 1 1
0 11 260 1 1
0 4 253 1 1
0 5 254 1 1
0 6 255 1 1
0 10 259 1 1
0 3 252 1 1
0 8 257 1 1
0 3 153 1 1
0 7 149 1 1
0 9 147 1 1
0 2 154 1 1
0 6 150 1 1
0 12 145 1 1
0 4 152 1 1
0 8 148 1 1
0 10 146 1 1
0 5 151 1 1
0 2 146 1 1
0 3 146 1 1
0 4 146 1 1
0 5 146 1 1
0 8 146 1 1
0 6 146 1 1
0 9 146 1 1
0 7 146 1 1
0 10 146 1 1
0 1 146 1 1
0 4 151 1 1
0 7 154 1 1
0 6 153 1 1
0 1 148 1 1
0 11 147 1 1
0 10 146 1 1
0 5 152 1 1
0 9 145 1 1
0 2 149 1 1
0 3 150 1 1
0 2 146 1 1
0 9 150 1 1
0 10 149 1 1
0 6 153 1 1
0 12 148 1 1
0 8 151 1 1
0 7 152 1 1
0 1 147 1 1
0 5 154 1 1
0 3 145 1 1
0 10 149 1 1
0 7 149 1 1
0 9 149 1 1
0 6 149 1 1
0 8 149 1 1
0 5 149 1 1
0 4 149 1 1
0 3 149 1 1
0 2 149 1 1
0 1 149 1 1
0 3 278 1 1
0 7 274 1 1
0 9 272 1 1
0 2 279 1 1
0 6 275 1 1
0 12 270 1 1
0 4 277 1 1
0 8 273 1 1
0 10 271 1 1
0 5 276 1 1
0 2 271 1 1
0 3 271 1 1
0 4 271 1 1
0 5 271 1 1
0 8 271 1 1
0 6 271 1 1
0 9 271 1 1
0 7 271 1 1
0 10 271 1 1
0 1 271 1 1
0 4 276 1 1
0 7 279 1 1
0 6 278 1 1
0 1 273 1 1
0 11 272 1 1
0 10 271 1 1
0 5 277 1 1
0 9 270 1 1
0 2 274 1 1
0 3 275 1 1
0 2 271 1 1
0 9 275 1 1
0 10 274 1 1
0 6 278 1 1
0 12 273 1 1
0 8 276 1 1
0 7 277 1 1
0 1 272 1 1
0 5 279 1 1
0 3 270 1 1
0 10 274 1 1
0 7 274 1 1
0 9 274 1 1
0 6 274 1 1
0 8 274 1 1
0 5 274 1 1
0 4 274 1 1
0 3 274 1 1
0 2 274 1 1
0 1 274 1 1
0 10 274 1 1
0 3 278 1 1
0 11 275 1 1
0 8 272 1 1
0 1 276 1 1
0 6 270 1 1
0 9 273 1 1
0 4 279 1 1
0 7 271 1 1
0 2 277 1 1
0 1 275 1 1
0 3 273 1 1
0 8 279 1 1
0 12 276 1 1
0 9 278 1 1
0 5 271 1 1
0 6 270 1 1
0 10 277 1 1
0 2 274 1 1
0 4 272 1 1
0 3 277 1 1
0 1 277 1 1
0 6 277 1 1
0 7 277 1 1
0 4 277 1 1
0 5 277 1 1
0 10 277 1 1
0 8 277 1 1
0 2 277 1 1
0 9 277 1 1
0 7 274 1 1
0 9 276 1 1
0 1 279 1 1
0 11 278 1 1
0 4 271 1 1
0 5 272 1 1
0 6 273 1 1
0 10 277 1 1
0 3 270 1 1
0 8 275 1 1
0 3 101 1 1
0 7 97 1 1
0 9 95 1 1
0 2 102 1 1
0 6 98 1 1
0 12 93 1 1
0 4 100 1 1
0 8 96 1 1
0 10 94 1 1
0 5 99 1 1
0 2 94 1 1
0 3 94 1 1
0 4 94 1 1
0 5 94 1 1
0 8 94 1 1
0 6 94 1 1
0 9 94 1 1
0 7 94 1 1
0 10 94 1 1
0 1 94 1 1
0 4 99 1 1
0 7 102 1 1
0 6 101 1 1
0 1 96 1 1
0 11 95 1 1
0 10 94 1 1
0 5 100 1 1
0 9 93 1 1
0 2 97 1 1
0 3 98 1 1
0 3 136 1 1
0 7 132 1 1
0 9 130 1 1
0 2 137 1 1
0 6 133 1 1
0 12 128 1 1
0 4 135 1 1
0 8 131 1 1
0 10 129 1 1
0 5 134 1 1
0 2 129 1 1
0 3 129 1 1
0 4 129 1 1
0 5 129 1 1
0 8 129 1 1
0 6 129 1 1
0 9 129 1 1
0 7 129 1 1
0 10 129 1 1
0 1 129 1 1
0 4 134 1 1
0 7 137 1 1
0 6 136 1 1
0 1 131 1 1
0 11 130 1 1
0 10 129 1 1
0 5 135 1 1
0 9 128 1 1
0 2 132 1 1
0 3 133 1 1
0 2 129 1 1
0 9 133 1 1
0 10 132 1 1
0 6 136 1 1
0 12 131 1 1
0 8 134 1 1
0 7 135 1 1
0 1 130 1 1
0 5 137 1 1
0 3 128 1 1
0 3 140 1 1
0 7 136 1 1
0 9 134 1 1
0 2 141 1 1
0 6 137 1 1
0 12 132 1 1
0 4 139 1 1
0 8 135 1 1
0 10 133 1 1
0 5 138 1 1
0 2 133 1 1
0 3 133 1 1
0 4 133 1 1
0 5 133 1 1
0 8 133 1 1
0 6 133 1 1
0 9 133 1 1
0 7 133 1 1
0 10 133 1 1
0 1 133 1 1
0 4 138 1 1
0 7 141 1 1
0 6 140 1 1
0 1 135 1 1
0 11 134 1 1
0 10 133 1 1
0 5 139 1 1
0 9 132 1 1
0 2 136 1 1
0 3 137 1 1
0 2 133 1 1
0 9 137 1 1
0 10 136 1 1
0 6 140 1 1
0 12 135 1 1
0 8 138 1 1
0 7 139 1 1
0 1 134 1 1
0 5 141 1 1
0 3 132 1 1
0 3 246 1 1
0 7 242 1 1
0 9 240 1 1
0 2 247 1 1
0 6 243 1 1
0 12 238 1 1
0 4 245 1 1
0 8 241 1 1
0 10 239 1 1
0 5 244 1 1
0 2 239 1 1
0 3 239 1 1
0 4 239 1 1
0 5 239 1 1
0 8 239 1 1
0 6 239 1 1
0 9 239 1 1
0 7 239 1 1
0 10 239 1 1
0 1 239 1 1
0 4 244 1 1
0 7 247 1 1
0 6 246 1 1
0 1 241 1 1
0 11 240 1 1
0 10 239 1 1
0 5 245 1 1
0 9 238 1 1
0 2 242 1 1
0 3 243 1 1
0 2 239 1 1
0 9 243 1 1
0 10 242 1 1
0 6 246 1 1
0 12 241 1 1
0 8 244 1 1
0 7 245 1 1
0 1 240 1 1
0 5 247 1 1
0 3 238 1 1
0 10 242 1 1
0 7 242 1 1
0 9 242 1 1
0 6 242 1 1
0 8 242 1 1
0 5 242 1 1
0 4 242 1 1
0 3 242 1 1
0 2 242 1 1
0 1 242 1 1
0 10 242 1 1
0 3 246 1 1
0 11 243 1 1
0 8 240 1 1
0 1 244 1 1
0 6 238 1 1
0 9 241 1 1
0 4 247 1 1
0 7 239 1 1
0 2 245 1 1
0 1 243 1 1
0 3 241 1 1
0 8 247 1 1
0 12 244 1 1
0 9 246 1 1
0 5 239 1 1
0 6 238 1 1
0 10 245 1 1
0 2 242 1 1
0 4 240 1 1
0 3 148 1 1
0 7 144 1 1
0 9 142 1 1
0 2 149 1 1
0 6 145 1 1
0 12 140 1 1
0 4 147 1 1
0 8 143 1 1
0 10 141 1 1
0 5 146 1 1
0 2 141 1 1
0 3 141 1 1
0 4 141 1 1
0 5 141 1 1
0 8 141 1 1
0 6 141 1 1
0 9 141 1 1
0 7 141 1 1
0 10 141 1 1
0 1 141 1 1
0 4 146 1 1
0 7 149 1 1
0 6 148 1 1
0 1 143 1 1
0 11 142 1 1
0 10 141 1 1
0 5 147 1 1
0 9 140 1 1
0 2 144 1 1
0 3 145 1 1
0 2 141 1 1
0 9 145 1 1
0 10 144 1 1
0 6 148 1 1
0 12 143 1 1
0 8 146 1 1
0 7 147 1 1
0 1 142 1 1
0 5 149 1 1
0 3 140 1 1
0 3 188 1 1
0 7 184 1 1
0 9 182 1 1
0 2 189 1 1
0 6 185 1 1
0 12 180 1 1
0 4 187 1 1
0 8 183 1 1
0 10 181 1 1
0 5 186 1 1
0 2 181 1 1
0 3 181 1 1
0 4 181 1 1
0 5 181 1 1
0 8 181 1 1
0 6 181 1 1
0 9 181 1 1
0 7 181 1 1
0 10 181 1 1
0 1 181 1 1
0 4 186 1 1
0 7 189 1 1
0 6 188 1 1
0 1 183 1 1
0 11 182 1 1
0 10 181 1 1
0 5 187 1 1
0 9 180 1 1
0 2 184 1 1
0 3 185 1 1
0 2 181 1 1
0 9 185 1 1
0 10 184 1 1
0 6 188 1 1
0 12 183 1 1
0 8 186 1 1
0 7 187 1 1
0 1 182 1 1
0 5 189 1 1
0 3 180 1 1
0 10 184 1 1
0 7 184 1 1
0 9 184 1 1
0 6 184 1 1
0 8 184 1 1
0 5 184 1 1
0 4 184 1 1
0 3 184 1 1
0 2 184 1 1
0 1 184 1 1
0 3 119 1 1
0 7 115 1 1
0 9 113 1 1
0 2 120 1 1
0 6 116 1 1
0 12 111 1 1
0 4 118 1 1
0 8 114 1 1
0 10 112 1 1
0 5 117 1 1
0 2 112 1 1
0 3 112 1 1
0 4 112 1 1
0 5 112 1 1
0 8 112 1 1
0 6 112 1 1
0 9 112 1 1
0 7 112 1 1
0 10 112 1 1
0 1 112 1 1
0 4 117 1 1
0 7 120 1 1
0 6 119 1 1
0 1 114 1 1
0 11 113 1 1
0 10 112 1 1
0 5 118 1 1
0 9 111 1 1
0 2 115 1 1
0 3 116 1 1
0 3 160 1 1
0 7 156 1 1
0 9 154 1 1
0 2 161 1 1
0 6 157 1 1
0 12 152 1 1
0 4 159 1 1
0 8 155 1 1
0 10 153 1 1
0 5 158 1 1
0 2 153 1 1
0 3 153 1 1
0 4 153 1 1
0 5 153 1 1
0 8 153 1 1
0 6 153 1 1
0 9 153 1 1
0 7 153 1 1
0 10 153 1 1
0 1 153 1 1
0 4 158 1 1
0 7 161 1 1
0 6 160 1 1
0 1 155 1 1
0 11 154 1 1
0 10 153 1 1
0 5 159 1 1
0 9 152 1 1
0 2 156 1 1
0 3 157 1 1
0 2 153 1 1
0 9 157 1 1
0 10 156 1 1
0 6 160 1 1
0 12 155 1 1
0 8 158 1 1
0 7 159 1 1
0 1 154 1 1
0 5 161 1 1
0 3 152 1 1
0 3 320 1 1
0 7 316 1 1
0 9 314 1 1
0 2 321 1 1
0 6 317 1 1
0 12 312 1 1
0 4 319 1 1
0 8 315 1 1
0 10 313 1 1
0 5 318 1 1
0 2 313 1 1
0 3 313 1 1
0 4 313 1 1
0 5 313 1 1
0 8 313 1 1
0 6 313 1 1
0 9 313 1 1
0 7 313 1 1
0 10 313 1 1
0 1 313 1 1
0 4 318 1 1
0 7 321 1 1
0 6 320 1 1
0 1 315 1 1
0 11 314 1 1
0 10 313 1 1
0 5 319 1 1
0 9 312 1 1
0 2 316 1 1
0 3 317 1 1
0 2 313 1 1
0 9 317 1 1
0 10 316 1 1
0 6 320 1 1
0 12 315 1 1
0 8 318 1 1
0 7 319 1 1
0 1 314 1 1
0 5 321 1 1
0 3 312 1 1
0 10 316 1 1
0 7 316 1 1
0 9 316 1 1
0 6 316 1 1
0 8 316 1 1
0 5 316 1 1
0 4 316 1 1
0 3 316 1 1
0 2 316 1 1
0 1 316 1 1
0 10 316 1 1
0 3 320 1 1
0 11 317 1 1
0 8 314 1 1
0 1 318 1 1
0 6 312 1 1
0 9 315 1 1
0 4 321 1 1
0 7 313 1 1
0 2 319 1 1
0 1 317 1 1
0 3 315 1 1
0 8 321 1 1
0 12 318 1 1
0 9 320 1 1
0 5 313 1 1
0 6 312 1 1
0 10 319 1 1
0 2 316 1 1
0 4 314 1 1
0 3 319 1 1
0 1 319 1 1
0 6 319 1 1
0 7 319 1 1
0 4 319 1 1
0 5 319 1 1
0 10 319 1 1
0 8 319 1 1
0 2 319 1 1
0 9 319 1 1
0 3 48 1 1
0 7 44 1 1
0 9 42 1 1
0 2 49 1 1
0 6 45 1 1
0 12 40 1 1
0 4 47 1 1
0 8 43 1 1
0 10 41 1 1
0 5 46 1 1
0 3 172 1 1
0 7 168 1 1
0 9 166 1 1
0 2 173 1 1
0 6 169 1 1
0 12 164 1 1
0 4 171 1 1
0 8 167 1 1
0 10 165 1 1
0 5 170 1 1
0 2 165 1 1
0 3 165 1 1
0 4 165 1 1
0 5 165 1 1
0 8 165 1 1
0 6 165 1 1
0 9 165 1 1
0 7 165 1 1
0 10 165 1 1
0 1 165 1 1
0 4 170 1 1
0 7 173 1 1
0 6 172 1 1
0 1 167 1 1
0 11 166 1 1
0 10 165 1 1
0 5 171 1 1
0 9 164 1 1
0 2 168 1 1
0 3 169 1 1
0 2 165 1 1
0 9 169 1 1
0 10 168 1 1
0 6 172 1 1
0 12 167 1 1
0 8 170 1 1
0 7 171 1 1
0 1 166 1 1
0 5 173 1 1
0 3 164 1 1
0 3 134 1 1
0 7 130 1 1
0 9 128 1 1
0 2 135 1 1
0 6 131 1 1
0 12 126 1 1
0 4 133 1 1
0 8 129 1 1
0 10 127 1 1
0 5 132 1 1
0 2 127 1 1
0 3 127 1 1
0 4 127 1 1
0 5 127 1 1
0 8 127 1 1
0 6 127 1 1
0 9 127 1 1
0 7 127 1 1
0 10 127 1 1
0 1 127 1 1
0 4 132 1 1
0 7 135 1 1
0 6 134 1 1
0 1 129 1 1
0 11 128 1 1
0 10 127 1 1
0 5 133 1 1
0 9 126 1 1
0 2 130 1 1
0 3 131 1 1
0 3 51 1 1
0 7 47 1 1
0 9 45 1 1
0 2 52 1 1
0 6 48 1 1
0 12 43 1 1
0 4 50 1 1
0 8 46 1 1
0 10 44 1 1
0 5 49 1 1
0 3 52 1 1
0 7 48 1 1
0 9 46 1 1
0 2 53 1 1
0 6 49 1 1
0 12 44 1 1
0 4 51 1 1
0 8 47 1 1
0 10 45 1 1
0 5 50 1 1
0 3 413 1 1
0 7 409 1 1
0 9 407 1 1
0 2 414 1 1
0 6 410 1 1
0 12 405 1 1
0 4 412 1 1
0 8 408 1 1
0 10 406 1 1
0 5 411 1 1
0 2 406 1 1
0 3 406 1 1
0 4 406 1 1
0 5 406 1 1
0 8 406 1 1
0 6 406 1 1
0 9 406 1 1
0 7 406 1 1
0 10 406 1 1
0 1 406 1 1
0 4 411 1 1
0 7 414 1 1
0 6 413 1 1
0 1 408 1 1
0 11 407 1 1
0 10 406 1 1
0 5 412 1 1
0 9 405 1 1
0 2 409 1 1
0 3 410 1 1
0 2 406 1 1
0 9 410 1 1
0 10 409 1 1
0 6 413 1 1
0 12 408 1 1
0 8 411 1 1
0 7 412 1 1
0 1 407 1 1
0 5 414 1 1
0 3 405 1 1
0 10 409 1 1
0 7 409 1 1
0 9 409 1 1
0 6 409 1 1
0 8 409 1 1
0 5 409 1 1
0 4 409 1 1
0 3 409 1 1
0 2 409 1 1
0 1 409 1 1
0 10 409 1 1
0 3 413 1 1
0 11 410 1 1
0 8 407 1 1
0 1 411 1 1
0 6 405 1 1
0 9 408 1 1
0 4 414 1 1
0 7 406 1 1
0 2 412 1 1
0 1 410 1 1
0 3 408 1 1
0 8 414 1 1
0 12 411 1 1
0 9 413 1 1
0 5 406 1 1
0 6 405 1 1
0 10 412 1 1
0 2 409 1 1
0 4 407 1 1
0 3 412 1 1
0 1 412 1 1
0 6 412 1 1
0 7 412 1 1
0 4 412 1 1
0 5 412 1 1
0 10 412 1 1
0 8 412 1 1
0 2 412 1 1
0 9 412 1 1
0 7 409 1 1
0 9 411 1 1
0 1 414 1 1
0 11 413 1 1
0 4 406 1 1
0 5 407 1 1
0 6 408 1 1
0 10 412 1 1
0 3 405 1 1
0 8 410 1 1
0 3 330 1 1
0 7 326 1 1
0 9 324 1 1
0 2 331 1 1
0 6 327 1 1
0 12 322 1 1
0 4 329 1 1
0 8 325 1 1
0 10 323 1 1
0 5 328 1 1
0 2 323 1 1
0 3 323 1 1
0 4 323 1 1
0 5 323 1 1
0 8 323 1 1
0 6 323 1 1
0 9 323 1 1
0 7 323 1 1
0 10 323 1 1
0 1 323 1 1
0 4 328 1 1
0 7 331 1 1
0 6 330 1 1
0 1 325 1 1
0 11 324 1 1
0 10 323 1 1
0 5 329 1 1
0 9 322 1 1
0 2 326 1 1
0 3 327 1 1
0 2 323 1 1
0 9 327 1 1
0 10 326 1 1
0 6 330 1 1
0 12 325 1 1
0 8 328 1 1
0 7 329 1 1
0 1 324 1 1
0 5 331 1 1
0 3 322 1 1
0 10 326 1 1
0 7 326 1 1
0 9 326 1 1
0 6 326 1 1
0 8 326 1 1
0 5 326 1 1
0 4 326 1 1
0 3 326 1 1
0 2 326 1 1
0 1 326 1 1
0 10 326 1 1
0 3 330 1 1
0 11 327 1 1
0 8 324 1 1
0 1 328 1 1
0 6 322 1 1
0 9 325 1 1
0 4 331 1 1
0 7 323 1 1
0 2 329 1 1
0 1 327 1 1
0 3 325 1 1
0 8 331 1 1
0 12 328 1 1
0 9 330 1 1
0 5 323 1 1
0 6 322 1 1
0 10 329 1 1
0 2 326 1 1
0 4 324 1 1
0 3 337 1 1
0 7 333 1 1
0 9 331 1 1
0 2 338 1 1
0 6 334 1 1
0 12 329 1 1
0 4 336 1 1
0 8 332 1 1
0 10 330 1 1
0 5 335 1 1
0 2 330 1 1
0 3 330 1 1
0 4 330 1 1
0 5 330 1 1
0 8 330 1 1
0 6 330 1 1
0 9 330 1 1
0 7 330 1 1
0 10 330 1 1
0 1 330 1 1
0 4 335 1 1
0 7 338 1 1
0 6 337 1 1
0 1 332 1 1
0 11 331 1 1
0 10 330 1 1
0 5 336 1 1
0 9 329 1 1
0 2 333 1 1
0 3 334 1 1
0 2 330 1 1
0 9 334 1 1
0 10 333 1 1
0 6 337 1 1
0 12 332 1 1
0 8 335 1 1
0 7 336 1 1
0 1 331 1 1
0 5 338 1 1
0 3 329 1 1
0 10 333 1 1
0 7 333 1 1
0 9 333 1 1
0 6 333 1 1
0 8 333 1 1
0 5 333 1 1
0 4 333 1 1
0 3 333 1 1
0 2 333 1 1
0 1 333 1 1
0 10 333 1 1
0 3 337 1 1
0 11 334 1 1
0 8 331 1 1
0 1 335 1 1
0 6 329 1 1
0 9 332 1 1
0 4 338 1 1
0 7 330 1 1
0 2 336 1 1
0 1 334 1 1
0 3 332 1 1
0 8 338 1 1
0 12 335 1 1
0 9 337 1 1
0 5 330 1 1
0 6 329 1 1
0 10 336 1 1
0 2 333 1 1
0 4 331 1 1
0 3 152 1 1
0 7 148 1 1
0 9 146 1 1
0 2 153 1 1
0 6 149 1 1
0 12 144 1 1
0 4 151 1 1
0 8 147 1 1
0 10 145 1 1
0 5 150 1 1
0 2 145 1 1
0 3 145 1 1
0 4 145 1 1
0 5 145 1 1
0 8 145 1 1
0 6 145 1 1
0 9 145 1 1
0 7 145 1 1
0 10 145 1 1
0 1 145 1 1
0 4 150 1 1
0 7 153 1 1
0 6 152 1 1
0 1 147 1 1
0 11 146 1 1
0 10 145 1 1
0 5 151 1 1
0 9 144 1 1
0 2 148 1 1
0 3 149 1 1
0 3 351 1 1
0 7 347 1 1
0 9 345 1 1
0 2 352 1 1
0 6 348 1 1
0 12 343 1 1
0 4 350 1 1
0 8 346 1 1
0 10 344 1 1
0 5 349 1 1
0 2 344 1 1
0 3 344 1 1
0 4 344 1 1
0 5 344 1 1
0 8 344 1 1
0 6 344 1 1
0 9 344 1 1
0 7 344 1 1
0 10 344 1 1
0 1 344 1 1
0 4 349 1 1
0 7 352 1 1
0 6 351 1 1
0 1 346 1 1
0 11 345 1 1
0 10 344 1 1
0 5 350 1 1
0 9 343 1 1
0 2 347 1 1
0 3 348 1 1
0 2 344 1 1
0 9 348 1 1
0 10 347 1 1
0 6 351 1 1
0 12 346 1 1
0 8 349 1 1
0 7 350 1 1
0 1 345 1 1
0 5 352 1 1
0 3 343 1 1
0 10 347 1 1
0 7 347 1 1
0 9 347 1 1
0 6 347 1 1
0 8 347 1 1
0 5 347 1 1
0 4 347 1 1
0 3 347 1 1
0 2 347 1 1
0 1 347 1 1
0 10 347 1 1
0 3 351 1 1
0 11 348 1 1
0 8 345 1 1
0 1 349 1 1
0 6 343 1 1
0 9 346 1 1
0 4 352 1 1
0 7 344 1 1
0 2 350 1 1
0 1 348 1 1
0 3 346 1 1
0 8 352 1 1
0 12 349 1 1
0 9 351 1 1
0 5 344 1 1
0 6 343 1 1
0 10 350 1 1
0 2 347 1 1
0 4 345 1 1
0 3 358 1 1
0 7 354 1 1
0 9 352 1 1
0 2 359 1 1
0 6 355 1 1
0 12 350 1 1
0 4 357 1 1
0 8 353 1 1
0 10 351 1 1
0 5 356 1 1
0 2 351 1 1
0 3 351 1 1
0 4 351 1 1
0 5 351 1 1
0 8 351 1 1
0 6 351 1 1
0 9 351 1 1
0 7 351 1 1
0 10 351 1 1
0 1 351 1 1
0 4 356 1 1
0 7 359 1 1
0 6 358 1 1
0 1 353 1 1
0 11 352 1 1
0 10 351 1 1
0 5 357 1 1
0 9 350 1 1
0 2 354 1 1
0 3 355 1 1
0 2 351 1 1
0 9 355 1 1
0 10 354 1 1
0 6 358 1 1
0 12 353 1 1
0 8 356 1 1
0 7 357 1 1
0 1 352 1 1
0 5 359 1 1
0 3 350 1 1
0 10 354 1 1
0 7 354 1 1
0 9 354 1 1
0 6 354 1 1
0 8 354 1 1
0 5 354 1 1
0 4 354 1 1
0 3 354 1 1
0 2 354 1 1
0 1 354 1 1
0 10 354 1 1
0 3 358 1 1
0 11 355 1 1
0 8 352 1 1
0 1 356 1 1
0 6 350 1 1
0 9 353 1 1
0 4 359 1 1
0 7 351 1 1
0 2 357 1 1
0 1 355 1 1
0 3 353 1 1
0 8 359 1 1
0 12 356 1 1
0 9 358 1 1
0 5 351 1 1
0 6 350 1 1
0 10 357 1 1
0 2 354 1 1
0 4 352 1 1
0 3 365 1 1
0 7 361 1 1
0 9 359 1 1
0 2 366 1 1
0 6 362 1 1
0 12 357 1 1
0 4 364 1 1
0 8 360 1 1
0 10 358 1 1
0 5 363 1 1
0 2 358 1 1
0 3 358 1 1
0 4 358 1 1
0 5 358 1 1
0 8 358 1 1
0 6 358 1 1
0 9 358 1 1
0 7 358 1 1
0 10 358 1 1
0 1 358 1 1
0 4 363 1 1
0 7 366 1 1
0 6 365 1 1
0 1 360 1 1
0 11 359 1 1
0 10 358 1 1
0 5 364 1 1
0 9 357 1 1
0 2 361 1 1
0 3 362 1 1
0 2 358 1 1
0 9 362 1 1
0 10 361 1 1
0 6 365 1 1
0 12 360 1 1
0 8 363 1 1
0 7 364 1 1
0 1 359 1 1
0 5 366 1 1
0 3 357 1 1
0 10 361 1 1
0 7 361 1 1
0 9 361 1 1
0 6 361 1 1
0 8 361 1 1
0 5 361 1 1
0 4 361 1 1
0 3 361 1 1
0 2 361 1 1
0 1 361 1 1
0 10 361 1 1
0 3 365 1 1
0 11 362 1 1
0 8 359 1 1
0 1 363 1 1
0 6 357 1 1
0 9 360 1 1
0 4 366 1 1
0 7 358 1 1
0 2 364 1 1
0 1 362 1 1
0 3 360 1 1
0 8 366 1 1
0 12 363 1 1
0 9 365 1 1
0 5 358 1 1
0 6 357 1 1
0 10 364 1 1
0 2 361 1 1
0 4 359 1 1
0 3 112 1 1
0 7 108 1 1
0 9 106 1 1
0 2 113 1 1
0 6 109 1 1
0 12 104 1 1
0 4 111 1 1
0 8 107 1 1
0 10 105 1 1
0 5 110 1 1
0 2 105 1 1
0 3 105 1 1
0 4 105 1 1
0 5 105 1 1
0 8 105 1 1
0 6 105 1 1
0 9 105 1 1
0 7 105 1 1
0 10 105 1 1
0 1 105 1 1
0 3 485 1 1
0 7 481 1 1
0 9 479 1 1
0 2 486 1 1
0 6 482 1 1
0 12 477 1 1
0 4 484 1 1
0 8 480 1 1
0 10 478 1 1
0 5 483 1 1
0 2 478 1 1
0 3 478 1 1
0 4 478 1 1
0 5 478 1 1
0 8 478 1 1
0 6 478 1 1
0 9 478 1 1
0 7 478 1 1
0 10 478 1 1
0 1 478 1 1
0 4 483 1 1
0 7 486 1 1
0 6 485 1 1
0 1 480 1 1
0 11 479 1 1
0 10 478 1 1
0 5 484 1 1
0 9 477 1 1
0 2 481 1 1
0 3 482 1 1
0 2 478 1 1
0 9 482 1 1
0 10 481 1 1
0 6 485 1 1
0 12 480 1 1
0 8 483 1 1
0 7 484 1 1
0 1 479 1 1
0 5 486 1 1
0 3 477 1 1
0 10 481 1 1
0 7 481 1 1
0 9 481 1 1
0 6 481 1 1
0 8 481 1 1
0 5 481 1 1
0 4 481 1 1
0 3 481 1 1
0 2 481 1 1
0 1 481 1 1
0 10 481 1 1
0 3 485 1 1
0 11 482 1 1
0 8 479 1 1
0 1 483 1 1
0 6 477 1 1
0 9 480 1 1
0 4 486 1 1
0 7 478 1 1
0 2 484 1 1
0 1 482 1 1
0 3 480 1 1
0 8 486 1 1
0 12 483 1 1
0 9 485 1 1
0 5 478 1 1
0 6 477 1 1
0 10 484 1 1
0 2 481 1 1
0 4 479 1 1
0 3 484 1 1
0 1 484 1 1
0 6 484 1 1
0 7 484 1 1
0 4 484 1 1
0 5 484 1 1
0 10 484 1 1
0 8 484 1 1
0 2 484 1 1
0 9 484 1 1
0 7 481 1 1
0 9 483 1 1
0 1 486 1 1
0 11 485 1 1
0 4 478 1 1
0 5 479 1 1
0 6 480 1 1
0 10 484 1 1
0 3 477 1 1
0 8 482 1 1
0 3 116 1 1
0 7 112 1 1
0 9 110 1 1
0 2 117 1 1
0 6 113 1 1
0 12 108 1 1
0 4 115 1 1
0 8 111 1 1
0 10 109 1 1
0 5 114 1 1
0 2 109 1 1
0 3 109 1 1
0 4 109 1 1
0 5 109 1 1
0 8 109 1 1
0 6 109 1 1
0 9 109 1 1
0 7 109 1 1
0 10 109 1 1
0 1 109 1 1
0 3 228 1 1
0 7 224 1 1
0 9 222 1 1
0 2 229 1 1
0 6 225 1 1
0 12 220 1 1
0 4 227 1 1
0 8 223 1 1
0 10 221 1 1
0 5 226 1 1
0 2 221 1 1
0 3 221 1 1
0 4 221 1 1
0 5 221 1 1
0 8 221 1 1
0 6 221 1 1
0 9 221 1 1
0 7 221 1 1
0 10 221 1 1
0 1 221 1 1
0 4 226 1 1
0 7 229 1 1
0 6 228 1 1
0 1 223 1 1
0 11 222 1 1
0 10 221 1 1
0 5 227 1 1
0 9 220 1 1
0 2 224 1 1
0 3 225 1 1
0 2 221 1 1
0 9 225 1 1
0 10 224 1 1
0 6 228 1 1
0 12 223 1 1
0 8 226 1 1
0 7 227 1 1
0 1 222 1 1
0 5 229 1 1
0 3 220 1 1
0 3 232 1 1
0 7 228 1 1
0 9 226 1 1
0 2 233 1 1
0 6 229 1 1
0 12 224 1 1
0 4 231 1 1
0 8 227 1 1
0 10 225 1 1
0 5 230 1 1
0 2 225 1 1
0 3 225 1 1
0 4 225 1 1
0 5 225 1 1
0 8 225 1 1
0 6 225 1 1
0 9 225 1 1
0 7 225 1 1
0 10 225 1 1
0 1 225 1 1
0 4 230 1 1
0 7 233 1 1
0 6 232 1 1
0 1 227 1 1
0 11 226 1 1
0 10 225 1 1
0 5 231 1 1
0 9 224 1 1
0 2 228 1 1
0 3 229 1 1
0 2 225 1 1
0 9 229 1 1
0 10 228 1 1
0 6 232 1 1
0 12 227 1 1
0 8 230 1 1
0 7 231 1 1
0 1 226 1 1
0 5 233 1 1
0 3 224 1 1
0 3 65 1 1
0 7 61 1 1
0 9 59 1 1
0 2 66 1 1
0 6 62 1 1
0 12 57 1 1
0 4 64 1 1
0 8 60 1 1
0 10 58 1 1
0 5 63 1 1
0 3 298 1 1
0 7 294 1 1
0 9 292 1 1
0 2 299 1 1
0 6 295 1 1
0 12 290 1 1
0 4 297 1 1
0 8 293 1 1
0 10 291 1 1
0 5 296 1 1
0 2 291 1 1
0 3 291 1 1
0 4 291 1 1
0 5 291 1 1
0 8 291 1 1
0 6 291 1 1
0 9 291 1 1
0 7 291 1 1
0 10 291 1 1
0 1 291 1 1
0 4 296 1 1
0 7 299 1 1
0 6 298 1 1
0 1 293 1 1
0 11 292 1 1
0 10 291 1 1
0 5 297 1 1
0 9 290 1 1
0 2 294 1 1
0 3 295 1 1
0 2 291 1 1
0 9 295 1 1
0 10 294 1 1
0 6 298 1 1
0 12 293 1 1
0 8 296 1 1
0 7 297 1 1
0 1 292 1 1
0 5 299 1 1
0 3 290 1 1
0 10 294 1 1
0 7 294 1 1
0 9 294 1 1
0 6 294 1 1
0 8 294 1 1
0 5 294 1 1
0 4 294 1 1
0 3 294 1 1
0 2 294 1 1
0 1 294 1 1
0 3 67 1 1
0 7 63 1 1
0 9 61 1 1
0 2 68 1 1
0 6 64 1 1
0 12 59 1 1
0 4 66 1 1
0 8 62 1 1
0 10 60 1 1
0 5 65 1 1
0 3 188 1 1
0 7 184 1 1
0 9 182 1 1
0 2 189 1 1
0 6 185 1 1
0 12 180 1 1
0 4 187 1 1
0 8 183 1 1
0 10 181 1 1
0 5 186 1 1
0 2 181 1 1
0 3 181 1 1
0 4 181 1 1
0 5 181 1 1
0 8 181 1 1
0 6 181 1 1
0 9 181 1 1
0 7 181 1 1
0 10 181 1 1
0 1 181 1 1
0 4 186 1 1
0 7 189 1 1
0 6 188 1 1
0 1 183 1 1
0 11 182 1 1
0 10 181 1 1
0 5 187 1 1
0 9 180 1 1
0 2 184 1 1
0 3 185 1 1
0 3 557 1 1
0 7 553 1 1
0 9 551 1 1
0 2 558 1 1
0 6 554 1 1
0 12 549 1 1
0 4 556 1 1
0 8 552 1 1
0 10 550 1 1
0 5 555 1 1
0 2 550 1 1
0 3 550 1 1
0 4 550 1 1
0 5 550 1 1
0 8 550 1 1
0 6 550 1 1
0 9 550 1 1
0 7 550 1 1
0 10 550 1 1
0 1 550 1 1
0 4 555 1 1
0 7 558 1 1
0 6 557 1 1
0 1 552 1 1
0 11 551 1 1
0 10 550 1 1
0 5 556 1 1
0 9 549 1 1
0 2 553 1 1
0 3 554 1 1
0 2 550 1 1
0 9 554 1 1
0 10 553 1 1
0 6 557 1 1
0 12 552 1 1
0 8 555 1 1
0 7 556 1 1
0 1 551 1 1
0 5 558 1 1
0 3 549 1 1
0 10 553 1 1
0 7 553 1 1
0 9 553 1 1
0 6 553 1 1
0 8 553 1 1
0 5 553 1 1
0 4 553 1 1
0 3 553 1 1
0 2 553 1 1
0 1 553 1 1
0 10 553 1 1
0 3 557 1 1
0 11 554 1 1
0 8 551 1 1
0 1 555 1 1
0 6 549 1 1
0 9 552 1 1
0 4 558 1 1
0 7 550 1 1
0 2 556 1 1
0 1 554 1 1
0 3 552 1 1
0 8 558 1 1
0 12 555 1 1
0 9 557 1 1
0 5 550 1 1
0 6 549 1 1
0 10 556 1 1
0 2 553 1 1
0 4 551 1 1
0 3 556 1 1
0 1 556 1 1
0 6 556 1 1
0 7 556 1 1
0 4 556 1 1
0 5 556 1 1
0 10 556 1 1
0 8 556 1 1
0 2 556 1 1
0 9 556 1 1
0 7 553 1 1
0 9 555 1 1
0 1 558 1 1
0 11 557 1 1
0 4 550 1 1
0 5 551 1 1
0 6 552 1 1
0 10 556 1 1
0 3 549 1 1
0 8 554 1 1
0 3 256 1 1
0 7 252 1 1
0 9 250 1 1
0 2 257 1 1
0 6 253 1 1
0 12 248 1 1
0 4 255 1 1
0 8 251 1 1
0 10 249 1 1
0 5 254 1 1
0 2 249 1 1
0 3 249 1 1
0 4 249 1 1
0 5 249 1 1
0 8 249 1 1
0 6 249 1 1
0 9 249 1 1
0 7 249 1 1
0 10 249 1 1
0 1 249 1 1
0 4 254 1 1
0 7 257 1 1
0 6 256 1 1
0 1 251 1 1
0 11 250 1 1
0 10 249 1 1
0 5 255 1 1
0 9 248 1 1
0 2 252 1 1
0 3 253 1 1
0 2 249 1 1
0 9 253 1 1
0 10 252 1 1
0 6 256 1 1
0 12 251 1 1
0 8 254 1 1
0 7 255 1 1
0 1 250 1 1
0 5 257 1 1
0 3 248 1 1
0 3 71 1 1
0 7 67 1 1
0 9 65 1 1
0 2 72 1 1
0 6 68 1 1
0 12 63 1 1
0 4 70 1 1
0 8 66 1 1
0 10 64 1 1
0 5 69 1 1
0 3 328 1 1
0 7 324 1 1
0 9 322 1 1
0 2 329 1 1
0 6 325 1 1
0 12 320 1 1
0 4 327 1 1
0 8 323 1 1
0 10 321 1 1
0 5 326 1 1
0 2 321 1 1
0 3 321 1 1
0 4 321 1 1
0 5 321 1 1
0 8 321 1 1
0 6 321 1 1
0 9 321 1 1
0 7 321 1 1
0 10 321 1 1
0 1 321 1 1
0 4 326 1 1
0 7 329 1 1
0 6 328 1 1
0 1 323 1 1
0 11 322 1 1
0 10 321 1 1
0 5 327 1 1
0 9 320 1 1
0 2 324 1 1
0 3 325 1 1
0 2 321 1 1
0 9 325 1 1
0 10 324 1 1
0 6 328 1 1
0 12 323 1 1
0 8 326 1 1
0 7 327 1 1
0 1 322 1 1
0 5 329 1 1
0 3 320 1 1
0 10 324 1 1
0 7 324 1 1
0 9 324 1 1
0 6 324 1 1
0 8 324 1 1
0 5 324 1 1
0 4 324 1 1
0 3 324 1 1
0 2 324 1 1
0 1 324 1 1
0 3 73 1 1
0 7 69 1 1
0 9 67 1 1
0 2 74 1 1
0 6 70 1 1
0 12 65 1 1
0 4 72 1 1
0 8 68 1 1
0 10 66 1 1
0 5 71 1 1
0 3 470 1 1
0 7 466 1 1
0 9 464 1 1
0 2 471 1 1
0 6 467 1 1
0 12 462 1 1
0 4 469 1 1
0 8 465 1 1
0 10 463 1 1
0 5 468 1 1
0 2 463 1 1
0 3 463 1 1
0 4 463 1 1
0 5 463 1 1
0 8 463 1 1
0 6 463 1 1
0 9 463 1 1
0 7 463 1 1
0 10 463 1 1
0 1 463 1 1
0 4 468 1 1
0 7 471 1 1
0 6 470 1 1
0 1 465 1 1
0 11 464 1 1
0 10 463 1 1
0 5 469 1 1
0 9 462 1 1
0 2 466 1 1
0 3 467 1 1
0 2 463 1 1
0 9 467 1 1
0 10 466 1 1
0 6 470 1 1
0 12 465 1 1
0 8 468 1 1
0 7 469 1 1
0 1 464 1 1
0 5 471 1 1
0 3 462 1 1
0 10 466 1 1
0 7 466 1 1
0 9 466 1 1
0 6 466 1 1
0 8 466 1 1
0 5 466 1 1
0 4 466 1 1
0 3 466 1 1
0 2 466 1 1
0 1 466 1 1
0 10 466 1 1
0 3 470 1 1
0 11 467 1 1
0 8 464 1 1
0 1 468 1 1
0 6 462 1 1
0 9 465 1 1
0 4 471 1 1
0 7 463 1 1
0 2 469 1 1
0 1 467 1 1
0 3 465 1 1
0 8 471 1 1
0 12 468 1 1
0 9 470 1 1
0 5 463 1 1
0 6 462 1 1
0 10 469 1 1
0 2 466 1 1
0 4 464 1 1
0 3 611 1 1
0 7 607 1 1
0 9 605 1 1
0 2 612 1 1
0 6 608 1 1
0 12 603 1 1
0 4 610 1 1
0 8 606 1 1
0 10 604 1 1
0 5 609 1 1
0 2 604 1 1
0 3 604 1 1
0 4 604 1 1
0 5 604 1 1
0 8 604 1 1
0 6 604 1 1
0 9 604 1 1
0 7 604 1 1
0 10 604 1 1
0 1 604 1 1
0 4 609 1 1
0 7 612 1 1
0 6 611 1 1
0 1 606 1 1
0 11 605 1 1
0 10 604 1 1
0 5 610 1 1
0 9 603 1 1
0 2 607 1 1
0 3 608 1 1
0 2 604 1 1
0 9 608 1 1
0 10 607 1 1
0 6 611 1 1
0 12 606 1 1
0 8 609 1 1
0 7 610 1 1
0 1 605 1 1
0 5 612 1 1
0 3 603 1 1
0 10 607 1 1
0 7 607 1 1
0 9 607 1 1
0 6 607 1 1
0 8 607 1 1
0 5 607 1 1
0 4 607 1 1
0 3 607 1 1
0 2 607 1 1
0 1 607 1 1
0 10 607 1 1
0 3 611 1 1
0 11 608 1 1
0 8 605 1 1
0 1 609 1 1
0 6 603 1 1
0 9 606 1 1
0 4 612 1 1
0 7 604 1 1
0 2 610 1 1
0 1 608 1 1
0 3 606 1 1
0 8 612 1 1
0 12 609 1 1
0 9 611 1 1
0 5 604 1 1
0 6 603 1 1
0 10 610 1 1
0 2 607 1 1
0 4 605 1 1
0 3 610 1 1
0 1 610 1 1
0 6 610 1 1
0 7 610 1 1
0 4 610 1 1
0 5 610 1 1
0 10 610 1 1
0 8 610 1 1
0 2 610 1 1
0 9 610 1 1
0 7 607 1 1
0 9 609 1 1
0 1 612 1 1
0 11 611 1 1
0 4 604 1 1
0 5 605 1 1
0 6 606 1 1
0 10 610 1 1
0 3 603 1 1
0 8 608 1 1
0 3 552 1 1
0 7 548 1 1
0 9 546 1 1
0 2 553 1 1
0 6 549 1 1
0 12 544 1 1
0 4 551 1 1
0 8 547 1 1
0 10 545 1 1
0 5 550 1 1
0 2 545 1 1
0 3 545 1 1
0 4 545 1 1
0 5 545 1 1
0 8 545 1 1
0 6 545 1 1
0 9 545 1 1
0 7 545 1 1
0 10 545 1 1
0 1 545 1 1
0 4 550 1 1
0 7 553 1 1
0 6 552 1 1
0 1 547 1 1
0 11 546 1 1
0 10 545 1 1
0 5 551 1 1
0 9 544 1 1
0 2 548 1 1
0 3 549 1 1
0 2 545 1 1
0 9 549 1 1
0 10 548 1 1
0 6 552 1 1
0 12 547 1 1
0 8 550 1 1
0 7 551 1 1
0 1 546 1 1
0 5 553 1 1
0 3 544 1 1
0 10 548 1 1
0 7 548 1 1
0 9 548 1 1
0 6 548 1 1
0 8 548 1 1
0 5 548 1 1
0 4 548 1 1
0 3 548 1 1
0 2 548 1 1
0 1 548 1 1
0 10 548 1 1
0 3 552 1 1
0 11 549 1 1
0 8 546 1 1
0 1 550 1 1
0 6 544 1 1
0 9 547 1 1
0 4 553 1 1
0 7 545 1 1
0 2 551 1 1
0 1 549 1 1
0 3 547 1 1
0 8 553 1 1
0 12 550 1 1
0 9 552 1 1
0 5 545 1 1
0 6 544 1 1
0 10 551 1 1
0 2 548 1 1
0 4 546 1 1
0 3 551 1 1
0 1 551 1 1
0 6 551 1 1
0 7 551 1 1
0 4 551 1 1
0 5 551 1 1
0 10 551 1 1
0 8 551 1 1
0 2 551 1 1
0 9 551 1 1
0 3 284 1 1
0 7 280 1 1
0 9 278 1 1
0 2 285 1 1
0 6 281 1 1
0 12 276 1 1
0 4 283 1 1
0 8 279 1 1
0 10 277 1 1
0 5 282 1 1
0 2 277 1 1
0 3 277 1 1
0 4 277 1 1
0 5 277 1 1
0 8 277 1 1
0 6 277 1 1
0 9 277 1 1
0 7 277 1 1
0 10 277 1 1
0 1 277 1 1
0 4 282 1 1
0 7 285 1 1
0 6 284 1 1
0 1 279 1 1
0 11 278 1 1
0 10 277 1 1
0 5 283 1 1
0 9 276 1 1
0 2 280 1 1
0 3 281 1 1
0 2 277 1 1
0 9 281 1 1
0 10 280 1 1
0 6 284 1 1
0 12 279 1 1
0 8 282 1 1
0 7 283 1 1
0 1 278 1 1
0 5 285 1 1
0 3 276 1 1
0 3 498 1 1
0 7 494 1 1
0 9 492 1 1
0 2 499 1 1
0 6 495 1 1
0 12 490 1 1
0 4 497 1 1
0 8 493 1 1
0 10 491 1 1
0 5 496 1 1
0 2 491 1 1
0 3 491 1 1
0 4 491 1 1
0 5 491 1 1
0 8 491 1 1
0 6 491 1 1
0 9 491 1 1
0 7 491 1 1
0 10 491 1 1
0 1 491 1 1
0 4 496 1 1
0 7 499 1 1
0 6 498 1 1
0 1 493 1 1
0 11 492 1 1
0 10 491 1 1
0 5 497 1 1
0 9 490 1 1
0 2 494 1 1
0 3 495 1 1
0 2 491 1 1
0 9 495 1 1
0 10 494 1 1
0 6 498 1 1
0 12 493 1 1
0 8 496 1 1
0 7 497 1 1
0 1 492 1 1
0 5 499 1 1
0 3 490 1 1
0 10 494 1 1
0 7 494 1 1
0 9 494 1 1
0 6 494 1 1
0 8 494 1 1
0 5 494 1 1
0 4 494 1 1
0 3 494 1 1
0 2 494 1 1
0 1 494 1 1
0 10 494 1 1
0 3 498 1 1
0 11 495 1 1
0 8 492 1 1
0 1 496 1 1
0 6 490 1 1
0 9 493 1 1
0 4 499 1 1
0 7 491 1 1
0 2 497 1 1
0 1 495 1 1
0 3 493 1 1
0 8 499 1 1
0 12 496 1 1
0 9 498 1 1
0 5 491 1 1
0 6 490 1 1
0 10 497 1 1
0 2 494 1 1
0 4 492 1 1
0 3 434 1 1
0 7 430 1 1
0 9 428 1 1
0 2 435 1 1
0 6 431 1 1
0 12 426 1 1
0 4 433 1 1
0 8 429 1 1
0 10 427 1 1
0 5 432 1 1
0 2 427 1 1
0 3 427 1 1
0 4 427 1 1
0 5 427 1 1
0 8 427 1 1
0 6 427 1 1
0 9 427 1 1
0 7 427 1 1
0 10 427 1 1
0 1 427 1 1
0 4 432 1 1
0 7 435 1 1
0 6 434 1 1
0 1 429 1 1
0 11 428 1 1
0 10 427 1 1
0 5 433 1 1
0 9 426 1 1
0 2 430 1 1
0 3 431 1 1
0 2 427 1 1
0 9 431 1 1
0 10 430 1 1
0 6 434 1 1
0 12 429 1 1
0 8 432 1 1
0 7 433 1 1
0 1 428 1 1
0 5 435 1 1
0 3 426 1 1
0 10 430 1 1
0 7 430 1 1
0 9 430 1 1
0 6 430 1 1
0 8 430 1 1
0 5 430 1 1
0 4 430 1 1
0 3 430 1 1
0 2 430 1 1
0 1 430 1 1
0 10 430 1 1
0 3 434 1 1
0 11 431 1 1
0 8 428 1 1
0 1 432 1 1
0 6 426 1 1
0 9 429 1 1
0 4 435 1 1
0 7 427 1 1
0 2 433 1 1
0 3 584 1 1
0 7 580 1 1
0 9 578 1 1
0 2 585 1 1
0 6 581 1 1
0 12 576 1 1
0 4 583 1 1
0 8 579 1 1
0 10 577 1 1
0 5 582 1 1
0 2 577 1 1
0 3 577 1 1
0 4 577 1 1
0 5 577 1 1
0 8 577 1 1
0 6 577 1 1
0 9 577 1 1
0 7 577 1 1
0 10 577 1 1
0 1 577 1 1
0 4 582 1 1
0 7 585 1 1
0 6 584 1 1
0 1 579 1 1
0 11 578 1 1
0 10 577 1 1
0 5 583 1 1
0 9 576 1 1
0 2 580 1 1
0 3 581 1 1
0 2 577 1 1
0 9 581 1 1
0 10 580 1 1
0 6 584 1 1
0 12 579 1 1
0 8 582 1 1
0 7 583 1 1
0 1 578 1 1
0 5 585 1 1
0 3 576 1 1
0 10 580 1 1
0 7 580 1 1
0 9 580 1 1
0 6 580 1 1
0 8 580 1 1
0 5 580 1 1
0 4 580 1 1
0 3 580 1 1
0 2 580 1 1
0 1 580 1 1
0 10 580 1 1
0 3 584 1 1
0 11 581 1 1
0 8 578 1 1
0 1 582 1 1
0 6 576 1 1
0 9 579 1 1
0 4 585 1 1
0 7 577 1 1
0 2 583 1 1
0 1 581 1 1
0 3 579 1 1
0 8 585 1 1
0 12 582 1 1
0 9 584 1 1
0 5 577 1 1
0 6 576 1 1
0 10 583 1 1
0 2 580 1 1
0 4 578 1 1
0 3 583 1 1
0 1 583 1 1
0 6 583 1 1
0 7 583 1 1
0 4 583 1 1
0 5 583 1 1
0 10 583 1 1
0 8 583 1 1
0 2 583 1 1
0 9 583 1 1
0 3 154 1 1
0 7 150 1 1
0 9 148 1 1
0 2 155 1 1
0 6 151 1 1
0 12 146 1 1
0 4 153 1 1
0 8 149 1 1
0 10 147 1 1
0 5 152 1 1
0 2 147 1 1
0 3 147 1 1
0 4 147 1 1
0 5 147 1 1
0 8 147 1 1
0 6 147 1 1
0 9 147 1 1
0 7 147 1 1
0 10 147 1 1
0 1 147 1 1
0 3 304 1 1
0 7 300 1 1
0 9 298 1 1
0 2 305 1 1
0 6 301 1 1
0 12 296 1 1
0 4 303 1 1
0 8 299 1 1
0 10 297 1 1
0 5 302 1 1
0 2 297 1 1
0 3 297 1 1
0 4 297 1 1
0 5 297 1 1
0 8 297 1 1
0 6 297 1 1
0 9 297 1 1
0 7 297 1 1
0 10 297 1 1
0 1 297 1 1
0 4 302 1 1
0 7 305 1 1
0 6 304 1 1
0 1 299 1 1
0 11 298 1 1
0 10 297 1 1
0 5 303 1 1
0 9 296 1 1
0 2 300 1 1
0 3 301 1 1
0 2 297 1 1
0 9 301 1 1
0 10 300 1 1
0 6 304 1 1
0 12 299 1 1
0 8 302 1 1
0 7 303 1 1
0 1 298 1 1
0 5 305 1 1
0 3 296 1 1
0 3 83 1 1
0 7 79 1 1
0 9 77 1 1
0 2 84 1 1
0 6 80 1 1
0 12 75 1 1
0 4 82 1 1
0 8 78 1 1
0 10 76 1 1
0 5 81 1 1
0 3 84 1 1
0 7 80 1 1
0 9 78 1 1
0 2 85 1 1
0 6 81 1 1
0 12 76 1 1
0 4 83 1 1
0 8 79 1 1
0 10 77 1 1
0 5 82 1 1
0 3 470 1 1
0 7 466 1 1
0 9 464 1 1
0 2 471 1 1
0 6 467 1 1
0 12 462 1 1
0 4 469 1 1
0 8 465 1 1
0 10 463 1 1
0 5 468 1 1
0 2 463 1 1
0 3 463 1 1
0 4 463 1 1
0 5 463 1 1
0 8 463 1 1
0 6 463 1 1
0 9 463 1 1
0 7 463 1 1
0 10 463 1 1
0 1 463 1 1
0 4 468 1 1
0 7 471 1 1
0 6 470 1 1
0 1 465 1 1
0 11 464 1 1
0 10 463 1 1
0 5 469 1 1
0 9 462 1 1
0 2 466 1 1
0 3 467 1 1
0 2 463 1 1
0 9 467 1 1
0 10 466 1 1
0 6 470 1 1
0 12 465 1 1
0 8 468 1 1
0 7 469 1 1
0 1 464 1 1
0 5 471 1 1
0 3 462 1 1
0 10 466 1 1
0 7 466 1 1
0 9 466 1 1
0 6 466 1 1
0 8 466 1 1
0 5 466 1 1
0 4 466 1 1
0 3 466 1 1
0 2 466 1 1
0 1 466 1 1
0 10 466 1 1
0 3 470 1 1
0 11 467 1 1
0 8 464 1 1
0 1 468 1 1
0 6 462 1 1
0 9 465 1 1
0 4 471 1 1
0 7 463 1 1
0 2 469 1 1
0 3 242 1 1
0 7 238 1 1
0 9 236 1 1
0 2 243 1 1
0 6 239 1 1
0 12 234 1 1
0 4 241 1 1
0 8 237 1 1
0 10 235 1 1
0 5 240 1 1
0 2 235 1 1
0 3 235 1 1
0 4 235 1 1
0 5 235 1 1
0 8 235 1 1
0 6 235 1 1
0 9 235 1 1
0 7 235 1 1
0 10 235 1 1
0 1 235 1 1
0 4 240 1 1
0 7 243 1 1
0 6 242 1 1
0 1 237 1 1
0 11 236 1 1
0 10 235 1 1
0 5 241 1 1
0 9 234 1 1
0 2 238 1 1
0 3 239 1 1
0 3 87 1 1
0 7 83 1 1
0 9 81 1 1
0 2 88 1 1
0 6 84 1 1
0 12 79 1 1
0 4 86 1 1
0 8 82 1 1
0 10 80 1 1
0 5 85 1 1
0 3 248 1 1
0 7 244 1 1
0 9 242 1 1
0 2 249 1 1
0 6 245 1 1
0 12 240 1 1
0 4 247 1 1
0 8 243 1 1
0 10 241 1 1
0 5 246 1 1
0 2 241 1 1
0 3 241 1 1
0 4 241 1 1
0 5 241 1 1
0 8 241 1 1
0 6 241 1 1
0 9 241 1 1
0 7 241 1 1
0 10 241 1 1
0 1 241 1 1
0 4 246 1 1
0 7 249 1 1
0 6 248 1 1
0 1 243 1 1
0 11 242 1 1
0 10 241 1 1
0 5 247 1 1
0 9 240 1 1
0 2 244 1 1
0 3 245 1 1
0 3 170 1 1
0 7 166 1 1
0 9 164 1 1
0 2 171 1 1
0 6 167 1 1
0 12 162 1 1
0 4 169 1 1
0 8 165 1 1
0 10 163 1 1
0 5 168 1 1
0 2 163 1 1
0 3 163 1 1
0 4 163 1 1
0 5 163 1 1
0 8 163 1 1
0 6 163 1 1
0 9 163 1 1
0 7 163 1 1
0 10 163 1 1
0 1 163 1 1
0 3 254 1 1
0 7 250 1 1
0 9 248 1 1
0 2 255 1 1
0 6 251 1 1
0 12 246 1 1
0 4 253 1 1
0 8 249 1 1
0 10 247 1 1
0 5 252 1 1
0 2 247 1 1
0 3 247 1 1
0 4 247 1 1
0 5 247 1 1
0 8 247 1 1
0 6 247 1 1
0 9 247 1 1
0 7 247 1 1
0 10 247 1 1
0 1 247 1 1
0 4 252 1 1
0 7 255 1 1
0 6 254 1 1
0 1 249 1 1
0 11 248 1 1
0 10 247 1 1
0 5 253 1 1
0 9 246 1 1
0 2 250 1 1
0 3 251 1 1
0 3 755 1 1
0 7 751 1 1
0 9 749 1 1
0 2 756 1 1
0 6 752 1 1
0 12 747 1 1
0 4 754 1 1
0 8 750 1 1
0 10 748 1 1
0 5 753 1 1
0 2 748 1 1
0 3 748 1 1
0 4 748 1 1
0 5 748 1 1
0 8 748 1 1
0 6 748 1 1
0 9 748 1 1
0 7 748 1 1
0 10 748 1 1
0 1 748 1 1
0 4 753 1 1
0 7 756 1 1
0 6 755 1 1
0 1 750 1 1
0 11 749 1 1
0 10 748 1 1
0 5 754 1 1
0 9 747 1 1
0 2 751 1 1
0 3 752 1 1
0 2 748 1 1
0 9 752 1 1
0 10 751 1 1
0 6 755 1 1
0 12 750 1 1
0 8 753 1 1
0 7 754 1 1
0 1 749 1 1
0 5 756 1 1
0 3 747 1 1
0 10 751 1 1
0 7 751 1 1
0 9 751 1 1
0 6 751 1 1
0 8 751 1 1
0 5 751 1 1
0 4 751 1 1
0 3 751 1 1
0 2 751 1 1
0 1 751 1 1
0 10 751 1 1
0 3 755 1 1
0 11 752 1 1
0 8 749 1 1
0 1 753 1 1
0 6 747 1 1
0 9 750 1 1
0 4 756 1 1
0 7 748 1 1
0 2 754 1 1
0 1 752 1 1
0 3 750 1 1
0 8 756 1 1
0 12 753 1 1
0 9 755 1 1
0 5 748 1 1
0 6 747 1 1
0 10 754 1 1
0 2 751 1 1
0 4 749 1 1
0 3 754 1 1
0 1 754 1 1
0 6 754 1 1
0 7 754 1 1
0 4 754 1 1
0 5 754 1 1
0 10 754 1 1
0 8 754 1 1
0 2 754 1 1
0 9 754 1 1
0 7 751 1 1
0 9 753 1 1
0 1 756 1 1
0 11 755 1 1
0 4 748 1 1
0 5 749 1 1
0 6 750 1 1
0 10 754 1 1
0 3 747 1 1
0 8 752 1 1
0 3 176 1 1
0 7 172 1 1
0 9 170 1 1
0 2 177 1 1
0 6 173 1 1
0 12 168 1 1
0 4 175 1 1
0 8 171 1 1
0 10 169 1 1
0 5 174 1 1
0 2 169 1 1
0 3 169 1 1
0 4 169 1 1
0 5 169 1 1
0 8 169 1 1
0 6 169 1 1
0 9 169 1 1
0 7 169 1 1
0 10 169 1 1
0 1 169 1 1
0 3 518 1 1
0 7 514 1 1
0 9 512 1 1
0 2 519 1 1
0 6 515 1 1
0 12 510 1 1
0 4 517 1 1
0 8 513 1 1
0 10 511 1 1
0 5 516 1 1
0 2 511 1 1
0 3 511 1 1
0 4 511 1 1
0 5 511 1 1
0 8 511 1 1
0 6 511 1 1
0 9 511 1 1
0 7 511 1 1
0 10 511 1 1
0 1 511 1 1
0 4 516 1 1
0 7 519 1 1
0 6 518 1 1
0 1 513 1 1
0 11 512 1 1
0 10 511 1 1
0 5 517 1 1
0 9 510 1 1
0 2 514 1 1
0 3 515 1 1
0 2 511 1 1
0 9 515 1 1
0 10 514 1 1
0 6 518 1 1
0 12 513 1 1
0 8 516 1 1
0 7 517 1 1
0 1 512 1 1
0 5 519 1 1
0 3 510 1 1
0 10 514 1 1
0 7 514 1 1
0 9 514 1 1
0 6 514 1 1
0 8 514 1 1
0 5 514 1 1
0 4 514 1 1
0 3 514 1 1
0 2 514 1 1
0 1 514 1 1
0 10 514 1 1
0 3 518 1 1
0 11 515 1 1
0 8 512 1 1
0 1 516 1 1
0 6 510 1 1
0 9 513 1 1
0 4 519 1 1
0 7 511 1 1
0 2 517 1 1
0 3 180 1 1
0 7 176 1 1
0 9 174 1 1
0 2 181 1 1
0 6 177 1 1
0 12 172 1 1
0 4 179 1 1
0 8 175 1 1
0 10 173 1 1
0 5 178 1 1
0 2 173 1 1
0 3 173 1 1
0 4 173 1 1
0 5 173 1 1
0 8 173 1 1
0 6 173 1 1
0 9 173 1 1
0 7 173 1 1
0 10 173 1 1
0 1 173 1 1
0 3 704 1 1
0 7 700 1 1
0 9 698 1 1
0 2 705 1 1
0 6 701 1 1
0 12 696 1 1
0 4 703 1 1
0 8 699 1 1
0 10 697 1 1
0 5 702 1 1
0 2 697 1 1
0 3 697 1 1
0 4 697 1 1
0 5 697 1 1
0 8 697 1 1
0 6 697 1 1
0 9 697 1 1
0 7 697 1 1
0 10 697 1 1
0 1 697 1 1
0 4 702 1 1
0 7 705 1 1
0 6 704 1 1
0 1 699 1 1
0 11 698 1 1
0 10 697 1 1
0 5 703 1 1
0 9 696 1 1
0 2 700 1 1
0 3 701 1 1
0 2 697 1 1
0 9 701 1 1
0 10 700 1 1
0 6 704 1 1
0 12 699 1 1
0 8 702 1 1
0 7 703 1 1
0 1 698 1 1
0 5 705 1 1
0 3 696 1 1
0 10 700 1 1
0 7 700 1 1
0 9 700 1 1
0 6 700 1 1
0 8 700 1 1
0 5 700 1 1
0 4 700 1 1
0 3 700 1 1
0 2 700 1 1
0 1 700 1 1
0 10 700 1 1
0 3 704 1 1
0 11 701 1 1
0 8 698 1 1
0 1 702 1 1
0 6 696 1 1
0 9 699 1 1
0 4 705 1 1
0 7 697 1 1
0 2 703 1 1
0 1 701 1 1
0 3 699 1 1
0 8 705 1 1
0 12 702 1 1
0 9 704 1 1
0 5 697 1 1
0 6 696 1 1
0 10 703 1 1
0 2 700 1 1
0 4 698 1 1
0 3 703 1 1
0 1 703 1 1
0 6 703 1 1
0 7 703 1 1
0 4 703 1 1
0 5 703 1 1
0 10 703 1 1
0 8 703 1 1
0 2 703 1 1
0 9 703 1 1
0 3 184 1 1
0 7 180 1 1
0 9 178 1 1
0 2 185 1 1
0 6 181 1 1
0 12 176 1 1
0 4 183 1 1
0 8 179 1 1
0 10 177 1 1
0 5 182 1 1
0 2 177 1 1
0 3 177 1 1
0 4 177 1 1
0 5 177 1 1
0 8 177 1 1
0 6 177 1 1
0 9 177 1 1
0 7 177 1 1
0 10 177 1 1
0 1 177 1 1
0 3 631 1 1
0 7 627 1 1
0 9 625 1 1
0 2 632 1 1
0 6 628 1 1
0 12 623 1 1
0 4 630 1 1
0 8 626 1 1
0 10 624 1 1
0 5 629 1 1
0 2 624 1 1
0 3 624 1 1
0 4 624 1 1
0 5 624 1 1
0 8 624 1 1
0 6 624 1 1
0 9 624 1 1
0 7 624 1 1
0 10 624 1 1
0 1 624 1 1
0 4 629 1 1
0 7 632 1 1
0 6 631 1 1
0 1 626 1 1
0 11 625 1 1
0 10 624 1 1
0 5 630 1 1
0 9 623 1 1
0 2 627 1 1
0 3 628 1 1
0 2 624 1 1
0 9 628 1 1
0 10 627 1 1
0 6 631 1 1
0 12 626 1 1
0 8 629 1 1
0 7 630 1 1
0 1 625 1 1
0 5 632 1 1
0 3 623 1 1
0 10 627 1 1
0 7 627 1 1
0 9 627 1 1
0 6 627 1 1
0 8 627 1 1
0 5 627 1 1
0 4 627 1 1
0 3 627 1 1
0 2 627 1 1
0 1 627 1 1
0 10 627 1 1
0 3 631 1 1
0 11 628 1 1
0 8 625 1 1
0 1 629 1 1
0 6 623 1 1
0 9 626 1 1
0 4 632 1 1
0 7 624 1 1
0 2 630 1 1
0 1 628 1 1
0 3 626 1 1
0 8 632 1 1
0 12 629 1 1
0 9 631 1 1
0 5 624 1 1
0 6 623 1 1
0 10 630 1 1
0 2 627 1 1
0 4 625 1 1
0 3 548 1 1
0 7 544 1 1
0 9 542 1 1
0 2 549 1 1
0 6 545 1 1
0 12 540 1 1
0 4 547 1 1
0 8 543 1 1
0 10 541 1 1
0 5 546 1 1
0 2 541 1 1
0 3 541 1 1
0 4 541 1 1
0 5 541 1 1
0 8 541 1 1
0 6 541 1 1
0 9 541 1 1
0 7 541 1 1
0 10 541 1 1
0 1 541 1 1
0 4 546 1 1
0 7 549 1 1
0 6 548 1 1
0 1 543 1 1
0 11 542 1 1
0 10 541 1 1
0 5 547 1 1
0 9 540 1 1
0 2 544 1 1
0 3 545 1 1
0 2 541 1 1
0 9 545 1 1
0 10 544 1 1
0 6 548 1 1
0 12 543 1 1
0 8 546 1 1
0 7 547 1 1
0 1 542 1 1
0 5 549 1 1
0 3 540 1 1
0 10 544 1 1
0 7 544 1 1
0 9 544 1 1
0 6 544 1 1
0 8 544 1 1
0 5 544 1 1
0 4 544 1 1
0 3 544 1 1
0 2 544 1 1
0 1 544 1 1
0 10 544 1 1
0 3 548 1 1
0 11 545 1 1
0 8 542 1 1
0 1 546 1 1
0 6 540 1 1
0 9 543 1 1
0 4 549 1 1
0 7 541 1 1
0 2 547 1 1
0 3 736 1 1
0 7 732 1 1
0 9 730 1 1
0 2 737 1 1
0 6 733 1 1
0 12 728 1 1
0 4 735 1 1
0 8 731 1 1
0 10 729 1 1
0 5 734 1 1
0 2 729 1 1
0 3 729 1 1
0 4 729 1 1
0 5 729 1 1
0 8 729 1 1
0 6 729 1 1
0 9 729 1 1
0 7 729 1 1
0 10 729 1 1
0 1 729 1 1
0 4 734 1 1
0 7 737 1 1
0 6 736 1 1
0 1 731 1 1
0 11 730 1 1
0 10 729 1 1
0 5 735 1 1
0 9 728 1 1
0 2 732 1 1
0 3 733 1 1
0 2 729 1 1
0 9 733 1 1
0 10 732 1 1
0 6 736 1 1
0 12 731 1 1
0 8 734 1 1
0 7 735 1 1
0 1 730 1 1
0 5 737 1 1
0 3 728 1 1
0 10 732 1 1
0 7 732 1 1
0 9 732 1 1
0 6 732 1 1
0 8 732 1 1
0 5 732 1 1
0 4 732 1 1
0 3 732 1 1
0 2 732 1 1
0 1 732 1 1
0 10 732 1 1
0 3 736 1 1
0 11 733 1 1
0 8 730 1 1
0 1 734 1 1
0 6 728 1 1
0 9 731 1 1
0 4 737 1 1
0 7 729 1 1
0 2 735 1 1
0 1 733 1 1
0 3 731 1 1
0 8 737 1 1
0 12 734 1 1
0 9 736 1 1
0 5 729 1 1
0 6 728 1 1
0 10 735 1 1
0 2 732 1 1
0 4 730 1 1
0 3 735 1 1
0 1 735 1 1
0 6 735 1 1
0 7 735 1 1
0 4 735 1 1
0 5 735 1 1
0 10 735 1 1
0 8 735 1 1
0 2 735 1 1
0 9 735 1 1
0 3 560 1 1
0 7 556 1 1
0 9 554 1 1
0 2 561 1 1
0 6 557 1 1
0 12 552 1 1
0 4 559 1 1
0 8 555 1 1
0 10 553 1 1
0 5 558 1 1
0 2 553 1 1
0 3 553 1 1
0 4 553 1 1
0 5 553 1 1
0 8 553 1 1
0 6 553 1 1
0 9 553 1 1
0 7 553 1 1
0 10 553 1 1
0 1 553 1 1
0 4 558 1 1
0 7 561 1 1
0 6 560 1 1
0 1 555 1 1
0 11 554 1 1
0 10 553 1 1
0 5 559 1 1
0 9 552 1 1
0 2 556 1 1
0 3 557 1 1
0 2 553 1 1
0 9 557 1 1
0 10 556 1 1
0 6 560 1 1
0 12 555 1 1
0 8 558 1 1
0 7 559 1 1
0 1 554 1 1
0 5 561 1 1
0 3 552 1 1
0 10 556 1 1
0 7 556 1 1
0 9 556 1 1
0 6 556 1 1
0 8 556 1 1
0 5 556 1 1
0 4 556 1 1
0 3 556 1 1
0 2 556 1 1
0 1 556 1 1
0 10 556 1 1
0 3 560 1 1
0 11 557 1 1
0 8 554 1 1
0 1 558 1 1
0 6 552 1 1
0 9 555 1 1
0 4 561 1 1
0 7 553 1 1
0 2 559 1 1
0 3 566 1 1
0 7 562 1 1
0 9 560 1 1
0 2 567 1 1
0 6 563 1 1
0 12 558 1 1
0 4 565 1 1
0 8 561 1 1
0 10 559 1 1
0 5 564 1 1
0 2 559 1 1
0 3 559 1 1
0 4 559 1 1
0 5 559 1 1
0 8 559 1 1
0 6 559 1 1
0 9 559 1 1
0 7 559 1 1
0 10 559 1 1
0 1 559 1 1
0 4 564 1 1
0 7 567 1 1
0 6 566 1 1
0 1 561 1 1
0 11 560 1 1
0 10 559 1 1
0 5 565 1 1
0 9 558 1 1
0 2 562 1 1
0 3 563 1 1
0 2 559 1 1
0 9 563 1 1
0 10 562 1 1
0 6 566 1 1
0 12 561 1 1
0 8 564 1 1
0 7 565 1 1
0 1 560 1 1
0 5 567 1 1
0 3 558 1 1
0 10 562 1 1
0 7 562 1 1
0 9 562 1 1
0 6 562 1 1
0 8 562 1 1
0 5 562 1 1
0 4 562 1 1
0 3 562 1 1
0 2 562 1 1
0 1 562 1 1
0 10 562 1 1
0 3 566 1 1
0 11 563 1 1
0 8 560 1 1
0 1 564 1 1
0 6 558 1 1
0 9 561 1 1
0 4 567 1 1
0 7 559 1 1
0 2 565 1 1
0 3 666 1 1
0 7 662 1 1
0 9 660 1 1
0 2 667 1 1
0 6 663 1 1
0 12 658 1 1
0 4 665 1 1
0 8 661 1 1
0 10 659 1 1
0 5 664 1 1
0 2 659 1 1
0 3 659 1 1
0 4 659 1 1
0 5 659 1 1
0 8 659 1 1
0 6 659 1 1
0 9 659 1 1
0 7 659 1 1
0 10 659 1 1
0 1 659 1 1
0 4 664 1 1
0 7 667 1 1
0 6 666 1 1
0 1 661 1 1
0 11 660 1 1
0 10 659 1 1
0 5 665 1 1
0 9 658 1 1
0 2 662 1 1
0 3 663 1 1
0 2 659 1 1
0 9 663 1 1
0 10 662 1 1
0 6 666 1 1
0 12 661 1 1
0 8 664 1 1
0 7 665 1 1
0 1 660 1 1
0 5 667 1 1
0 3 658 1 1
0 10 662 1 1
0 7 662 1 1
0 9 662 1 1
0 6 662 1 1
0 8 662 1 1
0 5 662 1 1
0 4 662 1 1
0 3 662 1 1
0 2 662 1 1
0 1 662 1 1
0 10 662 1 1
0 3 666 1 1
0 11 663 1 1
0 8 660 1 1
0 1 664 1 1
0 6 658 1 1
0 9 661 1 1
0 4 667 1 1
0 7 659 1 1
0 2 665 1 1
0 1 663 1 1
0 3 661 1 1
0 8 667 1 1
0 12 664 1 1
0 9 666 1 1
0 5 659 1 1
0 6 658 1 1
0 10 665 1 1
0 2 662 1 1
0 4 660 1 1
0 3 578 1 1
0 7 574 1 1
0 9 572 1 1
0 2 579 1 1
0 6 575 1 1
0 12 570 1 1
0 4 577 1 1
0 8 573 1 1
0 10 571 1 1
0 5 576 1 1
0 2 571 1 1
0 3 571 1 1
0 4 571 1 1
0 5 571 1 1
0 8 571 1 1
0 6 571 1 1
0 9 571 1 1
0 7 571 1 1
0 10 571 1 1
0 1 571 1 1
0 4 576 1 1
0 7 579 1 1
0 6 578 1 1
0 1 573 1 1
0 11 572 1 1
0 10 571 1 1
0 5 577 1 1
0 9 570 1 1
0 2 574 1 1
0 3 575 1 1
0 2 571 1 1
0 9 575 1 1
0 10 574 1 1
0 6 578 1 1
0 12 573 1 1
0 8 576 1 1
0 7 577 1 1
0 1 572 1 1
0 5 579 1 1
0 3 570 1 1
0 10 574 1 1
0 7 574 1 1
0 9 574 1 1
0 6 574 1 1
0 8 574 1 1
0 5 574 1 1
0 4 574 1 1
0 3 574 1 1
0 2 574 1 1
0 1 574 1 1
0 10 574 1 1
0 3 578 1 1
0 11 575 1 1
0 8 572 1 1
0 1 576 1 1
0 6 570 1 1
0 9 573 1 1
0 4 579 1 1
0 7 571 1 1
0 2 577 1 1
0 3 776 1 1
0 7 772 1 1
0 9 770 1 1
0 2 777 1 1
0 6 773 1 1
0 12 768 1 1
0 4 775 1 1
0 8 771 1 1
0 10 769 1 1
0 5 774 1 1
0 2 769 1 1
0 3 769 1 1
0 4 769 1 1
0 5 769 1 1
0 8 769 1 1
0 6 769 1 1
0 9 769 1 1
0 7 769 1 1
0 10 769 1 1
0 1 769 1 1
0 4 774 1 1
0 7 777 1 1
0 6 776 1 1
0 1 771 1 1
0 11 770 1 1
0 10 769 1 1
0 5 775 1 1
0 9 768 1 1
0 2 772 1 1
0 3 773 1 1
0 2 769 1 1
0 9 773 1 1
0 10 772 1 1
0 6 776 1 1
0 12 771 1 1
0 8 774 1 1
0 7 775 1 1
0 1 770 1 1
0 5 777 1 1
0 3 768 1 1
0 10 772 1 1
0 7 772 1 1
0 9 772 1 1
0 6 772 1 1
0 8 772 1 1
0 5 772 1 1
0 4 772 1 1
0 3 772 1 1
0 2 772 1 1
0 1 772 1 1
0 10 772 1 1
0 3 776 1 1
0 11 773 1 1
0 8 770 1 1
0 1 774 1 1
0 6 768 1 1
0 9 771 1 1
0 4 777 1 1
0 7 769 1 1
0 2 775 1 1
0 1 773 1 1
0 3 771 1 1
0 8 777 1 1
0 12 774 1 1
0 9 776 1 1
0 5 769 1 1
0 6 768 1 1
0 10 775 1 1
0 2 772 1 1
0 4 770 1 1
0 3 775 1 1
0 1 775 1 1
0 6 775 1 1
0 7 775 1 1
0 4 775 1 1
0 5 775 1 1
0 10 775 1 1
0 8 775 1 1
0 2 775 1 1
0 9 775 1 1
0 3 493 1 1
0 7 489 1 1
0 9 487 1 1
0 2 494 1 1
0 6 490 1 1
0 12 485 1 1
0 4 492 1 1
0 8 488 1 1
0 10 486 1 1
0 5 491 1 1
0 2 486 1 1
0 3 486 1 1
0 4 486 1 1
0 5 486 1 1
0 8 486 1 1
0 6 486 1 1
0 9 486 1 1
0 7 486 1 1
0 10 486 1 1
0 1 486 1 1
0 4 491 1 1
0 7 494 1 1
0 6 493 1 1
0 1 488 1 1
0 11 487 1 1
0 10 486 1 1
0 5 492 1 1
0 9 485 1 1
0 2 489 1 1
0 3 490 1 1
0 2 486 1 1
0 9 490 1 1
0 10 489 1 1
0 6 493 1 1
0 12 488 1 1
0 8 491 1 1
0 7 492 1 1
0 1 487 1 1
0 5 494 1 1
0 3 485 1 1
0 10 489 1 1
0 7 489 1 1
0 9 489 1 1
0 6 489 1 1
0 8 489 1 1
0 5 489 1 1
0 4 489 1 1
0 3 489 1 1
0 2 489 1 1
0 1 489 1 1
0 3 792 1 1
0 7 788 1 1
0 9 786 1 1
0 2 793 1 1
0 6 789 1 1
0 12 784 1 1
0 4 791 1 1
0 8 787 1 1
0 10 785 1 1
0 5 790 1 1
0 2 785 1 1
0 3 785 1 1
0 4 785 1 1
0 5 785 1 1
0 8 785 1 1
0 6 785 1 1
0 9 785 1 1
0 7 785 1 1
0 10 785 1 1
0 1 785 1 1
0 4 790 1 1
0 7 793 1 1
0 6 792 1 1
0 1 787 1 1
0 11 786 1 1
0 10 785 1 1
0 5 791 1 1
0 9 784 1 1
0 2 788 1 1
0 3 789 1 1
0 2 785 1 1
0 9 789 1 1
0 10 788 1 1
0 6 792 1 1
0 12 787 1 1
0 8 790 1 1
0 7 791 1 1
0 1 786 1 1
0 5 793 1 1
0 3 784 1 1
0 10 788 1 1
0 7 788 1 1
0 9 788 1 1
0 6 788 1 1
0 8 788 1 1
0 5 788 1 1
0 4 788 1 1
0 3 788 1 1
0 2 788 1 1
0 1 788 1 1
0 10 788 1 1
0 3 792 1 1
0 11 789 1 1
0 8 786 1 1
0 1 790 1 1
0 6 784 1 1
0 9 787 1 1
0 4 793 1 1
0 7 785 1 1
0 2 791 1 1
0 1 789 1 1
0 3 787 1 1
0 8 793 1 1
0 12 790 1 1
0 9 792 1 1
0 5 785 1 1
0 6 784 1 1
0 10 791 1 1
0 2 788 1 1
0 4 786 1 1
0 3 791 1 1
0 1 791 1 1
0 6 791 1 1
0 7 791 1 1
0 4 791 1 1
0 5 791 1 1
0 10 791 1 1
0 8 791 1 1
0 2 791 1 1
0 9 791 1 1
0 3 206 1 1
0 7 202 1 1
0 9 200 1 1
0 2 207 1 1
0 6 203 1 1
0 12 198 1 1
0 4 205 1 1
0 8 201 1 1
0 10 199 1 1
0 5 204 1 1
0 2 199 1 1
0 3 199 1 1
0 4 199 1 1
0 5 199 1 1
0 8 199 1 1
0 6 199 1 1
0 9 199 1 1
0 7 199 1 1
0 10 199 1 1
0 1 199 1 1
