0 6 0 1 1
0 3 3 1 1
0 1 1 1 1
0 2 2 1 1
0 6 1 1 1
0 3 4 1 1
0 1 2 1 1
0 2 3 1 1
0 6 4 1 1
0 3 7 1 1
0 1 5 1 1
0 2 6 1 1
0 2 5 1 1
0 3 5 1 1
0 1 5 1 1
0 4 5 1 1
0 6 6 1 1
0 3 9 1 1
0 1 7 1 1
0 2 8 1 1
0 2 7 1 1
0 3 7 1 1
0 1 7 1 1
0 4 7 1 1
0 6 8 1 1
0 3 11 1 1
0 1 9 1 1
0 2 10 1 1
0 2 9 1 1
0 3 9 1 1
0 1 9 1 1
0 4 9 1 1
0 6 5 1 1
0 3 8 1 1
0 1 6 1 1
0 2 7 1 1
0 6 6 1 1
0 3 9 1 1
0 1 7 1 1
0 2 8 1 1
0 6 21 1 1
0 3 24 1 1
0 1 22 1 1
0 2 23 1 1
0 2 22 1 1
0 3 22 1 1
0 1 22 1 1
0 4 22 1 1
0 2 21 1 1
0 5 23 1 1
0 4 24 1 1
0 1 22 1 1
0 6 24 1 1
0 3 27 1 1
0 1 25 1 1
0 2 26 1 1
0 2 25 1 1
0 3 25 1 1
0 1 25 1 1
0 4 25 1 1
0 2 24 1 1
0 5 26 1 1
0 4 27 1 1
0 1 25 1 1
0 6 18 1 1
0 3 21 1 1
0 1 19 1 1
0 2 20 1 1
0 2 19 1 1
0 3 19 1 1
0 1 19 1 1
0 4 19 1 1
0 6 20 1 1
0 3 23 1 1
0 1 21 1 1
0 2 22 1 1
0 2 21 1 1
0 3 21 1 1
0 1 21 1 1
0 4 21 1 1
0 6 33 1 1
0 3 36 1 1
0 1 34 1 1
0 2 35 1 1
0 2 34 1 1
0 3 34 1 1
0 1 34 1 1
0 4 34 1 1
0 2 33 1 1
0 5 35 1 1
0 4 36 1 1
0 1 34 1 1
0 6 12 1 1
0 3 15 1 1
0 1 13 1 1
0 2 14 1 1
0 6 26 1 1
0 3 29 1 1
0 1 27 1 1
0 2 28 1 1
0 2 27 1 1
0 3 27 1 1
0 1 27 1 1
0 4 27 1 1
0 6 28 1 1
0 3 31 1 1
0 1 29 1 1
0 2 30 1 1
0 2 29 1 1
0 3 29 1 1
0 1 29 1 1
0 4 29 1 1
0 6 30 1 1
0 3 33 1 1
0 1 31 1 1
0 2 32 1 1
0 2 31 1 1
0 3 31 1 1
0 1 31 1 1
0 4 31 1 1
0 6 32 1 1
0 3 35 1 1
0 1 33 1 1
0 2 34 1 1
0 2 33 1 1
0 3 33 1 1
0 1 33 1 1
0 4 33 1 1
0 6 17 1 1
0 3 20 1 1
0 1 18 1 1
0 2 19 1 1
0 6 18 1 1
0 3 21 1 1
0 1 19 1 1
0 2 20 1 1
0 6 38 1 1
0 3 41 1 1
0 1 39 1 1
0 2 40 1 1
0 2 39 1 1
0 3 39 1 1
0 1 39 1 1
0 4 39 1 1
0 6 20 1 1
0 3 23 1 1
0 1 21 1 1
0 2 22 1 1
0 6 21 1 1
0 3 24 1 1
0 1 22 1 1
0 2 23 1 1
0 6 66 1 1
0 3 69 1 1
0 1 67 1 1
0 2 68 1 1
0 2 67 1 1
0 3 67 1 1
0 1 67 1 1
0 4 67 1 1
0 2 66 1 1
0 5 68 1 1
0 4 69 1 1
0 1 67 1 1
0 6 46 1 1
0 3 49 1 1
0 1 47 1 1
0 2 48 1 1
0 2 47 1 1
0 3 47 1 1
0 1 47 1 1
0 4 47 1 1
0 6 24 1 1
0 3 27 1 1
0 1 25 1 1
0 2 26 1 1
0 6 75 1 1
0 3 78 1 1
0 1 76 1 1
0 2 77 1 1
0 2 76 1 1
0 3 76 1 1
0 1 76 1 1
0 4 76 1 1
0 2 75 1 1
0 5 77 1 1
0 4 78 1 1
0 1 76 1 1
0 6 26 1 1
0 3 29 1 1
0 1 27 1 1
0 2 28 1 1
0 6 54 1 1
0 3 57 1 1
0 1 55 1 1
0 2 56 1 1
0 2 55 1 1
0 3 55 1 1
0 1 55 1 1
0 4 55 1 1
0 6 84 1 1
0 3 87 1 1
0 1 85 1 1
0 2 86 1 1
0 2 85 1 1
0 3 85 1 1
0 1 85 1 1
0 4 85 1 1
0 2 84 1 1
0 5 86 1 1
0 4 87 1 1
0 1 85 1 1
0 6 58 1 1
0 3 61 1 1
0 1 59 1 1
0 2 60 1 1
0 2 59 1 1
0 3 59 1 1
0 1 59 1 1
0 4 59 1 1
0 6 90 1 1
0 3 93 1 1
0 1 91 1 1
0 2 92 1 1
0 2 91 1 1
0 3 91 1 1
0 1 91 1 1
0 4 91 1 1
0 2 90 1 1
0 5 92 1 1
0 4 93 1 1
0 1 91 1 1
0 6 93 1 1
0 3 96 1 1
0 1 94 1 1
0 2 95 1 1
0 2 94 1 1
0 3 94 1 1
0 1 94 1 1
0 4 94 1 1
0 2 93 1 1
0 5 95 1 1
0 4 96 1 1
0 1 94 1 1
0 6 64 1 1
0 3 67 1 1
0 1 65 1 1
0 2 66 1 1
0 2 65 1 1
0 3 65 1 1
0 1 65 1 1
0 4 65 1 1
0 6 66 1 1
0 3 69 1 1
0 1 67 1 1
0 2 68 1 1
0 2 67 1 1
0 3 67 1 1
0 1 67 1 1
0 4 67 1 1
0 6 34 1 1
0 3 37 1 1
0 1 35 1 1
0 2 36 1 1
0 6 105 1 1
0 3 108 1 1
0 1 106 1 1
0 2 107 1 1
0 2 106 1 1
0 3 106 1 1
0 1 106 1 1
0 4 106 1 1
0 2 105 1 1
0 5 107 1 1
0 4 108 1 1
0 1 106 1 1
0 6 36 1 1
0 3 39 1 1
0 1 37 1 1
0 2 38 1 1
0 6 74 1 1
0 3 77 1 1
0 1 75 1 1
0 2 76 1 1
0 2 75 1 1
0 3 75 1 1
0 1 75 1 1
0 4 75 1 1
0 6 38 1 1
0 3 41 1 1
0 1 39 1 1
0 2 40 1 1
0 6 39 1 1
0 3 42 1 1
0 1 40 1 1
0 2 41 1 1
0 6 40 1 1
0 3 43 1 1
0 1 41 1 1
0 2 42 1 1
0 6 82 1 1
0 3 85 1 1
0 1 83 1 1
0 2 84 1 1
0 2 83 1 1
0 3 83 1 1
0 1 83 1 1
0 4 83 1 1
0 6 84 1 1
0 3 87 1 1
0 1 85 1 1
0 2 86 1 1
0 2 85 1 1
0 3 85 1 1
0 1 85 1 1
0 4 85 1 1
0 6 129 1 1
0 3 132 1 1
0 1 130 1 1
0 2 131 1 1
0 2 130 1 1
0 3 130 1 1
0 1 130 1 1
0 4 130 1 1
0 2 129 1 1
0 5 131 1 1
0 4 132 1 1
0 1 130 1 1
0 6 88 1 1
0 3 91 1 1
0 1 89 1 1
0 2 90 1 1
0 2 89 1 1
0 3 89 1 1
0 1 89 1 1
0 4 89 1 1
0 6 90 1 1
0 3 93 1 1
0 1 91 1 1
0 2 92 1 1
0 2 91 1 1
0 3 91 1 1
0 1 91 1 1
0 4 91 1 1
0 6 92 1 1
0 3 95 1 1
0 1 93 1 1
0 2 94 1 1
0 2 93 1 1
0 3 93 1 1
0 1 93 1 1
0 4 93 1 1
0 6 94 1 1
0 3 97 1 1
0 1 95 1 1
0 2 96 1 1
0 2 95 1 1
0 3 95 1 1
0 1 95 1 1
0 4 95 1 1
0 6 48 1 1
0 3 51 1 1
0 1 49 1 1
0 2 50 1 1
0 6 49 1 1
0 3 52 1 1
0 1 50 1 1
0 2 51 1 1
0 6 150 1 1
0 3 153 1 1
0 1 151 1 1
0 2 152 1 1
0 2 151 1 1
0 3 151 1 1
0 1 151 1 1
0 4 151 1 1
0 2 150 1 1
0 5 152 1 1
0 4 153 1 1
0 1 151 1 1
0 6 51 1 1
0 3 54 1 1
0 1 52 1 1
0 2 53 1 1
0 6 156 1 1
0 3 159 1 1
0 1 157 1 1
0 2 158 1 1
0 2 157 1 1
0 3 157 1 1
0 1 157 1 1
0 4 157 1 1
0 2 156 1 1
0 5 158 1 1
0 4 159 1 1
0 1 157 1 1
0 6 106 1 1
0 3 109 1 1
0 1 107 1 1
0 2 108 1 1
0 2 107 1 1
0 3 107 1 1
0 1 107 1 1
0 4 107 1 1
0 6 162 1 1
0 3 165 1 1
0 1 163 1 1
0 2 164 1 1
0 2 163 1 1
0 3 163 1 1
0 1 163 1 1
0 4 163 1 1
0 2 162 1 1
0 5 164 1 1
0 4 165 1 1
0 1 163 1 1
0 6 165 1 1
0 3 168 1 1
0 1 166 1 1
0 2 167 1 1
0 2 166 1 1
0 3 166 1 1
0 1 166 1 1
0 4 166 1 1
0 2 165 1 1
0 5 167 1 1
0 4 168 1 1
0 1 166 1 1
0 6 168 1 1
0 3 171 1 1
0 1 169 1 1
0 2 170 1 1
0 2 169 1 1
0 3 169 1 1
0 1 169 1 1
0 4 169 1 1
0 2 168 1 1
0 5 170 1 1
0 4 171 1 1
0 1 169 1 1
0 6 57 1 1
0 3 60 1 1
0 1 58 1 1
0 2 59 1 1
0 6 116 1 1
0 3 119 1 1
0 1 117 1 1
0 2 118 1 1
0 2 117 1 1
0 3 117 1 1
0 1 117 1 1
0 4 117 1 1
0 6 177 1 1
0 3 180 1 1
0 1 178 1 1
0 2 179 1 1
0 2 178 1 1
0 3 178 1 1
0 1 178 1 1
0 4 178 1 1
0 2 177 1 1
0 5 179 1 1
0 4 180 1 1
0 1 178 1 1
0 6 180 1 1
0 3 183 1 1
0 1 181 1 1
0 2 182 1 1
0 2 181 1 1
0 3 181 1 1
0 1 181 1 1
0 4 181 1 1
0 2 180 1 1
0 5 182 1 1
0 4 183 1 1
0 1 181 1 1
0 6 183 1 1
0 3 186 1 1
0 1 184 1 1
0 2 185 1 1
0 2 184 1 1
0 3 184 1 1
0 1 184 1 1
0 4 184 1 1
0 2 183 1 1
0 5 185 1 1
0 4 186 1 1
0 1 184 1 1
0 6 124 1 1
0 3 127 1 1
0 1 125 1 1
0 2 126 1 1
0 2 125 1 1
0 3 125 1 1
0 1 125 1 1
0 4 125 1 1
0 6 189 1 1
0 3 192 1 1
0 1 190 1 1
0 2 191 1 1
0 2 190 1 1
0 3 190 1 1
0 1 190 1 1
0 4 190 1 1
0 2 189 1 1
0 5 191 1 1
0 4 192 1 1
0 1 190 1 1
0 6 128 1 1
0 3 131 1 1
0 1 129 1 1
0 2 130 1 1
0 2 129 1 1
0 3 129 1 1
0 1 129 1 1
0 4 129 1 1
0 6 65 1 1
0 3 68 1 1
0 1 66 1 1
0 2 67 1 1
0 6 132 1 1
0 3 135 1 1
0 1 133 1 1
0 2 134 1 1
0 2 133 1 1
0 3 133 1 1
0 1 133 1 1
0 4 133 1 1
0 6 67 1 1
0 3 70 1 1
0 1 68 1 1
0 2 69 1 1
0 6 204 1 1
0 3 207 1 1
0 1 205 1 1
0 2 206 1 1
0 2 205 1 1
0 3 205 1 1
0 1 205 1 1
0 4 205 1 1
0 2 204 1 1
0 5 206 1 1
0 4 207 1 1
0 1 205 1 1
0 6 207 1 1
0 3 210 1 1
0 1 208 1 1
0 2 209 1 1
0 2 208 1 1
0 3 208 1 1
0 1 208 1 1
0 4 208 1 1
0 2 207 1 1
0 5 209 1 1
0 4 210 1 1
0 1 208 1 1
0 6 140 1 1
0 3 143 1 1
0 1 141 1 1
0 2 142 1 1
0 2 141 1 1
0 3 141 1 1
0 1 141 1 1
0 4 141 1 1
0 6 213 1 1
0 3 216 1 1
0 1 214 1 1
0 2 215 1 1
0 2 214 1 1
0 3 214 1 1
0 1 214 1 1
0 4 214 1 1
0 2 213 1 1
0 5 215 1 1
0 4 216 1 1
0 1 214 1 1
0 6 72 1 1
0 3 75 1 1
0 1 73 1 1
0 2 74 1 1
0 6 146 1 1
0 3 149 1 1
0 1 147 1 1
0 2 148 1 1
0 2 147 1 1
0 3 147 1 1
0 1 147 1 1
0 4 147 1 1
0 6 148 1 1
0 3 151 1 1
0 1 149 1 1
0 2 150 1 1
0 2 149 1 1
0 3 149 1 1
0 1 149 1 1
0 4 149 1 1
0 6 150 1 1
0 3 153 1 1
0 1 151 1 1
0 2 152 1 1
0 2 151 1 1
0 3 151 1 1
0 1 151 1 1
0 4 151 1 1
0 6 76 1 1
0 3 79 1 1
0 1 77 1 1
0 2 78 1 1
0 6 231 1 1
0 3 234 1 1
0 1 232 1 1
0 2 233 1 1
0 2 232 1 1
0 3 232 1 1
0 1 232 1 1
0 4 232 1 1
0 2 231 1 1
0 5 233 1 1
0 4 234 1 1
0 1 232 1 1
0 6 78 1 1
0 3 81 1 1
0 1 79 1 1
0 2 80 1 1
0 6 237 1 1
0 3 240 1 1
0 1 238 1 1
0 2 239 1 1
0 2 238 1 1
0 3 238 1 1
0 1 238 1 1
0 4 238 1 1
0 2 237 1 1
0 5 239 1 1
0 4 240 1 1
0 1 238 1 1
0 6 240 1 1
0 3 243 1 1
0 1 241 1 1
0 2 242 1 1
0 2 241 1 1
0 3 241 1 1
0 1 241 1 1
0 4 241 1 1
0 2 240 1 1
0 5 242 1 1
0 4 243 1 1
0 1 241 1 1
0 6 162 1 1
0 3 165 1 1
0 1 163 1 1
0 2 164 1 1
0 2 163 1 1
0 3 163 1 1
0 1 163 1 1
0 4 163 1 1
0 6 246 1 1
0 3 249 1 1
0 1 247 1 1
0 2 248 1 1
0 2 247 1 1
0 3 247 1 1
0 1 247 1 1
0 4 247 1 1
0 2 246 1 1
0 5 248 1 1
0 4 249 1 1
0 1 247 1 1
0 6 166 1 1
0 3 169 1 1
0 1 167 1 1
0 2 168 1 1
0 2 167 1 1
0 3 167 1 1
0 1 167 1 1
0 4 167 1 1
0 6 168 1 1
0 3 171 1 1
0 1 169 1 1
0 2 170 1 1
0 2 169 1 1
0 3 169 1 1
0 1 169 1 1
0 4 169 1 1
0 6 255 1 1
0 3 258 1 1
0 1 256 1 1
0 2 257 1 1
0 2 256 1 1
0 3 256 1 1
0 1 256 1 1
0 4 256 1 1
0 2 255 1 1
0 5 257 1 1
0 4 258 1 1
0 1 256 1 1
0 6 172 1 1
0 3 175 1 1
0 1 173 1 1
0 2 174 1 1
0 2 173 1 1
0 3 173 1 1
0 1 173 1 1
0 4 173 1 1
0 6 261 1 1
0 3 264 1 1
0 1 262 1 1
0 2 263 1 1
0 2 262 1 1
0 3 262 1 1
0 1 262 1 1
0 4 262 1 1
0 2 261 1 1
0 5 263 1 1
0 4 264 1 1
0 1 262 1 1
0 6 264 1 1
0 3 267 1 1
0 1 265 1 1
0 2 266 1 1
0 2 265 1 1
0 3 265 1 1
0 1 265 1 1
0 4 265 1 1
0 2 264 1 1
0 5 266 1 1
0 4 267 1 1
0 1 265 1 1
0 6 89 1 1
0 3 92 1 1
0 1 90 1 1
0 2 91 1 1
0 6 90 1 1
0 3 93 1 1
0 1 91 1 1
0 2 92 1 1
0 6 182 1 1
0 3 185 1 1
0 1 183 1 1
0 2 184 1 1
0 2 183 1 1
0 3 183 1 1
0 1 183 1 1
0 4 183 1 1
0 6 184 1 1
0 3 187 1 1
0 1 185 1 1
0 2 186 1 1
0 2 185 1 1
0 3 185 1 1
0 1 185 1 1
0 4 185 1 1
0 6 186 1 1
0 3 189 1 1
0 1 187 1 1
0 2 188 1 1
0 2 187 1 1
0 3 187 1 1
0 1 187 1 1
0 4 187 1 1
0 6 282 1 1
0 3 285 1 1
0 1 283 1 1
0 2 284 1 1
0 2 283 1 1
0 3 283 1 1
0 1 283 1 1
0 4 283 1 1
0 2 282 1 1
0 5 284 1 1
0 4 285 1 1
0 1 283 1 1
0 6 285 1 1
0 3 288 1 1
0 1 286 1 1
0 2 287 1 1
0 2 286 1 1
0 3 286 1 1
0 1 286 1 1
0 4 286 1 1
0 2 285 1 1
0 5 287 1 1
0 4 288 1 1
0 1 286 1 1
0 6 96 1 1
0 3 99 1 1
0 1 97 1 1
0 2 98 1 1
0 6 291 1 1
0 3 294 1 1
0 1 292 1 1
0 2 293 1 1
0 2 292 1 1
0 3 292 1 1
0 1 292 1 1
0 4 292 1 1
0 2 291 1 1
0 5 293 1 1
0 4 294 1 1
0 1 292 1 1
0 6 98 1 1
0 3 101 1 1
0 1 99 1 1
0 2 100 1 1
0 6 99 1 1
0 3 102 1 1
0 1 100 1 1
0 2 101 1 1
