0 7 6 1 1
0 9 4 1 1
0 12 1 1 1
0 14 0 1 1
0 2 11 1 1
0 6 7 1 1
0 10 3 1 1
0 5 8 1 1
0 11 2 1 1
0 4 9 1 1
0 3 10 1 1
0 8 5 1 1
0 2 1 1 1
0 3 1 1 1
0 12 1 1 1
0 4 1 1 1
0 5 1 1 1
0 8 1 1 1
0 6 1 1 1
0 9 1 1 1
0 7 1 1 1
0 10 1 1 1
0 11 1 1 1
0 1 1 1 1
0 4 6 1 1
0 7 9 1 1
0 6 8 1 1
0 8 10 1 1
0 12 1 1 1
0 1 3 1 1
0 9 11 1 1
0 11 0 1 1
0 5 7 1 1
0 13 2 1 1
0 2 4 1 1
0 3 5 1 1
0 2 1 1 1
0 5 11 1 1
0 11 5 1 1
0 9 7 1 1
0 6 10 1 1
0 10 6 1 1
0 1 2 1 1
0 8 8 1 1
0 12 4 1 1
0 3 0 1 1
0 14 3 1 1
0 7 9 1 1
0 10 4 1 1
0 7 4 1 1
0 9 4 1 1
0 6 4 1 1
0 8 4 1 1
0 5 4 1 1
0 4 4 1 1
0 12 4 1 1
0 3 4 1 1
0 2 4 1 1
0 1 4 1 1
0 11 4 1 1
0 3 8 1 1
0 5 10 1 1
0 1 6 1 1
0 11 3 1 1
0 8 0 1 1
0 10 2 1 1
0 13 5 1 1
0 12 4 1 1
0 9 1 1 1
0 4 9 1 1
0 2 7 1 1
0 6 11 1 1
0 1 5 1 1
0 3 3 1 1
0 8 11 1 1
0 12 7 1 1
0 11 8 1 1
0 10 9 1 1
0 5 1 1 1
0 6 0 1 1
0 2 4 1 1
0 4 2 1 1
0 9 10 1 1
0 14 6 1 1
0 3 7 1 1
0 1 7 1 1
0 12 7 1 1
0 6 7 1 1
0 7 7 1 1
0 4 7 1 1
0 5 7 1 1
0 10 7 1 1
0 11 7 1 1
0 8 7 1 1
0 2 7 1 1
0 9 7 1 1
0 7 2 1 1
0 9 4 1 1
0 1 9 1 1
0 10 5 1 1
0 13 8 1 1
0 11 6 1 1
0 12 7 1 1
0 3 11 1 1
0 8 3 1 1
0 6 1 1 1
0 5 0 1 1
0 2 10 1 1
0 7 15 1 1
0 9 13 1 1
0 12 10 1 1
0 14 9 1 1
0 2 20 1 1
0 6 16 1 1
0 10 12 1 1
0 5 17 1 1
0 11 11 1 1
0 4 18 1 1
0 3 19 1 1
0 8 14 1 1
0 2 10 1 1
0 3 10 1 1
0 12 10 1 1
0 4 10 1 1
0 5 10 1 1
0 8 10 1 1
0 6 10 1 1
0 9 10 1 1
0 7 10 1 1
0 10 10 1 1
0 11 10 1 1
0 1 10 1 1
0 4 15 1 1
0 7 18 1 1
0 6 17 1 1
0 8 19 1 1
0 12 10 1 1
0 1 12 1 1
0 9 20 1 1
0 11 9 1 1
0 5 16 1 1
0 13 11 1 1
0 2 13 1 1
0 3 14 1 1
0 2 10 1 1
0 5 20 1 1
0 11 14 1 1
0 9 16 1 1
0 6 19 1 1
0 10 15 1 1
0 1 11 1 1
0 8 17 1 1
0 12 13 1 1
0 3 9 1 1
0 14 12 1 1
0 7 18 1 1
0 10 13 1 1
0 7 13 1 1
0 9 13 1 1
0 6 13 1 1
0 8 13 1 1
0 5 13 1 1
0 4 13 1 1
0 12 13 1 1
0 3 13 1 1
0 2 13 1 1
0 1 13 1 1
0 11 13 1 1
0 3 17 1 1
0 5 19 1 1
0 1 15 1 1
0 11 12 1 1
0 8 9 1 1
0 10 11 1 1
0 13 14 1 1
0 12 13 1 1
0 9 10 1 1
0 4 18 1 1
0 2 16 1 1
0 6 20 1 1
0 1 14 1 1
0 3 12 1 1
0 8 20 1 1
0 12 16 1 1
0 11 17 1 1
0 10 18 1 1
0 5 10 1 1
0 6 9 1 1
0 2 13 1 1
0 4 11 1 1
0 9 19 1 1
0 14 15 1 1
0 3 16 1 1
0 1 16 1 1
0 12 16 1 1
0 6 16 1 1
0 7 16 1 1
0 4 16 1 1
0 5 16 1 1
0 10 16 1 1
0 11 16 1 1
0 8 16 1 1
0 2 16 1 1
0 9 16 1 1
0 7 11 1 1
0 9 13 1 1
0 1 18 1 1
0 10 14 1 1
0 13 17 1 1
0 11 15 1 1
0 12 16 1 1
0 3 20 1 1
0 8 12 1 1
0 6 10 1 1
0 5 9 1 1
0 2 19 1 1
0 7 20 1 1
0 9 18 1 1
0 12 15 1 1
0 14 14 1 1
0 2 25 1 1
0 6 21 1 1
0 10 17 1 1
0 5 22 1 1
0 11 16 1 1
0 4 23 1 1
0 3 24 1 1
0 8 19 1 1
0 2 15 1 1
0 3 15 1 1
0 12 15 1 1
0 4 15 1 1
0 5 15 1 1
0 8 15 1 1
0 6 15 1 1
0 9 15 1 1
0 7 15 1 1
0 10 15 1 1
0 11 15 1 1
0 1 15 1 1
0 4 20 1 1
0 7 23 1 1
0 6 22 1 1
0 8 24 1 1
0 12 15 1 1
0 1 17 1 1
0 9 25 1 1
0 11 14 1 1
0 5 21 1 1
0 13 16 1 1
0 2 18 1 1
0 3 19 1 1
0 2 15 1 1
0 5 25 1 1
0 11 19 1 1
0 9 21 1 1
0 6 24 1 1
0 10 20 1 1
0 1 16 1 1
0 8 22 1 1
0 12 18 1 1
0 3 14 1 1
0 14 17 1 1
0 7 23 1 1
0 10 18 1 1
0 7 18 1 1
0 9 18 1 1
0 6 18 1 1
0 8 18 1 1
0 5 18 1 1
0 4 18 1 1
0 12 18 1 1
0 3 18 1 1
0 2 18 1 1
0 1 18 1 1
0 11 18 1 1
0 3 22 1 1
0 5 24 1 1
0 1 20 1 1
0 11 17 1 1
0 8 14 1 1
0 10 16 1 1
0 13 19 1 1
0 12 18 1 1
0 9 15 1 1
0 4 23 1 1
0 2 21 1 1
0 6 25 1 1
0 1 19 1 1
0 3 17 1 1
0 8 25 1 1
0 12 21 1 1
0 11 22 1 1
0 10 23 1 1
0 5 15 1 1
0 6 14 1 1
0 2 18 1 1
0 4 16 1 1
0 9 24 1 1
0 14 20 1 1
0 7 12 1 1
0 9 10 1 1
0 12 7 1 1
0 14 6 1 1
0 2 17 1 1
0 6 13 1 1
0 10 9 1 1
0 5 14 1 1
0 11 8 1 1
0 4 15 1 1
0 3 16 1 1
0 8 11 1 1
0 2 7 1 1
0 3 7 1 1
0 12 7 1 1
0 4 7 1 1
0 5 7 1 1
0 8 7 1 1
0 6 7 1 1
0 9 7 1 1
0 7 7 1 1
0 10 7 1 1
0 11 7 1 1
0 1 7 1 1
0 7 30 1 1
0 9 28 1 1
0 12 25 1 1
0 14 24 1 1
0 2 35 1 1
0 6 31 1 1
0 10 27 1 1
0 5 32 1 1
0 11 26 1 1
0 4 33 1 1
0 3 34 1 1
0 8 29 1 1
0 2 25 1 1
0 3 25 1 1
0 12 25 1 1
0 4 25 1 1
0 5 25 1 1
0 8 25 1 1
0 6 25 1 1
0 9 25 1 1
0 7 25 1 1
0 10 25 1 1
0 11 25 1 1
0 1 25 1 1
0 4 30 1 1
0 7 33 1 1
0 6 32 1 1
0 8 34 1 1
0 12 25 1 1
0 1 27 1 1
0 9 35 1 1
0 11 24 1 1
0 5 31 1 1
0 13 26 1 1
0 2 28 1 1
0 3 29 1 1
0 2 25 1 1
0 5 35 1 1
0 11 29 1 1
0 9 31 1 1
0 6 34 1 1
0 10 30 1 1
0 1 26 1 1
0 8 32 1 1
0 12 28 1 1
0 3 24 1 1
0 14 27 1 1
0 7 33 1 1
0 10 28 1 1
0 7 28 1 1
0 9 28 1 1
0 6 28 1 1
0 8 28 1 1
0 5 28 1 1
0 4 28 1 1
0 12 28 1 1
0 3 28 1 1
0 2 28 1 1
0 1 28 1 1
0 11 28 1 1
0 3 32 1 1
0 5 34 1 1
0 1 30 1 1
0 11 27 1 1
0 8 24 1 1
0 10 26 1 1
0 13 29 1 1
0 12 28 1 1
0 9 25 1 1
0 4 33 1 1
0 2 31 1 1
0 6 35 1 1
0 7 56 1 1
0 9 54 1 1
0 12 51 1 1
0 14 50 1 1
0 2 61 1 1
0 6 57 1 1
0 10 53 1 1
0 5 58 1 1
0 11 52 1 1
0 4 59 1 1
0 3 60 1 1
0 8 55 1 1
0 2 51 1 1
0 3 51 1 1
0 12 51 1 1
0 4 51 1 1
0 5 51 1 1
0 8 51 1 1
0 6 51 1 1
0 9 51 1 1
0 7 51 1 1
0 10 51 1 1
0 11 51 1 1
0 1 51 1 1
0 4 56 1 1
0 7 59 1 1
0 6 58 1 1
0 8 60 1 1
0 12 51 1 1
0 1 53 1 1
0 9 61 1 1
0 11 50 1 1
0 5 57 1 1
0 13 52 1 1
0 2 54 1 1
0 3 55 1 1
0 2 51 1 1
0 5 61 1 1
0 11 55 1 1
0 9 57 1 1
0 6 60 1 1
0 10 56 1 1
0 1 52 1 1
0 8 58 1 1
0 12 54 1 1
0 3 50 1 1
0 14 53 1 1
0 7 59 1 1
0 10 54 1 1
0 7 54 1 1
0 9 54 1 1
0 6 54 1 1
0 8 54 1 1
0 5 54 1 1
0 4 54 1 1
0 12 54 1 1
0 3 54 1 1
0 2 54 1 1
0 1 54 1 1
0 11 54 1 1
0 3 58 1 1
0 5 60 1 1
0 1 56 1 1
0 11 53 1 1
0 8 50 1 1
0 10 52 1 1
0 13 55 1 1
0 12 54 1 1
0 9 51 1 1
0 4 59 1 1
0 2 57 1 1
0 6 61 1 1
0 1 55 1 1
0 3 53 1 1
0 8 61 1 1
0 12 57 1 1
0 11 58 1 1
0 10 59 1 1
0 5 51 1 1
0 6 50 1 1
0 2 54 1 1
0 4 52 1 1
0 9 60 1 1
0 14 56 1 1
0 3 57 1 1
0 1 57 1 1
0 12 57 1 1
0 6 57 1 1
0 7 57 1 1
0 4 57 1 1
0 5 57 1 1
0 10 57 1 1
0 11 57 1 1
0 8 57 1 1
0 2 57 1 1
0 9 57 1 1
0 7 52 1 1
0 9 54 1 1
0 1 59 1 1
0 10 55 1 1
0 13 58 1 1
0 11 56 1 1
0 12 57 1 1
0 3 61 1 1
0 8 53 1 1
0 6 51 1 1
0 5 50 1 1
0 2 60 1 1
0 7 52 1 1
0 4 55 1 1
0 14 59 1 1
0 11 61 1 1
0 1 58 1 1
0 5 54 1 1
0 12 60 1 1
0 3 56 1 1
0 8 51 1 1
0 6 53 1 1
0 9 50 1 1
0 2 57 1 1
0 7 36 1 1
0 9 34 1 1
0 12 31 1 1
0 14 30 1 1
0 2 41 1 1
0 6 37 1 1
0 10 33 1 1
0 5 38 1 1
0 11 32 1 1
0 4 39 1 1
0 3 40 1 1
0 8 35 1 1
0 2 31 1 1
0 3 31 1 1
0 12 31 1 1
0 4 31 1 1
0 5 31 1 1
0 8 31 1 1
0 6 31 1 1
0 9 31 1 1
0 7 31 1 1
0 10 31 1 1
0 11 31 1 1
0 1 31 1 1
0 4 36 1 1
0 7 39 1 1
0 6 38 1 1
0 8 40 1 1
0 12 31 1 1
0 1 33 1 1
0 9 41 1 1
0 11 30 1 1
0 5 37 1 1
0 13 32 1 1
0 2 34 1 1
0 3 35 1 1
0 2 31 1 1
0 5 41 1 1
0 11 35 1 1
0 9 37 1 1
0 6 40 1 1
0 10 36 1 1
0 1 32 1 1
0 8 38 1 1
0 12 34 1 1
0 3 30 1 1
0 14 33 1 1
0 7 39 1 1
0 10 34 1 1
0 7 34 1 1
0 9 34 1 1
0 6 34 1 1
0 8 34 1 1
0 5 34 1 1
0 4 34 1 1
0 12 34 1 1
0 3 34 1 1
0 2 34 1 1
0 1 34 1 1
0 11 34 1 1
0 7 13 1 1
0 9 11 1 1
0 12 8 1 1
0 14 7 1 1
0 2 18 1 1
0 6 14 1 1
0 10 10 1 1
0 5 15 1 1
0 11 9 1 1
0 4 16 1 1
0 3 17 1 1
0 8 12 1 1
0 7 30 1 1
0 9 28 1 1
0 12 25 1 1
0 14 24 1 1
0 2 35 1 1
0 6 31 1 1
0 10 27 1 1
0 5 32 1 1
0 11 26 1 1
0 4 33 1 1
0 3 34 1 1
0 8 29 1 1
0 2 25 1 1
0 3 25 1 1
0 12 25 1 1
0 4 25 1 1
0 5 25 1 1
0 8 25 1 1
0 6 25 1 1
0 9 25 1 1
0 7 25 1 1
0 10 25 1 1
0 11 25 1 1
0 1 25 1 1
0 4 30 1 1
0 7 33 1 1
0 6 32 1 1
0 8 34 1 1
0 12 25 1 1
0 1 27 1 1
0 9 35 1 1
0 11 24 1 1
0 5 31 1 1
0 13 26 1 1
0 2 28 1 1
0 3 29 1 1
0 7 96 1 1
0 9 94 1 1
0 12 91 1 1
0 14 90 1 1
0 2 101 1 1
0 6 97 1 1
0 10 93 1 1
0 5 98 1 1
0 11 92 1 1
0 4 99 1 1
0 3 100 1 1
0 8 95 1 1
0 2 91 1 1
0 3 91 1 1
0 12 91 1 1
0 4 91 1 1
0 5 91 1 1
0 8 91 1 1
0 6 91 1 1
0 9 91 1 1
0 7 91 1 1
0 10 91 1 1
0 11 91 1 1
0 1 91 1 1
0 4 96 1 1
0 7 99 1 1
0 6 98 1 1
0 8 100 1 1
0 12 91 1 1
0 1 93 1 1
0 9 101 1 1
0 11 90 1 1
0 5 97 1 1
0 13 92 1 1
0 2 94 1 1
0 3 95 1 1
0 2 91 1 1
0 5 101 1 1
0 11 95 1 1
0 9 97 1 1
0 6 100 1 1
0 10 96 1 1
0 1 92 1 1
0 8 98 1 1
0 12 94 1 1
0 3 90 1 1
0 14 93 1 1
0 7 99 1 1
0 10 94 1 1
0 7 94 1 1
0 9 94 1 1
0 6 94 1 1
0 8 94 1 1
0 5 94 1 1
0 4 94 1 1
0 12 94 1 1
0 3 94 1 1
0 2 94 1 1
0 1 94 1 1
0 11 94 1 1
0 3 98 1 1
0 5 100 1 1
0 1 96 1 1
0 11 93 1 1
0 8 90 1 1
0 10 92 1 1
0 13 95 1 1
0 12 94 1 1
0 9 91 1 1
0 4 99 1 1
0 2 97 1 1
0 6 101 1 1
0 1 95 1 1
0 3 93 1 1
0 8 101 1 1
0 12 97 1 1
0 11 98 1 1
0 10 99 1 1
0 5 91 1 1
0 6 90 1 1
0 2 94 1 1
0 4 92 1 1
0 9 100 1 1
0 14 96 1 1
0 3 97 1 1
0 1 97 1 1
0 12 97 1 1
0 6 97 1 1
0 7 97 1 1
0 4 97 1 1
0 5 97 1 1
0 10 97 1 1
0 11 97 1 1
0 8 97 1 1
0 2 97 1 1
0 9 97 1 1
0 7 92 1 1
0 9 94 1 1
0 1 99 1 1
0 10 95 1 1
0 13 98 1 1
0 11 96 1 1
0 12 97 1 1
0 3 101 1 1
0 8 93 1 1
0 6 91 1 1
0 5 90 1 1
0 2 100 1 1
0 7 92 1 1
0 4 95 1 1
0 14 99 1 1
0 11 101 1 1
0 1 98 1 1
0 5 94 1 1
0 12 100 1 1
0 3 96 1 1
0 8 91 1 1
0 6 93 1 1
0 9 90 1 1
0 2 97 1 1
0 7 116 1 1
0 9 114 1 1
0 12 111 1 1
0 14 110 1 1
0 2 121 1 1
0 6 117 1 1
0 10 113 1 1
0 5 118 1 1
0 11 112 1 1
0 4 119 1 1
0 3 120 1 1
0 8 115 1 1
0 2 111 1 1
0 3 111 1 1
0 12 111 1 1
0 4 111 1 1
0 5 111 1 1
0 8 111 1 1
0 6 111 1 1
0 9 111 1 1
0 7 111 1 1
0 10 111 1 1
0 11 111 1 1
0 1 111 1 1
0 4 116 1 1
0 7 119 1 1
0 6 118 1 1
0 8 120 1 1
0 12 111 1 1
0 1 113 1 1
0 9 121 1 1
0 11 110 1 1
0 5 117 1 1
0 13 112 1 1
0 2 114 1 1
0 3 115 1 1
0 2 111 1 1
0 5 121 1 1
0 11 115 1 1
0 9 117 1 1
0 6 120 1 1
0 10 116 1 1
0 1 112 1 1
0 8 118 1 1
0 12 114 1 1
0 3 110 1 1
0 14 113 1 1
0 7 119 1 1
0 10 114 1 1
0 7 114 1 1
0 9 114 1 1
0 6 114 1 1
0 8 114 1 1
0 5 114 1 1
0 4 114 1 1
0 12 114 1 1
0 3 114 1 1
0 2 114 1 1
0 1 114 1 1
0 11 114 1 1
0 3 118 1 1
0 5 120 1 1
0 1 116 1 1
0 11 113 1 1
0 8 110 1 1
0 10 112 1 1
0 13 115 1 1
0 12 114 1 1
0 9 111 1 1
0 4 119 1 1
0 2 117 1 1
0 6 121 1 1
0 1 115 1 1
0 3 113 1 1
0 8 121 1 1
0 12 117 1 1
0 11 118 1 1
0 10 119 1 1
0 5 111 1 1
0 6 110 1 1
0 2 114 1 1
0 4 112 1 1
0 9 120 1 1
0 14 116 1 1
0 3 117 1 1
0 1 117 1 1
0 12 117 1 1
0 6 117 1 1
0 7 117 1 1
0 4 117 1 1
0 5 117 1 1
0 10 117 1 1
0 11 117 1 1
0 8 117 1 1
0 2 117 1 1
0 9 117 1 1
0 7 112 1 1
0 9 114 1 1
0 1 119 1 1
0 10 115 1 1
0 13 118 1 1
0 11 116 1 1
0 12 117 1 1
0 3 121 1 1
0 8 113 1 1
0 6 111 1 1
0 5 110 1 1
0 2 120 1 1
0 7 112 1 1
0 4 115 1 1
0 14 119 1 1
0 11 121 1 1
0 1 118 1 1
0 5 114 1 1
0 12 120 1 1
0 3 116 1 1
0 8 111 1 1
0 6 113 1 1
0 9 110 1 1
0 2 117 1 1
0 8 120 1 1
0 5 120 1 1
0 11 120 1 1
0 4 120 1 1
0 10 120 1 1
0 7 120 1 1
0 6 120 1 1
0 12 120 1 1
0 1 120 1 1
0 3 120 1 1
0 9 120 1 1
0 2 120 1 1
0 7 50 1 1
0 9 48 1 1
0 12 45 1 1
0 14 44 1 1
0 2 55 1 1
0 6 51 1 1
0 10 47 1 1
0 5 52 1 1
0 11 46 1 1
0 4 53 1 1
0 3 54 1 1
0 8 49 1 1
0 2 45 1 1
0 3 45 1 1
0 12 45 1 1
0 4 45 1 1
0 5 45 1 1
0 8 45 1 1
0 6 45 1 1
0 9 45 1 1
0 7 45 1 1
0 10 45 1 1
0 11 45 1 1
0 1 45 1 1
0 4 50 1 1
0 7 53 1 1
0 6 52 1 1
0 8 54 1 1
0 12 45 1 1
0 1 47 1 1
0 9 55 1 1
0 11 44 1 1
0 5 51 1 1
0 13 46 1 1
0 2 48 1 1
0 3 49 1 1
0 2 45 1 1
0 5 55 1 1
0 11 49 1 1
0 9 51 1 1
0 6 54 1 1
0 10 50 1 1
0 1 46 1 1
0 8 52 1 1
0 12 48 1 1
0 3 44 1 1
0 14 47 1 1
0 7 53 1 1
0 7 66 1 1
0 9 64 1 1
0 12 61 1 1
0 14 60 1 1
0 2 71 1 1
0 6 67 1 1
0 10 63 1 1
0 5 68 1 1
0 11 62 1 1
0 4 69 1 1
0 3 70 1 1
0 8 65 1 1
0 2 61 1 1
0 3 61 1 1
0 12 61 1 1
0 4 61 1 1
0 5 61 1 1
0 8 61 1 1
0 6 61 1 1
0 9 61 1 1
0 7 61 1 1
0 10 61 1 1
0 11 61 1 1
0 1 61 1 1
0 4 66 1 1
0 7 69 1 1
0 6 68 1 1
0 8 70 1 1
0 12 61 1 1
0 1 63 1 1
0 9 71 1 1
0 11 60 1 1
0 5 67 1 1
0 13 62 1 1
0 2 64 1 1
0 3 65 1 1
0 2 61 1 1
0 5 71 1 1
0 11 65 1 1
0 9 67 1 1
0 6 70 1 1
0 10 66 1 1
0 1 62 1 1
0 8 68 1 1
0 12 64 1 1
0 3 60 1 1
0 14 63 1 1
0 7 69 1 1
0 10 64 1 1
0 7 64 1 1
0 9 64 1 1
0 6 64 1 1
0 8 64 1 1
0 5 64 1 1
0 4 64 1 1
0 12 64 1 1
0 3 64 1 1
0 2 64 1 1
0 1 64 1 1
0 11 64 1 1
0 7 84 1 1
0 9 82 1 1
0 12 79 1 1
0 14 78 1 1
0 2 89 1 1
0 6 85 1 1
0 10 81 1 1
0 5 86 1 1
0 11 80 1 1
0 4 87 1 1
0 3 88 1 1
0 8 83 1 1
0 2 79 1 1
0 3 79 1 1
0 12 79 1 1
0 4 79 1 1
0 5 79 1 1
0 8 79 1 1
0 6 79 1 1
0 9 79 1 1
0 7 79 1 1
0 10 79 1 1
0 11 79 1 1
0 1 79 1 1
0 4 84 1 1
0 7 87 1 1
0 6 86 1 1
0 8 88 1 1
0 12 79 1 1
0 1 81 1 1
0 9 89 1 1
0 11 78 1 1
0 5 85 1 1
0 13 80 1 1
0 2 82 1 1
0 3 83 1 1
0 2 79 1 1
0 5 89 1 1
0 11 83 1 1
0 9 85 1 1
0 6 88 1 1
0 10 84 1 1
0 1 80 1 1
0 8 86 1 1
0 12 82 1 1
0 3 78 1 1
0 14 81 1 1
0 7 87 1 1
0 10 82 1 1
0 7 82 1 1
0 9 82 1 1
0 6 82 1 1
0 8 82 1 1
0 5 82 1 1
0 4 82 1 1
0 12 82 1 1
0 3 82 1 1
0 2 82 1 1
0 1 82 1 1
0 11 82 1 1
0 3 86 1 1
0 5 88 1 1
0 1 84 1 1
0 11 81 1 1
0 8 78 1 1
0 10 80 1 1
0 13 83 1 1
0 12 82 1 1
0 9 79 1 1
0 4 87 1 1
0 2 85 1 1
0 6 89 1 1
0 7 76 1 1
0 9 74 1 1
0 12 71 1 1
0 14 70 1 1
0 2 81 1 1
0 6 77 1 1
0 10 73 1 1
0 5 78 1 1
0 11 72 1 1
0 4 79 1 1
0 3 80 1 1
0 8 75 1 1
0 2 71 1 1
0 3 71 1 1
0 12 71 1 1
0 4 71 1 1
0 5 71 1 1
0 8 71 1 1
0 6 71 1 1
0 9 71 1 1
0 7 71 1 1
0 10 71 1 1
0 11 71 1 1
0 1 71 1 1
0 4 76 1 1
0 7 79 1 1
0 6 78 1 1
0 8 80 1 1
0 12 71 1 1
0 1 73 1 1
0 9 81 1 1
0 11 70 1 1
0 5 77 1 1
0 13 72 1 1
0 2 74 1 1
0 3 75 1 1
0 2 71 1 1
0 5 81 1 1
0 11 75 1 1
0 9 77 1 1
0 6 80 1 1
0 10 76 1 1
0 1 72 1 1
0 8 78 1 1
0 12 74 1 1
0 3 70 1 1
0 14 73 1 1
0 7 79 1 1
0 10 74 1 1
0 7 74 1 1
0 9 74 1 1
0 6 74 1 1
0 8 74 1 1
0 5 74 1 1
0 4 74 1 1
0 12 74 1 1
0 3 74 1 1
0 2 74 1 1
0 1 74 1 1
0 11 74 1 1
0 7 96 1 1
0 9 94 1 1
0 12 91 1 1
0 14 90 1 1
0 2 101 1 1
0 6 97 1 1
0 10 93 1 1
0 5 98 1 1
0 11 92 1 1
0 4 99 1 1
0 3 100 1 1
0 8 95 1 1
0 2 91 1 1
0 3 91 1 1
0 12 91 1 1
0 4 91 1 1
0 5 91 1 1
0 8 91 1 1
0 6 91 1 1
0 9 91 1 1
0 7 91 1 1
0 10 91 1 1
0 11 91 1 1
0 1 91 1 1
0 4 96 1 1
0 7 99 1 1
0 6 98 1 1
0 8 100 1 1
0 12 91 1 1
0 1 93 1 1
0 9 101 1 1
0 11 90 1 1
0 5 97 1 1
0 13 92 1 1
0 2 94 1 1
0 3 95 1 1
0 2 91 1 1
0 5 101 1 1
0 11 95 1 1
0 9 97 1 1
0 6 100 1 1
0 10 96 1 1
0 1 92 1 1
0 8 98 1 1
0 12 94 1 1
0 3 90 1 1
0 14 93 1 1
0 7 99 1 1
0 10 94 1 1
0 7 94 1 1
0 9 94 1 1
0 6 94 1 1
0 8 94 1 1
0 5 94 1 1
0 4 94 1 1
0 12 94 1 1
0 3 94 1 1
0 2 94 1 1
0 1 94 1 1
0 11 94 1 1
0 3 98 1 1
0 5 100 1 1
0 1 96 1 1
0 11 93 1 1
0 8 90 1 1
0 10 92 1 1
0 13 95 1 1
0 12 94 1 1
0 9 91 1 1
0 4 99 1 1
0 2 97 1 1
0 6 101 1 1
0 7 86 1 1
0 9 84 1 1
0 12 81 1 1
0 14 80 1 1
0 2 91 1 1
0 6 87 1 1
0 10 83 1 1
0 5 88 1 1
0 11 82 1 1
0 4 89 1 1
0 3 90 1 1
0 8 85 1 1
0 2 81 1 1
0 3 81 1 1
0 12 81 1 1
0 4 81 1 1
0 5 81 1 1
0 8 81 1 1
0 6 81 1 1
0 9 81 1 1
0 7 81 1 1
0 10 81 1 1
0 11 81 1 1
0 1 81 1 1
0 4 86 1 1
0 7 89 1 1
0 6 88 1 1
0 8 90 1 1
0 12 81 1 1
0 1 83 1 1
0 9 91 1 1
0 11 80 1 1
0 5 87 1 1
0 13 82 1 1
0 2 84 1 1
0 3 85 1 1
0 2 81 1 1
0 5 91 1 1
0 11 85 1 1
0 9 87 1 1
0 6 90 1 1
0 10 86 1 1
0 1 82 1 1
0 8 88 1 1
0 12 84 1 1
0 3 80 1 1
0 14 83 1 1
0 7 89 1 1
0 10 84 1 1
0 7 84 1 1
0 9 84 1 1
0 6 84 1 1
0 8 84 1 1
0 5 84 1 1
0 4 84 1 1
0 12 84 1 1
0 3 84 1 1
0 2 84 1 1
0 1 84 1 1
0 11 84 1 1
0 7 91 1 1
0 9 89 1 1
0 12 86 1 1
0 14 85 1 1
0 2 96 1 1
0 6 92 1 1
0 10 88 1 1
0 5 93 1 1
0 11 87 1 1
0 4 94 1 1
0 3 95 1 1
0 8 90 1 1
0 2 86 1 1
0 3 86 1 1
0 12 86 1 1
0 4 86 1 1
0 5 86 1 1
0 8 86 1 1
0 6 86 1 1
0 9 86 1 1
0 7 86 1 1
0 10 86 1 1
0 11 86 1 1
0 1 86 1 1
0 4 91 1 1
0 7 94 1 1
0 6 93 1 1
0 8 95 1 1
0 12 86 1 1
0 1 88 1 1
0 9 96 1 1
0 11 85 1 1
0 5 92 1 1
0 13 87 1 1
0 2 89 1 1
0 3 90 1 1
0 2 86 1 1
0 5 96 1 1
0 11 90 1 1
0 9 92 1 1
0 6 95 1 1
0 10 91 1 1
0 1 87 1 1
0 8 93 1 1
0 12 89 1 1
0 3 85 1 1
0 14 88 1 1
0 7 94 1 1
0 10 89 1 1
0 7 89 1 1
0 9 89 1 1
0 6 89 1 1
0 8 89 1 1
0 5 89 1 1
0 4 89 1 1
0 12 89 1 1
0 3 89 1 1
0 2 89 1 1
0 1 89 1 1
0 11 89 1 1
0 7 96 1 1
0 9 94 1 1
0 12 91 1 1
0 14 90 1 1
0 2 101 1 1
0 6 97 1 1
0 10 93 1 1
0 5 98 1 1
0 11 92 1 1
0 4 99 1 1
0 3 100 1 1
0 8 95 1 1
0 2 91 1 1
0 3 91 1 1
0 12 91 1 1
0 4 91 1 1
0 5 91 1 1
0 8 91 1 1
0 6 91 1 1
0 9 91 1 1
0 7 91 1 1
0 10 91 1 1
0 11 91 1 1
0 1 91 1 1
0 4 96 1 1
0 7 99 1 1
0 6 98 1 1
0 8 100 1 1
0 12 91 1 1
0 1 93 1 1
0 9 101 1 1
0 11 90 1 1
0 5 97 1 1
0 13 92 1 1
0 2 94 1 1
0 3 95 1 1
0 2 91 1 1
0 5 101 1 1
0 11 95 1 1
0 9 97 1 1
0 6 100 1 1
0 10 96 1 1
0 1 92 1 1
0 8 98 1 1
0 12 94 1 1
0 3 90 1 1
0 14 93 1 1
0 7 99 1 1
0 10 94 1 1
0 7 94 1 1
0 9 94 1 1
0 6 94 1 1
0 8 94 1 1
0 5 94 1 1
0 4 94 1 1
0 12 94 1 1
0 3 94 1 1
0 2 94 1 1
0 1 94 1 1
0 11 94 1 1
0 7 158 1 1
0 9 156 1 1
0 12 153 1 1
0 14 152 1 1
0 2 163 1 1
0 6 159 1 1
0 10 155 1 1
0 5 160 1 1
0 11 154 1 1
0 4 161 1 1
0 3 162 1 1
0 8 157 1 1
0 2 153 1 1
0 3 153 1 1
0 12 153 1 1
0 4 153 1 1
0 5 153 1 1
0 8 153 1 1
0 6 153 1 1
0 9 153 1 1
0 7 153 1 1
0 10 153 1 1
0 11 153 1 1
0 1 153 1 1
0 4 158 1 1
0 7 161 1 1
0 6 160 1 1
0 8 162 1 1
0 12 153 1 1
0 1 155 1 1
0 9 163 1 1
0 11 152 1 1
0 5 159 1 1
0 13 154 1 1
0 2 156 1 1
0 3 157 1 1
0 2 153 1 1
0 5 163 1 1
0 11 157 1 1
0 9 159 1 1
0 6 162 1 1
0 10 158 1 1
0 1 154 1 1
0 8 160 1 1
0 12 156 1 1
0 3 152 1 1
0 14 155 1 1
0 7 161 1 1
0 10 156 1 1
0 7 156 1 1
0 9 156 1 1
0 6 156 1 1
0 8 156 1 1
0 5 156 1 1
0 4 156 1 1
0 12 156 1 1
0 3 156 1 1
0 2 156 1 1
0 1 156 1 1
0 11 156 1 1
0 3 160 1 1
0 5 162 1 1
0 1 158 1 1
0 11 155 1 1
0 8 152 1 1
0 10 154 1 1
0 13 157 1 1
0 12 156 1 1
0 9 153 1 1
0 4 161 1 1
0 2 159 1 1
0 6 163 1 1
0 1 157 1 1
0 3 155 1 1
0 8 163 1 1
0 12 159 1 1
0 11 160 1 1
0 10 161 1 1
0 5 153 1 1
0 6 152 1 1
0 2 156 1 1
0 4 154 1 1
0 9 162 1 1
0 14 158 1 1
0 3 159 1 1
0 1 159 1 1
0 12 159 1 1
0 6 159 1 1
0 7 159 1 1
0 4 159 1 1
0 5 159 1 1
0 10 159 1 1
0 11 159 1 1
0 8 159 1 1
0 2 159 1 1
0 9 159 1 1
0 7 206 1 1
0 9 204 1 1
0 12 201 1 1
0 14 200 1 1
0 2 211 1 1
0 6 207 1 1
0 10 203 1 1
0 5 208 1 1
0 11 202 1 1
0 4 209 1 1
0 3 210 1 1
0 8 205 1 1
0 2 201 1 1
0 3 201 1 1
0 12 201 1 1
0 4 201 1 1
0 5 201 1 1
0 8 201 1 1
0 6 201 1 1
0 9 201 1 1
0 7 201 1 1
0 10 201 1 1
0 11 201 1 1
0 1 201 1 1
0 4 206 1 1
0 7 209 1 1
0 6 208 1 1
0 8 210 1 1
0 12 201 1 1
0 1 203 1 1
0 9 211 1 1
0 11 200 1 1
0 5 207 1 1
0 13 202 1 1
0 2 204 1 1
0 3 205 1 1
0 2 201 1 1
0 5 211 1 1
0 11 205 1 1
0 9 207 1 1
0 6 210 1 1
0 10 206 1 1
0 1 202 1 1
0 8 208 1 1
0 12 204 1 1
0 3 200 1 1
0 14 203 1 1
0 7 209 1 1
0 10 204 1 1
0 7 204 1 1
0 9 204 1 1
0 6 204 1 1
0 8 204 1 1
0 5 204 1 1
0 4 204 1 1
0 12 204 1 1
0 3 204 1 1
0 2 204 1 1
0 1 204 1 1
0 11 204 1 1
0 3 208 1 1
0 5 210 1 1
0 1 206 1 1
0 11 203 1 1
0 8 200 1 1
0 10 202 1 1
0 13 205 1 1
0 12 204 1 1
0 9 201 1 1
0 4 209 1 1
0 2 207 1 1
0 6 211 1 1
0 1 205 1 1
0 3 203 1 1
0 8 211 1 1
0 12 207 1 1
0 11 208 1 1
0 10 209 1 1
0 5 201 1 1
0 6 200 1 1
0 2 204 1 1
0 4 202 1 1
0 9 210 1 1
0 14 206 1 1
0 3 207 1 1
0 1 207 1 1
0 12 207 1 1
0 6 207 1 1
0 7 207 1 1
0 4 207 1 1
0 5 207 1 1
0 10 207 1 1
0 11 207 1 1
0 8 207 1 1
0 2 207 1 1
0 9 207 1 1
0 7 202 1 1
0 9 204 1 1
0 1 209 1 1
0 10 205 1 1
0 13 208 1 1
0 11 206 1 1
0 12 207 1 1
0 3 211 1 1
0 8 203 1 1
0 6 201 1 1
0 5 200 1 1
0 2 210 1 1
0 7 202 1 1
0 4 205 1 1
0 14 209 1 1
0 11 211 1 1
0 1 208 1 1
0 5 204 1 1
0 12 210 1 1
0 3 206 1 1
0 8 201 1 1
0 6 203 1 1
0 9 200 1 1
0 2 207 1 1
0 7 237 1 1
0 9 235 1 1
0 12 232 1 1
0 14 231 1 1
0 2 242 1 1
0 6 238 1 1
0 10 234 1 1
0 5 239 1 1
0 11 233 1 1
0 4 240 1 1
0 3 241 1 1
0 8 236 1 1
0 2 232 1 1
0 3 232 1 1
0 12 232 1 1
0 4 232 1 1
0 5 232 1 1
0 8 232 1 1
0 6 232 1 1
0 9 232 1 1
0 7 232 1 1
0 10 232 1 1
0 11 232 1 1
0 1 232 1 1
0 4 237 1 1
0 7 240 1 1
0 6 239 1 1
0 8 241 1 1
0 12 232 1 1
0 1 234 1 1
0 9 242 1 1
0 11 231 1 1
0 5 238 1 1
0 13 233 1 1
0 2 235 1 1
0 3 236 1 1
0 2 232 1 1
0 5 242 1 1
0 11 236 1 1
0 9 238 1 1
0 6 241 1 1
0 10 237 1 1
0 1 233 1 1
0 8 239 1 1
0 12 235 1 1
0 3 231 1 1
0 14 234 1 1
0 7 240 1 1
0 10 235 1 1
0 7 235 1 1
0 9 235 1 1
0 6 235 1 1
0 8 235 1 1
0 5 235 1 1
0 4 235 1 1
0 12 235 1 1
0 3 235 1 1
0 2 235 1 1
0 1 235 1 1
0 11 235 1 1
0 3 239 1 1
0 5 241 1 1
0 1 237 1 1
0 11 234 1 1
0 8 231 1 1
0 10 233 1 1
0 13 236 1 1
0 12 235 1 1
0 9 232 1 1
0 4 240 1 1
0 2 238 1 1
0 6 242 1 1
0 1 236 1 1
0 3 234 1 1
0 8 242 1 1
0 12 238 1 1
0 11 239 1 1
0 10 240 1 1
0 5 232 1 1
0 6 231 1 1
0 2 235 1 1
0 4 233 1 1
0 9 241 1 1
0 14 237 1 1
0 3 238 1 1
0 1 238 1 1
0 12 238 1 1
0 6 238 1 1
0 7 238 1 1
0 4 238 1 1
0 5 238 1 1
0 10 238 1 1
0 11 238 1 1
0 8 238 1 1
0 2 238 1 1
0 9 238 1 1
0 7 233 1 1
0 9 235 1 1
0 1 240 1 1
0 10 236 1 1
0 13 239 1 1
0 11 237 1 1
0 12 238 1 1
0 3 242 1 1
0 8 234 1 1
0 6 232 1 1
0 5 231 1 1
0 2 241 1 1
0 7 233 1 1
0 4 236 1 1
0 14 240 1 1
0 11 242 1 1
0 1 239 1 1
0 5 235 1 1
0 12 241 1 1
0 3 237 1 1
0 8 232 1 1
0 6 234 1 1
0 9 231 1 1
0 2 238 1 1
0 8 241 1 1
0 5 241 1 1
0 11 241 1 1
0 4 241 1 1
0 10 241 1 1
0 7 241 1 1
0 6 241 1 1
0 12 241 1 1
0 1 241 1 1
0 3 241 1 1
0 9 241 1 1
0 2 241 1 1
0 7 204 1 1
0 9 202 1 1
0 12 199 1 1
0 14 198 1 1
0 2 209 1 1
0 6 205 1 1
0 10 201 1 1
0 5 206 1 1
0 11 200 1 1
0 4 207 1 1
0 3 208 1 1
0 8 203 1 1
0 2 199 1 1
0 3 199 1 1
0 12 199 1 1
0 4 199 1 1
0 5 199 1 1
0 8 199 1 1
0 6 199 1 1
0 9 199 1 1
0 7 199 1 1
0 10 199 1 1
0 11 199 1 1
0 1 199 1 1
0 4 204 1 1
0 7 207 1 1
0 6 206 1 1
0 8 208 1 1
0 12 199 1 1
0 1 201 1 1
0 9 209 1 1
0 11 198 1 1
0 5 205 1 1
0 13 200 1 1
0 2 202 1 1
0 3 203 1 1
0 2 199 1 1
0 5 209 1 1
0 11 203 1 1
0 9 205 1 1
0 6 208 1 1
0 10 204 1 1
0 1 200 1 1
0 8 206 1 1
0 12 202 1 1
0 3 198 1 1
0 14 201 1 1
0 7 207 1 1
0 10 202 1 1
0 7 202 1 1
0 9 202 1 1
0 6 202 1 1
0 8 202 1 1
0 5 202 1 1
0 4 202 1 1
0 12 202 1 1
0 3 202 1 1
0 2 202 1 1
0 1 202 1 1
0 11 202 1 1
0 3 206 1 1
0 5 208 1 1
0 1 204 1 1
0 11 201 1 1
0 8 198 1 1
0 10 200 1 1
0 13 203 1 1
0 12 202 1 1
0 9 199 1 1
0 4 207 1 1
0 2 205 1 1
0 6 209 1 1
0 1 203 1 1
0 3 201 1 1
0 8 209 1 1
0 12 205 1 1
0 11 206 1 1
0 10 207 1 1
0 5 199 1 1
0 6 198 1 1
0 2 202 1 1
0 4 200 1 1
0 9 208 1 1
0 14 204 1 1
0 3 205 1 1
0 1 205 1 1
0 12 205 1 1
0 6 205 1 1
0 7 205 1 1
0 4 205 1 1
0 5 205 1 1
0 10 205 1 1
0 11 205 1 1
0 8 205 1 1
0 2 205 1 1
0 9 205 1 1
0 7 200 1 1
0 9 202 1 1
0 1 207 1 1
0 10 203 1 1
0 13 206 1 1
0 11 204 1 1
0 12 205 1 1
0 3 209 1 1
0 8 201 1 1
0 6 199 1 1
0 5 198 1 1
0 2 208 1 1
0 7 52 1 1
0 9 50 1 1
0 12 47 1 1
0 14 46 1 1
0 2 57 1 1
0 6 53 1 1
0 10 49 1 1
0 5 54 1 1
0 11 48 1 1
0 4 55 1 1
0 3 56 1 1
0 8 51 1 1
0 2 47 1 1
0 3 47 1 1
0 12 47 1 1
0 4 47 1 1
0 5 47 1 1
0 8 47 1 1
0 6 47 1 1
0 9 47 1 1
0 7 47 1 1
0 10 47 1 1
0 11 47 1 1
0 1 47 1 1
0 7 54 1 1
0 9 52 1 1
0 12 49 1 1
0 14 48 1 1
0 2 59 1 1
0 6 55 1 1
0 10 51 1 1
0 5 56 1 1
0 11 50 1 1
0 4 57 1 1
0 3 58 1 1
0 8 53 1 1
0 2 49 1 1
0 3 49 1 1
0 12 49 1 1
0 4 49 1 1
0 5 49 1 1
0 8 49 1 1
0 6 49 1 1
0 9 49 1 1
0 7 49 1 1
0 10 49 1 1
0 11 49 1 1
0 1 49 1 1
0 7 231 1 1
0 9 229 1 1
0 12 226 1 1
0 14 225 1 1
0 2 236 1 1
0 6 232 1 1
0 10 228 1 1
0 5 233 1 1
0 11 227 1 1
0 4 234 1 1
0 3 235 1 1
0 8 230 1 1
0 2 226 1 1
0 3 226 1 1
0 12 226 1 1
0 4 226 1 1
0 5 226 1 1
0 8 226 1 1
0 6 226 1 1
0 9 226 1 1
0 7 226 1 1
0 10 226 1 1
0 11 226 1 1
0 1 226 1 1
0 4 231 1 1
0 7 234 1 1
0 6 233 1 1
0 8 235 1 1
0 12 226 1 1
0 1 228 1 1
0 9 236 1 1
0 11 225 1 1
0 5 232 1 1
0 13 227 1 1
0 2 229 1 1
0 3 230 1 1
0 2 226 1 1
0 5 236 1 1
0 11 230 1 1
0 9 232 1 1
0 6 235 1 1
0 10 231 1 1
0 1 227 1 1
0 8 233 1 1
0 12 229 1 1
0 3 225 1 1
0 14 228 1 1
0 7 234 1 1
0 10 229 1 1
0 7 229 1 1
0 9 229 1 1
0 6 229 1 1
0 8 229 1 1
0 5 229 1 1
0 4 229 1 1
0 12 229 1 1
0 3 229 1 1
0 2 229 1 1
0 1 229 1 1
0 11 229 1 1
0 3 233 1 1
0 5 235 1 1
0 1 231 1 1
0 11 228 1 1
0 8 225 1 1
0 10 227 1 1
0 13 230 1 1
0 12 229 1 1
0 9 226 1 1
0 4 234 1 1
0 2 232 1 1
0 6 236 1 1
0 1 230 1 1
0 3 228 1 1
0 8 236 1 1
0 12 232 1 1
0 11 233 1 1
0 10 234 1 1
0 5 226 1 1
0 6 225 1 1
0 2 229 1 1
0 4 227 1 1
0 9 235 1 1
0 14 231 1 1
0 3 232 1 1
0 1 232 1 1
0 12 232 1 1
0 6 232 1 1
0 7 232 1 1
0 4 232 1 1
0 5 232 1 1
0 10 232 1 1
0 11 232 1 1
0 8 232 1 1
0 2 232 1 1
0 9 232 1 1
0 7 227 1 1
0 9 229 1 1
0 1 234 1 1
0 10 230 1 1
0 13 233 1 1
0 11 231 1 1
0 12 232 1 1
0 3 236 1 1
0 8 228 1 1
0 6 226 1 1
0 5 225 1 1
0 2 235 1 1
0 7 240 1 1
0 9 238 1 1
0 12 235 1 1
0 14 234 1 1
0 2 245 1 1
0 6 241 1 1
0 10 237 1 1
0 5 242 1 1
0 11 236 1 1
0 4 243 1 1
0 3 244 1 1
0 8 239 1 1
0 2 235 1 1
0 3 235 1 1
0 12 235 1 1
0 4 235 1 1
0 5 235 1 1
0 8 235 1 1
0 6 235 1 1
0 9 235 1 1
0 7 235 1 1
0 10 235 1 1
0 11 235 1 1
0 1 235 1 1
0 4 240 1 1
0 7 243 1 1
0 6 242 1 1
0 8 244 1 1
0 12 235 1 1
0 1 237 1 1
0 9 245 1 1
0 11 234 1 1
0 5 241 1 1
0 13 236 1 1
0 2 238 1 1
0 3 239 1 1
0 2 235 1 1
0 5 245 1 1
0 11 239 1 1
0 9 241 1 1
0 6 244 1 1
0 10 240 1 1
0 1 236 1 1
0 8 242 1 1
0 12 238 1 1
0 3 234 1 1
0 14 237 1 1
0 7 243 1 1
0 10 238 1 1
0 7 238 1 1
0 9 238 1 1
0 6 238 1 1
0 8 238 1 1
0 5 238 1 1
0 4 238 1 1
0 12 238 1 1
0 3 238 1 1
0 2 238 1 1
0 1 238 1 1
0 11 238 1 1
0 3 242 1 1
0 5 244 1 1
0 1 240 1 1
0 11 237 1 1
0 8 234 1 1
0 10 236 1 1
0 13 239 1 1
0 12 238 1 1
0 9 235 1 1
0 4 243 1 1
0 2 241 1 1
0 6 245 1 1
0 1 239 1 1
0 3 237 1 1
0 8 245 1 1
0 12 241 1 1
0 11 242 1 1
0 10 243 1 1
0 5 235 1 1
0 6 234 1 1
0 2 238 1 1
0 4 236 1 1
0 9 244 1 1
0 14 240 1 1
0 3 241 1 1
0 1 241 1 1
0 12 241 1 1
0 6 241 1 1
0 7 241 1 1
0 4 241 1 1
0 5 241 1 1
0 10 241 1 1
0 11 241 1 1
0 8 241 1 1
0 2 241 1 1
0 9 241 1 1
0 7 236 1 1
0 9 238 1 1
0 1 243 1 1
0 10 239 1 1
0 13 242 1 1
0 11 240 1 1
0 12 241 1 1
0 3 245 1 1
0 8 237 1 1
0 6 235 1 1
0 5 234 1 1
0 2 244 1 1
0 7 141 1 1
0 9 139 1 1
0 12 136 1 1
0 14 135 1 1
0 2 146 1 1
0 6 142 1 1
0 10 138 1 1
0 5 143 1 1
0 11 137 1 1
0 4 144 1 1
0 3 145 1 1
0 8 140 1 1
0 2 136 1 1
0 3 136 1 1
0 12 136 1 1
0 4 136 1 1
0 5 136 1 1
0 8 136 1 1
0 6 136 1 1
0 9 136 1 1
0 7 136 1 1
0 10 136 1 1
0 11 136 1 1
0 1 136 1 1
0 4 141 1 1
0 7 144 1 1
0 6 143 1 1
0 8 145 1 1
0 12 136 1 1
0 1 138 1 1
0 9 146 1 1
0 11 135 1 1
0 5 142 1 1
0 13 137 1 1
0 2 139 1 1
0 3 140 1 1
0 2 136 1 1
0 5 146 1 1
0 11 140 1 1
0 9 142 1 1
0 6 145 1 1
0 10 141 1 1
0 1 137 1 1
0 8 143 1 1
0 12 139 1 1
0 3 135 1 1
0 14 138 1 1
0 7 144 1 1
0 10 139 1 1
0 7 139 1 1
0 9 139 1 1
0 6 139 1 1
0 8 139 1 1
0 5 139 1 1
0 4 139 1 1
0 12 139 1 1
0 3 139 1 1
0 2 139 1 1
0 1 139 1 1
0 11 139 1 1
0 7 118 1 1
0 9 116 1 1
0 12 113 1 1
0 14 112 1 1
0 2 123 1 1
0 6 119 1 1
0 10 115 1 1
0 5 120 1 1
0 11 114 1 1
0 4 121 1 1
0 3 122 1 1
0 8 117 1 1
0 2 113 1 1
0 3 113 1 1
0 12 113 1 1
0 4 113 1 1
0 5 113 1 1
0 8 113 1 1
0 6 113 1 1
0 9 113 1 1
0 7 113 1 1
0 10 113 1 1
0 11 113 1 1
0 1 113 1 1
0 4 118 1 1
0 7 121 1 1
0 6 120 1 1
0 8 122 1 1
0 12 113 1 1
0 1 115 1 1
0 9 123 1 1
0 11 112 1 1
0 5 119 1 1
0 13 114 1 1
0 2 116 1 1
0 3 117 1 1
0 2 113 1 1
0 5 123 1 1
0 11 117 1 1
0 9 119 1 1
0 6 122 1 1
0 10 118 1 1
0 1 114 1 1
0 8 120 1 1
0 12 116 1 1
0 3 112 1 1
0 14 115 1 1
0 7 121 1 1
0 7 209 1 1
0 9 207 1 1
0 12 204 1 1
0 14 203 1 1
0 2 214 1 1
0 6 210 1 1
0 10 206 1 1
0 5 211 1 1
0 11 205 1 1
0 4 212 1 1
0 3 213 1 1
0 8 208 1 1
0 2 204 1 1
0 3 204 1 1
0 12 204 1 1
0 4 204 1 1
0 5 204 1 1
0 8 204 1 1
0 6 204 1 1
0 9 204 1 1
0 7 204 1 1
0 10 204 1 1
0 11 204 1 1
0 1 204 1 1
0 4 209 1 1
0 7 212 1 1
0 6 211 1 1
0 8 213 1 1
0 12 204 1 1
0 1 206 1 1
0 9 214 1 1
0 11 203 1 1
0 5 210 1 1
0 13 205 1 1
0 2 207 1 1
0 3 208 1 1
0 2 204 1 1
0 5 214 1 1
0 11 208 1 1
0 9 210 1 1
0 6 213 1 1
0 10 209 1 1
0 1 205 1 1
0 8 211 1 1
0 12 207 1 1
0 3 203 1 1
0 14 206 1 1
0 7 212 1 1
0 10 207 1 1
0 7 207 1 1
0 9 207 1 1
0 6 207 1 1
0 8 207 1 1
0 5 207 1 1
0 4 207 1 1
0 12 207 1 1
0 3 207 1 1
0 2 207 1 1
0 1 207 1 1
0 11 207 1 1
0 3 211 1 1
0 5 213 1 1
0 1 209 1 1
0 11 206 1 1
0 8 203 1 1
0 10 205 1 1
0 13 208 1 1
0 12 207 1 1
0 9 204 1 1
0 4 212 1 1
0 2 210 1 1
0 6 214 1 1
0 1 208 1 1
0 3 206 1 1
0 8 214 1 1
0 12 210 1 1
0 11 211 1 1
0 10 212 1 1
0 5 204 1 1
0 6 203 1 1
0 2 207 1 1
0 4 205 1 1
0 9 213 1 1
0 14 209 1 1
0 7 156 1 1
0 9 154 1 1
0 12 151 1 1
0 14 150 1 1
0 2 161 1 1
0 6 157 1 1
0 10 153 1 1
0 5 158 1 1
0 11 152 1 1
0 4 159 1 1
0 3 160 1 1
0 8 155 1 1
0 2 151 1 1
0 3 151 1 1
0 12 151 1 1
0 4 151 1 1
0 5 151 1 1
0 8 151 1 1
0 6 151 1 1
0 9 151 1 1
0 7 151 1 1
0 10 151 1 1
0 11 151 1 1
0 1 151 1 1
0 4 156 1 1
0 7 159 1 1
0 6 158 1 1
0 8 160 1 1
0 12 151 1 1
0 1 153 1 1
0 9 161 1 1
0 11 150 1 1
0 5 157 1 1
0 13 152 1 1
0 2 154 1 1
0 3 155 1 1
0 2 151 1 1
0 5 161 1 1
0 11 155 1 1
0 9 157 1 1
0 6 160 1 1
0 10 156 1 1
0 1 152 1 1
0 8 158 1 1
0 12 154 1 1
0 3 150 1 1
0 14 153 1 1
0 7 159 1 1
0 10 154 1 1
0 7 154 1 1
0 9 154 1 1
0 6 154 1 1
0 8 154 1 1
0 5 154 1 1
0 4 154 1 1
0 12 154 1 1
0 3 154 1 1
0 2 154 1 1
0 1 154 1 1
0 11 154 1 1
0 7 254 1 1
0 9 252 1 1
0 12 249 1 1
0 14 248 1 1
0 2 259 1 1
0 6 255 1 1
0 10 251 1 1
0 5 256 1 1
0 11 250 1 1
0 4 257 1 1
0 3 258 1 1
0 8 253 1 1
0 2 249 1 1
0 3 249 1 1
0 12 249 1 1
0 4 249 1 1
0 5 249 1 1
0 8 249 1 1
0 6 249 1 1
0 9 249 1 1
0 7 249 1 1
0 10 249 1 1
0 11 249 1 1
0 1 249 1 1
0 4 254 1 1
0 7 257 1 1
0 6 256 1 1
0 8 258 1 1
0 12 249 1 1
0 1 251 1 1
0 9 259 1 1
0 11 248 1 1
0 5 255 1 1
0 13 250 1 1
0 2 252 1 1
0 3 253 1 1
0 2 249 1 1
0 5 259 1 1
0 11 253 1 1
0 9 255 1 1
0 6 258 1 1
0 10 254 1 1
0 1 250 1 1
0 8 256 1 1
0 12 252 1 1
0 3 248 1 1
0 14 251 1 1
0 7 257 1 1
0 10 252 1 1
0 7 252 1 1
0 9 252 1 1
0 6 252 1 1
0 8 252 1 1
0 5 252 1 1
0 4 252 1 1
0 12 252 1 1
0 3 252 1 1
0 2 252 1 1
0 1 252 1 1
0 11 252 1 1
0 3 256 1 1
0 5 258 1 1
0 1 254 1 1
0 11 251 1 1
0 8 248 1 1
0 10 250 1 1
0 13 253 1 1
0 12 252 1 1
0 9 249 1 1
0 4 257 1 1
0 2 255 1 1
0 6 259 1 1
0 1 253 1 1
0 3 251 1 1
0 8 259 1 1
0 12 255 1 1
0 11 256 1 1
0 10 257 1 1
0 5 249 1 1
0 6 248 1 1
0 2 252 1 1
0 4 250 1 1
0 9 258 1 1
0 14 254 1 1
0 3 255 1 1
0 1 255 1 1
0 12 255 1 1
0 6 255 1 1
0 7 255 1 1
0 4 255 1 1
0 5 255 1 1
0 10 255 1 1
0 11 255 1 1
0 8 255 1 1
0 2 255 1 1
0 9 255 1 1
0 7 230 1 1
0 9 228 1 1
0 12 225 1 1
0 14 224 1 1
0 2 235 1 1
0 6 231 1 1
0 10 227 1 1
0 5 232 1 1
0 11 226 1 1
0 4 233 1 1
0 3 234 1 1
0 8 229 1 1
0 2 225 1 1
0 3 225 1 1
0 12 225 1 1
0 4 225 1 1
0 5 225 1 1
0 8 225 1 1
0 6 225 1 1
0 9 225 1 1
0 7 225 1 1
0 10 225 1 1
0 11 225 1 1
0 1 225 1 1
0 4 230 1 1
0 7 233 1 1
0 6 232 1 1
0 8 234 1 1
0 12 225 1 1
0 1 227 1 1
0 9 235 1 1
0 11 224 1 1
0 5 231 1 1
0 13 226 1 1
0 2 228 1 1
0 3 229 1 1
0 2 225 1 1
0 5 235 1 1
0 11 229 1 1
0 9 231 1 1
0 6 234 1 1
0 10 230 1 1
0 1 226 1 1
0 8 232 1 1
0 12 228 1 1
0 3 224 1 1
0 14 227 1 1
0 7 233 1 1
0 10 228 1 1
0 7 228 1 1
0 9 228 1 1
0 6 228 1 1
0 8 228 1 1
0 5 228 1 1
0 4 228 1 1
0 12 228 1 1
0 3 228 1 1
0 2 228 1 1
0 1 228 1 1
0 11 228 1 1
0 3 232 1 1
0 5 234 1 1
0 1 230 1 1
0 11 227 1 1
0 8 224 1 1
0 10 226 1 1
0 13 229 1 1
0 12 228 1 1
0 9 225 1 1
0 4 233 1 1
0 2 231 1 1
0 6 235 1 1
0 1 229 1 1
0 3 227 1 1
0 8 235 1 1
0 12 231 1 1
0 11 232 1 1
0 10 233 1 1
0 5 225 1 1
0 6 224 1 1
0 2 228 1 1
0 4 226 1 1
0 9 234 1 1
0 14 230 1 1
0 7 303 1 1
0 9 301 1 1
0 12 298 1 1
0 14 297 1 1
0 2 308 1 1
0 6 304 1 1
0 10 300 1 1
0 5 305 1 1
0 11 299 1 1
0 4 306 1 1
0 3 307 1 1
0 8 302 1 1
0 2 298 1 1
0 3 298 1 1
0 12 298 1 1
0 4 298 1 1
0 5 298 1 1
0 8 298 1 1
0 6 298 1 1
0 9 298 1 1
0 7 298 1 1
0 10 298 1 1
0 11 298 1 1
0 1 298 1 1
0 4 303 1 1
0 7 306 1 1
0 6 305 1 1
0 8 307 1 1
0 12 298 1 1
0 1 300 1 1
0 9 308 1 1
0 11 297 1 1
0 5 304 1 1
0 13 299 1 1
0 2 301 1 1
0 3 302 1 1
0 2 298 1 1
0 5 308 1 1
0 11 302 1 1
0 9 304 1 1
0 6 307 1 1
0 10 303 1 1
0 1 299 1 1
0 8 305 1 1
0 12 301 1 1
0 3 297 1 1
0 14 300 1 1
0 7 306 1 1
0 10 301 1 1
0 7 301 1 1
0 9 301 1 1
0 6 301 1 1
0 8 301 1 1
0 5 301 1 1
0 4 301 1 1
0 12 301 1 1
0 3 301 1 1
0 2 301 1 1
0 1 301 1 1
0 11 301 1 1
0 3 305 1 1
0 5 307 1 1
0 1 303 1 1
0 11 300 1 1
0 8 297 1 1
0 10 299 1 1
0 13 302 1 1
0 12 301 1 1
0 9 298 1 1
0 4 306 1 1
0 2 304 1 1
0 6 308 1 1
0 1 302 1 1
0 3 300 1 1
0 8 308 1 1
0 12 304 1 1
0 11 305 1 1
0 10 306 1 1
0 5 298 1 1
0 6 297 1 1
0 2 301 1 1
0 4 299 1 1
0 9 307 1 1
0 14 303 1 1
0 3 304 1 1
0 1 304 1 1
0 12 304 1 1
0 6 304 1 1
0 7 304 1 1
0 4 304 1 1
0 5 304 1 1
0 10 304 1 1
0 11 304 1 1
0 8 304 1 1
0 2 304 1 1
0 9 304 1 1
0 7 299 1 1
0 9 301 1 1
0 1 306 1 1
0 10 302 1 1
0 13 305 1 1
0 11 303 1 1
0 12 304 1 1
0 3 308 1 1
0 8 300 1 1
0 6 298 1 1
0 5 297 1 1
0 2 307 1 1
0 7 210 1 1
0 9 208 1 1
0 12 205 1 1
0 14 204 1 1
0 2 215 1 1
0 6 211 1 1
0 10 207 1 1
0 5 212 1 1
0 11 206 1 1
0 4 213 1 1
0 3 214 1 1
0 8 209 1 1
0 2 205 1 1
0 3 205 1 1
0 12 205 1 1
0 4 205 1 1
0 5 205 1 1
0 8 205 1 1
0 6 205 1 1
0 9 205 1 1
0 7 205 1 1
0 10 205 1 1
0 11 205 1 1
0 1 205 1 1
0 4 210 1 1
0 7 213 1 1
0 6 212 1 1
0 8 214 1 1
0 12 205 1 1
0 1 207 1 1
0 9 215 1 1
0 11 204 1 1
0 5 211 1 1
0 13 206 1 1
0 2 208 1 1
0 3 209 1 1
0 2 205 1 1
0 5 215 1 1
0 11 209 1 1
0 9 211 1 1
0 6 214 1 1
0 10 210 1 1
0 1 206 1 1
0 8 212 1 1
0 12 208 1 1
0 3 204 1 1
0 14 207 1 1
0 7 213 1 1
0 10 208 1 1
0 7 208 1 1
0 9 208 1 1
0 6 208 1 1
0 8 208 1 1
0 5 208 1 1
0 4 208 1 1
0 12 208 1 1
0 3 208 1 1
0 2 208 1 1
0 1 208 1 1
0 11 208 1 1
0 3 212 1 1
0 5 214 1 1
0 1 210 1 1
0 11 207 1 1
0 8 204 1 1
0 10 206 1 1
0 13 209 1 1
0 12 208 1 1
0 9 205 1 1
0 4 213 1 1
0 2 211 1 1
0 6 215 1 1
0 7 251 1 1
0 9 249 1 1
0 12 246 1 1
0 14 245 1 1
0 2 256 1 1
0 6 252 1 1
0 10 248 1 1
0 5 253 1 1
0 11 247 1 1
0 4 254 1 1
0 3 255 1 1
0 8 250 1 1
0 2 246 1 1
0 3 246 1 1
0 12 246 1 1
0 4 246 1 1
0 5 246 1 1
0 8 246 1 1
0 6 246 1 1
0 9 246 1 1
0 7 246 1 1
0 10 246 1 1
0 11 246 1 1
0 1 246 1 1
0 4 251 1 1
0 7 254 1 1
0 6 253 1 1
0 8 255 1 1
0 12 246 1 1
0 1 248 1 1
0 9 256 1 1
0 11 245 1 1
0 5 252 1 1
0 13 247 1 1
0 2 249 1 1
0 3 250 1 1
0 2 246 1 1
0 5 256 1 1
0 11 250 1 1
0 9 252 1 1
0 6 255 1 1
0 10 251 1 1
0 1 247 1 1
0 8 253 1 1
0 12 249 1 1
0 3 245 1 1
0 14 248 1 1
0 7 254 1 1
0 10 249 1 1
0 7 249 1 1
0 9 249 1 1
0 6 249 1 1
0 8 249 1 1
0 5 249 1 1
0 4 249 1 1
0 12 249 1 1
0 3 249 1 1
0 2 249 1 1
0 1 249 1 1
0 11 249 1 1
0 3 253 1 1
0 5 255 1 1
0 1 251 1 1
0 11 248 1 1
0 8 245 1 1
0 10 247 1 1
0 13 250 1 1
0 12 249 1 1
0 9 246 1 1
0 4 254 1 1
0 2 252 1 1
0 6 256 1 1
0 1 250 1 1
0 3 248 1 1
0 8 256 1 1
0 12 252 1 1
0 11 253 1 1
0 10 254 1 1
0 5 246 1 1
0 6 245 1 1
0 2 249 1 1
0 4 247 1 1
0 9 255 1 1
0 14 251 1 1
0 7 114 1 1
0 9 112 1 1
0 12 109 1 1
0 14 108 1 1
0 2 119 1 1
0 6 115 1 1
0 10 111 1 1
0 5 116 1 1
0 11 110 1 1
0 4 117 1 1
0 3 118 1 1
0 8 113 1 1
0 2 109 1 1
0 3 109 1 1
0 12 109 1 1
0 4 109 1 1
0 5 109 1 1
0 8 109 1 1
0 6 109 1 1
0 9 109 1 1
0 7 109 1 1
0 10 109 1 1
0 11 109 1 1
0 1 109 1 1
0 4 114 1 1
0 7 117 1 1
0 6 116 1 1
0 8 118 1 1
0 12 109 1 1
0 1 111 1 1
0 9 119 1 1
0 11 108 1 1
0 5 115 1 1
0 13 110 1 1
0 2 112 1 1
0 3 113 1 1
0 7 413 1 1
0 9 411 1 1
0 12 408 1 1
0 14 407 1 1
0 2 418 1 1
0 6 414 1 1
0 10 410 1 1
0 5 415 1 1
0 11 409 1 1
0 4 416 1 1
0 3 417 1 1
0 8 412 1 1
0 2 408 1 1
0 3 408 1 1
0 12 408 1 1
0 4 408 1 1
0 5 408 1 1
0 8 408 1 1
0 6 408 1 1
0 9 408 1 1
0 7 408 1 1
0 10 408 1 1
0 11 408 1 1
0 1 408 1 1
0 4 413 1 1
0 7 416 1 1
0 6 415 1 1
0 8 417 1 1
0 12 408 1 1
0 1 410 1 1
0 9 418 1 1
0 11 407 1 1
0 5 414 1 1
0 13 409 1 1
0 2 411 1 1
0 3 412 1 1
0 2 408 1 1
0 5 418 1 1
0 11 412 1 1
0 9 414 1 1
0 6 417 1 1
0 10 413 1 1
0 1 409 1 1
0 8 415 1 1
0 12 411 1 1
0 3 407 1 1
0 14 410 1 1
0 7 416 1 1
0 10 411 1 1
0 7 411 1 1
0 9 411 1 1
0 6 411 1 1
0 8 411 1 1
0 5 411 1 1
0 4 411 1 1
0 12 411 1 1
0 3 411 1 1
0 2 411 1 1
0 1 411 1 1
0 11 411 1 1
0 3 415 1 1
0 5 417 1 1
0 1 413 1 1
0 11 410 1 1
0 8 407 1 1
0 10 409 1 1
0 13 412 1 1
0 12 411 1 1
0 9 408 1 1
0 4 416 1 1
0 2 414 1 1
0 6 418 1 1
0 1 412 1 1
0 3 410 1 1
0 8 418 1 1
0 12 414 1 1
0 11 415 1 1
0 10 416 1 1
0 5 408 1 1
0 6 407 1 1
0 2 411 1 1
0 4 409 1 1
0 9 417 1 1
0 14 413 1 1
0 3 414 1 1
0 1 414 1 1
0 12 414 1 1
0 6 414 1 1
0 7 414 1 1
0 4 414 1 1
0 5 414 1 1
0 10 414 1 1
0 11 414 1 1
0 8 414 1 1
0 2 414 1 1
0 9 414 1 1
0 7 409 1 1
0 9 411 1 1
0 1 416 1 1
0 10 412 1 1
0 13 415 1 1
0 11 413 1 1
0 12 414 1 1
0 3 418 1 1
0 8 410 1 1
0 6 408 1 1
0 5 407 1 1
0 2 417 1 1
0 7 409 1 1
0 4 412 1 1
0 14 416 1 1
0 11 418 1 1
0 1 415 1 1
0 5 411 1 1
0 12 417 1 1
0 3 413 1 1
0 8 408 1 1
0 6 410 1 1
0 9 407 1 1
0 2 414 1 1
0 8 417 1 1
0 5 417 1 1
0 11 417 1 1
0 4 417 1 1
0 10 417 1 1
0 7 417 1 1
0 6 417 1 1
0 12 417 1 1
0 1 417 1 1
0 3 417 1 1
0 9 417 1 1
0 2 417 1 1
0 7 348 1 1
0 9 346 1 1
0 12 343 1 1
0 14 342 1 1
0 2 353 1 1
0 6 349 1 1
0 10 345 1 1
0 5 350 1 1
0 11 344 1 1
0 4 351 1 1
0 3 352 1 1
0 8 347 1 1
0 2 343 1 1
0 3 343 1 1
0 12 343 1 1
0 4 343 1 1
0 5 343 1 1
0 8 343 1 1
0 6 343 1 1
0 9 343 1 1
0 7 343 1 1
0 10 343 1 1
0 11 343 1 1
0 1 343 1 1
0 4 348 1 1
0 7 351 1 1
0 6 350 1 1
0 8 352 1 1
0 12 343 1 1
0 1 345 1 1
0 9 353 1 1
0 11 342 1 1
0 5 349 1 1
0 13 344 1 1
0 2 346 1 1
0 3 347 1 1
0 2 343 1 1
0 5 353 1 1
0 11 347 1 1
0 9 349 1 1
0 6 352 1 1
0 10 348 1 1
0 1 344 1 1
0 8 350 1 1
0 12 346 1 1
0 3 342 1 1
0 14 345 1 1
0 7 351 1 1
0 10 346 1 1
0 7 346 1 1
0 9 346 1 1
0 6 346 1 1
0 8 346 1 1
0 5 346 1 1
0 4 346 1 1
0 12 346 1 1
0 3 346 1 1
0 2 346 1 1
0 1 346 1 1
0 11 346 1 1
0 3 350 1 1
0 5 352 1 1
0 1 348 1 1
0 11 345 1 1
0 8 342 1 1
0 10 344 1 1
0 13 347 1 1
0 12 346 1 1
0 9 343 1 1
0 4 351 1 1
0 2 349 1 1
0 6 353 1 1
0 1 347 1 1
0 3 345 1 1
0 8 353 1 1
0 12 349 1 1
0 11 350 1 1
0 10 351 1 1
0 5 343 1 1
0 6 342 1 1
0 2 346 1 1
0 4 344 1 1
0 9 352 1 1
0 14 348 1 1
0 3 349 1 1
0 1 349 1 1
0 12 349 1 1
0 6 349 1 1
0 7 349 1 1
0 4 349 1 1
0 5 349 1 1
0 10 349 1 1
0 11 349 1 1
0 8 349 1 1
0 2 349 1 1
0 9 349 1 1
0 7 344 1 1
0 9 346 1 1
0 1 351 1 1
0 10 347 1 1
0 13 350 1 1
0 11 348 1 1
0 12 349 1 1
0 3 353 1 1
0 8 345 1 1
0 6 343 1 1
0 5 342 1 1
0 2 352 1 1
0 7 435 1 1
0 9 433 1 1
0 12 430 1 1
0 14 429 1 1
0 2 440 1 1
0 6 436 1 1
0 10 432 1 1
0 5 437 1 1
0 11 431 1 1
0 4 438 1 1
0 3 439 1 1
0 8 434 1 1
0 2 430 1 1
0 3 430 1 1
0 12 430 1 1
0 4 430 1 1
0 5 430 1 1
0 8 430 1 1
0 6 430 1 1
0 9 430 1 1
0 7 430 1 1
0 10 430 1 1
0 11 430 1 1
0 1 430 1 1
0 4 435 1 1
0 7 438 1 1
0 6 437 1 1
0 8 439 1 1
0 12 430 1 1
0 1 432 1 1
0 9 440 1 1
0 11 429 1 1
0 5 436 1 1
0 13 431 1 1
0 2 433 1 1
0 3 434 1 1
0 2 430 1 1
0 5 440 1 1
0 11 434 1 1
0 9 436 1 1
0 6 439 1 1
0 10 435 1 1
0 1 431 1 1
0 8 437 1 1
0 12 433 1 1
0 3 429 1 1
0 14 432 1 1
0 7 438 1 1
0 10 433 1 1
0 7 433 1 1
0 9 433 1 1
0 6 433 1 1
0 8 433 1 1
0 5 433 1 1
0 4 433 1 1
0 12 433 1 1
0 3 433 1 1
0 2 433 1 1
0 1 433 1 1
0 11 433 1 1
0 3 437 1 1
0 5 439 1 1
0 1 435 1 1
0 11 432 1 1
0 8 429 1 1
0 10 431 1 1
0 13 434 1 1
0 12 433 1 1
0 9 430 1 1
0 4 438 1 1
0 2 436 1 1
0 6 440 1 1
0 1 434 1 1
0 3 432 1 1
0 8 440 1 1
0 12 436 1 1
0 11 437 1 1
0 10 438 1 1
0 5 430 1 1
0 6 429 1 1
0 2 433 1 1
0 4 431 1 1
0 9 439 1 1
0 14 435 1 1
0 3 436 1 1
0 1 436 1 1
0 12 436 1 1
0 6 436 1 1
0 7 436 1 1
0 4 436 1 1
0 5 436 1 1
0 10 436 1 1
0 11 436 1 1
0 8 436 1 1
0 2 436 1 1
0 9 436 1 1
0 7 431 1 1
0 9 433 1 1
0 1 438 1 1
0 10 434 1 1
0 13 437 1 1
0 11 435 1 1
0 12 436 1 1
0 3 440 1 1
0 8 432 1 1
0 6 430 1 1
0 5 429 1 1
0 2 439 1 1
0 7 431 1 1
0 4 434 1 1
0 14 438 1 1
0 11 440 1 1
0 1 437 1 1
0 5 433 1 1
0 12 439 1 1
0 3 435 1 1
0 8 430 1 1
0 6 432 1 1
0 9 429 1 1
0 2 436 1 1
0 8 439 1 1
0 5 439 1 1
0 11 439 1 1
0 4 439 1 1
0 10 439 1 1
0 7 439 1 1
0 6 439 1 1
0 12 439 1 1
0 1 439 1 1
0 3 439 1 1
0 9 439 1 1
0 2 439 1 1
0 7 246 1 1
0 9 244 1 1
0 12 241 1 1
0 14 240 1 1
0 2 251 1 1
0 6 247 1 1
0 10 243 1 1
0 5 248 1 1
0 11 242 1 1
0 4 249 1 1
0 3 250 1 1
0 8 245 1 1
0 2 241 1 1
0 3 241 1 1
0 12 241 1 1
0 4 241 1 1
0 5 241 1 1
0 8 241 1 1
0 6 241 1 1
0 9 241 1 1
0 7 241 1 1
0 10 241 1 1
0 11 241 1 1
0 1 241 1 1
0 4 246 1 1
0 7 249 1 1
0 6 248 1 1
0 8 250 1 1
0 12 241 1 1
0 1 243 1 1
0 9 251 1 1
0 11 240 1 1
0 5 247 1 1
0 13 242 1 1
0 2 244 1 1
0 3 245 1 1
0 2 241 1 1
0 5 251 1 1
0 11 245 1 1
0 9 247 1 1
0 6 250 1 1
0 10 246 1 1
0 1 242 1 1
0 8 248 1 1
0 12 244 1 1
0 3 240 1 1
0 14 243 1 1
0 7 249 1 1
0 10 244 1 1
0 7 244 1 1
0 9 244 1 1
0 6 244 1 1
0 8 244 1 1
0 5 244 1 1
0 4 244 1 1
0 12 244 1 1
0 3 244 1 1
0 2 244 1 1
0 1 244 1 1
0 11 244 1 1
0 3 248 1 1
0 5 250 1 1
0 1 246 1 1
0 11 243 1 1
0 8 240 1 1
0 10 242 1 1
0 13 245 1 1
0 12 244 1 1
0 9 241 1 1
0 4 249 1 1
0 2 247 1 1
0 6 251 1 1
0 7 293 1 1
0 9 291 1 1
0 12 288 1 1
0 14 287 1 1
0 2 298 1 1
0 6 294 1 1
0 10 290 1 1
0 5 295 1 1
0 11 289 1 1
0 4 296 1 1
0 3 297 1 1
0 8 292 1 1
0 2 288 1 1
0 3 288 1 1
0 12 288 1 1
0 4 288 1 1
0 5 288 1 1
0 8 288 1 1
0 6 288 1 1
0 9 288 1 1
0 7 288 1 1
0 10 288 1 1
0 11 288 1 1
0 1 288 1 1
0 4 293 1 1
0 7 296 1 1
0 6 295 1 1
0 8 297 1 1
0 12 288 1 1
0 1 290 1 1
0 9 298 1 1
0 11 287 1 1
0 5 294 1 1
0 13 289 1 1
0 2 291 1 1
0 3 292 1 1
0 2 288 1 1
0 5 298 1 1
0 11 292 1 1
0 9 294 1 1
0 6 297 1 1
0 10 293 1 1
0 1 289 1 1
0 8 295 1 1
0 12 291 1 1
0 3 287 1 1
0 14 290 1 1
0 7 296 1 1
0 10 291 1 1
0 7 291 1 1
0 9 291 1 1
0 6 291 1 1
0 8 291 1 1
0 5 291 1 1
0 4 291 1 1
0 12 291 1 1
0 3 291 1 1
0 2 291 1 1
0 1 291 1 1
0 11 291 1 1
0 3 295 1 1
0 5 297 1 1
0 1 293 1 1
0 11 290 1 1
0 8 287 1 1
0 10 289 1 1
0 13 292 1 1
0 12 291 1 1
0 9 288 1 1
0 4 296 1 1
0 2 294 1 1
0 6 298 1 1
0 1 292 1 1
0 3 290 1 1
0 8 298 1 1
0 12 294 1 1
0 11 295 1 1
0 10 296 1 1
0 5 288 1 1
0 6 287 1 1
0 2 291 1 1
0 4 289 1 1
0 9 297 1 1
0 14 293 1 1
0 7 90 1 1
0 9 88 1 1
0 12 85 1 1
0 14 84 1 1
0 2 95 1 1
0 6 91 1 1
0 10 87 1 1
0 5 92 1 1
0 11 86 1 1
0 4 93 1 1
0 3 94 1 1
0 8 89 1 1
0 2 85 1 1
0 3 85 1 1
0 12 85 1 1
0 4 85 1 1
0 5 85 1 1
0 8 85 1 1
0 6 85 1 1
0 9 85 1 1
0 7 85 1 1
0 10 85 1 1
0 11 85 1 1
0 1 85 1 1
0 7 221 1 1
0 9 219 1 1
0 12 216 1 1
0 14 215 1 1
0 2 226 1 1
0 6 222 1 1
0 10 218 1 1
0 5 223 1 1
0 11 217 1 1
0 4 224 1 1
0 3 225 1 1
0 8 220 1 1
0 2 216 1 1
0 3 216 1 1
0 12 216 1 1
0 4 216 1 1
0 5 216 1 1
0 8 216 1 1
0 6 216 1 1
0 9 216 1 1
0 7 216 1 1
0 10 216 1 1
0 11 216 1 1
0 1 216 1 1
0 4 221 1 1
0 7 224 1 1
0 6 223 1 1
0 8 225 1 1
0 12 216 1 1
0 1 218 1 1
0 9 226 1 1
0 11 215 1 1
0 5 222 1 1
0 13 217 1 1
0 2 219 1 1
0 3 220 1 1
0 2 216 1 1
0 5 226 1 1
0 11 220 1 1
0 9 222 1 1
0 6 225 1 1
0 10 221 1 1
0 1 217 1 1
0 8 223 1 1
0 12 219 1 1
0 3 215 1 1
0 14 218 1 1
0 7 224 1 1
0 10 219 1 1
0 7 219 1 1
0 9 219 1 1
0 6 219 1 1
0 8 219 1 1
0 5 219 1 1
0 4 219 1 1
0 12 219 1 1
0 3 219 1 1
0 2 219 1 1
0 1 219 1 1
0 11 219 1 1
0 7 402 1 1
0 9 400 1 1
0 12 397 1 1
0 14 396 1 1
0 2 407 1 1
0 6 403 1 1
0 10 399 1 1
0 5 404 1 1
0 11 398 1 1
0 4 405 1 1
0 3 406 1 1
0 8 401 1 1
0 2 397 1 1
0 3 397 1 1
0 12 397 1 1
0 4 397 1 1
0 5 397 1 1
0 8 397 1 1
0 6 397 1 1
0 9 397 1 1
0 7 397 1 1
0 10 397 1 1
0 11 397 1 1
0 1 397 1 1
0 4 402 1 1
0 7 405 1 1
0 6 404 1 1
0 8 406 1 1
0 12 397 1 1
0 1 399 1 1
0 9 407 1 1
0 11 396 1 1
0 5 403 1 1
0 13 398 1 1
0 2 400 1 1
0 3 401 1 1
0 2 397 1 1
0 5 407 1 1
0 11 401 1 1
0 9 403 1 1
0 6 406 1 1
0 10 402 1 1
0 1 398 1 1
0 8 404 1 1
0 12 400 1 1
0 3 396 1 1
0 14 399 1 1
0 7 405 1 1
0 10 400 1 1
0 7 400 1 1
0 9 400 1 1
0 6 400 1 1
0 8 400 1 1
0 5 400 1 1
0 4 400 1 1
0 12 400 1 1
0 3 400 1 1
0 2 400 1 1
0 1 400 1 1
0 11 400 1 1
0 3 404 1 1
0 5 406 1 1
0 1 402 1 1
0 11 399 1 1
0 8 396 1 1
0 10 398 1 1
0 13 401 1 1
0 12 400 1 1
0 9 397 1 1
0 4 405 1 1
0 2 403 1 1
0 6 407 1 1
0 1 401 1 1
0 3 399 1 1
0 8 407 1 1
0 12 403 1 1
0 11 404 1 1
0 10 405 1 1
0 5 397 1 1
0 6 396 1 1
0 2 400 1 1
0 4 398 1 1
0 9 406 1 1
0 14 402 1 1
0 3 403 1 1
0 1 403 1 1
0 12 403 1 1
0 6 403 1 1
0 7 403 1 1
0 4 403 1 1
0 5 403 1 1
0 10 403 1 1
0 11 403 1 1
0 8 403 1 1
0 2 403 1 1
0 9 403 1 1
0 7 398 1 1
0 9 400 1 1
0 1 405 1 1
0 10 401 1 1
0 13 404 1 1
0 11 402 1 1
0 12 403 1 1
0 3 407 1 1
0 8 399 1 1
0 6 397 1 1
0 5 396 1 1
0 2 406 1 1
0 7 501 1 1
0 9 499 1 1
0 12 496 1 1
0 14 495 1 1
0 2 506 1 1
0 6 502 1 1
0 10 498 1 1
0 5 503 1 1
0 11 497 1 1
0 4 504 1 1
0 3 505 1 1
0 8 500 1 1
0 2 496 1 1
0 3 496 1 1
0 12 496 1 1
0 4 496 1 1
0 5 496 1 1
0 8 496 1 1
0 6 496 1 1
0 9 496 1 1
0 7 496 1 1
0 10 496 1 1
0 11 496 1 1
0 1 496 1 1
0 4 501 1 1
0 7 504 1 1
0 6 503 1 1
0 8 505 1 1
0 12 496 1 1
0 1 498 1 1
0 9 506 1 1
0 11 495 1 1
0 5 502 1 1
0 13 497 1 1
0 2 499 1 1
0 3 500 1 1
0 2 496 1 1
0 5 506 1 1
0 11 500 1 1
0 9 502 1 1
0 6 505 1 1
0 10 501 1 1
0 1 497 1 1
0 8 503 1 1
0 12 499 1 1
0 3 495 1 1
0 14 498 1 1
0 7 504 1 1
0 10 499 1 1
0 7 499 1 1
0 9 499 1 1
0 6 499 1 1
0 8 499 1 1
0 5 499 1 1
0 4 499 1 1
0 12 499 1 1
0 3 499 1 1
0 2 499 1 1
0 1 499 1 1
0 11 499 1 1
0 3 503 1 1
0 5 505 1 1
0 1 501 1 1
0 11 498 1 1
0 8 495 1 1
0 10 497 1 1
0 13 500 1 1
0 12 499 1 1
0 9 496 1 1
0 4 504 1 1
0 2 502 1 1
0 6 506 1 1
0 1 500 1 1
0 3 498 1 1
0 8 506 1 1
0 12 502 1 1
0 11 503 1 1
0 10 504 1 1
0 5 496 1 1
0 6 495 1 1
0 2 499 1 1
0 4 497 1 1
0 9 505 1 1
0 14 501 1 1
0 3 502 1 1
0 1 502 1 1
0 12 502 1 1
0 6 502 1 1
0 7 502 1 1
0 4 502 1 1
0 5 502 1 1
0 10 502 1 1
0 11 502 1 1
0 8 502 1 1
0 2 502 1 1
0 9 502 1 1
0 7 497 1 1
0 9 499 1 1
0 1 504 1 1
0 10 500 1 1
0 13 503 1 1
0 11 501 1 1
0 12 502 1 1
0 3 506 1 1
0 8 498 1 1
0 6 496 1 1
0 5 495 1 1
0 2 505 1 1
0 7 497 1 1
0 4 500 1 1
0 14 504 1 1
0 11 506 1 1
0 1 503 1 1
0 5 499 1 1
0 12 505 1 1
0 3 501 1 1
0 8 496 1 1
0 6 498 1 1
0 9 495 1 1
0 2 502 1 1
0 8 505 1 1
0 5 505 1 1
0 11 505 1 1
0 4 505 1 1
0 10 505 1 1
0 7 505 1 1
0 6 505 1 1
0 12 505 1 1
0 1 505 1 1
0 3 505 1 1
0 9 505 1 1
0 2 505 1 1
0 7 328 1 1
0 9 326 1 1
0 12 323 1 1
0 14 322 1 1
0 2 333 1 1
0 6 329 1 1
0 10 325 1 1
0 5 330 1 1
0 11 324 1 1
0 4 331 1 1
0 3 332 1 1
0 8 327 1 1
0 2 323 1 1
0 3 323 1 1
0 12 323 1 1
0 4 323 1 1
0 5 323 1 1
0 8 323 1 1
0 6 323 1 1
0 9 323 1 1
0 7 323 1 1
0 10 323 1 1
0 11 323 1 1
0 1 323 1 1
0 4 328 1 1
0 7 331 1 1
0 6 330 1 1
0 8 332 1 1
0 12 323 1 1
0 1 325 1 1
0 9 333 1 1
0 11 322 1 1
0 5 329 1 1
0 13 324 1 1
0 2 326 1 1
0 3 327 1 1
0 2 323 1 1
0 5 333 1 1
0 11 327 1 1
0 9 329 1 1
0 6 332 1 1
0 10 328 1 1
0 1 324 1 1
0 8 330 1 1
0 12 326 1 1
0 3 322 1 1
0 14 325 1 1
0 7 331 1 1
0 10 326 1 1
0 7 326 1 1
0 9 326 1 1
0 6 326 1 1
0 8 326 1 1
0 5 326 1 1
0 4 326 1 1
0 12 326 1 1
0 3 326 1 1
0 2 326 1 1
0 1 326 1 1
0 11 326 1 1
0 3 330 1 1
0 5 332 1 1
0 1 328 1 1
0 11 325 1 1
0 8 322 1 1
0 10 324 1 1
0 13 327 1 1
0 12 326 1 1
0 9 323 1 1
0 4 331 1 1
0 2 329 1 1
0 6 333 1 1
0 1 327 1 1
0 3 325 1 1
0 8 333 1 1
0 12 329 1 1
0 11 330 1 1
0 10 331 1 1
0 5 323 1 1
0 6 322 1 1
0 2 326 1 1
0 4 324 1 1
0 9 332 1 1
0 14 328 1 1
0 7 288 1 1
0 9 286 1 1
0 12 283 1 1
0 14 282 1 1
0 2 293 1 1
0 6 289 1 1
0 10 285 1 1
0 5 290 1 1
0 11 284 1 1
0 4 291 1 1
0 3 292 1 1
0 8 287 1 1
0 2 283 1 1
0 3 283 1 1
0 12 283 1 1
0 4 283 1 1
0 5 283 1 1
0 8 283 1 1
0 6 283 1 1
0 9 283 1 1
0 7 283 1 1
0 10 283 1 1
0 11 283 1 1
0 1 283 1 1
0 4 288 1 1
0 7 291 1 1
0 6 290 1 1
0 8 292 1 1
0 12 283 1 1
0 1 285 1 1
0 9 293 1 1
0 11 282 1 1
0 5 289 1 1
0 13 284 1 1
0 2 286 1 1
0 3 287 1 1
0 2 283 1 1
0 5 293 1 1
0 11 287 1 1
0 9 289 1 1
0 6 292 1 1
0 10 288 1 1
0 1 284 1 1
0 8 290 1 1
0 12 286 1 1
0 3 282 1 1
0 14 285 1 1
0 7 291 1 1
0 10 286 1 1
0 7 286 1 1
0 9 286 1 1
0 6 286 1 1
0 8 286 1 1
0 5 286 1 1
0 4 286 1 1
0 12 286 1 1
0 3 286 1 1
0 2 286 1 1
0 1 286 1 1
0 11 286 1 1
0 3 290 1 1
0 5 292 1 1
0 1 288 1 1
0 11 285 1 1
0 8 282 1 1
0 10 284 1 1
0 13 287 1 1
0 12 286 1 1
0 9 283 1 1
0 4 291 1 1
0 2 289 1 1
0 6 293 1 1
0 7 438 1 1
0 9 436 1 1
0 12 433 1 1
0 14 432 1 1
0 2 443 1 1
0 6 439 1 1
0 10 435 1 1
0 5 440 1 1
0 11 434 1 1
0 4 441 1 1
0 3 442 1 1
0 8 437 1 1
0 2 433 1 1
0 3 433 1 1
0 12 433 1 1
0 4 433 1 1
0 5 433 1 1
0 8 433 1 1
0 6 433 1 1
0 9 433 1 1
0 7 433 1 1
0 10 433 1 1
0 11 433 1 1
0 1 433 1 1
0 4 438 1 1
0 7 441 1 1
0 6 440 1 1
0 8 442 1 1
0 12 433 1 1
0 1 435 1 1
0 9 443 1 1
0 11 432 1 1
0 5 439 1 1
0 13 434 1 1
0 2 436 1 1
0 3 437 1 1
0 2 433 1 1
0 5 443 1 1
0 11 437 1 1
0 9 439 1 1
0 6 442 1 1
0 10 438 1 1
0 1 434 1 1
0 8 440 1 1
0 12 436 1 1
0 3 432 1 1
0 14 435 1 1
0 7 441 1 1
0 10 436 1 1
0 7 436 1 1
0 9 436 1 1
0 6 436 1 1
0 8 436 1 1
0 5 436 1 1
0 4 436 1 1
0 12 436 1 1
0 3 436 1 1
0 2 436 1 1
0 1 436 1 1
0 11 436 1 1
0 3 440 1 1
0 5 442 1 1
0 1 438 1 1
0 11 435 1 1
0 8 432 1 1
0 10 434 1 1
0 13 437 1 1
0 12 436 1 1
0 9 433 1 1
0 4 441 1 1
0 2 439 1 1
0 6 443 1 1
0 1 437 1 1
0 3 435 1 1
0 8 443 1 1
0 12 439 1 1
0 11 440 1 1
0 10 441 1 1
0 5 433 1 1
0 6 432 1 1
0 2 436 1 1
0 4 434 1 1
0 9 442 1 1
0 14 438 1 1
0 3 439 1 1
0 1 439 1 1
0 12 439 1 1
0 6 439 1 1
0 7 439 1 1
0 4 439 1 1
0 5 439 1 1
0 10 439 1 1
0 11 439 1 1
0 8 439 1 1
0 2 439 1 1
0 9 439 1 1
0 7 434 1 1
0 9 436 1 1
0 1 441 1 1
0 10 437 1 1
0 13 440 1 1
0 11 438 1 1
0 12 439 1 1
0 3 443 1 1
0 8 435 1 1
0 6 433 1 1
0 5 432 1 1
0 2 442 1 1
0 7 447 1 1
0 9 445 1 1
0 12 442 1 1
0 14 441 1 1
0 2 452 1 1
0 6 448 1 1
0 10 444 1 1
0 5 449 1 1
0 11 443 1 1
0 4 450 1 1
0 3 451 1 1
0 8 446 1 1
0 2 442 1 1
0 3 442 1 1
0 12 442 1 1
0 4 442 1 1
0 5 442 1 1
0 8 442 1 1
0 6 442 1 1
0 9 442 1 1
0 7 442 1 1
0 10 442 1 1
0 11 442 1 1
0 1 442 1 1
0 4 447 1 1
0 7 450 1 1
0 6 449 1 1
0 8 451 1 1
0 12 442 1 1
0 1 444 1 1
0 9 452 1 1
0 11 441 1 1
0 5 448 1 1
0 13 443 1 1
0 2 445 1 1
0 3 446 1 1
0 2 442 1 1
0 5 452 1 1
0 11 446 1 1
0 9 448 1 1
0 6 451 1 1
0 10 447 1 1
0 1 443 1 1
0 8 449 1 1
0 12 445 1 1
0 3 441 1 1
0 14 444 1 1
0 7 450 1 1
0 10 445 1 1
0 7 445 1 1
0 9 445 1 1
0 6 445 1 1
0 8 445 1 1
0 5 445 1 1
0 4 445 1 1
0 12 445 1 1
0 3 445 1 1
0 2 445 1 1
0 1 445 1 1
0 11 445 1 1
0 3 449 1 1
0 5 451 1 1
0 1 447 1 1
0 11 444 1 1
0 8 441 1 1
0 10 443 1 1
0 13 446 1 1
0 12 445 1 1
0 9 442 1 1
0 4 450 1 1
0 2 448 1 1
0 6 452 1 1
0 1 446 1 1
0 3 444 1 1
0 8 452 1 1
0 12 448 1 1
0 11 449 1 1
0 10 450 1 1
0 5 442 1 1
0 6 441 1 1
0 2 445 1 1
0 4 443 1 1
0 9 451 1 1
0 14 447 1 1
0 3 448 1 1
0 1 448 1 1
0 12 448 1 1
0 6 448 1 1
0 7 448 1 1
0 4 448 1 1
0 5 448 1 1
0 10 448 1 1
0 11 448 1 1
0 8 448 1 1
0 2 448 1 1
0 9 448 1 1
0 7 443 1 1
0 9 445 1 1
0 1 450 1 1
0 10 446 1 1
0 13 449 1 1
0 11 447 1 1
0 12 448 1 1
0 3 452 1 1
0 8 444 1 1
0 6 442 1 1
0 5 441 1 1
0 2 451 1 1
0 7 206 1 1
0 9 204 1 1
0 12 201 1 1
0 14 200 1 1
0 2 211 1 1
0 6 207 1 1
0 10 203 1 1
0 5 208 1 1
0 11 202 1 1
0 4 209 1 1
0 3 210 1 1
0 8 205 1 1
0 2 201 1 1
0 3 201 1 1
0 12 201 1 1
0 4 201 1 1
0 5 201 1 1
0 8 201 1 1
0 6 201 1 1
0 9 201 1 1
0 7 201 1 1
0 10 201 1 1
0 11 201 1 1
0 1 201 1 1
0 4 206 1 1
0 7 209 1 1
0 6 208 1 1
0 8 210 1 1
0 12 201 1 1
0 1 203 1 1
0 9 211 1 1
0 11 200 1 1
0 5 207 1 1
0 13 202 1 1
0 2 204 1 1
0 3 205 1 1
0 2 201 1 1
0 5 211 1 1
0 11 205 1 1
0 9 207 1 1
0 6 210 1 1
0 10 206 1 1
0 1 202 1 1
0 8 208 1 1
0 12 204 1 1
0 3 200 1 1
0 14 203 1 1
0 7 209 1 1
0 7 516 1 1
0 9 514 1 1
0 12 511 1 1
0 14 510 1 1
0 2 521 1 1
0 6 517 1 1
0 10 513 1 1
0 5 518 1 1
0 11 512 1 1
0 4 519 1 1
0 3 520 1 1
0 8 515 1 1
0 2 511 1 1
0 3 511 1 1
0 12 511 1 1
0 4 511 1 1
0 5 511 1 1
0 8 511 1 1
0 6 511 1 1
0 9 511 1 1
0 7 511 1 1
0 10 511 1 1
0 11 511 1 1
0 1 511 1 1
0 4 516 1 1
0 7 519 1 1
0 6 518 1 1
0 8 520 1 1
0 12 511 1 1
0 1 513 1 1
0 9 521 1 1
0 11 510 1 1
0 5 517 1 1
0 13 512 1 1
0 2 514 1 1
0 3 515 1 1
0 2 511 1 1
0 5 521 1 1
0 11 515 1 1
0 9 517 1 1
0 6 520 1 1
0 10 516 1 1
0 1 512 1 1
0 8 518 1 1
0 12 514 1 1
0 3 510 1 1
0 14 513 1 1
0 7 519 1 1
0 10 514 1 1
0 7 514 1 1
0 9 514 1 1
0 6 514 1 1
0 8 514 1 1
0 5 514 1 1
0 4 514 1 1
0 12 514 1 1
0 3 514 1 1
0 2 514 1 1
0 1 514 1 1
0 11 514 1 1
0 3 518 1 1
0 5 520 1 1
0 1 516 1 1
0 11 513 1 1
0 8 510 1 1
0 10 512 1 1
0 13 515 1 1
0 12 514 1 1
0 9 511 1 1
0 4 519 1 1
0 2 517 1 1
0 6 521 1 1
0 1 515 1 1
0 3 513 1 1
0 8 521 1 1
0 12 517 1 1
0 11 518 1 1
0 10 519 1 1
0 5 511 1 1
0 6 510 1 1
0 2 514 1 1
0 4 512 1 1
0 9 520 1 1
0 14 516 1 1
0 3 517 1 1
0 1 517 1 1
0 12 517 1 1
0 6 517 1 1
0 7 517 1 1
0 4 517 1 1
0 5 517 1 1
0 10 517 1 1
0 11 517 1 1
0 8 517 1 1
0 2 517 1 1
0 9 517 1 1
0 7 512 1 1
0 9 514 1 1
0 1 519 1 1
0 10 515 1 1
0 13 518 1 1
0 11 516 1 1
0 12 517 1 1
0 3 521 1 1
0 8 513 1 1
0 6 511 1 1
0 5 510 1 1
0 2 520 1 1
0 7 512 1 1
0 4 515 1 1
0 14 519 1 1
0 11 521 1 1
0 1 518 1 1
0 5 514 1 1
0 12 520 1 1
0 3 516 1 1
0 8 511 1 1
0 6 513 1 1
0 9 510 1 1
0 2 517 1 1
0 7 162 1 1
0 9 160 1 1
0 12 157 1 1
0 14 156 1 1
0 2 167 1 1
0 6 163 1 1
0 10 159 1 1
0 5 164 1 1
0 11 158 1 1
0 4 165 1 1
0 3 166 1 1
0 8 161 1 1
0 2 157 1 1
0 3 157 1 1
0 12 157 1 1
0 4 157 1 1
0 5 157 1 1
0 8 157 1 1
0 6 157 1 1
0 9 157 1 1
0 7 157 1 1
0 10 157 1 1
0 11 157 1 1
0 1 157 1 1
0 4 162 1 1
0 7 165 1 1
0 6 164 1 1
0 8 166 1 1
0 12 157 1 1
0 1 159 1 1
0 9 167 1 1
0 11 156 1 1
0 5 163 1 1
0 13 158 1 1
0 2 160 1 1
0 3 161 1 1
0 7 536 1 1
0 9 534 1 1
0 12 531 1 1
0 14 530 1 1
0 2 541 1 1
0 6 537 1 1
0 10 533 1 1
0 5 538 1 1
0 11 532 1 1
0 4 539 1 1
0 3 540 1 1
0 8 535 1 1
0 2 531 1 1
0 3 531 1 1
0 12 531 1 1
0 4 531 1 1
0 5 531 1 1
0 8 531 1 1
0 6 531 1 1
0 9 531 1 1
0 7 531 1 1
0 10 531 1 1
0 11 531 1 1
0 1 531 1 1
0 4 536 1 1
0 7 539 1 1
0 6 538 1 1
0 8 540 1 1
0 12 531 1 1
0 1 533 1 1
0 9 541 1 1
0 11 530 1 1
0 5 537 1 1
0 13 532 1 1
0 2 534 1 1
0 3 535 1 1
0 2 531 1 1
0 5 541 1 1
0 11 535 1 1
0 9 537 1 1
0 6 540 1 1
0 10 536 1 1
0 1 532 1 1
0 8 538 1 1
0 12 534 1 1
0 3 530 1 1
0 14 533 1 1
0 7 539 1 1
0 10 534 1 1
0 7 534 1 1
0 9 534 1 1
0 6 534 1 1
0 8 534 1 1
0 5 534 1 1
0 4 534 1 1
0 12 534 1 1
0 3 534 1 1
0 2 534 1 1
0 1 534 1 1
0 11 534 1 1
0 3 538 1 1
0 5 540 1 1
0 1 536 1 1
0 11 533 1 1
0 8 530 1 1
0 10 532 1 1
0 13 535 1 1
0 12 534 1 1
0 9 531 1 1
0 4 539 1 1
0 2 537 1 1
0 6 541 1 1
0 1 535 1 1
0 3 533 1 1
0 8 541 1 1
0 12 537 1 1
0 11 538 1 1
0 10 539 1 1
0 5 531 1 1
0 6 530 1 1
0 2 534 1 1
0 4 532 1 1
0 9 540 1 1
0 14 536 1 1
0 3 537 1 1
0 1 537 1 1
0 12 537 1 1
0 6 537 1 1
0 7 537 1 1
0 4 537 1 1
0 5 537 1 1
0 10 537 1 1
0 11 537 1 1
0 8 537 1 1
0 2 537 1 1
0 9 537 1 1
0 7 532 1 1
0 9 534 1 1
0 1 539 1 1
0 10 535 1 1
0 13 538 1 1
0 11 536 1 1
0 12 537 1 1
0 3 541 1 1
0 8 533 1 1
0 6 531 1 1
0 5 530 1 1
0 2 540 1 1
0 7 532 1 1
0 4 535 1 1
0 14 539 1 1
0 11 541 1 1
0 1 538 1 1
0 5 534 1 1
0 12 540 1 1
0 3 536 1 1
0 8 531 1 1
0 6 533 1 1
0 9 530 1 1
0 2 537 1 1
0 7 492 1 1
0 9 490 1 1
0 12 487 1 1
0 14 486 1 1
0 2 497 1 1
0 6 493 1 1
0 10 489 1 1
0 5 494 1 1
0 11 488 1 1
0 4 495 1 1
0 3 496 1 1
0 8 491 1 1
0 2 487 1 1
0 3 487 1 1
0 12 487 1 1
0 4 487 1 1
0 5 487 1 1
0 8 487 1 1
0 6 487 1 1
0 9 487 1 1
0 7 487 1 1
0 10 487 1 1
0 11 487 1 1
0 1 487 1 1
0 4 492 1 1
0 7 495 1 1
0 6 494 1 1
0 8 496 1 1
0 12 487 1 1
0 1 489 1 1
0 9 497 1 1
0 11 486 1 1
0 5 493 1 1
0 13 488 1 1
0 2 490 1 1
0 3 491 1 1
0 2 487 1 1
0 5 497 1 1
0 11 491 1 1
0 9 493 1 1
0 6 496 1 1
0 10 492 1 1
0 1 488 1 1
0 8 494 1 1
0 12 490 1 1
0 3 486 1 1
0 14 489 1 1
0 7 495 1 1
0 10 490 1 1
0 7 490 1 1
0 9 490 1 1
0 6 490 1 1
0 8 490 1 1
0 5 490 1 1
0 4 490 1 1
0 12 490 1 1
0 3 490 1 1
0 2 490 1 1
0 1 490 1 1
0 11 490 1 1
0 3 494 1 1
0 5 496 1 1
0 1 492 1 1
0 11 489 1 1
0 8 486 1 1
0 10 488 1 1
0 13 491 1 1
0 12 490 1 1
0 9 487 1 1
0 4 495 1 1
0 2 493 1 1
0 6 497 1 1
0 1 491 1 1
0 3 489 1 1
0 8 497 1 1
0 12 493 1 1
0 11 494 1 1
0 10 495 1 1
0 5 487 1 1
0 6 486 1 1
0 2 490 1 1
0 4 488 1 1
0 9 496 1 1
0 14 492 1 1
0 3 493 1 1
0 1 493 1 1
0 12 493 1 1
0 6 493 1 1
0 7 493 1 1
0 4 493 1 1
0 5 493 1 1
0 10 493 1 1
0 11 493 1 1
0 8 493 1 1
0 2 493 1 1
0 9 493 1 1
0 7 488 1 1
0 9 490 1 1
0 1 495 1 1
0 10 491 1 1
0 13 494 1 1
0 11 492 1 1
0 12 493 1 1
0 3 497 1 1
0 8 489 1 1
0 6 487 1 1
0 5 486 1 1
0 2 496 1 1
0 7 446 1 1
0 9 444 1 1
0 12 441 1 1
0 14 440 1 1
0 2 451 1 1
0 6 447 1 1
0 10 443 1 1
0 5 448 1 1
0 11 442 1 1
0 4 449 1 1
0 3 450 1 1
0 8 445 1 1
0 2 441 1 1
0 3 441 1 1
0 12 441 1 1
0 4 441 1 1
0 5 441 1 1
0 8 441 1 1
0 6 441 1 1
0 9 441 1 1
0 7 441 1 1
0 10 441 1 1
0 11 441 1 1
0 1 441 1 1
0 4 446 1 1
0 7 449 1 1
0 6 448 1 1
0 8 450 1 1
0 12 441 1 1
0 1 443 1 1
0 9 451 1 1
0 11 440 1 1
0 5 447 1 1
0 13 442 1 1
0 2 444 1 1
0 3 445 1 1
0 2 441 1 1
0 5 451 1 1
0 11 445 1 1
0 9 447 1 1
0 6 450 1 1
0 10 446 1 1
0 1 442 1 1
0 8 448 1 1
0 12 444 1 1
0 3 440 1 1
0 14 443 1 1
0 7 449 1 1
0 10 444 1 1
0 7 444 1 1
0 9 444 1 1
0 6 444 1 1
0 8 444 1 1
0 5 444 1 1
0 4 444 1 1
0 12 444 1 1
0 3 444 1 1
0 2 444 1 1
0 1 444 1 1
0 11 444 1 1
0 3 448 1 1
0 5 450 1 1
0 1 446 1 1
0 11 443 1 1
0 8 440 1 1
0 10 442 1 1
0 13 445 1 1
0 12 444 1 1
0 9 441 1 1
0 4 449 1 1
0 2 447 1 1
0 6 451 1 1
0 1 445 1 1
0 3 443 1 1
0 8 451 1 1
0 12 447 1 1
0 11 448 1 1
0 10 449 1 1
0 5 441 1 1
0 6 440 1 1
0 2 444 1 1
0 4 442 1 1
0 9 450 1 1
0 14 446 1 1
0 3 447 1 1
0 1 447 1 1
0 12 447 1 1
0 6 447 1 1
0 7 447 1 1
0 4 447 1 1
0 5 447 1 1
0 10 447 1 1
0 11 447 1 1
0 8 447 1 1
0 2 447 1 1
0 9 447 1 1
0 7 622 1 1
0 9 620 1 1
0 12 617 1 1
0 14 616 1 1
0 2 627 1 1
0 6 623 1 1
0 10 619 1 1
0 5 624 1 1
0 11 618 1 1
0 4 625 1 1
0 3 626 1 1
0 8 621 1 1
0 2 617 1 1
0 3 617 1 1
0 12 617 1 1
0 4 617 1 1
0 5 617 1 1
0 8 617 1 1
0 6 617 1 1
0 9 617 1 1
0 7 617 1 1
0 10 617 1 1
0 11 617 1 1
0 1 617 1 1
0 4 622 1 1
0 7 625 1 1
0 6 624 1 1
0 8 626 1 1
0 12 617 1 1
0 1 619 1 1
0 9 627 1 1
0 11 616 1 1
0 5 623 1 1
0 13 618 1 1
0 2 620 1 1
0 3 621 1 1
0 2 617 1 1
0 5 627 1 1
0 11 621 1 1
0 9 623 1 1
0 6 626 1 1
0 10 622 1 1
0 1 618 1 1
0 8 624 1 1
0 12 620 1 1
0 3 616 1 1
0 14 619 1 1
0 7 625 1 1
0 10 620 1 1
0 7 620 1 1
0 9 620 1 1
0 6 620 1 1
0 8 620 1 1
0 5 620 1 1
0 4 620 1 1
0 12 620 1 1
0 3 620 1 1
0 2 620 1 1
0 1 620 1 1
0 11 620 1 1
0 3 624 1 1
0 5 626 1 1
0 1 622 1 1
0 11 619 1 1
0 8 616 1 1
0 10 618 1 1
0 13 621 1 1
0 12 620 1 1
0 9 617 1 1
0 4 625 1 1
0 2 623 1 1
0 6 627 1 1
0 1 621 1 1
0 3 619 1 1
0 8 627 1 1
0 12 623 1 1
0 11 624 1 1
0 10 625 1 1
0 5 617 1 1
0 6 616 1 1
0 2 620 1 1
0 4 618 1 1
0 9 626 1 1
0 14 622 1 1
0 3 623 1 1
0 1 623 1 1
0 12 623 1 1
0 6 623 1 1
0 7 623 1 1
0 4 623 1 1
0 5 623 1 1
0 10 623 1 1
0 11 623 1 1
0 8 623 1 1
0 2 623 1 1
0 9 623 1 1
0 7 618 1 1
0 9 620 1 1
0 1 625 1 1
0 10 621 1 1
0 13 624 1 1
0 11 622 1 1
0 12 623 1 1
0 3 627 1 1
0 8 619 1 1
0 6 617 1 1
0 5 616 1 1
0 2 626 1 1
0 7 618 1 1
0 4 621 1 1
0 14 625 1 1
0 11 627 1 1
0 1 624 1 1
0 5 620 1 1
0 12 626 1 1
0 3 622 1 1
0 8 617 1 1
0 6 619 1 1
0 9 616 1 1
0 2 623 1 1
0 8 626 1 1
0 5 626 1 1
0 11 626 1 1
0 4 626 1 1
0 10 626 1 1
0 7 626 1 1
0 6 626 1 1
0 12 626 1 1
0 1 626 1 1
0 3 626 1 1
0 9 626 1 1
0 2 626 1 1
0 7 633 1 1
0 9 631 1 1
0 12 628 1 1
0 14 627 1 1
0 2 638 1 1
0 6 634 1 1
0 10 630 1 1
0 5 635 1 1
0 11 629 1 1
0 4 636 1 1
0 3 637 1 1
0 8 632 1 1
0 2 628 1 1
0 3 628 1 1
0 12 628 1 1
0 4 628 1 1
0 5 628 1 1
0 8 628 1 1
0 6 628 1 1
0 9 628 1 1
0 7 628 1 1
0 10 628 1 1
0 11 628 1 1
0 1 628 1 1
0 4 633 1 1
0 7 636 1 1
0 6 635 1 1
0 8 637 1 1
0 12 628 1 1
0 1 630 1 1
0 9 638 1 1
0 11 627 1 1
0 5 634 1 1
0 13 629 1 1
0 2 631 1 1
0 3 632 1 1
0 2 628 1 1
0 5 638 1 1
0 11 632 1 1
0 9 634 1 1
0 6 637 1 1
0 10 633 1 1
0 1 629 1 1
0 8 635 1 1
0 12 631 1 1
0 3 627 1 1
0 14 630 1 1
0 7 636 1 1
0 10 631 1 1
0 7 631 1 1
0 9 631 1 1
0 6 631 1 1
0 8 631 1 1
0 5 631 1 1
0 4 631 1 1
0 12 631 1 1
0 3 631 1 1
0 2 631 1 1
0 1 631 1 1
0 11 631 1 1
0 3 635 1 1
0 5 637 1 1
0 1 633 1 1
0 11 630 1 1
0 8 627 1 1
0 10 629 1 1
0 13 632 1 1
0 12 631 1 1
0 9 628 1 1
0 4 636 1 1
0 2 634 1 1
0 6 638 1 1
0 1 632 1 1
0 3 630 1 1
0 8 638 1 1
0 12 634 1 1
0 11 635 1 1
0 10 636 1 1
0 5 628 1 1
0 6 627 1 1
0 2 631 1 1
0 4 629 1 1
0 9 637 1 1
0 14 633 1 1
0 3 634 1 1
0 1 634 1 1
0 12 634 1 1
0 6 634 1 1
0 7 634 1 1
0 4 634 1 1
0 5 634 1 1
0 10 634 1 1
0 11 634 1 1
0 8 634 1 1
0 2 634 1 1
0 9 634 1 1
0 7 629 1 1
0 9 631 1 1
0 1 636 1 1
0 10 632 1 1
0 13 635 1 1
0 11 633 1 1
0 12 634 1 1
0 3 638 1 1
0 8 630 1 1
0 6 628 1 1
0 5 627 1 1
0 2 637 1 1
0 7 629 1 1
0 4 632 1 1
0 14 636 1 1
0 11 638 1 1
0 1 635 1 1
0 5 631 1 1
0 12 637 1 1
0 3 633 1 1
0 8 628 1 1
0 6 630 1 1
0 9 627 1 1
0 2 634 1 1
0 8 637 1 1
0 5 637 1 1
0 11 637 1 1
0 4 637 1 1
0 10 637 1 1
0 7 637 1 1
0 6 637 1 1
0 12 637 1 1
0 1 637 1 1
0 3 637 1 1
0 9 637 1 1
0 2 637 1 1
0 7 238 1 1
0 9 236 1 1
0 12 233 1 1
0 14 232 1 1
0 2 243 1 1
0 6 239 1 1
0 10 235 1 1
0 5 240 1 1
0 11 234 1 1
0 4 241 1 1
0 3 242 1 1
0 8 237 1 1
0 2 233 1 1
0 3 233 1 1
0 12 233 1 1
0 4 233 1 1
0 5 233 1 1
0 8 233 1 1
0 6 233 1 1
0 9 233 1 1
0 7 233 1 1
0 10 233 1 1
0 11 233 1 1
0 1 233 1 1
0 4 238 1 1
0 7 241 1 1
0 6 240 1 1
0 8 242 1 1
0 12 233 1 1
0 1 235 1 1
0 9 243 1 1
0 11 232 1 1
0 5 239 1 1
0 13 234 1 1
0 2 236 1 1
0 3 237 1 1
0 2 233 1 1
0 5 243 1 1
0 11 237 1 1
0 9 239 1 1
0 6 242 1 1
0 10 238 1 1
0 1 234 1 1
0 8 240 1 1
0 12 236 1 1
0 3 232 1 1
0 14 235 1 1
0 7 241 1 1
0 7 360 1 1
0 9 358 1 1
0 12 355 1 1
0 14 354 1 1
0 2 365 1 1
0 6 361 1 1
0 10 357 1 1
0 5 362 1 1
0 11 356 1 1
0 4 363 1 1
0 3 364 1 1
0 8 359 1 1
0 2 355 1 1
0 3 355 1 1
0 12 355 1 1
0 4 355 1 1
0 5 355 1 1
0 8 355 1 1
0 6 355 1 1
0 9 355 1 1
0 7 355 1 1
0 10 355 1 1
0 11 355 1 1
0 1 355 1 1
0 4 360 1 1
0 7 363 1 1
0 6 362 1 1
0 8 364 1 1
0 12 355 1 1
0 1 357 1 1
0 9 365 1 1
0 11 354 1 1
0 5 361 1 1
0 13 356 1 1
0 2 358 1 1
0 3 359 1 1
0 2 355 1 1
0 5 365 1 1
0 11 359 1 1
0 9 361 1 1
0 6 364 1 1
0 10 360 1 1
0 1 356 1 1
0 8 362 1 1
0 12 358 1 1
0 3 354 1 1
0 14 357 1 1
0 7 363 1 1
0 10 358 1 1
0 7 358 1 1
0 9 358 1 1
0 6 358 1 1
0 8 358 1 1
0 5 358 1 1
0 4 358 1 1
0 12 358 1 1
0 3 358 1 1
0 2 358 1 1
0 1 358 1 1
0 11 358 1 1
0 3 362 1 1
0 5 364 1 1
0 1 360 1 1
0 11 357 1 1
0 8 354 1 1
0 10 356 1 1
0 13 359 1 1
0 12 358 1 1
0 9 355 1 1
0 4 363 1 1
0 2 361 1 1
0 6 365 1 1
0 7 606 1 1
0 9 604 1 1
0 12 601 1 1
0 14 600 1 1
0 2 611 1 1
0 6 607 1 1
0 10 603 1 1
0 5 608 1 1
0 11 602 1 1
0 4 609 1 1
0 3 610 1 1
0 8 605 1 1
0 2 601 1 1
0 3 601 1 1
0 12 601 1 1
0 4 601 1 1
0 5 601 1 1
0 8 601 1 1
0 6 601 1 1
0 9 601 1 1
0 7 601 1 1
0 10 601 1 1
0 11 601 1 1
0 1 601 1 1
0 4 606 1 1
0 7 609 1 1
0 6 608 1 1
0 8 610 1 1
0 12 601 1 1
0 1 603 1 1
0 9 611 1 1
0 11 600 1 1
0 5 607 1 1
0 13 602 1 1
0 2 604 1 1
0 3 605 1 1
0 2 601 1 1
0 5 611 1 1
0 11 605 1 1
0 9 607 1 1
0 6 610 1 1
0 10 606 1 1
0 1 602 1 1
0 8 608 1 1
0 12 604 1 1
0 3 600 1 1
0 14 603 1 1
0 7 609 1 1
0 10 604 1 1
0 7 604 1 1
0 9 604 1 1
0 6 604 1 1
0 8 604 1 1
0 5 604 1 1
0 4 604 1 1
0 12 604 1 1
0 3 604 1 1
0 2 604 1 1
0 1 604 1 1
0 11 604 1 1
0 3 608 1 1
0 5 610 1 1
0 1 606 1 1
0 11 603 1 1
0 8 600 1 1
0 10 602 1 1
0 13 605 1 1
0 12 604 1 1
0 9 601 1 1
0 4 609 1 1
0 2 607 1 1
0 6 611 1 1
0 1 605 1 1
0 3 603 1 1
0 8 611 1 1
0 12 607 1 1
0 11 608 1 1
0 10 609 1 1
0 5 601 1 1
0 6 600 1 1
0 2 604 1 1
0 4 602 1 1
0 9 610 1 1
0 14 606 1 1
0 3 607 1 1
0 1 607 1 1
0 12 607 1 1
0 6 607 1 1
0 7 607 1 1
0 4 607 1 1
0 5 607 1 1
0 10 607 1 1
0 11 607 1 1
0 8 607 1 1
0 2 607 1 1
0 9 607 1 1
0 7 602 1 1
0 9 604 1 1
0 1 609 1 1
0 10 605 1 1
0 13 608 1 1
0 11 606 1 1
0 12 607 1 1
0 3 611 1 1
0 8 603 1 1
0 6 601 1 1
0 5 600 1 1
0 2 610 1 1
0 7 602 1 1
0 4 605 1 1
0 14 609 1 1
0 11 611 1 1
0 1 608 1 1
0 5 604 1 1
0 12 610 1 1
0 3 606 1 1
0 8 601 1 1
0 6 603 1 1
0 9 600 1 1
0 2 607 1 1
0 7 250 1 1
0 9 248 1 1
0 12 245 1 1
0 14 244 1 1
0 2 255 1 1
0 6 251 1 1
0 10 247 1 1
0 5 252 1 1
0 11 246 1 1
0 4 253 1 1
0 3 254 1 1
0 8 249 1 1
0 2 245 1 1
0 3 245 1 1
0 12 245 1 1
0 4 245 1 1
0 5 245 1 1
0 8 245 1 1
0 6 245 1 1
0 9 245 1 1
0 7 245 1 1
0 10 245 1 1
0 11 245 1 1
0 1 245 1 1
0 4 250 1 1
0 7 253 1 1
0 6 252 1 1
0 8 254 1 1
0 12 245 1 1
0 1 247 1 1
0 9 255 1 1
0 11 244 1 1
0 5 251 1 1
0 13 246 1 1
0 2 248 1 1
0 3 249 1 1
0 2 245 1 1
0 5 255 1 1
0 11 249 1 1
0 9 251 1 1
0 6 254 1 1
0 10 250 1 1
0 1 246 1 1
0 8 252 1 1
0 12 248 1 1
0 3 244 1 1
0 14 247 1 1
0 7 253 1 1
0 7 192 1 1
0 9 190 1 1
0 12 187 1 1
0 14 186 1 1
0 2 197 1 1
0 6 193 1 1
0 10 189 1 1
0 5 194 1 1
0 11 188 1 1
0 4 195 1 1
0 3 196 1 1
0 8 191 1 1
0 2 187 1 1
0 3 187 1 1
0 12 187 1 1
0 4 187 1 1
0 5 187 1 1
0 8 187 1 1
0 6 187 1 1
0 9 187 1 1
0 7 187 1 1
0 10 187 1 1
0 11 187 1 1
0 1 187 1 1
0 4 192 1 1
0 7 195 1 1
0 6 194 1 1
0 8 196 1 1
0 12 187 1 1
0 1 189 1 1
0 9 197 1 1
0 11 186 1 1
0 5 193 1 1
0 13 188 1 1
0 2 190 1 1
0 3 191 1 1
0 7 699 1 1
0 9 697 1 1
0 12 694 1 1
0 14 693 1 1
0 2 704 1 1
0 6 700 1 1
0 10 696 1 1
0 5 701 1 1
0 11 695 1 1
0 4 702 1 1
0 3 703 1 1
0 8 698 1 1
0 2 694 1 1
0 3 694 1 1
0 12 694 1 1
0 4 694 1 1
0 5 694 1 1
0 8 694 1 1
0 6 694 1 1
0 9 694 1 1
0 7 694 1 1
0 10 694 1 1
0 11 694 1 1
0 1 694 1 1
0 4 699 1 1
0 7 702 1 1
0 6 701 1 1
0 8 703 1 1
0 12 694 1 1
0 1 696 1 1
0 9 704 1 1
0 11 693 1 1
0 5 700 1 1
0 13 695 1 1
0 2 697 1 1
0 3 698 1 1
0 2 694 1 1
0 5 704 1 1
0 11 698 1 1
0 9 700 1 1
0 6 703 1 1
0 10 699 1 1
0 1 695 1 1
0 8 701 1 1
0 12 697 1 1
0 3 693 1 1
0 14 696 1 1
0 7 702 1 1
0 10 697 1 1
0 7 697 1 1
0 9 697 1 1
0 6 697 1 1
0 8 697 1 1
0 5 697 1 1
0 4 697 1 1
0 12 697 1 1
0 3 697 1 1
0 2 697 1 1
0 1 697 1 1
0 11 697 1 1
0 3 701 1 1
0 5 703 1 1
0 1 699 1 1
0 11 696 1 1
0 8 693 1 1
0 10 695 1 1
0 13 698 1 1
0 12 697 1 1
0 9 694 1 1
0 4 702 1 1
0 2 700 1 1
0 6 704 1 1
0 1 698 1 1
0 3 696 1 1
0 8 704 1 1
0 12 700 1 1
0 11 701 1 1
0 10 702 1 1
0 5 694 1 1
0 6 693 1 1
0 2 697 1 1
0 4 695 1 1
0 9 703 1 1
0 14 699 1 1
0 3 700 1 1
0 1 700 1 1
0 12 700 1 1
0 6 700 1 1
0 7 700 1 1
0 4 700 1 1
0 5 700 1 1
0 10 700 1 1
0 11 700 1 1
0 8 700 1 1
0 2 700 1 1
0 9 700 1 1
0 7 695 1 1
0 9 697 1 1
0 1 702 1 1
0 10 698 1 1
0 13 701 1 1
0 11 699 1 1
0 12 700 1 1
0 3 704 1 1
0 8 696 1 1
0 6 694 1 1
0 5 693 1 1
0 2 703 1 1
0 7 695 1 1
0 4 698 1 1
0 14 702 1 1
0 11 704 1 1
0 1 701 1 1
0 5 697 1 1
0 12 703 1 1
0 3 699 1 1
0 8 694 1 1
0 6 696 1 1
0 9 693 1 1
0 2 700 1 1
0 8 703 1 1
0 5 703 1 1
0 11 703 1 1
0 4 703 1 1
0 10 703 1 1
0 7 703 1 1
0 6 703 1 1
0 12 703 1 1
0 1 703 1 1
0 3 703 1 1
0 9 703 1 1
0 2 703 1 1
0 7 262 1 1
0 9 260 1 1
0 12 257 1 1
0 14 256 1 1
0 2 267 1 1
0 6 263 1 1
0 10 259 1 1
0 5 264 1 1
0 11 258 1 1
0 4 265 1 1
0 3 266 1 1
0 8 261 1 1
0 2 257 1 1
0 3 257 1 1
0 12 257 1 1
0 4 257 1 1
0 5 257 1 1
0 8 257 1 1
0 6 257 1 1
0 9 257 1 1
0 7 257 1 1
0 10 257 1 1
0 11 257 1 1
0 1 257 1 1
0 4 262 1 1
0 7 265 1 1
0 6 264 1 1
0 8 266 1 1
0 12 257 1 1
0 1 259 1 1
0 9 267 1 1
0 11 256 1 1
0 5 263 1 1
0 13 258 1 1
0 2 260 1 1
0 3 261 1 1
0 2 257 1 1
0 5 267 1 1
0 11 261 1 1
0 9 263 1 1
0 6 266 1 1
0 10 262 1 1
0 1 258 1 1
0 8 264 1 1
0 12 260 1 1
0 3 256 1 1
0 14 259 1 1
0 7 265 1 1
0 7 71 1 1
0 9 69 1 1
0 12 66 1 1
0 14 65 1 1
0 2 76 1 1
0 6 72 1 1
0 10 68 1 1
0 5 73 1 1
0 11 67 1 1
0 4 74 1 1
0 3 75 1 1
0 8 70 1 1
0 7 270 1 1
0 9 268 1 1
0 12 265 1 1
0 14 264 1 1
0 2 275 1 1
0 6 271 1 1
0 10 267 1 1
0 5 272 1 1
0 11 266 1 1
0 4 273 1 1
0 3 274 1 1
0 8 269 1 1
0 2 265 1 1
0 3 265 1 1
0 12 265 1 1
0 4 265 1 1
0 5 265 1 1
0 8 265 1 1
0 6 265 1 1
0 9 265 1 1
0 7 265 1 1
0 10 265 1 1
0 11 265 1 1
0 1 265 1 1
0 4 270 1 1
0 7 273 1 1
0 6 272 1 1
0 8 274 1 1
0 12 265 1 1
0 1 267 1 1
0 9 275 1 1
0 11 264 1 1
0 5 271 1 1
0 13 266 1 1
0 2 268 1 1
0 3 269 1 1
0 2 265 1 1
0 5 275 1 1
0 11 269 1 1
0 9 271 1 1
0 6 274 1 1
0 10 270 1 1
0 1 266 1 1
0 8 272 1 1
0 12 268 1 1
0 3 264 1 1
0 14 267 1 1
0 7 273 1 1
0 7 542 1 1
0 9 540 1 1
0 12 537 1 1
0 14 536 1 1
0 2 547 1 1
0 6 543 1 1
0 10 539 1 1
0 5 544 1 1
0 11 538 1 1
0 4 545 1 1
0 3 546 1 1
0 8 541 1 1
0 2 537 1 1
0 3 537 1 1
0 12 537 1 1
0 4 537 1 1
0 5 537 1 1
0 8 537 1 1
0 6 537 1 1
0 9 537 1 1
0 7 537 1 1
0 10 537 1 1
0 11 537 1 1
0 1 537 1 1
0 4 542 1 1
0 7 545 1 1
0 6 544 1 1
0 8 546 1 1
0 12 537 1 1
0 1 539 1 1
0 9 547 1 1
0 11 536 1 1
0 5 543 1 1
0 13 538 1 1
0 2 540 1 1
0 3 541 1 1
0 2 537 1 1
0 5 547 1 1
0 11 541 1 1
0 9 543 1 1
0 6 546 1 1
0 10 542 1 1
0 1 538 1 1
0 8 544 1 1
0 12 540 1 1
0 3 536 1 1
0 14 539 1 1
0 7 545 1 1
0 10 540 1 1
0 7 540 1 1
0 9 540 1 1
0 6 540 1 1
0 8 540 1 1
0 5 540 1 1
0 4 540 1 1
0 12 540 1 1
0 3 540 1 1
0 2 540 1 1
0 1 540 1 1
0 11 540 1 1
0 3 544 1 1
0 5 546 1 1
0 1 542 1 1
0 11 539 1 1
0 8 536 1 1
0 10 538 1 1
0 13 541 1 1
0 12 540 1 1
0 9 537 1 1
0 4 545 1 1
0 2 543 1 1
0 6 547 1 1
0 1 541 1 1
0 3 539 1 1
0 8 547 1 1
0 12 543 1 1
0 11 544 1 1
0 10 545 1 1
0 5 537 1 1
0 6 536 1 1
0 2 540 1 1
0 4 538 1 1
0 9 546 1 1
0 14 542 1 1
0 3 543 1 1
0 1 543 1 1
0 12 543 1 1
0 6 543 1 1
0 7 543 1 1
0 4 543 1 1
0 5 543 1 1
0 10 543 1 1
0 11 543 1 1
0 8 543 1 1
0 2 543 1 1
0 9 543 1 1
0 7 686 1 1
0 9 684 1 1
0 12 681 1 1
0 14 680 1 1
0 2 691 1 1
0 6 687 1 1
0 10 683 1 1
0 5 688 1 1
0 11 682 1 1
0 4 689 1 1
0 3 690 1 1
0 8 685 1 1
0 2 681 1 1
0 3 681 1 1
0 12 681 1 1
0 4 681 1 1
0 5 681 1 1
0 8 681 1 1
0 6 681 1 1
0 9 681 1 1
0 7 681 1 1
0 10 681 1 1
0 11 681 1 1
0 1 681 1 1
0 4 686 1 1
0 7 689 1 1
0 6 688 1 1
0 8 690 1 1
0 12 681 1 1
0 1 683 1 1
0 9 691 1 1
0 11 680 1 1
0 5 687 1 1
0 13 682 1 1
0 2 684 1 1
0 3 685 1 1
0 2 681 1 1
0 5 691 1 1
0 11 685 1 1
0 9 687 1 1
0 6 690 1 1
0 10 686 1 1
0 1 682 1 1
0 8 688 1 1
0 12 684 1 1
0 3 680 1 1
0 14 683 1 1
0 7 689 1 1
0 10 684 1 1
0 7 684 1 1
0 9 684 1 1
0 6 684 1 1
0 8 684 1 1
0 5 684 1 1
0 4 684 1 1
0 12 684 1 1
0 3 684 1 1
0 2 684 1 1
0 1 684 1 1
0 11 684 1 1
0 3 688 1 1
0 5 690 1 1
0 1 686 1 1
0 11 683 1 1
0 8 680 1 1
0 10 682 1 1
0 13 685 1 1
0 12 684 1 1
0 9 681 1 1
0 4 689 1 1
0 2 687 1 1
0 6 691 1 1
0 1 685 1 1
0 3 683 1 1
0 8 691 1 1
0 12 687 1 1
0 11 688 1 1
0 10 689 1 1
0 5 681 1 1
0 6 680 1 1
0 2 684 1 1
0 4 682 1 1
0 9 690 1 1
0 14 686 1 1
0 3 687 1 1
0 1 687 1 1
0 12 687 1 1
0 6 687 1 1
0 7 687 1 1
0 4 687 1 1
0 5 687 1 1
0 10 687 1 1
0 11 687 1 1
0 8 687 1 1
0 2 687 1 1
0 9 687 1 1
0 7 682 1 1
0 9 684 1 1
0 1 689 1 1
0 10 685 1 1
0 13 688 1 1
0 11 686 1 1
0 12 687 1 1
0 3 691 1 1
0 8 683 1 1
0 6 681 1 1
0 5 680 1 1
0 2 690 1 1
0 7 682 1 1
0 4 685 1 1
0 14 689 1 1
0 11 691 1 1
0 1 688 1 1
0 5 684 1 1
0 12 690 1 1
0 3 686 1 1
0 8 681 1 1
0 6 683 1 1
0 9 680 1 1
0 2 687 1 1
0 7 144 1 1
0 9 142 1 1
0 12 139 1 1
0 14 138 1 1
0 2 149 1 1
0 6 145 1 1
0 10 141 1 1
0 5 146 1 1
0 11 140 1 1
0 4 147 1 1
0 3 148 1 1
0 8 143 1 1
0 2 139 1 1
0 3 139 1 1
0 12 139 1 1
0 4 139 1 1
0 5 139 1 1
0 8 139 1 1
0 6 139 1 1
0 9 139 1 1
0 7 139 1 1
0 10 139 1 1
0 11 139 1 1
0 1 139 1 1
0 7 76 1 1
0 9 74 1 1
0 12 71 1 1
0 14 70 1 1
0 2 81 1 1
0 6 77 1 1
0 10 73 1 1
0 5 78 1 1
0 11 72 1 1
0 4 79 1 1
0 3 80 1 1
0 8 75 1 1
0 7 361 1 1
0 9 359 1 1
0 12 356 1 1
0 14 355 1 1
0 2 366 1 1
0 6 362 1 1
0 10 358 1 1
0 5 363 1 1
0 11 357 1 1
0 4 364 1 1
0 3 365 1 1
0 8 360 1 1
0 2 356 1 1
0 3 356 1 1
0 12 356 1 1
0 4 356 1 1
0 5 356 1 1
0 8 356 1 1
0 6 356 1 1
0 9 356 1 1
0 7 356 1 1
0 10 356 1 1
0 11 356 1 1
0 1 356 1 1
0 4 361 1 1
0 7 364 1 1
0 6 363 1 1
0 8 365 1 1
0 12 356 1 1
0 1 358 1 1
0 9 366 1 1
0 11 355 1 1
0 5 362 1 1
0 13 357 1 1
0 2 359 1 1
0 3 360 1 1
0 2 356 1 1
0 5 366 1 1
0 11 360 1 1
0 9 362 1 1
0 6 365 1 1
0 10 361 1 1
0 1 357 1 1
0 8 363 1 1
0 12 359 1 1
0 3 355 1 1
0 14 358 1 1
0 7 364 1 1
0 10 359 1 1
0 7 359 1 1
0 9 359 1 1
0 6 359 1 1
0 8 359 1 1
0 5 359 1 1
0 4 359 1 1
0 12 359 1 1
0 3 359 1 1
0 2 359 1 1
0 1 359 1 1
0 11 359 1 1
0 7 150 1 1
0 9 148 1 1
0 12 145 1 1
0 14 144 1 1
0 2 155 1 1
0 6 151 1 1
0 10 147 1 1
0 5 152 1 1
0 11 146 1 1
0 4 153 1 1
0 3 154 1 1
0 8 149 1 1
0 2 145 1 1
0 3 145 1 1
0 12 145 1 1
0 4 145 1 1
0 5 145 1 1
0 8 145 1 1
0 6 145 1 1
0 9 145 1 1
0 7 145 1 1
0 10 145 1 1
0 11 145 1 1
0 1 145 1 1
0 7 590 1 1
0 9 588 1 1
0 12 585 1 1
0 14 584 1 1
0 2 595 1 1
0 6 591 1 1
0 10 587 1 1
0 5 592 1 1
0 11 586 1 1
0 4 593 1 1
0 3 594 1 1
0 8 589 1 1
0 2 585 1 1
0 3 585 1 1
0 12 585 1 1
0 4 585 1 1
0 5 585 1 1
0 8 585 1 1
0 6 585 1 1
0 9 585 1 1
0 7 585 1 1
0 10 585 1 1
0 11 585 1 1
0 1 585 1 1
0 4 590 1 1
0 7 593 1 1
0 6 592 1 1
0 8 594 1 1
0 12 585 1 1
0 1 587 1 1
0 9 595 1 1
0 11 584 1 1
0 5 591 1 1
0 13 586 1 1
0 2 588 1 1
0 3 589 1 1
0 2 585 1 1
0 5 595 1 1
0 11 589 1 1
0 9 591 1 1
0 6 594 1 1
0 10 590 1 1
0 1 586 1 1
0 8 592 1 1
0 12 588 1 1
0 3 584 1 1
0 14 587 1 1
0 7 593 1 1
0 10 588 1 1
0 7 588 1 1
0 9 588 1 1
0 6 588 1 1
0 8 588 1 1
0 5 588 1 1
0 4 588 1 1
0 12 588 1 1
0 3 588 1 1
0 2 588 1 1
0 1 588 1 1
0 11 588 1 1
0 3 592 1 1
0 5 594 1 1
0 1 590 1 1
0 11 587 1 1
0 8 584 1 1
0 10 586 1 1
0 13 589 1 1
0 12 588 1 1
0 9 585 1 1
0 4 593 1 1
0 2 591 1 1
0 6 595 1 1
0 1 589 1 1
0 3 587 1 1
0 8 595 1 1
0 12 591 1 1
0 11 592 1 1
0 10 593 1 1
0 5 585 1 1
0 6 584 1 1
0 2 588 1 1
0 4 586 1 1
0 9 594 1 1
0 14 590 1 1
0 3 591 1 1
0 1 591 1 1
0 12 591 1 1
0 6 591 1 1
0 7 591 1 1
0 4 591 1 1
0 5 591 1 1
0 10 591 1 1
0 11 591 1 1
0 8 591 1 1
0 2 591 1 1
0 9 591 1 1
0 7 80 1 1
0 9 78 1 1
0 12 75 1 1
0 14 74 1 1
0 2 85 1 1
0 6 81 1 1
0 10 77 1 1
0 5 82 1 1
0 11 76 1 1
0 4 83 1 1
0 3 84 1 1
0 8 79 1 1
0 7 681 1 1
0 9 679 1 1
0 12 676 1 1
0 14 675 1 1
0 2 686 1 1
0 6 682 1 1
0 10 678 1 1
0 5 683 1 1
0 11 677 1 1
0 4 684 1 1
0 3 685 1 1
0 8 680 1 1
0 2 676 1 1
0 3 676 1 1
0 12 676 1 1
0 4 676 1 1
0 5 676 1 1
0 8 676 1 1
0 6 676 1 1
0 9 676 1 1
0 7 676 1 1
0 10 676 1 1
0 11 676 1 1
0 1 676 1 1
0 4 681 1 1
0 7 684 1 1
0 6 683 1 1
0 8 685 1 1
0 12 676 1 1
0 1 678 1 1
0 9 686 1 1
0 11 675 1 1
0 5 682 1 1
0 13 677 1 1
0 2 679 1 1
0 3 680 1 1
0 2 676 1 1
0 5 686 1 1
0 11 680 1 1
0 9 682 1 1
0 6 685 1 1
0 10 681 1 1
0 1 677 1 1
0 8 683 1 1
0 12 679 1 1
0 3 675 1 1
0 14 678 1 1
0 7 684 1 1
0 10 679 1 1
0 7 679 1 1
0 9 679 1 1
0 6 679 1 1
0 8 679 1 1
0 5 679 1 1
0 4 679 1 1
0 12 679 1 1
0 3 679 1 1
0 2 679 1 1
0 1 679 1 1
0 11 679 1 1
0 3 683 1 1
0 5 685 1 1
0 1 681 1 1
0 11 678 1 1
0 8 675 1 1
0 10 677 1 1
0 13 680 1 1
0 12 679 1 1
0 9 676 1 1
0 4 684 1 1
0 2 682 1 1
0 6 686 1 1
0 1 680 1 1
0 3 678 1 1
0 8 686 1 1
0 12 682 1 1
0 11 683 1 1
0 10 684 1 1
0 5 676 1 1
0 6 675 1 1
0 2 679 1 1
0 4 677 1 1
0 9 685 1 1
0 14 681 1 1
0 3 682 1 1
0 1 682 1 1
0 12 682 1 1
0 6 682 1 1
0 7 682 1 1
0 4 682 1 1
0 5 682 1 1
0 10 682 1 1
0 11 682 1 1
0 8 682 1 1
0 2 682 1 1
0 9 682 1 1
0 7 677 1 1
0 9 679 1 1
0 1 684 1 1
0 10 680 1 1
0 13 683 1 1
0 11 681 1 1
0 12 682 1 1
0 3 686 1 1
0 8 678 1 1
0 6 676 1 1
0 5 675 1 1
0 2 685 1 1
0 7 158 1 1
0 9 156 1 1
0 12 153 1 1
0 14 152 1 1
0 2 163 1 1
0 6 159 1 1
0 10 155 1 1
0 5 160 1 1
0 11 154 1 1
0 4 161 1 1
0 3 162 1 1
0 8 157 1 1
0 2 153 1 1
0 3 153 1 1
0 12 153 1 1
0 4 153 1 1
0 5 153 1 1
0 8 153 1 1
0 6 153 1 1
0 9 153 1 1
0 7 153 1 1
0 10 153 1 1
0 11 153 1 1
0 1 153 1 1
0 7 699 1 1
0 9 697 1 1
0 12 694 1 1
0 14 693 1 1
0 2 704 1 1
0 6 700 1 1
0 10 696 1 1
0 5 701 1 1
0 11 695 1 1
0 4 702 1 1
0 3 703 1 1
0 8 698 1 1
0 2 694 1 1
0 3 694 1 1
0 12 694 1 1
0 4 694 1 1
0 5 694 1 1
0 8 694 1 1
0 6 694 1 1
0 9 694 1 1
0 7 694 1 1
0 10 694 1 1
0 11 694 1 1
0 1 694 1 1
0 4 699 1 1
0 7 702 1 1
0 6 701 1 1
0 8 703 1 1
0 12 694 1 1
0 1 696 1 1
0 9 704 1 1
0 11 693 1 1
0 5 700 1 1
0 13 695 1 1
0 2 697 1 1
0 3 698 1 1
0 2 694 1 1
0 5 704 1 1
0 11 698 1 1
0 9 700 1 1
0 6 703 1 1
0 10 699 1 1
0 1 695 1 1
0 8 701 1 1
0 12 697 1 1
0 3 693 1 1
0 14 696 1 1
0 7 702 1 1
0 10 697 1 1
0 7 697 1 1
0 9 697 1 1
0 6 697 1 1
0 8 697 1 1
0 5 697 1 1
0 4 697 1 1
0 12 697 1 1
0 3 697 1 1
0 2 697 1 1
0 1 697 1 1
0 11 697 1 1
0 3 701 1 1
0 5 703 1 1
0 1 699 1 1
0 11 696 1 1
0 8 693 1 1
0 10 695 1 1
0 13 698 1 1
0 12 697 1 1
0 9 694 1 1
0 4 702 1 1
0 2 700 1 1
0 6 704 1 1
0 1 698 1 1
0 3 696 1 1
0 8 704 1 1
0 12 700 1 1
0 11 701 1 1
0 10 702 1 1
0 5 694 1 1
0 6 693 1 1
0 2 697 1 1
0 4 695 1 1
0 9 703 1 1
0 14 699 1 1
0 3 700 1 1
0 1 700 1 1
0 12 700 1 1
0 6 700 1 1
0 7 700 1 1
0 4 700 1 1
0 5 700 1 1
0 10 700 1 1
0 11 700 1 1
0 8 700 1 1
0 2 700 1 1
0 9 700 1 1
0 7 695 1 1
0 9 697 1 1
0 1 702 1 1
0 10 698 1 1
0 13 701 1 1
0 11 699 1 1
0 12 700 1 1
0 3 704 1 1
0 8 696 1 1
0 6 694 1 1
0 5 693 1 1
0 2 703 1 1
0 7 786 1 1
0 9 784 1 1
0 12 781 1 1
0 14 780 1 1
0 2 791 1 1
0 6 787 1 1
0 10 783 1 1
0 5 788 1 1
0 11 782 1 1
0 4 789 1 1
0 3 790 1 1
0 8 785 1 1
0 2 781 1 1
0 3 781 1 1
0 12 781 1 1
0 4 781 1 1
0 5 781 1 1
0 8 781 1 1
0 6 781 1 1
0 9 781 1 1
0 7 781 1 1
0 10 781 1 1
0 11 781 1 1
0 1 781 1 1
0 4 786 1 1
0 7 789 1 1
0 6 788 1 1
0 8 790 1 1
0 12 781 1 1
0 1 783 1 1
0 9 791 1 1
0 11 780 1 1
0 5 787 1 1
0 13 782 1 1
0 2 784 1 1
0 3 785 1 1
0 2 781 1 1
0 5 791 1 1
0 11 785 1 1
0 9 787 1 1
0 6 790 1 1
0 10 786 1 1
0 1 782 1 1
0 8 788 1 1
0 12 784 1 1
0 3 780 1 1
0 14 783 1 1
0 7 789 1 1
0 10 784 1 1
0 7 784 1 1
0 9 784 1 1
0 6 784 1 1
0 8 784 1 1
0 5 784 1 1
0 4 784 1 1
0 12 784 1 1
0 3 784 1 1
0 2 784 1 1
0 1 784 1 1
0 11 784 1 1
0 3 788 1 1
0 5 790 1 1
0 1 786 1 1
0 11 783 1 1
0 8 780 1 1
0 10 782 1 1
0 13 785 1 1
0 12 784 1 1
0 9 781 1 1
0 4 789 1 1
0 2 787 1 1
0 6 791 1 1
0 1 785 1 1
0 3 783 1 1
0 8 791 1 1
0 12 787 1 1
0 11 788 1 1
0 10 789 1 1
0 5 781 1 1
0 6 780 1 1
0 2 784 1 1
0 4 782 1 1
0 9 790 1 1
0 14 786 1 1
0 3 787 1 1
0 1 787 1 1
0 12 787 1 1
0 6 787 1 1
0 7 787 1 1
0 4 787 1 1
0 5 787 1 1
0 10 787 1 1
0 11 787 1 1
0 8 787 1 1
0 2 787 1 1
0 9 787 1 1
0 7 782 1 1
0 9 784 1 1
0 1 789 1 1
0 10 785 1 1
0 13 788 1 1
0 11 786 1 1
0 12 787 1 1
0 3 791 1 1
0 8 783 1 1
0 6 781 1 1
0 5 780 1 1
0 2 790 1 1
0 7 782 1 1
0 4 785 1 1
0 14 789 1 1
0 11 791 1 1
0 1 788 1 1
0 5 784 1 1
0 12 790 1 1
0 3 786 1 1
0 8 781 1 1
0 6 783 1 1
0 9 780 1 1
0 2 787 1 1
0 7 401 1 1
0 9 399 1 1
0 12 396 1 1
0 14 395 1 1
0 2 406 1 1
0 6 402 1 1
0 10 398 1 1
0 5 403 1 1
0 11 397 1 1
0 4 404 1 1
0 3 405 1 1
0 8 400 1 1
0 2 396 1 1
0 3 396 1 1
0 12 396 1 1
0 4 396 1 1
0 5 396 1 1
0 8 396 1 1
0 6 396 1 1
0 9 396 1 1
0 7 396 1 1
0 10 396 1 1
0 11 396 1 1
0 1 396 1 1
0 4 401 1 1
0 7 404 1 1
0 6 403 1 1
0 8 405 1 1
0 12 396 1 1
0 1 398 1 1
0 9 406 1 1
0 11 395 1 1
0 5 402 1 1
0 13 397 1 1
0 2 399 1 1
0 3 400 1 1
0 2 396 1 1
0 5 406 1 1
0 11 400 1 1
0 9 402 1 1
0 6 405 1 1
0 10 401 1 1
0 1 397 1 1
0 8 403 1 1
0 12 399 1 1
0 3 395 1 1
0 14 398 1 1
0 7 404 1 1
0 10 399 1 1
0 7 399 1 1
0 9 399 1 1
0 6 399 1 1
0 8 399 1 1
0 5 399 1 1
0 4 399 1 1
0 12 399 1 1
0 3 399 1 1
0 2 399 1 1
0 1 399 1 1
0 11 399 1 1
0 7 726 1 1
0 9 724 1 1
0 12 721 1 1
0 14 720 1 1
0 2 731 1 1
0 6 727 1 1
0 10 723 1 1
0 5 728 1 1
0 11 722 1 1
0 4 729 1 1
0 3 730 1 1
0 8 725 1 1
0 2 721 1 1
0 3 721 1 1
0 12 721 1 1
0 4 721 1 1
0 5 721 1 1
0 8 721 1 1
0 6 721 1 1
0 9 721 1 1
0 7 721 1 1
0 10 721 1 1
0 11 721 1 1
0 1 721 1 1
0 4 726 1 1
0 7 729 1 1
0 6 728 1 1
0 8 730 1 1
0 12 721 1 1
0 1 723 1 1
0 9 731 1 1
0 11 720 1 1
0 5 727 1 1
0 13 722 1 1
0 2 724 1 1
0 3 725 1 1
0 2 721 1 1
0 5 731 1 1
0 11 725 1 1
0 9 727 1 1
0 6 730 1 1
0 10 726 1 1
0 1 722 1 1
0 8 728 1 1
0 12 724 1 1
0 3 720 1 1
0 14 723 1 1
0 7 729 1 1
0 10 724 1 1
0 7 724 1 1
0 9 724 1 1
0 6 724 1 1
0 8 724 1 1
0 5 724 1 1
0 4 724 1 1
0 12 724 1 1
0 3 724 1 1
0 2 724 1 1
0 1 724 1 1
0 11 724 1 1
0 3 728 1 1
0 5 730 1 1
0 1 726 1 1
0 11 723 1 1
0 8 720 1 1
0 10 722 1 1
0 13 725 1 1
0 12 724 1 1
0 9 721 1 1
0 4 729 1 1
0 2 727 1 1
0 6 731 1 1
0 1 725 1 1
0 3 723 1 1
0 8 731 1 1
0 12 727 1 1
0 11 728 1 1
0 10 729 1 1
0 5 721 1 1
0 6 720 1 1
0 2 724 1 1
0 4 722 1 1
0 9 730 1 1
0 14 726 1 1
0 3 727 1 1
0 1 727 1 1
0 12 727 1 1
0 6 727 1 1
0 7 727 1 1
0 4 727 1 1
0 5 727 1 1
0 10 727 1 1
0 11 727 1 1
0 8 727 1 1
0 2 727 1 1
0 9 727 1 1
0 7 722 1 1
0 9 724 1 1
0 1 729 1 1
0 10 725 1 1
0 13 728 1 1
0 11 726 1 1
0 12 727 1 1
0 3 731 1 1
0 8 723 1 1
0 6 721 1 1
0 5 720 1 1
0 2 730 1 1
0 7 654 1 1
0 9 652 1 1
0 12 649 1 1
0 14 648 1 1
0 2 659 1 1
0 6 655 1 1
0 10 651 1 1
0 5 656 1 1
0 11 650 1 1
0 4 657 1 1
0 3 658 1 1
0 8 653 1 1
0 2 649 1 1
0 3 649 1 1
0 12 649 1 1
0 4 649 1 1
0 5 649 1 1
0 8 649 1 1
0 6 649 1 1
0 9 649 1 1
0 7 649 1 1
0 10 649 1 1
0 11 649 1 1
0 1 649 1 1
0 4 654 1 1
0 7 657 1 1
0 6 656 1 1
0 8 658 1 1
0 12 649 1 1
0 1 651 1 1
0 9 659 1 1
0 11 648 1 1
0 5 655 1 1
0 13 650 1 1
0 2 652 1 1
0 3 653 1 1
0 2 649 1 1
0 5 659 1 1
0 11 653 1 1
0 9 655 1 1
0 6 658 1 1
0 10 654 1 1
0 1 650 1 1
0 8 656 1 1
0 12 652 1 1
0 3 648 1 1
0 14 651 1 1
0 7 657 1 1
0 10 652 1 1
0 7 652 1 1
0 9 652 1 1
0 6 652 1 1
0 8 652 1 1
0 5 652 1 1
0 4 652 1 1
0 12 652 1 1
0 3 652 1 1
0 2 652 1 1
0 1 652 1 1
0 11 652 1 1
0 3 656 1 1
0 5 658 1 1
0 1 654 1 1
0 11 651 1 1
0 8 648 1 1
0 10 650 1 1
0 13 653 1 1
0 12 652 1 1
0 9 649 1 1
0 4 657 1 1
0 2 655 1 1
0 6 659 1 1
0 1 653 1 1
0 3 651 1 1
0 8 659 1 1
0 12 655 1 1
0 11 656 1 1
0 10 657 1 1
0 5 649 1 1
0 6 648 1 1
0 2 652 1 1
0 4 650 1 1
0 9 658 1 1
0 14 654 1 1
0 3 655 1 1
0 1 655 1 1
0 12 655 1 1
0 6 655 1 1
0 7 655 1 1
0 4 655 1 1
0 5 655 1 1
0 10 655 1 1
0 11 655 1 1
0 8 655 1 1
0 2 655 1 1
0 9 655 1 1
0 7 908 1 1
0 9 906 1 1
0 12 903 1 1
0 14 902 1 1
0 2 913 1 1
0 6 909 1 1
0 10 905 1 1
0 5 910 1 1
0 11 904 1 1
0 4 911 1 1
0 3 912 1 1
0 8 907 1 1
0 2 903 1 1
0 3 903 1 1
0 12 903 1 1
0 4 903 1 1
0 5 903 1 1
0 8 903 1 1
0 6 903 1 1
0 9 903 1 1
0 7 903 1 1
0 10 903 1 1
0 11 903 1 1
0 1 903 1 1
0 4 908 1 1
0 7 911 1 1
0 6 910 1 1
0 8 912 1 1
0 12 903 1 1
0 1 905 1 1
0 9 913 1 1
0 11 902 1 1
0 5 909 1 1
0 13 904 1 1
0 2 906 1 1
0 3 907 1 1
0 2 903 1 1
0 5 913 1 1
0 11 907 1 1
0 9 909 1 1
0 6 912 1 1
0 10 908 1 1
0 1 904 1 1
0 8 910 1 1
0 12 906 1 1
0 3 902 1 1
0 14 905 1 1
0 7 911 1 1
0 10 906 1 1
0 7 906 1 1
0 9 906 1 1
0 6 906 1 1
0 8 906 1 1
0 5 906 1 1
0 4 906 1 1
0 12 906 1 1
0 3 906 1 1
0 2 906 1 1
0 1 906 1 1
0 11 906 1 1
0 3 910 1 1
0 5 912 1 1
0 1 908 1 1
0 11 905 1 1
0 8 902 1 1
0 10 904 1 1
0 13 907 1 1
0 12 906 1 1
0 9 903 1 1
0 4 911 1 1
0 2 909 1 1
0 6 913 1 1
0 1 907 1 1
0 3 905 1 1
0 8 913 1 1
0 12 909 1 1
0 11 910 1 1
0 10 911 1 1
0 5 903 1 1
0 6 902 1 1
0 2 906 1 1
0 4 904 1 1
0 9 912 1 1
0 14 908 1 1
0 3 909 1 1
0 1 909 1 1
0 12 909 1 1
0 6 909 1 1
0 7 909 1 1
0 4 909 1 1
0 5 909 1 1
0 10 909 1 1
0 11 909 1 1
0 8 909 1 1
0 2 909 1 1
0 9 909 1 1
0 7 904 1 1
0 9 906 1 1
0 1 911 1 1
0 10 907 1 1
0 13 910 1 1
0 11 908 1 1
0 12 909 1 1
0 3 913 1 1
0 8 905 1 1
0 6 903 1 1
0 5 902 1 1
0 2 912 1 1
0 7 904 1 1
0 4 907 1 1
0 14 911 1 1
0 11 913 1 1
0 1 910 1 1
0 5 906 1 1
0 12 912 1 1
0 3 908 1 1
0 8 903 1 1
0 6 905 1 1
0 9 902 1 1
0 2 909 1 1
0 8 912 1 1
0 5 912 1 1
0 11 912 1 1
0 4 912 1 1
0 10 912 1 1
0 7 912 1 1
0 6 912 1 1
0 12 912 1 1
0 1 912 1 1
0 3 912 1 1
0 9 912 1 1
0 2 912 1 1
0 7 89 1 1
0 9 87 1 1
0 12 84 1 1
0 14 83 1 1
0 2 94 1 1
0 6 90 1 1
0 10 86 1 1
0 5 91 1 1
0 11 85 1 1
0 4 92 1 1
0 3 93 1 1
0 8 88 1 1
0 7 90 1 1
0 9 88 1 1
0 12 85 1 1
0 14 84 1 1
0 2 95 1 1
0 6 91 1 1
0 10 87 1 1
0 5 92 1 1
0 11 86 1 1
0 4 93 1 1
0 3 94 1 1
0 8 89 1 1
0 7 261 1 1
0 9 259 1 1
0 12 256 1 1
0 14 255 1 1
0 2 266 1 1
0 6 262 1 1
0 10 258 1 1
0 5 263 1 1
0 11 257 1 1
0 4 264 1 1
0 3 265 1 1
0 8 260 1 1
0 2 256 1 1
0 3 256 1 1
0 12 256 1 1
0 4 256 1 1
0 5 256 1 1
0 8 256 1 1
0 6 256 1 1
0 9 256 1 1
0 7 256 1 1
0 10 256 1 1
0 11 256 1 1
0 1 256 1 1
0 4 261 1 1
0 7 264 1 1
0 6 263 1 1
0 8 265 1 1
0 12 256 1 1
0 1 258 1 1
0 9 266 1 1
0 11 255 1 1
0 5 262 1 1
0 13 257 1 1
0 2 259 1 1
0 3 260 1 1
0 7 264 1 1
0 9 262 1 1
0 12 259 1 1
0 14 258 1 1
0 2 269 1 1
0 6 265 1 1
0 10 261 1 1
0 5 266 1 1
0 11 260 1 1
0 4 267 1 1
0 3 268 1 1
0 8 263 1 1
0 2 259 1 1
0 3 259 1 1
0 12 259 1 1
0 4 259 1 1
0 5 259 1 1
0 8 259 1 1
0 6 259 1 1
0 9 259 1 1
0 7 259 1 1
0 10 259 1 1
0 11 259 1 1
0 1 259 1 1
0 4 264 1 1
0 7 267 1 1
0 6 266 1 1
0 8 268 1 1
0 12 259 1 1
0 1 261 1 1
0 9 269 1 1
0 11 258 1 1
0 5 265 1 1
0 13 260 1 1
0 2 262 1 1
0 3 263 1 1
0 7 267 1 1
0 9 265 1 1
0 12 262 1 1
0 14 261 1 1
0 2 272 1 1
0 6 268 1 1
0 10 264 1 1
0 5 269 1 1
0 11 263 1 1
0 4 270 1 1
0 3 271 1 1
0 8 266 1 1
0 2 262 1 1
0 3 262 1 1
0 12 262 1 1
0 4 262 1 1
0 5 262 1 1
0 8 262 1 1
0 6 262 1 1
0 9 262 1 1
0 7 262 1 1
0 10 262 1 1
0 11 262 1 1
0 1 262 1 1
0 4 267 1 1
0 7 270 1 1
0 6 269 1 1
0 8 271 1 1
0 12 262 1 1
0 1 264 1 1
0 9 272 1 1
0 11 261 1 1
0 5 268 1 1
0 13 263 1 1
0 2 265 1 1
0 3 266 1 1
0 7 886 1 1
0 9 884 1 1
0 12 881 1 1
0 14 880 1 1
0 2 891 1 1
0 6 887 1 1
0 10 883 1 1
0 5 888 1 1
0 11 882 1 1
0 4 889 1 1
0 3 890 1 1
0 8 885 1 1
0 2 881 1 1
0 3 881 1 1
0 12 881 1 1
0 4 881 1 1
0 5 881 1 1
0 8 881 1 1
0 6 881 1 1
0 9 881 1 1
0 7 881 1 1
0 10 881 1 1
0 11 881 1 1
0 1 881 1 1
0 4 886 1 1
0 7 889 1 1
0 6 888 1 1
0 8 890 1 1
0 12 881 1 1
0 1 883 1 1
0 9 891 1 1
0 11 880 1 1
0 5 887 1 1
0 13 882 1 1
0 2 884 1 1
0 3 885 1 1
0 2 881 1 1
0 5 891 1 1
0 11 885 1 1
0 9 887 1 1
0 6 890 1 1
0 10 886 1 1
0 1 882 1 1
0 8 888 1 1
0 12 884 1 1
0 3 880 1 1
0 14 883 1 1
0 7 889 1 1
0 10 884 1 1
0 7 884 1 1
0 9 884 1 1
0 6 884 1 1
0 8 884 1 1
0 5 884 1 1
0 4 884 1 1
0 12 884 1 1
0 3 884 1 1
0 2 884 1 1
0 1 884 1 1
0 11 884 1 1
0 3 888 1 1
0 5 890 1 1
0 1 886 1 1
0 11 883 1 1
0 8 880 1 1
0 10 882 1 1
0 13 885 1 1
0 12 884 1 1
0 9 881 1 1
0 4 889 1 1
0 2 887 1 1
0 6 891 1 1
0 1 885 1 1
0 3 883 1 1
0 8 891 1 1
0 12 887 1 1
0 11 888 1 1
0 10 889 1 1
0 5 881 1 1
0 6 880 1 1
0 2 884 1 1
0 4 882 1 1
0 9 890 1 1
0 14 886 1 1
0 3 887 1 1
0 1 887 1 1
0 12 887 1 1
0 6 887 1 1
0 7 887 1 1
0 4 887 1 1
0 5 887 1 1
0 10 887 1 1
0 11 887 1 1
0 8 887 1 1
0 2 887 1 1
0 9 887 1 1
0 7 882 1 1
0 9 884 1 1
0 1 889 1 1
0 10 885 1 1
0 13 888 1 1
0 11 886 1 1
0 12 887 1 1
0 3 891 1 1
0 8 883 1 1
0 6 881 1 1
0 5 880 1 1
0 2 890 1 1
0 7 882 1 1
0 4 885 1 1
0 14 889 1 1
0 11 891 1 1
0 1 888 1 1
0 5 884 1 1
0 12 890 1 1
0 3 886 1 1
0 8 881 1 1
0 6 883 1 1
0 9 880 1 1
0 2 887 1 1
0 7 985 1 1
0 9 983 1 1
0 12 980 1 1
0 14 979 1 1
0 2 990 1 1
0 6 986 1 1
0 10 982 1 1
0 5 987 1 1
0 11 981 1 1
0 4 988 1 1
0 3 989 1 1
0 8 984 1 1
0 2 980 1 1
0 3 980 1 1
0 12 980 1 1
0 4 980 1 1
0 5 980 1 1
0 8 980 1 1
0 6 980 1 1
0 9 980 1 1
0 7 980 1 1
0 10 980 1 1
0 11 980 1 1
0 1 980 1 1
0 4 985 1 1
0 7 988 1 1
0 6 987 1 1
0 8 989 1 1
0 12 980 1 1
0 1 982 1 1
0 9 990 1 1
0 11 979 1 1
0 5 986 1 1
0 13 981 1 1
0 2 983 1 1
0 3 984 1 1
0 2 980 1 1
0 5 990 1 1
0 11 984 1 1
0 9 986 1 1
0 6 989 1 1
0 10 985 1 1
0 1 981 1 1
0 8 987 1 1
0 12 983 1 1
0 3 979 1 1
0 14 982 1 1
0 7 988 1 1
0 10 983 1 1
0 7 983 1 1
0 9 983 1 1
0 6 983 1 1
0 8 983 1 1
0 5 983 1 1
0 4 983 1 1
0 12 983 1 1
0 3 983 1 1
0 2 983 1 1
0 1 983 1 1
0 11 983 1 1
0 3 987 1 1
0 5 989 1 1
0 1 985 1 1
0 11 982 1 1
0 8 979 1 1
0 10 981 1 1
0 13 984 1 1
0 12 983 1 1
0 9 980 1 1
0 4 988 1 1
0 2 986 1 1
0 6 990 1 1
0 1 984 1 1
0 3 982 1 1
0 8 990 1 1
0 12 986 1 1
0 11 987 1 1
0 10 988 1 1
0 5 980 1 1
0 6 979 1 1
0 2 983 1 1
0 4 981 1 1
0 9 989 1 1
0 14 985 1 1
0 3 986 1 1
0 1 986 1 1
0 12 986 1 1
0 6 986 1 1
0 7 986 1 1
0 4 986 1 1
0 5 986 1 1
0 10 986 1 1
0 11 986 1 1
0 8 986 1 1
0 2 986 1 1
0 9 986 1 1
0 7 981 1 1
0 9 983 1 1
0 1 988 1 1
0 10 984 1 1
0 13 987 1 1
0 11 985 1 1
0 12 986 1 1
0 3 990 1 1
0 8 982 1 1
0 6 980 1 1
0 5 979 1 1
0 2 989 1 1
0 7 981 1 1
0 4 984 1 1
0 14 988 1 1
0 11 990 1 1
0 1 987 1 1
0 5 983 1 1
0 12 989 1 1
0 3 985 1 1
0 8 980 1 1
0 6 982 1 1
0 9 979 1 1
0 2 986 1 1
0 8 989 1 1
0 5 989 1 1
0 11 989 1 1
0 4 989 1 1
0 10 989 1 1
0 7 989 1 1
0 6 989 1 1
0 12 989 1 1
0 1 989 1 1
0 3 989 1 1
0 9 989 1 1
0 2 989 1 1
0 7 186 1 1
0 9 184 1 1
0 12 181 1 1
0 14 180 1 1
0 2 191 1 1
0 6 187 1 1
0 10 183 1 1
0 5 188 1 1
0 11 182 1 1
0 4 189 1 1
0 3 190 1 1
0 8 185 1 1
0 2 181 1 1
0 3 181 1 1
0 12 181 1 1
0 4 181 1 1
0 5 181 1 1
0 8 181 1 1
0 6 181 1 1
0 9 181 1 1
0 7 181 1 1
0 10 181 1 1
0 11 181 1 1
0 1 181 1 1
0 7 188 1 1
0 9 186 1 1
0 12 183 1 1
0 14 182 1 1
0 2 193 1 1
0 6 189 1 1
0 10 185 1 1
0 5 190 1 1
0 11 184 1 1
0 4 191 1 1
0 3 192 1 1
0 8 187 1 1
0 2 183 1 1
0 3 183 1 1
0 12 183 1 1
0 4 183 1 1
0 5 183 1 1
0 8 183 1 1
0 6 183 1 1
0 9 183 1 1
0 7 183 1 1
0 10 183 1 1
0 11 183 1 1
0 1 183 1 1
0 7 190 1 1
0 9 188 1 1
0 12 185 1 1
0 14 184 1 1
0 2 195 1 1
0 6 191 1 1
0 10 187 1 1
0 5 192 1 1
0 11 186 1 1
0 4 193 1 1
0 3 194 1 1
0 8 189 1 1
0 2 185 1 1
0 3 185 1 1
0 12 185 1 1
0 4 185 1 1
0 5 185 1 1
0 8 185 1 1
0 6 185 1 1
0 9 185 1 1
0 7 185 1 1
0 10 185 1 1
0 11 185 1 1
0 1 185 1 1
0 7 657 1 1
0 9 655 1 1
0 12 652 1 1
0 14 651 1 1
0 2 662 1 1
0 6 658 1 1
0 10 654 1 1
0 5 659 1 1
0 11 653 1 1
0 4 660 1 1
0 3 661 1 1
0 8 656 1 1
0 2 652 1 1
0 3 652 1 1
0 12 652 1 1
0 4 652 1 1
0 5 652 1 1
0 8 652 1 1
0 6 652 1 1
0 9 652 1 1
0 7 652 1 1
0 10 652 1 1
0 11 652 1 1
0 1 652 1 1
0 4 657 1 1
0 7 660 1 1
0 6 659 1 1
0 8 661 1 1
0 12 652 1 1
0 1 654 1 1
0 9 662 1 1
0 11 651 1 1
0 5 658 1 1
0 13 653 1 1
0 2 655 1 1
0 3 656 1 1
0 2 652 1 1
0 5 662 1 1
0 11 656 1 1
0 9 658 1 1
0 6 661 1 1
0 10 657 1 1
0 1 653 1 1
0 8 659 1 1
0 12 655 1 1
0 3 651 1 1
0 14 654 1 1
0 7 660 1 1
0 10 655 1 1
0 7 655 1 1
0 9 655 1 1
0 6 655 1 1
0 8 655 1 1
0 5 655 1 1
0 4 655 1 1
0 12 655 1 1
0 3 655 1 1
0 2 655 1 1
0 1 655 1 1
0 11 655 1 1
0 3 659 1 1
0 5 661 1 1
0 1 657 1 1
0 11 654 1 1
0 8 651 1 1
0 10 653 1 1
0 13 656 1 1
0 12 655 1 1
0 9 652 1 1
0 4 660 1 1
0 2 658 1 1
0 6 662 1 1
0 1 656 1 1
0 3 654 1 1
0 8 662 1 1
0 12 658 1 1
0 11 659 1 1
0 10 660 1 1
0 5 652 1 1
0 6 651 1 1
0 2 655 1 1
0 4 653 1 1
0 9 661 1 1
0 14 657 1 1
0 7 946 1 1
0 9 944 1 1
0 12 941 1 1
0 14 940 1 1
0 2 951 1 1
0 6 947 1 1
0 10 943 1 1
0 5 948 1 1
0 11 942 1 1
0 4 949 1 1
0 3 950 1 1
0 8 945 1 1
0 2 941 1 1
0 3 941 1 1
0 12 941 1 1
0 4 941 1 1
0 5 941 1 1
0 8 941 1 1
0 6 941 1 1
0 9 941 1 1
0 7 941 1 1
0 10 941 1 1
0 11 941 1 1
0 1 941 1 1
0 4 946 1 1
0 7 949 1 1
0 6 948 1 1
0 8 950 1 1
0 12 941 1 1
0 1 943 1 1
0 9 951 1 1
0 11 940 1 1
0 5 947 1 1
0 13 942 1 1
0 2 944 1 1
0 3 945 1 1
0 2 941 1 1
0 5 951 1 1
0 11 945 1 1
0 9 947 1 1
0 6 950 1 1
0 10 946 1 1
0 1 942 1 1
0 8 948 1 1
0 12 944 1 1
0 3 940 1 1
0 14 943 1 1
0 7 949 1 1
0 10 944 1 1
0 7 944 1 1
0 9 944 1 1
0 6 944 1 1
0 8 944 1 1
0 5 944 1 1
0 4 944 1 1
0 12 944 1 1
0 3 944 1 1
0 2 944 1 1
0 1 944 1 1
0 11 944 1 1
0 3 948 1 1
0 5 950 1 1
0 1 946 1 1
0 11 943 1 1
0 8 940 1 1
0 10 942 1 1
0 13 945 1 1
0 12 944 1 1
0 9 941 1 1
0 4 949 1 1
0 2 947 1 1
0 6 951 1 1
0 1 945 1 1
0 3 943 1 1
0 8 951 1 1
0 12 947 1 1
0 11 948 1 1
0 10 949 1 1
0 5 941 1 1
0 6 940 1 1
0 2 944 1 1
0 4 942 1 1
0 9 950 1 1
0 14 946 1 1
0 3 947 1 1
0 1 947 1 1
0 12 947 1 1
0 6 947 1 1
0 7 947 1 1
0 4 947 1 1
0 5 947 1 1
0 10 947 1 1
0 11 947 1 1
0 8 947 1 1
0 2 947 1 1
0 9 947 1 1
0 7 942 1 1
0 9 944 1 1
0 1 949 1 1
0 10 945 1 1
0 13 948 1 1
0 11 946 1 1
0 12 947 1 1
0 3 951 1 1
0 8 943 1 1
0 6 941 1 1
0 5 940 1 1
0 2 950 1 1
0 7 942 1 1
0 4 945 1 1
0 14 949 1 1
0 11 951 1 1
0 1 948 1 1
0 5 944 1 1
0 12 950 1 1
0 3 946 1 1
0 8 941 1 1
0 6 943 1 1
0 9 940 1 1
0 2 947 1 1
0 7 481 1 1
0 9 479 1 1
0 12 476 1 1
0 14 475 1 1
0 2 486 1 1
0 6 482 1 1
0 10 478 1 1
0 5 483 1 1
0 11 477 1 1
0 4 484 1 1
0 3 485 1 1
0 8 480 1 1
0 2 476 1 1
0 3 476 1 1
0 12 476 1 1
0 4 476 1 1
0 5 476 1 1
0 8 476 1 1
0 6 476 1 1
0 9 476 1 1
0 7 476 1 1
0 10 476 1 1
0 11 476 1 1
0 1 476 1 1
0 4 481 1 1
0 7 484 1 1
0 6 483 1 1
0 8 485 1 1
0 12 476 1 1
0 1 478 1 1
0 9 486 1 1
0 11 475 1 1
0 5 482 1 1
0 13 477 1 1
0 2 479 1 1
0 3 480 1 1
0 2 476 1 1
0 5 486 1 1
0 11 480 1 1
0 9 482 1 1
0 6 485 1 1
0 10 481 1 1
0 1 477 1 1
0 8 483 1 1
0 12 479 1 1
0 3 475 1 1
0 14 478 1 1
0 7 484 1 1
0 10 479 1 1
0 7 479 1 1
0 9 479 1 1
0 6 479 1 1
0 8 479 1 1
0 5 479 1 1
0 4 479 1 1
0 12 479 1 1
0 3 479 1 1
0 2 479 1 1
0 1 479 1 1
0 11 479 1 1
0 7 1062 1 1
0 9 1060 1 1
0 12 1057 1 1
0 14 1056 1 1
0 2 1067 1 1
0 6 1063 1 1
0 10 1059 1 1
0 5 1064 1 1
0 11 1058 1 1
0 4 1065 1 1
0 3 1066 1 1
0 8 1061 1 1
0 2 1057 1 1
0 3 1057 1 1
0 12 1057 1 1
0 4 1057 1 1
0 5 1057 1 1
0 8 1057 1 1
0 6 1057 1 1
0 9 1057 1 1
0 7 1057 1 1
0 10 1057 1 1
0 11 1057 1 1
0 1 1057 1 1
0 4 1062 1 1
0 7 1065 1 1
0 6 1064 1 1
0 8 1066 1 1
0 12 1057 1 1
0 1 1059 1 1
0 9 1067 1 1
0 11 1056 1 1
0 5 1063 1 1
0 13 1058 1 1
0 2 1060 1 1
0 3 1061 1 1
0 2 1057 1 1
0 5 1067 1 1
0 11 1061 1 1
0 9 1063 1 1
0 6 1066 1 1
0 10 1062 1 1
0 1 1058 1 1
0 8 1064 1 1
0 12 1060 1 1
0 3 1056 1 1
0 14 1059 1 1
0 7 1065 1 1
0 10 1060 1 1
0 7 1060 1 1
0 9 1060 1 1
0 6 1060 1 1
0 8 1060 1 1
0 5 1060 1 1
0 4 1060 1 1
0 12 1060 1 1
0 3 1060 1 1
0 2 1060 1 1
0 1 1060 1 1
0 11 1060 1 1
0 3 1064 1 1
0 5 1066 1 1
0 1 1062 1 1
0 11 1059 1 1
0 8 1056 1 1
0 10 1058 1 1
0 13 1061 1 1
0 12 1060 1 1
0 9 1057 1 1
0 4 1065 1 1
0 2 1063 1 1
0 6 1067 1 1
0 1 1061 1 1
0 3 1059 1 1
0 8 1067 1 1
0 12 1063 1 1
0 11 1064 1 1
0 10 1065 1 1
0 5 1057 1 1
0 6 1056 1 1
0 2 1060 1 1
0 4 1058 1 1
0 9 1066 1 1
0 14 1062 1 1
0 3 1063 1 1
0 1 1063 1 1
0 12 1063 1 1
0 6 1063 1 1
0 7 1063 1 1
0 4 1063 1 1
0 5 1063 1 1
0 10 1063 1 1
0 11 1063 1 1
0 8 1063 1 1
0 2 1063 1 1
0 9 1063 1 1
0 7 1058 1 1
0 9 1060 1 1
0 1 1065 1 1
0 10 1061 1 1
0 13 1064 1 1
0 11 1062 1 1
0 12 1063 1 1
0 3 1067 1 1
0 8 1059 1 1
0 6 1057 1 1
0 5 1056 1 1
0 2 1066 1 1
0 7 1058 1 1
0 4 1061 1 1
0 14 1065 1 1
0 11 1067 1 1
0 1 1064 1 1
0 5 1060 1 1
0 12 1066 1 1
0 3 1062 1 1
0 8 1057 1 1
0 6 1059 1 1
0 9 1056 1 1
0 2 1063 1 1
0 8 1066 1 1
0 5 1066 1 1
0 11 1066 1 1
0 4 1066 1 1
0 10 1066 1 1
0 7 1066 1 1
0 6 1066 1 1
0 12 1066 1 1
0 1 1066 1 1
0 3 1066 1 1
0 9 1066 1 1
0 2 1066 1 1
0 7 685 1 1
0 9 683 1 1
0 12 680 1 1
0 14 679 1 1
0 2 690 1 1
0 6 686 1 1
0 10 682 1 1
0 5 687 1 1
0 11 681 1 1
0 4 688 1 1
0 3 689 1 1
0 8 684 1 1
0 2 680 1 1
0 3 680 1 1
0 12 680 1 1
0 4 680 1 1
0 5 680 1 1
0 8 680 1 1
0 6 680 1 1
0 9 680 1 1
0 7 680 1 1
0 10 680 1 1
0 11 680 1 1
0 1 680 1 1
0 4 685 1 1
0 7 688 1 1
0 6 687 1 1
0 8 689 1 1
0 12 680 1 1
0 1 682 1 1
0 9 690 1 1
0 11 679 1 1
0 5 686 1 1
0 13 681 1 1
0 2 683 1 1
0 3 684 1 1
0 2 680 1 1
0 5 690 1 1
0 11 684 1 1
0 9 686 1 1
0 6 689 1 1
0 10 685 1 1
0 1 681 1 1
0 8 687 1 1
0 12 683 1 1
0 3 679 1 1
0 14 682 1 1
0 7 688 1 1
0 10 683 1 1
0 7 683 1 1
0 9 683 1 1
0 6 683 1 1
0 8 683 1 1
0 5 683 1 1
0 4 683 1 1
0 12 683 1 1
0 3 683 1 1
0 2 683 1 1
0 1 683 1 1
0 11 683 1 1
0 3 687 1 1
0 5 689 1 1
0 1 685 1 1
0 11 682 1 1
0 8 679 1 1
0 10 681 1 1
0 13 684 1 1
0 12 683 1 1
0 9 680 1 1
0 4 688 1 1
0 2 686 1 1
0 6 690 1 1
0 1 684 1 1
0 3 682 1 1
0 8 690 1 1
0 12 686 1 1
0 11 687 1 1
0 10 688 1 1
0 5 680 1 1
0 6 679 1 1
0 2 683 1 1
0 4 681 1 1
0 9 689 1 1
0 14 685 1 1
0 7 300 1 1
0 9 298 1 1
0 12 295 1 1
0 14 294 1 1
0 2 305 1 1
0 6 301 1 1
0 10 297 1 1
0 5 302 1 1
0 11 296 1 1
0 4 303 1 1
0 3 304 1 1
0 8 299 1 1
0 2 295 1 1
0 3 295 1 1
0 12 295 1 1
0 4 295 1 1
0 5 295 1 1
0 8 295 1 1
0 6 295 1 1
0 9 295 1 1
0 7 295 1 1
0 10 295 1 1
0 11 295 1 1
0 1 295 1 1
0 4 300 1 1
0 7 303 1 1
0 6 302 1 1
0 8 304 1 1
0 12 295 1 1
0 1 297 1 1
0 9 305 1 1
0 11 294 1 1
0 5 301 1 1
0 13 296 1 1
0 2 298 1 1
0 3 299 1 1
0 7 798 1 1
0 9 796 1 1
0 12 793 1 1
0 14 792 1 1
0 2 803 1 1
0 6 799 1 1
0 10 795 1 1
0 5 800 1 1
0 11 794 1 1
0 4 801 1 1
0 3 802 1 1
0 8 797 1 1
0 2 793 1 1
0 3 793 1 1
0 12 793 1 1
0 4 793 1 1
0 5 793 1 1
0 8 793 1 1
0 6 793 1 1
0 9 793 1 1
0 7 793 1 1
0 10 793 1 1
0 11 793 1 1
0 1 793 1 1
0 4 798 1 1
0 7 801 1 1
0 6 800 1 1
0 8 802 1 1
0 12 793 1 1
0 1 795 1 1
0 9 803 1 1
0 11 792 1 1
0 5 799 1 1
0 13 794 1 1
0 2 796 1 1
0 3 797 1 1
0 2 793 1 1
0 5 803 1 1
0 11 797 1 1
0 9 799 1 1
0 6 802 1 1
0 10 798 1 1
0 1 794 1 1
0 8 800 1 1
0 12 796 1 1
0 3 792 1 1
0 14 795 1 1
0 7 801 1 1
0 10 796 1 1
0 7 796 1 1
0 9 796 1 1
0 6 796 1 1
0 8 796 1 1
0 5 796 1 1
0 4 796 1 1
0 12 796 1 1
0 3 796 1 1
0 2 796 1 1
0 1 796 1 1
0 11 796 1 1
0 3 800 1 1
0 5 802 1 1
0 1 798 1 1
0 11 795 1 1
0 8 792 1 1
0 10 794 1 1
0 13 797 1 1
0 12 796 1 1
0 9 793 1 1
0 4 801 1 1
0 2 799 1 1
0 6 803 1 1
0 1 797 1 1
0 3 795 1 1
0 8 803 1 1
0 12 799 1 1
0 11 800 1 1
0 10 801 1 1
0 5 793 1 1
0 6 792 1 1
0 2 796 1 1
0 4 794 1 1
0 9 802 1 1
0 14 798 1 1
0 3 799 1 1
0 1 799 1 1
0 12 799 1 1
0 6 799 1 1
0 7 799 1 1
0 4 799 1 1
0 5 799 1 1
0 10 799 1 1
0 11 799 1 1
0 8 799 1 1
0 2 799 1 1
0 9 799 1 1
