0 3 3 1 1
0 5 5 1 1
0 6 6 1 1
0 10 10 1 1
0 11 11 1 1
0 14 0 1 1
0 4 4 1 1
0 7 7 1 1
0 9 9 1 1
0 8 8 1 1
0 2 2 1 1
0 1 1 1 1
0 2 1 1 1
0 3 1 1 1
0 12 1 1 1
0 4 1 1 1
0 5 1 1 1
0 8 1 1 1
0 6 1 1 1
0 9 1 1 1
0 7 1 1 1
0 10 1 1 1
0 11 1 1 1
0 1 1 1 1
0 8 7 1 1
0 5 10 1 1
0 9 6 1 1
0 4 11 1 1
0 10 5 1 1
0 12 3 1 1
0 13 2 1 1
0 1 1 1 1
0 7 8 1 1
0 6 9 1 1
0 2 0 1 1
0 11 4 1 1
0 7 10 1 1
0 8 11 1 1
0 2 5 1 1
0 5 8 1 1
0 3 6 1 1
0 4 7 1 1
0 10 0 1 1
0 12 2 1 1
0 6 9 1 1
0 11 1 1 1
0 1 4 1 1
0 14 3 1 1
0 10 4 1 1
0 7 4 1 1
0 9 4 1 1
0 6 4 1 1
0 8 4 1 1
0 5 4 1 1
0 4 4 1 1
0 12 4 1 1
0 3 4 1 1
0 2 4 1 1
0 1 4 1 1
0 11 4 1 1
0 7 11 1 1
0 2 3 1 1
0 8 10 1 1
0 12 6 1 1
0 9 9 1 1
0 4 1 1 1
0 10 8 1 1
0 13 5 1 1
0 5 0 1 1
0 3 2 1 1
0 11 7 1 1
0 1 4 1 1
0 4 10 1 1
0 2 8 1 1
0 5 11 1 1
0 1 7 1 1
0 9 2 1 1
0 10 3 1 1
0 3 9 1 1
0 12 5 1 1
0 7 0 1 1
0 8 1 1 1
0 11 4 1 1
0 14 6 1 1
0 3 6 1 1
0 5 8 1 1
0 6 9 1 1
0 10 13 1 1
0 11 14 1 1
0 14 3 1 1
0 4 7 1 1
0 7 10 1 1
0 9 12 1 1
0 8 11 1 1
0 2 5 1 1
0 1 4 1 1
0 2 4 1 1
0 3 4 1 1
0 12 4 1 1
0 4 4 1 1
0 5 4 1 1
0 8 4 1 1
0 6 4 1 1
0 9 4 1 1
0 7 4 1 1
0 10 4 1 1
0 11 4 1 1
0 1 4 1 1
0 8 10 1 1
0 5 13 1 1
0 9 9 1 1
0 4 14 1 1
0 10 8 1 1
0 12 6 1 1
0 13 5 1 1
0 1 4 1 1
0 7 11 1 1
0 6 12 1 1
0 2 3 1 1
0 11 7 1 1
0 3 19 1 1
0 5 21 1 1
0 6 22 1 1
0 10 26 1 1
0 11 27 1 1
0 14 16 1 1
0 4 20 1 1
0 7 23 1 1
0 9 25 1 1
0 8 24 1 1
0 2 18 1 1
0 1 17 1 1
0 2 17 1 1
0 3 17 1 1
0 12 17 1 1
0 4 17 1 1
0 5 17 1 1
0 8 17 1 1
0 6 17 1 1
0 9 17 1 1
0 7 17 1 1
0 10 17 1 1
0 11 17 1 1
0 1 17 1 1
0 8 23 1 1
0 5 26 1 1
0 9 22 1 1
0 4 27 1 1
0 10 21 1 1
0 12 19 1 1
0 13 18 1 1
0 1 17 1 1
0 7 24 1 1
0 6 25 1 1
0 2 16 1 1
0 11 20 1 1
0 7 26 1 1
0 8 27 1 1
0 2 21 1 1
0 5 24 1 1
0 3 22 1 1
0 4 23 1 1
0 10 16 1 1
0 12 18 1 1
0 6 25 1 1
0 11 17 1 1
0 1 20 1 1
0 14 19 1 1
0 10 20 1 1
0 7 20 1 1
0 9 20 1 1
0 6 20 1 1
0 8 20 1 1
0 5 20 1 1
0 4 20 1 1
0 12 20 1 1
0 3 20 1 1
0 2 20 1 1
0 1 20 1 1
0 11 20 1 1
0 7 27 1 1
0 2 19 1 1
0 8 26 1 1
0 12 22 1 1
0 9 25 1 1
0 4 17 1 1
0 10 24 1 1
0 13 21 1 1
0 5 16 1 1
0 3 18 1 1
0 11 23 1 1
0 1 20 1 1
0 4 26 1 1
0 2 24 1 1
0 5 27 1 1
0 1 23 1 1
0 9 18 1 1
0 10 19 1 1
0 3 25 1 1
0 12 21 1 1
0 7 16 1 1
0 8 17 1 1
0 11 20 1 1
0 14 22 1 1
0 3 23 1 1
0 1 23 1 1
0 12 23 1 1
0 6 23 1 1
0 7 23 1 1
0 4 23 1 1
0 5 23 1 1
0 10 23 1 1
0 11 23 1 1
0 8 23 1 1
0 2 23 1 1
0 9 23 1 1
0 3 27 1 1
0 5 29 1 1
0 6 30 1 1
0 10 34 1 1
0 11 35 1 1
0 14 24 1 1
0 4 28 1 1
0 7 31 1 1
0 9 33 1 1
0 8 32 1 1
0 2 26 1 1
0 1 25 1 1
0 2 25 1 1
0 3 25 1 1
0 12 25 1 1
0 4 25 1 1
0 5 25 1 1
0 8 25 1 1
0 6 25 1 1
0 9 25 1 1
0 7 25 1 1
0 10 25 1 1
0 11 25 1 1
0 1 25 1 1
0 8 31 1 1
0 5 34 1 1
0 9 30 1 1
0 4 35 1 1
0 10 29 1 1
0 12 27 1 1
0 13 26 1 1
0 1 25 1 1
0 7 32 1 1
0 6 33 1 1
0 2 24 1 1
0 11 28 1 1
0 7 34 1 1
0 8 35 1 1
0 2 29 1 1
0 5 32 1 1
0 3 30 1 1
0 4 31 1 1
0 10 24 1 1
0 12 26 1 1
0 6 33 1 1
0 11 25 1 1
0 1 28 1 1
0 14 27 1 1
0 10 28 1 1
0 7 28 1 1
0 9 28 1 1
0 6 28 1 1
0 8 28 1 1
0 5 28 1 1
0 4 28 1 1
0 12 28 1 1
0 3 28 1 1
0 2 28 1 1
0 1 28 1 1
0 11 28 1 1
0 7 35 1 1
0 2 27 1 1
0 8 34 1 1
0 12 30 1 1
0 9 33 1 1
0 4 25 1 1
0 10 32 1 1
0 13 29 1 1
0 5 24 1 1
0 3 26 1 1
0 11 31 1 1
0 1 28 1 1
0 4 34 1 1
0 2 32 1 1
0 5 35 1 1
0 1 31 1 1
0 9 26 1 1
0 10 27 1 1
0 3 33 1 1
0 12 29 1 1
0 7 24 1 1
0 8 25 1 1
0 11 28 1 1
0 14 30 1 1
0 3 31 1 1
0 1 31 1 1
0 12 31 1 1
0 6 31 1 1
0 7 31 1 1
0 4 31 1 1
0 5 31 1 1
0 10 31 1 1
0 11 31 1 1
0 8 31 1 1
0 2 31 1 1
0 9 31 1 1
0 3 23 1 1
0 5 25 1 1
0 6 26 1 1
0 10 30 1 1
0 11 31 1 1
0 14 20 1 1
0 4 24 1 1
0 7 27 1 1
0 9 29 1 1
0 8 28 1 1
0 2 22 1 1
0 1 21 1 1
0 2 21 1 1
0 3 21 1 1
0 12 21 1 1
0 4 21 1 1
0 5 21 1 1
0 8 21 1 1
0 6 21 1 1
0 9 21 1 1
0 7 21 1 1
0 10 21 1 1
0 11 21 1 1
0 1 21 1 1
0 8 27 1 1
0 5 30 1 1
0 9 26 1 1
0 4 31 1 1
0 10 25 1 1
0 12 23 1 1
0 13 22 1 1
0 1 21 1 1
0 7 28 1 1
0 6 29 1 1
0 2 20 1 1
0 11 24 1 1
0 7 30 1 1
0 8 31 1 1
0 2 25 1 1
0 5 28 1 1
0 3 26 1 1
0 4 27 1 1
0 10 20 1 1
0 12 22 1 1
0 6 29 1 1
0 11 21 1 1
0 1 24 1 1
0 14 23 1 1
0 10 24 1 1
0 7 24 1 1
0 9 24 1 1
0 6 24 1 1
0 8 24 1 1
0 5 24 1 1
0 4 24 1 1
0 12 24 1 1
0 3 24 1 1
0 2 24 1 1
0 1 24 1 1
0 11 24 1 1
0 3 13 1 1
0 5 15 1 1
0 6 16 1 1
0 10 20 1 1
0 11 21 1 1
0 14 10 1 1
0 4 14 1 1
0 7 17 1 1
0 9 19 1 1
0 8 18 1 1
0 2 12 1 1
0 1 11 1 1
0 2 11 1 1
0 3 11 1 1
0 12 11 1 1
0 4 11 1 1
0 5 11 1 1
0 8 11 1 1
0 6 11 1 1
0 9 11 1 1
0 7 11 1 1
0 10 11 1 1
0 11 11 1 1
0 1 11 1 1
0 3 45 1 1
0 5 47 1 1
0 6 48 1 1
0 10 52 1 1
0 11 53 1 1
0 14 42 1 1
0 4 46 1 1
0 7 49 1 1
0 9 51 1 1
0 8 50 1 1
0 2 44 1 1
0 1 43 1 1
0 2 43 1 1
0 3 43 1 1
0 12 43 1 1
0 4 43 1 1
0 5 43 1 1
0 8 43 1 1
0 6 43 1 1
0 9 43 1 1
0 7 43 1 1
0 10 43 1 1
0 11 43 1 1
0 1 43 1 1
0 8 49 1 1
0 5 52 1 1
0 9 48 1 1
0 4 53 1 1
0 10 47 1 1
0 12 45 1 1
0 13 44 1 1
0 1 43 1 1
0 7 50 1 1
0 6 51 1 1
0 2 42 1 1
0 11 46 1 1
0 7 52 1 1
0 8 53 1 1
0 2 47 1 1
0 5 50 1 1
0 3 48 1 1
0 4 49 1 1
0 10 42 1 1
0 12 44 1 1
0 6 51 1 1
0 11 43 1 1
0 1 46 1 1
0 14 45 1 1
0 10 46 1 1
0 7 46 1 1
0 9 46 1 1
0 6 46 1 1
0 8 46 1 1
0 5 46 1 1
0 4 46 1 1
0 12 46 1 1
0 3 46 1 1
0 2 46 1 1
0 1 46 1 1
0 11 46 1 1
0 7 53 1 1
0 2 45 1 1
0 8 52 1 1
0 12 48 1 1
0 9 51 1 1
0 4 43 1 1
0 10 50 1 1
0 13 47 1 1
0 5 42 1 1
0 3 44 1 1
0 11 49 1 1
0 1 46 1 1
0 4 52 1 1
0 2 50 1 1
0 5 53 1 1
0 1 49 1 1
0 9 44 1 1
0 10 45 1 1
0 3 51 1 1
0 12 47 1 1
0 7 42 1 1
0 8 43 1 1
0 11 46 1 1
0 14 48 1 1
0 3 17 1 1
0 5 19 1 1
0 6 20 1 1
0 10 24 1 1
0 11 25 1 1
0 14 14 1 1
0 4 18 1 1
0 7 21 1 1
0 9 23 1 1
0 8 22 1 1
0 2 16 1 1
0 1 15 1 1
0 2 15 1 1
0 3 15 1 1
0 12 15 1 1
0 4 15 1 1
0 5 15 1 1
0 8 15 1 1
0 6 15 1 1
0 9 15 1 1
0 7 15 1 1
0 10 15 1 1
0 11 15 1 1
0 1 15 1 1
0 3 51 1 1
0 5 53 1 1
0 6 54 1 1
0 10 58 1 1
0 11 59 1 1
0 14 48 1 1
0 4 52 1 1
0 7 55 1 1
0 9 57 1 1
0 8 56 1 1
0 2 50 1 1
0 1 49 1 1
0 2 49 1 1
0 3 49 1 1
0 12 49 1 1
0 4 49 1 1
0 5 49 1 1
0 8 49 1 1
0 6 49 1 1
0 9 49 1 1
0 7 49 1 1
0 10 49 1 1
0 11 49 1 1
0 1 49 1 1
0 8 55 1 1
0 5 58 1 1
0 9 54 1 1
0 4 59 1 1
0 10 53 1 1
0 12 51 1 1
0 13 50 1 1
0 1 49 1 1
0 7 56 1 1
0 6 57 1 1
0 2 48 1 1
0 11 52 1 1
0 7 58 1 1
0 8 59 1 1
0 2 53 1 1
0 5 56 1 1
0 3 54 1 1
0 4 55 1 1
0 10 48 1 1
0 12 50 1 1
0 6 57 1 1
0 11 49 1 1
0 1 52 1 1
0 14 51 1 1
0 10 52 1 1
0 7 52 1 1
0 9 52 1 1
0 6 52 1 1
0 8 52 1 1
0 5 52 1 1
0 4 52 1 1
0 12 52 1 1
0 3 52 1 1
0 2 52 1 1
0 1 52 1 1
0 11 52 1 1
0 7 59 1 1
0 2 51 1 1
0 8 58 1 1
0 12 54 1 1
0 9 57 1 1
0 4 49 1 1
0 10 56 1 1
0 13 53 1 1
0 5 48 1 1
0 3 50 1 1
0 11 55 1 1
0 1 52 1 1
0 3 30 1 1
0 5 32 1 1
0 6 33 1 1
0 10 37 1 1
0 11 38 1 1
0 14 27 1 1
0 4 31 1 1
0 7 34 1 1
0 9 36 1 1
0 8 35 1 1
0 2 29 1 1
0 1 28 1 1
0 2 28 1 1
0 3 28 1 1
0 12 28 1 1
0 4 28 1 1
0 5 28 1 1
0 8 28 1 1
0 6 28 1 1
0 9 28 1 1
0 7 28 1 1
0 10 28 1 1
0 11 28 1 1
0 1 28 1 1
0 8 34 1 1
0 5 37 1 1
0 9 33 1 1
0 4 38 1 1
0 10 32 1 1
0 12 30 1 1
0 13 29 1 1
0 1 28 1 1
0 7 35 1 1
0 6 36 1 1
0 2 27 1 1
0 11 31 1 1
0 3 93 1 1
0 5 95 1 1
0 6 96 1 1
0 10 100 1 1
0 11 101 1 1
0 14 90 1 1
0 4 94 1 1
0 7 97 1 1
0 9 99 1 1
0 8 98 1 1
0 2 92 1 1
0 1 91 1 1
0 2 91 1 1
0 3 91 1 1
0 12 91 1 1
0 4 91 1 1
0 5 91 1 1
0 8 91 1 1
0 6 91 1 1
0 9 91 1 1
0 7 91 1 1
0 10 91 1 1
0 11 91 1 1
0 1 91 1 1
0 8 97 1 1
0 5 100 1 1
0 9 96 1 1
0 4 101 1 1
0 10 95 1 1
0 12 93 1 1
0 13 92 1 1
0 1 91 1 1
0 7 98 1 1
0 6 99 1 1
0 2 90 1 1
0 11 94 1 1
0 7 100 1 1
0 8 101 1 1
0 2 95 1 1
0 5 98 1 1
0 3 96 1 1
0 4 97 1 1
0 10 90 1 1
0 12 92 1 1
0 6 99 1 1
0 11 91 1 1
0 1 94 1 1
0 14 93 1 1
0 10 94 1 1
0 7 94 1 1
0 9 94 1 1
0 6 94 1 1
0 8 94 1 1
0 5 94 1 1
0 4 94 1 1
0 12 94 1 1
0 3 94 1 1
0 2 94 1 1
0 1 94 1 1
0 11 94 1 1
0 7 101 1 1
0 2 93 1 1
0 8 100 1 1
0 12 96 1 1
0 9 99 1 1
0 4 91 1 1
0 10 98 1 1
0 13 95 1 1
0 5 90 1 1
0 3 92 1 1
0 11 97 1 1
0 1 94 1 1
0 4 100 1 1
0 2 98 1 1
0 5 101 1 1
0 1 97 1 1
0 9 92 1 1
0 10 93 1 1
0 3 99 1 1
0 12 95 1 1
0 7 90 1 1
0 8 91 1 1
0 11 94 1 1
0 14 96 1 1
0 3 97 1 1
0 1 97 1 1
0 12 97 1 1
0 6 97 1 1
0 7 97 1 1
0 4 97 1 1
0 5 97 1 1
0 10 97 1 1
0 11 97 1 1
0 8 97 1 1
0 2 97 1 1
0 9 97 1 1
0 10 101 1 1
0 6 92 1 1
0 11 100 1 1
0 13 98 1 1
0 1 97 1 1
0 4 94 1 1
0 2 96 1 1
0 3 95 1 1
0 7 91 1 1
0 8 90 1 1
0 12 99 1 1
0 5 93 1 1
0 3 102 1 1
0 5 104 1 1
0 6 105 1 1
0 10 109 1 1
0 11 110 1 1
0 14 99 1 1
0 4 103 1 1
0 7 106 1 1
0 9 108 1 1
0 8 107 1 1
0 2 101 1 1
0 1 100 1 1
0 2 100 1 1
0 3 100 1 1
0 12 100 1 1
0 4 100 1 1
0 5 100 1 1
0 8 100 1 1
0 6 100 1 1
0 9 100 1 1
0 7 100 1 1
0 10 100 1 1
0 11 100 1 1
0 1 100 1 1
0 8 106 1 1
0 5 109 1 1
0 9 105 1 1
0 4 110 1 1
0 10 104 1 1
0 12 102 1 1
0 13 101 1 1
0 1 100 1 1
0 7 107 1 1
0 6 108 1 1
0 2 99 1 1
0 11 103 1 1
0 7 109 1 1
0 8 110 1 1
0 2 104 1 1
0 5 107 1 1
0 3 105 1 1
0 4 106 1 1
0 10 99 1 1
0 12 101 1 1
0 6 108 1 1
0 11 100 1 1
0 1 103 1 1
0 14 102 1 1
0 10 103 1 1
0 7 103 1 1
0 9 103 1 1
0 6 103 1 1
0 8 103 1 1
0 5 103 1 1
0 4 103 1 1
0 12 103 1 1
0 3 103 1 1
0 2 103 1 1
0 1 103 1 1
0 11 103 1 1
0 7 110 1 1
0 2 102 1 1
0 8 109 1 1
0 12 105 1 1
0 9 108 1 1
0 4 100 1 1
0 10 107 1 1
0 13 104 1 1
0 5 99 1 1
0 3 101 1 1
0 11 106 1 1
0 1 103 1 1
0 4 109 1 1
0 2 107 1 1
0 5 110 1 1
0 1 106 1 1
0 9 101 1 1
0 10 102 1 1
0 3 108 1 1
0 12 104 1 1
0 7 99 1 1
0 8 100 1 1
0 11 103 1 1
0 14 105 1 1
0 3 106 1 1
0 1 106 1 1
0 12 106 1 1
0 6 106 1 1
0 7 106 1 1
0 4 106 1 1
0 5 106 1 1
0 10 106 1 1
0 11 106 1 1
0 8 106 1 1
0 2 106 1 1
0 9 106 1 1
0 10 110 1 1
0 6 101 1 1
0 11 109 1 1
0 13 107 1 1
0 1 106 1 1
0 4 103 1 1
0 2 105 1 1
0 3 104 1 1
0 7 100 1 1
0 8 99 1 1
0 12 108 1 1
0 5 102 1 1
0 3 27 1 1
0 5 29 1 1
0 6 30 1 1
0 10 34 1 1
0 11 35 1 1
0 14 24 1 1
0 4 28 1 1
0 7 31 1 1
0 9 33 1 1
0 8 32 1 1
0 2 26 1 1
0 1 25 1 1
0 2 25 1 1
0 3 25 1 1
0 12 25 1 1
0 4 25 1 1
0 5 25 1 1
0 8 25 1 1
0 6 25 1 1
0 9 25 1 1
0 7 25 1 1
0 10 25 1 1
0 11 25 1 1
0 1 25 1 1
0 3 42 1 1
0 5 44 1 1
0 6 45 1 1
0 10 49 1 1
0 11 50 1 1
0 14 39 1 1
0 4 43 1 1
0 7 46 1 1
0 9 48 1 1
0 8 47 1 1
0 2 41 1 1
0 1 40 1 1
0 2 40 1 1
0 3 40 1 1
0 12 40 1 1
0 4 40 1 1
0 5 40 1 1
0 8 40 1 1
0 6 40 1 1
0 9 40 1 1
0 7 40 1 1
0 10 40 1 1
0 11 40 1 1
0 1 40 1 1
0 8 46 1 1
0 5 49 1 1
0 9 45 1 1
0 4 50 1 1
0 10 44 1 1
0 12 42 1 1
0 13 41 1 1
0 1 40 1 1
0 7 47 1 1
0 6 48 1 1
0 2 39 1 1
0 11 43 1 1
0 3 17 1 1
0 5 19 1 1
0 6 20 1 1
0 10 24 1 1
0 11 25 1 1
0 14 14 1 1
0 4 18 1 1
0 7 21 1 1
0 9 23 1 1
0 8 22 1 1
0 2 16 1 1
0 1 15 1 1
0 3 93 1 1
0 5 95 1 1
0 6 96 1 1
0 10 100 1 1
0 11 101 1 1
0 14 90 1 1
0 4 94 1 1
0 7 97 1 1
0 9 99 1 1
0 8 98 1 1
0 2 92 1 1
0 1 91 1 1
0 2 91 1 1
0 3 91 1 1
0 12 91 1 1
0 4 91 1 1
0 5 91 1 1
0 8 91 1 1
0 6 91 1 1
0 9 91 1 1
0 7 91 1 1
0 10 91 1 1
0 11 91 1 1
0 1 91 1 1
0 8 97 1 1
0 5 100 1 1
0 9 96 1 1
0 4 101 1 1
0 10 95 1 1
0 12 93 1 1
0 13 92 1 1
0 1 91 1 1
0 7 98 1 1
0 6 99 1 1
0 2 90 1 1
0 11 94 1 1
0 7 100 1 1
0 8 101 1 1
0 2 95 1 1
0 5 98 1 1
0 3 96 1 1
0 4 97 1 1
0 10 90 1 1
0 12 92 1 1
0 6 99 1 1
0 11 91 1 1
0 1 94 1 1
0 14 93 1 1
0 10 94 1 1
0 7 94 1 1
0 9 94 1 1
0 6 94 1 1
0 8 94 1 1
0 5 94 1 1
0 4 94 1 1
0 12 94 1 1
0 3 94 1 1
0 2 94 1 1
0 1 94 1 1
0 11 94 1 1
0 7 101 1 1
0 2 93 1 1
0 8 100 1 1
0 12 96 1 1
0 9 99 1 1
0 4 91 1 1
0 10 98 1 1
0 13 95 1 1
0 5 90 1 1
0 3 92 1 1
0 11 97 1 1
0 1 94 1 1
0 3 115 1 1
0 5 117 1 1
0 6 118 1 1
0 10 122 1 1
0 11 123 1 1
0 14 112 1 1
0 4 116 1 1
0 7 119 1 1
0 9 121 1 1
0 8 120 1 1
0 2 114 1 1
0 1 113 1 1
0 2 113 1 1
0 3 113 1 1
0 12 113 1 1
0 4 113 1 1
0 5 113 1 1
0 8 113 1 1
0 6 113 1 1
0 9 113 1 1
0 7 113 1 1
0 10 113 1 1
0 11 113 1 1
0 1 113 1 1
0 8 119 1 1
0 5 122 1 1
0 9 118 1 1
0 4 123 1 1
0 10 117 1 1
0 12 115 1 1
0 13 114 1 1
0 1 113 1 1
0 7 120 1 1
0 6 121 1 1
0 2 112 1 1
0 11 116 1 1
0 7 122 1 1
0 8 123 1 1
0 2 117 1 1
0 5 120 1 1
0 3 118 1 1
0 4 119 1 1
0 10 112 1 1
0 12 114 1 1
0 6 121 1 1
0 11 113 1 1
0 1 116 1 1
0 14 115 1 1
0 10 116 1 1
0 7 116 1 1
0 9 116 1 1
0 6 116 1 1
0 8 116 1 1
0 5 116 1 1
0 4 116 1 1
0 12 116 1 1
0 3 116 1 1
0 2 116 1 1
0 1 116 1 1
0 11 116 1 1
0 7 123 1 1
0 2 115 1 1
0 8 122 1 1
0 12 118 1 1
0 9 121 1 1
0 4 113 1 1
0 10 120 1 1
0 13 117 1 1
0 5 112 1 1
0 3 114 1 1
0 11 119 1 1
0 1 116 1 1
0 4 122 1 1
0 2 120 1 1
0 5 123 1 1
0 1 119 1 1
0 9 114 1 1
0 10 115 1 1
0 3 121 1 1
0 12 117 1 1
0 7 112 1 1
0 8 113 1 1
0 11 116 1 1
0 14 118 1 1
0 3 71 1 1
0 5 73 1 1
0 6 74 1 1
0 10 78 1 1
0 11 79 1 1
0 14 68 1 1
0 4 72 1 1
0 7 75 1 1
0 9 77 1 1
0 8 76 1 1
0 2 70 1 1
0 1 69 1 1
0 2 69 1 1
0 3 69 1 1
0 12 69 1 1
0 4 69 1 1
0 5 69 1 1
0 8 69 1 1
0 6 69 1 1
0 9 69 1 1
0 7 69 1 1
0 10 69 1 1
0 11 69 1 1
0 1 69 1 1
0 8 75 1 1
0 5 78 1 1
0 9 74 1 1
0 4 79 1 1
0 10 73 1 1
0 12 71 1 1
0 13 70 1 1
0 1 69 1 1
0 7 76 1 1
0 6 77 1 1
0 2 68 1 1
0 11 72 1 1
0 7 78 1 1
0 8 79 1 1
0 2 73 1 1
0 5 76 1 1
0 3 74 1 1
0 4 75 1 1
0 10 68 1 1
0 12 70 1 1
0 6 77 1 1
0 11 69 1 1
0 1 72 1 1
0 14 71 1 1
0 3 129 1 1
0 5 131 1 1
0 6 132 1 1
0 10 136 1 1
0 11 137 1 1
0 14 126 1 1
0 4 130 1 1
0 7 133 1 1
0 9 135 1 1
0 8 134 1 1
0 2 128 1 1
0 1 127 1 1
0 2 127 1 1
0 3 127 1 1
0 12 127 1 1
0 4 127 1 1
0 5 127 1 1
0 8 127 1 1
0 6 127 1 1
0 9 127 1 1
0 7 127 1 1
0 10 127 1 1
0 11 127 1 1
0 1 127 1 1
0 8 133 1 1
0 5 136 1 1
0 9 132 1 1
0 4 137 1 1
0 10 131 1 1
0 12 129 1 1
0 13 128 1 1
0 1 127 1 1
0 7 134 1 1
0 6 135 1 1
0 2 126 1 1
0 11 130 1 1
0 7 136 1 1
0 8 137 1 1
0 2 131 1 1
0 5 134 1 1
0 3 132 1 1
0 4 133 1 1
0 10 126 1 1
0 12 128 1 1
0 6 135 1 1
0 11 127 1 1
0 1 130 1 1
0 14 129 1 1
0 10 130 1 1
0 7 130 1 1
0 9 130 1 1
0 6 130 1 1
0 8 130 1 1
0 5 130 1 1
0 4 130 1 1
0 12 130 1 1
0 3 130 1 1
0 2 130 1 1
0 1 130 1 1
0 11 130 1 1
0 7 137 1 1
0 2 129 1 1
0 8 136 1 1
0 12 132 1 1
0 9 135 1 1
0 4 127 1 1
0 10 134 1 1
0 13 131 1 1
0 5 126 1 1
0 3 128 1 1
0 11 133 1 1
0 1 130 1 1
0 4 136 1 1
0 2 134 1 1
0 5 137 1 1
0 1 133 1 1
0 9 128 1 1
0 10 129 1 1
0 3 135 1 1
0 12 131 1 1
0 7 126 1 1
0 8 127 1 1
0 11 130 1 1
0 14 132 1 1
0 3 136 1 1
0 5 138 1 1
0 6 139 1 1
0 10 143 1 1
0 11 144 1 1
0 14 133 1 1
0 4 137 1 1
0 7 140 1 1
0 9 142 1 1
0 8 141 1 1
0 2 135 1 1
0 1 134 1 1
0 2 134 1 1
0 3 134 1 1
0 12 134 1 1
0 4 134 1 1
0 5 134 1 1
0 8 134 1 1
0 6 134 1 1
0 9 134 1 1
0 7 134 1 1
0 10 134 1 1
0 11 134 1 1
0 1 134 1 1
0 8 140 1 1
0 5 143 1 1
0 9 139 1 1
0 4 144 1 1
0 10 138 1 1
0 12 136 1 1
0 13 135 1 1
0 1 134 1 1
0 7 141 1 1
0 6 142 1 1
0 2 133 1 1
0 11 137 1 1
0 7 143 1 1
0 8 144 1 1
0 2 138 1 1
0 5 141 1 1
0 3 139 1 1
0 4 140 1 1
0 10 133 1 1
0 12 135 1 1
0 6 142 1 1
0 11 134 1 1
0 1 137 1 1
0 14 136 1 1
0 10 137 1 1
0 7 137 1 1
0 9 137 1 1
0 6 137 1 1
0 8 137 1 1
0 5 137 1 1
0 4 137 1 1
0 12 137 1 1
0 3 137 1 1
0 2 137 1 1
0 1 137 1 1
0 11 137 1 1
0 7 144 1 1
0 2 136 1 1
0 8 143 1 1
0 12 139 1 1
0 9 142 1 1
0 4 134 1 1
0 10 141 1 1
0 13 138 1 1
0 5 133 1 1
0 3 135 1 1
0 11 140 1 1
0 1 137 1 1
0 4 143 1 1
0 2 141 1 1
0 5 144 1 1
0 1 140 1 1
0 9 135 1 1
0 10 136 1 1
0 3 142 1 1
0 12 138 1 1
0 7 133 1 1
0 8 134 1 1
0 11 137 1 1
0 14 139 1 1
0 3 223 1 1
0 5 225 1 1
0 6 226 1 1
0 10 230 1 1
0 11 231 1 1
0 14 220 1 1
0 4 224 1 1
0 7 227 1 1
0 9 229 1 1
0 8 228 1 1
0 2 222 1 1
0 1 221 1 1
0 2 221 1 1
0 3 221 1 1
0 12 221 1 1
0 4 221 1 1
0 5 221 1 1
0 8 221 1 1
0 6 221 1 1
0 9 221 1 1
0 7 221 1 1
0 10 221 1 1
0 11 221 1 1
0 1 221 1 1
0 8 227 1 1
0 5 230 1 1
0 9 226 1 1
0 4 231 1 1
0 10 225 1 1
0 12 223 1 1
0 13 222 1 1
0 1 221 1 1
0 7 228 1 1
0 6 229 1 1
0 2 220 1 1
0 11 224 1 1
0 7 230 1 1
0 8 231 1 1
0 2 225 1 1
0 5 228 1 1
0 3 226 1 1
0 4 227 1 1
0 10 220 1 1
0 12 222 1 1
0 6 229 1 1
0 11 221 1 1
0 1 224 1 1
0 14 223 1 1
0 10 224 1 1
0 7 224 1 1
0 9 224 1 1
0 6 224 1 1
0 8 224 1 1
0 5 224 1 1
0 4 224 1 1
0 12 224 1 1
0 3 224 1 1
0 2 224 1 1
0 1 224 1 1
0 11 224 1 1
0 7 231 1 1
0 2 223 1 1
0 8 230 1 1
0 12 226 1 1
0 9 229 1 1
0 4 221 1 1
0 10 228 1 1
0 13 225 1 1
0 5 220 1 1
0 3 222 1 1
0 11 227 1 1
0 1 224 1 1
0 4 230 1 1
0 2 228 1 1
0 5 231 1 1
0 1 227 1 1
0 9 222 1 1
0 10 223 1 1
0 3 229 1 1
0 12 225 1 1
0 7 220 1 1
0 8 221 1 1
0 11 224 1 1
0 14 226 1 1
0 3 227 1 1
0 1 227 1 1
0 12 227 1 1
0 6 227 1 1
0 7 227 1 1
0 4 227 1 1
0 5 227 1 1
0 10 227 1 1
0 11 227 1 1
0 8 227 1 1
0 2 227 1 1
0 9 227 1 1
0 10 231 1 1
0 6 222 1 1
0 11 230 1 1
0 13 228 1 1
0 1 227 1 1
0 4 224 1 1
0 2 226 1 1
0 3 225 1 1
0 7 221 1 1
0 8 220 1 1
0 12 229 1 1
0 5 223 1 1
0 9 225 1 1
0 6 222 1 1
0 14 229 1 1
0 8 224 1 1
0 12 228 1 1
0 2 231 1 1
0 10 226 1 1
0 5 221 1 1
0 1 230 1 1
0 4 220 1 1
0 11 227 1 1
0 7 223 1 1
0 8 230 1 1
0 5 230 1 1
0 11 230 1 1
0 4 230 1 1
0 10 230 1 1
0 7 230 1 1
0 6 230 1 1
0 12 230 1 1
0 1 230 1 1
0 3 230 1 1
0 9 230 1 1
0 2 230 1 1
0 3 192 1 1
0 5 194 1 1
0 6 195 1 1
0 10 199 1 1
0 11 200 1 1
0 14 189 1 1
0 4 193 1 1
0 7 196 1 1
0 9 198 1 1
0 8 197 1 1
0 2 191 1 1
0 1 190 1 1
0 2 190 1 1
0 3 190 1 1
0 12 190 1 1
0 4 190 1 1
0 5 190 1 1
0 8 190 1 1
0 6 190 1 1
0 9 190 1 1
0 7 190 1 1
0 10 190 1 1
0 11 190 1 1
0 1 190 1 1
0 8 196 1 1
0 5 199 1 1
0 9 195 1 1
0 4 200 1 1
0 10 194 1 1
0 12 192 1 1
0 13 191 1 1
0 1 190 1 1
0 7 197 1 1
0 6 198 1 1
0 2 189 1 1
0 11 193 1 1
0 7 199 1 1
0 8 200 1 1
0 2 194 1 1
0 5 197 1 1
0 3 195 1 1
0 4 196 1 1
0 10 189 1 1
0 12 191 1 1
0 6 198 1 1
0 11 190 1 1
0 1 193 1 1
0 14 192 1 1
0 10 193 1 1
0 7 193 1 1
0 9 193 1 1
0 6 193 1 1
0 8 193 1 1
0 5 193 1 1
0 4 193 1 1
0 12 193 1 1
0 3 193 1 1
0 2 193 1 1
0 1 193 1 1
0 11 193 1 1
0 7 200 1 1
0 2 192 1 1
0 8 199 1 1
0 12 195 1 1
0 9 198 1 1
0 4 190 1 1
0 10 197 1 1
0 13 194 1 1
0 5 189 1 1
0 3 191 1 1
0 11 196 1 1
0 1 193 1 1
0 4 199 1 1
0 2 197 1 1
0 5 200 1 1
0 1 196 1 1
0 9 191 1 1
0 10 192 1 1
0 3 198 1 1
0 12 194 1 1
0 7 189 1 1
0 8 190 1 1
0 11 193 1 1
0 14 195 1 1
0 3 196 1 1
0 1 196 1 1
0 12 196 1 1
0 6 196 1 1
0 7 196 1 1
0 4 196 1 1
0 5 196 1 1
0 10 196 1 1
0 11 196 1 1
0 8 196 1 1
0 2 196 1 1
0 9 196 1 1
0 10 200 1 1
0 6 191 1 1
0 11 199 1 1
0 13 197 1 1
0 1 196 1 1
0 4 193 1 1
0 2 195 1 1
0 3 194 1 1
0 7 190 1 1
0 8 189 1 1
0 12 198 1 1
0 5 192 1 1
0 3 201 1 1
0 5 203 1 1
0 6 204 1 1
0 10 208 1 1
0 11 209 1 1
0 14 198 1 1
0 4 202 1 1
0 7 205 1 1
0 9 207 1 1
0 8 206 1 1
0 2 200 1 1
0 1 199 1 1
0 2 199 1 1
0 3 199 1 1
0 12 199 1 1
0 4 199 1 1
0 5 199 1 1
0 8 199 1 1
0 6 199 1 1
0 9 199 1 1
0 7 199 1 1
0 10 199 1 1
0 11 199 1 1
0 1 199 1 1
0 8 205 1 1
0 5 208 1 1
0 9 204 1 1
0 4 209 1 1
0 10 203 1 1
0 12 201 1 1
0 13 200 1 1
0 1 199 1 1
0 7 206 1 1
0 6 207 1 1
0 2 198 1 1
0 11 202 1 1
0 7 208 1 1
0 8 209 1 1
0 2 203 1 1
0 5 206 1 1
0 3 204 1 1
0 4 205 1 1
0 10 198 1 1
0 12 200 1 1
0 6 207 1 1
0 11 199 1 1
0 1 202 1 1
0 14 201 1 1
0 10 202 1 1
0 7 202 1 1
0 9 202 1 1
0 6 202 1 1
0 8 202 1 1
0 5 202 1 1
0 4 202 1 1
0 12 202 1 1
0 3 202 1 1
0 2 202 1 1
0 1 202 1 1
0 11 202 1 1
0 7 209 1 1
0 2 201 1 1
0 8 208 1 1
0 12 204 1 1
0 9 207 1 1
0 4 199 1 1
0 10 206 1 1
0 13 203 1 1
0 5 198 1 1
0 3 200 1 1
0 11 205 1 1
0 1 202 1 1
0 4 208 1 1
0 2 206 1 1
0 5 209 1 1
0 1 205 1 1
0 9 200 1 1
0 10 201 1 1
0 3 207 1 1
0 12 203 1 1
0 7 198 1 1
0 8 199 1 1
0 11 202 1 1
0 14 204 1 1
0 3 205 1 1
0 1 205 1 1
0 12 205 1 1
0 6 205 1 1
0 7 205 1 1
0 4 205 1 1
0 5 205 1 1
0 10 205 1 1
0 11 205 1 1
0 8 205 1 1
0 2 205 1 1
0 9 205 1 1
0 10 209 1 1
0 6 200 1 1
0 11 208 1 1
0 13 206 1 1
0 1 205 1 1
0 4 202 1 1
0 2 204 1 1
0 3 203 1 1
0 7 199 1 1
0 8 198 1 1
0 12 207 1 1
0 5 201 1 1
0 3 49 1 1
0 5 51 1 1
0 6 52 1 1
0 10 56 1 1
0 11 57 1 1
0 14 46 1 1
0 4 50 1 1
0 7 53 1 1
0 9 55 1 1
0 8 54 1 1
0 2 48 1 1
0 1 47 1 1
0 2 47 1 1
0 3 47 1 1
0 12 47 1 1
0 4 47 1 1
0 5 47 1 1
0 8 47 1 1
0 6 47 1 1
0 9 47 1 1
0 7 47 1 1
0 10 47 1 1
0 11 47 1 1
0 1 47 1 1
0 3 75 1 1
0 5 77 1 1
0 6 78 1 1
0 10 82 1 1
0 11 83 1 1
0 14 72 1 1
0 4 76 1 1
0 7 79 1 1
0 9 81 1 1
0 8 80 1 1
0 2 74 1 1
0 1 73 1 1
0 2 73 1 1
0 3 73 1 1
0 12 73 1 1
0 4 73 1 1
0 5 73 1 1
0 8 73 1 1
0 6 73 1 1
0 9 73 1 1
0 7 73 1 1
0 10 73 1 1
0 11 73 1 1
0 1 73 1 1
0 8 79 1 1
0 5 82 1 1
0 9 78 1 1
0 4 83 1 1
0 10 77 1 1
0 12 75 1 1
0 13 74 1 1
0 1 73 1 1
0 7 80 1 1
0 6 81 1 1
0 2 72 1 1
0 11 76 1 1
0 3 53 1 1
0 5 55 1 1
0 6 56 1 1
0 10 60 1 1
0 11 61 1 1
0 14 50 1 1
0 4 54 1 1
0 7 57 1 1
0 9 59 1 1
0 8 58 1 1
0 2 52 1 1
0 1 51 1 1
0 2 51 1 1
0 3 51 1 1
0 12 51 1 1
0 4 51 1 1
0 5 51 1 1
0 8 51 1 1
0 6 51 1 1
0 9 51 1 1
0 7 51 1 1
0 10 51 1 1
0 11 51 1 1
0 1 51 1 1
0 3 55 1 1
0 5 57 1 1
0 6 58 1 1
0 10 62 1 1
0 11 63 1 1
0 14 52 1 1
0 4 56 1 1
0 7 59 1 1
0 9 61 1 1
0 8 60 1 1
0 2 54 1 1
0 1 53 1 1
0 2 53 1 1
0 3 53 1 1
0 12 53 1 1
0 4 53 1 1
0 5 53 1 1
0 8 53 1 1
0 6 53 1 1
0 9 53 1 1
0 7 53 1 1
0 10 53 1 1
0 11 53 1 1
0 1 53 1 1
0 3 273 1 1
0 5 275 1 1
0 6 276 1 1
0 10 280 1 1
0 11 281 1 1
0 14 270 1 1
0 4 274 1 1
0 7 277 1 1
0 9 279 1 1
0 8 278 1 1
0 2 272 1 1
0 1 271 1 1
0 2 271 1 1
0 3 271 1 1
0 12 271 1 1
0 4 271 1 1
0 5 271 1 1
0 8 271 1 1
0 6 271 1 1
0 9 271 1 1
0 7 271 1 1
0 10 271 1 1
0 11 271 1 1
0 1 271 1 1
0 8 277 1 1
0 5 280 1 1
0 9 276 1 1
0 4 281 1 1
0 10 275 1 1
0 12 273 1 1
0 13 272 1 1
0 1 271 1 1
0 7 278 1 1
0 6 279 1 1
0 2 270 1 1
0 11 274 1 1
0 7 280 1 1
0 8 281 1 1
0 2 275 1 1
0 5 278 1 1
0 3 276 1 1
0 4 277 1 1
0 10 270 1 1
0 12 272 1 1
0 6 279 1 1
0 11 271 1 1
0 1 274 1 1
0 14 273 1 1
0 10 274 1 1
0 7 274 1 1
0 9 274 1 1
0 6 274 1 1
0 8 274 1 1
0 5 274 1 1
0 4 274 1 1
0 12 274 1 1
0 3 274 1 1
0 2 274 1 1
0 1 274 1 1
0 11 274 1 1
0 7 281 1 1
0 2 273 1 1
0 8 280 1 1
0 12 276 1 1
0 9 279 1 1
0 4 271 1 1
0 10 278 1 1
0 13 275 1 1
0 5 270 1 1
0 3 272 1 1
0 11 277 1 1
0 1 274 1 1
0 4 280 1 1
0 2 278 1 1
0 5 281 1 1
0 1 277 1 1
0 9 272 1 1
0 10 273 1 1
0 3 279 1 1
0 12 275 1 1
0 7 270 1 1
0 8 271 1 1
0 11 274 1 1
0 14 276 1 1
0 3 277 1 1
0 1 277 1 1
0 12 277 1 1
0 6 277 1 1
0 7 277 1 1
0 4 277 1 1
0 5 277 1 1
0 10 277 1 1
0 11 277 1 1
0 8 277 1 1
0 2 277 1 1
0 9 277 1 1
0 10 281 1 1
0 6 272 1 1
0 11 280 1 1
0 13 278 1 1
0 1 277 1 1
0 4 274 1 1
0 2 276 1 1
0 3 275 1 1
0 7 271 1 1
0 8 270 1 1
0 12 279 1 1
0 5 273 1 1
0 9 275 1 1
0 6 272 1 1
0 14 279 1 1
0 8 274 1 1
0 12 278 1 1
0 2 281 1 1
0 10 276 1 1
0 5 271 1 1
0 1 280 1 1
0 4 270 1 1
0 11 277 1 1
0 7 273 1 1
0 3 227 1 1
0 5 229 1 1
0 6 230 1 1
0 10 234 1 1
0 11 235 1 1
0 14 224 1 1
0 4 228 1 1
0 7 231 1 1
0 9 233 1 1
0 8 232 1 1
0 2 226 1 1
0 1 225 1 1
0 2 225 1 1
0 3 225 1 1
0 12 225 1 1
0 4 225 1 1
0 5 225 1 1
0 8 225 1 1
0 6 225 1 1
0 9 225 1 1
0 7 225 1 1
0 10 225 1 1
0 11 225 1 1
0 1 225 1 1
0 8 231 1 1
0 5 234 1 1
0 9 230 1 1
0 4 235 1 1
0 10 229 1 1
0 12 227 1 1
0 13 226 1 1
0 1 225 1 1
0 7 232 1 1
0 6 233 1 1
0 2 224 1 1
0 11 228 1 1
0 7 234 1 1
0 8 235 1 1
0 2 229 1 1
0 5 232 1 1
0 3 230 1 1
0 4 231 1 1
0 10 224 1 1
0 12 226 1 1
0 6 233 1 1
0 11 225 1 1
0 1 228 1 1
0 14 227 1 1
0 10 228 1 1
0 7 228 1 1
0 9 228 1 1
0 6 228 1 1
0 8 228 1 1
0 5 228 1 1
0 4 228 1 1
0 12 228 1 1
0 3 228 1 1
0 2 228 1 1
0 1 228 1 1
0 11 228 1 1
0 7 235 1 1
0 2 227 1 1
0 8 234 1 1
0 12 230 1 1
0 9 233 1 1
0 4 225 1 1
0 10 232 1 1
0 13 229 1 1
0 5 224 1 1
0 3 226 1 1
0 11 231 1 1
0 1 228 1 1
0 4 234 1 1
0 2 232 1 1
0 5 235 1 1
0 1 231 1 1
0 9 226 1 1
0 10 227 1 1
0 3 233 1 1
0 12 229 1 1
0 7 224 1 1
0 8 225 1 1
0 11 228 1 1
0 14 230 1 1
0 3 231 1 1
0 1 231 1 1
0 12 231 1 1
0 6 231 1 1
0 7 231 1 1
0 4 231 1 1
0 5 231 1 1
0 10 231 1 1
0 11 231 1 1
0 8 231 1 1
0 2 231 1 1
0 9 231 1 1
0 3 32 1 1
0 5 34 1 1
0 6 35 1 1
0 10 39 1 1
0 11 40 1 1
0 14 29 1 1
0 4 33 1 1
0 7 36 1 1
0 9 38 1 1
0 8 37 1 1
0 2 31 1 1
0 1 30 1 1
0 3 273 1 1
0 5 275 1 1
0 6 276 1 1
0 10 280 1 1
0 11 281 1 1
0 14 270 1 1
0 4 274 1 1
0 7 277 1 1
0 9 279 1 1
0 8 278 1 1
0 2 272 1 1
0 1 271 1 1
0 2 271 1 1
0 3 271 1 1
0 12 271 1 1
0 4 271 1 1
0 5 271 1 1
0 8 271 1 1
0 6 271 1 1
0 9 271 1 1
0 7 271 1 1
0 10 271 1 1
0 11 271 1 1
0 1 271 1 1
0 8 277 1 1
0 5 280 1 1
0 9 276 1 1
0 4 281 1 1
0 10 275 1 1
0 12 273 1 1
0 13 272 1 1
0 1 271 1 1
0 7 278 1 1
0 6 279 1 1
0 2 270 1 1
0 11 274 1 1
0 7 280 1 1
0 8 281 1 1
0 2 275 1 1
0 5 278 1 1
0 3 276 1 1
0 4 277 1 1
0 10 270 1 1
0 12 272 1 1
0 6 279 1 1
0 11 271 1 1
0 1 274 1 1
0 14 273 1 1
0 10 274 1 1
0 7 274 1 1
0 9 274 1 1
0 6 274 1 1
0 8 274 1 1
0 5 274 1 1
0 4 274 1 1
0 12 274 1 1
0 3 274 1 1
0 2 274 1 1
0 1 274 1 1
0 11 274 1 1
0 7 281 1 1
0 2 273 1 1
0 8 280 1 1
0 12 276 1 1
0 9 279 1 1
0 4 271 1 1
0 10 278 1 1
0 13 275 1 1
0 5 270 1 1
0 3 272 1 1
0 11 277 1 1
0 1 274 1 1
0 4 280 1 1
0 2 278 1 1
0 5 281 1 1
0 1 277 1 1
0 9 272 1 1
0 10 273 1 1
0 3 279 1 1
0 12 275 1 1
0 7 270 1 1
0 8 271 1 1
0 11 274 1 1
0 14 276 1 1
0 3 277 1 1
0 1 277 1 1
0 12 277 1 1
0 6 277 1 1
0 7 277 1 1
0 4 277 1 1
0 5 277 1 1
0 10 277 1 1
0 11 277 1 1
0 8 277 1 1
0 2 277 1 1
0 9 277 1 1
0 10 281 1 1
0 6 272 1 1
0 11 280 1 1
0 13 278 1 1
0 1 277 1 1
0 4 274 1 1
0 2 276 1 1
0 3 275 1 1
0 7 271 1 1
0 8 270 1 1
0 12 279 1 1
0 5 273 1 1
0 3 220 1 1
0 5 222 1 1
0 6 223 1 1
0 10 227 1 1
0 11 228 1 1
0 14 217 1 1
0 4 221 1 1
0 7 224 1 1
0 9 226 1 1
0 8 225 1 1
0 2 219 1 1
0 1 218 1 1
0 2 218 1 1
0 3 218 1 1
0 12 218 1 1
0 4 218 1 1
0 5 218 1 1
0 8 218 1 1
0 6 218 1 1
0 9 218 1 1
0 7 218 1 1
0 10 218 1 1
0 11 218 1 1
0 1 218 1 1
0 8 224 1 1
0 5 227 1 1
0 9 223 1 1
0 4 228 1 1
0 10 222 1 1
0 12 220 1 1
0 13 219 1 1
0 1 218 1 1
0 7 225 1 1
0 6 226 1 1
0 2 217 1 1
0 11 221 1 1
0 7 227 1 1
0 8 228 1 1
0 2 222 1 1
0 5 225 1 1
0 3 223 1 1
0 4 224 1 1
0 10 217 1 1
0 12 219 1 1
0 6 226 1 1
0 11 218 1 1
0 1 221 1 1
0 14 220 1 1
0 10 221 1 1
0 7 221 1 1
0 9 221 1 1
0 6 221 1 1
0 8 221 1 1
0 5 221 1 1
0 4 221 1 1
0 12 221 1 1
0 3 221 1 1
0 2 221 1 1
0 1 221 1 1
0 11 221 1 1
0 7 228 1 1
0 2 220 1 1
0 8 227 1 1
0 12 223 1 1
0 9 226 1 1
0 4 218 1 1
0 10 225 1 1
0 13 222 1 1
0 5 217 1 1
0 3 219 1 1
0 11 224 1 1
0 1 221 1 1
0 4 227 1 1
0 2 225 1 1
0 5 228 1 1
0 1 224 1 1
0 9 219 1 1
0 10 220 1 1
0 3 226 1 1
0 12 222 1 1
0 7 217 1 1
0 8 218 1 1
0 11 221 1 1
0 14 223 1 1
0 3 67 1 1
0 5 69 1 1
0 6 70 1 1
0 10 74 1 1
0 11 75 1 1
0 14 64 1 1
0 4 68 1 1
0 7 71 1 1
0 9 73 1 1
0 8 72 1 1
0 2 66 1 1
0 1 65 1 1
0 2 65 1 1
0 3 65 1 1
0 12 65 1 1
0 4 65 1 1
0 5 65 1 1
0 8 65 1 1
0 6 65 1 1
0 9 65 1 1
0 7 65 1 1
0 10 65 1 1
0 11 65 1 1
0 1 65 1 1
0 3 366 1 1
0 5 368 1 1
0 6 369 1 1
0 10 373 1 1
0 11 374 1 1
0 14 363 1 1
0 4 367 1 1
0 7 370 1 1
0 9 372 1 1
0 8 371 1 1
0 2 365 1 1
0 1 364 1 1
0 2 364 1 1
0 3 364 1 1
0 12 364 1 1
0 4 364 1 1
0 5 364 1 1
0 8 364 1 1
0 6 364 1 1
0 9 364 1 1
0 7 364 1 1
0 10 364 1 1
0 11 364 1 1
0 1 364 1 1
0 8 370 1 1
0 5 373 1 1
0 9 369 1 1
0 4 374 1 1
0 10 368 1 1
0 12 366 1 1
0 13 365 1 1
0 1 364 1 1
0 7 371 1 1
0 6 372 1 1
0 2 363 1 1
0 11 367 1 1
0 7 373 1 1
0 8 374 1 1
0 2 368 1 1
0 5 371 1 1
0 3 369 1 1
0 4 370 1 1
0 10 363 1 1
0 12 365 1 1
0 6 372 1 1
0 11 364 1 1
0 1 367 1 1
0 14 366 1 1
0 10 367 1 1
0 7 367 1 1
0 9 367 1 1
0 6 367 1 1
0 8 367 1 1
0 5 367 1 1
0 4 367 1 1
0 12 367 1 1
0 3 367 1 1
0 2 367 1 1
0 1 367 1 1
0 11 367 1 1
0 7 374 1 1
0 2 366 1 1
0 8 373 1 1
0 12 369 1 1
0 9 372 1 1
0 4 364 1 1
0 10 371 1 1
0 13 368 1 1
0 5 363 1 1
0 3 365 1 1
0 11 370 1 1
0 1 367 1 1
0 4 373 1 1
0 2 371 1 1
0 5 374 1 1
0 1 370 1 1
0 9 365 1 1
0 10 366 1 1
0 3 372 1 1
0 12 368 1 1
0 7 363 1 1
0 8 364 1 1
0 11 367 1 1
0 14 369 1 1
0 3 370 1 1
0 1 370 1 1
0 12 370 1 1
0 6 370 1 1
0 7 370 1 1
0 4 370 1 1
0 5 370 1 1
0 10 370 1 1
0 11 370 1 1
0 8 370 1 1
0 2 370 1 1
0 9 370 1 1
0 10 374 1 1
0 6 365 1 1
0 11 373 1 1
0 13 371 1 1
0 1 370 1 1
0 4 367 1 1
0 2 369 1 1
0 3 368 1 1
0 7 364 1 1
0 8 363 1 1
0 12 372 1 1
0 5 366 1 1
0 9 368 1 1
0 6 365 1 1
0 14 372 1 1
0 8 367 1 1
0 12 371 1 1
0 2 374 1 1
0 10 369 1 1
0 5 364 1 1
0 1 373 1 1
0 4 363 1 1
0 11 370 1 1
0 7 366 1 1
0 8 373 1 1
0 5 373 1 1
0 11 373 1 1
0 4 373 1 1
0 10 373 1 1
0 7 373 1 1
0 6 373 1 1
0 12 373 1 1
0 1 373 1 1
0 3 373 1 1
0 9 373 1 1
0 2 373 1 1
0 3 105 1 1
0 5 107 1 1
0 6 108 1 1
0 10 112 1 1
0 11 113 1 1
0 14 102 1 1
0 4 106 1 1
0 7 109 1 1
0 9 111 1 1
0 8 110 1 1
0 2 104 1 1
0 1 103 1 1
0 2 103 1 1
0 3 103 1 1
0 12 103 1 1
0 4 103 1 1
0 5 103 1 1
0 8 103 1 1
0 6 103 1 1
0 9 103 1 1
0 7 103 1 1
0 10 103 1 1
0 11 103 1 1
0 1 103 1 1
0 8 109 1 1
0 5 112 1 1
0 9 108 1 1
0 4 113 1 1
0 10 107 1 1
0 12 105 1 1
0 13 104 1 1
0 1 103 1 1
0 7 110 1 1
0 6 111 1 1
0 2 102 1 1
0 11 106 1 1
0 3 353 1 1
0 5 355 1 1
0 6 356 1 1
0 10 360 1 1
0 11 361 1 1
0 14 350 1 1
0 4 354 1 1
0 7 357 1 1
0 9 359 1 1
0 8 358 1 1
0 2 352 1 1
0 1 351 1 1
0 2 351 1 1
0 3 351 1 1
0 12 351 1 1
0 4 351 1 1
0 5 351 1 1
0 8 351 1 1
0 6 351 1 1
0 9 351 1 1
0 7 351 1 1
0 10 351 1 1
0 11 351 1 1
0 1 351 1 1
0 8 357 1 1
0 5 360 1 1
0 9 356 1 1
0 4 361 1 1
0 10 355 1 1
0 12 353 1 1
0 13 352 1 1
0 1 351 1 1
0 7 358 1 1
0 6 359 1 1
0 2 350 1 1
0 11 354 1 1
0 7 360 1 1
0 8 361 1 1
0 2 355 1 1
0 5 358 1 1
0 3 356 1 1
0 4 357 1 1
0 10 350 1 1
0 12 352 1 1
0 6 359 1 1
0 11 351 1 1
0 1 354 1 1
0 14 353 1 1
0 10 354 1 1
0 7 354 1 1
0 9 354 1 1
0 6 354 1 1
0 8 354 1 1
0 5 354 1 1
0 4 354 1 1
0 12 354 1 1
0 3 354 1 1
0 2 354 1 1
0 1 354 1 1
0 11 354 1 1
0 7 361 1 1
0 2 353 1 1
0 8 360 1 1
0 12 356 1 1
0 9 359 1 1
0 4 351 1 1
0 10 358 1 1
0 13 355 1 1
0 5 350 1 1
0 3 352 1 1
0 11 357 1 1
0 1 354 1 1
0 4 360 1 1
0 2 358 1 1
0 5 361 1 1
0 1 357 1 1
0 9 352 1 1
0 10 353 1 1
0 3 359 1 1
0 12 355 1 1
0 7 350 1 1
0 8 351 1 1
0 11 354 1 1
0 14 356 1 1
0 3 357 1 1
0 1 357 1 1
0 12 357 1 1
0 6 357 1 1
0 7 357 1 1
0 4 357 1 1
0 5 357 1 1
0 10 357 1 1
0 11 357 1 1
0 8 357 1 1
0 2 357 1 1
0 9 357 1 1
0 10 361 1 1
0 6 352 1 1
0 11 360 1 1
0 13 358 1 1
0 1 357 1 1
0 4 354 1 1
0 2 356 1 1
0 3 355 1 1
0 7 351 1 1
0 8 350 1 1
0 12 359 1 1
0 5 353 1 1
0 9 355 1 1
0 6 352 1 1
0 14 359 1 1
0 8 354 1 1
0 12 358 1 1
0 2 361 1 1
0 10 356 1 1
0 5 351 1 1
0 1 360 1 1
0 4 350 1 1
0 11 357 1 1
0 7 353 1 1
0 3 39 1 1
0 5 41 1 1
0 6 42 1 1
0 10 46 1 1
0 11 47 1 1
0 14 36 1 1
0 4 40 1 1
0 7 43 1 1
0 9 45 1 1
0 8 44 1 1
0 2 38 1 1
0 1 37 1 1
0 3 410 1 1
0 5 412 1 1
0 6 413 1 1
0 10 417 1 1
0 11 418 1 1
0 14 407 1 1
0 4 411 1 1
0 7 414 1 1
0 9 416 1 1
0 8 415 1 1
0 2 409 1 1
0 1 408 1 1
0 2 408 1 1
0 3 408 1 1
0 12 408 1 1
0 4 408 1 1
0 5 408 1 1
0 8 408 1 1
0 6 408 1 1
0 9 408 1 1
0 7 408 1 1
0 10 408 1 1
0 11 408 1 1
0 1 408 1 1
0 8 414 1 1
0 5 417 1 1
0 9 413 1 1
0 4 418 1 1
0 10 412 1 1
0 12 410 1 1
0 13 409 1 1
0 1 408 1 1
0 7 415 1 1
0 6 416 1 1
0 2 407 1 1
0 11 411 1 1
0 7 417 1 1
0 8 418 1 1
0 2 412 1 1
0 5 415 1 1
0 3 413 1 1
0 4 414 1 1
0 10 407 1 1
0 12 409 1 1
0 6 416 1 1
0 11 408 1 1
0 1 411 1 1
0 14 410 1 1
0 10 411 1 1
0 7 411 1 1
0 9 411 1 1
0 6 411 1 1
0 8 411 1 1
0 5 411 1 1
0 4 411 1 1
0 12 411 1 1
0 3 411 1 1
0 2 411 1 1
0 1 411 1 1
0 11 411 1 1
0 7 418 1 1
0 2 410 1 1
0 8 417 1 1
0 12 413 1 1
0 9 416 1 1
0 4 408 1 1
0 10 415 1 1
0 13 412 1 1
0 5 407 1 1
0 3 409 1 1
0 11 414 1 1
0 1 411 1 1
0 4 417 1 1
0 2 415 1 1
0 5 418 1 1
0 1 414 1 1
0 9 409 1 1
0 10 410 1 1
0 3 416 1 1
0 12 412 1 1
0 7 407 1 1
0 8 408 1 1
0 11 411 1 1
0 14 413 1 1
0 3 414 1 1
0 1 414 1 1
0 12 414 1 1
0 6 414 1 1
0 7 414 1 1
0 4 414 1 1
0 5 414 1 1
0 10 414 1 1
0 11 414 1 1
0 8 414 1 1
0 2 414 1 1
0 9 414 1 1
0 10 418 1 1
0 6 409 1 1
0 11 417 1 1
0 13 415 1 1
0 1 414 1 1
0 4 411 1 1
0 2 413 1 1
0 3 412 1 1
0 7 408 1 1
0 8 407 1 1
0 12 416 1 1
0 5 410 1 1
0 9 412 1 1
0 6 409 1 1
0 14 416 1 1
0 8 411 1 1
0 12 415 1 1
0 2 418 1 1
0 10 413 1 1
0 5 408 1 1
0 1 417 1 1
0 4 407 1 1
0 11 414 1 1
0 7 410 1 1
0 8 417 1 1
0 5 417 1 1
0 11 417 1 1
0 4 417 1 1
0 10 417 1 1
0 7 417 1 1
0 6 417 1 1
0 12 417 1 1
0 1 417 1 1
0 3 417 1 1
0 9 417 1 1
0 2 417 1 1
0 3 421 1 1
0 5 423 1 1
0 6 424 1 1
0 10 428 1 1
0 11 429 1 1
0 14 418 1 1
0 4 422 1 1
0 7 425 1 1
0 9 427 1 1
0 8 426 1 1
0 2 420 1 1
0 1 419 1 1
0 2 419 1 1
0 3 419 1 1
0 12 419 1 1
0 4 419 1 1
0 5 419 1 1
0 8 419 1 1
0 6 419 1 1
0 9 419 1 1
0 7 419 1 1
0 10 419 1 1
0 11 419 1 1
0 1 419 1 1
0 8 425 1 1
0 5 428 1 1
0 9 424 1 1
0 4 429 1 1
0 10 423 1 1
0 12 421 1 1
0 13 420 1 1
0 1 419 1 1
0 7 426 1 1
0 6 427 1 1
0 2 418 1 1
0 11 422 1 1
0 7 428 1 1
0 8 429 1 1
0 2 423 1 1
0 5 426 1 1
0 3 424 1 1
0 4 425 1 1
0 10 418 1 1
0 12 420 1 1
0 6 427 1 1
0 11 419 1 1
0 1 422 1 1
0 14 421 1 1
0 10 422 1 1
0 7 422 1 1
0 9 422 1 1
0 6 422 1 1
0 8 422 1 1
0 5 422 1 1
0 4 422 1 1
0 12 422 1 1
0 3 422 1 1
0 2 422 1 1
0 1 422 1 1
0 11 422 1 1
0 7 429 1 1
0 2 421 1 1
0 8 428 1 1
0 12 424 1 1
0 9 427 1 1
0 4 419 1 1
0 10 426 1 1
0 13 423 1 1
0 5 418 1 1
0 3 420 1 1
0 11 425 1 1
0 1 422 1 1
0 4 428 1 1
0 2 426 1 1
0 5 429 1 1
0 1 425 1 1
0 9 420 1 1
0 10 421 1 1
0 3 427 1 1
0 12 423 1 1
0 7 418 1 1
0 8 419 1 1
0 11 422 1 1
0 14 424 1 1
0 3 425 1 1
0 1 425 1 1
0 12 425 1 1
0 6 425 1 1
0 7 425 1 1
0 4 425 1 1
0 5 425 1 1
0 10 425 1 1
0 11 425 1 1
0 8 425 1 1
0 2 425 1 1
0 9 425 1 1
0 10 429 1 1
0 6 420 1 1
0 11 428 1 1
0 13 426 1 1
0 1 425 1 1
0 4 422 1 1
0 2 424 1 1
0 3 423 1 1
0 7 419 1 1
0 8 418 1 1
0 12 427 1 1
0 5 421 1 1
0 9 423 1 1
0 6 420 1 1
0 14 427 1 1
0 8 422 1 1
0 12 426 1 1
0 2 429 1 1
0 10 424 1 1
0 5 419 1 1
0 1 428 1 1
0 4 418 1 1
0 11 425 1 1
0 7 421 1 1
0 8 428 1 1
0 5 428 1 1
0 11 428 1 1
0 4 428 1 1
0 10 428 1 1
0 7 428 1 1
0 6 428 1 1
0 12 428 1 1
0 1 428 1 1
0 3 428 1 1
0 9 428 1 1
0 2 428 1 1
0 3 315 1 1
0 5 317 1 1
0 6 318 1 1
0 10 322 1 1
0 11 323 1 1
0 14 312 1 1
0 4 316 1 1
0 7 319 1 1
0 9 321 1 1
0 8 320 1 1
0 2 314 1 1
0 1 313 1 1
0 2 313 1 1
0 3 313 1 1
0 12 313 1 1
0 4 313 1 1
0 5 313 1 1
0 8 313 1 1
0 6 313 1 1
0 9 313 1 1
0 7 313 1 1
0 10 313 1 1
0 11 313 1 1
0 1 313 1 1
0 8 319 1 1
0 5 322 1 1
0 9 318 1 1
0 4 323 1 1
0 10 317 1 1
0 12 315 1 1
0 13 314 1 1
0 1 313 1 1
0 7 320 1 1
0 6 321 1 1
0 2 312 1 1
0 11 316 1 1
0 7 322 1 1
0 8 323 1 1
0 2 317 1 1
0 5 320 1 1
0 3 318 1 1
0 4 319 1 1
0 10 312 1 1
0 12 314 1 1
0 6 321 1 1
0 11 313 1 1
0 1 316 1 1
0 14 315 1 1
0 10 316 1 1
0 7 316 1 1
0 9 316 1 1
0 6 316 1 1
0 8 316 1 1
0 5 316 1 1
0 4 316 1 1
0 12 316 1 1
0 3 316 1 1
0 2 316 1 1
0 1 316 1 1
0 11 316 1 1
0 7 323 1 1
0 2 315 1 1
0 8 322 1 1
0 12 318 1 1
0 9 321 1 1
0 4 313 1 1
0 10 320 1 1
0 13 317 1 1
0 5 312 1 1
0 3 314 1 1
0 11 319 1 1
0 1 316 1 1
0 4 322 1 1
0 2 320 1 1
0 5 323 1 1
0 1 319 1 1
0 9 314 1 1
0 10 315 1 1
0 3 321 1 1
0 12 317 1 1
0 7 312 1 1
0 8 313 1 1
0 11 316 1 1
0 14 318 1 1
0 3 319 1 1
0 1 319 1 1
0 12 319 1 1
0 6 319 1 1
0 7 319 1 1
0 4 319 1 1
0 5 319 1 1
0 10 319 1 1
0 11 319 1 1
0 8 319 1 1
0 2 319 1 1
0 9 319 1 1
0 3 283 1 1
0 5 285 1 1
0 6 286 1 1
0 10 290 1 1
0 11 291 1 1
0 14 280 1 1
0 4 284 1 1
0 7 287 1 1
0 9 289 1 1
0 8 288 1 1
0 2 282 1 1
0 1 281 1 1
0 2 281 1 1
0 3 281 1 1
0 12 281 1 1
0 4 281 1 1
0 5 281 1 1
0 8 281 1 1
0 6 281 1 1
0 9 281 1 1
0 7 281 1 1
0 10 281 1 1
0 11 281 1 1
0 1 281 1 1
0 8 287 1 1
0 5 290 1 1
0 9 286 1 1
0 4 291 1 1
0 10 285 1 1
0 12 283 1 1
0 13 282 1 1
0 1 281 1 1
0 7 288 1 1
0 6 289 1 1
0 2 280 1 1
0 11 284 1 1
0 7 290 1 1
0 8 291 1 1
0 2 285 1 1
0 5 288 1 1
0 3 286 1 1
0 4 287 1 1
0 10 280 1 1
0 12 282 1 1
0 6 289 1 1
0 11 281 1 1
0 1 284 1 1
0 14 283 1 1
0 10 284 1 1
0 7 284 1 1
0 9 284 1 1
0 6 284 1 1
0 8 284 1 1
0 5 284 1 1
0 4 284 1 1
0 12 284 1 1
0 3 284 1 1
0 2 284 1 1
0 1 284 1 1
0 11 284 1 1
0 7 291 1 1
0 2 283 1 1
0 8 290 1 1
0 12 286 1 1
0 9 289 1 1
0 4 281 1 1
0 10 288 1 1
0 13 285 1 1
0 5 280 1 1
0 3 282 1 1
0 11 287 1 1
0 1 284 1 1
0 4 290 1 1
0 2 288 1 1
0 5 291 1 1
0 1 287 1 1
0 9 282 1 1
0 10 283 1 1
0 3 289 1 1
0 12 285 1 1
0 7 280 1 1
0 8 281 1 1
0 11 284 1 1
0 14 286 1 1
0 3 44 1 1
0 5 46 1 1
0 6 47 1 1
0 10 51 1 1
0 11 52 1 1
0 14 41 1 1
0 4 45 1 1
0 7 48 1 1
0 9 50 1 1
0 8 49 1 1
0 2 43 1 1
0 1 42 1 1
0 3 171 1 1
0 5 173 1 1
0 6 174 1 1
0 10 178 1 1
0 11 179 1 1
0 14 168 1 1
0 4 172 1 1
0 7 175 1 1
0 9 177 1 1
0 8 176 1 1
0 2 170 1 1
0 1 169 1 1
0 2 169 1 1
0 3 169 1 1
0 12 169 1 1
0 4 169 1 1
0 5 169 1 1
0 8 169 1 1
0 6 169 1 1
0 9 169 1 1
0 7 169 1 1
0 10 169 1 1
0 11 169 1 1
0 1 169 1 1
0 8 175 1 1
0 5 178 1 1
0 9 174 1 1
0 4 179 1 1
0 10 173 1 1
0 12 171 1 1
0 13 170 1 1
0 1 169 1 1
0 7 176 1 1
0 6 177 1 1
0 2 168 1 1
0 11 172 1 1
0 7 178 1 1
0 8 179 1 1
0 2 173 1 1
0 5 176 1 1
0 3 174 1 1
0 4 175 1 1
0 10 168 1 1
0 12 170 1 1
0 6 177 1 1
0 11 169 1 1
0 1 172 1 1
0 14 171 1 1
0 3 89 1 1
0 5 91 1 1
0 6 92 1 1
0 10 96 1 1
0 11 97 1 1
0 14 86 1 1
0 4 90 1 1
0 7 93 1 1
0 9 95 1 1
0 8 94 1 1
0 2 88 1 1
0 1 87 1 1
0 2 87 1 1
0 3 87 1 1
0 12 87 1 1
0 4 87 1 1
0 5 87 1 1
0 8 87 1 1
0 6 87 1 1
0 9 87 1 1
0 7 87 1 1
0 10 87 1 1
0 11 87 1 1
0 1 87 1 1
0 3 135 1 1
0 5 137 1 1
0 6 138 1 1
0 10 142 1 1
0 11 143 1 1
0 14 132 1 1
0 4 136 1 1
0 7 139 1 1
0 9 141 1 1
0 8 140 1 1
0 2 134 1 1
0 1 133 1 1
0 2 133 1 1
0 3 133 1 1
0 12 133 1 1
0 4 133 1 1
0 5 133 1 1
0 8 133 1 1
0 6 133 1 1
0 9 133 1 1
0 7 133 1 1
0 10 133 1 1
0 11 133 1 1
0 1 133 1 1
0 8 139 1 1
0 5 142 1 1
0 9 138 1 1
0 4 143 1 1
0 10 137 1 1
0 12 135 1 1
0 13 134 1 1
0 1 133 1 1
0 7 140 1 1
0 6 141 1 1
0 2 132 1 1
0 11 136 1 1
0 3 318 1 1
0 5 320 1 1
0 6 321 1 1
0 10 325 1 1
0 11 326 1 1
0 14 315 1 1
0 4 319 1 1
0 7 322 1 1
0 9 324 1 1
0 8 323 1 1
0 2 317 1 1
0 1 316 1 1
0 2 316 1 1
0 3 316 1 1
0 12 316 1 1
0 4 316 1 1
0 5 316 1 1
0 8 316 1 1
0 6 316 1 1
0 9 316 1 1
0 7 316 1 1
0 10 316 1 1
0 11 316 1 1
0 1 316 1 1
0 8 322 1 1
0 5 325 1 1
0 9 321 1 1
0 4 326 1 1
0 10 320 1 1
0 12 318 1 1
0 13 317 1 1
0 1 316 1 1
0 7 323 1 1
0 6 324 1 1
0 2 315 1 1
0 11 319 1 1
0 7 325 1 1
0 8 326 1 1
0 2 320 1 1
0 5 323 1 1
0 3 321 1 1
0 4 322 1 1
0 10 315 1 1
0 12 317 1 1
0 6 324 1 1
0 11 316 1 1
0 1 319 1 1
0 14 318 1 1
0 10 319 1 1
0 7 319 1 1
0 9 319 1 1
0 6 319 1 1
0 8 319 1 1
0 5 319 1 1
0 4 319 1 1
0 12 319 1 1
0 3 319 1 1
0 2 319 1 1
0 1 319 1 1
0 11 319 1 1
0 7 326 1 1
0 2 318 1 1
0 8 325 1 1
0 12 321 1 1
0 9 324 1 1
0 4 316 1 1
0 10 323 1 1
0 13 320 1 1
0 5 315 1 1
0 3 317 1 1
0 11 322 1 1
0 1 319 1 1
0 4 325 1 1
0 2 323 1 1
0 5 326 1 1
0 1 322 1 1
0 9 317 1 1
0 10 318 1 1
0 3 324 1 1
0 12 320 1 1
0 7 315 1 1
0 8 316 1 1
0 11 319 1 1
0 14 321 1 1
0 3 187 1 1
0 5 189 1 1
0 6 190 1 1
0 10 194 1 1
0 11 195 1 1
0 14 184 1 1
0 4 188 1 1
0 7 191 1 1
0 9 193 1 1
0 8 192 1 1
0 2 186 1 1
0 1 185 1 1
0 2 185 1 1
0 3 185 1 1
0 12 185 1 1
0 4 185 1 1
0 5 185 1 1
0 8 185 1 1
0 6 185 1 1
0 9 185 1 1
0 7 185 1 1
0 10 185 1 1
0 11 185 1 1
0 1 185 1 1
0 8 191 1 1
0 5 194 1 1
0 9 190 1 1
0 4 195 1 1
0 10 189 1 1
0 12 187 1 1
0 13 186 1 1
0 1 185 1 1
0 7 192 1 1
0 6 193 1 1
0 2 184 1 1
0 11 188 1 1
0 7 194 1 1
0 8 195 1 1
0 2 189 1 1
0 5 192 1 1
0 3 190 1 1
0 4 191 1 1
0 10 184 1 1
0 12 186 1 1
0 6 193 1 1
0 11 185 1 1
0 1 188 1 1
0 14 187 1 1
0 3 191 1 1
0 5 193 1 1
0 6 194 1 1
0 10 198 1 1
0 11 199 1 1
0 14 188 1 1
0 4 192 1 1
0 7 195 1 1
0 9 197 1 1
0 8 196 1 1
0 2 190 1 1
0 1 189 1 1
0 2 189 1 1
0 3 189 1 1
0 12 189 1 1
0 4 189 1 1
0 5 189 1 1
0 8 189 1 1
0 6 189 1 1
0 9 189 1 1
0 7 189 1 1
0 10 189 1 1
0 11 189 1 1
0 1 189 1 1
0 8 195 1 1
0 5 198 1 1
0 9 194 1 1
0 4 199 1 1
0 10 193 1 1
0 12 191 1 1
0 13 190 1 1
0 1 189 1 1
0 7 196 1 1
0 6 197 1 1
0 2 188 1 1
0 11 192 1 1
0 7 198 1 1
0 8 199 1 1
0 2 193 1 1
0 5 196 1 1
0 3 194 1 1
0 4 195 1 1
0 10 188 1 1
0 12 190 1 1
0 6 197 1 1
0 11 189 1 1
0 1 192 1 1
0 14 191 1 1
0 3 243 1 1
0 5 245 1 1
0 6 246 1 1
0 10 250 1 1
0 11 251 1 1
0 14 240 1 1
0 4 244 1 1
0 7 247 1 1
0 9 249 1 1
0 8 248 1 1
0 2 242 1 1
0 1 241 1 1
0 2 241 1 1
0 3 241 1 1
0 12 241 1 1
0 4 241 1 1
0 5 241 1 1
0 8 241 1 1
0 6 241 1 1
0 9 241 1 1
0 7 241 1 1
0 10 241 1 1
0 11 241 1 1
0 1 241 1 1
0 8 247 1 1
0 5 250 1 1
0 9 246 1 1
0 4 251 1 1
0 10 245 1 1
0 12 243 1 1
0 13 242 1 1
0 1 241 1 1
0 7 248 1 1
0 6 249 1 1
0 2 240 1 1
0 11 244 1 1
0 7 250 1 1
0 8 251 1 1
0 2 245 1 1
0 5 248 1 1
0 3 246 1 1
0 4 247 1 1
0 10 240 1 1
0 12 242 1 1
0 6 249 1 1
0 11 241 1 1
0 1 244 1 1
0 14 243 1 1
0 10 244 1 1
0 7 244 1 1
0 9 244 1 1
0 6 244 1 1
0 8 244 1 1
0 5 244 1 1
0 4 244 1 1
0 12 244 1 1
0 3 244 1 1
0 2 244 1 1
0 1 244 1 1
0 11 244 1 1
0 3 150 1 1
0 5 152 1 1
0 6 153 1 1
0 10 157 1 1
0 11 158 1 1
0 14 147 1 1
0 4 151 1 1
0 7 154 1 1
0 9 156 1 1
0 8 155 1 1
0 2 149 1 1
0 1 148 1 1
0 2 148 1 1
0 3 148 1 1
0 12 148 1 1
0 4 148 1 1
0 5 148 1 1
0 8 148 1 1
0 6 148 1 1
0 9 148 1 1
0 7 148 1 1
0 10 148 1 1
0 11 148 1 1
0 1 148 1 1
0 8 154 1 1
0 5 157 1 1
0 9 153 1 1
0 4 158 1 1
0 10 152 1 1
0 12 150 1 1
0 13 149 1 1
0 1 148 1 1
0 7 155 1 1
0 6 156 1 1
0 2 147 1 1
0 11 151 1 1
0 3 103 1 1
0 5 105 1 1
0 6 106 1 1
0 10 110 1 1
0 11 111 1 1
0 14 100 1 1
0 4 104 1 1
0 7 107 1 1
0 9 109 1 1
0 8 108 1 1
0 2 102 1 1
0 1 101 1 1
0 2 101 1 1
0 3 101 1 1
0 12 101 1 1
0 4 101 1 1
0 5 101 1 1
0 8 101 1 1
0 6 101 1 1
0 9 101 1 1
0 7 101 1 1
0 10 101 1 1
0 11 101 1 1
0 1 101 1 1
0 3 564 1 1
0 5 566 1 1
0 6 567 1 1
0 10 571 1 1
0 11 572 1 1
0 14 561 1 1
0 4 565 1 1
0 7 568 1 1
0 9 570 1 1
0 8 569 1 1
0 2 563 1 1
0 1 562 1 1
0 2 562 1 1
0 3 562 1 1
0 12 562 1 1
0 4 562 1 1
0 5 562 1 1
0 8 562 1 1
0 6 562 1 1
0 9 562 1 1
0 7 562 1 1
0 10 562 1 1
0 11 562 1 1
0 1 562 1 1
0 8 568 1 1
0 5 571 1 1
0 9 567 1 1
0 4 572 1 1
0 10 566 1 1
0 12 564 1 1
0 13 563 1 1
0 1 562 1 1
0 7 569 1 1
0 6 570 1 1
0 2 561 1 1
0 11 565 1 1
0 7 571 1 1
0 8 572 1 1
0 2 566 1 1
0 5 569 1 1
0 3 567 1 1
0 4 568 1 1
0 10 561 1 1
0 12 563 1 1
0 6 570 1 1
0 11 562 1 1
0 1 565 1 1
0 14 564 1 1
0 10 565 1 1
0 7 565 1 1
0 9 565 1 1
0 6 565 1 1
0 8 565 1 1
0 5 565 1 1
0 4 565 1 1
0 12 565 1 1
0 3 565 1 1
0 2 565 1 1
0 1 565 1 1
0 11 565 1 1
0 7 572 1 1
0 2 564 1 1
0 8 571 1 1
0 12 567 1 1
0 9 570 1 1
0 4 562 1 1
0 10 569 1 1
0 13 566 1 1
0 5 561 1 1
0 3 563 1 1
0 11 568 1 1
0 1 565 1 1
0 4 571 1 1
0 2 569 1 1
0 5 572 1 1
0 1 568 1 1
0 9 563 1 1
0 10 564 1 1
0 3 570 1 1
0 12 566 1 1
0 7 561 1 1
0 8 562 1 1
0 11 565 1 1
0 14 567 1 1
0 3 568 1 1
0 1 568 1 1
0 12 568 1 1
0 6 568 1 1
0 7 568 1 1
0 4 568 1 1
0 5 568 1 1
0 10 568 1 1
0 11 568 1 1
0 8 568 1 1
0 2 568 1 1
0 9 568 1 1
0 10 572 1 1
0 6 563 1 1
0 11 571 1 1
0 13 569 1 1
0 1 568 1 1
0 4 565 1 1
0 2 567 1 1
0 3 566 1 1
0 7 562 1 1
0 8 561 1 1
0 12 570 1 1
0 5 564 1 1
0 9 566 1 1
0 6 563 1 1
0 14 570 1 1
0 8 565 1 1
0 12 569 1 1
0 2 572 1 1
0 10 567 1 1
0 5 562 1 1
0 1 571 1 1
0 4 561 1 1
0 11 568 1 1
0 7 564 1 1
0 8 571 1 1
0 5 571 1 1
0 11 571 1 1
0 4 571 1 1
0 10 571 1 1
0 7 571 1 1
0 6 571 1 1
0 12 571 1 1
0 1 571 1 1
0 3 571 1 1
0 9 571 1 1
0 2 571 1 1
0 3 315 1 1
0 5 317 1 1
0 6 318 1 1
0 10 322 1 1
0 11 323 1 1
0 14 312 1 1
0 4 316 1 1
0 7 319 1 1
0 9 321 1 1
0 8 320 1 1
0 2 314 1 1
0 1 313 1 1
0 2 313 1 1
0 3 313 1 1
0 12 313 1 1
0 4 313 1 1
0 5 313 1 1
0 8 313 1 1
0 6 313 1 1
0 9 313 1 1
0 7 313 1 1
0 10 313 1 1
0 11 313 1 1
0 1 313 1 1
0 8 319 1 1
0 5 322 1 1
0 9 318 1 1
0 4 323 1 1
0 10 317 1 1
0 12 315 1 1
0 13 314 1 1
0 1 313 1 1
0 7 320 1 1
0 6 321 1 1
0 2 312 1 1
0 11 316 1 1
0 7 322 1 1
0 8 323 1 1
0 2 317 1 1
0 5 320 1 1
0 3 318 1 1
0 4 319 1 1
0 10 312 1 1
0 12 314 1 1
0 6 321 1 1
0 11 313 1 1
0 1 316 1 1
0 14 315 1 1
0 10 316 1 1
0 7 316 1 1
0 9 316 1 1
0 6 316 1 1
0 8 316 1 1
0 5 316 1 1
0 4 316 1 1
0 12 316 1 1
0 3 316 1 1
0 2 316 1 1
0 1 316 1 1
0 11 316 1 1
0 7 323 1 1
0 2 315 1 1
0 8 322 1 1
0 12 318 1 1
0 9 321 1 1
0 4 313 1 1
0 10 320 1 1
0 13 317 1 1
0 5 312 1 1
0 3 314 1 1
0 11 319 1 1
0 1 316 1 1
0 3 215 1 1
0 5 217 1 1
0 6 218 1 1
0 10 222 1 1
0 11 223 1 1
0 14 212 1 1
0 4 216 1 1
0 7 219 1 1
0 9 221 1 1
0 8 220 1 1
0 2 214 1 1
0 1 213 1 1
0 2 213 1 1
0 3 213 1 1
0 12 213 1 1
0 4 213 1 1
0 5 213 1 1
0 8 213 1 1
0 6 213 1 1
0 9 213 1 1
0 7 213 1 1
0 10 213 1 1
0 11 213 1 1
0 1 213 1 1
0 8 219 1 1
0 5 222 1 1
0 9 218 1 1
0 4 223 1 1
0 10 217 1 1
0 12 215 1 1
0 13 214 1 1
0 1 213 1 1
0 7 220 1 1
0 6 221 1 1
0 2 212 1 1
0 11 216 1 1
0 7 222 1 1
0 8 223 1 1
0 2 217 1 1
0 5 220 1 1
0 3 218 1 1
0 4 219 1 1
0 10 212 1 1
0 12 214 1 1
0 6 221 1 1
0 11 213 1 1
0 1 216 1 1
0 14 215 1 1
0 3 165 1 1
0 5 167 1 1
0 6 168 1 1
0 10 172 1 1
0 11 173 1 1
0 14 162 1 1
0 4 166 1 1
0 7 169 1 1
0 9 171 1 1
0 8 170 1 1
0 2 164 1 1
0 1 163 1 1
0 2 163 1 1
0 3 163 1 1
0 12 163 1 1
0 4 163 1 1
0 5 163 1 1
0 8 163 1 1
0 6 163 1 1
0 9 163 1 1
0 7 163 1 1
0 10 163 1 1
0 11 163 1 1
0 1 163 1 1
0 8 169 1 1
0 5 172 1 1
0 9 168 1 1
0 4 173 1 1
0 10 167 1 1
0 12 165 1 1
0 13 164 1 1
0 1 163 1 1
0 7 170 1 1
0 6 171 1 1
0 2 162 1 1
0 11 166 1 1
0 3 278 1 1
0 5 280 1 1
0 6 281 1 1
0 10 285 1 1
0 11 286 1 1
0 14 275 1 1
0 4 279 1 1
0 7 282 1 1
0 9 284 1 1
0 8 283 1 1
0 2 277 1 1
0 1 276 1 1
0 2 276 1 1
0 3 276 1 1
0 12 276 1 1
0 4 276 1 1
0 5 276 1 1
0 8 276 1 1
0 6 276 1 1
0 9 276 1 1
0 7 276 1 1
0 10 276 1 1
0 11 276 1 1
0 1 276 1 1
0 8 282 1 1
0 5 285 1 1
0 9 281 1 1
0 4 286 1 1
0 10 280 1 1
0 12 278 1 1
0 13 277 1 1
0 1 276 1 1
0 7 283 1 1
0 6 284 1 1
0 2 275 1 1
0 11 279 1 1
0 7 285 1 1
0 8 286 1 1
0 2 280 1 1
0 5 283 1 1
0 3 281 1 1
0 4 282 1 1
0 10 275 1 1
0 12 277 1 1
0 6 284 1 1
0 11 276 1 1
0 1 279 1 1
0 14 278 1 1
0 10 279 1 1
0 7 279 1 1
0 9 279 1 1
0 6 279 1 1
0 8 279 1 1
0 5 279 1 1
0 4 279 1 1
0 12 279 1 1
0 3 279 1 1
0 2 279 1 1
0 1 279 1 1
0 11 279 1 1
0 3 59 1 1
0 5 61 1 1
0 6 62 1 1
0 10 66 1 1
0 11 67 1 1
0 14 56 1 1
0 4 60 1 1
0 7 63 1 1
0 9 65 1 1
0 8 64 1 1
0 2 58 1 1
0 1 57 1 1
0 3 630 1 1
0 5 632 1 1
0 6 633 1 1
0 10 637 1 1
0 11 638 1 1
0 14 627 1 1
0 4 631 1 1
0 7 634 1 1
0 9 636 1 1
0 8 635 1 1
0 2 629 1 1
0 1 628 1 1
0 2 628 1 1
0 3 628 1 1
0 12 628 1 1
0 4 628 1 1
0 5 628 1 1
0 8 628 1 1
0 6 628 1 1
0 9 628 1 1
0 7 628 1 1
0 10 628 1 1
0 11 628 1 1
0 1 628 1 1
0 8 634 1 1
0 5 637 1 1
0 9 633 1 1
0 4 638 1 1
0 10 632 1 1
0 12 630 1 1
0 13 629 1 1
0 1 628 1 1
0 7 635 1 1
0 6 636 1 1
0 2 627 1 1
0 11 631 1 1
0 7 637 1 1
0 8 638 1 1
0 2 632 1 1
0 5 635 1 1
0 3 633 1 1
0 4 634 1 1
0 10 627 1 1
0 12 629 1 1
0 6 636 1 1
0 11 628 1 1
0 1 631 1 1
0 14 630 1 1
0 10 631 1 1
0 7 631 1 1
0 9 631 1 1
0 6 631 1 1
0 8 631 1 1
0 5 631 1 1
0 4 631 1 1
0 12 631 1 1
0 3 631 1 1
0 2 631 1 1
0 1 631 1 1
0 11 631 1 1
0 7 638 1 1
0 2 630 1 1
0 8 637 1 1
0 12 633 1 1
0 9 636 1 1
0 4 628 1 1
0 10 635 1 1
0 13 632 1 1
0 5 627 1 1
0 3 629 1 1
0 11 634 1 1
0 1 631 1 1
0 4 637 1 1
0 2 635 1 1
0 5 638 1 1
0 1 634 1 1
0 9 629 1 1
0 10 630 1 1
0 3 636 1 1
0 12 632 1 1
0 7 627 1 1
0 8 628 1 1
0 11 631 1 1
0 14 633 1 1
0 3 634 1 1
0 1 634 1 1
0 12 634 1 1
0 6 634 1 1
0 7 634 1 1
0 4 634 1 1
0 5 634 1 1
0 10 634 1 1
0 11 634 1 1
0 8 634 1 1
0 2 634 1 1
0 9 634 1 1
0 10 638 1 1
0 6 629 1 1
0 11 637 1 1
0 13 635 1 1
0 1 634 1 1
0 4 631 1 1
0 2 633 1 1
0 3 632 1 1
0 7 628 1 1
0 8 627 1 1
0 12 636 1 1
0 5 630 1 1
0 9 632 1 1
0 6 629 1 1
0 14 636 1 1
0 8 631 1 1
0 12 635 1 1
0 2 638 1 1
0 10 633 1 1
0 5 628 1 1
0 1 637 1 1
0 4 627 1 1
0 11 634 1 1
0 7 630 1 1
0 8 637 1 1
0 5 637 1 1
0 11 637 1 1
0 4 637 1 1
0 10 637 1 1
0 7 637 1 1
0 6 637 1 1
0 12 637 1 1
0 1 637 1 1
0 3 637 1 1
0 9 637 1 1
0 2 637 1 1
0 3 583 1 1
0 5 585 1 1
0 6 586 1 1
0 10 590 1 1
0 11 591 1 1
0 14 580 1 1
0 4 584 1 1
0 7 587 1 1
0 9 589 1 1
0 8 588 1 1
0 2 582 1 1
0 1 581 1 1
0 2 581 1 1
0 3 581 1 1
0 12 581 1 1
0 4 581 1 1
0 5 581 1 1
0 8 581 1 1
0 6 581 1 1
0 9 581 1 1
0 7 581 1 1
0 10 581 1 1
0 11 581 1 1
0 1 581 1 1
0 8 587 1 1
0 5 590 1 1
0 9 586 1 1
0 4 591 1 1
0 10 585 1 1
0 12 583 1 1
0 13 582 1 1
0 1 581 1 1
0 7 588 1 1
0 6 589 1 1
0 2 580 1 1
0 11 584 1 1
0 7 590 1 1
0 8 591 1 1
0 2 585 1 1
0 5 588 1 1
0 3 586 1 1
0 4 587 1 1
0 10 580 1 1
0 12 582 1 1
0 6 589 1 1
0 11 581 1 1
0 1 584 1 1
0 14 583 1 1
0 10 584 1 1
0 7 584 1 1
0 9 584 1 1
0 6 584 1 1
0 8 584 1 1
0 5 584 1 1
0 4 584 1 1
0 12 584 1 1
0 3 584 1 1
0 2 584 1 1
0 1 584 1 1
0 11 584 1 1
0 7 591 1 1
0 2 583 1 1
0 8 590 1 1
0 12 586 1 1
0 9 589 1 1
0 4 581 1 1
0 10 588 1 1
0 13 585 1 1
0 5 580 1 1
0 3 582 1 1
0 11 587 1 1
0 1 584 1 1
0 4 590 1 1
0 2 588 1 1
0 5 591 1 1
0 1 587 1 1
0 9 582 1 1
0 10 583 1 1
0 3 589 1 1
0 12 585 1 1
0 7 580 1 1
0 8 581 1 1
0 11 584 1 1
0 14 586 1 1
0 3 587 1 1
0 1 587 1 1
0 12 587 1 1
0 6 587 1 1
0 7 587 1 1
0 4 587 1 1
0 5 587 1 1
0 10 587 1 1
0 11 587 1 1
0 8 587 1 1
0 2 587 1 1
0 9 587 1 1
0 10 591 1 1
0 6 582 1 1
0 11 590 1 1
0 13 588 1 1
0 1 587 1 1
0 4 584 1 1
0 2 586 1 1
0 3 585 1 1
0 7 581 1 1
0 8 580 1 1
0 12 589 1 1
0 5 583 1 1
0 9 585 1 1
0 6 582 1 1
0 14 589 1 1
0 8 584 1 1
0 12 588 1 1
0 2 591 1 1
0 10 586 1 1
0 5 581 1 1
0 1 590 1 1
0 4 580 1 1
0 11 587 1 1
0 7 583 1 1
0 3 239 1 1
0 5 241 1 1
0 6 242 1 1
0 10 246 1 1
0 11 247 1 1
0 14 236 1 1
0 4 240 1 1
0 7 243 1 1
0 9 245 1 1
0 8 244 1 1
0 2 238 1 1
0 1 237 1 1
0 2 237 1 1
0 3 237 1 1
0 12 237 1 1
0 4 237 1 1
0 5 237 1 1
0 8 237 1 1
0 6 237 1 1
0 9 237 1 1
0 7 237 1 1
0 10 237 1 1
0 11 237 1 1
0 1 237 1 1
0 8 243 1 1
0 5 246 1 1
0 9 242 1 1
0 4 247 1 1
0 10 241 1 1
0 12 239 1 1
0 13 238 1 1
0 1 237 1 1
0 7 244 1 1
0 6 245 1 1
0 2 236 1 1
0 11 240 1 1
0 7 246 1 1
0 8 247 1 1
0 2 241 1 1
0 5 244 1 1
0 3 242 1 1
0 4 243 1 1
0 10 236 1 1
0 12 238 1 1
0 6 245 1 1
0 11 237 1 1
0 1 240 1 1
0 14 239 1 1
0 3 123 1 1
0 5 125 1 1
0 6 126 1 1
0 10 130 1 1
0 11 131 1 1
0 14 120 1 1
0 4 124 1 1
0 7 127 1 1
0 9 129 1 1
0 8 128 1 1
0 2 122 1 1
0 1 121 1 1
0 2 121 1 1
0 3 121 1 1
0 12 121 1 1
0 4 121 1 1
0 5 121 1 1
0 8 121 1 1
0 6 121 1 1
0 9 121 1 1
0 7 121 1 1
0 10 121 1 1
0 11 121 1 1
0 1 121 1 1
0 3 247 1 1
0 5 249 1 1
0 6 250 1 1
0 10 254 1 1
0 11 255 1 1
0 14 244 1 1
0 4 248 1 1
0 7 251 1 1
0 9 253 1 1
0 8 252 1 1
0 2 246 1 1
0 1 245 1 1
0 2 245 1 1
0 3 245 1 1
0 12 245 1 1
0 4 245 1 1
0 5 245 1 1
0 8 245 1 1
0 6 245 1 1
0 9 245 1 1
0 7 245 1 1
0 10 245 1 1
0 11 245 1 1
0 1 245 1 1
0 8 251 1 1
0 5 254 1 1
0 9 250 1 1
0 4 255 1 1
0 10 249 1 1
0 12 247 1 1
0 13 246 1 1
0 1 245 1 1
0 7 252 1 1
0 6 253 1 1
0 2 244 1 1
0 11 248 1 1
0 7 254 1 1
0 8 255 1 1
0 2 249 1 1
0 5 252 1 1
0 3 250 1 1
0 4 251 1 1
0 10 244 1 1
0 12 246 1 1
0 6 253 1 1
0 11 245 1 1
0 1 248 1 1
0 14 247 1 1
0 3 499 1 1
0 5 501 1 1
0 6 502 1 1
0 10 506 1 1
0 11 507 1 1
0 14 496 1 1
0 4 500 1 1
0 7 503 1 1
0 9 505 1 1
0 8 504 1 1
0 2 498 1 1
0 1 497 1 1
0 2 497 1 1
0 3 497 1 1
0 12 497 1 1
0 4 497 1 1
0 5 497 1 1
0 8 497 1 1
0 6 497 1 1
0 9 497 1 1
0 7 497 1 1
0 10 497 1 1
0 11 497 1 1
0 1 497 1 1
0 8 503 1 1
0 5 506 1 1
0 9 502 1 1
0 4 507 1 1
0 10 501 1 1
0 12 499 1 1
0 13 498 1 1
0 1 497 1 1
0 7 504 1 1
0 6 505 1 1
0 2 496 1 1
0 11 500 1 1
0 7 506 1 1
0 8 507 1 1
0 2 501 1 1
0 5 504 1 1
0 3 502 1 1
0 4 503 1 1
0 10 496 1 1
0 12 498 1 1
0 6 505 1 1
0 11 497 1 1
0 1 500 1 1
0 14 499 1 1
0 10 500 1 1
0 7 500 1 1
0 9 500 1 1
0 6 500 1 1
0 8 500 1 1
0 5 500 1 1
0 4 500 1 1
0 12 500 1 1
0 3 500 1 1
0 2 500 1 1
0 1 500 1 1
0 11 500 1 1
0 7 507 1 1
0 2 499 1 1
0 8 506 1 1
0 12 502 1 1
0 9 505 1 1
0 4 497 1 1
0 10 504 1 1
0 13 501 1 1
0 5 496 1 1
0 3 498 1 1
0 11 503 1 1
0 1 500 1 1
0 4 506 1 1
0 2 504 1 1
0 5 507 1 1
0 1 503 1 1
0 9 498 1 1
0 10 499 1 1
0 3 505 1 1
0 12 501 1 1
0 7 496 1 1
0 8 497 1 1
0 11 500 1 1
0 14 502 1 1
0 3 503 1 1
0 1 503 1 1
0 12 503 1 1
0 6 503 1 1
0 7 503 1 1
0 4 503 1 1
0 5 503 1 1
0 10 503 1 1
0 11 503 1 1
0 8 503 1 1
0 2 503 1 1
0 9 503 1 1
0 3 129 1 1
0 5 131 1 1
0 6 132 1 1
0 10 136 1 1
0 11 137 1 1
0 14 126 1 1
0 4 130 1 1
0 7 133 1 1
0 9 135 1 1
0 8 134 1 1
0 2 128 1 1
0 1 127 1 1
0 2 127 1 1
0 3 127 1 1
0 12 127 1 1
0 4 127 1 1
0 5 127 1 1
0 8 127 1 1
0 6 127 1 1
0 9 127 1 1
0 7 127 1 1
0 10 127 1 1
0 11 127 1 1
0 1 127 1 1
0 3 515 1 1
0 5 517 1 1
0 6 518 1 1
0 10 522 1 1
0 11 523 1 1
0 14 512 1 1
0 4 516 1 1
0 7 519 1 1
0 9 521 1 1
0 8 520 1 1
0 2 514 1 1
0 1 513 1 1
0 2 513 1 1
0 3 513 1 1
0 12 513 1 1
0 4 513 1 1
0 5 513 1 1
0 8 513 1 1
0 6 513 1 1
0 9 513 1 1
0 7 513 1 1
0 10 513 1 1
0 11 513 1 1
0 1 513 1 1
0 8 519 1 1
0 5 522 1 1
0 9 518 1 1
0 4 523 1 1
0 10 517 1 1
0 12 515 1 1
0 13 514 1 1
0 1 513 1 1
0 7 520 1 1
0 6 521 1 1
0 2 512 1 1
0 11 516 1 1
0 7 522 1 1
0 8 523 1 1
0 2 517 1 1
0 5 520 1 1
0 3 518 1 1
0 4 519 1 1
0 10 512 1 1
0 12 514 1 1
0 6 521 1 1
0 11 513 1 1
0 1 516 1 1
0 14 515 1 1
0 10 516 1 1
0 7 516 1 1
0 9 516 1 1
0 6 516 1 1
0 8 516 1 1
0 5 516 1 1
0 4 516 1 1
0 12 516 1 1
0 3 516 1 1
0 2 516 1 1
0 1 516 1 1
0 11 516 1 1
0 7 523 1 1
0 2 515 1 1
0 8 522 1 1
0 12 518 1 1
0 9 521 1 1
0 4 513 1 1
0 10 520 1 1
0 13 517 1 1
0 5 512 1 1
0 3 514 1 1
0 11 519 1 1
0 1 516 1 1
0 4 522 1 1
0 2 520 1 1
0 5 523 1 1
0 1 519 1 1
0 9 514 1 1
0 10 515 1 1
0 3 521 1 1
0 12 517 1 1
0 7 512 1 1
0 8 513 1 1
0 11 516 1 1
0 14 518 1 1
0 3 519 1 1
0 1 519 1 1
0 12 519 1 1
0 6 519 1 1
0 7 519 1 1
0 4 519 1 1
0 5 519 1 1
0 10 519 1 1
0 11 519 1 1
0 8 519 1 1
0 2 519 1 1
0 9 519 1 1
0 3 718 1 1
0 5 720 1 1
0 6 721 1 1
0 10 725 1 1
0 11 726 1 1
0 14 715 1 1
0 4 719 1 1
0 7 722 1 1
0 9 724 1 1
0 8 723 1 1
0 2 717 1 1
0 1 716 1 1
0 2 716 1 1
0 3 716 1 1
0 12 716 1 1
0 4 716 1 1
0 5 716 1 1
0 8 716 1 1
0 6 716 1 1
0 9 716 1 1
0 7 716 1 1
0 10 716 1 1
0 11 716 1 1
0 1 716 1 1
0 8 722 1 1
0 5 725 1 1
0 9 721 1 1
0 4 726 1 1
0 10 720 1 1
0 12 718 1 1
0 13 717 1 1
0 1 716 1 1
0 7 723 1 1
0 6 724 1 1
0 2 715 1 1
0 11 719 1 1
0 7 725 1 1
0 8 726 1 1
0 2 720 1 1
0 5 723 1 1
0 3 721 1 1
0 4 722 1 1
0 10 715 1 1
0 12 717 1 1
0 6 724 1 1
0 11 716 1 1
0 1 719 1 1
0 14 718 1 1
0 10 719 1 1
0 7 719 1 1
0 9 719 1 1
0 6 719 1 1
0 8 719 1 1
0 5 719 1 1
0 4 719 1 1
0 12 719 1 1
0 3 719 1 1
0 2 719 1 1
0 1 719 1 1
0 11 719 1 1
0 7 726 1 1
0 2 718 1 1
0 8 725 1 1
0 12 721 1 1
0 9 724 1 1
0 4 716 1 1
0 10 723 1 1
0 13 720 1 1
0 5 715 1 1
0 3 717 1 1
0 11 722 1 1
0 1 719 1 1
0 4 725 1 1
0 2 723 1 1
0 5 726 1 1
0 1 722 1 1
0 9 717 1 1
0 10 718 1 1
0 3 724 1 1
0 12 720 1 1
0 7 715 1 1
0 8 716 1 1
0 11 719 1 1
0 14 721 1 1
0 3 722 1 1
0 1 722 1 1
0 12 722 1 1
0 6 722 1 1
0 7 722 1 1
0 4 722 1 1
0 5 722 1 1
0 10 722 1 1
0 11 722 1 1
0 8 722 1 1
0 2 722 1 1
0 9 722 1 1
0 10 726 1 1
0 6 717 1 1
0 11 725 1 1
0 13 723 1 1
0 1 722 1 1
0 4 719 1 1
0 2 721 1 1
0 3 720 1 1
0 7 716 1 1
0 8 715 1 1
0 12 724 1 1
0 5 718 1 1
0 9 720 1 1
0 6 717 1 1
0 14 724 1 1
0 8 719 1 1
0 12 723 1 1
0 2 726 1 1
0 10 721 1 1
0 5 716 1 1
0 1 725 1 1
0 4 715 1 1
0 11 722 1 1
0 7 718 1 1
0 8 725 1 1
0 5 725 1 1
0 11 725 1 1
0 4 725 1 1
0 10 725 1 1
0 7 725 1 1
0 6 725 1 1
0 12 725 1 1
0 1 725 1 1
0 3 725 1 1
0 9 725 1 1
0 2 725 1 1
0 3 69 1 1
0 5 71 1 1
0 6 72 1 1
0 10 76 1 1
0 11 77 1 1
0 14 66 1 1
0 4 70 1 1
0 7 73 1 1
0 9 75 1 1
0 8 74 1 1
0 2 68 1 1
0 1 67 1 1
0 3 740 1 1
0 5 742 1 1
0 6 743 1 1
0 10 747 1 1
0 11 748 1 1
0 14 737 1 1
0 4 741 1 1
0 7 744 1 1
0 9 746 1 1
0 8 745 1 1
0 2 739 1 1
0 1 738 1 1
0 2 738 1 1
0 3 738 1 1
0 12 738 1 1
0 4 738 1 1
0 5 738 1 1
0 8 738 1 1
0 6 738 1 1
0 9 738 1 1
0 7 738 1 1
0 10 738 1 1
0 11 738 1 1
0 1 738 1 1
0 8 744 1 1
0 5 747 1 1
0 9 743 1 1
0 4 748 1 1
0 10 742 1 1
0 12 740 1 1
0 13 739 1 1
0 1 738 1 1
0 7 745 1 1
0 6 746 1 1
0 2 737 1 1
0 11 741 1 1
0 7 747 1 1
0 8 748 1 1
0 2 742 1 1
0 5 745 1 1
0 3 743 1 1
0 4 744 1 1
0 10 737 1 1
0 12 739 1 1
0 6 746 1 1
0 11 738 1 1
0 1 741 1 1
0 14 740 1 1
0 10 741 1 1
0 7 741 1 1
0 9 741 1 1
0 6 741 1 1
0 8 741 1 1
0 5 741 1 1
0 4 741 1 1
0 12 741 1 1
0 3 741 1 1
0 2 741 1 1
0 1 741 1 1
0 11 741 1 1
0 7 748 1 1
0 2 740 1 1
0 8 747 1 1
0 12 743 1 1
0 9 746 1 1
0 4 738 1 1
0 10 745 1 1
0 13 742 1 1
0 5 737 1 1
0 3 739 1 1
0 11 744 1 1
0 1 741 1 1
0 4 747 1 1
0 2 745 1 1
0 5 748 1 1
0 1 744 1 1
0 9 739 1 1
0 10 740 1 1
0 3 746 1 1
0 12 742 1 1
0 7 737 1 1
0 8 738 1 1
0 11 741 1 1
0 14 743 1 1
0 3 744 1 1
0 1 744 1 1
0 12 744 1 1
0 6 744 1 1
0 7 744 1 1
0 4 744 1 1
0 5 744 1 1
0 10 744 1 1
0 11 744 1 1
0 8 744 1 1
0 2 744 1 1
0 9 744 1 1
0 10 748 1 1
0 6 739 1 1
0 11 747 1 1
0 13 745 1 1
0 1 744 1 1
0 4 741 1 1
0 2 743 1 1
0 3 742 1 1
0 7 738 1 1
0 8 737 1 1
0 12 746 1 1
0 5 740 1 1
0 9 742 1 1
0 6 739 1 1
0 14 746 1 1
0 8 741 1 1
0 12 745 1 1
0 2 748 1 1
0 10 743 1 1
0 5 738 1 1
0 1 747 1 1
0 4 737 1 1
0 11 744 1 1
0 7 740 1 1
0 8 747 1 1
0 5 747 1 1
0 11 747 1 1
0 4 747 1 1
0 10 747 1 1
0 7 747 1 1
0 6 747 1 1
0 12 747 1 1
0 1 747 1 1
0 3 747 1 1
0 9 747 1 1
0 2 747 1 1
0 3 547 1 1
0 5 549 1 1
0 6 550 1 1
0 10 554 1 1
0 11 555 1 1
0 14 544 1 1
0 4 548 1 1
0 7 551 1 1
0 9 553 1 1
0 8 552 1 1
0 2 546 1 1
0 1 545 1 1
0 2 545 1 1
0 3 545 1 1
0 12 545 1 1
0 4 545 1 1
0 5 545 1 1
0 8 545 1 1
0 6 545 1 1
0 9 545 1 1
0 7 545 1 1
0 10 545 1 1
0 11 545 1 1
0 1 545 1 1
0 8 551 1 1
0 5 554 1 1
0 9 550 1 1
0 4 555 1 1
0 10 549 1 1
0 12 547 1 1
0 13 546 1 1
0 1 545 1 1
0 7 552 1 1
0 6 553 1 1
0 2 544 1 1
0 11 548 1 1
0 7 554 1 1
0 8 555 1 1
0 2 549 1 1
0 5 552 1 1
0 3 550 1 1
0 4 551 1 1
0 10 544 1 1
0 12 546 1 1
0 6 553 1 1
0 11 545 1 1
0 1 548 1 1
0 14 547 1 1
0 10 548 1 1
0 7 548 1 1
0 9 548 1 1
0 6 548 1 1
0 8 548 1 1
0 5 548 1 1
0 4 548 1 1
0 12 548 1 1
0 3 548 1 1
0 2 548 1 1
0 1 548 1 1
0 11 548 1 1
0 7 555 1 1
0 2 547 1 1
0 8 554 1 1
0 12 550 1 1
0 9 553 1 1
0 4 545 1 1
0 10 552 1 1
0 13 549 1 1
0 5 544 1 1
0 3 546 1 1
0 11 551 1 1
0 1 548 1 1
0 4 554 1 1
0 2 552 1 1
0 5 555 1 1
0 1 551 1 1
0 9 546 1 1
0 10 547 1 1
0 3 553 1 1
0 12 549 1 1
0 7 544 1 1
0 8 545 1 1
0 11 548 1 1
0 14 550 1 1
0 3 551 1 1
0 1 551 1 1
0 12 551 1 1
0 6 551 1 1
0 7 551 1 1
0 4 551 1 1
0 5 551 1 1
0 10 551 1 1
0 11 551 1 1
0 8 551 1 1
0 2 551 1 1
0 9 551 1 1
0 3 486 1 1
0 5 488 1 1
0 6 489 1 1
0 10 493 1 1
0 11 494 1 1
0 14 483 1 1
0 4 487 1 1
0 7 490 1 1
0 9 492 1 1
0 8 491 1 1
0 2 485 1 1
0 1 484 1 1
0 2 484 1 1
0 3 484 1 1
0 12 484 1 1
0 4 484 1 1
0 5 484 1 1
0 8 484 1 1
0 6 484 1 1
0 9 484 1 1
0 7 484 1 1
0 10 484 1 1
0 11 484 1 1
0 1 484 1 1
0 8 490 1 1
0 5 493 1 1
0 9 489 1 1
0 4 494 1 1
0 10 488 1 1
0 12 486 1 1
0 13 485 1 1
0 1 484 1 1
0 7 491 1 1
0 6 492 1 1
0 2 483 1 1
0 11 487 1 1
0 7 493 1 1
0 8 494 1 1
0 2 488 1 1
0 5 491 1 1
0 3 489 1 1
0 4 490 1 1
0 10 483 1 1
0 12 485 1 1
0 6 492 1 1
0 11 484 1 1
0 1 487 1 1
0 14 486 1 1
0 10 487 1 1
0 7 487 1 1
0 9 487 1 1
0 6 487 1 1
0 8 487 1 1
0 5 487 1 1
0 4 487 1 1
0 12 487 1 1
0 3 487 1 1
0 2 487 1 1
0 1 487 1 1
0 11 487 1 1
0 7 494 1 1
0 2 486 1 1
0 8 493 1 1
0 12 489 1 1
0 9 492 1 1
0 4 484 1 1
0 10 491 1 1
0 13 488 1 1
0 5 483 1 1
0 3 485 1 1
0 11 490 1 1
0 1 487 1 1
0 4 493 1 1
0 2 491 1 1
0 5 494 1 1
0 1 490 1 1
0 9 485 1 1
0 10 486 1 1
0 3 492 1 1
0 12 488 1 1
0 7 483 1 1
0 8 484 1 1
0 11 487 1 1
0 14 489 1 1
0 3 143 1 1
0 5 145 1 1
0 6 146 1 1
0 10 150 1 1
0 11 151 1 1
0 14 140 1 1
0 4 144 1 1
0 7 147 1 1
0 9 149 1 1
0 8 148 1 1
0 2 142 1 1
0 1 141 1 1
0 2 141 1 1
0 3 141 1 1
0 12 141 1 1
0 4 141 1 1
0 5 141 1 1
0 8 141 1 1
0 6 141 1 1
0 9 141 1 1
0 7 141 1 1
0 10 141 1 1
0 11 141 1 1
0 1 141 1 1
0 3 571 1 1
0 5 573 1 1
0 6 574 1 1
0 10 578 1 1
0 11 579 1 1
0 14 568 1 1
0 4 572 1 1
0 7 575 1 1
0 9 577 1 1
0 8 576 1 1
0 2 570 1 1
0 1 569 1 1
0 2 569 1 1
0 3 569 1 1
0 12 569 1 1
0 4 569 1 1
0 5 569 1 1
0 8 569 1 1
0 6 569 1 1
0 9 569 1 1
0 7 569 1 1
0 10 569 1 1
0 11 569 1 1
0 1 569 1 1
0 8 575 1 1
0 5 578 1 1
0 9 574 1 1
0 4 579 1 1
0 10 573 1 1
0 12 571 1 1
0 13 570 1 1
0 1 569 1 1
0 7 576 1 1
0 6 577 1 1
0 2 568 1 1
0 11 572 1 1
0 7 578 1 1
0 8 579 1 1
0 2 573 1 1
0 5 576 1 1
0 3 574 1 1
0 4 575 1 1
0 10 568 1 1
0 12 570 1 1
0 6 577 1 1
0 11 569 1 1
0 1 572 1 1
0 14 571 1 1
0 10 572 1 1
0 7 572 1 1
0 9 572 1 1
0 6 572 1 1
0 8 572 1 1
0 5 572 1 1
0 4 572 1 1
0 12 572 1 1
0 3 572 1 1
0 2 572 1 1
0 1 572 1 1
0 11 572 1 1
0 7 579 1 1
0 2 571 1 1
0 8 578 1 1
0 12 574 1 1
0 9 577 1 1
0 4 569 1 1
0 10 576 1 1
0 13 573 1 1
0 5 568 1 1
0 3 570 1 1
0 11 575 1 1
0 1 572 1 1
0 4 578 1 1
0 2 576 1 1
0 5 579 1 1
0 1 575 1 1
0 9 570 1 1
0 10 571 1 1
0 3 577 1 1
0 12 573 1 1
0 7 568 1 1
0 8 569 1 1
0 11 572 1 1
0 14 574 1 1
0 3 575 1 1
0 1 575 1 1
0 12 575 1 1
0 6 575 1 1
0 7 575 1 1
0 4 575 1 1
0 5 575 1 1
0 10 575 1 1
0 11 575 1 1
0 8 575 1 1
0 2 575 1 1
0 9 575 1 1
0 3 795 1 1
0 5 797 1 1
0 6 798 1 1
0 10 802 1 1
0 11 803 1 1
0 14 792 1 1
0 4 796 1 1
0 7 799 1 1
0 9 801 1 1
0 8 800 1 1
0 2 794 1 1
0 1 793 1 1
0 2 793 1 1
0 3 793 1 1
0 12 793 1 1
0 4 793 1 1
0 5 793 1 1
0 8 793 1 1
0 6 793 1 1
0 9 793 1 1
0 7 793 1 1
0 10 793 1 1
0 11 793 1 1
0 1 793 1 1
0 8 799 1 1
0 5 802 1 1
0 9 798 1 1
0 4 803 1 1
0 10 797 1 1
0 12 795 1 1
0 13 794 1 1
0 1 793 1 1
0 7 800 1 1
0 6 801 1 1
0 2 792 1 1
0 11 796 1 1
0 7 802 1 1
0 8 803 1 1
0 2 797 1 1
0 5 800 1 1
0 3 798 1 1
0 4 799 1 1
0 10 792 1 1
0 12 794 1 1
0 6 801 1 1
0 11 793 1 1
0 1 796 1 1
0 14 795 1 1
0 10 796 1 1
0 7 796 1 1
0 9 796 1 1
0 6 796 1 1
0 8 796 1 1
0 5 796 1 1
0 4 796 1 1
0 12 796 1 1
0 3 796 1 1
0 2 796 1 1
0 1 796 1 1
0 11 796 1 1
0 7 803 1 1
0 2 795 1 1
0 8 802 1 1
0 12 798 1 1
0 9 801 1 1
0 4 793 1 1
0 10 800 1 1
0 13 797 1 1
0 5 792 1 1
0 3 794 1 1
0 11 799 1 1
0 1 796 1 1
0 4 802 1 1
0 2 800 1 1
0 5 803 1 1
0 1 799 1 1
0 9 794 1 1
0 10 795 1 1
0 3 801 1 1
0 12 797 1 1
0 7 792 1 1
0 8 793 1 1
0 11 796 1 1
0 14 798 1 1
0 3 799 1 1
0 1 799 1 1
0 12 799 1 1
0 6 799 1 1
0 7 799 1 1
0 4 799 1 1
0 5 799 1 1
0 10 799 1 1
0 11 799 1 1
0 8 799 1 1
0 2 799 1 1
0 9 799 1 1
0 10 803 1 1
0 6 794 1 1
0 11 802 1 1
0 13 800 1 1
0 1 799 1 1
0 4 796 1 1
0 2 798 1 1
0 3 797 1 1
0 7 793 1 1
0 8 792 1 1
0 12 801 1 1
0 5 795 1 1
0 9 797 1 1
0 6 794 1 1
0 14 801 1 1
0 8 796 1 1
0 12 800 1 1
0 2 803 1 1
0 10 798 1 1
0 5 793 1 1
0 1 802 1 1
0 4 792 1 1
0 11 799 1 1
0 7 795 1 1
0 8 802 1 1
0 5 802 1 1
0 11 802 1 1
0 4 802 1 1
0 10 802 1 1
0 7 802 1 1
0 6 802 1 1
0 12 802 1 1
0 1 802 1 1
0 3 802 1 1
0 9 802 1 1
0 2 802 1 1
0 3 368 1 1
0 5 370 1 1
0 6 371 1 1
0 10 375 1 1
0 11 376 1 1
0 14 365 1 1
0 4 369 1 1
0 7 372 1 1
0 9 374 1 1
0 8 373 1 1
0 2 367 1 1
0 1 366 1 1
0 2 366 1 1
0 3 366 1 1
0 12 366 1 1
0 4 366 1 1
0 5 366 1 1
0 8 366 1 1
0 6 366 1 1
0 9 366 1 1
0 7 366 1 1
0 10 366 1 1
0 11 366 1 1
0 1 366 1 1
0 8 372 1 1
0 5 375 1 1
0 9 371 1 1
0 4 376 1 1
0 10 370 1 1
0 12 368 1 1
0 13 367 1 1
0 1 366 1 1
0 7 373 1 1
0 6 374 1 1
0 2 365 1 1
0 11 369 1 1
0 7 375 1 1
0 8 376 1 1
0 2 370 1 1
0 5 373 1 1
0 3 371 1 1
0 4 372 1 1
0 10 365 1 1
0 12 367 1 1
0 6 374 1 1
0 11 366 1 1
0 1 369 1 1
0 14 368 1 1
0 10 369 1 1
0 7 369 1 1
0 9 369 1 1
0 6 369 1 1
0 8 369 1 1
0 5 369 1 1
0 4 369 1 1
0 12 369 1 1
0 3 369 1 1
0 2 369 1 1
0 1 369 1 1
0 11 369 1 1
0 3 521 1 1
0 5 523 1 1
0 6 524 1 1
0 10 528 1 1
0 11 529 1 1
0 14 518 1 1
0 4 522 1 1
0 7 525 1 1
0 9 527 1 1
0 8 526 1 1
0 2 520 1 1
0 1 519 1 1
0 2 519 1 1
0 3 519 1 1
0 12 519 1 1
0 4 519 1 1
0 5 519 1 1
0 8 519 1 1
0 6 519 1 1
0 9 519 1 1
0 7 519 1 1
0 10 519 1 1
0 11 519 1 1
0 1 519 1 1
0 8 525 1 1
0 5 528 1 1
0 9 524 1 1
0 4 529 1 1
0 10 523 1 1
0 12 521 1 1
0 13 520 1 1
0 1 519 1 1
0 7 526 1 1
0 6 527 1 1
0 2 518 1 1
0 11 522 1 1
0 7 528 1 1
0 8 529 1 1
0 2 523 1 1
0 5 526 1 1
0 3 524 1 1
0 4 525 1 1
0 10 518 1 1
0 12 520 1 1
0 6 527 1 1
0 11 519 1 1
0 1 522 1 1
0 14 521 1 1
0 10 522 1 1
0 7 522 1 1
0 9 522 1 1
0 6 522 1 1
0 8 522 1 1
0 5 522 1 1
0 4 522 1 1
0 12 522 1 1
0 3 522 1 1
0 2 522 1 1
0 1 522 1 1
0 11 522 1 1
0 7 529 1 1
0 2 521 1 1
0 8 528 1 1
0 12 524 1 1
0 9 527 1 1
0 4 519 1 1
0 10 526 1 1
0 13 523 1 1
0 5 518 1 1
0 3 520 1 1
0 11 525 1 1
0 1 522 1 1
0 4 528 1 1
0 2 526 1 1
0 5 529 1 1
0 1 525 1 1
0 9 520 1 1
0 10 521 1 1
0 3 527 1 1
0 12 523 1 1
0 7 518 1 1
0 8 519 1 1
0 11 522 1 1
0 14 524 1 1
0 3 303 1 1
0 5 305 1 1
0 6 306 1 1
0 10 310 1 1
0 11 311 1 1
0 14 300 1 1
0 4 304 1 1
0 7 307 1 1
0 9 309 1 1
0 8 308 1 1
0 2 302 1 1
0 1 301 1 1
0 2 301 1 1
0 3 301 1 1
0 12 301 1 1
0 4 301 1 1
0 5 301 1 1
0 8 301 1 1
0 6 301 1 1
0 9 301 1 1
0 7 301 1 1
0 10 301 1 1
0 11 301 1 1
0 1 301 1 1
0 8 307 1 1
0 5 310 1 1
0 9 306 1 1
0 4 311 1 1
0 10 305 1 1
0 12 303 1 1
0 13 302 1 1
0 1 301 1 1
0 7 308 1 1
0 6 309 1 1
0 2 300 1 1
0 11 304 1 1
0 7 310 1 1
0 8 311 1 1
0 2 305 1 1
0 5 308 1 1
0 3 306 1 1
0 4 307 1 1
0 10 300 1 1
0 12 302 1 1
0 6 309 1 1
0 11 301 1 1
0 1 304 1 1
0 14 303 1 1
0 3 383 1 1
0 5 385 1 1
0 6 386 1 1
0 10 390 1 1
0 11 391 1 1
0 14 380 1 1
0 4 384 1 1
0 7 387 1 1
0 9 389 1 1
0 8 388 1 1
0 2 382 1 1
0 1 381 1 1
0 2 381 1 1
0 3 381 1 1
0 12 381 1 1
0 4 381 1 1
0 5 381 1 1
0 8 381 1 1
0 6 381 1 1
0 9 381 1 1
0 7 381 1 1
0 10 381 1 1
0 11 381 1 1
0 1 381 1 1
0 8 387 1 1
0 5 390 1 1
0 9 386 1 1
0 4 391 1 1
0 10 385 1 1
0 12 383 1 1
0 13 382 1 1
0 1 381 1 1
0 7 388 1 1
0 6 389 1 1
0 2 380 1 1
0 11 384 1 1
0 7 390 1 1
0 8 391 1 1
0 2 385 1 1
0 5 388 1 1
0 3 386 1 1
0 4 387 1 1
0 10 380 1 1
0 12 382 1 1
0 6 389 1 1
0 11 381 1 1
0 1 384 1 1
0 14 383 1 1
0 10 384 1 1
0 7 384 1 1
0 9 384 1 1
0 6 384 1 1
0 8 384 1 1
0 5 384 1 1
0 4 384 1 1
0 12 384 1 1
0 3 384 1 1
0 2 384 1 1
0 1 384 1 1
0 11 384 1 1
0 3 696 1 1
0 5 698 1 1
0 6 699 1 1
0 10 703 1 1
0 11 704 1 1
0 14 693 1 1
0 4 697 1 1
0 7 700 1 1
0 9 702 1 1
0 8 701 1 1
0 2 695 1 1
0 1 694 1 1
0 2 694 1 1
0 3 694 1 1
0 12 694 1 1
0 4 694 1 1
0 5 694 1 1
0 8 694 1 1
0 6 694 1 1
0 9 694 1 1
0 7 694 1 1
0 10 694 1 1
0 11 694 1 1
0 1 694 1 1
0 8 700 1 1
0 5 703 1 1
0 9 699 1 1
0 4 704 1 1
0 10 698 1 1
0 12 696 1 1
0 13 695 1 1
0 1 694 1 1
0 7 701 1 1
0 6 702 1 1
0 2 693 1 1
0 11 697 1 1
0 7 703 1 1
0 8 704 1 1
0 2 698 1 1
0 5 701 1 1
0 3 699 1 1
0 4 700 1 1
0 10 693 1 1
0 12 695 1 1
0 6 702 1 1
0 11 694 1 1
0 1 697 1 1
0 14 696 1 1
0 10 697 1 1
0 7 697 1 1
0 9 697 1 1
0 6 697 1 1
0 8 697 1 1
0 5 697 1 1
0 4 697 1 1
0 12 697 1 1
0 3 697 1 1
0 2 697 1 1
0 1 697 1 1
0 11 697 1 1
0 7 704 1 1
0 2 696 1 1
0 8 703 1 1
0 12 699 1 1
0 9 702 1 1
0 4 694 1 1
0 10 701 1 1
0 13 698 1 1
0 5 693 1 1
0 3 695 1 1
0 11 700 1 1
0 1 697 1 1
0 4 703 1 1
0 2 701 1 1
0 5 704 1 1
0 1 700 1 1
0 9 695 1 1
0 10 696 1 1
0 3 702 1 1
0 12 698 1 1
0 7 693 1 1
0 8 694 1 1
0 11 697 1 1
0 14 699 1 1
0 3 700 1 1
0 1 700 1 1
0 12 700 1 1
0 6 700 1 1
0 7 700 1 1
0 4 700 1 1
0 5 700 1 1
0 10 700 1 1
0 11 700 1 1
0 8 700 1 1
0 2 700 1 1
0 9 700 1 1
0 10 704 1 1
0 6 695 1 1
0 11 703 1 1
0 13 701 1 1
0 1 700 1 1
0 4 697 1 1
0 2 699 1 1
0 3 698 1 1
0 7 694 1 1
0 8 693 1 1
0 12 702 1 1
0 5 696 1 1
0 3 393 1 1
0 5 395 1 1
0 6 396 1 1
0 10 400 1 1
0 11 401 1 1
0 14 390 1 1
0 4 394 1 1
0 7 397 1 1
0 9 399 1 1
0 8 398 1 1
0 2 392 1 1
0 1 391 1 1
0 2 391 1 1
0 3 391 1 1
0 12 391 1 1
0 4 391 1 1
0 5 391 1 1
0 8 391 1 1
0 6 391 1 1
0 9 391 1 1
0 7 391 1 1
0 10 391 1 1
0 11 391 1 1
0 1 391 1 1
0 8 397 1 1
0 5 400 1 1
0 9 396 1 1
0 4 401 1 1
0 10 395 1 1
0 12 393 1 1
0 13 392 1 1
0 1 391 1 1
0 7 398 1 1
0 6 399 1 1
0 2 390 1 1
0 11 394 1 1
0 7 400 1 1
0 8 401 1 1
0 2 395 1 1
0 5 398 1 1
0 3 396 1 1
0 4 397 1 1
0 10 390 1 1
0 12 392 1 1
0 6 399 1 1
0 11 391 1 1
0 1 394 1 1
0 14 393 1 1
0 10 394 1 1
0 7 394 1 1
0 9 394 1 1
0 6 394 1 1
0 8 394 1 1
0 5 394 1 1
0 4 394 1 1
0 12 394 1 1
0 3 394 1 1
0 2 394 1 1
0 1 394 1 1
0 11 394 1 1
0 3 161 1 1
0 5 163 1 1
0 6 164 1 1
0 10 168 1 1
0 11 169 1 1
0 14 158 1 1
0 4 162 1 1
0 7 165 1 1
0 9 167 1 1
0 8 166 1 1
0 2 160 1 1
0 1 159 1 1
0 2 159 1 1
0 3 159 1 1
0 12 159 1 1
0 4 159 1 1
0 5 159 1 1
0 8 159 1 1
0 6 159 1 1
0 9 159 1 1
0 7 159 1 1
0 10 159 1 1
0 11 159 1 1
0 1 159 1 1
0 3 403 1 1
0 5 405 1 1
0 6 406 1 1
0 10 410 1 1
0 11 411 1 1
0 14 400 1 1
0 4 404 1 1
0 7 407 1 1
0 9 409 1 1
0 8 408 1 1
0 2 402 1 1
0 1 401 1 1
0 2 401 1 1
0 3 401 1 1
0 12 401 1 1
0 4 401 1 1
0 5 401 1 1
0 8 401 1 1
0 6 401 1 1
0 9 401 1 1
0 7 401 1 1
0 10 401 1 1
0 11 401 1 1
0 1 401 1 1
0 8 407 1 1
0 5 410 1 1
0 9 406 1 1
0 4 411 1 1
0 10 405 1 1
0 12 403 1 1
0 13 402 1 1
0 1 401 1 1
0 7 408 1 1
0 6 409 1 1
0 2 400 1 1
0 11 404 1 1
0 7 410 1 1
0 8 411 1 1
0 2 405 1 1
0 5 408 1 1
0 3 406 1 1
0 4 407 1 1
0 10 400 1 1
0 12 402 1 1
0 6 409 1 1
0 11 401 1 1
0 1 404 1 1
0 14 403 1 1
0 10 404 1 1
0 7 404 1 1
0 9 404 1 1
0 6 404 1 1
0 8 404 1 1
0 5 404 1 1
0 4 404 1 1
0 12 404 1 1
0 3 404 1 1
0 2 404 1 1
0 1 404 1 1
0 11 404 1 1
0 3 732 1 1
0 5 734 1 1
0 6 735 1 1
0 10 739 1 1
0 11 740 1 1
0 14 729 1 1
0 4 733 1 1
0 7 736 1 1
0 9 738 1 1
0 8 737 1 1
0 2 731 1 1
0 1 730 1 1
0 2 730 1 1
0 3 730 1 1
0 12 730 1 1
0 4 730 1 1
0 5 730 1 1
0 8 730 1 1
0 6 730 1 1
0 9 730 1 1
0 7 730 1 1
0 10 730 1 1
0 11 730 1 1
0 1 730 1 1
0 8 736 1 1
0 5 739 1 1
0 9 735 1 1
0 4 740 1 1
0 10 734 1 1
0 12 732 1 1
0 13 731 1 1
0 1 730 1 1
0 7 737 1 1
0 6 738 1 1
0 2 729 1 1
0 11 733 1 1
0 7 739 1 1
0 8 740 1 1
0 2 734 1 1
0 5 737 1 1
0 3 735 1 1
0 4 736 1 1
0 10 729 1 1
0 12 731 1 1
0 6 738 1 1
0 11 730 1 1
0 1 733 1 1
0 14 732 1 1
0 10 733 1 1
0 7 733 1 1
0 9 733 1 1
0 6 733 1 1
0 8 733 1 1
0 5 733 1 1
0 4 733 1 1
0 12 733 1 1
0 3 733 1 1
0 2 733 1 1
0 1 733 1 1
0 11 733 1 1
0 7 740 1 1
0 2 732 1 1
0 8 739 1 1
0 12 735 1 1
0 9 738 1 1
0 4 730 1 1
0 10 737 1 1
0 13 734 1 1
0 5 729 1 1
0 3 731 1 1
0 11 736 1 1
0 1 733 1 1
0 4 739 1 1
0 2 737 1 1
0 5 740 1 1
0 1 736 1 1
0 9 731 1 1
0 10 732 1 1
0 3 738 1 1
0 12 734 1 1
0 7 729 1 1
0 8 730 1 1
0 11 733 1 1
0 14 735 1 1
0 3 736 1 1
0 1 736 1 1
0 12 736 1 1
0 6 736 1 1
0 7 736 1 1
0 4 736 1 1
0 5 736 1 1
0 10 736 1 1
0 11 736 1 1
0 8 736 1 1
0 2 736 1 1
0 9 736 1 1
0 10 740 1 1
0 6 731 1 1
0 11 739 1 1
0 13 737 1 1
0 1 736 1 1
0 4 733 1 1
0 2 735 1 1
0 3 734 1 1
0 7 730 1 1
0 8 729 1 1
0 12 738 1 1
0 5 732 1 1
0 3 577 1 1
0 5 579 1 1
0 6 580 1 1
0 10 584 1 1
0 11 585 1 1
0 14 574 1 1
0 4 578 1 1
0 7 581 1 1
0 9 583 1 1
0 8 582 1 1
0 2 576 1 1
0 1 575 1 1
0 2 575 1 1
0 3 575 1 1
0 12 575 1 1
0 4 575 1 1
0 5 575 1 1
0 8 575 1 1
0 6 575 1 1
0 9 575 1 1
0 7 575 1 1
0 10 575 1 1
0 11 575 1 1
0 1 575 1 1
0 8 581 1 1
0 5 584 1 1
0 9 580 1 1
0 4 585 1 1
0 10 579 1 1
0 12 577 1 1
0 13 576 1 1
0 1 575 1 1
0 7 582 1 1
0 6 583 1 1
0 2 574 1 1
0 11 578 1 1
0 7 584 1 1
0 8 585 1 1
0 2 579 1 1
0 5 582 1 1
0 3 580 1 1
0 4 581 1 1
0 10 574 1 1
0 12 576 1 1
0 6 583 1 1
0 11 575 1 1
0 1 578 1 1
0 14 577 1 1
0 10 578 1 1
0 7 578 1 1
0 9 578 1 1
0 6 578 1 1
0 8 578 1 1
0 5 578 1 1
0 4 578 1 1
0 12 578 1 1
0 3 578 1 1
0 2 578 1 1
0 1 578 1 1
0 11 578 1 1
0 7 585 1 1
0 2 577 1 1
0 8 584 1 1
0 12 580 1 1
0 9 583 1 1
0 4 575 1 1
0 10 582 1 1
0 13 579 1 1
0 5 574 1 1
0 3 576 1 1
0 11 581 1 1
0 1 578 1 1
0 4 584 1 1
0 2 582 1 1
0 5 585 1 1
0 1 581 1 1
0 9 576 1 1
0 10 577 1 1
0 3 583 1 1
0 12 579 1 1
0 7 574 1 1
0 8 575 1 1
0 11 578 1 1
0 14 580 1 1
0 3 418 1 1
0 5 420 1 1
0 6 421 1 1
0 10 425 1 1
0 11 426 1 1
0 14 415 1 1
0 4 419 1 1
0 7 422 1 1
0 9 424 1 1
0 8 423 1 1
0 2 417 1 1
0 1 416 1 1
0 2 416 1 1
0 3 416 1 1
0 12 416 1 1
0 4 416 1 1
0 5 416 1 1
0 8 416 1 1
0 6 416 1 1
0 9 416 1 1
0 7 416 1 1
0 10 416 1 1
0 11 416 1 1
0 1 416 1 1
0 8 422 1 1
0 5 425 1 1
0 9 421 1 1
0 4 426 1 1
0 10 420 1 1
0 12 418 1 1
0 13 417 1 1
0 1 416 1 1
0 7 423 1 1
0 6 424 1 1
0 2 415 1 1
0 11 419 1 1
0 7 425 1 1
0 8 426 1 1
0 2 420 1 1
0 5 423 1 1
0 3 421 1 1
0 4 422 1 1
0 10 415 1 1
0 12 417 1 1
0 6 424 1 1
0 11 416 1 1
0 1 419 1 1
0 14 418 1 1
0 10 419 1 1
0 7 419 1 1
0 9 419 1 1
0 6 419 1 1
0 8 419 1 1
0 5 419 1 1
0 4 419 1 1
0 12 419 1 1
0 3 419 1 1
0 2 419 1 1
0 1 419 1 1
0 11 419 1 1
0 3 759 1 1
0 5 761 1 1
0 6 762 1 1
0 10 766 1 1
0 11 767 1 1
0 14 756 1 1
0 4 760 1 1
0 7 763 1 1
0 9 765 1 1
0 8 764 1 1
0 2 758 1 1
0 1 757 1 1
0 2 757 1 1
0 3 757 1 1
0 12 757 1 1
0 4 757 1 1
0 5 757 1 1
0 8 757 1 1
0 6 757 1 1
0 9 757 1 1
0 7 757 1 1
0 10 757 1 1
0 11 757 1 1
0 1 757 1 1
0 8 763 1 1
0 5 766 1 1
0 9 762 1 1
0 4 767 1 1
0 10 761 1 1
0 12 759 1 1
0 13 758 1 1
0 1 757 1 1
0 7 764 1 1
0 6 765 1 1
0 2 756 1 1
0 11 760 1 1
0 7 766 1 1
0 8 767 1 1
0 2 761 1 1
0 5 764 1 1
0 3 762 1 1
0 4 763 1 1
0 10 756 1 1
0 12 758 1 1
0 6 765 1 1
0 11 757 1 1
0 1 760 1 1
0 14 759 1 1
0 10 760 1 1
0 7 760 1 1
0 9 760 1 1
0 6 760 1 1
0 8 760 1 1
0 5 760 1 1
0 4 760 1 1
0 12 760 1 1
0 3 760 1 1
0 2 760 1 1
0 1 760 1 1
0 11 760 1 1
0 7 767 1 1
0 2 759 1 1
0 8 766 1 1
0 12 762 1 1
0 9 765 1 1
0 4 757 1 1
0 10 764 1 1
0 13 761 1 1
0 5 756 1 1
0 3 758 1 1
0 11 763 1 1
0 1 760 1 1
0 4 766 1 1
0 2 764 1 1
0 5 767 1 1
0 1 763 1 1
0 9 758 1 1
0 10 759 1 1
0 3 765 1 1
0 12 761 1 1
0 7 756 1 1
0 8 757 1 1
0 11 760 1 1
0 14 762 1 1
0 3 763 1 1
0 1 763 1 1
0 12 763 1 1
0 6 763 1 1
0 7 763 1 1
0 4 763 1 1
0 5 763 1 1
0 10 763 1 1
0 11 763 1 1
0 8 763 1 1
0 2 763 1 1
0 9 763 1 1
0 10 767 1 1
0 6 758 1 1
0 11 766 1 1
0 13 764 1 1
0 1 763 1 1
0 4 760 1 1
0 2 762 1 1
0 3 761 1 1
0 7 757 1 1
0 8 756 1 1
0 12 765 1 1
0 5 759 1 1
0 3 258 1 1
0 5 260 1 1
0 6 261 1 1
0 10 265 1 1
0 11 266 1 1
0 14 255 1 1
0 4 259 1 1
0 7 262 1 1
0 9 264 1 1
0 8 263 1 1
0 2 257 1 1
0 1 256 1 1
0 2 256 1 1
0 3 256 1 1
0 12 256 1 1
0 4 256 1 1
0 5 256 1 1
0 8 256 1 1
0 6 256 1 1
0 9 256 1 1
0 7 256 1 1
0 10 256 1 1
0 11 256 1 1
0 1 256 1 1
0 8 262 1 1
0 5 265 1 1
0 9 261 1 1
0 4 266 1 1
0 10 260 1 1
0 12 258 1 1
0 13 257 1 1
0 1 256 1 1
0 7 263 1 1
0 6 264 1 1
0 2 255 1 1
0 11 259 1 1
0 3 433 1 1
0 5 435 1 1
0 6 436 1 1
0 10 440 1 1
0 11 441 1 1
0 14 430 1 1
0 4 434 1 1
0 7 437 1 1
0 9 439 1 1
0 8 438 1 1
0 2 432 1 1
0 1 431 1 1
0 2 431 1 1
0 3 431 1 1
0 12 431 1 1
0 4 431 1 1
0 5 431 1 1
0 8 431 1 1
0 6 431 1 1
0 9 431 1 1
0 7 431 1 1
0 10 431 1 1
0 11 431 1 1
0 1 431 1 1
0 8 437 1 1
0 5 440 1 1
0 9 436 1 1
0 4 441 1 1
0 10 435 1 1
0 12 433 1 1
0 13 432 1 1
0 1 431 1 1
0 7 438 1 1
0 6 439 1 1
0 2 430 1 1
0 11 434 1 1
0 7 440 1 1
0 8 441 1 1
0 2 435 1 1
0 5 438 1 1
0 3 436 1 1
0 4 437 1 1
0 10 430 1 1
0 12 432 1 1
0 6 439 1 1
0 11 431 1 1
0 1 434 1 1
0 14 433 1 1
0 10 434 1 1
0 7 434 1 1
0 9 434 1 1
0 6 434 1 1
0 8 434 1 1
0 5 434 1 1
0 4 434 1 1
0 12 434 1 1
0 3 434 1 1
0 2 434 1 1
0 1 434 1 1
0 11 434 1 1
0 3 786 1 1
0 5 788 1 1
0 6 789 1 1
0 10 793 1 1
0 11 794 1 1
0 14 783 1 1
0 4 787 1 1
0 7 790 1 1
0 9 792 1 1
0 8 791 1 1
0 2 785 1 1
0 1 784 1 1
0 2 784 1 1
0 3 784 1 1
0 12 784 1 1
0 4 784 1 1
0 5 784 1 1
0 8 784 1 1
0 6 784 1 1
0 9 784 1 1
0 7 784 1 1
0 10 784 1 1
0 11 784 1 1
0 1 784 1 1
0 8 790 1 1
0 5 793 1 1
0 9 789 1 1
0 4 794 1 1
0 10 788 1 1
0 12 786 1 1
0 13 785 1 1
0 1 784 1 1
0 7 791 1 1
0 6 792 1 1
0 2 783 1 1
0 11 787 1 1
0 7 793 1 1
0 8 794 1 1
0 2 788 1 1
0 5 791 1 1
0 3 789 1 1
0 4 790 1 1
0 10 783 1 1
0 12 785 1 1
0 6 792 1 1
0 11 784 1 1
0 1 787 1 1
0 14 786 1 1
0 10 787 1 1
0 7 787 1 1
0 9 787 1 1
0 6 787 1 1
0 8 787 1 1
0 5 787 1 1
0 4 787 1 1
0 12 787 1 1
0 3 787 1 1
0 2 787 1 1
0 1 787 1 1
0 11 787 1 1
0 7 794 1 1
0 2 786 1 1
0 8 793 1 1
0 12 789 1 1
0 9 792 1 1
0 4 784 1 1
0 10 791 1 1
0 13 788 1 1
0 5 783 1 1
0 3 785 1 1
0 11 790 1 1
0 1 787 1 1
0 4 793 1 1
0 2 791 1 1
0 5 794 1 1
0 1 790 1 1
0 9 785 1 1
0 10 786 1 1
0 3 792 1 1
0 12 788 1 1
0 7 783 1 1
0 8 784 1 1
0 11 787 1 1
0 14 789 1 1
0 3 790 1 1
0 1 790 1 1
0 12 790 1 1
0 6 790 1 1
0 7 790 1 1
0 4 790 1 1
0 5 790 1 1
0 10 790 1 1
0 11 790 1 1
0 8 790 1 1
0 2 790 1 1
0 9 790 1 1
0 10 794 1 1
0 6 785 1 1
0 11 793 1 1
0 13 791 1 1
0 1 790 1 1
0 4 787 1 1
0 2 789 1 1
0 3 788 1 1
0 7 784 1 1
0 8 783 1 1
0 12 792 1 1
0 5 786 1 1
0 3 619 1 1
0 5 621 1 1
0 6 622 1 1
0 10 626 1 1
0 11 627 1 1
0 14 616 1 1
0 4 620 1 1
0 7 623 1 1
0 9 625 1 1
0 8 624 1 1
0 2 618 1 1
0 1 617 1 1
0 2 617 1 1
0 3 617 1 1
0 12 617 1 1
0 4 617 1 1
0 5 617 1 1
0 8 617 1 1
0 6 617 1 1
0 9 617 1 1
0 7 617 1 1
0 10 617 1 1
0 11 617 1 1
0 1 617 1 1
0 8 623 1 1
0 5 626 1 1
0 9 622 1 1
0 4 627 1 1
0 10 621 1 1
0 12 619 1 1
0 13 618 1 1
0 1 617 1 1
0 7 624 1 1
0 6 625 1 1
0 2 616 1 1
0 11 620 1 1
0 7 626 1 1
0 8 627 1 1
0 2 621 1 1
0 5 624 1 1
0 3 622 1 1
0 4 623 1 1
0 10 616 1 1
0 12 618 1 1
0 6 625 1 1
0 11 617 1 1
0 1 620 1 1
0 14 619 1 1
0 10 620 1 1
0 7 620 1 1
0 9 620 1 1
0 6 620 1 1
0 8 620 1 1
0 5 620 1 1
0 4 620 1 1
0 12 620 1 1
0 3 620 1 1
0 2 620 1 1
0 1 620 1 1
0 11 620 1 1
0 7 627 1 1
0 2 619 1 1
0 8 626 1 1
0 12 622 1 1
0 9 625 1 1
0 4 617 1 1
0 10 624 1 1
0 13 621 1 1
0 5 616 1 1
0 3 618 1 1
0 11 623 1 1
0 1 620 1 1
0 4 626 1 1
0 2 624 1 1
0 5 627 1 1
0 1 623 1 1
0 9 618 1 1
0 10 619 1 1
0 3 625 1 1
0 12 621 1 1
0 7 616 1 1
0 8 617 1 1
0 11 620 1 1
0 14 622 1 1
0 3 92 1 1
0 5 94 1 1
0 6 95 1 1
0 10 99 1 1
0 11 100 1 1
0 14 89 1 1
0 4 93 1 1
0 7 96 1 1
0 9 98 1 1
0 8 97 1 1
0 2 91 1 1
0 1 90 1 1
0 3 93 1 1
0 5 95 1 1
0 6 96 1 1
0 10 100 1 1
0 11 101 1 1
0 14 90 1 1
0 4 94 1 1
0 7 97 1 1
0 9 99 1 1
0 8 98 1 1
0 2 92 1 1
0 1 91 1 1
0 3 367 1 1
0 5 369 1 1
0 6 370 1 1
0 10 374 1 1
0 11 375 1 1
0 14 364 1 1
0 4 368 1 1
0 7 371 1 1
0 9 373 1 1
0 8 372 1 1
0 2 366 1 1
0 1 365 1 1
0 2 365 1 1
0 3 365 1 1
0 12 365 1 1
0 4 365 1 1
0 5 365 1 1
0 8 365 1 1
0 6 365 1 1
0 9 365 1 1
0 7 365 1 1
0 10 365 1 1
0 11 365 1 1
0 1 365 1 1
0 8 371 1 1
0 5 374 1 1
0 9 370 1 1
0 4 375 1 1
0 10 369 1 1
0 12 367 1 1
0 13 366 1 1
0 1 365 1 1
0 7 372 1 1
0 6 373 1 1
0 2 364 1 1
0 11 368 1 1
0 7 374 1 1
0 8 375 1 1
0 2 369 1 1
0 5 372 1 1
0 3 370 1 1
0 4 371 1 1
0 10 364 1 1
0 12 366 1 1
0 6 373 1 1
0 11 365 1 1
0 1 368 1 1
0 14 367 1 1
0 3 463 1 1
0 5 465 1 1
0 6 466 1 1
0 10 470 1 1
0 11 471 1 1
0 14 460 1 1
0 4 464 1 1
0 7 467 1 1
0 9 469 1 1
0 8 468 1 1
0 2 462 1 1
0 1 461 1 1
0 2 461 1 1
0 3 461 1 1
0 12 461 1 1
0 4 461 1 1
0 5 461 1 1
0 8 461 1 1
0 6 461 1 1
0 9 461 1 1
0 7 461 1 1
0 10 461 1 1
0 11 461 1 1
0 1 461 1 1
0 8 467 1 1
0 5 470 1 1
0 9 466 1 1
0 4 471 1 1
0 10 465 1 1
0 12 463 1 1
0 13 462 1 1
0 1 461 1 1
0 7 468 1 1
0 6 469 1 1
0 2 460 1 1
0 11 464 1 1
0 7 470 1 1
0 8 471 1 1
0 2 465 1 1
0 5 468 1 1
0 3 466 1 1
0 4 467 1 1
0 10 460 1 1
0 12 462 1 1
0 6 469 1 1
0 11 461 1 1
0 1 464 1 1
0 14 463 1 1
0 10 464 1 1
0 7 464 1 1
0 9 464 1 1
0 6 464 1 1
0 8 464 1 1
0 5 464 1 1
0 4 464 1 1
0 12 464 1 1
0 3 464 1 1
0 2 464 1 1
0 1 464 1 1
0 11 464 1 1
0 3 375 1 1
0 5 377 1 1
0 6 378 1 1
0 10 382 1 1
0 11 383 1 1
0 14 372 1 1
0 4 376 1 1
0 7 379 1 1
0 9 381 1 1
0 8 380 1 1
0 2 374 1 1
0 1 373 1 1
0 2 373 1 1
0 3 373 1 1
0 12 373 1 1
0 4 373 1 1
0 5 373 1 1
0 8 373 1 1
0 6 373 1 1
0 9 373 1 1
0 7 373 1 1
0 10 373 1 1
0 11 373 1 1
0 1 373 1 1
0 8 379 1 1
0 5 382 1 1
0 9 378 1 1
0 4 383 1 1
0 10 377 1 1
0 12 375 1 1
0 13 374 1 1
0 1 373 1 1
0 7 380 1 1
0 6 381 1 1
0 2 372 1 1
0 11 376 1 1
0 7 382 1 1
0 8 383 1 1
0 2 377 1 1
0 5 380 1 1
0 3 378 1 1
0 4 379 1 1
0 10 372 1 1
0 12 374 1 1
0 6 381 1 1
0 11 373 1 1
0 1 376 1 1
0 14 375 1 1
0 3 97 1 1
0 5 99 1 1
0 6 100 1 1
0 10 104 1 1
0 11 105 1 1
0 14 94 1 1
0 4 98 1 1
0 7 101 1 1
0 9 103 1 1
0 8 102 1 1
0 2 96 1 1
0 1 95 1 1
0 3 668 1 1
0 5 670 1 1
0 6 671 1 1
0 10 675 1 1
0 11 676 1 1
0 14 665 1 1
0 4 669 1 1
0 7 672 1 1
0 9 674 1 1
0 8 673 1 1
0 2 667 1 1
0 1 666 1 1
0 2 666 1 1
0 3 666 1 1
0 12 666 1 1
0 4 666 1 1
0 5 666 1 1
0 8 666 1 1
0 6 666 1 1
0 9 666 1 1
0 7 666 1 1
0 10 666 1 1
0 11 666 1 1
0 1 666 1 1
0 8 672 1 1
0 5 675 1 1
0 9 671 1 1
0 4 676 1 1
0 10 670 1 1
0 12 668 1 1
0 13 667 1 1
0 1 666 1 1
0 7 673 1 1
0 6 674 1 1
0 2 665 1 1
0 11 669 1 1
0 7 675 1 1
0 8 676 1 1
0 2 670 1 1
0 5 673 1 1
0 3 671 1 1
0 4 672 1 1
0 10 665 1 1
0 12 667 1 1
0 6 674 1 1
0 11 666 1 1
0 1 669 1 1
0 14 668 1 1
0 10 669 1 1
0 7 669 1 1
0 9 669 1 1
0 6 669 1 1
0 8 669 1 1
0 5 669 1 1
0 4 669 1 1
0 12 669 1 1
0 3 669 1 1
0 2 669 1 1
0 1 669 1 1
0 11 669 1 1
0 7 676 1 1
0 2 668 1 1
0 8 675 1 1
0 12 671 1 1
0 9 674 1 1
0 4 666 1 1
0 10 673 1 1
0 13 670 1 1
0 5 665 1 1
0 3 667 1 1
0 11 672 1 1
0 1 669 1 1
0 4 675 1 1
0 2 673 1 1
0 5 676 1 1
0 1 672 1 1
0 9 667 1 1
0 10 668 1 1
0 3 674 1 1
0 12 670 1 1
0 7 665 1 1
0 8 666 1 1
0 11 669 1 1
0 14 671 1 1
0 3 291 1 1
0 5 293 1 1
0 6 294 1 1
0 10 298 1 1
0 11 299 1 1
0 14 288 1 1
0 4 292 1 1
0 7 295 1 1
0 9 297 1 1
0 8 296 1 1
0 2 290 1 1
0 1 289 1 1
0 2 289 1 1
0 3 289 1 1
0 12 289 1 1
0 4 289 1 1
0 5 289 1 1
0 8 289 1 1
0 6 289 1 1
0 9 289 1 1
0 7 289 1 1
0 10 289 1 1
0 11 289 1 1
0 1 289 1 1
0 8 295 1 1
0 5 298 1 1
0 9 294 1 1
0 4 299 1 1
0 10 293 1 1
0 12 291 1 1
0 13 290 1 1
0 1 289 1 1
0 7 296 1 1
0 6 297 1 1
0 2 288 1 1
0 11 292 1 1
0 3 488 1 1
0 5 490 1 1
0 6 491 1 1
0 10 495 1 1
0 11 496 1 1
0 14 485 1 1
0 4 489 1 1
0 7 492 1 1
0 9 494 1 1
0 8 493 1 1
0 2 487 1 1
0 1 486 1 1
0 2 486 1 1
0 3 486 1 1
0 12 486 1 1
0 4 486 1 1
0 5 486 1 1
0 8 486 1 1
0 6 486 1 1
0 9 486 1 1
0 7 486 1 1
0 10 486 1 1
0 11 486 1 1
0 1 486 1 1
0 8 492 1 1
0 5 495 1 1
0 9 491 1 1
0 4 496 1 1
0 10 490 1 1
0 12 488 1 1
0 13 487 1 1
0 1 486 1 1
0 7 493 1 1
0 6 494 1 1
0 2 485 1 1
0 11 489 1 1
0 7 495 1 1
0 8 496 1 1
0 2 490 1 1
0 5 493 1 1
0 3 491 1 1
0 4 492 1 1
0 10 485 1 1
0 12 487 1 1
0 6 494 1 1
0 11 486 1 1
0 1 489 1 1
0 14 488 1 1
0 10 489 1 1
0 7 489 1 1
0 9 489 1 1
0 6 489 1 1
0 8 489 1 1
0 5 489 1 1
0 4 489 1 1
0 12 489 1 1
0 3 489 1 1
0 2 489 1 1
0 1 489 1 1
0 11 489 1 1
0 3 493 1 1
0 5 495 1 1
0 6 496 1 1
0 10 500 1 1
0 11 501 1 1
0 14 490 1 1
0 4 494 1 1
0 7 497 1 1
0 9 499 1 1
0 8 498 1 1
0 2 492 1 1
0 1 491 1 1
0 2 491 1 1
0 3 491 1 1
0 12 491 1 1
0 4 491 1 1
0 5 491 1 1
0 8 491 1 1
0 6 491 1 1
0 9 491 1 1
0 7 491 1 1
0 10 491 1 1
0 11 491 1 1
0 1 491 1 1
0 8 497 1 1
0 5 500 1 1
0 9 496 1 1
0 4 501 1 1
0 10 495 1 1
0 12 493 1 1
0 13 492 1 1
0 1 491 1 1
0 7 498 1 1
0 6 499 1 1
0 2 490 1 1
0 11 494 1 1
0 7 500 1 1
0 8 501 1 1
0 2 495 1 1
0 5 498 1 1
0 3 496 1 1
0 4 497 1 1
0 10 490 1 1
0 12 492 1 1
0 6 499 1 1
0 11 491 1 1
0 1 494 1 1
0 14 493 1 1
0 10 494 1 1
0 7 494 1 1
0 9 494 1 1
0 6 494 1 1
0 8 494 1 1
0 5 494 1 1
0 4 494 1 1
0 12 494 1 1
0 3 494 1 1
0 2 494 1 1
0 1 494 1 1
0 11 494 1 1
0 3 894 1 1
0 5 896 1 1
0 6 897 1 1
0 10 901 1 1
0 11 902 1 1
0 14 891 1 1
0 4 895 1 1
0 7 898 1 1
0 9 900 1 1
0 8 899 1 1
0 2 893 1 1
0 1 892 1 1
0 2 892 1 1
0 3 892 1 1
0 12 892 1 1
0 4 892 1 1
0 5 892 1 1
0 8 892 1 1
0 6 892 1 1
0 9 892 1 1
0 7 892 1 1
0 10 892 1 1
0 11 892 1 1
0 1 892 1 1
0 8 898 1 1
0 5 901 1 1
0 9 897 1 1
0 4 902 1 1
0 10 896 1 1
0 12 894 1 1
0 13 893 1 1
0 1 892 1 1
0 7 899 1 1
0 6 900 1 1
0 2 891 1 1
0 11 895 1 1
0 7 901 1 1
0 8 902 1 1
0 2 896 1 1
0 5 899 1 1
0 3 897 1 1
0 4 898 1 1
0 10 891 1 1
0 12 893 1 1
0 6 900 1 1
0 11 892 1 1
0 1 895 1 1
0 14 894 1 1
0 10 895 1 1
0 7 895 1 1
0 9 895 1 1
0 6 895 1 1
0 8 895 1 1
0 5 895 1 1
0 4 895 1 1
0 12 895 1 1
0 3 895 1 1
0 2 895 1 1
0 1 895 1 1
0 11 895 1 1
0 7 902 1 1
0 2 894 1 1
0 8 901 1 1
0 12 897 1 1
0 9 900 1 1
0 4 892 1 1
0 10 899 1 1
0 13 896 1 1
0 5 891 1 1
0 3 893 1 1
0 11 898 1 1
0 1 895 1 1
0 4 901 1 1
0 2 899 1 1
0 5 902 1 1
0 1 898 1 1
0 9 893 1 1
0 10 894 1 1
0 3 900 1 1
0 12 896 1 1
0 7 891 1 1
0 8 892 1 1
0 11 895 1 1
0 14 897 1 1
0 3 898 1 1
0 1 898 1 1
0 12 898 1 1
0 6 898 1 1
0 7 898 1 1
0 4 898 1 1
0 5 898 1 1
0 10 898 1 1
0 11 898 1 1
0 8 898 1 1
0 2 898 1 1
0 9 898 1 1
0 10 902 1 1
0 6 893 1 1
0 11 901 1 1
0 13 899 1 1
0 1 898 1 1
0 4 895 1 1
0 2 897 1 1
0 3 896 1 1
0 7 892 1 1
0 8 891 1 1
0 12 900 1 1
0 5 894 1 1
